[2025-03-13T09:45:00.846+0000] {processor.py:157} INFO - Started process (PID=78) to work on /home/airflow/.local/lib/python3.7/site-packages/airflow/example_dags/example_sensor_decorator.py
[2025-03-13T09:45:00.847+0000] {processor.py:826} INFO - Processing file /home/airflow/.local/lib/python3.7/site-packages/airflow/example_dags/example_sensor_decorator.py for tasks to queue
[2025-03-13T09:45:00.848+0000] {logging_mixin.py:149} INFO - [2025-03-13T09:45:00.848+0000] {dagbag.py:541} INFO - Filling up the DagBag from /home/airflow/.local/lib/python3.7/site-packages/airflow/example_dags/example_sensor_decorator.py
[2025-03-13T09:45:00.859+0000] {processor.py:836} INFO - DAG(s) dict_keys(['example_sensor_decorator']) retrieved from /home/airflow/.local/lib/python3.7/site-packages/airflow/example_dags/example_sensor_decorator.py
[2025-03-13T09:45:00.890+0000] {logging_mixin.py:149} INFO - [2025-03-13T09:45:00.890+0000] {dag.py:2726} INFO - Sync 1 DAGs
[2025-03-13T09:45:00.916+0000] {logging_mixin.py:149} INFO - [2025-03-13T09:45:00.916+0000] {dag.py:3490} INFO - Setting next_dagrun for example_sensor_decorator to None, run_after=None
[2025-03-13T09:45:00.934+0000] {processor.py:179} INFO - Processing /home/airflow/.local/lib/python3.7/site-packages/airflow/example_dags/example_sensor_decorator.py took 0.093 seconds
[2025-03-13T09:45:32.110+0000] {processor.py:157} INFO - Started process (PID=187) to work on /home/airflow/.local/lib/python3.7/site-packages/airflow/example_dags/example_sensor_decorator.py
[2025-03-13T09:45:32.111+0000] {processor.py:826} INFO - Processing file /home/airflow/.local/lib/python3.7/site-packages/airflow/example_dags/example_sensor_decorator.py for tasks to queue
[2025-03-13T09:45:32.111+0000] {logging_mixin.py:149} INFO - [2025-03-13T09:45:32.111+0000] {dagbag.py:541} INFO - Filling up the DagBag from /home/airflow/.local/lib/python3.7/site-packages/airflow/example_dags/example_sensor_decorator.py
[2025-03-13T09:45:32.118+0000] {processor.py:836} INFO - DAG(s) dict_keys(['example_sensor_decorator']) retrieved from /home/airflow/.local/lib/python3.7/site-packages/airflow/example_dags/example_sensor_decorator.py
[2025-03-13T09:45:32.144+0000] {logging_mixin.py:149} INFO - [2025-03-13T09:45:32.144+0000] {dag.py:2726} INFO - Sync 1 DAGs
[2025-03-13T09:45:32.171+0000] {logging_mixin.py:149} INFO - [2025-03-13T09:45:32.171+0000] {dag.py:3490} INFO - Setting next_dagrun for example_sensor_decorator to None, run_after=None
[2025-03-13T09:45:32.189+0000] {processor.py:179} INFO - Processing /home/airflow/.local/lib/python3.7/site-packages/airflow/example_dags/example_sensor_decorator.py took 0.082 seconds
[2025-03-13T09:46:03.022+0000] {processor.py:157} INFO - Started process (PID=285) to work on /home/airflow/.local/lib/python3.7/site-packages/airflow/example_dags/example_sensor_decorator.py
[2025-03-13T09:46:03.023+0000] {processor.py:826} INFO - Processing file /home/airflow/.local/lib/python3.7/site-packages/airflow/example_dags/example_sensor_decorator.py for tasks to queue
[2025-03-13T09:46:03.023+0000] {logging_mixin.py:149} INFO - [2025-03-13T09:46:03.023+0000] {dagbag.py:541} INFO - Filling up the DagBag from /home/airflow/.local/lib/python3.7/site-packages/airflow/example_dags/example_sensor_decorator.py
[2025-03-13T09:46:03.028+0000] {processor.py:836} INFO - DAG(s) dict_keys(['example_sensor_decorator']) retrieved from /home/airflow/.local/lib/python3.7/site-packages/airflow/example_dags/example_sensor_decorator.py
[2025-03-13T09:46:03.050+0000] {logging_mixin.py:149} INFO - [2025-03-13T09:46:03.050+0000] {dag.py:2726} INFO - Sync 1 DAGs
[2025-03-13T09:46:03.174+0000] {logging_mixin.py:149} INFO - [2025-03-13T09:46:03.174+0000] {dag.py:3490} INFO - Setting next_dagrun for example_sensor_decorator to None, run_after=None
[2025-03-13T09:46:03.193+0000] {processor.py:179} INFO - Processing /home/airflow/.local/lib/python3.7/site-packages/airflow/example_dags/example_sensor_decorator.py took 0.174 seconds
[2025-03-13T09:46:33.852+0000] {processor.py:157} INFO - Started process (PID=376) to work on /home/airflow/.local/lib/python3.7/site-packages/airflow/example_dags/example_sensor_decorator.py
[2025-03-13T09:46:33.854+0000] {processor.py:826} INFO - Processing file /home/airflow/.local/lib/python3.7/site-packages/airflow/example_dags/example_sensor_decorator.py for tasks to queue
[2025-03-13T09:46:33.854+0000] {logging_mixin.py:149} INFO - [2025-03-13T09:46:33.854+0000] {dagbag.py:541} INFO - Filling up the DagBag from /home/airflow/.local/lib/python3.7/site-packages/airflow/example_dags/example_sensor_decorator.py
[2025-03-13T09:46:33.860+0000] {processor.py:836} INFO - DAG(s) dict_keys(['example_sensor_decorator']) retrieved from /home/airflow/.local/lib/python3.7/site-packages/airflow/example_dags/example_sensor_decorator.py
[2025-03-13T09:46:33.883+0000] {logging_mixin.py:149} INFO - [2025-03-13T09:46:33.883+0000] {dag.py:2726} INFO - Sync 1 DAGs
[2025-03-13T09:46:33.906+0000] {logging_mixin.py:149} INFO - [2025-03-13T09:46:33.906+0000] {dag.py:3490} INFO - Setting next_dagrun for example_sensor_decorator to None, run_after=None
[2025-03-13T09:46:33.926+0000] {processor.py:179} INFO - Processing /home/airflow/.local/lib/python3.7/site-packages/airflow/example_dags/example_sensor_decorator.py took 0.077 seconds
[2025-03-13T09:47:05.066+0000] {processor.py:157} INFO - Started process (PID=467) to work on /home/airflow/.local/lib/python3.7/site-packages/airflow/example_dags/example_sensor_decorator.py
[2025-03-13T09:47:05.067+0000] {processor.py:826} INFO - Processing file /home/airflow/.local/lib/python3.7/site-packages/airflow/example_dags/example_sensor_decorator.py for tasks to queue
[2025-03-13T09:47:05.068+0000] {logging_mixin.py:149} INFO - [2025-03-13T09:47:05.067+0000] {dagbag.py:541} INFO - Filling up the DagBag from /home/airflow/.local/lib/python3.7/site-packages/airflow/example_dags/example_sensor_decorator.py
[2025-03-13T09:47:05.073+0000] {processor.py:836} INFO - DAG(s) dict_keys(['example_sensor_decorator']) retrieved from /home/airflow/.local/lib/python3.7/site-packages/airflow/example_dags/example_sensor_decorator.py
[2025-03-13T09:47:05.095+0000] {logging_mixin.py:149} INFO - [2025-03-13T09:47:05.095+0000] {dag.py:2726} INFO - Sync 1 DAGs
[2025-03-13T09:47:05.118+0000] {logging_mixin.py:149} INFO - [2025-03-13T09:47:05.118+0000] {dag.py:3490} INFO - Setting next_dagrun for example_sensor_decorator to None, run_after=None
[2025-03-13T09:47:05.136+0000] {processor.py:179} INFO - Processing /home/airflow/.local/lib/python3.7/site-packages/airflow/example_dags/example_sensor_decorator.py took 0.073 seconds
[2025-03-13T09:47:36.245+0000] {processor.py:157} INFO - Started process (PID=559) to work on /home/airflow/.local/lib/python3.7/site-packages/airflow/example_dags/example_sensor_decorator.py
[2025-03-13T09:47:36.246+0000] {processor.py:826} INFO - Processing file /home/airflow/.local/lib/python3.7/site-packages/airflow/example_dags/example_sensor_decorator.py for tasks to queue
[2025-03-13T09:47:36.247+0000] {logging_mixin.py:149} INFO - [2025-03-13T09:47:36.247+0000] {dagbag.py:541} INFO - Filling up the DagBag from /home/airflow/.local/lib/python3.7/site-packages/airflow/example_dags/example_sensor_decorator.py
[2025-03-13T09:47:36.252+0000] {processor.py:836} INFO - DAG(s) dict_keys(['example_sensor_decorator']) retrieved from /home/airflow/.local/lib/python3.7/site-packages/airflow/example_dags/example_sensor_decorator.py
[2025-03-13T09:47:36.274+0000] {logging_mixin.py:149} INFO - [2025-03-13T09:47:36.274+0000] {dag.py:2726} INFO - Sync 1 DAGs
[2025-03-13T09:47:36.295+0000] {logging_mixin.py:149} INFO - [2025-03-13T09:47:36.294+0000] {dag.py:3490} INFO - Setting next_dagrun for example_sensor_decorator to None, run_after=None
[2025-03-13T09:47:36.311+0000] {processor.py:179} INFO - Processing /home/airflow/.local/lib/python3.7/site-packages/airflow/example_dags/example_sensor_decorator.py took 0.069 seconds
[2025-03-13T09:48:07.077+0000] {processor.py:157} INFO - Started process (PID=650) to work on /home/airflow/.local/lib/python3.7/site-packages/airflow/example_dags/example_sensor_decorator.py
[2025-03-13T09:48:07.079+0000] {processor.py:826} INFO - Processing file /home/airflow/.local/lib/python3.7/site-packages/airflow/example_dags/example_sensor_decorator.py for tasks to queue
[2025-03-13T09:48:07.079+0000] {logging_mixin.py:149} INFO - [2025-03-13T09:48:07.079+0000] {dagbag.py:541} INFO - Filling up the DagBag from /home/airflow/.local/lib/python3.7/site-packages/airflow/example_dags/example_sensor_decorator.py
[2025-03-13T09:48:07.084+0000] {processor.py:836} INFO - DAG(s) dict_keys(['example_sensor_decorator']) retrieved from /home/airflow/.local/lib/python3.7/site-packages/airflow/example_dags/example_sensor_decorator.py
[2025-03-13T09:48:07.107+0000] {logging_mixin.py:149} INFO - [2025-03-13T09:48:07.106+0000] {dag.py:2726} INFO - Sync 1 DAGs
[2025-03-13T09:48:07.128+0000] {logging_mixin.py:149} INFO - [2025-03-13T09:48:07.128+0000] {dag.py:3490} INFO - Setting next_dagrun for example_sensor_decorator to None, run_after=None
[2025-03-13T09:48:07.155+0000] {processor.py:179} INFO - Processing /home/airflow/.local/lib/python3.7/site-packages/airflow/example_dags/example_sensor_decorator.py took 0.081 seconds
[2025-03-13T09:48:37.721+0000] {processor.py:157} INFO - Started process (PID=741) to work on /home/airflow/.local/lib/python3.7/site-packages/airflow/example_dags/example_sensor_decorator.py
[2025-03-13T09:48:37.722+0000] {processor.py:826} INFO - Processing file /home/airflow/.local/lib/python3.7/site-packages/airflow/example_dags/example_sensor_decorator.py for tasks to queue
[2025-03-13T09:48:37.723+0000] {logging_mixin.py:149} INFO - [2025-03-13T09:48:37.723+0000] {dagbag.py:541} INFO - Filling up the DagBag from /home/airflow/.local/lib/python3.7/site-packages/airflow/example_dags/example_sensor_decorator.py
[2025-03-13T09:48:37.728+0000] {processor.py:836} INFO - DAG(s) dict_keys(['example_sensor_decorator']) retrieved from /home/airflow/.local/lib/python3.7/site-packages/airflow/example_dags/example_sensor_decorator.py
[2025-03-13T09:48:37.750+0000] {logging_mixin.py:149} INFO - [2025-03-13T09:48:37.750+0000] {dag.py:2726} INFO - Sync 1 DAGs
[2025-03-13T09:48:37.772+0000] {logging_mixin.py:149} INFO - [2025-03-13T09:48:37.772+0000] {dag.py:3490} INFO - Setting next_dagrun for example_sensor_decorator to None, run_after=None
[2025-03-13T09:48:37.792+0000] {processor.py:179} INFO - Processing /home/airflow/.local/lib/python3.7/site-packages/airflow/example_dags/example_sensor_decorator.py took 0.074 seconds
[2025-03-13T09:49:08.843+0000] {processor.py:157} INFO - Started process (PID=832) to work on /home/airflow/.local/lib/python3.7/site-packages/airflow/example_dags/example_sensor_decorator.py
[2025-03-13T09:49:08.844+0000] {processor.py:826} INFO - Processing file /home/airflow/.local/lib/python3.7/site-packages/airflow/example_dags/example_sensor_decorator.py for tasks to queue
[2025-03-13T09:49:08.845+0000] {logging_mixin.py:149} INFO - [2025-03-13T09:49:08.845+0000] {dagbag.py:541} INFO - Filling up the DagBag from /home/airflow/.local/lib/python3.7/site-packages/airflow/example_dags/example_sensor_decorator.py
[2025-03-13T09:49:08.850+0000] {processor.py:836} INFO - DAG(s) dict_keys(['example_sensor_decorator']) retrieved from /home/airflow/.local/lib/python3.7/site-packages/airflow/example_dags/example_sensor_decorator.py
[2025-03-13T09:49:08.872+0000] {logging_mixin.py:149} INFO - [2025-03-13T09:49:08.872+0000] {dag.py:2726} INFO - Sync 1 DAGs
[2025-03-13T09:49:08.896+0000] {logging_mixin.py:149} INFO - [2025-03-13T09:49:08.895+0000] {dag.py:3490} INFO - Setting next_dagrun for example_sensor_decorator to None, run_after=None
[2025-03-13T09:49:08.915+0000] {processor.py:179} INFO - Processing /home/airflow/.local/lib/python3.7/site-packages/airflow/example_dags/example_sensor_decorator.py took 0.074 seconds
[2025-03-13T09:49:40.068+0000] {processor.py:157} INFO - Started process (PID=923) to work on /home/airflow/.local/lib/python3.7/site-packages/airflow/example_dags/example_sensor_decorator.py
[2025-03-13T09:49:40.069+0000] {processor.py:826} INFO - Processing file /home/airflow/.local/lib/python3.7/site-packages/airflow/example_dags/example_sensor_decorator.py for tasks to queue
[2025-03-13T09:49:40.069+0000] {logging_mixin.py:149} INFO - [2025-03-13T09:49:40.069+0000] {dagbag.py:541} INFO - Filling up the DagBag from /home/airflow/.local/lib/python3.7/site-packages/airflow/example_dags/example_sensor_decorator.py
[2025-03-13T09:49:40.075+0000] {processor.py:836} INFO - DAG(s) dict_keys(['example_sensor_decorator']) retrieved from /home/airflow/.local/lib/python3.7/site-packages/airflow/example_dags/example_sensor_decorator.py
[2025-03-13T09:49:40.098+0000] {logging_mixin.py:149} INFO - [2025-03-13T09:49:40.098+0000] {dag.py:2726} INFO - Sync 1 DAGs
[2025-03-13T09:49:40.120+0000] {logging_mixin.py:149} INFO - [2025-03-13T09:49:40.120+0000] {dag.py:3490} INFO - Setting next_dagrun for example_sensor_decorator to None, run_after=None
[2025-03-13T09:49:40.139+0000] {processor.py:179} INFO - Processing /home/airflow/.local/lib/python3.7/site-packages/airflow/example_dags/example_sensor_decorator.py took 0.074 seconds
[2025-03-13T09:50:11.260+0000] {processor.py:157} INFO - Started process (PID=1014) to work on /home/airflow/.local/lib/python3.7/site-packages/airflow/example_dags/example_sensor_decorator.py
[2025-03-13T09:50:11.263+0000] {processor.py:826} INFO - Processing file /home/airflow/.local/lib/python3.7/site-packages/airflow/example_dags/example_sensor_decorator.py for tasks to queue
[2025-03-13T09:50:11.263+0000] {logging_mixin.py:149} INFO - [2025-03-13T09:50:11.263+0000] {dagbag.py:541} INFO - Filling up the DagBag from /home/airflow/.local/lib/python3.7/site-packages/airflow/example_dags/example_sensor_decorator.py
[2025-03-13T09:50:11.271+0000] {processor.py:836} INFO - DAG(s) dict_keys(['example_sensor_decorator']) retrieved from /home/airflow/.local/lib/python3.7/site-packages/airflow/example_dags/example_sensor_decorator.py
[2025-03-13T09:50:11.300+0000] {logging_mixin.py:149} INFO - [2025-03-13T09:50:11.300+0000] {dag.py:2726} INFO - Sync 1 DAGs
[2025-03-13T09:50:11.326+0000] {logging_mixin.py:149} INFO - [2025-03-13T09:50:11.326+0000] {dag.py:3490} INFO - Setting next_dagrun for example_sensor_decorator to None, run_after=None
[2025-03-13T09:50:11.346+0000] {processor.py:179} INFO - Processing /home/airflow/.local/lib/python3.7/site-packages/airflow/example_dags/example_sensor_decorator.py took 0.091 seconds
[2025-03-13T09:50:42.418+0000] {processor.py:157} INFO - Started process (PID=1105) to work on /home/airflow/.local/lib/python3.7/site-packages/airflow/example_dags/example_sensor_decorator.py
[2025-03-13T09:50:42.419+0000] {processor.py:826} INFO - Processing file /home/airflow/.local/lib/python3.7/site-packages/airflow/example_dags/example_sensor_decorator.py for tasks to queue
[2025-03-13T09:50:42.420+0000] {logging_mixin.py:149} INFO - [2025-03-13T09:50:42.420+0000] {dagbag.py:541} INFO - Filling up the DagBag from /home/airflow/.local/lib/python3.7/site-packages/airflow/example_dags/example_sensor_decorator.py
[2025-03-13T09:50:42.425+0000] {processor.py:836} INFO - DAG(s) dict_keys(['example_sensor_decorator']) retrieved from /home/airflow/.local/lib/python3.7/site-packages/airflow/example_dags/example_sensor_decorator.py
[2025-03-13T09:50:42.447+0000] {logging_mixin.py:149} INFO - [2025-03-13T09:50:42.447+0000] {dag.py:2726} INFO - Sync 1 DAGs
[2025-03-13T09:50:42.469+0000] {logging_mixin.py:149} INFO - [2025-03-13T09:50:42.468+0000] {dag.py:3490} INFO - Setting next_dagrun for example_sensor_decorator to None, run_after=None
[2025-03-13T09:50:42.486+0000] {processor.py:179} INFO - Processing /home/airflow/.local/lib/python3.7/site-packages/airflow/example_dags/example_sensor_decorator.py took 0.070 seconds
[2025-03-13T09:51:13.750+0000] {processor.py:157} INFO - Started process (PID=1196) to work on /home/airflow/.local/lib/python3.7/site-packages/airflow/example_dags/example_sensor_decorator.py
[2025-03-13T09:51:13.751+0000] {processor.py:826} INFO - Processing file /home/airflow/.local/lib/python3.7/site-packages/airflow/example_dags/example_sensor_decorator.py for tasks to queue
[2025-03-13T09:51:13.752+0000] {logging_mixin.py:149} INFO - [2025-03-13T09:51:13.752+0000] {dagbag.py:541} INFO - Filling up the DagBag from /home/airflow/.local/lib/python3.7/site-packages/airflow/example_dags/example_sensor_decorator.py
[2025-03-13T09:51:13.758+0000] {processor.py:836} INFO - DAG(s) dict_keys(['example_sensor_decorator']) retrieved from /home/airflow/.local/lib/python3.7/site-packages/airflow/example_dags/example_sensor_decorator.py
[2025-03-13T09:51:13.781+0000] {logging_mixin.py:149} INFO - [2025-03-13T09:51:13.781+0000] {dag.py:2726} INFO - Sync 1 DAGs
[2025-03-13T09:51:13.804+0000] {logging_mixin.py:149} INFO - [2025-03-13T09:51:13.803+0000] {dag.py:3490} INFO - Setting next_dagrun for example_sensor_decorator to None, run_after=None
[2025-03-13T09:51:13.822+0000] {processor.py:179} INFO - Processing /home/airflow/.local/lib/python3.7/site-packages/airflow/example_dags/example_sensor_decorator.py took 0.077 seconds
[2025-03-13T09:51:45.019+0000] {processor.py:157} INFO - Started process (PID=1287) to work on /home/airflow/.local/lib/python3.7/site-packages/airflow/example_dags/example_sensor_decorator.py
[2025-03-13T09:51:45.020+0000] {processor.py:826} INFO - Processing file /home/airflow/.local/lib/python3.7/site-packages/airflow/example_dags/example_sensor_decorator.py for tasks to queue
[2025-03-13T09:51:45.021+0000] {logging_mixin.py:149} INFO - [2025-03-13T09:51:45.020+0000] {dagbag.py:541} INFO - Filling up the DagBag from /home/airflow/.local/lib/python3.7/site-packages/airflow/example_dags/example_sensor_decorator.py
[2025-03-13T09:51:45.026+0000] {processor.py:836} INFO - DAG(s) dict_keys(['example_sensor_decorator']) retrieved from /home/airflow/.local/lib/python3.7/site-packages/airflow/example_dags/example_sensor_decorator.py
[2025-03-13T09:51:45.052+0000] {logging_mixin.py:149} INFO - [2025-03-13T09:51:45.052+0000] {dag.py:2726} INFO - Sync 1 DAGs
[2025-03-13T09:51:45.085+0000] {logging_mixin.py:149} INFO - [2025-03-13T09:51:45.085+0000] {dag.py:3490} INFO - Setting next_dagrun for example_sensor_decorator to None, run_after=None
[2025-03-13T09:51:45.110+0000] {processor.py:179} INFO - Processing /home/airflow/.local/lib/python3.7/site-packages/airflow/example_dags/example_sensor_decorator.py took 0.095 seconds
[2025-03-13T09:52:16.383+0000] {processor.py:157} INFO - Started process (PID=1378) to work on /home/airflow/.local/lib/python3.7/site-packages/airflow/example_dags/example_sensor_decorator.py
[2025-03-13T09:52:16.384+0000] {processor.py:826} INFO - Processing file /home/airflow/.local/lib/python3.7/site-packages/airflow/example_dags/example_sensor_decorator.py for tasks to queue
[2025-03-13T09:52:16.385+0000] {logging_mixin.py:149} INFO - [2025-03-13T09:52:16.385+0000] {dagbag.py:541} INFO - Filling up the DagBag from /home/airflow/.local/lib/python3.7/site-packages/airflow/example_dags/example_sensor_decorator.py
[2025-03-13T09:52:16.391+0000] {processor.py:836} INFO - DAG(s) dict_keys(['example_sensor_decorator']) retrieved from /home/airflow/.local/lib/python3.7/site-packages/airflow/example_dags/example_sensor_decorator.py
[2025-03-13T09:52:16.414+0000] {logging_mixin.py:149} INFO - [2025-03-13T09:52:16.414+0000] {dag.py:2726} INFO - Sync 1 DAGs
[2025-03-13T09:52:16.436+0000] {logging_mixin.py:149} INFO - [2025-03-13T09:52:16.436+0000] {dag.py:3490} INFO - Setting next_dagrun for example_sensor_decorator to None, run_after=None
[2025-03-13T09:52:16.453+0000] {processor.py:179} INFO - Processing /home/airflow/.local/lib/python3.7/site-packages/airflow/example_dags/example_sensor_decorator.py took 0.074 seconds
[2025-03-13T09:52:47.749+0000] {processor.py:157} INFO - Started process (PID=1469) to work on /home/airflow/.local/lib/python3.7/site-packages/airflow/example_dags/example_sensor_decorator.py
[2025-03-13T09:52:47.751+0000] {processor.py:826} INFO - Processing file /home/airflow/.local/lib/python3.7/site-packages/airflow/example_dags/example_sensor_decorator.py for tasks to queue
[2025-03-13T09:52:47.751+0000] {logging_mixin.py:149} INFO - [2025-03-13T09:52:47.751+0000] {dagbag.py:541} INFO - Filling up the DagBag from /home/airflow/.local/lib/python3.7/site-packages/airflow/example_dags/example_sensor_decorator.py
[2025-03-13T09:52:47.757+0000] {processor.py:836} INFO - DAG(s) dict_keys(['example_sensor_decorator']) retrieved from /home/airflow/.local/lib/python3.7/site-packages/airflow/example_dags/example_sensor_decorator.py
[2025-03-13T09:52:47.782+0000] {logging_mixin.py:149} INFO - [2025-03-13T09:52:47.782+0000] {dag.py:2726} INFO - Sync 1 DAGs
[2025-03-13T09:52:47.805+0000] {logging_mixin.py:149} INFO - [2025-03-13T09:52:47.805+0000] {dag.py:3490} INFO - Setting next_dagrun for example_sensor_decorator to None, run_after=None
[2025-03-13T09:52:47.824+0000] {processor.py:179} INFO - Processing /home/airflow/.local/lib/python3.7/site-packages/airflow/example_dags/example_sensor_decorator.py took 0.079 seconds
[2025-03-13T09:53:18.291+0000] {processor.py:157} INFO - Started process (PID=1560) to work on /home/airflow/.local/lib/python3.7/site-packages/airflow/example_dags/example_sensor_decorator.py
[2025-03-13T09:53:18.292+0000] {processor.py:826} INFO - Processing file /home/airflow/.local/lib/python3.7/site-packages/airflow/example_dags/example_sensor_decorator.py for tasks to queue
[2025-03-13T09:53:18.292+0000] {logging_mixin.py:149} INFO - [2025-03-13T09:53:18.292+0000] {dagbag.py:541} INFO - Filling up the DagBag from /home/airflow/.local/lib/python3.7/site-packages/airflow/example_dags/example_sensor_decorator.py
[2025-03-13T09:53:18.298+0000] {processor.py:836} INFO - DAG(s) dict_keys(['example_sensor_decorator']) retrieved from /home/airflow/.local/lib/python3.7/site-packages/airflow/example_dags/example_sensor_decorator.py
[2025-03-13T09:53:18.321+0000] {logging_mixin.py:149} INFO - [2025-03-13T09:53:18.321+0000] {dag.py:2726} INFO - Sync 1 DAGs
[2025-03-13T09:53:18.343+0000] {logging_mixin.py:149} INFO - [2025-03-13T09:53:18.343+0000] {dag.py:3490} INFO - Setting next_dagrun for example_sensor_decorator to None, run_after=None
[2025-03-13T09:53:18.362+0000] {processor.py:179} INFO - Processing /home/airflow/.local/lib/python3.7/site-packages/airflow/example_dags/example_sensor_decorator.py took 0.075 seconds
[2025-03-13T09:53:49.642+0000] {processor.py:157} INFO - Started process (PID=1651) to work on /home/airflow/.local/lib/python3.7/site-packages/airflow/example_dags/example_sensor_decorator.py
[2025-03-13T09:53:49.643+0000] {processor.py:826} INFO - Processing file /home/airflow/.local/lib/python3.7/site-packages/airflow/example_dags/example_sensor_decorator.py for tasks to queue
[2025-03-13T09:53:49.644+0000] {logging_mixin.py:149} INFO - [2025-03-13T09:53:49.644+0000] {dagbag.py:541} INFO - Filling up the DagBag from /home/airflow/.local/lib/python3.7/site-packages/airflow/example_dags/example_sensor_decorator.py
[2025-03-13T09:53:49.650+0000] {processor.py:836} INFO - DAG(s) dict_keys(['example_sensor_decorator']) retrieved from /home/airflow/.local/lib/python3.7/site-packages/airflow/example_dags/example_sensor_decorator.py
[2025-03-13T09:53:49.676+0000] {logging_mixin.py:149} INFO - [2025-03-13T09:53:49.676+0000] {dag.py:2726} INFO - Sync 1 DAGs
[2025-03-13T09:53:49.702+0000] {logging_mixin.py:149} INFO - [2025-03-13T09:53:49.702+0000] {dag.py:3490} INFO - Setting next_dagrun for example_sensor_decorator to None, run_after=None
[2025-03-13T09:53:49.723+0000] {processor.py:179} INFO - Processing /home/airflow/.local/lib/python3.7/site-packages/airflow/example_dags/example_sensor_decorator.py took 0.085 seconds
[2025-03-13T09:54:20.920+0000] {processor.py:157} INFO - Started process (PID=1742) to work on /home/airflow/.local/lib/python3.7/site-packages/airflow/example_dags/example_sensor_decorator.py
[2025-03-13T09:54:20.921+0000] {processor.py:826} INFO - Processing file /home/airflow/.local/lib/python3.7/site-packages/airflow/example_dags/example_sensor_decorator.py for tasks to queue
[2025-03-13T09:54:20.921+0000] {logging_mixin.py:149} INFO - [2025-03-13T09:54:20.921+0000] {dagbag.py:541} INFO - Filling up the DagBag from /home/airflow/.local/lib/python3.7/site-packages/airflow/example_dags/example_sensor_decorator.py
[2025-03-13T09:54:20.927+0000] {processor.py:836} INFO - DAG(s) dict_keys(['example_sensor_decorator']) retrieved from /home/airflow/.local/lib/python3.7/site-packages/airflow/example_dags/example_sensor_decorator.py
[2025-03-13T09:54:20.948+0000] {logging_mixin.py:149} INFO - [2025-03-13T09:54:20.948+0000] {dag.py:2726} INFO - Sync 1 DAGs
[2025-03-13T09:54:20.972+0000] {logging_mixin.py:149} INFO - [2025-03-13T09:54:20.972+0000] {dag.py:3490} INFO - Setting next_dagrun for example_sensor_decorator to None, run_after=None
[2025-03-13T09:54:20.989+0000] {processor.py:179} INFO - Processing /home/airflow/.local/lib/python3.7/site-packages/airflow/example_dags/example_sensor_decorator.py took 0.072 seconds
[2025-03-13T09:54:52.154+0000] {processor.py:157} INFO - Started process (PID=1833) to work on /home/airflow/.local/lib/python3.7/site-packages/airflow/example_dags/example_sensor_decorator.py
[2025-03-13T09:54:52.155+0000] {processor.py:826} INFO - Processing file /home/airflow/.local/lib/python3.7/site-packages/airflow/example_dags/example_sensor_decorator.py for tasks to queue
[2025-03-13T09:54:52.156+0000] {logging_mixin.py:149} INFO - [2025-03-13T09:54:52.156+0000] {dagbag.py:541} INFO - Filling up the DagBag from /home/airflow/.local/lib/python3.7/site-packages/airflow/example_dags/example_sensor_decorator.py
[2025-03-13T09:54:52.162+0000] {processor.py:836} INFO - DAG(s) dict_keys(['example_sensor_decorator']) retrieved from /home/airflow/.local/lib/python3.7/site-packages/airflow/example_dags/example_sensor_decorator.py
[2025-03-13T09:54:52.184+0000] {logging_mixin.py:149} INFO - [2025-03-13T09:54:52.184+0000] {dag.py:2726} INFO - Sync 1 DAGs
[2025-03-13T09:54:52.208+0000] {logging_mixin.py:149} INFO - [2025-03-13T09:54:52.208+0000] {dag.py:3490} INFO - Setting next_dagrun for example_sensor_decorator to None, run_after=None
[2025-03-13T09:54:52.228+0000] {processor.py:179} INFO - Processing /home/airflow/.local/lib/python3.7/site-packages/airflow/example_dags/example_sensor_decorator.py took 0.077 seconds
[2025-03-13T09:55:23.462+0000] {processor.py:157} INFO - Started process (PID=1924) to work on /home/airflow/.local/lib/python3.7/site-packages/airflow/example_dags/example_sensor_decorator.py
[2025-03-13T09:55:23.464+0000] {processor.py:826} INFO - Processing file /home/airflow/.local/lib/python3.7/site-packages/airflow/example_dags/example_sensor_decorator.py for tasks to queue
[2025-03-13T09:55:23.465+0000] {logging_mixin.py:149} INFO - [2025-03-13T09:55:23.465+0000] {dagbag.py:541} INFO - Filling up the DagBag from /home/airflow/.local/lib/python3.7/site-packages/airflow/example_dags/example_sensor_decorator.py
[2025-03-13T09:55:23.472+0000] {processor.py:836} INFO - DAG(s) dict_keys(['example_sensor_decorator']) retrieved from /home/airflow/.local/lib/python3.7/site-packages/airflow/example_dags/example_sensor_decorator.py
[2025-03-13T09:55:23.500+0000] {logging_mixin.py:149} INFO - [2025-03-13T09:55:23.500+0000] {dag.py:2726} INFO - Sync 1 DAGs
[2025-03-13T09:55:23.534+0000] {logging_mixin.py:149} INFO - [2025-03-13T09:55:23.533+0000] {dag.py:3490} INFO - Setting next_dagrun for example_sensor_decorator to None, run_after=None
[2025-03-13T09:55:23.560+0000] {processor.py:179} INFO - Processing /home/airflow/.local/lib/python3.7/site-packages/airflow/example_dags/example_sensor_decorator.py took 0.101 seconds
[2025-03-13T09:55:54.714+0000] {processor.py:157} INFO - Started process (PID=2015) to work on /home/airflow/.local/lib/python3.7/site-packages/airflow/example_dags/example_sensor_decorator.py
[2025-03-13T09:55:54.715+0000] {processor.py:826} INFO - Processing file /home/airflow/.local/lib/python3.7/site-packages/airflow/example_dags/example_sensor_decorator.py for tasks to queue
[2025-03-13T09:55:54.715+0000] {logging_mixin.py:149} INFO - [2025-03-13T09:55:54.715+0000] {dagbag.py:541} INFO - Filling up the DagBag from /home/airflow/.local/lib/python3.7/site-packages/airflow/example_dags/example_sensor_decorator.py
[2025-03-13T09:55:54.721+0000] {processor.py:836} INFO - DAG(s) dict_keys(['example_sensor_decorator']) retrieved from /home/airflow/.local/lib/python3.7/site-packages/airflow/example_dags/example_sensor_decorator.py
[2025-03-13T09:55:54.744+0000] {logging_mixin.py:149} INFO - [2025-03-13T09:55:54.743+0000] {dag.py:2726} INFO - Sync 1 DAGs
[2025-03-13T09:55:54.767+0000] {logging_mixin.py:149} INFO - [2025-03-13T09:55:54.767+0000] {dag.py:3490} INFO - Setting next_dagrun for example_sensor_decorator to None, run_after=None
[2025-03-13T09:55:54.784+0000] {processor.py:179} INFO - Processing /home/airflow/.local/lib/python3.7/site-packages/airflow/example_dags/example_sensor_decorator.py took 0.073 seconds
[2025-03-13T09:56:25.198+0000] {processor.py:157} INFO - Started process (PID=2106) to work on /home/airflow/.local/lib/python3.7/site-packages/airflow/example_dags/example_sensor_decorator.py
[2025-03-13T09:56:25.199+0000] {processor.py:826} INFO - Processing file /home/airflow/.local/lib/python3.7/site-packages/airflow/example_dags/example_sensor_decorator.py for tasks to queue
[2025-03-13T09:56:25.199+0000] {logging_mixin.py:149} INFO - [2025-03-13T09:56:25.199+0000] {dagbag.py:541} INFO - Filling up the DagBag from /home/airflow/.local/lib/python3.7/site-packages/airflow/example_dags/example_sensor_decorator.py
[2025-03-13T09:56:25.205+0000] {processor.py:836} INFO - DAG(s) dict_keys(['example_sensor_decorator']) retrieved from /home/airflow/.local/lib/python3.7/site-packages/airflow/example_dags/example_sensor_decorator.py
[2025-03-13T09:56:25.226+0000] {logging_mixin.py:149} INFO - [2025-03-13T09:56:25.226+0000] {dag.py:2726} INFO - Sync 1 DAGs
[2025-03-13T09:56:25.246+0000] {logging_mixin.py:149} INFO - [2025-03-13T09:56:25.246+0000] {dag.py:3490} INFO - Setting next_dagrun for example_sensor_decorator to None, run_after=None
[2025-03-13T09:56:25.264+0000] {processor.py:179} INFO - Processing /home/airflow/.local/lib/python3.7/site-packages/airflow/example_dags/example_sensor_decorator.py took 0.069 seconds
[2025-03-13T09:56:55.778+0000] {processor.py:157} INFO - Started process (PID=2197) to work on /home/airflow/.local/lib/python3.7/site-packages/airflow/example_dags/example_sensor_decorator.py
[2025-03-13T09:56:55.779+0000] {processor.py:826} INFO - Processing file /home/airflow/.local/lib/python3.7/site-packages/airflow/example_dags/example_sensor_decorator.py for tasks to queue
[2025-03-13T09:56:55.780+0000] {logging_mixin.py:149} INFO - [2025-03-13T09:56:55.779+0000] {dagbag.py:541} INFO - Filling up the DagBag from /home/airflow/.local/lib/python3.7/site-packages/airflow/example_dags/example_sensor_decorator.py
[2025-03-13T09:56:55.785+0000] {processor.py:836} INFO - DAG(s) dict_keys(['example_sensor_decorator']) retrieved from /home/airflow/.local/lib/python3.7/site-packages/airflow/example_dags/example_sensor_decorator.py
[2025-03-13T09:56:55.808+0000] {logging_mixin.py:149} INFO - [2025-03-13T09:56:55.807+0000] {dag.py:2726} INFO - Sync 1 DAGs
[2025-03-13T09:56:55.830+0000] {logging_mixin.py:149} INFO - [2025-03-13T09:56:55.829+0000] {dag.py:3490} INFO - Setting next_dagrun for example_sensor_decorator to None, run_after=None
[2025-03-13T09:56:55.845+0000] {processor.py:179} INFO - Processing /home/airflow/.local/lib/python3.7/site-packages/airflow/example_dags/example_sensor_decorator.py took 0.071 seconds
[2025-03-13T09:57:26.290+0000] {processor.py:157} INFO - Started process (PID=2288) to work on /home/airflow/.local/lib/python3.7/site-packages/airflow/example_dags/example_sensor_decorator.py
[2025-03-13T09:57:26.291+0000] {processor.py:826} INFO - Processing file /home/airflow/.local/lib/python3.7/site-packages/airflow/example_dags/example_sensor_decorator.py for tasks to queue
[2025-03-13T09:57:26.292+0000] {logging_mixin.py:149} INFO - [2025-03-13T09:57:26.292+0000] {dagbag.py:541} INFO - Filling up the DagBag from /home/airflow/.local/lib/python3.7/site-packages/airflow/example_dags/example_sensor_decorator.py
[2025-03-13T09:57:26.297+0000] {processor.py:836} INFO - DAG(s) dict_keys(['example_sensor_decorator']) retrieved from /home/airflow/.local/lib/python3.7/site-packages/airflow/example_dags/example_sensor_decorator.py
[2025-03-13T09:57:26.320+0000] {logging_mixin.py:149} INFO - [2025-03-13T09:57:26.320+0000] {dag.py:2726} INFO - Sync 1 DAGs
[2025-03-13T09:57:26.343+0000] {logging_mixin.py:149} INFO - [2025-03-13T09:57:26.343+0000] {dag.py:3490} INFO - Setting next_dagrun for example_sensor_decorator to None, run_after=None
[2025-03-13T09:57:26.362+0000] {processor.py:179} INFO - Processing /home/airflow/.local/lib/python3.7/site-packages/airflow/example_dags/example_sensor_decorator.py took 0.075 seconds
[2025-03-13T09:57:56.681+0000] {processor.py:157} INFO - Started process (PID=2379) to work on /home/airflow/.local/lib/python3.7/site-packages/airflow/example_dags/example_sensor_decorator.py
[2025-03-13T09:57:56.682+0000] {processor.py:826} INFO - Processing file /home/airflow/.local/lib/python3.7/site-packages/airflow/example_dags/example_sensor_decorator.py for tasks to queue
[2025-03-13T09:57:56.683+0000] {logging_mixin.py:149} INFO - [2025-03-13T09:57:56.682+0000] {dagbag.py:541} INFO - Filling up the DagBag from /home/airflow/.local/lib/python3.7/site-packages/airflow/example_dags/example_sensor_decorator.py
[2025-03-13T09:57:56.688+0000] {processor.py:836} INFO - DAG(s) dict_keys(['example_sensor_decorator']) retrieved from /home/airflow/.local/lib/python3.7/site-packages/airflow/example_dags/example_sensor_decorator.py
[2025-03-13T09:57:56.709+0000] {logging_mixin.py:149} INFO - [2025-03-13T09:57:56.709+0000] {dag.py:2726} INFO - Sync 1 DAGs
[2025-03-13T09:57:56.730+0000] {logging_mixin.py:149} INFO - [2025-03-13T09:57:56.730+0000] {dag.py:3490} INFO - Setting next_dagrun for example_sensor_decorator to None, run_after=None
[2025-03-13T09:57:56.748+0000] {processor.py:179} INFO - Processing /home/airflow/.local/lib/python3.7/site-packages/airflow/example_dags/example_sensor_decorator.py took 0.070 seconds
[2025-03-13T09:58:27.716+0000] {processor.py:157} INFO - Started process (PID=2470) to work on /home/airflow/.local/lib/python3.7/site-packages/airflow/example_dags/example_sensor_decorator.py
[2025-03-13T09:58:27.717+0000] {processor.py:826} INFO - Processing file /home/airflow/.local/lib/python3.7/site-packages/airflow/example_dags/example_sensor_decorator.py for tasks to queue
[2025-03-13T09:58:27.718+0000] {logging_mixin.py:149} INFO - [2025-03-13T09:58:27.718+0000] {dagbag.py:541} INFO - Filling up the DagBag from /home/airflow/.local/lib/python3.7/site-packages/airflow/example_dags/example_sensor_decorator.py
[2025-03-13T09:58:27.723+0000] {processor.py:836} INFO - DAG(s) dict_keys(['example_sensor_decorator']) retrieved from /home/airflow/.local/lib/python3.7/site-packages/airflow/example_dags/example_sensor_decorator.py
[2025-03-13T09:58:27.748+0000] {logging_mixin.py:149} INFO - [2025-03-13T09:58:27.748+0000] {dag.py:2726} INFO - Sync 1 DAGs
[2025-03-13T09:58:27.771+0000] {logging_mixin.py:149} INFO - [2025-03-13T09:58:27.771+0000] {dag.py:3490} INFO - Setting next_dagrun for example_sensor_decorator to None, run_after=None
[2025-03-13T09:58:27.791+0000] {processor.py:179} INFO - Processing /home/airflow/.local/lib/python3.7/site-packages/airflow/example_dags/example_sensor_decorator.py took 0.078 seconds
[2025-03-13T09:58:59.041+0000] {processor.py:157} INFO - Started process (PID=2561) to work on /home/airflow/.local/lib/python3.7/site-packages/airflow/example_dags/example_sensor_decorator.py
[2025-03-13T09:58:59.042+0000] {processor.py:826} INFO - Processing file /home/airflow/.local/lib/python3.7/site-packages/airflow/example_dags/example_sensor_decorator.py for tasks to queue
[2025-03-13T09:58:59.043+0000] {logging_mixin.py:149} INFO - [2025-03-13T09:58:59.043+0000] {dagbag.py:541} INFO - Filling up the DagBag from /home/airflow/.local/lib/python3.7/site-packages/airflow/example_dags/example_sensor_decorator.py
[2025-03-13T09:58:59.048+0000] {processor.py:836} INFO - DAG(s) dict_keys(['example_sensor_decorator']) retrieved from /home/airflow/.local/lib/python3.7/site-packages/airflow/example_dags/example_sensor_decorator.py
[2025-03-13T09:58:59.071+0000] {logging_mixin.py:149} INFO - [2025-03-13T09:58:59.071+0000] {dag.py:2726} INFO - Sync 1 DAGs
[2025-03-13T09:58:59.093+0000] {logging_mixin.py:149} INFO - [2025-03-13T09:58:59.093+0000] {dag.py:3490} INFO - Setting next_dagrun for example_sensor_decorator to None, run_after=None
[2025-03-13T09:58:59.112+0000] {processor.py:179} INFO - Processing /home/airflow/.local/lib/python3.7/site-packages/airflow/example_dags/example_sensor_decorator.py took 0.074 seconds
[2025-03-13T09:59:29.583+0000] {processor.py:157} INFO - Started process (PID=2652) to work on /home/airflow/.local/lib/python3.7/site-packages/airflow/example_dags/example_sensor_decorator.py
[2025-03-13T09:59:29.584+0000] {processor.py:826} INFO - Processing file /home/airflow/.local/lib/python3.7/site-packages/airflow/example_dags/example_sensor_decorator.py for tasks to queue
[2025-03-13T09:59:29.585+0000] {logging_mixin.py:149} INFO - [2025-03-13T09:59:29.585+0000] {dagbag.py:541} INFO - Filling up the DagBag from /home/airflow/.local/lib/python3.7/site-packages/airflow/example_dags/example_sensor_decorator.py
[2025-03-13T09:59:29.591+0000] {processor.py:836} INFO - DAG(s) dict_keys(['example_sensor_decorator']) retrieved from /home/airflow/.local/lib/python3.7/site-packages/airflow/example_dags/example_sensor_decorator.py
[2025-03-13T09:59:29.617+0000] {logging_mixin.py:149} INFO - [2025-03-13T09:59:29.617+0000] {dag.py:2726} INFO - Sync 1 DAGs
[2025-03-13T09:59:29.645+0000] {logging_mixin.py:149} INFO - [2025-03-13T09:59:29.645+0000] {dag.py:3490} INFO - Setting next_dagrun for example_sensor_decorator to None, run_after=None
[2025-03-13T09:59:29.668+0000] {processor.py:179} INFO - Processing /home/airflow/.local/lib/python3.7/site-packages/airflow/example_dags/example_sensor_decorator.py took 0.089 seconds
[2025-03-13T10:00:00.102+0000] {processor.py:157} INFO - Started process (PID=2743) to work on /home/airflow/.local/lib/python3.7/site-packages/airflow/example_dags/example_sensor_decorator.py
[2025-03-13T10:00:00.103+0000] {processor.py:826} INFO - Processing file /home/airflow/.local/lib/python3.7/site-packages/airflow/example_dags/example_sensor_decorator.py for tasks to queue
[2025-03-13T10:00:00.104+0000] {logging_mixin.py:149} INFO - [2025-03-13T10:00:00.104+0000] {dagbag.py:541} INFO - Filling up the DagBag from /home/airflow/.local/lib/python3.7/site-packages/airflow/example_dags/example_sensor_decorator.py
[2025-03-13T10:00:00.110+0000] {processor.py:836} INFO - DAG(s) dict_keys(['example_sensor_decorator']) retrieved from /home/airflow/.local/lib/python3.7/site-packages/airflow/example_dags/example_sensor_decorator.py
[2025-03-13T10:00:00.132+0000] {logging_mixin.py:149} INFO - [2025-03-13T10:00:00.131+0000] {dag.py:2726} INFO - Sync 1 DAGs
[2025-03-13T10:00:00.154+0000] {logging_mixin.py:149} INFO - [2025-03-13T10:00:00.154+0000] {dag.py:3490} INFO - Setting next_dagrun for example_sensor_decorator to None, run_after=None
[2025-03-13T10:00:00.173+0000] {processor.py:179} INFO - Processing /home/airflow/.local/lib/python3.7/site-packages/airflow/example_dags/example_sensor_decorator.py took 0.074 seconds
[2025-03-13T10:00:30.460+0000] {processor.py:157} INFO - Started process (PID=2834) to work on /home/airflow/.local/lib/python3.7/site-packages/airflow/example_dags/example_sensor_decorator.py
[2025-03-13T10:00:30.461+0000] {processor.py:826} INFO - Processing file /home/airflow/.local/lib/python3.7/site-packages/airflow/example_dags/example_sensor_decorator.py for tasks to queue
[2025-03-13T10:00:30.462+0000] {logging_mixin.py:149} INFO - [2025-03-13T10:00:30.462+0000] {dagbag.py:541} INFO - Filling up the DagBag from /home/airflow/.local/lib/python3.7/site-packages/airflow/example_dags/example_sensor_decorator.py
[2025-03-13T10:00:30.468+0000] {processor.py:836} INFO - DAG(s) dict_keys(['example_sensor_decorator']) retrieved from /home/airflow/.local/lib/python3.7/site-packages/airflow/example_dags/example_sensor_decorator.py
[2025-03-13T10:00:30.490+0000] {logging_mixin.py:149} INFO - [2025-03-13T10:00:30.490+0000] {dag.py:2726} INFO - Sync 1 DAGs
[2025-03-13T10:00:30.514+0000] {logging_mixin.py:149} INFO - [2025-03-13T10:00:30.514+0000] {dag.py:3490} INFO - Setting next_dagrun for example_sensor_decorator to None, run_after=None
[2025-03-13T10:00:30.532+0000] {processor.py:179} INFO - Processing /home/airflow/.local/lib/python3.7/site-packages/airflow/example_dags/example_sensor_decorator.py took 0.075 seconds
[2025-03-13T10:01:01.193+0000] {processor.py:157} INFO - Started process (PID=2925) to work on /home/airflow/.local/lib/python3.7/site-packages/airflow/example_dags/example_sensor_decorator.py
[2025-03-13T10:01:01.194+0000] {processor.py:826} INFO - Processing file /home/airflow/.local/lib/python3.7/site-packages/airflow/example_dags/example_sensor_decorator.py for tasks to queue
[2025-03-13T10:01:01.196+0000] {logging_mixin.py:149} INFO - [2025-03-13T10:01:01.195+0000] {dagbag.py:541} INFO - Filling up the DagBag from /home/airflow/.local/lib/python3.7/site-packages/airflow/example_dags/example_sensor_decorator.py
[2025-03-13T10:01:01.203+0000] {processor.py:836} INFO - DAG(s) dict_keys(['example_sensor_decorator']) retrieved from /home/airflow/.local/lib/python3.7/site-packages/airflow/example_dags/example_sensor_decorator.py
[2025-03-13T10:01:01.231+0000] {logging_mixin.py:149} INFO - [2025-03-13T10:01:01.231+0000] {dag.py:2726} INFO - Sync 1 DAGs
[2025-03-13T10:01:01.258+0000] {logging_mixin.py:149} INFO - [2025-03-13T10:01:01.258+0000] {dag.py:3490} INFO - Setting next_dagrun for example_sensor_decorator to None, run_after=None
[2025-03-13T10:01:01.281+0000] {processor.py:179} INFO - Processing /home/airflow/.local/lib/python3.7/site-packages/airflow/example_dags/example_sensor_decorator.py took 0.091 seconds
[2025-03-13T10:01:31.617+0000] {processor.py:157} INFO - Started process (PID=3016) to work on /home/airflow/.local/lib/python3.7/site-packages/airflow/example_dags/example_sensor_decorator.py
[2025-03-13T10:01:31.618+0000] {processor.py:826} INFO - Processing file /home/airflow/.local/lib/python3.7/site-packages/airflow/example_dags/example_sensor_decorator.py for tasks to queue
[2025-03-13T10:01:31.619+0000] {logging_mixin.py:149} INFO - [2025-03-13T10:01:31.619+0000] {dagbag.py:541} INFO - Filling up the DagBag from /home/airflow/.local/lib/python3.7/site-packages/airflow/example_dags/example_sensor_decorator.py
[2025-03-13T10:01:31.625+0000] {processor.py:836} INFO - DAG(s) dict_keys(['example_sensor_decorator']) retrieved from /home/airflow/.local/lib/python3.7/site-packages/airflow/example_dags/example_sensor_decorator.py
[2025-03-13T10:01:31.649+0000] {logging_mixin.py:149} INFO - [2025-03-13T10:01:31.648+0000] {dag.py:2726} INFO - Sync 1 DAGs
[2025-03-13T10:01:31.676+0000] {logging_mixin.py:149} INFO - [2025-03-13T10:01:31.676+0000] {dag.py:3490} INFO - Setting next_dagrun for example_sensor_decorator to None, run_after=None
[2025-03-13T10:01:31.699+0000] {processor.py:179} INFO - Processing /home/airflow/.local/lib/python3.7/site-packages/airflow/example_dags/example_sensor_decorator.py took 0.085 seconds
[2025-03-13T10:02:02.188+0000] {processor.py:157} INFO - Started process (PID=3107) to work on /home/airflow/.local/lib/python3.7/site-packages/airflow/example_dags/example_sensor_decorator.py
[2025-03-13T10:02:02.189+0000] {processor.py:826} INFO - Processing file /home/airflow/.local/lib/python3.7/site-packages/airflow/example_dags/example_sensor_decorator.py for tasks to queue
[2025-03-13T10:02:02.190+0000] {logging_mixin.py:149} INFO - [2025-03-13T10:02:02.190+0000] {dagbag.py:541} INFO - Filling up the DagBag from /home/airflow/.local/lib/python3.7/site-packages/airflow/example_dags/example_sensor_decorator.py
[2025-03-13T10:02:02.199+0000] {processor.py:836} INFO - DAG(s) dict_keys(['example_sensor_decorator']) retrieved from /home/airflow/.local/lib/python3.7/site-packages/airflow/example_dags/example_sensor_decorator.py
[2025-03-13T10:02:02.223+0000] {logging_mixin.py:149} INFO - [2025-03-13T10:02:02.223+0000] {dag.py:2726} INFO - Sync 1 DAGs
[2025-03-13T10:02:02.248+0000] {logging_mixin.py:149} INFO - [2025-03-13T10:02:02.248+0000] {dag.py:3490} INFO - Setting next_dagrun for example_sensor_decorator to None, run_after=None
[2025-03-13T10:02:02.270+0000] {processor.py:179} INFO - Processing /home/airflow/.local/lib/python3.7/site-packages/airflow/example_dags/example_sensor_decorator.py took 0.085 seconds
[2025-03-13T10:02:33.561+0000] {processor.py:157} INFO - Started process (PID=3198) to work on /home/airflow/.local/lib/python3.7/site-packages/airflow/example_dags/example_sensor_decorator.py
[2025-03-13T10:02:33.562+0000] {processor.py:826} INFO - Processing file /home/airflow/.local/lib/python3.7/site-packages/airflow/example_dags/example_sensor_decorator.py for tasks to queue
[2025-03-13T10:02:33.562+0000] {logging_mixin.py:149} INFO - [2025-03-13T10:02:33.562+0000] {dagbag.py:541} INFO - Filling up the DagBag from /home/airflow/.local/lib/python3.7/site-packages/airflow/example_dags/example_sensor_decorator.py
[2025-03-13T10:02:33.568+0000] {processor.py:836} INFO - DAG(s) dict_keys(['example_sensor_decorator']) retrieved from /home/airflow/.local/lib/python3.7/site-packages/airflow/example_dags/example_sensor_decorator.py
[2025-03-13T10:02:33.592+0000] {logging_mixin.py:149} INFO - [2025-03-13T10:02:33.592+0000] {dag.py:2726} INFO - Sync 1 DAGs
[2025-03-13T10:02:33.616+0000] {logging_mixin.py:149} INFO - [2025-03-13T10:02:33.616+0000] {dag.py:3490} INFO - Setting next_dagrun for example_sensor_decorator to None, run_after=None
[2025-03-13T10:02:33.635+0000] {processor.py:179} INFO - Processing /home/airflow/.local/lib/python3.7/site-packages/airflow/example_dags/example_sensor_decorator.py took 0.078 seconds
[2025-03-13T10:03:04.895+0000] {processor.py:157} INFO - Started process (PID=3296) to work on /home/airflow/.local/lib/python3.7/site-packages/airflow/example_dags/example_sensor_decorator.py
[2025-03-13T10:03:04.896+0000] {processor.py:826} INFO - Processing file /home/airflow/.local/lib/python3.7/site-packages/airflow/example_dags/example_sensor_decorator.py for tasks to queue
[2025-03-13T10:03:04.897+0000] {logging_mixin.py:149} INFO - [2025-03-13T10:03:04.897+0000] {dagbag.py:541} INFO - Filling up the DagBag from /home/airflow/.local/lib/python3.7/site-packages/airflow/example_dags/example_sensor_decorator.py
[2025-03-13T10:03:04.903+0000] {processor.py:836} INFO - DAG(s) dict_keys(['example_sensor_decorator']) retrieved from /home/airflow/.local/lib/python3.7/site-packages/airflow/example_dags/example_sensor_decorator.py
[2025-03-13T10:03:04.926+0000] {logging_mixin.py:149} INFO - [2025-03-13T10:03:04.926+0000] {dag.py:2726} INFO - Sync 1 DAGs
[2025-03-13T10:03:04.951+0000] {logging_mixin.py:149} INFO - [2025-03-13T10:03:04.951+0000] {dag.py:3490} INFO - Setting next_dagrun for example_sensor_decorator to None, run_after=None
[2025-03-13T10:03:04.974+0000] {processor.py:179} INFO - Processing /home/airflow/.local/lib/python3.7/site-packages/airflow/example_dags/example_sensor_decorator.py took 0.083 seconds
[2025-03-13T10:03:35.494+0000] {processor.py:157} INFO - Started process (PID=3387) to work on /home/airflow/.local/lib/python3.7/site-packages/airflow/example_dags/example_sensor_decorator.py
[2025-03-13T10:03:35.496+0000] {processor.py:826} INFO - Processing file /home/airflow/.local/lib/python3.7/site-packages/airflow/example_dags/example_sensor_decorator.py for tasks to queue
[2025-03-13T10:03:35.496+0000] {logging_mixin.py:149} INFO - [2025-03-13T10:03:35.496+0000] {dagbag.py:541} INFO - Filling up the DagBag from /home/airflow/.local/lib/python3.7/site-packages/airflow/example_dags/example_sensor_decorator.py
[2025-03-13T10:03:35.502+0000] {processor.py:836} INFO - DAG(s) dict_keys(['example_sensor_decorator']) retrieved from /home/airflow/.local/lib/python3.7/site-packages/airflow/example_dags/example_sensor_decorator.py
[2025-03-13T10:03:35.527+0000] {logging_mixin.py:149} INFO - [2025-03-13T10:03:35.527+0000] {dag.py:2726} INFO - Sync 1 DAGs
[2025-03-13T10:03:35.552+0000] {logging_mixin.py:149} INFO - [2025-03-13T10:03:35.552+0000] {dag.py:3490} INFO - Setting next_dagrun for example_sensor_decorator to None, run_after=None
[2025-03-13T10:03:35.573+0000] {processor.py:179} INFO - Processing /home/airflow/.local/lib/python3.7/site-packages/airflow/example_dags/example_sensor_decorator.py took 0.082 seconds
[2025-03-13T10:04:05.844+0000] {processor.py:157} INFO - Started process (PID=3478) to work on /home/airflow/.local/lib/python3.7/site-packages/airflow/example_dags/example_sensor_decorator.py
[2025-03-13T10:04:05.846+0000] {processor.py:826} INFO - Processing file /home/airflow/.local/lib/python3.7/site-packages/airflow/example_dags/example_sensor_decorator.py for tasks to queue
[2025-03-13T10:04:05.846+0000] {logging_mixin.py:149} INFO - [2025-03-13T10:04:05.846+0000] {dagbag.py:541} INFO - Filling up the DagBag from /home/airflow/.local/lib/python3.7/site-packages/airflow/example_dags/example_sensor_decorator.py
[2025-03-13T10:04:05.852+0000] {processor.py:836} INFO - DAG(s) dict_keys(['example_sensor_decorator']) retrieved from /home/airflow/.local/lib/python3.7/site-packages/airflow/example_dags/example_sensor_decorator.py
[2025-03-13T10:04:05.872+0000] {logging_mixin.py:149} INFO - [2025-03-13T10:04:05.872+0000] {dag.py:2726} INFO - Sync 1 DAGs
[2025-03-13T10:04:05.892+0000] {logging_mixin.py:149} INFO - [2025-03-13T10:04:05.892+0000] {dag.py:3490} INFO - Setting next_dagrun for example_sensor_decorator to None, run_after=None
[2025-03-13T10:04:05.912+0000] {processor.py:179} INFO - Processing /home/airflow/.local/lib/python3.7/site-packages/airflow/example_dags/example_sensor_decorator.py took 0.070 seconds
[2025-03-13T10:04:36.363+0000] {processor.py:157} INFO - Started process (PID=3569) to work on /home/airflow/.local/lib/python3.7/site-packages/airflow/example_dags/example_sensor_decorator.py
[2025-03-13T10:04:36.364+0000] {processor.py:826} INFO - Processing file /home/airflow/.local/lib/python3.7/site-packages/airflow/example_dags/example_sensor_decorator.py for tasks to queue
[2025-03-13T10:04:36.364+0000] {logging_mixin.py:149} INFO - [2025-03-13T10:04:36.364+0000] {dagbag.py:541} INFO - Filling up the DagBag from /home/airflow/.local/lib/python3.7/site-packages/airflow/example_dags/example_sensor_decorator.py
[2025-03-13T10:04:36.370+0000] {processor.py:836} INFO - DAG(s) dict_keys(['example_sensor_decorator']) retrieved from /home/airflow/.local/lib/python3.7/site-packages/airflow/example_dags/example_sensor_decorator.py
[2025-03-13T10:04:36.392+0000] {logging_mixin.py:149} INFO - [2025-03-13T10:04:36.392+0000] {dag.py:2726} INFO - Sync 1 DAGs
[2025-03-13T10:04:36.414+0000] {logging_mixin.py:149} INFO - [2025-03-13T10:04:36.414+0000] {dag.py:3490} INFO - Setting next_dagrun for example_sensor_decorator to None, run_after=None
[2025-03-13T10:04:36.434+0000] {processor.py:179} INFO - Processing /home/airflow/.local/lib/python3.7/site-packages/airflow/example_dags/example_sensor_decorator.py took 0.075 seconds
[2025-03-13T10:05:07.262+0000] {processor.py:157} INFO - Started process (PID=3660) to work on /home/airflow/.local/lib/python3.7/site-packages/airflow/example_dags/example_sensor_decorator.py
[2025-03-13T10:05:07.263+0000] {processor.py:826} INFO - Processing file /home/airflow/.local/lib/python3.7/site-packages/airflow/example_dags/example_sensor_decorator.py for tasks to queue
[2025-03-13T10:05:07.263+0000] {logging_mixin.py:149} INFO - [2025-03-13T10:05:07.263+0000] {dagbag.py:541} INFO - Filling up the DagBag from /home/airflow/.local/lib/python3.7/site-packages/airflow/example_dags/example_sensor_decorator.py
[2025-03-13T10:05:07.269+0000] {processor.py:836} INFO - DAG(s) dict_keys(['example_sensor_decorator']) retrieved from /home/airflow/.local/lib/python3.7/site-packages/airflow/example_dags/example_sensor_decorator.py
[2025-03-13T10:05:07.293+0000] {logging_mixin.py:149} INFO - [2025-03-13T10:05:07.293+0000] {dag.py:2726} INFO - Sync 1 DAGs
[2025-03-13T10:05:07.315+0000] {logging_mixin.py:149} INFO - [2025-03-13T10:05:07.315+0000] {dag.py:3490} INFO - Setting next_dagrun for example_sensor_decorator to None, run_after=None
[2025-03-13T10:05:07.332+0000] {processor.py:179} INFO - Processing /home/airflow/.local/lib/python3.7/site-packages/airflow/example_dags/example_sensor_decorator.py took 0.073 seconds
