[2025-03-13T09:45:02.565+0000] {processor.py:157} INFO - Started process (PID=100) to work on /home/airflow/.local/lib/python3.7/site-packages/airflow/example_dags/example_subdag_operator.py
[2025-03-13T09:45:02.566+0000] {processor.py:826} INFO - Processing file /home/airflow/.local/lib/python3.7/site-packages/airflow/example_dags/example_subdag_operator.py for tasks to queue
[2025-03-13T09:45:02.567+0000] {logging_mixin.py:149} INFO - [2025-03-13T09:45:02.567+0000] {dagbag.py:541} INFO - Filling up the DagBag from /home/airflow/.local/lib/python3.7/site-packages/airflow/example_dags/example_subdag_operator.py
[2025-03-13T09:45:02.602+0000] {processor.py:836} INFO - DAG(s) dict_keys(['example_subdag_operator.section-1', 'example_subdag_operator.section-2', 'example_subdag_operator']) retrieved from /home/airflow/.local/lib/python3.7/site-packages/airflow/example_dags/example_subdag_operator.py
[2025-03-13T09:45:02.630+0000] {logging_mixin.py:149} INFO - [2025-03-13T09:45:02.630+0000] {dag.py:2726} INFO - Sync 3 DAGs
[2025-03-13T09:45:02.663+0000] {logging_mixin.py:149} INFO - [2025-03-13T09:45:02.663+0000] {dag.py:3490} INFO - Setting next_dagrun for example_subdag_operator to 2022-01-01T00:00:00+00:00, run_after=2022-01-01T00:00:00+00:00
[2025-03-13T09:45:02.668+0000] {logging_mixin.py:149} INFO - [2025-03-13T09:45:02.668+0000] {dag.py:3490} INFO - Setting next_dagrun for example_subdag_operator.section-1 to None, run_after=None
[2025-03-13T09:45:02.669+0000] {logging_mixin.py:149} INFO - [2025-03-13T09:45:02.669+0000] {dag.py:3490} INFO - Setting next_dagrun for example_subdag_operator.section-2 to None, run_after=None
[2025-03-13T09:45:02.680+0000] {logging_mixin.py:149} INFO - [2025-03-13T09:45:02.679+0000] {dag.py:2726} INFO - Sync 2 DAGs
[2025-03-13T09:45:02.687+0000] {logging_mixin.py:149} INFO - [2025-03-13T09:45:02.687+0000] {dag.py:3490} INFO - Setting next_dagrun for example_subdag_operator.section-1 to None, run_after=None
[2025-03-13T09:45:02.687+0000] {logging_mixin.py:149} INFO - [2025-03-13T09:45:02.687+0000] {dag.py:3490} INFO - Setting next_dagrun for example_subdag_operator.section-2 to None, run_after=None
[2025-03-13T09:45:02.707+0000] {processor.py:179} INFO - Processing /home/airflow/.local/lib/python3.7/site-packages/airflow/example_dags/example_subdag_operator.py took 0.145 seconds
[2025-03-13T09:45:32.945+0000] {processor.py:157} INFO - Started process (PID=207) to work on /home/airflow/.local/lib/python3.7/site-packages/airflow/example_dags/example_subdag_operator.py
[2025-03-13T09:45:32.946+0000] {processor.py:826} INFO - Processing file /home/airflow/.local/lib/python3.7/site-packages/airflow/example_dags/example_subdag_operator.py for tasks to queue
[2025-03-13T09:45:32.947+0000] {logging_mixin.py:149} INFO - [2025-03-13T09:45:32.946+0000] {dagbag.py:541} INFO - Filling up the DagBag from /home/airflow/.local/lib/python3.7/site-packages/airflow/example_dags/example_subdag_operator.py
[2025-03-13T09:45:32.969+0000] {processor.py:836} INFO - DAG(s) dict_keys(['example_subdag_operator.section-1', 'example_subdag_operator.section-2', 'example_subdag_operator']) retrieved from /home/airflow/.local/lib/python3.7/site-packages/airflow/example_dags/example_subdag_operator.py
[2025-03-13T09:45:32.987+0000] {logging_mixin.py:149} INFO - [2025-03-13T09:45:32.987+0000] {dag.py:2726} INFO - Sync 3 DAGs
[2025-03-13T09:45:33.014+0000] {logging_mixin.py:149} INFO - [2025-03-13T09:45:33.014+0000] {dag.py:3490} INFO - Setting next_dagrun for example_subdag_operator to 2022-01-01T00:00:00+00:00, run_after=2022-01-01T00:00:00+00:00
[2025-03-13T09:45:33.017+0000] {logging_mixin.py:149} INFO - [2025-03-13T09:45:33.017+0000] {dag.py:3490} INFO - Setting next_dagrun for example_subdag_operator.section-1 to None, run_after=None
[2025-03-13T09:45:33.018+0000] {logging_mixin.py:149} INFO - [2025-03-13T09:45:33.018+0000] {dag.py:3490} INFO - Setting next_dagrun for example_subdag_operator.section-2 to None, run_after=None
[2025-03-13T09:45:33.025+0000] {logging_mixin.py:149} INFO - [2025-03-13T09:45:33.025+0000] {dag.py:2726} INFO - Sync 2 DAGs
[2025-03-13T09:45:33.031+0000] {logging_mixin.py:149} INFO - [2025-03-13T09:45:33.030+0000] {dag.py:3490} INFO - Setting next_dagrun for example_subdag_operator.section-1 to None, run_after=None
[2025-03-13T09:45:33.031+0000] {logging_mixin.py:149} INFO - [2025-03-13T09:45:33.031+0000] {dag.py:3490} INFO - Setting next_dagrun for example_subdag_operator.section-2 to None, run_after=None
[2025-03-13T09:45:33.043+0000] {processor.py:179} INFO - Processing /home/airflow/.local/lib/python3.7/site-packages/airflow/example_dags/example_subdag_operator.py took 0.101 seconds
[2025-03-13T09:46:04.418+0000] {processor.py:157} INFO - Started process (PID=299) to work on /home/airflow/.local/lib/python3.7/site-packages/airflow/example_dags/example_subdag_operator.py
[2025-03-13T09:46:04.419+0000] {processor.py:826} INFO - Processing file /home/airflow/.local/lib/python3.7/site-packages/airflow/example_dags/example_subdag_operator.py for tasks to queue
[2025-03-13T09:46:04.419+0000] {logging_mixin.py:149} INFO - [2025-03-13T09:46:04.419+0000] {dagbag.py:541} INFO - Filling up the DagBag from /home/airflow/.local/lib/python3.7/site-packages/airflow/example_dags/example_subdag_operator.py
[2025-03-13T09:46:04.443+0000] {processor.py:836} INFO - DAG(s) dict_keys(['example_subdag_operator.section-1', 'example_subdag_operator.section-2', 'example_subdag_operator']) retrieved from /home/airflow/.local/lib/python3.7/site-packages/airflow/example_dags/example_subdag_operator.py
[2025-03-13T09:46:04.557+0000] {logging_mixin.py:149} INFO - [2025-03-13T09:46:04.557+0000] {dag.py:2726} INFO - Sync 3 DAGs
[2025-03-13T09:46:04.576+0000] {logging_mixin.py:149} INFO - [2025-03-13T09:46:04.576+0000] {dag.py:3490} INFO - Setting next_dagrun for example_subdag_operator to 2022-01-01T00:00:00+00:00, run_after=2022-01-01T00:00:00+00:00
[2025-03-13T09:46:04.580+0000] {logging_mixin.py:149} INFO - [2025-03-13T09:46:04.579+0000] {dag.py:3490} INFO - Setting next_dagrun for example_subdag_operator.section-1 to None, run_after=None
[2025-03-13T09:46:04.581+0000] {logging_mixin.py:149} INFO - [2025-03-13T09:46:04.581+0000] {dag.py:3490} INFO - Setting next_dagrun for example_subdag_operator.section-2 to None, run_after=None
[2025-03-13T09:46:04.587+0000] {logging_mixin.py:149} INFO - [2025-03-13T09:46:04.587+0000] {dag.py:2726} INFO - Sync 2 DAGs
[2025-03-13T09:46:04.593+0000] {logging_mixin.py:149} INFO - [2025-03-13T09:46:04.592+0000] {dag.py:3490} INFO - Setting next_dagrun for example_subdag_operator.section-1 to None, run_after=None
[2025-03-13T09:46:04.593+0000] {logging_mixin.py:149} INFO - [2025-03-13T09:46:04.593+0000] {dag.py:3490} INFO - Setting next_dagrun for example_subdag_operator.section-2 to None, run_after=None
[2025-03-13T09:46:04.604+0000] {processor.py:179} INFO - Processing /home/airflow/.local/lib/python3.7/site-packages/airflow/example_dags/example_subdag_operator.py took 0.189 seconds
[2025-03-13T09:46:34.710+0000] {processor.py:157} INFO - Started process (PID=390) to work on /home/airflow/.local/lib/python3.7/site-packages/airflow/example_dags/example_subdag_operator.py
[2025-03-13T09:46:34.711+0000] {processor.py:826} INFO - Processing file /home/airflow/.local/lib/python3.7/site-packages/airflow/example_dags/example_subdag_operator.py for tasks to queue
[2025-03-13T09:46:34.712+0000] {logging_mixin.py:149} INFO - [2025-03-13T09:46:34.712+0000] {dagbag.py:541} INFO - Filling up the DagBag from /home/airflow/.local/lib/python3.7/site-packages/airflow/example_dags/example_subdag_operator.py
[2025-03-13T09:46:34.736+0000] {processor.py:836} INFO - DAG(s) dict_keys(['example_subdag_operator.section-1', 'example_subdag_operator.section-2', 'example_subdag_operator']) retrieved from /home/airflow/.local/lib/python3.7/site-packages/airflow/example_dags/example_subdag_operator.py
[2025-03-13T09:46:34.756+0000] {logging_mixin.py:149} INFO - [2025-03-13T09:46:34.756+0000] {dag.py:2726} INFO - Sync 3 DAGs
[2025-03-13T09:46:34.782+0000] {logging_mixin.py:149} INFO - [2025-03-13T09:46:34.782+0000] {dag.py:3490} INFO - Setting next_dagrun for example_subdag_operator to 2022-01-01T00:00:00+00:00, run_after=2022-01-01T00:00:00+00:00
[2025-03-13T09:46:34.785+0000] {logging_mixin.py:149} INFO - [2025-03-13T09:46:34.785+0000] {dag.py:3490} INFO - Setting next_dagrun for example_subdag_operator.section-1 to None, run_after=None
[2025-03-13T09:46:34.787+0000] {logging_mixin.py:149} INFO - [2025-03-13T09:46:34.786+0000] {dag.py:3490} INFO - Setting next_dagrun for example_subdag_operator.section-2 to None, run_after=None
[2025-03-13T09:46:34.794+0000] {logging_mixin.py:149} INFO - [2025-03-13T09:46:34.794+0000] {dag.py:2726} INFO - Sync 2 DAGs
[2025-03-13T09:46:34.799+0000] {logging_mixin.py:149} INFO - [2025-03-13T09:46:34.799+0000] {dag.py:3490} INFO - Setting next_dagrun for example_subdag_operator.section-1 to None, run_after=None
[2025-03-13T09:46:34.800+0000] {logging_mixin.py:149} INFO - [2025-03-13T09:46:34.800+0000] {dag.py:3490} INFO - Setting next_dagrun for example_subdag_operator.section-2 to None, run_after=None
[2025-03-13T09:46:34.814+0000] {processor.py:179} INFO - Processing /home/airflow/.local/lib/python3.7/site-packages/airflow/example_dags/example_subdag_operator.py took 0.109 seconds
[2025-03-13T09:47:05.838+0000] {processor.py:157} INFO - Started process (PID=481) to work on /home/airflow/.local/lib/python3.7/site-packages/airflow/example_dags/example_subdag_operator.py
[2025-03-13T09:47:05.839+0000] {processor.py:826} INFO - Processing file /home/airflow/.local/lib/python3.7/site-packages/airflow/example_dags/example_subdag_operator.py for tasks to queue
[2025-03-13T09:47:05.839+0000] {logging_mixin.py:149} INFO - [2025-03-13T09:47:05.839+0000] {dagbag.py:541} INFO - Filling up the DagBag from /home/airflow/.local/lib/python3.7/site-packages/airflow/example_dags/example_subdag_operator.py
[2025-03-13T09:47:05.861+0000] {processor.py:836} INFO - DAG(s) dict_keys(['example_subdag_operator.section-1', 'example_subdag_operator.section-2', 'example_subdag_operator']) retrieved from /home/airflow/.local/lib/python3.7/site-packages/airflow/example_dags/example_subdag_operator.py
[2025-03-13T09:47:05.878+0000] {logging_mixin.py:149} INFO - [2025-03-13T09:47:05.877+0000] {dag.py:2726} INFO - Sync 3 DAGs
[2025-03-13T09:47:05.899+0000] {logging_mixin.py:149} INFO - [2025-03-13T09:47:05.899+0000] {dag.py:3490} INFO - Setting next_dagrun for example_subdag_operator to 2022-01-01T00:00:00+00:00, run_after=2022-01-01T00:00:00+00:00
[2025-03-13T09:47:05.902+0000] {logging_mixin.py:149} INFO - [2025-03-13T09:47:05.902+0000] {dag.py:3490} INFO - Setting next_dagrun for example_subdag_operator.section-1 to None, run_after=None
[2025-03-13T09:47:05.903+0000] {logging_mixin.py:149} INFO - [2025-03-13T09:47:05.903+0000] {dag.py:3490} INFO - Setting next_dagrun for example_subdag_operator.section-2 to None, run_after=None
[2025-03-13T09:47:05.909+0000] {logging_mixin.py:149} INFO - [2025-03-13T09:47:05.909+0000] {dag.py:2726} INFO - Sync 2 DAGs
[2025-03-13T09:47:05.914+0000] {logging_mixin.py:149} INFO - [2025-03-13T09:47:05.914+0000] {dag.py:3490} INFO - Setting next_dagrun for example_subdag_operator.section-1 to None, run_after=None
[2025-03-13T09:47:05.914+0000] {logging_mixin.py:149} INFO - [2025-03-13T09:47:05.914+0000] {dag.py:3490} INFO - Setting next_dagrun for example_subdag_operator.section-2 to None, run_after=None
[2025-03-13T09:47:05.925+0000] {processor.py:179} INFO - Processing /home/airflow/.local/lib/python3.7/site-packages/airflow/example_dags/example_subdag_operator.py took 0.090 seconds
[2025-03-13T09:47:37.096+0000] {processor.py:157} INFO - Started process (PID=573) to work on /home/airflow/.local/lib/python3.7/site-packages/airflow/example_dags/example_subdag_operator.py
[2025-03-13T09:47:37.097+0000] {processor.py:826} INFO - Processing file /home/airflow/.local/lib/python3.7/site-packages/airflow/example_dags/example_subdag_operator.py for tasks to queue
[2025-03-13T09:47:37.097+0000] {logging_mixin.py:149} INFO - [2025-03-13T09:47:37.097+0000] {dagbag.py:541} INFO - Filling up the DagBag from /home/airflow/.local/lib/python3.7/site-packages/airflow/example_dags/example_subdag_operator.py
[2025-03-13T09:47:37.118+0000] {processor.py:836} INFO - DAG(s) dict_keys(['example_subdag_operator.section-1', 'example_subdag_operator.section-2', 'example_subdag_operator']) retrieved from /home/airflow/.local/lib/python3.7/site-packages/airflow/example_dags/example_subdag_operator.py
[2025-03-13T09:47:37.136+0000] {logging_mixin.py:149} INFO - [2025-03-13T09:47:37.135+0000] {dag.py:2726} INFO - Sync 3 DAGs
[2025-03-13T09:47:37.156+0000] {logging_mixin.py:149} INFO - [2025-03-13T09:47:37.156+0000] {dag.py:3490} INFO - Setting next_dagrun for example_subdag_operator to 2022-01-01T00:00:00+00:00, run_after=2022-01-01T00:00:00+00:00
[2025-03-13T09:47:37.159+0000] {logging_mixin.py:149} INFO - [2025-03-13T09:47:37.159+0000] {dag.py:3490} INFO - Setting next_dagrun for example_subdag_operator.section-1 to None, run_after=None
[2025-03-13T09:47:37.160+0000] {logging_mixin.py:149} INFO - [2025-03-13T09:47:37.160+0000] {dag.py:3490} INFO - Setting next_dagrun for example_subdag_operator.section-2 to None, run_after=None
[2025-03-13T09:47:37.166+0000] {logging_mixin.py:149} INFO - [2025-03-13T09:47:37.166+0000] {dag.py:2726} INFO - Sync 2 DAGs
[2025-03-13T09:47:37.170+0000] {logging_mixin.py:149} INFO - [2025-03-13T09:47:37.170+0000] {dag.py:3490} INFO - Setting next_dagrun for example_subdag_operator.section-1 to None, run_after=None
[2025-03-13T09:47:37.170+0000] {logging_mixin.py:149} INFO - [2025-03-13T09:47:37.170+0000] {dag.py:3490} INFO - Setting next_dagrun for example_subdag_operator.section-2 to None, run_after=None
[2025-03-13T09:47:37.182+0000] {processor.py:179} INFO - Processing /home/airflow/.local/lib/python3.7/site-packages/airflow/example_dags/example_subdag_operator.py took 0.089 seconds
[2025-03-13T09:48:08.100+0000] {processor.py:157} INFO - Started process (PID=664) to work on /home/airflow/.local/lib/python3.7/site-packages/airflow/example_dags/example_subdag_operator.py
[2025-03-13T09:48:08.101+0000] {processor.py:826} INFO - Processing file /home/airflow/.local/lib/python3.7/site-packages/airflow/example_dags/example_subdag_operator.py for tasks to queue
[2025-03-13T09:48:08.102+0000] {logging_mixin.py:149} INFO - [2025-03-13T09:48:08.102+0000] {dagbag.py:541} INFO - Filling up the DagBag from /home/airflow/.local/lib/python3.7/site-packages/airflow/example_dags/example_subdag_operator.py
[2025-03-13T09:48:08.128+0000] {processor.py:836} INFO - DAG(s) dict_keys(['example_subdag_operator.section-1', 'example_subdag_operator.section-2', 'example_subdag_operator']) retrieved from /home/airflow/.local/lib/python3.7/site-packages/airflow/example_dags/example_subdag_operator.py
[2025-03-13T09:48:08.147+0000] {logging_mixin.py:149} INFO - [2025-03-13T09:48:08.147+0000] {dag.py:2726} INFO - Sync 3 DAGs
[2025-03-13T09:48:08.172+0000] {logging_mixin.py:149} INFO - [2025-03-13T09:48:08.172+0000] {dag.py:3490} INFO - Setting next_dagrun for example_subdag_operator to 2022-01-01T00:00:00+00:00, run_after=2022-01-01T00:00:00+00:00
[2025-03-13T09:48:08.176+0000] {logging_mixin.py:149} INFO - [2025-03-13T09:48:08.176+0000] {dag.py:3490} INFO - Setting next_dagrun for example_subdag_operator.section-1 to None, run_after=None
[2025-03-13T09:48:08.178+0000] {logging_mixin.py:149} INFO - [2025-03-13T09:48:08.178+0000] {dag.py:3490} INFO - Setting next_dagrun for example_subdag_operator.section-2 to None, run_after=None
[2025-03-13T09:48:08.186+0000] {logging_mixin.py:149} INFO - [2025-03-13T09:48:08.186+0000] {dag.py:2726} INFO - Sync 2 DAGs
[2025-03-13T09:48:08.193+0000] {logging_mixin.py:149} INFO - [2025-03-13T09:48:08.192+0000] {dag.py:3490} INFO - Setting next_dagrun for example_subdag_operator.section-1 to None, run_after=None
[2025-03-13T09:48:08.193+0000] {logging_mixin.py:149} INFO - [2025-03-13T09:48:08.193+0000] {dag.py:3490} INFO - Setting next_dagrun for example_subdag_operator.section-2 to None, run_after=None
[2025-03-13T09:48:08.205+0000] {processor.py:179} INFO - Processing /home/airflow/.local/lib/python3.7/site-packages/airflow/example_dags/example_subdag_operator.py took 0.108 seconds
[2025-03-13T09:48:38.563+0000] {processor.py:157} INFO - Started process (PID=755) to work on /home/airflow/.local/lib/python3.7/site-packages/airflow/example_dags/example_subdag_operator.py
[2025-03-13T09:48:38.564+0000] {processor.py:826} INFO - Processing file /home/airflow/.local/lib/python3.7/site-packages/airflow/example_dags/example_subdag_operator.py for tasks to queue
[2025-03-13T09:48:38.564+0000] {logging_mixin.py:149} INFO - [2025-03-13T09:48:38.564+0000] {dagbag.py:541} INFO - Filling up the DagBag from /home/airflow/.local/lib/python3.7/site-packages/airflow/example_dags/example_subdag_operator.py
[2025-03-13T09:48:38.596+0000] {processor.py:836} INFO - DAG(s) dict_keys(['example_subdag_operator.section-1', 'example_subdag_operator.section-2', 'example_subdag_operator']) retrieved from /home/airflow/.local/lib/python3.7/site-packages/airflow/example_dags/example_subdag_operator.py
[2025-03-13T09:48:38.615+0000] {logging_mixin.py:149} INFO - [2025-03-13T09:48:38.615+0000] {dag.py:2726} INFO - Sync 3 DAGs
[2025-03-13T09:48:38.640+0000] {logging_mixin.py:149} INFO - [2025-03-13T09:48:38.639+0000] {dag.py:3490} INFO - Setting next_dagrun for example_subdag_operator to 2022-01-01T00:00:00+00:00, run_after=2022-01-01T00:00:00+00:00
[2025-03-13T09:48:38.643+0000] {logging_mixin.py:149} INFO - [2025-03-13T09:48:38.643+0000] {dag.py:3490} INFO - Setting next_dagrun for example_subdag_operator.section-1 to None, run_after=None
[2025-03-13T09:48:38.644+0000] {logging_mixin.py:149} INFO - [2025-03-13T09:48:38.644+0000] {dag.py:3490} INFO - Setting next_dagrun for example_subdag_operator.section-2 to None, run_after=None
[2025-03-13T09:48:38.652+0000] {logging_mixin.py:149} INFO - [2025-03-13T09:48:38.652+0000] {dag.py:2726} INFO - Sync 2 DAGs
[2025-03-13T09:48:38.658+0000] {logging_mixin.py:149} INFO - [2025-03-13T09:48:38.658+0000] {dag.py:3490} INFO - Setting next_dagrun for example_subdag_operator.section-1 to None, run_after=None
[2025-03-13T09:48:38.658+0000] {logging_mixin.py:149} INFO - [2025-03-13T09:48:38.658+0000] {dag.py:3490} INFO - Setting next_dagrun for example_subdag_operator.section-2 to None, run_after=None
[2025-03-13T09:48:38.670+0000] {processor.py:179} INFO - Processing /home/airflow/.local/lib/python3.7/site-packages/airflow/example_dags/example_subdag_operator.py took 0.111 seconds
[2025-03-13T09:49:09.747+0000] {processor.py:157} INFO - Started process (PID=846) to work on /home/airflow/.local/lib/python3.7/site-packages/airflow/example_dags/example_subdag_operator.py
[2025-03-13T09:49:09.749+0000] {processor.py:826} INFO - Processing file /home/airflow/.local/lib/python3.7/site-packages/airflow/example_dags/example_subdag_operator.py for tasks to queue
[2025-03-13T09:49:09.749+0000] {logging_mixin.py:149} INFO - [2025-03-13T09:49:09.749+0000] {dagbag.py:541} INFO - Filling up the DagBag from /home/airflow/.local/lib/python3.7/site-packages/airflow/example_dags/example_subdag_operator.py
[2025-03-13T09:49:09.774+0000] {processor.py:836} INFO - DAG(s) dict_keys(['example_subdag_operator.section-1', 'example_subdag_operator.section-2', 'example_subdag_operator']) retrieved from /home/airflow/.local/lib/python3.7/site-packages/airflow/example_dags/example_subdag_operator.py
[2025-03-13T09:49:09.791+0000] {logging_mixin.py:149} INFO - [2025-03-13T09:49:09.791+0000] {dag.py:2726} INFO - Sync 3 DAGs
[2025-03-13T09:49:09.815+0000] {logging_mixin.py:149} INFO - [2025-03-13T09:49:09.815+0000] {dag.py:3490} INFO - Setting next_dagrun for example_subdag_operator to 2022-01-01T00:00:00+00:00, run_after=2022-01-01T00:00:00+00:00
[2025-03-13T09:49:09.819+0000] {logging_mixin.py:149} INFO - [2025-03-13T09:49:09.819+0000] {dag.py:3490} INFO - Setting next_dagrun for example_subdag_operator.section-1 to None, run_after=None
[2025-03-13T09:49:09.820+0000] {logging_mixin.py:149} INFO - [2025-03-13T09:49:09.820+0000] {dag.py:3490} INFO - Setting next_dagrun for example_subdag_operator.section-2 to None, run_after=None
[2025-03-13T09:49:09.829+0000] {logging_mixin.py:149} INFO - [2025-03-13T09:49:09.828+0000] {dag.py:2726} INFO - Sync 2 DAGs
[2025-03-13T09:49:09.834+0000] {logging_mixin.py:149} INFO - [2025-03-13T09:49:09.834+0000] {dag.py:3490} INFO - Setting next_dagrun for example_subdag_operator.section-1 to None, run_after=None
[2025-03-13T09:49:09.834+0000] {logging_mixin.py:149} INFO - [2025-03-13T09:49:09.834+0000] {dag.py:3490} INFO - Setting next_dagrun for example_subdag_operator.section-2 to None, run_after=None
[2025-03-13T09:49:09.847+0000] {processor.py:179} INFO - Processing /home/airflow/.local/lib/python3.7/site-packages/airflow/example_dags/example_subdag_operator.py took 0.102 seconds
[2025-03-13T09:49:40.972+0000] {processor.py:157} INFO - Started process (PID=937) to work on /home/airflow/.local/lib/python3.7/site-packages/airflow/example_dags/example_subdag_operator.py
[2025-03-13T09:49:40.974+0000] {processor.py:826} INFO - Processing file /home/airflow/.local/lib/python3.7/site-packages/airflow/example_dags/example_subdag_operator.py for tasks to queue
[2025-03-13T09:49:40.974+0000] {logging_mixin.py:149} INFO - [2025-03-13T09:49:40.974+0000] {dagbag.py:541} INFO - Filling up the DagBag from /home/airflow/.local/lib/python3.7/site-packages/airflow/example_dags/example_subdag_operator.py
[2025-03-13T09:49:40.999+0000] {processor.py:836} INFO - DAG(s) dict_keys(['example_subdag_operator.section-1', 'example_subdag_operator.section-2', 'example_subdag_operator']) retrieved from /home/airflow/.local/lib/python3.7/site-packages/airflow/example_dags/example_subdag_operator.py
[2025-03-13T09:49:41.018+0000] {logging_mixin.py:149} INFO - [2025-03-13T09:49:41.018+0000] {dag.py:2726} INFO - Sync 3 DAGs
[2025-03-13T09:49:41.044+0000] {logging_mixin.py:149} INFO - [2025-03-13T09:49:41.044+0000] {dag.py:3490} INFO - Setting next_dagrun for example_subdag_operator to 2022-01-01T00:00:00+00:00, run_after=2022-01-01T00:00:00+00:00
[2025-03-13T09:49:41.047+0000] {logging_mixin.py:149} INFO - [2025-03-13T09:49:41.047+0000] {dag.py:3490} INFO - Setting next_dagrun for example_subdag_operator.section-1 to None, run_after=None
[2025-03-13T09:49:41.048+0000] {logging_mixin.py:149} INFO - [2025-03-13T09:49:41.048+0000] {dag.py:3490} INFO - Setting next_dagrun for example_subdag_operator.section-2 to None, run_after=None
[2025-03-13T09:49:41.056+0000] {logging_mixin.py:149} INFO - [2025-03-13T09:49:41.056+0000] {dag.py:2726} INFO - Sync 2 DAGs
[2025-03-13T09:49:41.060+0000] {logging_mixin.py:149} INFO - [2025-03-13T09:49:41.060+0000] {dag.py:3490} INFO - Setting next_dagrun for example_subdag_operator.section-1 to None, run_after=None
[2025-03-13T09:49:41.061+0000] {logging_mixin.py:149} INFO - [2025-03-13T09:49:41.061+0000] {dag.py:3490} INFO - Setting next_dagrun for example_subdag_operator.section-2 to None, run_after=None
[2025-03-13T09:49:41.072+0000] {processor.py:179} INFO - Processing /home/airflow/.local/lib/python3.7/site-packages/airflow/example_dags/example_subdag_operator.py took 0.103 seconds
[2025-03-13T09:50:12.129+0000] {processor.py:157} INFO - Started process (PID=1028) to work on /home/airflow/.local/lib/python3.7/site-packages/airflow/example_dags/example_subdag_operator.py
[2025-03-13T09:50:12.130+0000] {processor.py:826} INFO - Processing file /home/airflow/.local/lib/python3.7/site-packages/airflow/example_dags/example_subdag_operator.py for tasks to queue
[2025-03-13T09:50:12.131+0000] {logging_mixin.py:149} INFO - [2025-03-13T09:50:12.131+0000] {dagbag.py:541} INFO - Filling up the DagBag from /home/airflow/.local/lib/python3.7/site-packages/airflow/example_dags/example_subdag_operator.py
[2025-03-13T09:50:12.154+0000] {processor.py:836} INFO - DAG(s) dict_keys(['example_subdag_operator.section-1', 'example_subdag_operator.section-2', 'example_subdag_operator']) retrieved from /home/airflow/.local/lib/python3.7/site-packages/airflow/example_dags/example_subdag_operator.py
[2025-03-13T09:50:12.171+0000] {logging_mixin.py:149} INFO - [2025-03-13T09:50:12.171+0000] {dag.py:2726} INFO - Sync 3 DAGs
[2025-03-13T09:50:12.192+0000] {logging_mixin.py:149} INFO - [2025-03-13T09:50:12.192+0000] {dag.py:3490} INFO - Setting next_dagrun for example_subdag_operator to 2022-01-01T00:00:00+00:00, run_after=2022-01-01T00:00:00+00:00
[2025-03-13T09:50:12.196+0000] {logging_mixin.py:149} INFO - [2025-03-13T09:50:12.196+0000] {dag.py:3490} INFO - Setting next_dagrun for example_subdag_operator.section-1 to None, run_after=None
[2025-03-13T09:50:12.197+0000] {logging_mixin.py:149} INFO - [2025-03-13T09:50:12.197+0000] {dag.py:3490} INFO - Setting next_dagrun for example_subdag_operator.section-2 to None, run_after=None
[2025-03-13T09:50:12.204+0000] {logging_mixin.py:149} INFO - [2025-03-13T09:50:12.204+0000] {dag.py:2726} INFO - Sync 2 DAGs
[2025-03-13T09:50:12.210+0000] {logging_mixin.py:149} INFO - [2025-03-13T09:50:12.210+0000] {dag.py:3490} INFO - Setting next_dagrun for example_subdag_operator.section-1 to None, run_after=None
[2025-03-13T09:50:12.210+0000] {logging_mixin.py:149} INFO - [2025-03-13T09:50:12.210+0000] {dag.py:3490} INFO - Setting next_dagrun for example_subdag_operator.section-2 to None, run_after=None
[2025-03-13T09:50:12.222+0000] {processor.py:179} INFO - Processing /home/airflow/.local/lib/python3.7/site-packages/airflow/example_dags/example_subdag_operator.py took 0.096 seconds
[2025-03-13T09:50:43.264+0000] {processor.py:157} INFO - Started process (PID=1119) to work on /home/airflow/.local/lib/python3.7/site-packages/airflow/example_dags/example_subdag_operator.py
[2025-03-13T09:50:43.265+0000] {processor.py:826} INFO - Processing file /home/airflow/.local/lib/python3.7/site-packages/airflow/example_dags/example_subdag_operator.py for tasks to queue
[2025-03-13T09:50:43.265+0000] {logging_mixin.py:149} INFO - [2025-03-13T09:50:43.265+0000] {dagbag.py:541} INFO - Filling up the DagBag from /home/airflow/.local/lib/python3.7/site-packages/airflow/example_dags/example_subdag_operator.py
[2025-03-13T09:50:43.290+0000] {processor.py:836} INFO - DAG(s) dict_keys(['example_subdag_operator.section-1', 'example_subdag_operator.section-2', 'example_subdag_operator']) retrieved from /home/airflow/.local/lib/python3.7/site-packages/airflow/example_dags/example_subdag_operator.py
[2025-03-13T09:50:43.307+0000] {logging_mixin.py:149} INFO - [2025-03-13T09:50:43.307+0000] {dag.py:2726} INFO - Sync 3 DAGs
[2025-03-13T09:50:43.327+0000] {logging_mixin.py:149} INFO - [2025-03-13T09:50:43.327+0000] {dag.py:3490} INFO - Setting next_dagrun for example_subdag_operator to 2022-01-01T00:00:00+00:00, run_after=2022-01-01T00:00:00+00:00
[2025-03-13T09:50:43.330+0000] {logging_mixin.py:149} INFO - [2025-03-13T09:50:43.330+0000] {dag.py:3490} INFO - Setting next_dagrun for example_subdag_operator.section-1 to None, run_after=None
[2025-03-13T09:50:43.331+0000] {logging_mixin.py:149} INFO - [2025-03-13T09:50:43.331+0000] {dag.py:3490} INFO - Setting next_dagrun for example_subdag_operator.section-2 to None, run_after=None
[2025-03-13T09:50:43.337+0000] {logging_mixin.py:149} INFO - [2025-03-13T09:50:43.337+0000] {dag.py:2726} INFO - Sync 2 DAGs
[2025-03-13T09:50:43.343+0000] {logging_mixin.py:149} INFO - [2025-03-13T09:50:43.342+0000] {dag.py:3490} INFO - Setting next_dagrun for example_subdag_operator.section-1 to None, run_after=None
[2025-03-13T09:50:43.343+0000] {logging_mixin.py:149} INFO - [2025-03-13T09:50:43.343+0000] {dag.py:3490} INFO - Setting next_dagrun for example_subdag_operator.section-2 to None, run_after=None
[2025-03-13T09:50:43.355+0000] {processor.py:179} INFO - Processing /home/airflow/.local/lib/python3.7/site-packages/airflow/example_dags/example_subdag_operator.py took 0.094 seconds
[2025-03-13T09:51:14.852+0000] {processor.py:157} INFO - Started process (PID=1210) to work on /home/airflow/.local/lib/python3.7/site-packages/airflow/example_dags/example_subdag_operator.py
[2025-03-13T09:51:14.853+0000] {processor.py:826} INFO - Processing file /home/airflow/.local/lib/python3.7/site-packages/airflow/example_dags/example_subdag_operator.py for tasks to queue
[2025-03-13T09:51:14.853+0000] {logging_mixin.py:149} INFO - [2025-03-13T09:51:14.853+0000] {dagbag.py:541} INFO - Filling up the DagBag from /home/airflow/.local/lib/python3.7/site-packages/airflow/example_dags/example_subdag_operator.py
[2025-03-13T09:51:14.881+0000] {processor.py:836} INFO - DAG(s) dict_keys(['example_subdag_operator.section-1', 'example_subdag_operator.section-2', 'example_subdag_operator']) retrieved from /home/airflow/.local/lib/python3.7/site-packages/airflow/example_dags/example_subdag_operator.py
[2025-03-13T09:51:14.900+0000] {logging_mixin.py:149} INFO - [2025-03-13T09:51:14.900+0000] {dag.py:2726} INFO - Sync 3 DAGs
[2025-03-13T09:51:14.925+0000] {logging_mixin.py:149} INFO - [2025-03-13T09:51:14.925+0000] {dag.py:3490} INFO - Setting next_dagrun for example_subdag_operator to 2022-01-01T00:00:00+00:00, run_after=2022-01-01T00:00:00+00:00
[2025-03-13T09:51:14.928+0000] {logging_mixin.py:149} INFO - [2025-03-13T09:51:14.928+0000] {dag.py:3490} INFO - Setting next_dagrun for example_subdag_operator.section-1 to None, run_after=None
[2025-03-13T09:51:14.930+0000] {logging_mixin.py:149} INFO - [2025-03-13T09:51:14.929+0000] {dag.py:3490} INFO - Setting next_dagrun for example_subdag_operator.section-2 to None, run_after=None
[2025-03-13T09:51:14.937+0000] {logging_mixin.py:149} INFO - [2025-03-13T09:51:14.936+0000] {dag.py:2726} INFO - Sync 2 DAGs
[2025-03-13T09:51:14.943+0000] {logging_mixin.py:149} INFO - [2025-03-13T09:51:14.943+0000] {dag.py:3490} INFO - Setting next_dagrun for example_subdag_operator.section-1 to None, run_after=None
[2025-03-13T09:51:14.943+0000] {logging_mixin.py:149} INFO - [2025-03-13T09:51:14.943+0000] {dag.py:3490} INFO - Setting next_dagrun for example_subdag_operator.section-2 to None, run_after=None
[2025-03-13T09:51:14.955+0000] {processor.py:179} INFO - Processing /home/airflow/.local/lib/python3.7/site-packages/airflow/example_dags/example_subdag_operator.py took 0.106 seconds
[2025-03-13T09:51:46.038+0000] {processor.py:157} INFO - Started process (PID=1301) to work on /home/airflow/.local/lib/python3.7/site-packages/airflow/example_dags/example_subdag_operator.py
[2025-03-13T09:51:46.039+0000] {processor.py:826} INFO - Processing file /home/airflow/.local/lib/python3.7/site-packages/airflow/example_dags/example_subdag_operator.py for tasks to queue
[2025-03-13T09:51:46.040+0000] {logging_mixin.py:149} INFO - [2025-03-13T09:51:46.040+0000] {dagbag.py:541} INFO - Filling up the DagBag from /home/airflow/.local/lib/python3.7/site-packages/airflow/example_dags/example_subdag_operator.py
[2025-03-13T09:51:46.070+0000] {processor.py:836} INFO - DAG(s) dict_keys(['example_subdag_operator.section-1', 'example_subdag_operator.section-2', 'example_subdag_operator']) retrieved from /home/airflow/.local/lib/python3.7/site-packages/airflow/example_dags/example_subdag_operator.py
[2025-03-13T09:51:46.097+0000] {logging_mixin.py:149} INFO - [2025-03-13T09:51:46.097+0000] {dag.py:2726} INFO - Sync 3 DAGs
[2025-03-13T09:51:46.129+0000] {logging_mixin.py:149} INFO - [2025-03-13T09:51:46.129+0000] {dag.py:3490} INFO - Setting next_dagrun for example_subdag_operator to 2022-01-01T00:00:00+00:00, run_after=2022-01-01T00:00:00+00:00
[2025-03-13T09:51:46.134+0000] {logging_mixin.py:149} INFO - [2025-03-13T09:51:46.134+0000] {dag.py:3490} INFO - Setting next_dagrun for example_subdag_operator.section-1 to None, run_after=None
[2025-03-13T09:51:46.135+0000] {logging_mixin.py:149} INFO - [2025-03-13T09:51:46.135+0000] {dag.py:3490} INFO - Setting next_dagrun for example_subdag_operator.section-2 to None, run_after=None
[2025-03-13T09:51:46.142+0000] {logging_mixin.py:149} INFO - [2025-03-13T09:51:46.142+0000] {dag.py:2726} INFO - Sync 2 DAGs
[2025-03-13T09:51:46.148+0000] {logging_mixin.py:149} INFO - [2025-03-13T09:51:46.148+0000] {dag.py:3490} INFO - Setting next_dagrun for example_subdag_operator.section-1 to None, run_after=None
[2025-03-13T09:51:46.148+0000] {logging_mixin.py:149} INFO - [2025-03-13T09:51:46.148+0000] {dag.py:3490} INFO - Setting next_dagrun for example_subdag_operator.section-2 to None, run_after=None
[2025-03-13T09:51:46.160+0000] {processor.py:179} INFO - Processing /home/airflow/.local/lib/python3.7/site-packages/airflow/example_dags/example_subdag_operator.py took 0.126 seconds
[2025-03-13T09:52:17.368+0000] {processor.py:157} INFO - Started process (PID=1392) to work on /home/airflow/.local/lib/python3.7/site-packages/airflow/example_dags/example_subdag_operator.py
[2025-03-13T09:52:17.370+0000] {processor.py:826} INFO - Processing file /home/airflow/.local/lib/python3.7/site-packages/airflow/example_dags/example_subdag_operator.py for tasks to queue
[2025-03-13T09:52:17.371+0000] {logging_mixin.py:149} INFO - [2025-03-13T09:52:17.371+0000] {dagbag.py:541} INFO - Filling up the DagBag from /home/airflow/.local/lib/python3.7/site-packages/airflow/example_dags/example_subdag_operator.py
[2025-03-13T09:52:17.395+0000] {processor.py:836} INFO - DAG(s) dict_keys(['example_subdag_operator.section-1', 'example_subdag_operator.section-2', 'example_subdag_operator']) retrieved from /home/airflow/.local/lib/python3.7/site-packages/airflow/example_dags/example_subdag_operator.py
[2025-03-13T09:52:17.414+0000] {logging_mixin.py:149} INFO - [2025-03-13T09:52:17.413+0000] {dag.py:2726} INFO - Sync 3 DAGs
[2025-03-13T09:52:17.438+0000] {logging_mixin.py:149} INFO - [2025-03-13T09:52:17.438+0000] {dag.py:3490} INFO - Setting next_dagrun for example_subdag_operator to 2022-01-01T00:00:00+00:00, run_after=2022-01-01T00:00:00+00:00
[2025-03-13T09:52:17.443+0000] {logging_mixin.py:149} INFO - [2025-03-13T09:52:17.442+0000] {dag.py:3490} INFO - Setting next_dagrun for example_subdag_operator.section-1 to None, run_after=None
[2025-03-13T09:52:17.444+0000] {logging_mixin.py:149} INFO - [2025-03-13T09:52:17.444+0000] {dag.py:3490} INFO - Setting next_dagrun for example_subdag_operator.section-2 to None, run_after=None
[2025-03-13T09:52:17.452+0000] {logging_mixin.py:149} INFO - [2025-03-13T09:52:17.451+0000] {dag.py:2726} INFO - Sync 2 DAGs
[2025-03-13T09:52:17.457+0000] {logging_mixin.py:149} INFO - [2025-03-13T09:52:17.457+0000] {dag.py:3490} INFO - Setting next_dagrun for example_subdag_operator.section-1 to None, run_after=None
[2025-03-13T09:52:17.457+0000] {logging_mixin.py:149} INFO - [2025-03-13T09:52:17.457+0000] {dag.py:3490} INFO - Setting next_dagrun for example_subdag_operator.section-2 to None, run_after=None
[2025-03-13T09:52:17.472+0000] {processor.py:179} INFO - Processing /home/airflow/.local/lib/python3.7/site-packages/airflow/example_dags/example_subdag_operator.py took 0.107 seconds
[2025-03-13T09:52:48.578+0000] {processor.py:157} INFO - Started process (PID=1483) to work on /home/airflow/.local/lib/python3.7/site-packages/airflow/example_dags/example_subdag_operator.py
[2025-03-13T09:52:48.579+0000] {processor.py:826} INFO - Processing file /home/airflow/.local/lib/python3.7/site-packages/airflow/example_dags/example_subdag_operator.py for tasks to queue
[2025-03-13T09:52:48.580+0000] {logging_mixin.py:149} INFO - [2025-03-13T09:52:48.580+0000] {dagbag.py:541} INFO - Filling up the DagBag from /home/airflow/.local/lib/python3.7/site-packages/airflow/example_dags/example_subdag_operator.py
[2025-03-13T09:52:48.606+0000] {processor.py:836} INFO - DAG(s) dict_keys(['example_subdag_operator.section-1', 'example_subdag_operator.section-2', 'example_subdag_operator']) retrieved from /home/airflow/.local/lib/python3.7/site-packages/airflow/example_dags/example_subdag_operator.py
[2025-03-13T09:52:48.626+0000] {logging_mixin.py:149} INFO - [2025-03-13T09:52:48.626+0000] {dag.py:2726} INFO - Sync 3 DAGs
[2025-03-13T09:52:48.651+0000] {logging_mixin.py:149} INFO - [2025-03-13T09:52:48.651+0000] {dag.py:3490} INFO - Setting next_dagrun for example_subdag_operator to 2022-01-01T00:00:00+00:00, run_after=2022-01-01T00:00:00+00:00
[2025-03-13T09:52:48.654+0000] {logging_mixin.py:149} INFO - [2025-03-13T09:52:48.654+0000] {dag.py:3490} INFO - Setting next_dagrun for example_subdag_operator.section-1 to None, run_after=None
[2025-03-13T09:52:48.655+0000] {logging_mixin.py:149} INFO - [2025-03-13T09:52:48.655+0000] {dag.py:3490} INFO - Setting next_dagrun for example_subdag_operator.section-2 to None, run_after=None
[2025-03-13T09:52:48.662+0000] {logging_mixin.py:149} INFO - [2025-03-13T09:52:48.661+0000] {dag.py:2726} INFO - Sync 2 DAGs
[2025-03-13T09:52:48.668+0000] {logging_mixin.py:149} INFO - [2025-03-13T09:52:48.668+0000] {dag.py:3490} INFO - Setting next_dagrun for example_subdag_operator.section-1 to None, run_after=None
[2025-03-13T09:52:48.668+0000] {logging_mixin.py:149} INFO - [2025-03-13T09:52:48.668+0000] {dag.py:3490} INFO - Setting next_dagrun for example_subdag_operator.section-2 to None, run_after=None
[2025-03-13T09:52:48.680+0000] {processor.py:179} INFO - Processing /home/airflow/.local/lib/python3.7/site-packages/airflow/example_dags/example_subdag_operator.py took 0.107 seconds
[2025-03-13T09:53:19.042+0000] {processor.py:157} INFO - Started process (PID=1573) to work on /home/airflow/.local/lib/python3.7/site-packages/airflow/example_dags/example_subdag_operator.py
[2025-03-13T09:53:19.043+0000] {processor.py:826} INFO - Processing file /home/airflow/.local/lib/python3.7/site-packages/airflow/example_dags/example_subdag_operator.py for tasks to queue
[2025-03-13T09:53:19.044+0000] {logging_mixin.py:149} INFO - [2025-03-13T09:53:19.044+0000] {dagbag.py:541} INFO - Filling up the DagBag from /home/airflow/.local/lib/python3.7/site-packages/airflow/example_dags/example_subdag_operator.py
[2025-03-13T09:53:19.067+0000] {processor.py:836} INFO - DAG(s) dict_keys(['example_subdag_operator.section-1', 'example_subdag_operator.section-2', 'example_subdag_operator']) retrieved from /home/airflow/.local/lib/python3.7/site-packages/airflow/example_dags/example_subdag_operator.py
[2025-03-13T09:53:19.085+0000] {logging_mixin.py:149} INFO - [2025-03-13T09:53:19.085+0000] {dag.py:2726} INFO - Sync 3 DAGs
[2025-03-13T09:53:19.107+0000] {logging_mixin.py:149} INFO - [2025-03-13T09:53:19.107+0000] {dag.py:3490} INFO - Setting next_dagrun for example_subdag_operator to 2022-01-01T00:00:00+00:00, run_after=2022-01-01T00:00:00+00:00
[2025-03-13T09:53:19.110+0000] {logging_mixin.py:149} INFO - [2025-03-13T09:53:19.110+0000] {dag.py:3490} INFO - Setting next_dagrun for example_subdag_operator.section-1 to None, run_after=None
[2025-03-13T09:53:19.111+0000] {logging_mixin.py:149} INFO - [2025-03-13T09:53:19.111+0000] {dag.py:3490} INFO - Setting next_dagrun for example_subdag_operator.section-2 to None, run_after=None
[2025-03-13T09:53:19.119+0000] {logging_mixin.py:149} INFO - [2025-03-13T09:53:19.119+0000] {dag.py:2726} INFO - Sync 2 DAGs
[2025-03-13T09:53:19.124+0000] {logging_mixin.py:149} INFO - [2025-03-13T09:53:19.124+0000] {dag.py:3490} INFO - Setting next_dagrun for example_subdag_operator.section-1 to None, run_after=None
[2025-03-13T09:53:19.125+0000] {logging_mixin.py:149} INFO - [2025-03-13T09:53:19.124+0000] {dag.py:3490} INFO - Setting next_dagrun for example_subdag_operator.section-2 to None, run_after=None
[2025-03-13T09:53:19.135+0000] {processor.py:179} INFO - Processing /home/airflow/.local/lib/python3.7/site-packages/airflow/example_dags/example_subdag_operator.py took 0.096 seconds
[2025-03-13T09:53:50.523+0000] {processor.py:157} INFO - Started process (PID=1665) to work on /home/airflow/.local/lib/python3.7/site-packages/airflow/example_dags/example_subdag_operator.py
[2025-03-13T09:53:50.524+0000] {processor.py:826} INFO - Processing file /home/airflow/.local/lib/python3.7/site-packages/airflow/example_dags/example_subdag_operator.py for tasks to queue
[2025-03-13T09:53:50.525+0000] {logging_mixin.py:149} INFO - [2025-03-13T09:53:50.525+0000] {dagbag.py:541} INFO - Filling up the DagBag from /home/airflow/.local/lib/python3.7/site-packages/airflow/example_dags/example_subdag_operator.py
[2025-03-13T09:53:50.549+0000] {processor.py:836} INFO - DAG(s) dict_keys(['example_subdag_operator.section-1', 'example_subdag_operator.section-2', 'example_subdag_operator']) retrieved from /home/airflow/.local/lib/python3.7/site-packages/airflow/example_dags/example_subdag_operator.py
[2025-03-13T09:53:50.568+0000] {logging_mixin.py:149} INFO - [2025-03-13T09:53:50.567+0000] {dag.py:2726} INFO - Sync 3 DAGs
[2025-03-13T09:53:50.591+0000] {logging_mixin.py:149} INFO - [2025-03-13T09:53:50.591+0000] {dag.py:3490} INFO - Setting next_dagrun for example_subdag_operator to 2022-01-01T00:00:00+00:00, run_after=2022-01-01T00:00:00+00:00
[2025-03-13T09:53:50.594+0000] {logging_mixin.py:149} INFO - [2025-03-13T09:53:50.594+0000] {dag.py:3490} INFO - Setting next_dagrun for example_subdag_operator.section-1 to None, run_after=None
[2025-03-13T09:53:50.596+0000] {logging_mixin.py:149} INFO - [2025-03-13T09:53:50.595+0000] {dag.py:3490} INFO - Setting next_dagrun for example_subdag_operator.section-2 to None, run_after=None
[2025-03-13T09:53:50.602+0000] {logging_mixin.py:149} INFO - [2025-03-13T09:53:50.602+0000] {dag.py:2726} INFO - Sync 2 DAGs
[2025-03-13T09:53:50.607+0000] {logging_mixin.py:149} INFO - [2025-03-13T09:53:50.607+0000] {dag.py:3490} INFO - Setting next_dagrun for example_subdag_operator.section-1 to None, run_after=None
[2025-03-13T09:53:50.608+0000] {logging_mixin.py:149} INFO - [2025-03-13T09:53:50.607+0000] {dag.py:3490} INFO - Setting next_dagrun for example_subdag_operator.section-2 to None, run_after=None
[2025-03-13T09:53:50.620+0000] {processor.py:179} INFO - Processing /home/airflow/.local/lib/python3.7/site-packages/airflow/example_dags/example_subdag_operator.py took 0.099 seconds
[2025-03-13T09:54:21.740+0000] {processor.py:157} INFO - Started process (PID=1756) to work on /home/airflow/.local/lib/python3.7/site-packages/airflow/example_dags/example_subdag_operator.py
[2025-03-13T09:54:21.741+0000] {processor.py:826} INFO - Processing file /home/airflow/.local/lib/python3.7/site-packages/airflow/example_dags/example_subdag_operator.py for tasks to queue
[2025-03-13T09:54:21.742+0000] {logging_mixin.py:149} INFO - [2025-03-13T09:54:21.742+0000] {dagbag.py:541} INFO - Filling up the DagBag from /home/airflow/.local/lib/python3.7/site-packages/airflow/example_dags/example_subdag_operator.py
[2025-03-13T09:54:21.770+0000] {processor.py:836} INFO - DAG(s) dict_keys(['example_subdag_operator.section-1', 'example_subdag_operator.section-2', 'example_subdag_operator']) retrieved from /home/airflow/.local/lib/python3.7/site-packages/airflow/example_dags/example_subdag_operator.py
[2025-03-13T09:54:21.789+0000] {logging_mixin.py:149} INFO - [2025-03-13T09:54:21.789+0000] {dag.py:2726} INFO - Sync 3 DAGs
[2025-03-13T09:54:21.813+0000] {logging_mixin.py:149} INFO - [2025-03-13T09:54:21.812+0000] {dag.py:3490} INFO - Setting next_dagrun for example_subdag_operator to 2022-01-01T00:00:00+00:00, run_after=2022-01-01T00:00:00+00:00
[2025-03-13T09:54:21.816+0000] {logging_mixin.py:149} INFO - [2025-03-13T09:54:21.815+0000] {dag.py:3490} INFO - Setting next_dagrun for example_subdag_operator.section-1 to None, run_after=None
[2025-03-13T09:54:21.817+0000] {logging_mixin.py:149} INFO - [2025-03-13T09:54:21.817+0000] {dag.py:3490} INFO - Setting next_dagrun for example_subdag_operator.section-2 to None, run_after=None
[2025-03-13T09:54:21.824+0000] {logging_mixin.py:149} INFO - [2025-03-13T09:54:21.824+0000] {dag.py:2726} INFO - Sync 2 DAGs
[2025-03-13T09:54:21.830+0000] {logging_mixin.py:149} INFO - [2025-03-13T09:54:21.830+0000] {dag.py:3490} INFO - Setting next_dagrun for example_subdag_operator.section-1 to None, run_after=None
[2025-03-13T09:54:21.830+0000] {logging_mixin.py:149} INFO - [2025-03-13T09:54:21.830+0000] {dag.py:3490} INFO - Setting next_dagrun for example_subdag_operator.section-2 to None, run_after=None
[2025-03-13T09:54:21.841+0000] {processor.py:179} INFO - Processing /home/airflow/.local/lib/python3.7/site-packages/airflow/example_dags/example_subdag_operator.py took 0.105 seconds
[2025-03-13T09:54:53.078+0000] {processor.py:157} INFO - Started process (PID=1847) to work on /home/airflow/.local/lib/python3.7/site-packages/airflow/example_dags/example_subdag_operator.py
[2025-03-13T09:54:53.079+0000] {processor.py:826} INFO - Processing file /home/airflow/.local/lib/python3.7/site-packages/airflow/example_dags/example_subdag_operator.py for tasks to queue
[2025-03-13T09:54:53.080+0000] {logging_mixin.py:149} INFO - [2025-03-13T09:54:53.080+0000] {dagbag.py:541} INFO - Filling up the DagBag from /home/airflow/.local/lib/python3.7/site-packages/airflow/example_dags/example_subdag_operator.py
[2025-03-13T09:54:53.104+0000] {processor.py:836} INFO - DAG(s) dict_keys(['example_subdag_operator.section-1', 'example_subdag_operator.section-2', 'example_subdag_operator']) retrieved from /home/airflow/.local/lib/python3.7/site-packages/airflow/example_dags/example_subdag_operator.py
[2025-03-13T09:54:53.122+0000] {logging_mixin.py:149} INFO - [2025-03-13T09:54:53.122+0000] {dag.py:2726} INFO - Sync 3 DAGs
[2025-03-13T09:54:53.147+0000] {logging_mixin.py:149} INFO - [2025-03-13T09:54:53.147+0000] {dag.py:3490} INFO - Setting next_dagrun for example_subdag_operator to 2022-01-01T00:00:00+00:00, run_after=2022-01-01T00:00:00+00:00
[2025-03-13T09:54:53.151+0000] {logging_mixin.py:149} INFO - [2025-03-13T09:54:53.151+0000] {dag.py:3490} INFO - Setting next_dagrun for example_subdag_operator.section-1 to None, run_after=None
[2025-03-13T09:54:53.152+0000] {logging_mixin.py:149} INFO - [2025-03-13T09:54:53.152+0000] {dag.py:3490} INFO - Setting next_dagrun for example_subdag_operator.section-2 to None, run_after=None
[2025-03-13T09:54:53.160+0000] {logging_mixin.py:149} INFO - [2025-03-13T09:54:53.160+0000] {dag.py:2726} INFO - Sync 2 DAGs
[2025-03-13T09:54:53.166+0000] {logging_mixin.py:149} INFO - [2025-03-13T09:54:53.166+0000] {dag.py:3490} INFO - Setting next_dagrun for example_subdag_operator.section-1 to None, run_after=None
[2025-03-13T09:54:53.166+0000] {logging_mixin.py:149} INFO - [2025-03-13T09:54:53.166+0000] {dag.py:3490} INFO - Setting next_dagrun for example_subdag_operator.section-2 to None, run_after=None
[2025-03-13T09:54:53.178+0000] {processor.py:179} INFO - Processing /home/airflow/.local/lib/python3.7/site-packages/airflow/example_dags/example_subdag_operator.py took 0.103 seconds
[2025-03-13T09:55:24.344+0000] {processor.py:157} INFO - Started process (PID=1938) to work on /home/airflow/.local/lib/python3.7/site-packages/airflow/example_dags/example_subdag_operator.py
[2025-03-13T09:55:24.345+0000] {processor.py:826} INFO - Processing file /home/airflow/.local/lib/python3.7/site-packages/airflow/example_dags/example_subdag_operator.py for tasks to queue
[2025-03-13T09:55:24.346+0000] {logging_mixin.py:149} INFO - [2025-03-13T09:55:24.345+0000] {dagbag.py:541} INFO - Filling up the DagBag from /home/airflow/.local/lib/python3.7/site-packages/airflow/example_dags/example_subdag_operator.py
[2025-03-13T09:55:24.369+0000] {processor.py:836} INFO - DAG(s) dict_keys(['example_subdag_operator.section-1', 'example_subdag_operator.section-2', 'example_subdag_operator']) retrieved from /home/airflow/.local/lib/python3.7/site-packages/airflow/example_dags/example_subdag_operator.py
[2025-03-13T09:55:24.386+0000] {logging_mixin.py:149} INFO - [2025-03-13T09:55:24.386+0000] {dag.py:2726} INFO - Sync 3 DAGs
[2025-03-13T09:55:24.409+0000] {logging_mixin.py:149} INFO - [2025-03-13T09:55:24.409+0000] {dag.py:3490} INFO - Setting next_dagrun for example_subdag_operator to 2022-01-01T00:00:00+00:00, run_after=2022-01-01T00:00:00+00:00
[2025-03-13T09:55:24.412+0000] {logging_mixin.py:149} INFO - [2025-03-13T09:55:24.412+0000] {dag.py:3490} INFO - Setting next_dagrun for example_subdag_operator.section-1 to None, run_after=None
[2025-03-13T09:55:24.413+0000] {logging_mixin.py:149} INFO - [2025-03-13T09:55:24.413+0000] {dag.py:3490} INFO - Setting next_dagrun for example_subdag_operator.section-2 to None, run_after=None
[2025-03-13T09:55:24.420+0000] {logging_mixin.py:149} INFO - [2025-03-13T09:55:24.420+0000] {dag.py:2726} INFO - Sync 2 DAGs
[2025-03-13T09:55:24.425+0000] {logging_mixin.py:149} INFO - [2025-03-13T09:55:24.425+0000] {dag.py:3490} INFO - Setting next_dagrun for example_subdag_operator.section-1 to None, run_after=None
[2025-03-13T09:55:24.425+0000] {logging_mixin.py:149} INFO - [2025-03-13T09:55:24.425+0000] {dag.py:3490} INFO - Setting next_dagrun for example_subdag_operator.section-2 to None, run_after=None
[2025-03-13T09:55:24.435+0000] {processor.py:179} INFO - Processing /home/airflow/.local/lib/python3.7/site-packages/airflow/example_dags/example_subdag_operator.py took 0.095 seconds
[2025-03-13T09:55:55.700+0000] {processor.py:157} INFO - Started process (PID=2029) to work on /home/airflow/.local/lib/python3.7/site-packages/airflow/example_dags/example_subdag_operator.py
[2025-03-13T09:55:55.701+0000] {processor.py:826} INFO - Processing file /home/airflow/.local/lib/python3.7/site-packages/airflow/example_dags/example_subdag_operator.py for tasks to queue
[2025-03-13T09:55:55.702+0000] {logging_mixin.py:149} INFO - [2025-03-13T09:55:55.702+0000] {dagbag.py:541} INFO - Filling up the DagBag from /home/airflow/.local/lib/python3.7/site-packages/airflow/example_dags/example_subdag_operator.py
[2025-03-13T09:55:55.730+0000] {processor.py:836} INFO - DAG(s) dict_keys(['example_subdag_operator.section-1', 'example_subdag_operator.section-2', 'example_subdag_operator']) retrieved from /home/airflow/.local/lib/python3.7/site-packages/airflow/example_dags/example_subdag_operator.py
[2025-03-13T09:55:55.751+0000] {logging_mixin.py:149} INFO - [2025-03-13T09:55:55.751+0000] {dag.py:2726} INFO - Sync 3 DAGs
[2025-03-13T09:55:55.777+0000] {logging_mixin.py:149} INFO - [2025-03-13T09:55:55.777+0000] {dag.py:3490} INFO - Setting next_dagrun for example_subdag_operator to 2022-01-01T00:00:00+00:00, run_after=2022-01-01T00:00:00+00:00
[2025-03-13T09:55:55.781+0000] {logging_mixin.py:149} INFO - [2025-03-13T09:55:55.781+0000] {dag.py:3490} INFO - Setting next_dagrun for example_subdag_operator.section-1 to None, run_after=None
[2025-03-13T09:55:55.783+0000] {logging_mixin.py:149} INFO - [2025-03-13T09:55:55.783+0000] {dag.py:3490} INFO - Setting next_dagrun for example_subdag_operator.section-2 to None, run_after=None
[2025-03-13T09:55:55.792+0000] {logging_mixin.py:149} INFO - [2025-03-13T09:55:55.792+0000] {dag.py:2726} INFO - Sync 2 DAGs
[2025-03-13T09:55:55.800+0000] {logging_mixin.py:149} INFO - [2025-03-13T09:55:55.800+0000] {dag.py:3490} INFO - Setting next_dagrun for example_subdag_operator.section-1 to None, run_after=None
[2025-03-13T09:55:55.800+0000] {logging_mixin.py:149} INFO - [2025-03-13T09:55:55.800+0000] {dag.py:3490} INFO - Setting next_dagrun for example_subdag_operator.section-2 to None, run_after=None
[2025-03-13T09:55:55.818+0000] {processor.py:179} INFO - Processing /home/airflow/.local/lib/python3.7/site-packages/airflow/example_dags/example_subdag_operator.py took 0.123 seconds
[2025-03-13T09:56:26.015+0000] {processor.py:157} INFO - Started process (PID=2120) to work on /home/airflow/.local/lib/python3.7/site-packages/airflow/example_dags/example_subdag_operator.py
[2025-03-13T09:56:26.016+0000] {processor.py:826} INFO - Processing file /home/airflow/.local/lib/python3.7/site-packages/airflow/example_dags/example_subdag_operator.py for tasks to queue
[2025-03-13T09:56:26.017+0000] {logging_mixin.py:149} INFO - [2025-03-13T09:56:26.017+0000] {dagbag.py:541} INFO - Filling up the DagBag from /home/airflow/.local/lib/python3.7/site-packages/airflow/example_dags/example_subdag_operator.py
[2025-03-13T09:56:26.038+0000] {processor.py:836} INFO - DAG(s) dict_keys(['example_subdag_operator.section-1', 'example_subdag_operator.section-2', 'example_subdag_operator']) retrieved from /home/airflow/.local/lib/python3.7/site-packages/airflow/example_dags/example_subdag_operator.py
[2025-03-13T09:56:26.055+0000] {logging_mixin.py:149} INFO - [2025-03-13T09:56:26.055+0000] {dag.py:2726} INFO - Sync 3 DAGs
[2025-03-13T09:56:26.075+0000] {logging_mixin.py:149} INFO - [2025-03-13T09:56:26.075+0000] {dag.py:3490} INFO - Setting next_dagrun for example_subdag_operator to 2022-01-01T00:00:00+00:00, run_after=2022-01-01T00:00:00+00:00
[2025-03-13T09:56:26.078+0000] {logging_mixin.py:149} INFO - [2025-03-13T09:56:26.078+0000] {dag.py:3490} INFO - Setting next_dagrun for example_subdag_operator.section-1 to None, run_after=None
[2025-03-13T09:56:26.079+0000] {logging_mixin.py:149} INFO - [2025-03-13T09:56:26.079+0000] {dag.py:3490} INFO - Setting next_dagrun for example_subdag_operator.section-2 to None, run_after=None
[2025-03-13T09:56:26.085+0000] {logging_mixin.py:149} INFO - [2025-03-13T09:56:26.085+0000] {dag.py:2726} INFO - Sync 2 DAGs
[2025-03-13T09:56:26.090+0000] {logging_mixin.py:149} INFO - [2025-03-13T09:56:26.090+0000] {dag.py:3490} INFO - Setting next_dagrun for example_subdag_operator.section-1 to None, run_after=None
[2025-03-13T09:56:26.091+0000] {logging_mixin.py:149} INFO - [2025-03-13T09:56:26.091+0000] {dag.py:3490} INFO - Setting next_dagrun for example_subdag_operator.section-2 to None, run_after=None
[2025-03-13T09:56:26.100+0000] {processor.py:179} INFO - Processing /home/airflow/.local/lib/python3.7/site-packages/airflow/example_dags/example_subdag_operator.py took 0.088 seconds
[2025-03-13T09:56:56.670+0000] {processor.py:157} INFO - Started process (PID=2211) to work on /home/airflow/.local/lib/python3.7/site-packages/airflow/example_dags/example_subdag_operator.py
[2025-03-13T09:56:56.671+0000] {processor.py:826} INFO - Processing file /home/airflow/.local/lib/python3.7/site-packages/airflow/example_dags/example_subdag_operator.py for tasks to queue
[2025-03-13T09:56:56.672+0000] {logging_mixin.py:149} INFO - [2025-03-13T09:56:56.672+0000] {dagbag.py:541} INFO - Filling up the DagBag from /home/airflow/.local/lib/python3.7/site-packages/airflow/example_dags/example_subdag_operator.py
[2025-03-13T09:56:56.698+0000] {processor.py:836} INFO - DAG(s) dict_keys(['example_subdag_operator.section-1', 'example_subdag_operator.section-2', 'example_subdag_operator']) retrieved from /home/airflow/.local/lib/python3.7/site-packages/airflow/example_dags/example_subdag_operator.py
[2025-03-13T09:56:56.716+0000] {logging_mixin.py:149} INFO - [2025-03-13T09:56:56.716+0000] {dag.py:2726} INFO - Sync 3 DAGs
[2025-03-13T09:56:56.740+0000] {logging_mixin.py:149} INFO - [2025-03-13T09:56:56.740+0000] {dag.py:3490} INFO - Setting next_dagrun for example_subdag_operator to 2022-01-01T00:00:00+00:00, run_after=2022-01-01T00:00:00+00:00
[2025-03-13T09:56:56.743+0000] {logging_mixin.py:149} INFO - [2025-03-13T09:56:56.743+0000] {dag.py:3490} INFO - Setting next_dagrun for example_subdag_operator.section-1 to None, run_after=None
[2025-03-13T09:56:56.744+0000] {logging_mixin.py:149} INFO - [2025-03-13T09:56:56.744+0000] {dag.py:3490} INFO - Setting next_dagrun for example_subdag_operator.section-2 to None, run_after=None
[2025-03-13T09:56:56.751+0000] {logging_mixin.py:149} INFO - [2025-03-13T09:56:56.750+0000] {dag.py:2726} INFO - Sync 2 DAGs
[2025-03-13T09:56:56.755+0000] {logging_mixin.py:149} INFO - [2025-03-13T09:56:56.755+0000] {dag.py:3490} INFO - Setting next_dagrun for example_subdag_operator.section-1 to None, run_after=None
[2025-03-13T09:56:56.756+0000] {logging_mixin.py:149} INFO - [2025-03-13T09:56:56.756+0000] {dag.py:3490} INFO - Setting next_dagrun for example_subdag_operator.section-2 to None, run_after=None
[2025-03-13T09:56:56.766+0000] {processor.py:179} INFO - Processing /home/airflow/.local/lib/python3.7/site-packages/airflow/example_dags/example_subdag_operator.py took 0.100 seconds
[2025-03-13T09:57:27.157+0000] {processor.py:157} INFO - Started process (PID=2302) to work on /home/airflow/.local/lib/python3.7/site-packages/airflow/example_dags/example_subdag_operator.py
[2025-03-13T09:57:27.159+0000] {processor.py:826} INFO - Processing file /home/airflow/.local/lib/python3.7/site-packages/airflow/example_dags/example_subdag_operator.py for tasks to queue
[2025-03-13T09:57:27.159+0000] {logging_mixin.py:149} INFO - [2025-03-13T09:57:27.159+0000] {dagbag.py:541} INFO - Filling up the DagBag from /home/airflow/.local/lib/python3.7/site-packages/airflow/example_dags/example_subdag_operator.py
[2025-03-13T09:57:27.184+0000] {processor.py:836} INFO - DAG(s) dict_keys(['example_subdag_operator.section-1', 'example_subdag_operator.section-2', 'example_subdag_operator']) retrieved from /home/airflow/.local/lib/python3.7/site-packages/airflow/example_dags/example_subdag_operator.py
[2025-03-13T09:57:27.202+0000] {logging_mixin.py:149} INFO - [2025-03-13T09:57:27.202+0000] {dag.py:2726} INFO - Sync 3 DAGs
[2025-03-13T09:57:27.228+0000] {logging_mixin.py:149} INFO - [2025-03-13T09:57:27.228+0000] {dag.py:3490} INFO - Setting next_dagrun for example_subdag_operator to 2022-01-01T00:00:00+00:00, run_after=2022-01-01T00:00:00+00:00
[2025-03-13T09:57:27.231+0000] {logging_mixin.py:149} INFO - [2025-03-13T09:57:27.231+0000] {dag.py:3490} INFO - Setting next_dagrun for example_subdag_operator.section-1 to None, run_after=None
[2025-03-13T09:57:27.233+0000] {logging_mixin.py:149} INFO - [2025-03-13T09:57:27.232+0000] {dag.py:3490} INFO - Setting next_dagrun for example_subdag_operator.section-2 to None, run_after=None
[2025-03-13T09:57:27.240+0000] {logging_mixin.py:149} INFO - [2025-03-13T09:57:27.240+0000] {dag.py:2726} INFO - Sync 2 DAGs
[2025-03-13T09:57:27.246+0000] {logging_mixin.py:149} INFO - [2025-03-13T09:57:27.245+0000] {dag.py:3490} INFO - Setting next_dagrun for example_subdag_operator.section-1 to None, run_after=None
[2025-03-13T09:57:27.246+0000] {logging_mixin.py:149} INFO - [2025-03-13T09:57:27.246+0000] {dag.py:3490} INFO - Setting next_dagrun for example_subdag_operator.section-2 to None, run_after=None
[2025-03-13T09:57:27.258+0000] {processor.py:179} INFO - Processing /home/airflow/.local/lib/python3.7/site-packages/airflow/example_dags/example_subdag_operator.py took 0.104 seconds
[2025-03-13T09:57:57.414+0000] {processor.py:157} INFO - Started process (PID=2392) to work on /home/airflow/.local/lib/python3.7/site-packages/airflow/example_dags/example_subdag_operator.py
[2025-03-13T09:57:57.415+0000] {processor.py:826} INFO - Processing file /home/airflow/.local/lib/python3.7/site-packages/airflow/example_dags/example_subdag_operator.py for tasks to queue
[2025-03-13T09:57:57.415+0000] {logging_mixin.py:149} INFO - [2025-03-13T09:57:57.415+0000] {dagbag.py:541} INFO - Filling up the DagBag from /home/airflow/.local/lib/python3.7/site-packages/airflow/example_dags/example_subdag_operator.py
[2025-03-13T09:57:57.439+0000] {processor.py:836} INFO - DAG(s) dict_keys(['example_subdag_operator.section-1', 'example_subdag_operator.section-2', 'example_subdag_operator']) retrieved from /home/airflow/.local/lib/python3.7/site-packages/airflow/example_dags/example_subdag_operator.py
[2025-03-13T09:57:57.456+0000] {logging_mixin.py:149} INFO - [2025-03-13T09:57:57.456+0000] {dag.py:2726} INFO - Sync 3 DAGs
[2025-03-13T09:57:57.476+0000] {logging_mixin.py:149} INFO - [2025-03-13T09:57:57.476+0000] {dag.py:3490} INFO - Setting next_dagrun for example_subdag_operator to 2022-01-01T00:00:00+00:00, run_after=2022-01-01T00:00:00+00:00
[2025-03-13T09:57:57.479+0000] {logging_mixin.py:149} INFO - [2025-03-13T09:57:57.479+0000] {dag.py:3490} INFO - Setting next_dagrun for example_subdag_operator.section-1 to None, run_after=None
[2025-03-13T09:57:57.480+0000] {logging_mixin.py:149} INFO - [2025-03-13T09:57:57.480+0000] {dag.py:3490} INFO - Setting next_dagrun for example_subdag_operator.section-2 to None, run_after=None
[2025-03-13T09:57:57.486+0000] {logging_mixin.py:149} INFO - [2025-03-13T09:57:57.486+0000] {dag.py:2726} INFO - Sync 2 DAGs
[2025-03-13T09:57:57.491+0000] {logging_mixin.py:149} INFO - [2025-03-13T09:57:57.491+0000] {dag.py:3490} INFO - Setting next_dagrun for example_subdag_operator.section-1 to None, run_after=None
[2025-03-13T09:57:57.491+0000] {logging_mixin.py:149} INFO - [2025-03-13T09:57:57.491+0000] {dag.py:3490} INFO - Setting next_dagrun for example_subdag_operator.section-2 to None, run_after=None
[2025-03-13T09:57:57.503+0000] {processor.py:179} INFO - Processing /home/airflow/.local/lib/python3.7/site-packages/airflow/example_dags/example_subdag_operator.py took 0.092 seconds
[2025-03-13T09:58:28.649+0000] {processor.py:157} INFO - Started process (PID=2484) to work on /home/airflow/.local/lib/python3.7/site-packages/airflow/example_dags/example_subdag_operator.py
[2025-03-13T09:58:28.650+0000] {processor.py:826} INFO - Processing file /home/airflow/.local/lib/python3.7/site-packages/airflow/example_dags/example_subdag_operator.py for tasks to queue
[2025-03-13T09:58:28.651+0000] {logging_mixin.py:149} INFO - [2025-03-13T09:58:28.651+0000] {dagbag.py:541} INFO - Filling up the DagBag from /home/airflow/.local/lib/python3.7/site-packages/airflow/example_dags/example_subdag_operator.py
[2025-03-13T09:58:28.673+0000] {processor.py:836} INFO - DAG(s) dict_keys(['example_subdag_operator.section-1', 'example_subdag_operator.section-2', 'example_subdag_operator']) retrieved from /home/airflow/.local/lib/python3.7/site-packages/airflow/example_dags/example_subdag_operator.py
[2025-03-13T09:58:28.689+0000] {logging_mixin.py:149} INFO - [2025-03-13T09:58:28.689+0000] {dag.py:2726} INFO - Sync 3 DAGs
[2025-03-13T09:58:28.709+0000] {logging_mixin.py:149} INFO - [2025-03-13T09:58:28.709+0000] {dag.py:3490} INFO - Setting next_dagrun for example_subdag_operator to 2022-01-01T00:00:00+00:00, run_after=2022-01-01T00:00:00+00:00
[2025-03-13T09:58:28.714+0000] {logging_mixin.py:149} INFO - [2025-03-13T09:58:28.714+0000] {dag.py:3490} INFO - Setting next_dagrun for example_subdag_operator.section-1 to None, run_after=None
[2025-03-13T09:58:28.715+0000] {logging_mixin.py:149} INFO - [2025-03-13T09:58:28.715+0000] {dag.py:3490} INFO - Setting next_dagrun for example_subdag_operator.section-2 to None, run_after=None
[2025-03-13T09:58:28.722+0000] {logging_mixin.py:149} INFO - [2025-03-13T09:58:28.721+0000] {dag.py:2726} INFO - Sync 2 DAGs
[2025-03-13T09:58:28.727+0000] {logging_mixin.py:149} INFO - [2025-03-13T09:58:28.727+0000] {dag.py:3490} INFO - Setting next_dagrun for example_subdag_operator.section-1 to None, run_after=None
[2025-03-13T09:58:28.727+0000] {logging_mixin.py:149} INFO - [2025-03-13T09:58:28.727+0000] {dag.py:3490} INFO - Setting next_dagrun for example_subdag_operator.section-2 to None, run_after=None
[2025-03-13T09:58:28.738+0000] {processor.py:179} INFO - Processing /home/airflow/.local/lib/python3.7/site-packages/airflow/example_dags/example_subdag_operator.py took 0.092 seconds
[2025-03-13T09:58:59.959+0000] {processor.py:157} INFO - Started process (PID=2575) to work on /home/airflow/.local/lib/python3.7/site-packages/airflow/example_dags/example_subdag_operator.py
[2025-03-13T09:58:59.960+0000] {processor.py:826} INFO - Processing file /home/airflow/.local/lib/python3.7/site-packages/airflow/example_dags/example_subdag_operator.py for tasks to queue
[2025-03-13T09:58:59.961+0000] {logging_mixin.py:149} INFO - [2025-03-13T09:58:59.961+0000] {dagbag.py:541} INFO - Filling up the DagBag from /home/airflow/.local/lib/python3.7/site-packages/airflow/example_dags/example_subdag_operator.py
[2025-03-13T09:58:59.985+0000] {processor.py:836} INFO - DAG(s) dict_keys(['example_subdag_operator.section-1', 'example_subdag_operator.section-2', 'example_subdag_operator']) retrieved from /home/airflow/.local/lib/python3.7/site-packages/airflow/example_dags/example_subdag_operator.py
[2025-03-13T09:59:00.004+0000] {logging_mixin.py:149} INFO - [2025-03-13T09:59:00.004+0000] {dag.py:2726} INFO - Sync 3 DAGs
[2025-03-13T09:59:00.027+0000] {logging_mixin.py:149} INFO - [2025-03-13T09:59:00.027+0000] {dag.py:3490} INFO - Setting next_dagrun for example_subdag_operator to 2022-01-01T00:00:00+00:00, run_after=2022-01-01T00:00:00+00:00
[2025-03-13T09:59:00.030+0000] {logging_mixin.py:149} INFO - [2025-03-13T09:59:00.030+0000] {dag.py:3490} INFO - Setting next_dagrun for example_subdag_operator.section-1 to None, run_after=None
[2025-03-13T09:59:00.032+0000] {logging_mixin.py:149} INFO - [2025-03-13T09:59:00.031+0000] {dag.py:3490} INFO - Setting next_dagrun for example_subdag_operator.section-2 to None, run_after=None
[2025-03-13T09:59:00.038+0000] {logging_mixin.py:149} INFO - [2025-03-13T09:59:00.038+0000] {dag.py:2726} INFO - Sync 2 DAGs
[2025-03-13T09:59:00.043+0000] {logging_mixin.py:149} INFO - [2025-03-13T09:59:00.043+0000] {dag.py:3490} INFO - Setting next_dagrun for example_subdag_operator.section-1 to None, run_after=None
[2025-03-13T09:59:00.044+0000] {logging_mixin.py:149} INFO - [2025-03-13T09:59:00.044+0000] {dag.py:3490} INFO - Setting next_dagrun for example_subdag_operator.section-2 to None, run_after=None
[2025-03-13T09:59:00.054+0000] {processor.py:179} INFO - Processing /home/airflow/.local/lib/python3.7/site-packages/airflow/example_dags/example_subdag_operator.py took 0.098 seconds
[2025-03-13T09:59:30.585+0000] {processor.py:157} INFO - Started process (PID=2666) to work on /home/airflow/.local/lib/python3.7/site-packages/airflow/example_dags/example_subdag_operator.py
[2025-03-13T09:59:30.586+0000] {processor.py:826} INFO - Processing file /home/airflow/.local/lib/python3.7/site-packages/airflow/example_dags/example_subdag_operator.py for tasks to queue
[2025-03-13T09:59:30.587+0000] {logging_mixin.py:149} INFO - [2025-03-13T09:59:30.587+0000] {dagbag.py:541} INFO - Filling up the DagBag from /home/airflow/.local/lib/python3.7/site-packages/airflow/example_dags/example_subdag_operator.py
[2025-03-13T09:59:30.612+0000] {processor.py:836} INFO - DAG(s) dict_keys(['example_subdag_operator.section-1', 'example_subdag_operator.section-2', 'example_subdag_operator']) retrieved from /home/airflow/.local/lib/python3.7/site-packages/airflow/example_dags/example_subdag_operator.py
[2025-03-13T09:59:30.632+0000] {logging_mixin.py:149} INFO - [2025-03-13T09:59:30.632+0000] {dag.py:2726} INFO - Sync 3 DAGs
[2025-03-13T09:59:30.656+0000] {logging_mixin.py:149} INFO - [2025-03-13T09:59:30.656+0000] {dag.py:3490} INFO - Setting next_dagrun for example_subdag_operator to 2022-01-01T00:00:00+00:00, run_after=2022-01-01T00:00:00+00:00
[2025-03-13T09:59:30.660+0000] {logging_mixin.py:149} INFO - [2025-03-13T09:59:30.660+0000] {dag.py:3490} INFO - Setting next_dagrun for example_subdag_operator.section-1 to None, run_after=None
[2025-03-13T09:59:30.661+0000] {logging_mixin.py:149} INFO - [2025-03-13T09:59:30.661+0000] {dag.py:3490} INFO - Setting next_dagrun for example_subdag_operator.section-2 to None, run_after=None
[2025-03-13T09:59:30.669+0000] {logging_mixin.py:149} INFO - [2025-03-13T09:59:30.669+0000] {dag.py:2726} INFO - Sync 2 DAGs
[2025-03-13T09:59:30.677+0000] {logging_mixin.py:149} INFO - [2025-03-13T09:59:30.677+0000] {dag.py:3490} INFO - Setting next_dagrun for example_subdag_operator.section-1 to None, run_after=None
[2025-03-13T09:59:30.678+0000] {logging_mixin.py:149} INFO - [2025-03-13T09:59:30.678+0000] {dag.py:3490} INFO - Setting next_dagrun for example_subdag_operator.section-2 to None, run_after=None
[2025-03-13T09:59:30.695+0000] {processor.py:179} INFO - Processing /home/airflow/.local/lib/python3.7/site-packages/airflow/example_dags/example_subdag_operator.py took 0.112 seconds
[2025-03-13T10:00:01.041+0000] {processor.py:157} INFO - Started process (PID=2757) to work on /home/airflow/.local/lib/python3.7/site-packages/airflow/example_dags/example_subdag_operator.py
[2025-03-13T10:00:01.042+0000] {processor.py:826} INFO - Processing file /home/airflow/.local/lib/python3.7/site-packages/airflow/example_dags/example_subdag_operator.py for tasks to queue
[2025-03-13T10:00:01.042+0000] {logging_mixin.py:149} INFO - [2025-03-13T10:00:01.042+0000] {dagbag.py:541} INFO - Filling up the DagBag from /home/airflow/.local/lib/python3.7/site-packages/airflow/example_dags/example_subdag_operator.py
[2025-03-13T10:00:01.066+0000] {processor.py:836} INFO - DAG(s) dict_keys(['example_subdag_operator.section-1', 'example_subdag_operator.section-2', 'example_subdag_operator']) retrieved from /home/airflow/.local/lib/python3.7/site-packages/airflow/example_dags/example_subdag_operator.py
[2025-03-13T10:00:01.084+0000] {logging_mixin.py:149} INFO - [2025-03-13T10:00:01.084+0000] {dag.py:2726} INFO - Sync 3 DAGs
[2025-03-13T10:00:01.110+0000] {logging_mixin.py:149} INFO - [2025-03-13T10:00:01.109+0000] {dag.py:3490} INFO - Setting next_dagrun for example_subdag_operator to 2022-01-01T00:00:00+00:00, run_after=2022-01-01T00:00:00+00:00
[2025-03-13T10:00:01.113+0000] {logging_mixin.py:149} INFO - [2025-03-13T10:00:01.113+0000] {dag.py:3490} INFO - Setting next_dagrun for example_subdag_operator.section-1 to None, run_after=None
[2025-03-13T10:00:01.114+0000] {logging_mixin.py:149} INFO - [2025-03-13T10:00:01.114+0000] {dag.py:3490} INFO - Setting next_dagrun for example_subdag_operator.section-2 to None, run_after=None
[2025-03-13T10:00:01.121+0000] {logging_mixin.py:149} INFO - [2025-03-13T10:00:01.121+0000] {dag.py:2726} INFO - Sync 2 DAGs
[2025-03-13T10:00:01.126+0000] {logging_mixin.py:149} INFO - [2025-03-13T10:00:01.126+0000] {dag.py:3490} INFO - Setting next_dagrun for example_subdag_operator.section-1 to None, run_after=None
[2025-03-13T10:00:01.126+0000] {logging_mixin.py:149} INFO - [2025-03-13T10:00:01.126+0000] {dag.py:3490} INFO - Setting next_dagrun for example_subdag_operator.section-2 to None, run_after=None
[2025-03-13T10:00:01.138+0000] {processor.py:179} INFO - Processing /home/airflow/.local/lib/python3.7/site-packages/airflow/example_dags/example_subdag_operator.py took 0.100 seconds
[2025-03-13T10:00:31.355+0000] {processor.py:157} INFO - Started process (PID=2848) to work on /home/airflow/.local/lib/python3.7/site-packages/airflow/example_dags/example_subdag_operator.py
[2025-03-13T10:00:31.356+0000] {processor.py:826} INFO - Processing file /home/airflow/.local/lib/python3.7/site-packages/airflow/example_dags/example_subdag_operator.py for tasks to queue
[2025-03-13T10:00:31.357+0000] {logging_mixin.py:149} INFO - [2025-03-13T10:00:31.357+0000] {dagbag.py:541} INFO - Filling up the DagBag from /home/airflow/.local/lib/python3.7/site-packages/airflow/example_dags/example_subdag_operator.py
[2025-03-13T10:00:31.384+0000] {processor.py:836} INFO - DAG(s) dict_keys(['example_subdag_operator.section-1', 'example_subdag_operator.section-2', 'example_subdag_operator']) retrieved from /home/airflow/.local/lib/python3.7/site-packages/airflow/example_dags/example_subdag_operator.py
[2025-03-13T10:00:31.404+0000] {logging_mixin.py:149} INFO - [2025-03-13T10:00:31.403+0000] {dag.py:2726} INFO - Sync 3 DAGs
[2025-03-13T10:00:31.431+0000] {logging_mixin.py:149} INFO - [2025-03-13T10:00:31.431+0000] {dag.py:3490} INFO - Setting next_dagrun for example_subdag_operator to 2022-01-01T00:00:00+00:00, run_after=2022-01-01T00:00:00+00:00
[2025-03-13T10:00:31.435+0000] {logging_mixin.py:149} INFO - [2025-03-13T10:00:31.435+0000] {dag.py:3490} INFO - Setting next_dagrun for example_subdag_operator.section-1 to None, run_after=None
[2025-03-13T10:00:31.436+0000] {logging_mixin.py:149} INFO - [2025-03-13T10:00:31.436+0000] {dag.py:3490} INFO - Setting next_dagrun for example_subdag_operator.section-2 to None, run_after=None
[2025-03-13T10:00:31.445+0000] {logging_mixin.py:149} INFO - [2025-03-13T10:00:31.445+0000] {dag.py:2726} INFO - Sync 2 DAGs
[2025-03-13T10:00:31.451+0000] {logging_mixin.py:149} INFO - [2025-03-13T10:00:31.451+0000] {dag.py:3490} INFO - Setting next_dagrun for example_subdag_operator.section-1 to None, run_after=None
[2025-03-13T10:00:31.451+0000] {logging_mixin.py:149} INFO - [2025-03-13T10:00:31.451+0000] {dag.py:3490} INFO - Setting next_dagrun for example_subdag_operator.section-2 to None, run_after=None
[2025-03-13T10:00:31.467+0000] {processor.py:179} INFO - Processing /home/airflow/.local/lib/python3.7/site-packages/airflow/example_dags/example_subdag_operator.py took 0.115 seconds
[2025-03-13T10:01:02.106+0000] {processor.py:157} INFO - Started process (PID=2939) to work on /home/airflow/.local/lib/python3.7/site-packages/airflow/example_dags/example_subdag_operator.py
[2025-03-13T10:01:02.107+0000] {processor.py:826} INFO - Processing file /home/airflow/.local/lib/python3.7/site-packages/airflow/example_dags/example_subdag_operator.py for tasks to queue
[2025-03-13T10:01:02.108+0000] {logging_mixin.py:149} INFO - [2025-03-13T10:01:02.108+0000] {dagbag.py:541} INFO - Filling up the DagBag from /home/airflow/.local/lib/python3.7/site-packages/airflow/example_dags/example_subdag_operator.py
[2025-03-13T10:01:02.136+0000] {processor.py:836} INFO - DAG(s) dict_keys(['example_subdag_operator.section-1', 'example_subdag_operator.section-2', 'example_subdag_operator']) retrieved from /home/airflow/.local/lib/python3.7/site-packages/airflow/example_dags/example_subdag_operator.py
[2025-03-13T10:01:02.158+0000] {logging_mixin.py:149} INFO - [2025-03-13T10:01:02.157+0000] {dag.py:2726} INFO - Sync 3 DAGs
[2025-03-13T10:01:02.182+0000] {logging_mixin.py:149} INFO - [2025-03-13T10:01:02.181+0000] {dag.py:3490} INFO - Setting next_dagrun for example_subdag_operator to 2022-01-01T00:00:00+00:00, run_after=2022-01-01T00:00:00+00:00
[2025-03-13T10:01:02.186+0000] {logging_mixin.py:149} INFO - [2025-03-13T10:01:02.186+0000] {dag.py:3490} INFO - Setting next_dagrun for example_subdag_operator.section-1 to None, run_after=None
[2025-03-13T10:01:02.187+0000] {logging_mixin.py:149} INFO - [2025-03-13T10:01:02.187+0000] {dag.py:3490} INFO - Setting next_dagrun for example_subdag_operator.section-2 to None, run_after=None
[2025-03-13T10:01:02.195+0000] {logging_mixin.py:149} INFO - [2025-03-13T10:01:02.195+0000] {dag.py:2726} INFO - Sync 2 DAGs
[2025-03-13T10:01:02.201+0000] {logging_mixin.py:149} INFO - [2025-03-13T10:01:02.201+0000] {dag.py:3490} INFO - Setting next_dagrun for example_subdag_operator.section-1 to None, run_after=None
[2025-03-13T10:01:02.202+0000] {logging_mixin.py:149} INFO - [2025-03-13T10:01:02.201+0000] {dag.py:3490} INFO - Setting next_dagrun for example_subdag_operator.section-2 to None, run_after=None
[2025-03-13T10:01:02.218+0000] {processor.py:179} INFO - Processing /home/airflow/.local/lib/python3.7/site-packages/airflow/example_dags/example_subdag_operator.py took 0.116 seconds
[2025-03-13T10:01:32.643+0000] {processor.py:157} INFO - Started process (PID=3030) to work on /home/airflow/.local/lib/python3.7/site-packages/airflow/example_dags/example_subdag_operator.py
[2025-03-13T10:01:32.644+0000] {processor.py:826} INFO - Processing file /home/airflow/.local/lib/python3.7/site-packages/airflow/example_dags/example_subdag_operator.py for tasks to queue
[2025-03-13T10:01:32.644+0000] {logging_mixin.py:149} INFO - [2025-03-13T10:01:32.644+0000] {dagbag.py:541} INFO - Filling up the DagBag from /home/airflow/.local/lib/python3.7/site-packages/airflow/example_dags/example_subdag_operator.py
[2025-03-13T10:01:32.675+0000] {processor.py:836} INFO - DAG(s) dict_keys(['example_subdag_operator.section-1', 'example_subdag_operator.section-2', 'example_subdag_operator']) retrieved from /home/airflow/.local/lib/python3.7/site-packages/airflow/example_dags/example_subdag_operator.py
[2025-03-13T10:01:32.704+0000] {logging_mixin.py:149} INFO - [2025-03-13T10:01:32.704+0000] {dag.py:2726} INFO - Sync 3 DAGs
[2025-03-13T10:01:32.744+0000] {logging_mixin.py:149} INFO - [2025-03-13T10:01:32.744+0000] {dag.py:3490} INFO - Setting next_dagrun for example_subdag_operator to 2022-01-01T00:00:00+00:00, run_after=2022-01-01T00:00:00+00:00
[2025-03-13T10:01:32.754+0000] {logging_mixin.py:149} INFO - [2025-03-13T10:01:32.753+0000] {dag.py:3490} INFO - Setting next_dagrun for example_subdag_operator.section-1 to None, run_after=None
[2025-03-13T10:01:32.756+0000] {logging_mixin.py:149} INFO - [2025-03-13T10:01:32.756+0000] {dag.py:3490} INFO - Setting next_dagrun for example_subdag_operator.section-2 to None, run_after=None
[2025-03-13T10:01:32.770+0000] {logging_mixin.py:149} INFO - [2025-03-13T10:01:32.770+0000] {dag.py:2726} INFO - Sync 2 DAGs
[2025-03-13T10:01:32.781+0000] {logging_mixin.py:149} INFO - [2025-03-13T10:01:32.781+0000] {dag.py:3490} INFO - Setting next_dagrun for example_subdag_operator.section-1 to None, run_after=None
[2025-03-13T10:01:32.781+0000] {logging_mixin.py:149} INFO - [2025-03-13T10:01:32.781+0000] {dag.py:3490} INFO - Setting next_dagrun for example_subdag_operator.section-2 to None, run_after=None
[2025-03-13T10:01:32.805+0000] {processor.py:179} INFO - Processing /home/airflow/.local/lib/python3.7/site-packages/airflow/example_dags/example_subdag_operator.py took 0.166 seconds
[2025-03-13T10:02:03.162+0000] {processor.py:157} INFO - Started process (PID=3121) to work on /home/airflow/.local/lib/python3.7/site-packages/airflow/example_dags/example_subdag_operator.py
[2025-03-13T10:02:03.163+0000] {processor.py:826} INFO - Processing file /home/airflow/.local/lib/python3.7/site-packages/airflow/example_dags/example_subdag_operator.py for tasks to queue
[2025-03-13T10:02:03.164+0000] {logging_mixin.py:149} INFO - [2025-03-13T10:02:03.163+0000] {dagbag.py:541} INFO - Filling up the DagBag from /home/airflow/.local/lib/python3.7/site-packages/airflow/example_dags/example_subdag_operator.py
[2025-03-13T10:02:03.189+0000] {processor.py:836} INFO - DAG(s) dict_keys(['example_subdag_operator.section-1', 'example_subdag_operator.section-2', 'example_subdag_operator']) retrieved from /home/airflow/.local/lib/python3.7/site-packages/airflow/example_dags/example_subdag_operator.py
[2025-03-13T10:02:03.210+0000] {logging_mixin.py:149} INFO - [2025-03-13T10:02:03.210+0000] {dag.py:2726} INFO - Sync 3 DAGs
[2025-03-13T10:02:03.234+0000] {logging_mixin.py:149} INFO - [2025-03-13T10:02:03.234+0000] {dag.py:3490} INFO - Setting next_dagrun for example_subdag_operator to 2022-01-01T00:00:00+00:00, run_after=2022-01-01T00:00:00+00:00
[2025-03-13T10:02:03.238+0000] {logging_mixin.py:149} INFO - [2025-03-13T10:02:03.238+0000] {dag.py:3490} INFO - Setting next_dagrun for example_subdag_operator.section-1 to None, run_after=None
[2025-03-13T10:02:03.239+0000] {logging_mixin.py:149} INFO - [2025-03-13T10:02:03.239+0000] {dag.py:3490} INFO - Setting next_dagrun for example_subdag_operator.section-2 to None, run_after=None
[2025-03-13T10:02:03.248+0000] {logging_mixin.py:149} INFO - [2025-03-13T10:02:03.247+0000] {dag.py:2726} INFO - Sync 2 DAGs
[2025-03-13T10:02:03.254+0000] {logging_mixin.py:149} INFO - [2025-03-13T10:02:03.254+0000] {dag.py:3490} INFO - Setting next_dagrun for example_subdag_operator.section-1 to None, run_after=None
[2025-03-13T10:02:03.254+0000] {logging_mixin.py:149} INFO - [2025-03-13T10:02:03.254+0000] {dag.py:3490} INFO - Setting next_dagrun for example_subdag_operator.section-2 to None, run_after=None
[2025-03-13T10:02:03.268+0000] {processor.py:179} INFO - Processing /home/airflow/.local/lib/python3.7/site-packages/airflow/example_dags/example_subdag_operator.py took 0.110 seconds
[2025-03-13T10:02:34.345+0000] {processor.py:157} INFO - Started process (PID=3219) to work on /home/airflow/.local/lib/python3.7/site-packages/airflow/example_dags/example_subdag_operator.py
[2025-03-13T10:02:34.346+0000] {processor.py:826} INFO - Processing file /home/airflow/.local/lib/python3.7/site-packages/airflow/example_dags/example_subdag_operator.py for tasks to queue
[2025-03-13T10:02:34.347+0000] {logging_mixin.py:149} INFO - [2025-03-13T10:02:34.346+0000] {dagbag.py:541} INFO - Filling up the DagBag from /home/airflow/.local/lib/python3.7/site-packages/airflow/example_dags/example_subdag_operator.py
[2025-03-13T10:02:34.370+0000] {processor.py:836} INFO - DAG(s) dict_keys(['example_subdag_operator.section-1', 'example_subdag_operator.section-2', 'example_subdag_operator']) retrieved from /home/airflow/.local/lib/python3.7/site-packages/airflow/example_dags/example_subdag_operator.py
[2025-03-13T10:02:34.389+0000] {logging_mixin.py:149} INFO - [2025-03-13T10:02:34.389+0000] {dag.py:2726} INFO - Sync 3 DAGs
[2025-03-13T10:02:34.413+0000] {logging_mixin.py:149} INFO - [2025-03-13T10:02:34.413+0000] {dag.py:3490} INFO - Setting next_dagrun for example_subdag_operator to 2022-01-01T00:00:00+00:00, run_after=2022-01-01T00:00:00+00:00
[2025-03-13T10:02:34.416+0000] {logging_mixin.py:149} INFO - [2025-03-13T10:02:34.416+0000] {dag.py:3490} INFO - Setting next_dagrun for example_subdag_operator.section-1 to None, run_after=None
[2025-03-13T10:02:34.418+0000] {logging_mixin.py:149} INFO - [2025-03-13T10:02:34.417+0000] {dag.py:3490} INFO - Setting next_dagrun for example_subdag_operator.section-2 to None, run_after=None
[2025-03-13T10:02:34.425+0000] {logging_mixin.py:149} INFO - [2025-03-13T10:02:34.425+0000] {dag.py:2726} INFO - Sync 2 DAGs
[2025-03-13T10:02:34.430+0000] {logging_mixin.py:149} INFO - [2025-03-13T10:02:34.430+0000] {dag.py:3490} INFO - Setting next_dagrun for example_subdag_operator.section-1 to None, run_after=None
[2025-03-13T10:02:34.431+0000] {logging_mixin.py:149} INFO - [2025-03-13T10:02:34.431+0000] {dag.py:3490} INFO - Setting next_dagrun for example_subdag_operator.section-2 to None, run_after=None
[2025-03-13T10:02:34.441+0000] {processor.py:179} INFO - Processing /home/airflow/.local/lib/python3.7/site-packages/airflow/example_dags/example_subdag_operator.py took 0.099 seconds
[2025-03-13T10:03:05.965+0000] {processor.py:157} INFO - Started process (PID=3310) to work on /home/airflow/.local/lib/python3.7/site-packages/airflow/example_dags/example_subdag_operator.py
[2025-03-13T10:03:05.966+0000] {processor.py:826} INFO - Processing file /home/airflow/.local/lib/python3.7/site-packages/airflow/example_dags/example_subdag_operator.py for tasks to queue
[2025-03-13T10:03:05.967+0000] {logging_mixin.py:149} INFO - [2025-03-13T10:03:05.967+0000] {dagbag.py:541} INFO - Filling up the DagBag from /home/airflow/.local/lib/python3.7/site-packages/airflow/example_dags/example_subdag_operator.py
[2025-03-13T10:03:05.996+0000] {processor.py:836} INFO - DAG(s) dict_keys(['example_subdag_operator.section-1', 'example_subdag_operator.section-2', 'example_subdag_operator']) retrieved from /home/airflow/.local/lib/python3.7/site-packages/airflow/example_dags/example_subdag_operator.py
[2025-03-13T10:03:06.020+0000] {logging_mixin.py:149} INFO - [2025-03-13T10:03:06.020+0000] {dag.py:2726} INFO - Sync 3 DAGs
[2025-03-13T10:03:06.053+0000] {logging_mixin.py:149} INFO - [2025-03-13T10:03:06.052+0000] {dag.py:3490} INFO - Setting next_dagrun for example_subdag_operator to 2022-01-01T00:00:00+00:00, run_after=2022-01-01T00:00:00+00:00
[2025-03-13T10:03:06.056+0000] {logging_mixin.py:149} INFO - [2025-03-13T10:03:06.056+0000] {dag.py:3490} INFO - Setting next_dagrun for example_subdag_operator.section-1 to None, run_after=None
[2025-03-13T10:03:06.058+0000] {logging_mixin.py:149} INFO - [2025-03-13T10:03:06.058+0000] {dag.py:3490} INFO - Setting next_dagrun for example_subdag_operator.section-2 to None, run_after=None
[2025-03-13T10:03:06.065+0000] {logging_mixin.py:149} INFO - [2025-03-13T10:03:06.065+0000] {dag.py:2726} INFO - Sync 2 DAGs
[2025-03-13T10:03:06.071+0000] {logging_mixin.py:149} INFO - [2025-03-13T10:03:06.071+0000] {dag.py:3490} INFO - Setting next_dagrun for example_subdag_operator.section-1 to None, run_after=None
[2025-03-13T10:03:06.071+0000] {logging_mixin.py:149} INFO - [2025-03-13T10:03:06.071+0000] {dag.py:3490} INFO - Setting next_dagrun for example_subdag_operator.section-2 to None, run_after=None
[2025-03-13T10:03:06.084+0000] {processor.py:179} INFO - Processing /home/airflow/.local/lib/python3.7/site-packages/airflow/example_dags/example_subdag_operator.py took 0.121 seconds
[2025-03-13T10:03:36.581+0000] {processor.py:157} INFO - Started process (PID=3401) to work on /home/airflow/.local/lib/python3.7/site-packages/airflow/example_dags/example_subdag_operator.py
[2025-03-13T10:03:36.582+0000] {processor.py:826} INFO - Processing file /home/airflow/.local/lib/python3.7/site-packages/airflow/example_dags/example_subdag_operator.py for tasks to queue
[2025-03-13T10:03:36.583+0000] {logging_mixin.py:149} INFO - [2025-03-13T10:03:36.583+0000] {dagbag.py:541} INFO - Filling up the DagBag from /home/airflow/.local/lib/python3.7/site-packages/airflow/example_dags/example_subdag_operator.py
[2025-03-13T10:03:36.609+0000] {processor.py:836} INFO - DAG(s) dict_keys(['example_subdag_operator.section-1', 'example_subdag_operator.section-2', 'example_subdag_operator']) retrieved from /home/airflow/.local/lib/python3.7/site-packages/airflow/example_dags/example_subdag_operator.py
[2025-03-13T10:03:36.631+0000] {logging_mixin.py:149} INFO - [2025-03-13T10:03:36.631+0000] {dag.py:2726} INFO - Sync 3 DAGs
[2025-03-13T10:03:36.657+0000] {logging_mixin.py:149} INFO - [2025-03-13T10:03:36.657+0000] {dag.py:3490} INFO - Setting next_dagrun for example_subdag_operator to 2022-01-01T00:00:00+00:00, run_after=2022-01-01T00:00:00+00:00
[2025-03-13T10:03:36.660+0000] {logging_mixin.py:149} INFO - [2025-03-13T10:03:36.660+0000] {dag.py:3490} INFO - Setting next_dagrun for example_subdag_operator.section-1 to None, run_after=None
[2025-03-13T10:03:36.661+0000] {logging_mixin.py:149} INFO - [2025-03-13T10:03:36.661+0000] {dag.py:3490} INFO - Setting next_dagrun for example_subdag_operator.section-2 to None, run_after=None
[2025-03-13T10:03:36.668+0000] {logging_mixin.py:149} INFO - [2025-03-13T10:03:36.668+0000] {dag.py:2726} INFO - Sync 2 DAGs
[2025-03-13T10:03:36.673+0000] {logging_mixin.py:149} INFO - [2025-03-13T10:03:36.673+0000] {dag.py:3490} INFO - Setting next_dagrun for example_subdag_operator.section-1 to None, run_after=None
[2025-03-13T10:03:36.673+0000] {logging_mixin.py:149} INFO - [2025-03-13T10:03:36.673+0000] {dag.py:3490} INFO - Setting next_dagrun for example_subdag_operator.section-2 to None, run_after=None
[2025-03-13T10:03:36.687+0000] {processor.py:179} INFO - Processing /home/airflow/.local/lib/python3.7/site-packages/airflow/example_dags/example_subdag_operator.py took 0.109 seconds
[2025-03-13T10:04:07.636+0000] {processor.py:157} INFO - Started process (PID=3492) to work on /home/airflow/.local/lib/python3.7/site-packages/airflow/example_dags/example_subdag_operator.py
[2025-03-13T10:04:07.637+0000] {processor.py:826} INFO - Processing file /home/airflow/.local/lib/python3.7/site-packages/airflow/example_dags/example_subdag_operator.py for tasks to queue
[2025-03-13T10:04:07.638+0000] {logging_mixin.py:149} INFO - [2025-03-13T10:04:07.638+0000] {dagbag.py:541} INFO - Filling up the DagBag from /home/airflow/.local/lib/python3.7/site-packages/airflow/example_dags/example_subdag_operator.py
[2025-03-13T10:04:07.659+0000] {processor.py:836} INFO - DAG(s) dict_keys(['example_subdag_operator.section-1', 'example_subdag_operator.section-2', 'example_subdag_operator']) retrieved from /home/airflow/.local/lib/python3.7/site-packages/airflow/example_dags/example_subdag_operator.py
[2025-03-13T10:04:07.676+0000] {logging_mixin.py:149} INFO - [2025-03-13T10:04:07.676+0000] {dag.py:2726} INFO - Sync 3 DAGs
[2025-03-13T10:04:07.698+0000] {logging_mixin.py:149} INFO - [2025-03-13T10:04:07.698+0000] {dag.py:3490} INFO - Setting next_dagrun for example_subdag_operator to 2022-01-01T00:00:00+00:00, run_after=2022-01-01T00:00:00+00:00
[2025-03-13T10:04:07.701+0000] {logging_mixin.py:149} INFO - [2025-03-13T10:04:07.701+0000] {dag.py:3490} INFO - Setting next_dagrun for example_subdag_operator.section-1 to None, run_after=None
[2025-03-13T10:04:07.702+0000] {logging_mixin.py:149} INFO - [2025-03-13T10:04:07.702+0000] {dag.py:3490} INFO - Setting next_dagrun for example_subdag_operator.section-2 to None, run_after=None
[2025-03-13T10:04:07.708+0000] {logging_mixin.py:149} INFO - [2025-03-13T10:04:07.708+0000] {dag.py:2726} INFO - Sync 2 DAGs
[2025-03-13T10:04:07.713+0000] {logging_mixin.py:149} INFO - [2025-03-13T10:04:07.713+0000] {dag.py:3490} INFO - Setting next_dagrun for example_subdag_operator.section-1 to None, run_after=None
[2025-03-13T10:04:07.713+0000] {logging_mixin.py:149} INFO - [2025-03-13T10:04:07.713+0000] {dag.py:3490} INFO - Setting next_dagrun for example_subdag_operator.section-2 to None, run_after=None
[2025-03-13T10:04:07.725+0000] {processor.py:179} INFO - Processing /home/airflow/.local/lib/python3.7/site-packages/airflow/example_dags/example_subdag_operator.py took 0.092 seconds
[2025-03-13T10:04:38.153+0000] {processor.py:157} INFO - Started process (PID=3583) to work on /home/airflow/.local/lib/python3.7/site-packages/airflow/example_dags/example_subdag_operator.py
[2025-03-13T10:04:38.154+0000] {processor.py:826} INFO - Processing file /home/airflow/.local/lib/python3.7/site-packages/airflow/example_dags/example_subdag_operator.py for tasks to queue
[2025-03-13T10:04:38.155+0000] {logging_mixin.py:149} INFO - [2025-03-13T10:04:38.155+0000] {dagbag.py:541} INFO - Filling up the DagBag from /home/airflow/.local/lib/python3.7/site-packages/airflow/example_dags/example_subdag_operator.py
[2025-03-13T10:04:38.180+0000] {processor.py:836} INFO - DAG(s) dict_keys(['example_subdag_operator.section-1', 'example_subdag_operator.section-2', 'example_subdag_operator']) retrieved from /home/airflow/.local/lib/python3.7/site-packages/airflow/example_dags/example_subdag_operator.py
[2025-03-13T10:04:38.196+0000] {logging_mixin.py:149} INFO - [2025-03-13T10:04:38.196+0000] {dag.py:2726} INFO - Sync 3 DAGs
[2025-03-13T10:04:38.218+0000] {logging_mixin.py:149} INFO - [2025-03-13T10:04:38.218+0000] {dag.py:3490} INFO - Setting next_dagrun for example_subdag_operator to 2022-01-01T00:00:00+00:00, run_after=2022-01-01T00:00:00+00:00
[2025-03-13T10:04:38.221+0000] {logging_mixin.py:149} INFO - [2025-03-13T10:04:38.221+0000] {dag.py:3490} INFO - Setting next_dagrun for example_subdag_operator.section-1 to None, run_after=None
[2025-03-13T10:04:38.222+0000] {logging_mixin.py:149} INFO - [2025-03-13T10:04:38.222+0000] {dag.py:3490} INFO - Setting next_dagrun for example_subdag_operator.section-2 to None, run_after=None
[2025-03-13T10:04:38.227+0000] {logging_mixin.py:149} INFO - [2025-03-13T10:04:38.227+0000] {dag.py:2726} INFO - Sync 2 DAGs
[2025-03-13T10:04:38.232+0000] {logging_mixin.py:149} INFO - [2025-03-13T10:04:38.232+0000] {dag.py:3490} INFO - Setting next_dagrun for example_subdag_operator.section-1 to None, run_after=None
[2025-03-13T10:04:38.232+0000] {logging_mixin.py:149} INFO - [2025-03-13T10:04:38.232+0000] {dag.py:3490} INFO - Setting next_dagrun for example_subdag_operator.section-2 to None, run_after=None
[2025-03-13T10:04:38.251+0000] {processor.py:179} INFO - Processing /home/airflow/.local/lib/python3.7/site-packages/airflow/example_dags/example_subdag_operator.py took 0.101 seconds
[2025-03-13T10:05:09.040+0000] {processor.py:157} INFO - Started process (PID=3674) to work on /home/airflow/.local/lib/python3.7/site-packages/airflow/example_dags/example_subdag_operator.py
[2025-03-13T10:05:09.041+0000] {processor.py:826} INFO - Processing file /home/airflow/.local/lib/python3.7/site-packages/airflow/example_dags/example_subdag_operator.py for tasks to queue
[2025-03-13T10:05:09.042+0000] {logging_mixin.py:149} INFO - [2025-03-13T10:05:09.042+0000] {dagbag.py:541} INFO - Filling up the DagBag from /home/airflow/.local/lib/python3.7/site-packages/airflow/example_dags/example_subdag_operator.py
[2025-03-13T10:05:09.064+0000] {processor.py:836} INFO - DAG(s) dict_keys(['example_subdag_operator.section-1', 'example_subdag_operator.section-2', 'example_subdag_operator']) retrieved from /home/airflow/.local/lib/python3.7/site-packages/airflow/example_dags/example_subdag_operator.py
[2025-03-13T10:05:09.082+0000] {logging_mixin.py:149} INFO - [2025-03-13T10:05:09.082+0000] {dag.py:2726} INFO - Sync 3 DAGs
[2025-03-13T10:05:09.106+0000] {logging_mixin.py:149} INFO - [2025-03-13T10:05:09.105+0000] {dag.py:3490} INFO - Setting next_dagrun for example_subdag_operator to 2022-01-01T00:00:00+00:00, run_after=2022-01-01T00:00:00+00:00
[2025-03-13T10:05:09.109+0000] {logging_mixin.py:149} INFO - [2025-03-13T10:05:09.109+0000] {dag.py:3490} INFO - Setting next_dagrun for example_subdag_operator.section-1 to None, run_after=None
[2025-03-13T10:05:09.111+0000] {logging_mixin.py:149} INFO - [2025-03-13T10:05:09.110+0000] {dag.py:3490} INFO - Setting next_dagrun for example_subdag_operator.section-2 to None, run_after=None
[2025-03-13T10:05:09.118+0000] {logging_mixin.py:149} INFO - [2025-03-13T10:05:09.118+0000] {dag.py:2726} INFO - Sync 2 DAGs
[2025-03-13T10:05:09.124+0000] {logging_mixin.py:149} INFO - [2025-03-13T10:05:09.124+0000] {dag.py:3490} INFO - Setting next_dagrun for example_subdag_operator.section-1 to None, run_after=None
[2025-03-13T10:05:09.125+0000] {logging_mixin.py:149} INFO - [2025-03-13T10:05:09.125+0000] {dag.py:3490} INFO - Setting next_dagrun for example_subdag_operator.section-2 to None, run_after=None
[2025-03-13T10:05:09.138+0000] {processor.py:179} INFO - Processing /home/airflow/.local/lib/python3.7/site-packages/airflow/example_dags/example_subdag_operator.py took 0.101 seconds
