[2025-03-13T09:45:01.944+0000] {processor.py:157} INFO - Started process (PID=84) to work on /home/airflow/.local/lib/python3.7/site-packages/airflow/example_dags/example_branch_labels.py
[2025-03-13T09:45:01.945+0000] {processor.py:826} INFO - Processing file /home/airflow/.local/lib/python3.7/site-packages/airflow/example_dags/example_branch_labels.py for tasks to queue
[2025-03-13T09:45:01.946+0000] {logging_mixin.py:149} INFO - [2025-03-13T09:45:01.946+0000] {dagbag.py:541} INFO - Filling up the DagBag from /home/airflow/.local/lib/python3.7/site-packages/airflow/example_dags/example_branch_labels.py
[2025-03-13T09:45:01.962+0000] {processor.py:836} INFO - DAG(s) dict_keys(['example_branch_labels']) retrieved from /home/airflow/.local/lib/python3.7/site-packages/airflow/example_dags/example_branch_labels.py
[2025-03-13T09:45:01.994+0000] {logging_mixin.py:149} INFO - [2025-03-13T09:45:01.994+0000] {dag.py:2726} INFO - Sync 1 DAGs
[2025-03-13T09:45:02.025+0000] {logging_mixin.py:149} INFO - [2025-03-13T09:45:02.025+0000] {dag.py:3490} INFO - Setting next_dagrun for example_branch_labels to 2025-03-12T00:00:00+00:00, run_after=2025-03-13T00:00:00+00:00
[2025-03-13T09:45:02.049+0000] {processor.py:179} INFO - Processing /home/airflow/.local/lib/python3.7/site-packages/airflow/example_dags/example_branch_labels.py took 0.109 seconds
[2025-03-13T09:45:32.475+0000] {processor.py:157} INFO - Started process (PID=193) to work on /home/airflow/.local/lib/python3.7/site-packages/airflow/example_dags/example_branch_labels.py
[2025-03-13T09:45:32.476+0000] {processor.py:826} INFO - Processing file /home/airflow/.local/lib/python3.7/site-packages/airflow/example_dags/example_branch_labels.py for tasks to queue
[2025-03-13T09:45:32.477+0000] {logging_mixin.py:149} INFO - [2025-03-13T09:45:32.477+0000] {dagbag.py:541} INFO - Filling up the DagBag from /home/airflow/.local/lib/python3.7/site-packages/airflow/example_dags/example_branch_labels.py
[2025-03-13T09:45:32.484+0000] {processor.py:836} INFO - DAG(s) dict_keys(['example_branch_labels']) retrieved from /home/airflow/.local/lib/python3.7/site-packages/airflow/example_dags/example_branch_labels.py
[2025-03-13T09:45:32.508+0000] {logging_mixin.py:149} INFO - [2025-03-13T09:45:32.508+0000] {dag.py:2726} INFO - Sync 1 DAGs
[2025-03-13T09:45:32.532+0000] {logging_mixin.py:149} INFO - [2025-03-13T09:45:32.532+0000] {dag.py:3490} INFO - Setting next_dagrun for example_branch_labels to 2025-03-12T00:00:00+00:00, run_after=2025-03-13T00:00:00+00:00
[2025-03-13T09:45:32.550+0000] {processor.py:179} INFO - Processing /home/airflow/.local/lib/python3.7/site-packages/airflow/example_dags/example_branch_labels.py took 0.077 seconds
[2025-03-13T09:46:03.591+0000] {processor.py:157} INFO - Started process (PID=291) to work on /home/airflow/.local/lib/python3.7/site-packages/airflow/example_dags/example_branch_labels.py
[2025-03-13T09:46:03.592+0000] {processor.py:826} INFO - Processing file /home/airflow/.local/lib/python3.7/site-packages/airflow/example_dags/example_branch_labels.py for tasks to queue
[2025-03-13T09:46:03.593+0000] {logging_mixin.py:149} INFO - [2025-03-13T09:46:03.592+0000] {dagbag.py:541} INFO - Filling up the DagBag from /home/airflow/.local/lib/python3.7/site-packages/airflow/example_dags/example_branch_labels.py
[2025-03-13T09:46:03.600+0000] {processor.py:836} INFO - DAG(s) dict_keys(['example_branch_labels']) retrieved from /home/airflow/.local/lib/python3.7/site-packages/airflow/example_dags/example_branch_labels.py
[2025-03-13T09:46:03.624+0000] {logging_mixin.py:149} INFO - [2025-03-13T09:46:03.624+0000] {dag.py:2726} INFO - Sync 1 DAGs
[2025-03-13T09:46:03.743+0000] {logging_mixin.py:149} INFO - [2025-03-13T09:46:03.743+0000] {dag.py:3490} INFO - Setting next_dagrun for example_branch_labels to 2025-03-12T00:00:00+00:00, run_after=2025-03-13T00:00:00+00:00
[2025-03-13T09:46:03.763+0000] {processor.py:179} INFO - Processing /home/airflow/.local/lib/python3.7/site-packages/airflow/example_dags/example_branch_labels.py took 0.175 seconds
[2025-03-13T09:46:34.247+0000] {processor.py:157} INFO - Started process (PID=382) to work on /home/airflow/.local/lib/python3.7/site-packages/airflow/example_dags/example_branch_labels.py
[2025-03-13T09:46:34.248+0000] {processor.py:826} INFO - Processing file /home/airflow/.local/lib/python3.7/site-packages/airflow/example_dags/example_branch_labels.py for tasks to queue
[2025-03-13T09:46:34.249+0000] {logging_mixin.py:149} INFO - [2025-03-13T09:46:34.249+0000] {dagbag.py:541} INFO - Filling up the DagBag from /home/airflow/.local/lib/python3.7/site-packages/airflow/example_dags/example_branch_labels.py
[2025-03-13T09:46:34.257+0000] {processor.py:836} INFO - DAG(s) dict_keys(['example_branch_labels']) retrieved from /home/airflow/.local/lib/python3.7/site-packages/airflow/example_dags/example_branch_labels.py
[2025-03-13T09:46:34.283+0000] {logging_mixin.py:149} INFO - [2025-03-13T09:46:34.283+0000] {dag.py:2726} INFO - Sync 1 DAGs
[2025-03-13T09:46:34.307+0000] {logging_mixin.py:149} INFO - [2025-03-13T09:46:34.307+0000] {dag.py:3490} INFO - Setting next_dagrun for example_branch_labels to 2025-03-12T00:00:00+00:00, run_after=2025-03-13T00:00:00+00:00
[2025-03-13T09:46:34.327+0000] {processor.py:179} INFO - Processing /home/airflow/.local/lib/python3.7/site-packages/airflow/example_dags/example_branch_labels.py took 0.083 seconds
[2025-03-13T09:47:05.392+0000] {processor.py:157} INFO - Started process (PID=473) to work on /home/airflow/.local/lib/python3.7/site-packages/airflow/example_dags/example_branch_labels.py
[2025-03-13T09:47:05.393+0000] {processor.py:826} INFO - Processing file /home/airflow/.local/lib/python3.7/site-packages/airflow/example_dags/example_branch_labels.py for tasks to queue
[2025-03-13T09:47:05.394+0000] {logging_mixin.py:149} INFO - [2025-03-13T09:47:05.394+0000] {dagbag.py:541} INFO - Filling up the DagBag from /home/airflow/.local/lib/python3.7/site-packages/airflow/example_dags/example_branch_labels.py
[2025-03-13T09:47:05.401+0000] {processor.py:836} INFO - DAG(s) dict_keys(['example_branch_labels']) retrieved from /home/airflow/.local/lib/python3.7/site-packages/airflow/example_dags/example_branch_labels.py
[2025-03-13T09:47:05.424+0000] {logging_mixin.py:149} INFO - [2025-03-13T09:47:05.424+0000] {dag.py:2726} INFO - Sync 1 DAGs
[2025-03-13T09:47:05.450+0000] {logging_mixin.py:149} INFO - [2025-03-13T09:47:05.449+0000] {dag.py:3490} INFO - Setting next_dagrun for example_branch_labels to 2025-03-12T00:00:00+00:00, run_after=2025-03-13T00:00:00+00:00
[2025-03-13T09:47:05.466+0000] {processor.py:179} INFO - Processing /home/airflow/.local/lib/python3.7/site-packages/airflow/example_dags/example_branch_labels.py took 0.077 seconds
[2025-03-13T09:47:36.499+0000] {processor.py:157} INFO - Started process (PID=565) to work on /home/airflow/.local/lib/python3.7/site-packages/airflow/example_dags/example_branch_labels.py
[2025-03-13T09:47:36.500+0000] {processor.py:826} INFO - Processing file /home/airflow/.local/lib/python3.7/site-packages/airflow/example_dags/example_branch_labels.py for tasks to queue
[2025-03-13T09:47:36.501+0000] {logging_mixin.py:149} INFO - [2025-03-13T09:47:36.501+0000] {dagbag.py:541} INFO - Filling up the DagBag from /home/airflow/.local/lib/python3.7/site-packages/airflow/example_dags/example_branch_labels.py
[2025-03-13T09:47:36.507+0000] {processor.py:836} INFO - DAG(s) dict_keys(['example_branch_labels']) retrieved from /home/airflow/.local/lib/python3.7/site-packages/airflow/example_dags/example_branch_labels.py
[2025-03-13T09:47:36.530+0000] {logging_mixin.py:149} INFO - [2025-03-13T09:47:36.530+0000] {dag.py:2726} INFO - Sync 1 DAGs
[2025-03-13T09:47:36.554+0000] {logging_mixin.py:149} INFO - [2025-03-13T09:47:36.554+0000] {dag.py:3490} INFO - Setting next_dagrun for example_branch_labels to 2025-03-12T00:00:00+00:00, run_after=2025-03-13T00:00:00+00:00
[2025-03-13T09:47:36.572+0000] {processor.py:179} INFO - Processing /home/airflow/.local/lib/python3.7/site-packages/airflow/example_dags/example_branch_labels.py took 0.075 seconds
[2025-03-13T09:48:07.571+0000] {processor.py:157} INFO - Started process (PID=656) to work on /home/airflow/.local/lib/python3.7/site-packages/airflow/example_dags/example_branch_labels.py
[2025-03-13T09:48:07.572+0000] {processor.py:826} INFO - Processing file /home/airflow/.local/lib/python3.7/site-packages/airflow/example_dags/example_branch_labels.py for tasks to queue
[2025-03-13T09:48:07.573+0000] {logging_mixin.py:149} INFO - [2025-03-13T09:48:07.573+0000] {dagbag.py:541} INFO - Filling up the DagBag from /home/airflow/.local/lib/python3.7/site-packages/airflow/example_dags/example_branch_labels.py
[2025-03-13T09:48:07.580+0000] {processor.py:836} INFO - DAG(s) dict_keys(['example_branch_labels']) retrieved from /home/airflow/.local/lib/python3.7/site-packages/airflow/example_dags/example_branch_labels.py
[2025-03-13T09:48:07.604+0000] {logging_mixin.py:149} INFO - [2025-03-13T09:48:07.604+0000] {dag.py:2726} INFO - Sync 1 DAGs
[2025-03-13T09:48:07.628+0000] {logging_mixin.py:149} INFO - [2025-03-13T09:48:07.627+0000] {dag.py:3490} INFO - Setting next_dagrun for example_branch_labels to 2025-03-12T00:00:00+00:00, run_after=2025-03-13T00:00:00+00:00
[2025-03-13T09:48:07.646+0000] {processor.py:179} INFO - Processing /home/airflow/.local/lib/python3.7/site-packages/airflow/example_dags/example_branch_labels.py took 0.079 seconds
[2025-03-13T09:48:38.112+0000] {processor.py:157} INFO - Started process (PID=747) to work on /home/airflow/.local/lib/python3.7/site-packages/airflow/example_dags/example_branch_labels.py
[2025-03-13T09:48:38.113+0000] {processor.py:826} INFO - Processing file /home/airflow/.local/lib/python3.7/site-packages/airflow/example_dags/example_branch_labels.py for tasks to queue
[2025-03-13T09:48:38.114+0000] {logging_mixin.py:149} INFO - [2025-03-13T09:48:38.114+0000] {dagbag.py:541} INFO - Filling up the DagBag from /home/airflow/.local/lib/python3.7/site-packages/airflow/example_dags/example_branch_labels.py
[2025-03-13T09:48:38.122+0000] {processor.py:836} INFO - DAG(s) dict_keys(['example_branch_labels']) retrieved from /home/airflow/.local/lib/python3.7/site-packages/airflow/example_dags/example_branch_labels.py
[2025-03-13T09:48:38.149+0000] {logging_mixin.py:149} INFO - [2025-03-13T09:48:38.148+0000] {dag.py:2726} INFO - Sync 1 DAGs
[2025-03-13T09:48:38.173+0000] {logging_mixin.py:149} INFO - [2025-03-13T09:48:38.173+0000] {dag.py:3490} INFO - Setting next_dagrun for example_branch_labels to 2025-03-12T00:00:00+00:00, run_after=2025-03-13T00:00:00+00:00
[2025-03-13T09:48:38.192+0000] {processor.py:179} INFO - Processing /home/airflow/.local/lib/python3.7/site-packages/airflow/example_dags/example_branch_labels.py took 0.083 seconds
[2025-03-13T09:49:09.341+0000] {processor.py:157} INFO - Started process (PID=838) to work on /home/airflow/.local/lib/python3.7/site-packages/airflow/example_dags/example_branch_labels.py
[2025-03-13T09:49:09.342+0000] {processor.py:826} INFO - Processing file /home/airflow/.local/lib/python3.7/site-packages/airflow/example_dags/example_branch_labels.py for tasks to queue
[2025-03-13T09:49:09.342+0000] {logging_mixin.py:149} INFO - [2025-03-13T09:49:09.342+0000] {dagbag.py:541} INFO - Filling up the DagBag from /home/airflow/.local/lib/python3.7/site-packages/airflow/example_dags/example_branch_labels.py
[2025-03-13T09:49:09.349+0000] {processor.py:836} INFO - DAG(s) dict_keys(['example_branch_labels']) retrieved from /home/airflow/.local/lib/python3.7/site-packages/airflow/example_dags/example_branch_labels.py
[2025-03-13T09:49:09.373+0000] {logging_mixin.py:149} INFO - [2025-03-13T09:49:09.372+0000] {dag.py:2726} INFO - Sync 1 DAGs
[2025-03-13T09:49:09.396+0000] {logging_mixin.py:149} INFO - [2025-03-13T09:49:09.396+0000] {dag.py:3490} INFO - Setting next_dagrun for example_branch_labels to 2025-03-12T00:00:00+00:00, run_after=2025-03-13T00:00:00+00:00
[2025-03-13T09:49:09.413+0000] {processor.py:179} INFO - Processing /home/airflow/.local/lib/python3.7/site-packages/airflow/example_dags/example_branch_labels.py took 0.075 seconds
[2025-03-13T09:49:40.447+0000] {processor.py:157} INFO - Started process (PID=929) to work on /home/airflow/.local/lib/python3.7/site-packages/airflow/example_dags/example_branch_labels.py
[2025-03-13T09:49:40.448+0000] {processor.py:826} INFO - Processing file /home/airflow/.local/lib/python3.7/site-packages/airflow/example_dags/example_branch_labels.py for tasks to queue
[2025-03-13T09:49:40.449+0000] {logging_mixin.py:149} INFO - [2025-03-13T09:49:40.448+0000] {dagbag.py:541} INFO - Filling up the DagBag from /home/airflow/.local/lib/python3.7/site-packages/airflow/example_dags/example_branch_labels.py
[2025-03-13T09:49:40.456+0000] {processor.py:836} INFO - DAG(s) dict_keys(['example_branch_labels']) retrieved from /home/airflow/.local/lib/python3.7/site-packages/airflow/example_dags/example_branch_labels.py
[2025-03-13T09:49:40.481+0000] {logging_mixin.py:149} INFO - [2025-03-13T09:49:40.481+0000] {dag.py:2726} INFO - Sync 1 DAGs
[2025-03-13T09:49:40.510+0000] {logging_mixin.py:149} INFO - [2025-03-13T09:49:40.509+0000] {dag.py:3490} INFO - Setting next_dagrun for example_branch_labels to 2025-03-12T00:00:00+00:00, run_after=2025-03-13T00:00:00+00:00
[2025-03-13T09:49:40.531+0000] {processor.py:179} INFO - Processing /home/airflow/.local/lib/python3.7/site-packages/airflow/example_dags/example_branch_labels.py took 0.087 seconds
[2025-03-13T09:50:11.652+0000] {processor.py:157} INFO - Started process (PID=1020) to work on /home/airflow/.local/lib/python3.7/site-packages/airflow/example_dags/example_branch_labels.py
[2025-03-13T09:50:11.653+0000] {processor.py:826} INFO - Processing file /home/airflow/.local/lib/python3.7/site-packages/airflow/example_dags/example_branch_labels.py for tasks to queue
[2025-03-13T09:50:11.654+0000] {logging_mixin.py:149} INFO - [2025-03-13T09:50:11.654+0000] {dagbag.py:541} INFO - Filling up the DagBag from /home/airflow/.local/lib/python3.7/site-packages/airflow/example_dags/example_branch_labels.py
[2025-03-13T09:50:11.661+0000] {processor.py:836} INFO - DAG(s) dict_keys(['example_branch_labels']) retrieved from /home/airflow/.local/lib/python3.7/site-packages/airflow/example_dags/example_branch_labels.py
[2025-03-13T09:50:11.690+0000] {logging_mixin.py:149} INFO - [2025-03-13T09:50:11.690+0000] {dag.py:2726} INFO - Sync 1 DAGs
[2025-03-13T09:50:11.719+0000] {logging_mixin.py:149} INFO - [2025-03-13T09:50:11.718+0000] {dag.py:3490} INFO - Setting next_dagrun for example_branch_labels to 2025-03-12T00:00:00+00:00, run_after=2025-03-13T00:00:00+00:00
[2025-03-13T09:50:11.738+0000] {processor.py:179} INFO - Processing /home/airflow/.local/lib/python3.7/site-packages/airflow/example_dags/example_branch_labels.py took 0.090 seconds
[2025-03-13T09:50:42.787+0000] {processor.py:157} INFO - Started process (PID=1111) to work on /home/airflow/.local/lib/python3.7/site-packages/airflow/example_dags/example_branch_labels.py
[2025-03-13T09:50:42.788+0000] {processor.py:826} INFO - Processing file /home/airflow/.local/lib/python3.7/site-packages/airflow/example_dags/example_branch_labels.py for tasks to queue
[2025-03-13T09:50:42.789+0000] {logging_mixin.py:149} INFO - [2025-03-13T09:50:42.788+0000] {dagbag.py:541} INFO - Filling up the DagBag from /home/airflow/.local/lib/python3.7/site-packages/airflow/example_dags/example_branch_labels.py
[2025-03-13T09:50:42.795+0000] {processor.py:836} INFO - DAG(s) dict_keys(['example_branch_labels']) retrieved from /home/airflow/.local/lib/python3.7/site-packages/airflow/example_dags/example_branch_labels.py
[2025-03-13T09:50:42.818+0000] {logging_mixin.py:149} INFO - [2025-03-13T09:50:42.818+0000] {dag.py:2726} INFO - Sync 1 DAGs
[2025-03-13T09:50:42.841+0000] {logging_mixin.py:149} INFO - [2025-03-13T09:50:42.841+0000] {dag.py:3490} INFO - Setting next_dagrun for example_branch_labels to 2025-03-12T00:00:00+00:00, run_after=2025-03-13T00:00:00+00:00
[2025-03-13T09:50:42.861+0000] {processor.py:179} INFO - Processing /home/airflow/.local/lib/python3.7/site-packages/airflow/example_dags/example_branch_labels.py took 0.076 seconds
[2025-03-13T09:51:14.287+0000] {processor.py:157} INFO - Started process (PID=1202) to work on /home/airflow/.local/lib/python3.7/site-packages/airflow/example_dags/example_branch_labels.py
[2025-03-13T09:51:14.288+0000] {processor.py:826} INFO - Processing file /home/airflow/.local/lib/python3.7/site-packages/airflow/example_dags/example_branch_labels.py for tasks to queue
[2025-03-13T09:51:14.289+0000] {logging_mixin.py:149} INFO - [2025-03-13T09:51:14.289+0000] {dagbag.py:541} INFO - Filling up the DagBag from /home/airflow/.local/lib/python3.7/site-packages/airflow/example_dags/example_branch_labels.py
[2025-03-13T09:51:14.297+0000] {processor.py:836} INFO - DAG(s) dict_keys(['example_branch_labels']) retrieved from /home/airflow/.local/lib/python3.7/site-packages/airflow/example_dags/example_branch_labels.py
[2025-03-13T09:51:14.323+0000] {logging_mixin.py:149} INFO - [2025-03-13T09:51:14.323+0000] {dag.py:2726} INFO - Sync 1 DAGs
[2025-03-13T09:51:14.347+0000] {logging_mixin.py:149} INFO - [2025-03-13T09:51:14.347+0000] {dag.py:3490} INFO - Setting next_dagrun for example_branch_labels to 2025-03-12T00:00:00+00:00, run_after=2025-03-13T00:00:00+00:00
[2025-03-13T09:51:14.367+0000] {processor.py:179} INFO - Processing /home/airflow/.local/lib/python3.7/site-packages/airflow/example_dags/example_branch_labels.py took 0.084 seconds
[2025-03-13T09:51:45.465+0000] {processor.py:157} INFO - Started process (PID=1293) to work on /home/airflow/.local/lib/python3.7/site-packages/airflow/example_dags/example_branch_labels.py
[2025-03-13T09:51:45.466+0000] {processor.py:826} INFO - Processing file /home/airflow/.local/lib/python3.7/site-packages/airflow/example_dags/example_branch_labels.py for tasks to queue
[2025-03-13T09:51:45.467+0000] {logging_mixin.py:149} INFO - [2025-03-13T09:51:45.467+0000] {dagbag.py:541} INFO - Filling up the DagBag from /home/airflow/.local/lib/python3.7/site-packages/airflow/example_dags/example_branch_labels.py
[2025-03-13T09:51:45.476+0000] {processor.py:836} INFO - DAG(s) dict_keys(['example_branch_labels']) retrieved from /home/airflow/.local/lib/python3.7/site-packages/airflow/example_dags/example_branch_labels.py
[2025-03-13T09:51:45.504+0000] {logging_mixin.py:149} INFO - [2025-03-13T09:51:45.504+0000] {dag.py:2726} INFO - Sync 1 DAGs
[2025-03-13T09:51:45.529+0000] {logging_mixin.py:149} INFO - [2025-03-13T09:51:45.529+0000] {dag.py:3490} INFO - Setting next_dagrun for example_branch_labels to 2025-03-12T00:00:00+00:00, run_after=2025-03-13T00:00:00+00:00
[2025-03-13T09:51:45.548+0000] {processor.py:179} INFO - Processing /home/airflow/.local/lib/python3.7/site-packages/airflow/example_dags/example_branch_labels.py took 0.087 seconds
[2025-03-13T09:52:16.917+0000] {processor.py:157} INFO - Started process (PID=1384) to work on /home/airflow/.local/lib/python3.7/site-packages/airflow/example_dags/example_branch_labels.py
[2025-03-13T09:52:16.918+0000] {processor.py:826} INFO - Processing file /home/airflow/.local/lib/python3.7/site-packages/airflow/example_dags/example_branch_labels.py for tasks to queue
[2025-03-13T09:52:16.919+0000] {logging_mixin.py:149} INFO - [2025-03-13T09:52:16.919+0000] {dagbag.py:541} INFO - Filling up the DagBag from /home/airflow/.local/lib/python3.7/site-packages/airflow/example_dags/example_branch_labels.py
[2025-03-13T09:52:16.926+0000] {processor.py:836} INFO - DAG(s) dict_keys(['example_branch_labels']) retrieved from /home/airflow/.local/lib/python3.7/site-packages/airflow/example_dags/example_branch_labels.py
[2025-03-13T09:52:16.950+0000] {logging_mixin.py:149} INFO - [2025-03-13T09:52:16.950+0000] {dag.py:2726} INFO - Sync 1 DAGs
[2025-03-13T09:52:16.975+0000] {logging_mixin.py:149} INFO - [2025-03-13T09:52:16.975+0000] {dag.py:3490} INFO - Setting next_dagrun for example_branch_labels to 2025-03-12T00:00:00+00:00, run_after=2025-03-13T00:00:00+00:00
[2025-03-13T09:52:16.992+0000] {processor.py:179} INFO - Processing /home/airflow/.local/lib/python3.7/site-packages/airflow/example_dags/example_branch_labels.py took 0.078 seconds
[2025-03-13T09:52:48.139+0000] {processor.py:157} INFO - Started process (PID=1475) to work on /home/airflow/.local/lib/python3.7/site-packages/airflow/example_dags/example_branch_labels.py
[2025-03-13T09:52:48.140+0000] {processor.py:826} INFO - Processing file /home/airflow/.local/lib/python3.7/site-packages/airflow/example_dags/example_branch_labels.py for tasks to queue
[2025-03-13T09:52:48.140+0000] {logging_mixin.py:149} INFO - [2025-03-13T09:52:48.140+0000] {dagbag.py:541} INFO - Filling up the DagBag from /home/airflow/.local/lib/python3.7/site-packages/airflow/example_dags/example_branch_labels.py
[2025-03-13T09:52:48.147+0000] {processor.py:836} INFO - DAG(s) dict_keys(['example_branch_labels']) retrieved from /home/airflow/.local/lib/python3.7/site-packages/airflow/example_dags/example_branch_labels.py
[2025-03-13T09:52:48.175+0000] {logging_mixin.py:149} INFO - [2025-03-13T09:52:48.174+0000] {dag.py:2726} INFO - Sync 1 DAGs
[2025-03-13T09:52:48.202+0000] {logging_mixin.py:149} INFO - [2025-03-13T09:52:48.202+0000] {dag.py:3490} INFO - Setting next_dagrun for example_branch_labels to 2025-03-12T00:00:00+00:00, run_after=2025-03-13T00:00:00+00:00
[2025-03-13T09:52:48.220+0000] {processor.py:179} INFO - Processing /home/airflow/.local/lib/python3.7/site-packages/airflow/example_dags/example_branch_labels.py took 0.085 seconds
[2025-03-13T09:53:18.663+0000] {processor.py:157} INFO - Started process (PID=1566) to work on /home/airflow/.local/lib/python3.7/site-packages/airflow/example_dags/example_branch_labels.py
[2025-03-13T09:53:18.664+0000] {processor.py:826} INFO - Processing file /home/airflow/.local/lib/python3.7/site-packages/airflow/example_dags/example_branch_labels.py for tasks to queue
[2025-03-13T09:53:18.665+0000] {logging_mixin.py:149} INFO - [2025-03-13T09:53:18.665+0000] {dagbag.py:541} INFO - Filling up the DagBag from /home/airflow/.local/lib/python3.7/site-packages/airflow/example_dags/example_branch_labels.py
[2025-03-13T09:53:18.672+0000] {processor.py:836} INFO - DAG(s) dict_keys(['example_branch_labels']) retrieved from /home/airflow/.local/lib/python3.7/site-packages/airflow/example_dags/example_branch_labels.py
[2025-03-13T09:53:18.697+0000] {logging_mixin.py:149} INFO - [2025-03-13T09:53:18.697+0000] {dag.py:2726} INFO - Sync 1 DAGs
[2025-03-13T09:53:18.722+0000] {logging_mixin.py:149} INFO - [2025-03-13T09:53:18.722+0000] {dag.py:3490} INFO - Setting next_dagrun for example_branch_labels to 2025-03-12T00:00:00+00:00, run_after=2025-03-13T00:00:00+00:00
[2025-03-13T09:53:18.740+0000] {processor.py:179} INFO - Processing /home/airflow/.local/lib/python3.7/site-packages/airflow/example_dags/example_branch_labels.py took 0.081 seconds
[2025-03-13T09:53:49.951+0000] {processor.py:157} INFO - Started process (PID=1657) to work on /home/airflow/.local/lib/python3.7/site-packages/airflow/example_dags/example_branch_labels.py
[2025-03-13T09:53:49.952+0000] {processor.py:826} INFO - Processing file /home/airflow/.local/lib/python3.7/site-packages/airflow/example_dags/example_branch_labels.py for tasks to queue
[2025-03-13T09:53:49.953+0000] {logging_mixin.py:149} INFO - [2025-03-13T09:53:49.953+0000] {dagbag.py:541} INFO - Filling up the DagBag from /home/airflow/.local/lib/python3.7/site-packages/airflow/example_dags/example_branch_labels.py
[2025-03-13T09:53:49.961+0000] {processor.py:836} INFO - DAG(s) dict_keys(['example_branch_labels']) retrieved from /home/airflow/.local/lib/python3.7/site-packages/airflow/example_dags/example_branch_labels.py
[2025-03-13T09:53:49.989+0000] {logging_mixin.py:149} INFO - [2025-03-13T09:53:49.989+0000] {dag.py:2726} INFO - Sync 1 DAGs
[2025-03-13T09:53:50.014+0000] {logging_mixin.py:149} INFO - [2025-03-13T09:53:50.014+0000] {dag.py:3490} INFO - Setting next_dagrun for example_branch_labels to 2025-03-12T00:00:00+00:00, run_after=2025-03-13T00:00:00+00:00
[2025-03-13T09:53:50.035+0000] {processor.py:179} INFO - Processing /home/airflow/.local/lib/python3.7/site-packages/airflow/example_dags/example_branch_labels.py took 0.087 seconds
[2025-03-13T09:54:21.190+0000] {processor.py:157} INFO - Started process (PID=1748) to work on /home/airflow/.local/lib/python3.7/site-packages/airflow/example_dags/example_branch_labels.py
[2025-03-13T09:54:21.191+0000] {processor.py:826} INFO - Processing file /home/airflow/.local/lib/python3.7/site-packages/airflow/example_dags/example_branch_labels.py for tasks to queue
[2025-03-13T09:54:21.192+0000] {logging_mixin.py:149} INFO - [2025-03-13T09:54:21.192+0000] {dagbag.py:541} INFO - Filling up the DagBag from /home/airflow/.local/lib/python3.7/site-packages/airflow/example_dags/example_branch_labels.py
[2025-03-13T09:54:21.199+0000] {processor.py:836} INFO - DAG(s) dict_keys(['example_branch_labels']) retrieved from /home/airflow/.local/lib/python3.7/site-packages/airflow/example_dags/example_branch_labels.py
[2025-03-13T09:54:21.223+0000] {logging_mixin.py:149} INFO - [2025-03-13T09:54:21.223+0000] {dag.py:2726} INFO - Sync 1 DAGs
[2025-03-13T09:54:21.248+0000] {logging_mixin.py:149} INFO - [2025-03-13T09:54:21.248+0000] {dag.py:3490} INFO - Setting next_dagrun for example_branch_labels to 2025-03-12T00:00:00+00:00, run_after=2025-03-13T00:00:00+00:00
[2025-03-13T09:54:21.269+0000] {processor.py:179} INFO - Processing /home/airflow/.local/lib/python3.7/site-packages/airflow/example_dags/example_branch_labels.py took 0.082 seconds
[2025-03-13T09:54:52.523+0000] {processor.py:157} INFO - Started process (PID=1839) to work on /home/airflow/.local/lib/python3.7/site-packages/airflow/example_dags/example_branch_labels.py
[2025-03-13T09:54:52.524+0000] {processor.py:826} INFO - Processing file /home/airflow/.local/lib/python3.7/site-packages/airflow/example_dags/example_branch_labels.py for tasks to queue
[2025-03-13T09:54:52.525+0000] {logging_mixin.py:149} INFO - [2025-03-13T09:54:52.524+0000] {dagbag.py:541} INFO - Filling up the DagBag from /home/airflow/.local/lib/python3.7/site-packages/airflow/example_dags/example_branch_labels.py
[2025-03-13T09:54:52.532+0000] {processor.py:836} INFO - DAG(s) dict_keys(['example_branch_labels']) retrieved from /home/airflow/.local/lib/python3.7/site-packages/airflow/example_dags/example_branch_labels.py
[2025-03-13T09:54:52.557+0000] {logging_mixin.py:149} INFO - [2025-03-13T09:54:52.556+0000] {dag.py:2726} INFO - Sync 1 DAGs
[2025-03-13T09:54:52.583+0000] {logging_mixin.py:149} INFO - [2025-03-13T09:54:52.583+0000] {dag.py:3490} INFO - Setting next_dagrun for example_branch_labels to 2025-03-12T00:00:00+00:00, run_after=2025-03-13T00:00:00+00:00
[2025-03-13T09:54:52.599+0000] {processor.py:179} INFO - Processing /home/airflow/.local/lib/python3.7/site-packages/airflow/example_dags/example_branch_labels.py took 0.080 seconds
[2025-03-13T09:55:23.790+0000] {processor.py:157} INFO - Started process (PID=1930) to work on /home/airflow/.local/lib/python3.7/site-packages/airflow/example_dags/example_branch_labels.py
[2025-03-13T09:55:23.791+0000] {processor.py:826} INFO - Processing file /home/airflow/.local/lib/python3.7/site-packages/airflow/example_dags/example_branch_labels.py for tasks to queue
[2025-03-13T09:55:23.792+0000] {logging_mixin.py:149} INFO - [2025-03-13T09:55:23.792+0000] {dagbag.py:541} INFO - Filling up the DagBag from /home/airflow/.local/lib/python3.7/site-packages/airflow/example_dags/example_branch_labels.py
[2025-03-13T09:55:23.799+0000] {processor.py:836} INFO - DAG(s) dict_keys(['example_branch_labels']) retrieved from /home/airflow/.local/lib/python3.7/site-packages/airflow/example_dags/example_branch_labels.py
[2025-03-13T09:55:23.824+0000] {logging_mixin.py:149} INFO - [2025-03-13T09:55:23.824+0000] {dag.py:2726} INFO - Sync 1 DAGs
[2025-03-13T09:55:23.848+0000] {logging_mixin.py:149} INFO - [2025-03-13T09:55:23.848+0000] {dag.py:3490} INFO - Setting next_dagrun for example_branch_labels to 2025-03-12T00:00:00+00:00, run_after=2025-03-13T00:00:00+00:00
[2025-03-13T09:55:23.868+0000] {processor.py:179} INFO - Processing /home/airflow/.local/lib/python3.7/site-packages/airflow/example_dags/example_branch_labels.py took 0.082 seconds
[2025-03-13T09:55:55.070+0000] {processor.py:157} INFO - Started process (PID=2021) to work on /home/airflow/.local/lib/python3.7/site-packages/airflow/example_dags/example_branch_labels.py
[2025-03-13T09:55:55.071+0000] {processor.py:826} INFO - Processing file /home/airflow/.local/lib/python3.7/site-packages/airflow/example_dags/example_branch_labels.py for tasks to queue
[2025-03-13T09:55:55.071+0000] {logging_mixin.py:149} INFO - [2025-03-13T09:55:55.071+0000] {dagbag.py:541} INFO - Filling up the DagBag from /home/airflow/.local/lib/python3.7/site-packages/airflow/example_dags/example_branch_labels.py
[2025-03-13T09:55:55.079+0000] {processor.py:836} INFO - DAG(s) dict_keys(['example_branch_labels']) retrieved from /home/airflow/.local/lib/python3.7/site-packages/airflow/example_dags/example_branch_labels.py
[2025-03-13T09:55:55.102+0000] {logging_mixin.py:149} INFO - [2025-03-13T09:55:55.102+0000] {dag.py:2726} INFO - Sync 1 DAGs
[2025-03-13T09:55:55.125+0000] {logging_mixin.py:149} INFO - [2025-03-13T09:55:55.125+0000] {dag.py:3490} INFO - Setting next_dagrun for example_branch_labels to 2025-03-12T00:00:00+00:00, run_after=2025-03-13T00:00:00+00:00
[2025-03-13T09:55:55.141+0000] {processor.py:179} INFO - Processing /home/airflow/.local/lib/python3.7/site-packages/airflow/example_dags/example_branch_labels.py took 0.074 seconds
[2025-03-13T09:56:25.547+0000] {processor.py:157} INFO - Started process (PID=2112) to work on /home/airflow/.local/lib/python3.7/site-packages/airflow/example_dags/example_branch_labels.py
[2025-03-13T09:56:25.548+0000] {processor.py:826} INFO - Processing file /home/airflow/.local/lib/python3.7/site-packages/airflow/example_dags/example_branch_labels.py for tasks to queue
[2025-03-13T09:56:25.548+0000] {logging_mixin.py:149} INFO - [2025-03-13T09:56:25.548+0000] {dagbag.py:541} INFO - Filling up the DagBag from /home/airflow/.local/lib/python3.7/site-packages/airflow/example_dags/example_branch_labels.py
[2025-03-13T09:56:25.555+0000] {processor.py:836} INFO - DAG(s) dict_keys(['example_branch_labels']) retrieved from /home/airflow/.local/lib/python3.7/site-packages/airflow/example_dags/example_branch_labels.py
[2025-03-13T09:56:25.580+0000] {logging_mixin.py:149} INFO - [2025-03-13T09:56:25.580+0000] {dag.py:2726} INFO - Sync 1 DAGs
[2025-03-13T09:56:25.604+0000] {logging_mixin.py:149} INFO - [2025-03-13T09:56:25.603+0000] {dag.py:3490} INFO - Setting next_dagrun for example_branch_labels to 2025-03-12T00:00:00+00:00, run_after=2025-03-13T00:00:00+00:00
[2025-03-13T09:56:25.620+0000] {processor.py:179} INFO - Processing /home/airflow/.local/lib/python3.7/site-packages/airflow/example_dags/example_branch_labels.py took 0.077 seconds
[2025-03-13T09:56:56.044+0000] {processor.py:157} INFO - Started process (PID=2203) to work on /home/airflow/.local/lib/python3.7/site-packages/airflow/example_dags/example_branch_labels.py
[2025-03-13T09:56:56.045+0000] {processor.py:826} INFO - Processing file /home/airflow/.local/lib/python3.7/site-packages/airflow/example_dags/example_branch_labels.py for tasks to queue
[2025-03-13T09:56:56.045+0000] {logging_mixin.py:149} INFO - [2025-03-13T09:56:56.045+0000] {dagbag.py:541} INFO - Filling up the DagBag from /home/airflow/.local/lib/python3.7/site-packages/airflow/example_dags/example_branch_labels.py
[2025-03-13T09:56:56.054+0000] {processor.py:836} INFO - DAG(s) dict_keys(['example_branch_labels']) retrieved from /home/airflow/.local/lib/python3.7/site-packages/airflow/example_dags/example_branch_labels.py
[2025-03-13T09:56:56.079+0000] {logging_mixin.py:149} INFO - [2025-03-13T09:56:56.079+0000] {dag.py:2726} INFO - Sync 1 DAGs
[2025-03-13T09:56:56.103+0000] {logging_mixin.py:149} INFO - [2025-03-13T09:56:56.103+0000] {dag.py:3490} INFO - Setting next_dagrun for example_branch_labels to 2025-03-12T00:00:00+00:00, run_after=2025-03-13T00:00:00+00:00
[2025-03-13T09:56:56.121+0000] {processor.py:179} INFO - Processing /home/airflow/.local/lib/python3.7/site-packages/airflow/example_dags/example_branch_labels.py took 0.081 seconds
[2025-03-13T09:57:26.569+0000] {processor.py:157} INFO - Started process (PID=2294) to work on /home/airflow/.local/lib/python3.7/site-packages/airflow/example_dags/example_branch_labels.py
[2025-03-13T09:57:26.570+0000] {processor.py:826} INFO - Processing file /home/airflow/.local/lib/python3.7/site-packages/airflow/example_dags/example_branch_labels.py for tasks to queue
[2025-03-13T09:57:26.571+0000] {logging_mixin.py:149} INFO - [2025-03-13T09:57:26.571+0000] {dagbag.py:541} INFO - Filling up the DagBag from /home/airflow/.local/lib/python3.7/site-packages/airflow/example_dags/example_branch_labels.py
[2025-03-13T09:57:26.577+0000] {processor.py:836} INFO - DAG(s) dict_keys(['example_branch_labels']) retrieved from /home/airflow/.local/lib/python3.7/site-packages/airflow/example_dags/example_branch_labels.py
[2025-03-13T09:57:26.601+0000] {logging_mixin.py:149} INFO - [2025-03-13T09:57:26.600+0000] {dag.py:2726} INFO - Sync 1 DAGs
[2025-03-13T09:57:26.624+0000] {logging_mixin.py:149} INFO - [2025-03-13T09:57:26.623+0000] {dag.py:3490} INFO - Setting next_dagrun for example_branch_labels to 2025-03-12T00:00:00+00:00, run_after=2025-03-13T00:00:00+00:00
[2025-03-13T09:57:26.641+0000] {processor.py:179} INFO - Processing /home/airflow/.local/lib/python3.7/site-packages/airflow/example_dags/example_branch_labels.py took 0.075 seconds
[2025-03-13T09:57:56.947+0000] {processor.py:157} INFO - Started process (PID=2384) to work on /home/airflow/.local/lib/python3.7/site-packages/airflow/example_dags/example_branch_labels.py
[2025-03-13T09:57:56.948+0000] {processor.py:826} INFO - Processing file /home/airflow/.local/lib/python3.7/site-packages/airflow/example_dags/example_branch_labels.py for tasks to queue
[2025-03-13T09:57:56.949+0000] {logging_mixin.py:149} INFO - [2025-03-13T09:57:56.949+0000] {dagbag.py:541} INFO - Filling up the DagBag from /home/airflow/.local/lib/python3.7/site-packages/airflow/example_dags/example_branch_labels.py
[2025-03-13T09:57:56.956+0000] {processor.py:836} INFO - DAG(s) dict_keys(['example_branch_labels']) retrieved from /home/airflow/.local/lib/python3.7/site-packages/airflow/example_dags/example_branch_labels.py
[2025-03-13T09:57:56.979+0000] {logging_mixin.py:149} INFO - [2025-03-13T09:57:56.979+0000] {dag.py:2726} INFO - Sync 1 DAGs
[2025-03-13T09:57:57.001+0000] {logging_mixin.py:149} INFO - [2025-03-13T09:57:57.001+0000] {dag.py:3490} INFO - Setting next_dagrun for example_branch_labels to 2025-03-12T00:00:00+00:00, run_after=2025-03-13T00:00:00+00:00
[2025-03-13T09:57:57.019+0000] {processor.py:179} INFO - Processing /home/airflow/.local/lib/python3.7/site-packages/airflow/example_dags/example_branch_labels.py took 0.075 seconds
[2025-03-13T09:58:28.086+0000] {processor.py:157} INFO - Started process (PID=2476) to work on /home/airflow/.local/lib/python3.7/site-packages/airflow/example_dags/example_branch_labels.py
[2025-03-13T09:58:28.087+0000] {processor.py:826} INFO - Processing file /home/airflow/.local/lib/python3.7/site-packages/airflow/example_dags/example_branch_labels.py for tasks to queue
[2025-03-13T09:58:28.088+0000] {logging_mixin.py:149} INFO - [2025-03-13T09:58:28.088+0000] {dagbag.py:541} INFO - Filling up the DagBag from /home/airflow/.local/lib/python3.7/site-packages/airflow/example_dags/example_branch_labels.py
[2025-03-13T09:58:28.097+0000] {processor.py:836} INFO - DAG(s) dict_keys(['example_branch_labels']) retrieved from /home/airflow/.local/lib/python3.7/site-packages/airflow/example_dags/example_branch_labels.py
[2025-03-13T09:58:28.125+0000] {logging_mixin.py:149} INFO - [2025-03-13T09:58:28.125+0000] {dag.py:2726} INFO - Sync 1 DAGs
[2025-03-13T09:58:28.149+0000] {logging_mixin.py:149} INFO - [2025-03-13T09:58:28.149+0000] {dag.py:3490} INFO - Setting next_dagrun for example_branch_labels to 2025-03-12T00:00:00+00:00, run_after=2025-03-13T00:00:00+00:00
[2025-03-13T09:58:28.172+0000] {processor.py:179} INFO - Processing /home/airflow/.local/lib/python3.7/site-packages/airflow/example_dags/example_branch_labels.py took 0.089 seconds
[2025-03-13T09:58:59.403+0000] {processor.py:157} INFO - Started process (PID=2567) to work on /home/airflow/.local/lib/python3.7/site-packages/airflow/example_dags/example_branch_labels.py
[2025-03-13T09:58:59.404+0000] {processor.py:826} INFO - Processing file /home/airflow/.local/lib/python3.7/site-packages/airflow/example_dags/example_branch_labels.py for tasks to queue
[2025-03-13T09:58:59.404+0000] {logging_mixin.py:149} INFO - [2025-03-13T09:58:59.404+0000] {dagbag.py:541} INFO - Filling up the DagBag from /home/airflow/.local/lib/python3.7/site-packages/airflow/example_dags/example_branch_labels.py
[2025-03-13T09:58:59.413+0000] {processor.py:836} INFO - DAG(s) dict_keys(['example_branch_labels']) retrieved from /home/airflow/.local/lib/python3.7/site-packages/airflow/example_dags/example_branch_labels.py
[2025-03-13T09:58:59.438+0000] {logging_mixin.py:149} INFO - [2025-03-13T09:58:59.438+0000] {dag.py:2726} INFO - Sync 1 DAGs
[2025-03-13T09:58:59.460+0000] {logging_mixin.py:149} INFO - [2025-03-13T09:58:59.460+0000] {dag.py:3490} INFO - Setting next_dagrun for example_branch_labels to 2025-03-12T00:00:00+00:00, run_after=2025-03-13T00:00:00+00:00
[2025-03-13T09:58:59.477+0000] {processor.py:179} INFO - Processing /home/airflow/.local/lib/python3.7/site-packages/airflow/example_dags/example_branch_labels.py took 0.077 seconds
[2025-03-13T09:59:30.006+0000] {processor.py:157} INFO - Started process (PID=2658) to work on /home/airflow/.local/lib/python3.7/site-packages/airflow/example_dags/example_branch_labels.py
[2025-03-13T09:59:30.007+0000] {processor.py:826} INFO - Processing file /home/airflow/.local/lib/python3.7/site-packages/airflow/example_dags/example_branch_labels.py for tasks to queue
[2025-03-13T09:59:30.008+0000] {logging_mixin.py:149} INFO - [2025-03-13T09:59:30.008+0000] {dagbag.py:541} INFO - Filling up the DagBag from /home/airflow/.local/lib/python3.7/site-packages/airflow/example_dags/example_branch_labels.py
[2025-03-13T09:59:30.017+0000] {processor.py:836} INFO - DAG(s) dict_keys(['example_branch_labels']) retrieved from /home/airflow/.local/lib/python3.7/site-packages/airflow/example_dags/example_branch_labels.py
[2025-03-13T09:59:30.042+0000] {logging_mixin.py:149} INFO - [2025-03-13T09:59:30.042+0000] {dag.py:2726} INFO - Sync 1 DAGs
[2025-03-13T09:59:30.069+0000] {logging_mixin.py:149} INFO - [2025-03-13T09:59:30.068+0000] {dag.py:3490} INFO - Setting next_dagrun for example_branch_labels to 2025-03-12T00:00:00+00:00, run_after=2025-03-13T00:00:00+00:00
[2025-03-13T09:59:30.092+0000] {processor.py:179} INFO - Processing /home/airflow/.local/lib/python3.7/site-packages/airflow/example_dags/example_branch_labels.py took 0.089 seconds
[2025-03-13T10:00:00.382+0000] {processor.py:157} INFO - Started process (PID=2749) to work on /home/airflow/.local/lib/python3.7/site-packages/airflow/example_dags/example_branch_labels.py
[2025-03-13T10:00:00.383+0000] {processor.py:826} INFO - Processing file /home/airflow/.local/lib/python3.7/site-packages/airflow/example_dags/example_branch_labels.py for tasks to queue
[2025-03-13T10:00:00.383+0000] {logging_mixin.py:149} INFO - [2025-03-13T10:00:00.383+0000] {dagbag.py:541} INFO - Filling up the DagBag from /home/airflow/.local/lib/python3.7/site-packages/airflow/example_dags/example_branch_labels.py
[2025-03-13T10:00:00.391+0000] {processor.py:836} INFO - DAG(s) dict_keys(['example_branch_labels']) retrieved from /home/airflow/.local/lib/python3.7/site-packages/airflow/example_dags/example_branch_labels.py
[2025-03-13T10:00:00.416+0000] {logging_mixin.py:149} INFO - [2025-03-13T10:00:00.416+0000] {dag.py:2726} INFO - Sync 1 DAGs
[2025-03-13T10:00:00.442+0000] {logging_mixin.py:149} INFO - [2025-03-13T10:00:00.442+0000] {dag.py:3490} INFO - Setting next_dagrun for example_branch_labels to 2025-03-12T00:00:00+00:00, run_after=2025-03-13T00:00:00+00:00
[2025-03-13T10:00:00.462+0000] {processor.py:179} INFO - Processing /home/airflow/.local/lib/python3.7/site-packages/airflow/example_dags/example_branch_labels.py took 0.084 seconds
[2025-03-13T10:00:30.734+0000] {processor.py:157} INFO - Started process (PID=2839) to work on /home/airflow/.local/lib/python3.7/site-packages/airflow/example_dags/example_branch_labels.py
[2025-03-13T10:00:30.735+0000] {processor.py:826} INFO - Processing file /home/airflow/.local/lib/python3.7/site-packages/airflow/example_dags/example_branch_labels.py for tasks to queue
[2025-03-13T10:00:30.736+0000] {logging_mixin.py:149} INFO - [2025-03-13T10:00:30.736+0000] {dagbag.py:541} INFO - Filling up the DagBag from /home/airflow/.local/lib/python3.7/site-packages/airflow/example_dags/example_branch_labels.py
[2025-03-13T10:00:30.744+0000] {processor.py:836} INFO - DAG(s) dict_keys(['example_branch_labels']) retrieved from /home/airflow/.local/lib/python3.7/site-packages/airflow/example_dags/example_branch_labels.py
[2025-03-13T10:00:30.768+0000] {logging_mixin.py:149} INFO - [2025-03-13T10:00:30.768+0000] {dag.py:2726} INFO - Sync 1 DAGs
[2025-03-13T10:00:30.792+0000] {logging_mixin.py:149} INFO - [2025-03-13T10:00:30.792+0000] {dag.py:3490} INFO - Setting next_dagrun for example_branch_labels to 2025-03-12T00:00:00+00:00, run_after=2025-03-13T00:00:00+00:00
[2025-03-13T10:00:30.813+0000] {processor.py:179} INFO - Processing /home/airflow/.local/lib/python3.7/site-packages/airflow/example_dags/example_branch_labels.py took 0.083 seconds
[2025-03-13T10:01:01.561+0000] {processor.py:157} INFO - Started process (PID=2931) to work on /home/airflow/.local/lib/python3.7/site-packages/airflow/example_dags/example_branch_labels.py
[2025-03-13T10:01:01.563+0000] {processor.py:826} INFO - Processing file /home/airflow/.local/lib/python3.7/site-packages/airflow/example_dags/example_branch_labels.py for tasks to queue
[2025-03-13T10:01:01.564+0000] {logging_mixin.py:149} INFO - [2025-03-13T10:01:01.563+0000] {dagbag.py:541} INFO - Filling up the DagBag from /home/airflow/.local/lib/python3.7/site-packages/airflow/example_dags/example_branch_labels.py
[2025-03-13T10:01:01.572+0000] {processor.py:836} INFO - DAG(s) dict_keys(['example_branch_labels']) retrieved from /home/airflow/.local/lib/python3.7/site-packages/airflow/example_dags/example_branch_labels.py
[2025-03-13T10:01:01.599+0000] {logging_mixin.py:149} INFO - [2025-03-13T10:01:01.599+0000] {dag.py:2726} INFO - Sync 1 DAGs
[2025-03-13T10:01:01.628+0000] {logging_mixin.py:149} INFO - [2025-03-13T10:01:01.627+0000] {dag.py:3490} INFO - Setting next_dagrun for example_branch_labels to 2025-03-12T00:00:00+00:00, run_after=2025-03-13T00:00:00+00:00
[2025-03-13T10:01:01.649+0000] {processor.py:179} INFO - Processing /home/airflow/.local/lib/python3.7/site-packages/airflow/example_dags/example_branch_labels.py took 0.092 seconds
[2025-03-13T10:01:32.061+0000] {processor.py:157} INFO - Started process (PID=3022) to work on /home/airflow/.local/lib/python3.7/site-packages/airflow/example_dags/example_branch_labels.py
[2025-03-13T10:01:32.062+0000] {processor.py:826} INFO - Processing file /home/airflow/.local/lib/python3.7/site-packages/airflow/example_dags/example_branch_labels.py for tasks to queue
[2025-03-13T10:01:32.063+0000] {logging_mixin.py:149} INFO - [2025-03-13T10:01:32.063+0000] {dagbag.py:541} INFO - Filling up the DagBag from /home/airflow/.local/lib/python3.7/site-packages/airflow/example_dags/example_branch_labels.py
[2025-03-13T10:01:32.072+0000] {processor.py:836} INFO - DAG(s) dict_keys(['example_branch_labels']) retrieved from /home/airflow/.local/lib/python3.7/site-packages/airflow/example_dags/example_branch_labels.py
[2025-03-13T10:01:32.109+0000] {logging_mixin.py:149} INFO - [2025-03-13T10:01:32.109+0000] {dag.py:2726} INFO - Sync 1 DAGs
[2025-03-13T10:01:32.147+0000] {logging_mixin.py:149} INFO - [2025-03-13T10:01:32.147+0000] {dag.py:3490} INFO - Setting next_dagrun for example_branch_labels to 2025-03-12T00:00:00+00:00, run_after=2025-03-13T00:00:00+00:00
[2025-03-13T10:01:32.170+0000] {processor.py:179} INFO - Processing /home/airflow/.local/lib/python3.7/site-packages/airflow/example_dags/example_branch_labels.py took 0.114 seconds
[2025-03-13T10:02:02.580+0000] {processor.py:157} INFO - Started process (PID=3113) to work on /home/airflow/.local/lib/python3.7/site-packages/airflow/example_dags/example_branch_labels.py
[2025-03-13T10:02:02.581+0000] {processor.py:826} INFO - Processing file /home/airflow/.local/lib/python3.7/site-packages/airflow/example_dags/example_branch_labels.py for tasks to queue
[2025-03-13T10:02:02.582+0000] {logging_mixin.py:149} INFO - [2025-03-13T10:02:02.582+0000] {dagbag.py:541} INFO - Filling up the DagBag from /home/airflow/.local/lib/python3.7/site-packages/airflow/example_dags/example_branch_labels.py
[2025-03-13T10:02:02.589+0000] {processor.py:836} INFO - DAG(s) dict_keys(['example_branch_labels']) retrieved from /home/airflow/.local/lib/python3.7/site-packages/airflow/example_dags/example_branch_labels.py
[2025-03-13T10:02:02.619+0000] {logging_mixin.py:149} INFO - [2025-03-13T10:02:02.619+0000] {dag.py:2726} INFO - Sync 1 DAGs
[2025-03-13T10:02:02.647+0000] {logging_mixin.py:149} INFO - [2025-03-13T10:02:02.646+0000] {dag.py:3490} INFO - Setting next_dagrun for example_branch_labels to 2025-03-12T00:00:00+00:00, run_after=2025-03-13T00:00:00+00:00
[2025-03-13T10:02:02.668+0000] {processor.py:179} INFO - Processing /home/airflow/.local/lib/python3.7/site-packages/airflow/example_dags/example_branch_labels.py took 0.091 seconds
[2025-03-13T10:02:33.856+0000] {processor.py:157} INFO - Started process (PID=3211) to work on /home/airflow/.local/lib/python3.7/site-packages/airflow/example_dags/example_branch_labels.py
[2025-03-13T10:02:33.858+0000] {processor.py:826} INFO - Processing file /home/airflow/.local/lib/python3.7/site-packages/airflow/example_dags/example_branch_labels.py for tasks to queue
[2025-03-13T10:02:33.858+0000] {logging_mixin.py:149} INFO - [2025-03-13T10:02:33.858+0000] {dagbag.py:541} INFO - Filling up the DagBag from /home/airflow/.local/lib/python3.7/site-packages/airflow/example_dags/example_branch_labels.py
[2025-03-13T10:02:33.865+0000] {processor.py:836} INFO - DAG(s) dict_keys(['example_branch_labels']) retrieved from /home/airflow/.local/lib/python3.7/site-packages/airflow/example_dags/example_branch_labels.py
[2025-03-13T10:02:33.890+0000] {logging_mixin.py:149} INFO - [2025-03-13T10:02:33.890+0000] {dag.py:2726} INFO - Sync 1 DAGs
[2025-03-13T10:02:33.915+0000] {logging_mixin.py:149} INFO - [2025-03-13T10:02:33.914+0000] {dag.py:3490} INFO - Setting next_dagrun for example_branch_labels to 2025-03-12T00:00:00+00:00, run_after=2025-03-13T00:00:00+00:00
[2025-03-13T10:02:33.932+0000] {processor.py:179} INFO - Processing /home/airflow/.local/lib/python3.7/site-packages/airflow/example_dags/example_branch_labels.py took 0.078 seconds
[2025-03-13T10:03:05.322+0000] {processor.py:157} INFO - Started process (PID=3302) to work on /home/airflow/.local/lib/python3.7/site-packages/airflow/example_dags/example_branch_labels.py
[2025-03-13T10:03:05.323+0000] {processor.py:826} INFO - Processing file /home/airflow/.local/lib/python3.7/site-packages/airflow/example_dags/example_branch_labels.py for tasks to queue
[2025-03-13T10:03:05.324+0000] {logging_mixin.py:149} INFO - [2025-03-13T10:03:05.324+0000] {dagbag.py:541} INFO - Filling up the DagBag from /home/airflow/.local/lib/python3.7/site-packages/airflow/example_dags/example_branch_labels.py
[2025-03-13T10:03:05.335+0000] {processor.py:836} INFO - DAG(s) dict_keys(['example_branch_labels']) retrieved from /home/airflow/.local/lib/python3.7/site-packages/airflow/example_dags/example_branch_labels.py
[2025-03-13T10:03:05.384+0000] {logging_mixin.py:149} INFO - [2025-03-13T10:03:05.384+0000] {dag.py:2726} INFO - Sync 1 DAGs
[2025-03-13T10:03:05.436+0000] {logging_mixin.py:149} INFO - [2025-03-13T10:03:05.436+0000] {dag.py:3490} INFO - Setting next_dagrun for example_branch_labels to 2025-03-12T00:00:00+00:00, run_after=2025-03-13T00:00:00+00:00
[2025-03-13T10:03:05.466+0000] {processor.py:179} INFO - Processing /home/airflow/.local/lib/python3.7/site-packages/airflow/example_dags/example_branch_labels.py took 0.148 seconds
[2025-03-13T10:03:36.150+0000] {processor.py:157} INFO - Started process (PID=3393) to work on /home/airflow/.local/lib/python3.7/site-packages/airflow/example_dags/example_branch_labels.py
[2025-03-13T10:03:36.151+0000] {processor.py:826} INFO - Processing file /home/airflow/.local/lib/python3.7/site-packages/airflow/example_dags/example_branch_labels.py for tasks to queue
[2025-03-13T10:03:36.151+0000] {logging_mixin.py:149} INFO - [2025-03-13T10:03:36.151+0000] {dagbag.py:541} INFO - Filling up the DagBag from /home/airflow/.local/lib/python3.7/site-packages/airflow/example_dags/example_branch_labels.py
[2025-03-13T10:03:36.159+0000] {processor.py:836} INFO - DAG(s) dict_keys(['example_branch_labels']) retrieved from /home/airflow/.local/lib/python3.7/site-packages/airflow/example_dags/example_branch_labels.py
[2025-03-13T10:03:36.184+0000] {logging_mixin.py:149} INFO - [2025-03-13T10:03:36.184+0000] {dag.py:2726} INFO - Sync 1 DAGs
[2025-03-13T10:03:36.209+0000] {logging_mixin.py:149} INFO - [2025-03-13T10:03:36.209+0000] {dag.py:3490} INFO - Setting next_dagrun for example_branch_labels to 2025-03-12T00:00:00+00:00, run_after=2025-03-13T00:00:00+00:00
[2025-03-13T10:03:36.231+0000] {processor.py:179} INFO - Processing /home/airflow/.local/lib/python3.7/site-packages/airflow/example_dags/example_branch_labels.py took 0.084 seconds
[2025-03-13T10:04:07.118+0000] {processor.py:157} INFO - Started process (PID=3484) to work on /home/airflow/.local/lib/python3.7/site-packages/airflow/example_dags/example_branch_labels.py
[2025-03-13T10:04:07.119+0000] {processor.py:826} INFO - Processing file /home/airflow/.local/lib/python3.7/site-packages/airflow/example_dags/example_branch_labels.py for tasks to queue
[2025-03-13T10:04:07.119+0000] {logging_mixin.py:149} INFO - [2025-03-13T10:04:07.119+0000] {dagbag.py:541} INFO - Filling up the DagBag from /home/airflow/.local/lib/python3.7/site-packages/airflow/example_dags/example_branch_labels.py
[2025-03-13T10:04:07.126+0000] {processor.py:836} INFO - DAG(s) dict_keys(['example_branch_labels']) retrieved from /home/airflow/.local/lib/python3.7/site-packages/airflow/example_dags/example_branch_labels.py
[2025-03-13T10:04:07.148+0000] {logging_mixin.py:149} INFO - [2025-03-13T10:04:07.148+0000] {dag.py:2726} INFO - Sync 1 DAGs
[2025-03-13T10:04:07.170+0000] {logging_mixin.py:149} INFO - [2025-03-13T10:04:07.170+0000] {dag.py:3490} INFO - Setting next_dagrun for example_branch_labels to 2025-03-12T00:00:00+00:00, run_after=2025-03-13T00:00:00+00:00
[2025-03-13T10:04:07.190+0000] {processor.py:179} INFO - Processing /home/airflow/.local/lib/python3.7/site-packages/airflow/example_dags/example_branch_labels.py took 0.074 seconds
[2025-03-13T10:04:37.591+0000] {processor.py:157} INFO - Started process (PID=3575) to work on /home/airflow/.local/lib/python3.7/site-packages/airflow/example_dags/example_branch_labels.py
[2025-03-13T10:04:37.594+0000] {processor.py:826} INFO - Processing file /home/airflow/.local/lib/python3.7/site-packages/airflow/example_dags/example_branch_labels.py for tasks to queue
[2025-03-13T10:04:37.594+0000] {logging_mixin.py:149} INFO - [2025-03-13T10:04:37.594+0000] {dagbag.py:541} INFO - Filling up the DagBag from /home/airflow/.local/lib/python3.7/site-packages/airflow/example_dags/example_branch_labels.py
[2025-03-13T10:04:37.602+0000] {processor.py:836} INFO - DAG(s) dict_keys(['example_branch_labels']) retrieved from /home/airflow/.local/lib/python3.7/site-packages/airflow/example_dags/example_branch_labels.py
[2025-03-13T10:04:37.624+0000] {logging_mixin.py:149} INFO - [2025-03-13T10:04:37.624+0000] {dag.py:2726} INFO - Sync 1 DAGs
[2025-03-13T10:04:37.646+0000] {logging_mixin.py:149} INFO - [2025-03-13T10:04:37.646+0000] {dag.py:3490} INFO - Setting next_dagrun for example_branch_labels to 2025-03-12T00:00:00+00:00, run_after=2025-03-13T00:00:00+00:00
[2025-03-13T10:04:37.672+0000] {processor.py:179} INFO - Processing /home/airflow/.local/lib/python3.7/site-packages/airflow/example_dags/example_branch_labels.py took 0.084 seconds
[2025-03-13T10:05:08.506+0000] {processor.py:157} INFO - Started process (PID=3666) to work on /home/airflow/.local/lib/python3.7/site-packages/airflow/example_dags/example_branch_labels.py
[2025-03-13T10:05:08.507+0000] {processor.py:826} INFO - Processing file /home/airflow/.local/lib/python3.7/site-packages/airflow/example_dags/example_branch_labels.py for tasks to queue
[2025-03-13T10:05:08.508+0000] {logging_mixin.py:149} INFO - [2025-03-13T10:05:08.508+0000] {dagbag.py:541} INFO - Filling up the DagBag from /home/airflow/.local/lib/python3.7/site-packages/airflow/example_dags/example_branch_labels.py
[2025-03-13T10:05:08.515+0000] {processor.py:836} INFO - DAG(s) dict_keys(['example_branch_labels']) retrieved from /home/airflow/.local/lib/python3.7/site-packages/airflow/example_dags/example_branch_labels.py
[2025-03-13T10:05:08.540+0000] {logging_mixin.py:149} INFO - [2025-03-13T10:05:08.540+0000] {dag.py:2726} INFO - Sync 1 DAGs
[2025-03-13T10:05:08.564+0000] {logging_mixin.py:149} INFO - [2025-03-13T10:05:08.564+0000] {dag.py:3490} INFO - Setting next_dagrun for example_branch_labels to 2025-03-12T00:00:00+00:00, run_after=2025-03-13T00:00:00+00:00
[2025-03-13T10:05:08.584+0000] {processor.py:179} INFO - Processing /home/airflow/.local/lib/python3.7/site-packages/airflow/example_dags/example_branch_labels.py took 0.080 seconds
