[2025-03-13T09:45:00.152+0000] {processor.py:157} INFO - Started process (PID=69) to work on /home/airflow/.local/lib/python3.7/site-packages/airflow/example_dags/example_datasets.py
[2025-03-13T09:45:00.153+0000] {processor.py:826} INFO - Processing file /home/airflow/.local/lib/python3.7/site-packages/airflow/example_dags/example_datasets.py for tasks to queue
[2025-03-13T09:45:00.153+0000] {logging_mixin.py:149} INFO - [2025-03-13T09:45:00.153+0000] {dagbag.py:541} INFO - Filling up the DagBag from /home/airflow/.local/lib/python3.7/site-packages/airflow/example_dags/example_datasets.py
[2025-03-13T09:45:00.164+0000] {processor.py:836} INFO - DAG(s) dict_keys(['dataset_consumes_1_never_scheduled', 'dataset_produces_1', 'dataset_consumes_1_and_2', 'dataset_consumes_1', 'dataset_produces_2', 'dataset_consumes_unknown_never_scheduled']) retrieved from /home/airflow/.local/lib/python3.7/site-packages/airflow/example_dags/example_datasets.py
[2025-03-13T09:45:00.249+0000] {logging_mixin.py:149} INFO - [2025-03-13T09:45:00.249+0000] {dag.py:2726} INFO - Sync 6 DAGs
[2025-03-13T09:45:00.271+0000] {logging_mixin.py:149} INFO - [2025-03-13T09:45:00.270+0000] {dag.py:3490} INFO - Setting next_dagrun for dataset_consumes_1 to None, run_after=None
[2025-03-13T09:45:00.273+0000] {logging_mixin.py:149} INFO - [2025-03-13T09:45:00.273+0000] {dag.py:3490} INFO - Setting next_dagrun for dataset_consumes_1_and_2 to None, run_after=None
[2025-03-13T09:45:00.275+0000] {logging_mixin.py:149} INFO - [2025-03-13T09:45:00.275+0000] {dag.py:3490} INFO - Setting next_dagrun for dataset_consumes_1_never_scheduled to None, run_after=None
[2025-03-13T09:45:00.276+0000] {logging_mixin.py:149} INFO - [2025-03-13T09:45:00.276+0000] {dag.py:3490} INFO - Setting next_dagrun for dataset_consumes_unknown_never_scheduled to None, run_after=None
[2025-03-13T09:45:00.278+0000] {logging_mixin.py:149} INFO - [2025-03-13T09:45:00.278+0000] {dag.py:3490} INFO - Setting next_dagrun for dataset_produces_1 to 2025-03-12T00:00:00+00:00, run_after=2025-03-13T00:00:00+00:00
[2025-03-13T09:45:00.280+0000] {logging_mixin.py:149} INFO - [2025-03-13T09:45:00.280+0000] {dag.py:3490} INFO - Setting next_dagrun for dataset_produces_2 to None, run_after=None
[2025-03-13T09:45:00.318+0000] {processor.py:179} INFO - Processing /home/airflow/.local/lib/python3.7/site-packages/airflow/example_dags/example_datasets.py took 0.169 seconds
[2025-03-13T09:45:31.559+0000] {processor.py:157} INFO - Started process (PID=178) to work on /home/airflow/.local/lib/python3.7/site-packages/airflow/example_dags/example_datasets.py
[2025-03-13T09:45:31.561+0000] {processor.py:826} INFO - Processing file /home/airflow/.local/lib/python3.7/site-packages/airflow/example_dags/example_datasets.py for tasks to queue
[2025-03-13T09:45:31.562+0000] {logging_mixin.py:149} INFO - [2025-03-13T09:45:31.561+0000] {dagbag.py:541} INFO - Filling up the DagBag from /home/airflow/.local/lib/python3.7/site-packages/airflow/example_dags/example_datasets.py
[2025-03-13T09:45:31.573+0000] {processor.py:836} INFO - DAG(s) dict_keys(['dataset_consumes_1_and_2', 'dataset_produces_2', 'dataset_consumes_unknown_never_scheduled', 'dataset_produces_1', 'dataset_consumes_1', 'dataset_consumes_1_never_scheduled']) retrieved from /home/airflow/.local/lib/python3.7/site-packages/airflow/example_dags/example_datasets.py
[2025-03-13T09:45:31.612+0000] {logging_mixin.py:149} INFO - [2025-03-13T09:45:31.612+0000] {dag.py:2726} INFO - Sync 6 DAGs
[2025-03-13T09:45:31.637+0000] {logging_mixin.py:149} INFO - [2025-03-13T09:45:31.637+0000] {dag.py:3490} INFO - Setting next_dagrun for dataset_consumes_1 to None, run_after=None
[2025-03-13T09:45:31.640+0000] {logging_mixin.py:149} INFO - [2025-03-13T09:45:31.640+0000] {dag.py:3490} INFO - Setting next_dagrun for dataset_consumes_1_and_2 to None, run_after=None
[2025-03-13T09:45:31.641+0000] {logging_mixin.py:149} INFO - [2025-03-13T09:45:31.641+0000] {dag.py:3490} INFO - Setting next_dagrun for dataset_consumes_1_never_scheduled to None, run_after=None
[2025-03-13T09:45:31.643+0000] {logging_mixin.py:149} INFO - [2025-03-13T09:45:31.643+0000] {dag.py:3490} INFO - Setting next_dagrun for dataset_consumes_unknown_never_scheduled to None, run_after=None
[2025-03-13T09:45:31.646+0000] {logging_mixin.py:149} INFO - [2025-03-13T09:45:31.646+0000] {dag.py:3490} INFO - Setting next_dagrun for dataset_produces_1 to 2025-03-12T00:00:00+00:00, run_after=2025-03-13T00:00:00+00:00
[2025-03-13T09:45:31.647+0000] {logging_mixin.py:149} INFO - [2025-03-13T09:45:31.647+0000] {dag.py:3490} INFO - Setting next_dagrun for dataset_produces_2 to None, run_after=None
[2025-03-13T09:45:31.678+0000] {processor.py:179} INFO - Processing /home/airflow/.local/lib/python3.7/site-packages/airflow/example_dags/example_datasets.py took 0.122 seconds
[2025-03-13T09:46:02.196+0000] {processor.py:157} INFO - Started process (PID=270) to work on /home/airflow/.local/lib/python3.7/site-packages/airflow/example_dags/example_datasets.py
[2025-03-13T09:46:02.197+0000] {processor.py:826} INFO - Processing file /home/airflow/.local/lib/python3.7/site-packages/airflow/example_dags/example_datasets.py for tasks to queue
[2025-03-13T09:46:02.198+0000] {logging_mixin.py:149} INFO - [2025-03-13T09:46:02.198+0000] {dagbag.py:541} INFO - Filling up the DagBag from /home/airflow/.local/lib/python3.7/site-packages/airflow/example_dags/example_datasets.py
[2025-03-13T09:46:02.206+0000] {processor.py:836} INFO - DAG(s) dict_keys(['dataset_produces_2', 'dataset_produces_1', 'dataset_consumes_unknown_never_scheduled', 'dataset_consumes_1_and_2', 'dataset_consumes_1_never_scheduled', 'dataset_consumes_1']) retrieved from /home/airflow/.local/lib/python3.7/site-packages/airflow/example_dags/example_datasets.py
[2025-03-13T09:46:02.243+0000] {logging_mixin.py:149} INFO - [2025-03-13T09:46:02.243+0000] {dag.py:2726} INFO - Sync 6 DAGs
[2025-03-13T09:46:02.369+0000] {logging_mixin.py:149} INFO - [2025-03-13T09:46:02.369+0000] {dag.py:3490} INFO - Setting next_dagrun for dataset_consumes_1 to None, run_after=None
[2025-03-13T09:46:02.373+0000] {logging_mixin.py:149} INFO - [2025-03-13T09:46:02.373+0000] {dag.py:3490} INFO - Setting next_dagrun for dataset_consumes_1_and_2 to None, run_after=None
[2025-03-13T09:46:02.374+0000] {logging_mixin.py:149} INFO - [2025-03-13T09:46:02.374+0000] {dag.py:3490} INFO - Setting next_dagrun for dataset_consumes_1_never_scheduled to None, run_after=None
[2025-03-13T09:46:02.375+0000] {logging_mixin.py:149} INFO - [2025-03-13T09:46:02.375+0000] {dag.py:3490} INFO - Setting next_dagrun for dataset_consumes_unknown_never_scheduled to None, run_after=None
[2025-03-13T09:46:02.377+0000] {logging_mixin.py:149} INFO - [2025-03-13T09:46:02.377+0000] {dag.py:3490} INFO - Setting next_dagrun for dataset_produces_1 to 2025-03-12T00:00:00+00:00, run_after=2025-03-13T00:00:00+00:00
[2025-03-13T09:46:02.378+0000] {logging_mixin.py:149} INFO - [2025-03-13T09:46:02.378+0000] {dag.py:3490} INFO - Setting next_dagrun for dataset_produces_2 to None, run_after=None
[2025-03-13T09:46:02.409+0000] {processor.py:179} INFO - Processing /home/airflow/.local/lib/python3.7/site-packages/airflow/example_dags/example_datasets.py took 0.216 seconds
[2025-03-13T09:46:33.352+0000] {processor.py:157} INFO - Started process (PID=367) to work on /home/airflow/.local/lib/python3.7/site-packages/airflow/example_dags/example_datasets.py
[2025-03-13T09:46:33.353+0000] {processor.py:826} INFO - Processing file /home/airflow/.local/lib/python3.7/site-packages/airflow/example_dags/example_datasets.py for tasks to queue
[2025-03-13T09:46:33.354+0000] {logging_mixin.py:149} INFO - [2025-03-13T09:46:33.354+0000] {dagbag.py:541} INFO - Filling up the DagBag from /home/airflow/.local/lib/python3.7/site-packages/airflow/example_dags/example_datasets.py
[2025-03-13T09:46:33.363+0000] {processor.py:836} INFO - DAG(s) dict_keys(['dataset_produces_2', 'dataset_consumes_1_never_scheduled', 'dataset_produces_1', 'dataset_consumes_unknown_never_scheduled', 'dataset_consumes_1_and_2', 'dataset_consumes_1']) retrieved from /home/airflow/.local/lib/python3.7/site-packages/airflow/example_dags/example_datasets.py
[2025-03-13T09:46:33.405+0000] {logging_mixin.py:149} INFO - [2025-03-13T09:46:33.405+0000] {dag.py:2726} INFO - Sync 6 DAGs
[2025-03-13T09:46:33.432+0000] {logging_mixin.py:149} INFO - [2025-03-13T09:46:33.432+0000] {dag.py:3490} INFO - Setting next_dagrun for dataset_consumes_1 to None, run_after=None
[2025-03-13T09:46:33.435+0000] {logging_mixin.py:149} INFO - [2025-03-13T09:46:33.435+0000] {dag.py:3490} INFO - Setting next_dagrun for dataset_consumes_1_and_2 to None, run_after=None
[2025-03-13T09:46:33.436+0000] {logging_mixin.py:149} INFO - [2025-03-13T09:46:33.436+0000] {dag.py:3490} INFO - Setting next_dagrun for dataset_consumes_1_never_scheduled to None, run_after=None
[2025-03-13T09:46:33.438+0000] {logging_mixin.py:149} INFO - [2025-03-13T09:46:33.438+0000] {dag.py:3490} INFO - Setting next_dagrun for dataset_consumes_unknown_never_scheduled to None, run_after=None
[2025-03-13T09:46:33.440+0000] {logging_mixin.py:149} INFO - [2025-03-13T09:46:33.440+0000] {dag.py:3490} INFO - Setting next_dagrun for dataset_produces_1 to 2025-03-12T00:00:00+00:00, run_after=2025-03-13T00:00:00+00:00
[2025-03-13T09:46:33.442+0000] {logging_mixin.py:149} INFO - [2025-03-13T09:46:33.442+0000] {dag.py:3490} INFO - Setting next_dagrun for dataset_produces_2 to None, run_after=None
[2025-03-13T09:46:33.477+0000] {processor.py:179} INFO - Processing /home/airflow/.local/lib/python3.7/site-packages/airflow/example_dags/example_datasets.py took 0.128 seconds
[2025-03-13T09:47:04.596+0000] {processor.py:157} INFO - Started process (PID=458) to work on /home/airflow/.local/lib/python3.7/site-packages/airflow/example_dags/example_datasets.py
[2025-03-13T09:47:04.597+0000] {processor.py:826} INFO - Processing file /home/airflow/.local/lib/python3.7/site-packages/airflow/example_dags/example_datasets.py for tasks to queue
[2025-03-13T09:47:04.598+0000] {logging_mixin.py:149} INFO - [2025-03-13T09:47:04.597+0000] {dagbag.py:541} INFO - Filling up the DagBag from /home/airflow/.local/lib/python3.7/site-packages/airflow/example_dags/example_datasets.py
[2025-03-13T09:47:04.606+0000] {processor.py:836} INFO - DAG(s) dict_keys(['dataset_produces_1', 'dataset_consumes_1_and_2', 'dataset_consumes_1_never_scheduled', 'dataset_produces_2', 'dataset_consumes_1', 'dataset_consumes_unknown_never_scheduled']) retrieved from /home/airflow/.local/lib/python3.7/site-packages/airflow/example_dags/example_datasets.py
[2025-03-13T09:47:04.644+0000] {logging_mixin.py:149} INFO - [2025-03-13T09:47:04.644+0000] {dag.py:2726} INFO - Sync 6 DAGs
[2025-03-13T09:47:04.668+0000] {logging_mixin.py:149} INFO - [2025-03-13T09:47:04.668+0000] {dag.py:3490} INFO - Setting next_dagrun for dataset_consumes_1 to None, run_after=None
[2025-03-13T09:47:04.672+0000] {logging_mixin.py:149} INFO - [2025-03-13T09:47:04.672+0000] {dag.py:3490} INFO - Setting next_dagrun for dataset_consumes_1_and_2 to None, run_after=None
[2025-03-13T09:47:04.673+0000] {logging_mixin.py:149} INFO - [2025-03-13T09:47:04.673+0000] {dag.py:3490} INFO - Setting next_dagrun for dataset_consumes_1_never_scheduled to None, run_after=None
[2025-03-13T09:47:04.674+0000] {logging_mixin.py:149} INFO - [2025-03-13T09:47:04.674+0000] {dag.py:3490} INFO - Setting next_dagrun for dataset_consumes_unknown_never_scheduled to None, run_after=None
[2025-03-13T09:47:04.676+0000] {logging_mixin.py:149} INFO - [2025-03-13T09:47:04.676+0000] {dag.py:3490} INFO - Setting next_dagrun for dataset_produces_1 to 2025-03-12T00:00:00+00:00, run_after=2025-03-13T00:00:00+00:00
[2025-03-13T09:47:04.678+0000] {logging_mixin.py:149} INFO - [2025-03-13T09:47:04.677+0000] {dag.py:3490} INFO - Setting next_dagrun for dataset_produces_2 to None, run_after=None
[2025-03-13T09:47:04.712+0000] {processor.py:179} INFO - Processing /home/airflow/.local/lib/python3.7/site-packages/airflow/example_dags/example_datasets.py took 0.120 seconds
[2025-03-13T09:47:35.843+0000] {processor.py:157} INFO - Started process (PID=550) to work on /home/airflow/.local/lib/python3.7/site-packages/airflow/example_dags/example_datasets.py
[2025-03-13T09:47:35.844+0000] {processor.py:826} INFO - Processing file /home/airflow/.local/lib/python3.7/site-packages/airflow/example_dags/example_datasets.py for tasks to queue
[2025-03-13T09:47:35.844+0000] {logging_mixin.py:149} INFO - [2025-03-13T09:47:35.844+0000] {dagbag.py:541} INFO - Filling up the DagBag from /home/airflow/.local/lib/python3.7/site-packages/airflow/example_dags/example_datasets.py
[2025-03-13T09:47:35.852+0000] {processor.py:836} INFO - DAG(s) dict_keys(['dataset_consumes_1_and_2', 'dataset_consumes_1_never_scheduled', 'dataset_consumes_unknown_never_scheduled', 'dataset_consumes_1', 'dataset_produces_1', 'dataset_produces_2']) retrieved from /home/airflow/.local/lib/python3.7/site-packages/airflow/example_dags/example_datasets.py
[2025-03-13T09:47:35.889+0000] {logging_mixin.py:149} INFO - [2025-03-13T09:47:35.889+0000] {dag.py:2726} INFO - Sync 6 DAGs
[2025-03-13T09:47:35.912+0000] {logging_mixin.py:149} INFO - [2025-03-13T09:47:35.912+0000] {dag.py:3490} INFO - Setting next_dagrun for dataset_consumes_1 to None, run_after=None
[2025-03-13T09:47:35.915+0000] {logging_mixin.py:149} INFO - [2025-03-13T09:47:35.915+0000] {dag.py:3490} INFO - Setting next_dagrun for dataset_consumes_1_and_2 to None, run_after=None
[2025-03-13T09:47:35.916+0000] {logging_mixin.py:149} INFO - [2025-03-13T09:47:35.916+0000] {dag.py:3490} INFO - Setting next_dagrun for dataset_consumes_1_never_scheduled to None, run_after=None
[2025-03-13T09:47:35.917+0000] {logging_mixin.py:149} INFO - [2025-03-13T09:47:35.917+0000] {dag.py:3490} INFO - Setting next_dagrun for dataset_consumes_unknown_never_scheduled to None, run_after=None
[2025-03-13T09:47:35.919+0000] {logging_mixin.py:149} INFO - [2025-03-13T09:47:35.919+0000] {dag.py:3490} INFO - Setting next_dagrun for dataset_produces_1 to 2025-03-12T00:00:00+00:00, run_after=2025-03-13T00:00:00+00:00
[2025-03-13T09:47:35.920+0000] {logging_mixin.py:149} INFO - [2025-03-13T09:47:35.920+0000] {dag.py:3490} INFO - Setting next_dagrun for dataset_produces_2 to None, run_after=None
[2025-03-13T09:47:35.949+0000] {processor.py:179} INFO - Processing /home/airflow/.local/lib/python3.7/site-packages/airflow/example_dags/example_datasets.py took 0.109 seconds
[2025-03-13T09:48:06.667+0000] {processor.py:157} INFO - Started process (PID=641) to work on /home/airflow/.local/lib/python3.7/site-packages/airflow/example_dags/example_datasets.py
[2025-03-13T09:48:06.668+0000] {processor.py:826} INFO - Processing file /home/airflow/.local/lib/python3.7/site-packages/airflow/example_dags/example_datasets.py for tasks to queue
[2025-03-13T09:48:06.669+0000] {logging_mixin.py:149} INFO - [2025-03-13T09:48:06.669+0000] {dagbag.py:541} INFO - Filling up the DagBag from /home/airflow/.local/lib/python3.7/site-packages/airflow/example_dags/example_datasets.py
[2025-03-13T09:48:06.677+0000] {processor.py:836} INFO - DAG(s) dict_keys(['dataset_consumes_1', 'dataset_consumes_1_never_scheduled', 'dataset_produces_2', 'dataset_consumes_unknown_never_scheduled', 'dataset_produces_1', 'dataset_consumes_1_and_2']) retrieved from /home/airflow/.local/lib/python3.7/site-packages/airflow/example_dags/example_datasets.py
[2025-03-13T09:48:06.715+0000] {logging_mixin.py:149} INFO - [2025-03-13T09:48:06.714+0000] {dag.py:2726} INFO - Sync 6 DAGs
[2025-03-13T09:48:06.737+0000] {logging_mixin.py:149} INFO - [2025-03-13T09:48:06.737+0000] {dag.py:3490} INFO - Setting next_dagrun for dataset_consumes_1 to None, run_after=None
[2025-03-13T09:48:06.740+0000] {logging_mixin.py:149} INFO - [2025-03-13T09:48:06.740+0000] {dag.py:3490} INFO - Setting next_dagrun for dataset_consumes_1_and_2 to None, run_after=None
[2025-03-13T09:48:06.742+0000] {logging_mixin.py:149} INFO - [2025-03-13T09:48:06.742+0000] {dag.py:3490} INFO - Setting next_dagrun for dataset_consumes_1_never_scheduled to None, run_after=None
[2025-03-13T09:48:06.743+0000] {logging_mixin.py:149} INFO - [2025-03-13T09:48:06.743+0000] {dag.py:3490} INFO - Setting next_dagrun for dataset_consumes_unknown_never_scheduled to None, run_after=None
[2025-03-13T09:48:06.745+0000] {logging_mixin.py:149} INFO - [2025-03-13T09:48:06.745+0000] {dag.py:3490} INFO - Setting next_dagrun for dataset_produces_1 to 2025-03-12T00:00:00+00:00, run_after=2025-03-13T00:00:00+00:00
[2025-03-13T09:48:06.746+0000] {logging_mixin.py:149} INFO - [2025-03-13T09:48:06.746+0000] {dag.py:3490} INFO - Setting next_dagrun for dataset_produces_2 to None, run_after=None
[2025-03-13T09:48:06.776+0000] {processor.py:179} INFO - Processing /home/airflow/.local/lib/python3.7/site-packages/airflow/example_dags/example_datasets.py took 0.111 seconds
[2025-03-13T09:48:37.227+0000] {processor.py:157} INFO - Started process (PID=732) to work on /home/airflow/.local/lib/python3.7/site-packages/airflow/example_dags/example_datasets.py
[2025-03-13T09:48:37.228+0000] {processor.py:826} INFO - Processing file /home/airflow/.local/lib/python3.7/site-packages/airflow/example_dags/example_datasets.py for tasks to queue
[2025-03-13T09:48:37.229+0000] {logging_mixin.py:149} INFO - [2025-03-13T09:48:37.229+0000] {dagbag.py:541} INFO - Filling up the DagBag from /home/airflow/.local/lib/python3.7/site-packages/airflow/example_dags/example_datasets.py
[2025-03-13T09:48:37.238+0000] {processor.py:836} INFO - DAG(s) dict_keys(['dataset_consumes_1_and_2', 'dataset_produces_1', 'dataset_produces_2', 'dataset_consumes_1', 'dataset_consumes_unknown_never_scheduled', 'dataset_consumes_1_never_scheduled']) retrieved from /home/airflow/.local/lib/python3.7/site-packages/airflow/example_dags/example_datasets.py
[2025-03-13T09:48:37.293+0000] {logging_mixin.py:149} INFO - [2025-03-13T09:48:37.293+0000] {dag.py:2726} INFO - Sync 6 DAGs
[2025-03-13T09:48:37.322+0000] {logging_mixin.py:149} INFO - [2025-03-13T09:48:37.322+0000] {dag.py:3490} INFO - Setting next_dagrun for dataset_consumes_1 to None, run_after=None
[2025-03-13T09:48:37.325+0000] {logging_mixin.py:149} INFO - [2025-03-13T09:48:37.325+0000] {dag.py:3490} INFO - Setting next_dagrun for dataset_consumes_1_and_2 to None, run_after=None
[2025-03-13T09:48:37.327+0000] {logging_mixin.py:149} INFO - [2025-03-13T09:48:37.327+0000] {dag.py:3490} INFO - Setting next_dagrun for dataset_consumes_1_never_scheduled to None, run_after=None
[2025-03-13T09:48:37.328+0000] {logging_mixin.py:149} INFO - [2025-03-13T09:48:37.328+0000] {dag.py:3490} INFO - Setting next_dagrun for dataset_consumes_unknown_never_scheduled to None, run_after=None
[2025-03-13T09:48:37.331+0000] {logging_mixin.py:149} INFO - [2025-03-13T09:48:37.331+0000] {dag.py:3490} INFO - Setting next_dagrun for dataset_produces_1 to 2025-03-12T00:00:00+00:00, run_after=2025-03-13T00:00:00+00:00
[2025-03-13T09:48:37.332+0000] {logging_mixin.py:149} INFO - [2025-03-13T09:48:37.332+0000] {dag.py:3490} INFO - Setting next_dagrun for dataset_produces_2 to None, run_after=None
[2025-03-13T09:48:37.365+0000] {processor.py:179} INFO - Processing /home/airflow/.local/lib/python3.7/site-packages/airflow/example_dags/example_datasets.py took 0.142 seconds
[2025-03-13T09:49:08.374+0000] {processor.py:157} INFO - Started process (PID=823) to work on /home/airflow/.local/lib/python3.7/site-packages/airflow/example_dags/example_datasets.py
[2025-03-13T09:49:08.376+0000] {processor.py:826} INFO - Processing file /home/airflow/.local/lib/python3.7/site-packages/airflow/example_dags/example_datasets.py for tasks to queue
[2025-03-13T09:49:08.376+0000] {logging_mixin.py:149} INFO - [2025-03-13T09:49:08.376+0000] {dagbag.py:541} INFO - Filling up the DagBag from /home/airflow/.local/lib/python3.7/site-packages/airflow/example_dags/example_datasets.py
[2025-03-13T09:49:08.385+0000] {processor.py:836} INFO - DAG(s) dict_keys(['dataset_consumes_1_never_scheduled', 'dataset_produces_2', 'dataset_consumes_1_and_2', 'dataset_consumes_unknown_never_scheduled', 'dataset_consumes_1', 'dataset_produces_1']) retrieved from /home/airflow/.local/lib/python3.7/site-packages/airflow/example_dags/example_datasets.py
[2025-03-13T09:49:08.423+0000] {logging_mixin.py:149} INFO - [2025-03-13T09:49:08.423+0000] {dag.py:2726} INFO - Sync 6 DAGs
[2025-03-13T09:49:08.448+0000] {logging_mixin.py:149} INFO - [2025-03-13T09:49:08.448+0000] {dag.py:3490} INFO - Setting next_dagrun for dataset_consumes_1 to None, run_after=None
[2025-03-13T09:49:08.451+0000] {logging_mixin.py:149} INFO - [2025-03-13T09:49:08.451+0000] {dag.py:3490} INFO - Setting next_dagrun for dataset_consumes_1_and_2 to None, run_after=None
[2025-03-13T09:49:08.452+0000] {logging_mixin.py:149} INFO - [2025-03-13T09:49:08.452+0000] {dag.py:3490} INFO - Setting next_dagrun for dataset_consumes_1_never_scheduled to None, run_after=None
[2025-03-13T09:49:08.453+0000] {logging_mixin.py:149} INFO - [2025-03-13T09:49:08.453+0000] {dag.py:3490} INFO - Setting next_dagrun for dataset_consumes_unknown_never_scheduled to None, run_after=None
[2025-03-13T09:49:08.455+0000] {logging_mixin.py:149} INFO - [2025-03-13T09:49:08.455+0000] {dag.py:3490} INFO - Setting next_dagrun for dataset_produces_1 to 2025-03-12T00:00:00+00:00, run_after=2025-03-13T00:00:00+00:00
[2025-03-13T09:49:08.456+0000] {logging_mixin.py:149} INFO - [2025-03-13T09:49:08.456+0000] {dag.py:3490} INFO - Setting next_dagrun for dataset_produces_2 to None, run_after=None
[2025-03-13T09:49:08.487+0000] {processor.py:179} INFO - Processing /home/airflow/.local/lib/python3.7/site-packages/airflow/example_dags/example_datasets.py took 0.116 seconds
[2025-03-13T09:49:39.615+0000] {processor.py:157} INFO - Started process (PID=914) to work on /home/airflow/.local/lib/python3.7/site-packages/airflow/example_dags/example_datasets.py
[2025-03-13T09:49:39.616+0000] {processor.py:826} INFO - Processing file /home/airflow/.local/lib/python3.7/site-packages/airflow/example_dags/example_datasets.py for tasks to queue
[2025-03-13T09:49:39.617+0000] {logging_mixin.py:149} INFO - [2025-03-13T09:49:39.617+0000] {dagbag.py:541} INFO - Filling up the DagBag from /home/airflow/.local/lib/python3.7/site-packages/airflow/example_dags/example_datasets.py
[2025-03-13T09:49:39.625+0000] {processor.py:836} INFO - DAG(s) dict_keys(['dataset_consumes_1', 'dataset_consumes_1_never_scheduled', 'dataset_consumes_unknown_never_scheduled', 'dataset_produces_1', 'dataset_produces_2', 'dataset_consumes_1_and_2']) retrieved from /home/airflow/.local/lib/python3.7/site-packages/airflow/example_dags/example_datasets.py
[2025-03-13T09:49:39.661+0000] {logging_mixin.py:149} INFO - [2025-03-13T09:49:39.660+0000] {dag.py:2726} INFO - Sync 6 DAGs
[2025-03-13T09:49:39.685+0000] {logging_mixin.py:149} INFO - [2025-03-13T09:49:39.685+0000] {dag.py:3490} INFO - Setting next_dagrun for dataset_consumes_1 to None, run_after=None
[2025-03-13T09:49:39.688+0000] {logging_mixin.py:149} INFO - [2025-03-13T09:49:39.687+0000] {dag.py:3490} INFO - Setting next_dagrun for dataset_consumes_1_and_2 to None, run_after=None
[2025-03-13T09:49:39.689+0000] {logging_mixin.py:149} INFO - [2025-03-13T09:49:39.689+0000] {dag.py:3490} INFO - Setting next_dagrun for dataset_consumes_1_never_scheduled to None, run_after=None
[2025-03-13T09:49:39.690+0000] {logging_mixin.py:149} INFO - [2025-03-13T09:49:39.689+0000] {dag.py:3490} INFO - Setting next_dagrun for dataset_consumes_unknown_never_scheduled to None, run_after=None
[2025-03-13T09:49:39.692+0000] {logging_mixin.py:149} INFO - [2025-03-13T09:49:39.692+0000] {dag.py:3490} INFO - Setting next_dagrun for dataset_produces_1 to 2025-03-12T00:00:00+00:00, run_after=2025-03-13T00:00:00+00:00
[2025-03-13T09:49:39.693+0000] {logging_mixin.py:149} INFO - [2025-03-13T09:49:39.693+0000] {dag.py:3490} INFO - Setting next_dagrun for dataset_produces_2 to None, run_after=None
[2025-03-13T09:49:39.726+0000] {processor.py:179} INFO - Processing /home/airflow/.local/lib/python3.7/site-packages/airflow/example_dags/example_datasets.py took 0.114 seconds
[2025-03-13T09:50:10.810+0000] {processor.py:157} INFO - Started process (PID=1005) to work on /home/airflow/.local/lib/python3.7/site-packages/airflow/example_dags/example_datasets.py
[2025-03-13T09:50:10.811+0000] {processor.py:826} INFO - Processing file /home/airflow/.local/lib/python3.7/site-packages/airflow/example_dags/example_datasets.py for tasks to queue
[2025-03-13T09:50:10.811+0000] {logging_mixin.py:149} INFO - [2025-03-13T09:50:10.811+0000] {dagbag.py:541} INFO - Filling up the DagBag from /home/airflow/.local/lib/python3.7/site-packages/airflow/example_dags/example_datasets.py
[2025-03-13T09:50:10.820+0000] {processor.py:836} INFO - DAG(s) dict_keys(['dataset_consumes_1', 'dataset_consumes_1_and_2', 'dataset_consumes_unknown_never_scheduled', 'dataset_produces_2', 'dataset_produces_1', 'dataset_consumes_1_never_scheduled']) retrieved from /home/airflow/.local/lib/python3.7/site-packages/airflow/example_dags/example_datasets.py
[2025-03-13T09:50:10.856+0000] {logging_mixin.py:149} INFO - [2025-03-13T09:50:10.856+0000] {dag.py:2726} INFO - Sync 6 DAGs
[2025-03-13T09:50:10.878+0000] {logging_mixin.py:149} INFO - [2025-03-13T09:50:10.878+0000] {dag.py:3490} INFO - Setting next_dagrun for dataset_consumes_1 to None, run_after=None
[2025-03-13T09:50:10.881+0000] {logging_mixin.py:149} INFO - [2025-03-13T09:50:10.881+0000] {dag.py:3490} INFO - Setting next_dagrun for dataset_consumes_1_and_2 to None, run_after=None
[2025-03-13T09:50:10.882+0000] {logging_mixin.py:149} INFO - [2025-03-13T09:50:10.882+0000] {dag.py:3490} INFO - Setting next_dagrun for dataset_consumes_1_never_scheduled to None, run_after=None
[2025-03-13T09:50:10.883+0000] {logging_mixin.py:149} INFO - [2025-03-13T09:50:10.883+0000] {dag.py:3490} INFO - Setting next_dagrun for dataset_consumes_unknown_never_scheduled to None, run_after=None
[2025-03-13T09:50:10.886+0000] {logging_mixin.py:149} INFO - [2025-03-13T09:50:10.885+0000] {dag.py:3490} INFO - Setting next_dagrun for dataset_produces_1 to 2025-03-12T00:00:00+00:00, run_after=2025-03-13T00:00:00+00:00
[2025-03-13T09:50:10.887+0000] {logging_mixin.py:149} INFO - [2025-03-13T09:50:10.887+0000] {dag.py:3490} INFO - Setting next_dagrun for dataset_produces_2 to None, run_after=None
[2025-03-13T09:50:10.917+0000] {processor.py:179} INFO - Processing /home/airflow/.local/lib/python3.7/site-packages/airflow/example_dags/example_datasets.py took 0.111 seconds
[2025-03-13T09:50:41.970+0000] {processor.py:157} INFO - Started process (PID=1096) to work on /home/airflow/.local/lib/python3.7/site-packages/airflow/example_dags/example_datasets.py
[2025-03-13T09:50:41.971+0000] {processor.py:826} INFO - Processing file /home/airflow/.local/lib/python3.7/site-packages/airflow/example_dags/example_datasets.py for tasks to queue
[2025-03-13T09:50:41.971+0000] {logging_mixin.py:149} INFO - [2025-03-13T09:50:41.971+0000] {dagbag.py:541} INFO - Filling up the DagBag from /home/airflow/.local/lib/python3.7/site-packages/airflow/example_dags/example_datasets.py
[2025-03-13T09:50:41.980+0000] {processor.py:836} INFO - DAG(s) dict_keys(['dataset_consumes_1', 'dataset_consumes_1_never_scheduled', 'dataset_produces_1', 'dataset_produces_2', 'dataset_consumes_unknown_never_scheduled', 'dataset_consumes_1_and_2']) retrieved from /home/airflow/.local/lib/python3.7/site-packages/airflow/example_dags/example_datasets.py
[2025-03-13T09:50:42.019+0000] {logging_mixin.py:149} INFO - [2025-03-13T09:50:42.018+0000] {dag.py:2726} INFO - Sync 6 DAGs
[2025-03-13T09:50:42.043+0000] {logging_mixin.py:149} INFO - [2025-03-13T09:50:42.043+0000] {dag.py:3490} INFO - Setting next_dagrun for dataset_consumes_1 to None, run_after=None
[2025-03-13T09:50:42.046+0000] {logging_mixin.py:149} INFO - [2025-03-13T09:50:42.046+0000] {dag.py:3490} INFO - Setting next_dagrun for dataset_consumes_1_and_2 to None, run_after=None
[2025-03-13T09:50:42.047+0000] {logging_mixin.py:149} INFO - [2025-03-13T09:50:42.047+0000] {dag.py:3490} INFO - Setting next_dagrun for dataset_consumes_1_never_scheduled to None, run_after=None
[2025-03-13T09:50:42.048+0000] {logging_mixin.py:149} INFO - [2025-03-13T09:50:42.048+0000] {dag.py:3490} INFO - Setting next_dagrun for dataset_consumes_unknown_never_scheduled to None, run_after=None
[2025-03-13T09:50:42.050+0000] {logging_mixin.py:149} INFO - [2025-03-13T09:50:42.050+0000] {dag.py:3490} INFO - Setting next_dagrun for dataset_produces_1 to 2025-03-12T00:00:00+00:00, run_after=2025-03-13T00:00:00+00:00
[2025-03-13T09:50:42.052+0000] {logging_mixin.py:149} INFO - [2025-03-13T09:50:42.052+0000] {dag.py:3490} INFO - Setting next_dagrun for dataset_produces_2 to None, run_after=None
[2025-03-13T09:50:42.082+0000] {processor.py:179} INFO - Processing /home/airflow/.local/lib/python3.7/site-packages/airflow/example_dags/example_datasets.py took 0.115 seconds
[2025-03-13T09:51:13.193+0000] {processor.py:157} INFO - Started process (PID=1187) to work on /home/airflow/.local/lib/python3.7/site-packages/airflow/example_dags/example_datasets.py
[2025-03-13T09:51:13.194+0000] {processor.py:826} INFO - Processing file /home/airflow/.local/lib/python3.7/site-packages/airflow/example_dags/example_datasets.py for tasks to queue
[2025-03-13T09:51:13.195+0000] {logging_mixin.py:149} INFO - [2025-03-13T09:51:13.195+0000] {dagbag.py:541} INFO - Filling up the DagBag from /home/airflow/.local/lib/python3.7/site-packages/airflow/example_dags/example_datasets.py
[2025-03-13T09:51:13.210+0000] {processor.py:836} INFO - DAG(s) dict_keys(['dataset_produces_2', 'dataset_consumes_1', 'dataset_consumes_1_and_2', 'dataset_consumes_unknown_never_scheduled', 'dataset_produces_1', 'dataset_consumes_1_never_scheduled']) retrieved from /home/airflow/.local/lib/python3.7/site-packages/airflow/example_dags/example_datasets.py
[2025-03-13T09:51:13.255+0000] {logging_mixin.py:149} INFO - [2025-03-13T09:51:13.255+0000] {dag.py:2726} INFO - Sync 6 DAGs
[2025-03-13T09:51:13.284+0000] {logging_mixin.py:149} INFO - [2025-03-13T09:51:13.284+0000] {dag.py:3490} INFO - Setting next_dagrun for dataset_consumes_1 to None, run_after=None
[2025-03-13T09:51:13.289+0000] {logging_mixin.py:149} INFO - [2025-03-13T09:51:13.288+0000] {dag.py:3490} INFO - Setting next_dagrun for dataset_consumes_1_and_2 to None, run_after=None
[2025-03-13T09:51:13.290+0000] {logging_mixin.py:149} INFO - [2025-03-13T09:51:13.290+0000] {dag.py:3490} INFO - Setting next_dagrun for dataset_consumes_1_never_scheduled to None, run_after=None
[2025-03-13T09:51:13.292+0000] {logging_mixin.py:149} INFO - [2025-03-13T09:51:13.292+0000] {dag.py:3490} INFO - Setting next_dagrun for dataset_consumes_unknown_never_scheduled to None, run_after=None
[2025-03-13T09:51:13.295+0000] {logging_mixin.py:149} INFO - [2025-03-13T09:51:13.295+0000] {dag.py:3490} INFO - Setting next_dagrun for dataset_produces_1 to 2025-03-12T00:00:00+00:00, run_after=2025-03-13T00:00:00+00:00
[2025-03-13T09:51:13.296+0000] {logging_mixin.py:149} INFO - [2025-03-13T09:51:13.296+0000] {dag.py:3490} INFO - Setting next_dagrun for dataset_produces_2 to None, run_after=None
[2025-03-13T09:51:13.335+0000] {processor.py:179} INFO - Processing /home/airflow/.local/lib/python3.7/site-packages/airflow/example_dags/example_datasets.py took 0.146 seconds
[2025-03-13T09:51:44.513+0000] {processor.py:157} INFO - Started process (PID=1278) to work on /home/airflow/.local/lib/python3.7/site-packages/airflow/example_dags/example_datasets.py
[2025-03-13T09:51:44.514+0000] {processor.py:826} INFO - Processing file /home/airflow/.local/lib/python3.7/site-packages/airflow/example_dags/example_datasets.py for tasks to queue
[2025-03-13T09:51:44.515+0000] {logging_mixin.py:149} INFO - [2025-03-13T09:51:44.515+0000] {dagbag.py:541} INFO - Filling up the DagBag from /home/airflow/.local/lib/python3.7/site-packages/airflow/example_dags/example_datasets.py
[2025-03-13T09:51:44.524+0000] {processor.py:836} INFO - DAG(s) dict_keys(['dataset_produces_1', 'dataset_consumes_1', 'dataset_consumes_1_never_scheduled', 'dataset_produces_2', 'dataset_consumes_1_and_2', 'dataset_consumes_unknown_never_scheduled']) retrieved from /home/airflow/.local/lib/python3.7/site-packages/airflow/example_dags/example_datasets.py
[2025-03-13T09:51:44.568+0000] {logging_mixin.py:149} INFO - [2025-03-13T09:51:44.568+0000] {dag.py:2726} INFO - Sync 6 DAGs
[2025-03-13T09:51:44.593+0000] {logging_mixin.py:149} INFO - [2025-03-13T09:51:44.593+0000] {dag.py:3490} INFO - Setting next_dagrun for dataset_consumes_1 to None, run_after=None
[2025-03-13T09:51:44.597+0000] {logging_mixin.py:149} INFO - [2025-03-13T09:51:44.596+0000] {dag.py:3490} INFO - Setting next_dagrun for dataset_consumes_1_and_2 to None, run_after=None
[2025-03-13T09:51:44.598+0000] {logging_mixin.py:149} INFO - [2025-03-13T09:51:44.598+0000] {dag.py:3490} INFO - Setting next_dagrun for dataset_consumes_1_never_scheduled to None, run_after=None
[2025-03-13T09:51:44.599+0000] {logging_mixin.py:149} INFO - [2025-03-13T09:51:44.599+0000] {dag.py:3490} INFO - Setting next_dagrun for dataset_consumes_unknown_never_scheduled to None, run_after=None
[2025-03-13T09:51:44.602+0000] {logging_mixin.py:149} INFO - [2025-03-13T09:51:44.602+0000] {dag.py:3490} INFO - Setting next_dagrun for dataset_produces_1 to 2025-03-12T00:00:00+00:00, run_after=2025-03-13T00:00:00+00:00
[2025-03-13T09:51:44.603+0000] {logging_mixin.py:149} INFO - [2025-03-13T09:51:44.603+0000] {dag.py:3490} INFO - Setting next_dagrun for dataset_produces_2 to None, run_after=None
[2025-03-13T09:51:44.635+0000] {processor.py:179} INFO - Processing /home/airflow/.local/lib/python3.7/site-packages/airflow/example_dags/example_datasets.py took 0.125 seconds
[2025-03-13T09:52:15.896+0000] {processor.py:157} INFO - Started process (PID=1369) to work on /home/airflow/.local/lib/python3.7/site-packages/airflow/example_dags/example_datasets.py
[2025-03-13T09:52:15.897+0000] {processor.py:826} INFO - Processing file /home/airflow/.local/lib/python3.7/site-packages/airflow/example_dags/example_datasets.py for tasks to queue
[2025-03-13T09:52:15.898+0000] {logging_mixin.py:149} INFO - [2025-03-13T09:52:15.898+0000] {dagbag.py:541} INFO - Filling up the DagBag from /home/airflow/.local/lib/python3.7/site-packages/airflow/example_dags/example_datasets.py
[2025-03-13T09:52:15.907+0000] {processor.py:836} INFO - DAG(s) dict_keys(['dataset_produces_2', 'dataset_produces_1', 'dataset_consumes_1', 'dataset_consumes_1_never_scheduled', 'dataset_consumes_unknown_never_scheduled', 'dataset_consumes_1_and_2']) retrieved from /home/airflow/.local/lib/python3.7/site-packages/airflow/example_dags/example_datasets.py
[2025-03-13T09:52:15.946+0000] {logging_mixin.py:149} INFO - [2025-03-13T09:52:15.946+0000] {dag.py:2726} INFO - Sync 6 DAGs
[2025-03-13T09:52:15.971+0000] {logging_mixin.py:149} INFO - [2025-03-13T09:52:15.970+0000] {dag.py:3490} INFO - Setting next_dagrun for dataset_consumes_1 to None, run_after=None
[2025-03-13T09:52:15.975+0000] {logging_mixin.py:149} INFO - [2025-03-13T09:52:15.974+0000] {dag.py:3490} INFO - Setting next_dagrun for dataset_consumes_1_and_2 to None, run_after=None
[2025-03-13T09:52:15.976+0000] {logging_mixin.py:149} INFO - [2025-03-13T09:52:15.976+0000] {dag.py:3490} INFO - Setting next_dagrun for dataset_consumes_1_never_scheduled to None, run_after=None
[2025-03-13T09:52:15.977+0000] {logging_mixin.py:149} INFO - [2025-03-13T09:52:15.977+0000] {dag.py:3490} INFO - Setting next_dagrun for dataset_consumes_unknown_never_scheduled to None, run_after=None
[2025-03-13T09:52:15.979+0000] {logging_mixin.py:149} INFO - [2025-03-13T09:52:15.979+0000] {dag.py:3490} INFO - Setting next_dagrun for dataset_produces_1 to 2025-03-12T00:00:00+00:00, run_after=2025-03-13T00:00:00+00:00
[2025-03-13T09:52:15.980+0000] {logging_mixin.py:149} INFO - [2025-03-13T09:52:15.980+0000] {dag.py:3490} INFO - Setting next_dagrun for dataset_produces_2 to None, run_after=None
[2025-03-13T09:52:16.009+0000] {processor.py:179} INFO - Processing /home/airflow/.local/lib/python3.7/site-packages/airflow/example_dags/example_datasets.py took 0.116 seconds
[2025-03-13T09:52:47.296+0000] {processor.py:157} INFO - Started process (PID=1460) to work on /home/airflow/.local/lib/python3.7/site-packages/airflow/example_dags/example_datasets.py
[2025-03-13T09:52:47.297+0000] {processor.py:826} INFO - Processing file /home/airflow/.local/lib/python3.7/site-packages/airflow/example_dags/example_datasets.py for tasks to queue
[2025-03-13T09:52:47.298+0000] {logging_mixin.py:149} INFO - [2025-03-13T09:52:47.298+0000] {dagbag.py:541} INFO - Filling up the DagBag from /home/airflow/.local/lib/python3.7/site-packages/airflow/example_dags/example_datasets.py
[2025-03-13T09:52:47.307+0000] {processor.py:836} INFO - DAG(s) dict_keys(['dataset_consumes_unknown_never_scheduled', 'dataset_produces_2', 'dataset_produces_1', 'dataset_consumes_1_and_2', 'dataset_consumes_1_never_scheduled', 'dataset_consumes_1']) retrieved from /home/airflow/.local/lib/python3.7/site-packages/airflow/example_dags/example_datasets.py
[2025-03-13T09:52:47.351+0000] {logging_mixin.py:149} INFO - [2025-03-13T09:52:47.351+0000] {dag.py:2726} INFO - Sync 6 DAGs
[2025-03-13T09:52:47.379+0000] {logging_mixin.py:149} INFO - [2025-03-13T09:52:47.378+0000] {dag.py:3490} INFO - Setting next_dagrun for dataset_consumes_1 to None, run_after=None
[2025-03-13T09:52:47.382+0000] {logging_mixin.py:149} INFO - [2025-03-13T09:52:47.382+0000] {dag.py:3490} INFO - Setting next_dagrun for dataset_consumes_1_and_2 to None, run_after=None
[2025-03-13T09:52:47.383+0000] {logging_mixin.py:149} INFO - [2025-03-13T09:52:47.383+0000] {dag.py:3490} INFO - Setting next_dagrun for dataset_consumes_1_never_scheduled to None, run_after=None
[2025-03-13T09:52:47.384+0000] {logging_mixin.py:149} INFO - [2025-03-13T09:52:47.384+0000] {dag.py:3490} INFO - Setting next_dagrun for dataset_consumes_unknown_never_scheduled to None, run_after=None
[2025-03-13T09:52:47.387+0000] {logging_mixin.py:149} INFO - [2025-03-13T09:52:47.387+0000] {dag.py:3490} INFO - Setting next_dagrun for dataset_produces_1 to 2025-03-12T00:00:00+00:00, run_after=2025-03-13T00:00:00+00:00
[2025-03-13T09:52:47.388+0000] {logging_mixin.py:149} INFO - [2025-03-13T09:52:47.388+0000] {dag.py:3490} INFO - Setting next_dagrun for dataset_produces_2 to None, run_after=None
[2025-03-13T09:52:47.423+0000] {processor.py:179} INFO - Processing /home/airflow/.local/lib/python3.7/site-packages/airflow/example_dags/example_datasets.py took 0.129 seconds
[2025-03-13T09:53:17.816+0000] {processor.py:157} INFO - Started process (PID=1551) to work on /home/airflow/.local/lib/python3.7/site-packages/airflow/example_dags/example_datasets.py
[2025-03-13T09:53:17.817+0000] {processor.py:826} INFO - Processing file /home/airflow/.local/lib/python3.7/site-packages/airflow/example_dags/example_datasets.py for tasks to queue
[2025-03-13T09:53:17.818+0000] {logging_mixin.py:149} INFO - [2025-03-13T09:53:17.818+0000] {dagbag.py:541} INFO - Filling up the DagBag from /home/airflow/.local/lib/python3.7/site-packages/airflow/example_dags/example_datasets.py
[2025-03-13T09:53:17.827+0000] {processor.py:836} INFO - DAG(s) dict_keys(['dataset_consumes_unknown_never_scheduled', 'dataset_consumes_1', 'dataset_consumes_1_never_scheduled', 'dataset_consumes_1_and_2', 'dataset_produces_1', 'dataset_produces_2']) retrieved from /home/airflow/.local/lib/python3.7/site-packages/airflow/example_dags/example_datasets.py
[2025-03-13T09:53:17.864+0000] {logging_mixin.py:149} INFO - [2025-03-13T09:53:17.864+0000] {dag.py:2726} INFO - Sync 6 DAGs
[2025-03-13T09:53:17.889+0000] {logging_mixin.py:149} INFO - [2025-03-13T09:53:17.888+0000] {dag.py:3490} INFO - Setting next_dagrun for dataset_consumes_1 to None, run_after=None
[2025-03-13T09:53:17.892+0000] {logging_mixin.py:149} INFO - [2025-03-13T09:53:17.891+0000] {dag.py:3490} INFO - Setting next_dagrun for dataset_consumes_1_and_2 to None, run_after=None
[2025-03-13T09:53:17.893+0000] {logging_mixin.py:149} INFO - [2025-03-13T09:53:17.893+0000] {dag.py:3490} INFO - Setting next_dagrun for dataset_consumes_1_never_scheduled to None, run_after=None
[2025-03-13T09:53:17.894+0000] {logging_mixin.py:149} INFO - [2025-03-13T09:53:17.894+0000] {dag.py:3490} INFO - Setting next_dagrun for dataset_consumes_unknown_never_scheduled to None, run_after=None
[2025-03-13T09:53:17.896+0000] {logging_mixin.py:149} INFO - [2025-03-13T09:53:17.896+0000] {dag.py:3490} INFO - Setting next_dagrun for dataset_produces_1 to 2025-03-12T00:00:00+00:00, run_after=2025-03-13T00:00:00+00:00
[2025-03-13T09:53:17.897+0000] {logging_mixin.py:149} INFO - [2025-03-13T09:53:17.897+0000] {dag.py:3490} INFO - Setting next_dagrun for dataset_produces_2 to None, run_after=None
[2025-03-13T09:53:17.930+0000] {processor.py:179} INFO - Processing /home/airflow/.local/lib/python3.7/site-packages/airflow/example_dags/example_datasets.py took 0.116 seconds
[2025-03-13T09:53:49.128+0000] {processor.py:157} INFO - Started process (PID=1642) to work on /home/airflow/.local/lib/python3.7/site-packages/airflow/example_dags/example_datasets.py
[2025-03-13T09:53:49.130+0000] {processor.py:826} INFO - Processing file /home/airflow/.local/lib/python3.7/site-packages/airflow/example_dags/example_datasets.py for tasks to queue
[2025-03-13T09:53:49.130+0000] {logging_mixin.py:149} INFO - [2025-03-13T09:53:49.130+0000] {dagbag.py:541} INFO - Filling up the DagBag from /home/airflow/.local/lib/python3.7/site-packages/airflow/example_dags/example_datasets.py
[2025-03-13T09:53:49.141+0000] {processor.py:836} INFO - DAG(s) dict_keys(['dataset_consumes_1', 'dataset_produces_1', 'dataset_consumes_1_and_2', 'dataset_produces_2', 'dataset_consumes_unknown_never_scheduled', 'dataset_consumes_1_never_scheduled']) retrieved from /home/airflow/.local/lib/python3.7/site-packages/airflow/example_dags/example_datasets.py
[2025-03-13T09:53:49.182+0000] {logging_mixin.py:149} INFO - [2025-03-13T09:53:49.182+0000] {dag.py:2726} INFO - Sync 6 DAGs
[2025-03-13T09:53:49.208+0000] {logging_mixin.py:149} INFO - [2025-03-13T09:53:49.208+0000] {dag.py:3490} INFO - Setting next_dagrun for dataset_consumes_1 to None, run_after=None
[2025-03-13T09:53:49.212+0000] {logging_mixin.py:149} INFO - [2025-03-13T09:53:49.212+0000] {dag.py:3490} INFO - Setting next_dagrun for dataset_consumes_1_and_2 to None, run_after=None
[2025-03-13T09:53:49.213+0000] {logging_mixin.py:149} INFO - [2025-03-13T09:53:49.213+0000] {dag.py:3490} INFO - Setting next_dagrun for dataset_consumes_1_never_scheduled to None, run_after=None
[2025-03-13T09:53:49.215+0000] {logging_mixin.py:149} INFO - [2025-03-13T09:53:49.215+0000] {dag.py:3490} INFO - Setting next_dagrun for dataset_consumes_unknown_never_scheduled to None, run_after=None
[2025-03-13T09:53:49.217+0000] {logging_mixin.py:149} INFO - [2025-03-13T09:53:49.217+0000] {dag.py:3490} INFO - Setting next_dagrun for dataset_produces_1 to 2025-03-12T00:00:00+00:00, run_after=2025-03-13T00:00:00+00:00
[2025-03-13T09:53:49.219+0000] {logging_mixin.py:149} INFO - [2025-03-13T09:53:49.218+0000] {dag.py:3490} INFO - Setting next_dagrun for dataset_produces_2 to None, run_after=None
[2025-03-13T09:53:49.252+0000] {processor.py:179} INFO - Processing /home/airflow/.local/lib/python3.7/site-packages/airflow/example_dags/example_datasets.py took 0.128 seconds
[2025-03-13T09:54:20.494+0000] {processor.py:157} INFO - Started process (PID=1733) to work on /home/airflow/.local/lib/python3.7/site-packages/airflow/example_dags/example_datasets.py
[2025-03-13T09:54:20.495+0000] {processor.py:826} INFO - Processing file /home/airflow/.local/lib/python3.7/site-packages/airflow/example_dags/example_datasets.py for tasks to queue
[2025-03-13T09:54:20.495+0000] {logging_mixin.py:149} INFO - [2025-03-13T09:54:20.495+0000] {dagbag.py:541} INFO - Filling up the DagBag from /home/airflow/.local/lib/python3.7/site-packages/airflow/example_dags/example_datasets.py
[2025-03-13T09:54:20.504+0000] {processor.py:836} INFO - DAG(s) dict_keys(['dataset_produces_2', 'dataset_consumes_1_and_2', 'dataset_consumes_1_never_scheduled', 'dataset_consumes_unknown_never_scheduled', 'dataset_produces_1', 'dataset_consumes_1']) retrieved from /home/airflow/.local/lib/python3.7/site-packages/airflow/example_dags/example_datasets.py
[2025-03-13T09:54:20.543+0000] {logging_mixin.py:149} INFO - [2025-03-13T09:54:20.542+0000] {dag.py:2726} INFO - Sync 6 DAGs
[2025-03-13T09:54:20.567+0000] {logging_mixin.py:149} INFO - [2025-03-13T09:54:20.567+0000] {dag.py:3490} INFO - Setting next_dagrun for dataset_consumes_1 to None, run_after=None
[2025-03-13T09:54:20.571+0000] {logging_mixin.py:149} INFO - [2025-03-13T09:54:20.571+0000] {dag.py:3490} INFO - Setting next_dagrun for dataset_consumes_1_and_2 to None, run_after=None
[2025-03-13T09:54:20.572+0000] {logging_mixin.py:149} INFO - [2025-03-13T09:54:20.572+0000] {dag.py:3490} INFO - Setting next_dagrun for dataset_consumes_1_never_scheduled to None, run_after=None
[2025-03-13T09:54:20.573+0000] {logging_mixin.py:149} INFO - [2025-03-13T09:54:20.573+0000] {dag.py:3490} INFO - Setting next_dagrun for dataset_consumes_unknown_never_scheduled to None, run_after=None
[2025-03-13T09:54:20.575+0000] {logging_mixin.py:149} INFO - [2025-03-13T09:54:20.575+0000] {dag.py:3490} INFO - Setting next_dagrun for dataset_produces_1 to 2025-03-12T00:00:00+00:00, run_after=2025-03-13T00:00:00+00:00
[2025-03-13T09:54:20.577+0000] {logging_mixin.py:149} INFO - [2025-03-13T09:54:20.577+0000] {dag.py:3490} INFO - Setting next_dagrun for dataset_produces_2 to None, run_after=None
[2025-03-13T09:54:20.607+0000] {processor.py:179} INFO - Processing /home/airflow/.local/lib/python3.7/site-packages/airflow/example_dags/example_datasets.py took 0.116 seconds
[2025-03-13T09:54:51.673+0000] {processor.py:157} INFO - Started process (PID=1824) to work on /home/airflow/.local/lib/python3.7/site-packages/airflow/example_dags/example_datasets.py
[2025-03-13T09:54:51.674+0000] {processor.py:826} INFO - Processing file /home/airflow/.local/lib/python3.7/site-packages/airflow/example_dags/example_datasets.py for tasks to queue
[2025-03-13T09:54:51.674+0000] {logging_mixin.py:149} INFO - [2025-03-13T09:54:51.674+0000] {dagbag.py:541} INFO - Filling up the DagBag from /home/airflow/.local/lib/python3.7/site-packages/airflow/example_dags/example_datasets.py
[2025-03-13T09:54:51.683+0000] {processor.py:836} INFO - DAG(s) dict_keys(['dataset_consumes_1_and_2', 'dataset_produces_2', 'dataset_consumes_1', 'dataset_consumes_unknown_never_scheduled', 'dataset_produces_1', 'dataset_consumes_1_never_scheduled']) retrieved from /home/airflow/.local/lib/python3.7/site-packages/airflow/example_dags/example_datasets.py
[2025-03-13T09:54:51.725+0000] {logging_mixin.py:149} INFO - [2025-03-13T09:54:51.725+0000] {dag.py:2726} INFO - Sync 6 DAGs
[2025-03-13T09:54:51.749+0000] {logging_mixin.py:149} INFO - [2025-03-13T09:54:51.749+0000] {dag.py:3490} INFO - Setting next_dagrun for dataset_consumes_1 to None, run_after=None
[2025-03-13T09:54:51.752+0000] {logging_mixin.py:149} INFO - [2025-03-13T09:54:51.752+0000] {dag.py:3490} INFO - Setting next_dagrun for dataset_consumes_1_and_2 to None, run_after=None
[2025-03-13T09:54:51.753+0000] {logging_mixin.py:149} INFO - [2025-03-13T09:54:51.753+0000] {dag.py:3490} INFO - Setting next_dagrun for dataset_consumes_1_never_scheduled to None, run_after=None
[2025-03-13T09:54:51.754+0000] {logging_mixin.py:149} INFO - [2025-03-13T09:54:51.754+0000] {dag.py:3490} INFO - Setting next_dagrun for dataset_consumes_unknown_never_scheduled to None, run_after=None
[2025-03-13T09:54:51.757+0000] {logging_mixin.py:149} INFO - [2025-03-13T09:54:51.757+0000] {dag.py:3490} INFO - Setting next_dagrun for dataset_produces_1 to 2025-03-12T00:00:00+00:00, run_after=2025-03-13T00:00:00+00:00
[2025-03-13T09:54:51.759+0000] {logging_mixin.py:149} INFO - [2025-03-13T09:54:51.758+0000] {dag.py:3490} INFO - Setting next_dagrun for dataset_produces_2 to None, run_after=None
[2025-03-13T09:54:51.789+0000] {processor.py:179} INFO - Processing /home/airflow/.local/lib/python3.7/site-packages/airflow/example_dags/example_datasets.py took 0.119 seconds
[2025-03-13T09:55:22.970+0000] {processor.py:157} INFO - Started process (PID=1915) to work on /home/airflow/.local/lib/python3.7/site-packages/airflow/example_dags/example_datasets.py
[2025-03-13T09:55:22.971+0000] {processor.py:826} INFO - Processing file /home/airflow/.local/lib/python3.7/site-packages/airflow/example_dags/example_datasets.py for tasks to queue
[2025-03-13T09:55:22.972+0000] {logging_mixin.py:149} INFO - [2025-03-13T09:55:22.971+0000] {dagbag.py:541} INFO - Filling up the DagBag from /home/airflow/.local/lib/python3.7/site-packages/airflow/example_dags/example_datasets.py
[2025-03-13T09:55:22.980+0000] {processor.py:836} INFO - DAG(s) dict_keys(['dataset_consumes_unknown_never_scheduled', 'dataset_produces_2', 'dataset_consumes_1', 'dataset_consumes_1_and_2', 'dataset_consumes_1_never_scheduled', 'dataset_produces_1']) retrieved from /home/airflow/.local/lib/python3.7/site-packages/airflow/example_dags/example_datasets.py
[2025-03-13T09:55:23.015+0000] {logging_mixin.py:149} INFO - [2025-03-13T09:55:23.015+0000] {dag.py:2726} INFO - Sync 6 DAGs
[2025-03-13T09:55:23.037+0000] {logging_mixin.py:149} INFO - [2025-03-13T09:55:23.037+0000] {dag.py:3490} INFO - Setting next_dagrun for dataset_consumes_1 to None, run_after=None
[2025-03-13T09:55:23.040+0000] {logging_mixin.py:149} INFO - [2025-03-13T09:55:23.040+0000] {dag.py:3490} INFO - Setting next_dagrun for dataset_consumes_1_and_2 to None, run_after=None
[2025-03-13T09:55:23.041+0000] {logging_mixin.py:149} INFO - [2025-03-13T09:55:23.041+0000] {dag.py:3490} INFO - Setting next_dagrun for dataset_consumes_1_never_scheduled to None, run_after=None
[2025-03-13T09:55:23.042+0000] {logging_mixin.py:149} INFO - [2025-03-13T09:55:23.042+0000] {dag.py:3490} INFO - Setting next_dagrun for dataset_consumes_unknown_never_scheduled to None, run_after=None
[2025-03-13T09:55:23.044+0000] {logging_mixin.py:149} INFO - [2025-03-13T09:55:23.044+0000] {dag.py:3490} INFO - Setting next_dagrun for dataset_produces_1 to 2025-03-12T00:00:00+00:00, run_after=2025-03-13T00:00:00+00:00
[2025-03-13T09:55:23.045+0000] {logging_mixin.py:149} INFO - [2025-03-13T09:55:23.045+0000] {dag.py:3490} INFO - Setting next_dagrun for dataset_produces_2 to None, run_after=None
[2025-03-13T09:55:23.076+0000] {processor.py:179} INFO - Processing /home/airflow/.local/lib/python3.7/site-packages/airflow/example_dags/example_datasets.py took 0.110 seconds
[2025-03-13T09:55:54.203+0000] {processor.py:157} INFO - Started process (PID=2006) to work on /home/airflow/.local/lib/python3.7/site-packages/airflow/example_dags/example_datasets.py
[2025-03-13T09:55:54.204+0000] {processor.py:826} INFO - Processing file /home/airflow/.local/lib/python3.7/site-packages/airflow/example_dags/example_datasets.py for tasks to queue
[2025-03-13T09:55:54.205+0000] {logging_mixin.py:149} INFO - [2025-03-13T09:55:54.205+0000] {dagbag.py:541} INFO - Filling up the DagBag from /home/airflow/.local/lib/python3.7/site-packages/airflow/example_dags/example_datasets.py
[2025-03-13T09:55:54.213+0000] {processor.py:836} INFO - DAG(s) dict_keys(['dataset_consumes_unknown_never_scheduled', 'dataset_produces_1', 'dataset_consumes_1_and_2', 'dataset_consumes_1_never_scheduled', 'dataset_consumes_1', 'dataset_produces_2']) retrieved from /home/airflow/.local/lib/python3.7/site-packages/airflow/example_dags/example_datasets.py
[2025-03-13T09:55:54.249+0000] {logging_mixin.py:149} INFO - [2025-03-13T09:55:54.248+0000] {dag.py:2726} INFO - Sync 6 DAGs
[2025-03-13T09:55:54.271+0000] {logging_mixin.py:149} INFO - [2025-03-13T09:55:54.271+0000] {dag.py:3490} INFO - Setting next_dagrun for dataset_consumes_1 to None, run_after=None
[2025-03-13T09:55:54.274+0000] {logging_mixin.py:149} INFO - [2025-03-13T09:55:54.274+0000] {dag.py:3490} INFO - Setting next_dagrun for dataset_consumes_1_and_2 to None, run_after=None
[2025-03-13T09:55:54.276+0000] {logging_mixin.py:149} INFO - [2025-03-13T09:55:54.275+0000] {dag.py:3490} INFO - Setting next_dagrun for dataset_consumes_1_never_scheduled to None, run_after=None
[2025-03-13T09:55:54.276+0000] {logging_mixin.py:149} INFO - [2025-03-13T09:55:54.276+0000] {dag.py:3490} INFO - Setting next_dagrun for dataset_consumes_unknown_never_scheduled to None, run_after=None
[2025-03-13T09:55:54.279+0000] {logging_mixin.py:149} INFO - [2025-03-13T09:55:54.279+0000] {dag.py:3490} INFO - Setting next_dagrun for dataset_produces_1 to 2025-03-12T00:00:00+00:00, run_after=2025-03-13T00:00:00+00:00
[2025-03-13T09:55:54.280+0000] {logging_mixin.py:149} INFO - [2025-03-13T09:55:54.280+0000] {dag.py:3490} INFO - Setting next_dagrun for dataset_produces_2 to None, run_after=None
[2025-03-13T09:55:54.310+0000] {processor.py:179} INFO - Processing /home/airflow/.local/lib/python3.7/site-packages/airflow/example_dags/example_datasets.py took 0.110 seconds
[2025-03-13T09:56:24.688+0000] {processor.py:157} INFO - Started process (PID=2097) to work on /home/airflow/.local/lib/python3.7/site-packages/airflow/example_dags/example_datasets.py
[2025-03-13T09:56:24.689+0000] {processor.py:826} INFO - Processing file /home/airflow/.local/lib/python3.7/site-packages/airflow/example_dags/example_datasets.py for tasks to queue
[2025-03-13T09:56:24.690+0000] {logging_mixin.py:149} INFO - [2025-03-13T09:56:24.690+0000] {dagbag.py:541} INFO - Filling up the DagBag from /home/airflow/.local/lib/python3.7/site-packages/airflow/example_dags/example_datasets.py
[2025-03-13T09:56:24.698+0000] {processor.py:836} INFO - DAG(s) dict_keys(['dataset_consumes_1', 'dataset_consumes_1_never_scheduled', 'dataset_consumes_1_and_2', 'dataset_produces_2', 'dataset_consumes_unknown_never_scheduled', 'dataset_produces_1']) retrieved from /home/airflow/.local/lib/python3.7/site-packages/airflow/example_dags/example_datasets.py
[2025-03-13T09:56:24.740+0000] {logging_mixin.py:149} INFO - [2025-03-13T09:56:24.740+0000] {dag.py:2726} INFO - Sync 6 DAGs
[2025-03-13T09:56:24.765+0000] {logging_mixin.py:149} INFO - [2025-03-13T09:56:24.765+0000] {dag.py:3490} INFO - Setting next_dagrun for dataset_consumes_1 to None, run_after=None
[2025-03-13T09:56:24.768+0000] {logging_mixin.py:149} INFO - [2025-03-13T09:56:24.768+0000] {dag.py:3490} INFO - Setting next_dagrun for dataset_consumes_1_and_2 to None, run_after=None
[2025-03-13T09:56:24.769+0000] {logging_mixin.py:149} INFO - [2025-03-13T09:56:24.769+0000] {dag.py:3490} INFO - Setting next_dagrun for dataset_consumes_1_never_scheduled to None, run_after=None
[2025-03-13T09:56:24.770+0000] {logging_mixin.py:149} INFO - [2025-03-13T09:56:24.770+0000] {dag.py:3490} INFO - Setting next_dagrun for dataset_consumes_unknown_never_scheduled to None, run_after=None
[2025-03-13T09:56:24.773+0000] {logging_mixin.py:149} INFO - [2025-03-13T09:56:24.773+0000] {dag.py:3490} INFO - Setting next_dagrun for dataset_produces_1 to 2025-03-12T00:00:00+00:00, run_after=2025-03-13T00:00:00+00:00
[2025-03-13T09:56:24.774+0000] {logging_mixin.py:149} INFO - [2025-03-13T09:56:24.774+0000] {dag.py:3490} INFO - Setting next_dagrun for dataset_produces_2 to None, run_after=None
[2025-03-13T09:56:24.811+0000] {processor.py:179} INFO - Processing /home/airflow/.local/lib/python3.7/site-packages/airflow/example_dags/example_datasets.py took 0.126 seconds
[2025-03-13T09:56:55.086+0000] {processor.py:157} INFO - Started process (PID=2176) to work on /home/airflow/.local/lib/python3.7/site-packages/airflow/example_dags/example_datasets.py
[2025-03-13T09:56:55.087+0000] {processor.py:826} INFO - Processing file /home/airflow/.local/lib/python3.7/site-packages/airflow/example_dags/example_datasets.py for tasks to queue
[2025-03-13T09:56:55.088+0000] {logging_mixin.py:149} INFO - [2025-03-13T09:56:55.088+0000] {dagbag.py:541} INFO - Filling up the DagBag from /home/airflow/.local/lib/python3.7/site-packages/airflow/example_dags/example_datasets.py
[2025-03-13T09:56:55.099+0000] {processor.py:836} INFO - DAG(s) dict_keys(['dataset_produces_1', 'dataset_consumes_unknown_never_scheduled', 'dataset_consumes_1_and_2', 'dataset_consumes_1', 'dataset_consumes_1_never_scheduled', 'dataset_produces_2']) retrieved from /home/airflow/.local/lib/python3.7/site-packages/airflow/example_dags/example_datasets.py
[2025-03-13T09:56:55.166+0000] {logging_mixin.py:149} INFO - [2025-03-13T09:56:55.166+0000] {dag.py:2726} INFO - Sync 6 DAGs
[2025-03-13T09:56:55.204+0000] {logging_mixin.py:149} INFO - [2025-03-13T09:56:55.204+0000] {dag.py:3490} INFO - Setting next_dagrun for dataset_consumes_1 to None, run_after=None
[2025-03-13T09:56:55.207+0000] {logging_mixin.py:149} INFO - [2025-03-13T09:56:55.207+0000] {dag.py:3490} INFO - Setting next_dagrun for dataset_consumes_1_and_2 to None, run_after=None
[2025-03-13T09:56:55.210+0000] {logging_mixin.py:149} INFO - [2025-03-13T09:56:55.209+0000] {dag.py:3490} INFO - Setting next_dagrun for dataset_consumes_1_never_scheduled to None, run_after=None
[2025-03-13T09:56:55.212+0000] {logging_mixin.py:149} INFO - [2025-03-13T09:56:55.212+0000] {dag.py:3490} INFO - Setting next_dagrun for dataset_consumes_unknown_never_scheduled to None, run_after=None
[2025-03-13T09:56:55.215+0000] {logging_mixin.py:149} INFO - [2025-03-13T09:56:55.215+0000] {dag.py:3490} INFO - Setting next_dagrun for dataset_produces_1 to 2025-03-12T00:00:00+00:00, run_after=2025-03-13T00:00:00+00:00
[2025-03-13T09:56:55.217+0000] {logging_mixin.py:149} INFO - [2025-03-13T09:56:55.217+0000] {dag.py:3490} INFO - Setting next_dagrun for dataset_produces_2 to None, run_after=None
[2025-03-13T09:56:55.246+0000] {processor.py:179} INFO - Processing /home/airflow/.local/lib/python3.7/site-packages/airflow/example_dags/example_datasets.py took 0.163 seconds
[2025-03-13T09:57:25.585+0000] {processor.py:157} INFO - Started process (PID=2267) to work on /home/airflow/.local/lib/python3.7/site-packages/airflow/example_dags/example_datasets.py
[2025-03-13T09:57:25.586+0000] {processor.py:826} INFO - Processing file /home/airflow/.local/lib/python3.7/site-packages/airflow/example_dags/example_datasets.py for tasks to queue
[2025-03-13T09:57:25.587+0000] {logging_mixin.py:149} INFO - [2025-03-13T09:57:25.587+0000] {dagbag.py:541} INFO - Filling up the DagBag from /home/airflow/.local/lib/python3.7/site-packages/airflow/example_dags/example_datasets.py
[2025-03-13T09:57:25.600+0000] {processor.py:836} INFO - DAG(s) dict_keys(['dataset_consumes_unknown_never_scheduled', 'dataset_produces_1', 'dataset_produces_2', 'dataset_consumes_1', 'dataset_consumes_1_and_2', 'dataset_consumes_1_never_scheduled']) retrieved from /home/airflow/.local/lib/python3.7/site-packages/airflow/example_dags/example_datasets.py
[2025-03-13T09:57:25.678+0000] {logging_mixin.py:149} INFO - [2025-03-13T09:57:25.678+0000] {dag.py:2726} INFO - Sync 6 DAGs
[2025-03-13T09:57:25.710+0000] {logging_mixin.py:149} INFO - [2025-03-13T09:57:25.710+0000] {dag.py:3490} INFO - Setting next_dagrun for dataset_consumes_1 to None, run_after=None
[2025-03-13T09:57:25.713+0000] {logging_mixin.py:149} INFO - [2025-03-13T09:57:25.713+0000] {dag.py:3490} INFO - Setting next_dagrun for dataset_consumes_1_and_2 to None, run_after=None
[2025-03-13T09:57:25.714+0000] {logging_mixin.py:149} INFO - [2025-03-13T09:57:25.714+0000] {dag.py:3490} INFO - Setting next_dagrun for dataset_consumes_1_never_scheduled to None, run_after=None
[2025-03-13T09:57:25.715+0000] {logging_mixin.py:149} INFO - [2025-03-13T09:57:25.715+0000] {dag.py:3490} INFO - Setting next_dagrun for dataset_consumes_unknown_never_scheduled to None, run_after=None
[2025-03-13T09:57:25.718+0000] {logging_mixin.py:149} INFO - [2025-03-13T09:57:25.718+0000] {dag.py:3490} INFO - Setting next_dagrun for dataset_produces_1 to 2025-03-12T00:00:00+00:00, run_after=2025-03-13T00:00:00+00:00
[2025-03-13T09:57:25.719+0000] {logging_mixin.py:149} INFO - [2025-03-13T09:57:25.719+0000] {dag.py:3490} INFO - Setting next_dagrun for dataset_produces_2 to None, run_after=None
[2025-03-13T09:57:25.752+0000] {processor.py:179} INFO - Processing /home/airflow/.local/lib/python3.7/site-packages/airflow/example_dags/example_datasets.py took 0.170 seconds
[2025-03-13T09:57:55.826+0000] {processor.py:157} INFO - Started process (PID=2356) to work on /home/airflow/.local/lib/python3.7/site-packages/airflow/example_dags/example_datasets.py
[2025-03-13T09:57:55.836+0000] {processor.py:826} INFO - Processing file /home/airflow/.local/lib/python3.7/site-packages/airflow/example_dags/example_datasets.py for tasks to queue
[2025-03-13T09:57:55.837+0000] {logging_mixin.py:149} INFO - [2025-03-13T09:57:55.836+0000] {dagbag.py:541} INFO - Filling up the DagBag from /home/airflow/.local/lib/python3.7/site-packages/airflow/example_dags/example_datasets.py
[2025-03-13T09:57:55.848+0000] {processor.py:836} INFO - DAG(s) dict_keys(['dataset_consumes_unknown_never_scheduled', 'dataset_consumes_1_never_scheduled', 'dataset_produces_2', 'dataset_consumes_1_and_2', 'dataset_consumes_1', 'dataset_produces_1']) retrieved from /home/airflow/.local/lib/python3.7/site-packages/airflow/example_dags/example_datasets.py
[2025-03-13T09:57:55.901+0000] {logging_mixin.py:149} INFO - [2025-03-13T09:57:55.901+0000] {dag.py:2726} INFO - Sync 6 DAGs
[2025-03-13T09:57:55.923+0000] {logging_mixin.py:149} INFO - [2025-03-13T09:57:55.923+0000] {dag.py:3490} INFO - Setting next_dagrun for dataset_consumes_1 to None, run_after=None
[2025-03-13T09:57:55.926+0000] {logging_mixin.py:149} INFO - [2025-03-13T09:57:55.926+0000] {dag.py:3490} INFO - Setting next_dagrun for dataset_consumes_1_and_2 to None, run_after=None
[2025-03-13T09:57:55.927+0000] {logging_mixin.py:149} INFO - [2025-03-13T09:57:55.927+0000] {dag.py:3490} INFO - Setting next_dagrun for dataset_consumes_1_never_scheduled to None, run_after=None
[2025-03-13T09:57:55.928+0000] {logging_mixin.py:149} INFO - [2025-03-13T09:57:55.928+0000] {dag.py:3490} INFO - Setting next_dagrun for dataset_consumes_unknown_never_scheduled to None, run_after=None
[2025-03-13T09:57:55.930+0000] {logging_mixin.py:149} INFO - [2025-03-13T09:57:55.930+0000] {dag.py:3490} INFO - Setting next_dagrun for dataset_produces_1 to 2025-03-12T00:00:00+00:00, run_after=2025-03-13T00:00:00+00:00
[2025-03-13T09:57:55.931+0000] {logging_mixin.py:149} INFO - [2025-03-13T09:57:55.931+0000] {dag.py:3490} INFO - Setting next_dagrun for dataset_produces_2 to None, run_after=None
[2025-03-13T09:57:55.958+0000] {processor.py:179} INFO - Processing /home/airflow/.local/lib/python3.7/site-packages/airflow/example_dags/example_datasets.py took 0.136 seconds
[2025-03-13T09:58:27.298+0000] {processor.py:157} INFO - Started process (PID=2461) to work on /home/airflow/.local/lib/python3.7/site-packages/airflow/example_dags/example_datasets.py
[2025-03-13T09:58:27.299+0000] {processor.py:826} INFO - Processing file /home/airflow/.local/lib/python3.7/site-packages/airflow/example_dags/example_datasets.py for tasks to queue
[2025-03-13T09:58:27.300+0000] {logging_mixin.py:149} INFO - [2025-03-13T09:58:27.299+0000] {dagbag.py:541} INFO - Filling up the DagBag from /home/airflow/.local/lib/python3.7/site-packages/airflow/example_dags/example_datasets.py
[2025-03-13T09:58:27.308+0000] {processor.py:836} INFO - DAG(s) dict_keys(['dataset_produces_1', 'dataset_consumes_1_and_2', 'dataset_produces_2', 'dataset_consumes_1', 'dataset_consumes_1_never_scheduled', 'dataset_consumes_unknown_never_scheduled']) retrieved from /home/airflow/.local/lib/python3.7/site-packages/airflow/example_dags/example_datasets.py
[2025-03-13T09:58:27.346+0000] {logging_mixin.py:149} INFO - [2025-03-13T09:58:27.346+0000] {dag.py:2726} INFO - Sync 6 DAGs
[2025-03-13T09:58:27.370+0000] {logging_mixin.py:149} INFO - [2025-03-13T09:58:27.370+0000] {dag.py:3490} INFO - Setting next_dagrun for dataset_consumes_1 to None, run_after=None
[2025-03-13T09:58:27.373+0000] {logging_mixin.py:149} INFO - [2025-03-13T09:58:27.373+0000] {dag.py:3490} INFO - Setting next_dagrun for dataset_consumes_1_and_2 to None, run_after=None
[2025-03-13T09:58:27.374+0000] {logging_mixin.py:149} INFO - [2025-03-13T09:58:27.374+0000] {dag.py:3490} INFO - Setting next_dagrun for dataset_consumes_1_never_scheduled to None, run_after=None
[2025-03-13T09:58:27.375+0000] {logging_mixin.py:149} INFO - [2025-03-13T09:58:27.375+0000] {dag.py:3490} INFO - Setting next_dagrun for dataset_consumes_unknown_never_scheduled to None, run_after=None
[2025-03-13T09:58:27.377+0000] {logging_mixin.py:149} INFO - [2025-03-13T09:58:27.377+0000] {dag.py:3490} INFO - Setting next_dagrun for dataset_produces_1 to 2025-03-12T00:00:00+00:00, run_after=2025-03-13T00:00:00+00:00
[2025-03-13T09:58:27.378+0000] {logging_mixin.py:149} INFO - [2025-03-13T09:58:27.378+0000] {dag.py:3490} INFO - Setting next_dagrun for dataset_produces_2 to None, run_after=None
[2025-03-13T09:58:27.407+0000] {processor.py:179} INFO - Processing /home/airflow/.local/lib/python3.7/site-packages/airflow/example_dags/example_datasets.py took 0.113 seconds
[2025-03-13T09:58:58.498+0000] {processor.py:157} INFO - Started process (PID=2552) to work on /home/airflow/.local/lib/python3.7/site-packages/airflow/example_dags/example_datasets.py
[2025-03-13T09:58:58.499+0000] {processor.py:826} INFO - Processing file /home/airflow/.local/lib/python3.7/site-packages/airflow/example_dags/example_datasets.py for tasks to queue
[2025-03-13T09:58:58.500+0000] {logging_mixin.py:149} INFO - [2025-03-13T09:58:58.499+0000] {dagbag.py:541} INFO - Filling up the DagBag from /home/airflow/.local/lib/python3.7/site-packages/airflow/example_dags/example_datasets.py
[2025-03-13T09:58:58.509+0000] {processor.py:836} INFO - DAG(s) dict_keys(['dataset_consumes_unknown_never_scheduled', 'dataset_consumes_1', 'dataset_consumes_1_and_2', 'dataset_produces_1', 'dataset_consumes_1_never_scheduled', 'dataset_produces_2']) retrieved from /home/airflow/.local/lib/python3.7/site-packages/airflow/example_dags/example_datasets.py
[2025-03-13T09:58:58.550+0000] {logging_mixin.py:149} INFO - [2025-03-13T09:58:58.550+0000] {dag.py:2726} INFO - Sync 6 DAGs
[2025-03-13T09:58:58.573+0000] {logging_mixin.py:149} INFO - [2025-03-13T09:58:58.573+0000] {dag.py:3490} INFO - Setting next_dagrun for dataset_consumes_1 to None, run_after=None
[2025-03-13T09:58:58.576+0000] {logging_mixin.py:149} INFO - [2025-03-13T09:58:58.576+0000] {dag.py:3490} INFO - Setting next_dagrun for dataset_consumes_1_and_2 to None, run_after=None
[2025-03-13T09:58:58.577+0000] {logging_mixin.py:149} INFO - [2025-03-13T09:58:58.577+0000] {dag.py:3490} INFO - Setting next_dagrun for dataset_consumes_1_never_scheduled to None, run_after=None
[2025-03-13T09:58:58.578+0000] {logging_mixin.py:149} INFO - [2025-03-13T09:58:58.578+0000] {dag.py:3490} INFO - Setting next_dagrun for dataset_consumes_unknown_never_scheduled to None, run_after=None
[2025-03-13T09:58:58.581+0000] {logging_mixin.py:149} INFO - [2025-03-13T09:58:58.580+0000] {dag.py:3490} INFO - Setting next_dagrun for dataset_produces_1 to 2025-03-12T00:00:00+00:00, run_after=2025-03-13T00:00:00+00:00
[2025-03-13T09:58:58.582+0000] {logging_mixin.py:149} INFO - [2025-03-13T09:58:58.581+0000] {dag.py:3490} INFO - Setting next_dagrun for dataset_produces_2 to None, run_after=None
[2025-03-13T09:58:58.611+0000] {processor.py:179} INFO - Processing /home/airflow/.local/lib/python3.7/site-packages/airflow/example_dags/example_datasets.py took 0.116 seconds
[2025-03-13T09:59:28.986+0000] {processor.py:157} INFO - Started process (PID=2643) to work on /home/airflow/.local/lib/python3.7/site-packages/airflow/example_dags/example_datasets.py
[2025-03-13T09:59:28.987+0000] {processor.py:826} INFO - Processing file /home/airflow/.local/lib/python3.7/site-packages/airflow/example_dags/example_datasets.py for tasks to queue
[2025-03-13T09:59:28.988+0000] {logging_mixin.py:149} INFO - [2025-03-13T09:59:28.988+0000] {dagbag.py:541} INFO - Filling up the DagBag from /home/airflow/.local/lib/python3.7/site-packages/airflow/example_dags/example_datasets.py
[2025-03-13T09:59:28.998+0000] {processor.py:836} INFO - DAG(s) dict_keys(['dataset_consumes_1', 'dataset_produces_2', 'dataset_consumes_unknown_never_scheduled', 'dataset_consumes_1_and_2', 'dataset_consumes_1_never_scheduled', 'dataset_produces_1']) retrieved from /home/airflow/.local/lib/python3.7/site-packages/airflow/example_dags/example_datasets.py
[2025-03-13T09:59:29.041+0000] {logging_mixin.py:149} INFO - [2025-03-13T09:59:29.040+0000] {dag.py:2726} INFO - Sync 6 DAGs
[2025-03-13T09:59:29.066+0000] {logging_mixin.py:149} INFO - [2025-03-13T09:59:29.066+0000] {dag.py:3490} INFO - Setting next_dagrun for dataset_consumes_1 to None, run_after=None
[2025-03-13T09:59:29.070+0000] {logging_mixin.py:149} INFO - [2025-03-13T09:59:29.069+0000] {dag.py:3490} INFO - Setting next_dagrun for dataset_consumes_1_and_2 to None, run_after=None
[2025-03-13T09:59:29.071+0000] {logging_mixin.py:149} INFO - [2025-03-13T09:59:29.071+0000] {dag.py:3490} INFO - Setting next_dagrun for dataset_consumes_1_never_scheduled to None, run_after=None
[2025-03-13T09:59:29.072+0000] {logging_mixin.py:149} INFO - [2025-03-13T09:59:29.072+0000] {dag.py:3490} INFO - Setting next_dagrun for dataset_consumes_unknown_never_scheduled to None, run_after=None
[2025-03-13T09:59:29.075+0000] {logging_mixin.py:149} INFO - [2025-03-13T09:59:29.075+0000] {dag.py:3490} INFO - Setting next_dagrun for dataset_produces_1 to 2025-03-12T00:00:00+00:00, run_after=2025-03-13T00:00:00+00:00
[2025-03-13T09:59:29.076+0000] {logging_mixin.py:149} INFO - [2025-03-13T09:59:29.076+0000] {dag.py:3490} INFO - Setting next_dagrun for dataset_produces_2 to None, run_after=None
[2025-03-13T09:59:29.115+0000] {processor.py:179} INFO - Processing /home/airflow/.local/lib/python3.7/site-packages/airflow/example_dags/example_datasets.py took 0.132 seconds
[2025-03-13T09:59:59.679+0000] {processor.py:157} INFO - Started process (PID=2735) to work on /home/airflow/.local/lib/python3.7/site-packages/airflow/example_dags/example_datasets.py
[2025-03-13T09:59:59.680+0000] {processor.py:826} INFO - Processing file /home/airflow/.local/lib/python3.7/site-packages/airflow/example_dags/example_datasets.py for tasks to queue
[2025-03-13T09:59:59.681+0000] {logging_mixin.py:149} INFO - [2025-03-13T09:59:59.681+0000] {dagbag.py:541} INFO - Filling up the DagBag from /home/airflow/.local/lib/python3.7/site-packages/airflow/example_dags/example_datasets.py
[2025-03-13T09:59:59.689+0000] {processor.py:836} INFO - DAG(s) dict_keys(['dataset_consumes_1_and_2', 'dataset_consumes_1', 'dataset_consumes_1_never_scheduled', 'dataset_produces_2', 'dataset_produces_1', 'dataset_consumes_unknown_never_scheduled']) retrieved from /home/airflow/.local/lib/python3.7/site-packages/airflow/example_dags/example_datasets.py
[2025-03-13T09:59:59.729+0000] {logging_mixin.py:149} INFO - [2025-03-13T09:59:59.728+0000] {dag.py:2726} INFO - Sync 6 DAGs
[2025-03-13T09:59:59.752+0000] {logging_mixin.py:149} INFO - [2025-03-13T09:59:59.752+0000] {dag.py:3490} INFO - Setting next_dagrun for dataset_consumes_1 to None, run_after=None
[2025-03-13T09:59:59.755+0000] {logging_mixin.py:149} INFO - [2025-03-13T09:59:59.755+0000] {dag.py:3490} INFO - Setting next_dagrun for dataset_consumes_1_and_2 to None, run_after=None
[2025-03-13T09:59:59.757+0000] {logging_mixin.py:149} INFO - [2025-03-13T09:59:59.757+0000] {dag.py:3490} INFO - Setting next_dagrun for dataset_consumes_1_never_scheduled to None, run_after=None
[2025-03-13T09:59:59.758+0000] {logging_mixin.py:149} INFO - [2025-03-13T09:59:59.758+0000] {dag.py:3490} INFO - Setting next_dagrun for dataset_consumes_unknown_never_scheduled to None, run_after=None
[2025-03-13T09:59:59.761+0000] {logging_mixin.py:149} INFO - [2025-03-13T09:59:59.761+0000] {dag.py:3490} INFO - Setting next_dagrun for dataset_produces_1 to 2025-03-12T00:00:00+00:00, run_after=2025-03-13T00:00:00+00:00
[2025-03-13T09:59:59.763+0000] {logging_mixin.py:149} INFO - [2025-03-13T09:59:59.763+0000] {dag.py:3490} INFO - Setting next_dagrun for dataset_produces_2 to None, run_after=None
[2025-03-13T09:59:59.795+0000] {processor.py:179} INFO - Processing /home/airflow/.local/lib/python3.7/site-packages/airflow/example_dags/example_datasets.py took 0.119 seconds
[2025-03-13T10:00:29.998+0000] {processor.py:157} INFO - Started process (PID=2825) to work on /home/airflow/.local/lib/python3.7/site-packages/airflow/example_dags/example_datasets.py
[2025-03-13T10:00:29.999+0000] {processor.py:826} INFO - Processing file /home/airflow/.local/lib/python3.7/site-packages/airflow/example_dags/example_datasets.py for tasks to queue
[2025-03-13T10:00:30.000+0000] {logging_mixin.py:149} INFO - [2025-03-13T10:00:30.000+0000] {dagbag.py:541} INFO - Filling up the DagBag from /home/airflow/.local/lib/python3.7/site-packages/airflow/example_dags/example_datasets.py
[2025-03-13T10:00:30.008+0000] {processor.py:836} INFO - DAG(s) dict_keys(['dataset_consumes_1_never_scheduled', 'dataset_consumes_1', 'dataset_produces_1', 'dataset_consumes_unknown_never_scheduled', 'dataset_consumes_1_and_2', 'dataset_produces_2']) retrieved from /home/airflow/.local/lib/python3.7/site-packages/airflow/example_dags/example_datasets.py
[2025-03-13T10:00:30.047+0000] {logging_mixin.py:149} INFO - [2025-03-13T10:00:30.047+0000] {dag.py:2726} INFO - Sync 6 DAGs
[2025-03-13T10:00:30.070+0000] {logging_mixin.py:149} INFO - [2025-03-13T10:00:30.070+0000] {dag.py:3490} INFO - Setting next_dagrun for dataset_consumes_1 to None, run_after=None
[2025-03-13T10:00:30.073+0000] {logging_mixin.py:149} INFO - [2025-03-13T10:00:30.073+0000] {dag.py:3490} INFO - Setting next_dagrun for dataset_consumes_1_and_2 to None, run_after=None
[2025-03-13T10:00:30.074+0000] {logging_mixin.py:149} INFO - [2025-03-13T10:00:30.074+0000] {dag.py:3490} INFO - Setting next_dagrun for dataset_consumes_1_never_scheduled to None, run_after=None
[2025-03-13T10:00:30.075+0000] {logging_mixin.py:149} INFO - [2025-03-13T10:00:30.075+0000] {dag.py:3490} INFO - Setting next_dagrun for dataset_consumes_unknown_never_scheduled to None, run_after=None
[2025-03-13T10:00:30.077+0000] {logging_mixin.py:149} INFO - [2025-03-13T10:00:30.077+0000] {dag.py:3490} INFO - Setting next_dagrun for dataset_produces_1 to 2025-03-12T00:00:00+00:00, run_after=2025-03-13T00:00:00+00:00
[2025-03-13T10:00:30.078+0000] {logging_mixin.py:149} INFO - [2025-03-13T10:00:30.078+0000] {dag.py:3490} INFO - Setting next_dagrun for dataset_produces_2 to None, run_after=None
[2025-03-13T10:00:30.108+0000] {processor.py:179} INFO - Processing /home/airflow/.local/lib/python3.7/site-packages/airflow/example_dags/example_datasets.py took 0.113 seconds
[2025-03-13T10:01:00.565+0000] {processor.py:157} INFO - Started process (PID=2916) to work on /home/airflow/.local/lib/python3.7/site-packages/airflow/example_dags/example_datasets.py
[2025-03-13T10:01:00.566+0000] {processor.py:826} INFO - Processing file /home/airflow/.local/lib/python3.7/site-packages/airflow/example_dags/example_datasets.py for tasks to queue
[2025-03-13T10:01:00.566+0000] {logging_mixin.py:149} INFO - [2025-03-13T10:01:00.566+0000] {dagbag.py:541} INFO - Filling up the DagBag from /home/airflow/.local/lib/python3.7/site-packages/airflow/example_dags/example_datasets.py
[2025-03-13T10:01:00.576+0000] {processor.py:836} INFO - DAG(s) dict_keys(['dataset_consumes_1_and_2', 'dataset_produces_1', 'dataset_consumes_1_never_scheduled', 'dataset_consumes_1', 'dataset_produces_2', 'dataset_consumes_unknown_never_scheduled']) retrieved from /home/airflow/.local/lib/python3.7/site-packages/airflow/example_dags/example_datasets.py
[2025-03-13T10:01:00.626+0000] {logging_mixin.py:149} INFO - [2025-03-13T10:01:00.625+0000] {dag.py:2726} INFO - Sync 6 DAGs
[2025-03-13T10:01:00.654+0000] {logging_mixin.py:149} INFO - [2025-03-13T10:01:00.654+0000] {dag.py:3490} INFO - Setting next_dagrun for dataset_consumes_1 to None, run_after=None
[2025-03-13T10:01:00.658+0000] {logging_mixin.py:149} INFO - [2025-03-13T10:01:00.658+0000] {dag.py:3490} INFO - Setting next_dagrun for dataset_consumes_1_and_2 to None, run_after=None
[2025-03-13T10:01:00.660+0000] {logging_mixin.py:149} INFO - [2025-03-13T10:01:00.660+0000] {dag.py:3490} INFO - Setting next_dagrun for dataset_consumes_1_never_scheduled to None, run_after=None
[2025-03-13T10:01:00.662+0000] {logging_mixin.py:149} INFO - [2025-03-13T10:01:00.662+0000] {dag.py:3490} INFO - Setting next_dagrun for dataset_consumes_unknown_never_scheduled to None, run_after=None
[2025-03-13T10:01:00.665+0000] {logging_mixin.py:149} INFO - [2025-03-13T10:01:00.665+0000] {dag.py:3490} INFO - Setting next_dagrun for dataset_produces_1 to 2025-03-12T00:00:00+00:00, run_after=2025-03-13T00:00:00+00:00
[2025-03-13T10:01:00.666+0000] {logging_mixin.py:149} INFO - [2025-03-13T10:01:00.666+0000] {dag.py:3490} INFO - Setting next_dagrun for dataset_produces_2 to None, run_after=None
[2025-03-13T10:01:00.708+0000] {processor.py:179} INFO - Processing /home/airflow/.local/lib/python3.7/site-packages/airflow/example_dags/example_datasets.py took 0.147 seconds
[2025-03-13T10:01:31.069+0000] {processor.py:157} INFO - Started process (PID=3007) to work on /home/airflow/.local/lib/python3.7/site-packages/airflow/example_dags/example_datasets.py
[2025-03-13T10:01:31.070+0000] {processor.py:826} INFO - Processing file /home/airflow/.local/lib/python3.7/site-packages/airflow/example_dags/example_datasets.py for tasks to queue
[2025-03-13T10:01:31.071+0000] {logging_mixin.py:149} INFO - [2025-03-13T10:01:31.071+0000] {dagbag.py:541} INFO - Filling up the DagBag from /home/airflow/.local/lib/python3.7/site-packages/airflow/example_dags/example_datasets.py
[2025-03-13T10:01:31.081+0000] {processor.py:836} INFO - DAG(s) dict_keys(['dataset_consumes_1_and_2', 'dataset_consumes_1_never_scheduled', 'dataset_consumes_unknown_never_scheduled', 'dataset_produces_2', 'dataset_consumes_1', 'dataset_produces_1']) retrieved from /home/airflow/.local/lib/python3.7/site-packages/airflow/example_dags/example_datasets.py
[2025-03-13T10:01:31.126+0000] {logging_mixin.py:149} INFO - [2025-03-13T10:01:31.125+0000] {dag.py:2726} INFO - Sync 6 DAGs
[2025-03-13T10:01:31.151+0000] {logging_mixin.py:149} INFO - [2025-03-13T10:01:31.150+0000] {dag.py:3490} INFO - Setting next_dagrun for dataset_consumes_1 to None, run_after=None
[2025-03-13T10:01:31.154+0000] {logging_mixin.py:149} INFO - [2025-03-13T10:01:31.154+0000] {dag.py:3490} INFO - Setting next_dagrun for dataset_consumes_1_and_2 to None, run_after=None
[2025-03-13T10:01:31.156+0000] {logging_mixin.py:149} INFO - [2025-03-13T10:01:31.156+0000] {dag.py:3490} INFO - Setting next_dagrun for dataset_consumes_1_never_scheduled to None, run_after=None
[2025-03-13T10:01:31.157+0000] {logging_mixin.py:149} INFO - [2025-03-13T10:01:31.157+0000] {dag.py:3490} INFO - Setting next_dagrun for dataset_consumes_unknown_never_scheduled to None, run_after=None
[2025-03-13T10:01:31.160+0000] {logging_mixin.py:149} INFO - [2025-03-13T10:01:31.160+0000] {dag.py:3490} INFO - Setting next_dagrun for dataset_produces_1 to 2025-03-12T00:00:00+00:00, run_after=2025-03-13T00:00:00+00:00
[2025-03-13T10:01:31.161+0000] {logging_mixin.py:149} INFO - [2025-03-13T10:01:31.161+0000] {dag.py:3490} INFO - Setting next_dagrun for dataset_produces_2 to None, run_after=None
[2025-03-13T10:01:31.200+0000] {processor.py:179} INFO - Processing /home/airflow/.local/lib/python3.7/site-packages/airflow/example_dags/example_datasets.py took 0.134 seconds
[2025-03-13T10:02:01.695+0000] {processor.py:157} INFO - Started process (PID=3098) to work on /home/airflow/.local/lib/python3.7/site-packages/airflow/example_dags/example_datasets.py
[2025-03-13T10:02:01.696+0000] {processor.py:826} INFO - Processing file /home/airflow/.local/lib/python3.7/site-packages/airflow/example_dags/example_datasets.py for tasks to queue
[2025-03-13T10:02:01.697+0000] {logging_mixin.py:149} INFO - [2025-03-13T10:02:01.696+0000] {dagbag.py:541} INFO - Filling up the DagBag from /home/airflow/.local/lib/python3.7/site-packages/airflow/example_dags/example_datasets.py
[2025-03-13T10:02:01.708+0000] {processor.py:836} INFO - DAG(s) dict_keys(['dataset_produces_1', 'dataset_consumes_1_never_scheduled', 'dataset_consumes_unknown_never_scheduled', 'dataset_consumes_1_and_2', 'dataset_consumes_1', 'dataset_produces_2']) retrieved from /home/airflow/.local/lib/python3.7/site-packages/airflow/example_dags/example_datasets.py
[2025-03-13T10:02:01.753+0000] {logging_mixin.py:149} INFO - [2025-03-13T10:02:01.753+0000] {dag.py:2726} INFO - Sync 6 DAGs
[2025-03-13T10:02:01.781+0000] {logging_mixin.py:149} INFO - [2025-03-13T10:02:01.780+0000] {dag.py:3490} INFO - Setting next_dagrun for dataset_consumes_1 to None, run_after=None
[2025-03-13T10:02:01.786+0000] {logging_mixin.py:149} INFO - [2025-03-13T10:02:01.786+0000] {dag.py:3490} INFO - Setting next_dagrun for dataset_consumes_1_and_2 to None, run_after=None
[2025-03-13T10:02:01.787+0000] {logging_mixin.py:149} INFO - [2025-03-13T10:02:01.787+0000] {dag.py:3490} INFO - Setting next_dagrun for dataset_consumes_1_never_scheduled to None, run_after=None
[2025-03-13T10:02:01.789+0000] {logging_mixin.py:149} INFO - [2025-03-13T10:02:01.789+0000] {dag.py:3490} INFO - Setting next_dagrun for dataset_consumes_unknown_never_scheduled to None, run_after=None
[2025-03-13T10:02:01.793+0000] {logging_mixin.py:149} INFO - [2025-03-13T10:02:01.793+0000] {dag.py:3490} INFO - Setting next_dagrun for dataset_produces_1 to 2025-03-12T00:00:00+00:00, run_after=2025-03-13T00:00:00+00:00
[2025-03-13T10:02:01.795+0000] {logging_mixin.py:149} INFO - [2025-03-13T10:02:01.795+0000] {dag.py:3490} INFO - Setting next_dagrun for dataset_produces_2 to None, run_after=None
[2025-03-13T10:02:01.833+0000] {processor.py:179} INFO - Processing /home/airflow/.local/lib/python3.7/site-packages/airflow/example_dags/example_datasets.py took 0.143 seconds
[2025-03-13T10:02:32.987+0000] {processor.py:157} INFO - Started process (PID=3189) to work on /home/airflow/.local/lib/python3.7/site-packages/airflow/example_dags/example_datasets.py
[2025-03-13T10:02:32.988+0000] {processor.py:826} INFO - Processing file /home/airflow/.local/lib/python3.7/site-packages/airflow/example_dags/example_datasets.py for tasks to queue
[2025-03-13T10:02:32.989+0000] {logging_mixin.py:149} INFO - [2025-03-13T10:02:32.989+0000] {dagbag.py:541} INFO - Filling up the DagBag from /home/airflow/.local/lib/python3.7/site-packages/airflow/example_dags/example_datasets.py
[2025-03-13T10:02:32.998+0000] {processor.py:836} INFO - DAG(s) dict_keys(['dataset_consumes_1_and_2', 'dataset_produces_1', 'dataset_consumes_1_never_scheduled', 'dataset_produces_2', 'dataset_consumes_unknown_never_scheduled', 'dataset_consumes_1']) retrieved from /home/airflow/.local/lib/python3.7/site-packages/airflow/example_dags/example_datasets.py
[2025-03-13T10:02:33.038+0000] {logging_mixin.py:149} INFO - [2025-03-13T10:02:33.038+0000] {dag.py:2726} INFO - Sync 6 DAGs
[2025-03-13T10:02:33.063+0000] {logging_mixin.py:149} INFO - [2025-03-13T10:02:33.063+0000] {dag.py:3490} INFO - Setting next_dagrun for dataset_consumes_1 to None, run_after=None
[2025-03-13T10:02:33.066+0000] {logging_mixin.py:149} INFO - [2025-03-13T10:02:33.066+0000] {dag.py:3490} INFO - Setting next_dagrun for dataset_consumes_1_and_2 to None, run_after=None
[2025-03-13T10:02:33.067+0000] {logging_mixin.py:149} INFO - [2025-03-13T10:02:33.067+0000] {dag.py:3490} INFO - Setting next_dagrun for dataset_consumes_1_never_scheduled to None, run_after=None
[2025-03-13T10:02:33.068+0000] {logging_mixin.py:149} INFO - [2025-03-13T10:02:33.068+0000] {dag.py:3490} INFO - Setting next_dagrun for dataset_consumes_unknown_never_scheduled to None, run_after=None
[2025-03-13T10:02:33.070+0000] {logging_mixin.py:149} INFO - [2025-03-13T10:02:33.070+0000] {dag.py:3490} INFO - Setting next_dagrun for dataset_produces_1 to 2025-03-12T00:00:00+00:00, run_after=2025-03-13T00:00:00+00:00
[2025-03-13T10:02:33.071+0000] {logging_mixin.py:149} INFO - [2025-03-13T10:02:33.071+0000] {dag.py:3490} INFO - Setting next_dagrun for dataset_produces_2 to None, run_after=None
[2025-03-13T10:02:33.105+0000] {processor.py:179} INFO - Processing /home/airflow/.local/lib/python3.7/site-packages/airflow/example_dags/example_datasets.py took 0.121 seconds
[2025-03-13T10:03:04.400+0000] {processor.py:157} INFO - Started process (PID=3287) to work on /home/airflow/.local/lib/python3.7/site-packages/airflow/example_dags/example_datasets.py
[2025-03-13T10:03:04.401+0000] {processor.py:826} INFO - Processing file /home/airflow/.local/lib/python3.7/site-packages/airflow/example_dags/example_datasets.py for tasks to queue
[2025-03-13T10:03:04.402+0000] {logging_mixin.py:149} INFO - [2025-03-13T10:03:04.402+0000] {dagbag.py:541} INFO - Filling up the DagBag from /home/airflow/.local/lib/python3.7/site-packages/airflow/example_dags/example_datasets.py
[2025-03-13T10:03:04.412+0000] {processor.py:836} INFO - DAG(s) dict_keys(['dataset_consumes_unknown_never_scheduled', 'dataset_consumes_1_and_2', 'dataset_produces_2', 'dataset_produces_1', 'dataset_consumes_1_never_scheduled', 'dataset_consumes_1']) retrieved from /home/airflow/.local/lib/python3.7/site-packages/airflow/example_dags/example_datasets.py
[2025-03-13T10:03:04.463+0000] {logging_mixin.py:149} INFO - [2025-03-13T10:03:04.463+0000] {dag.py:2726} INFO - Sync 6 DAGs
[2025-03-13T10:03:04.492+0000] {logging_mixin.py:149} INFO - [2025-03-13T10:03:04.492+0000] {dag.py:3490} INFO - Setting next_dagrun for dataset_consumes_1 to None, run_after=None
[2025-03-13T10:03:04.497+0000] {logging_mixin.py:149} INFO - [2025-03-13T10:03:04.497+0000] {dag.py:3490} INFO - Setting next_dagrun for dataset_consumes_1_and_2 to None, run_after=None
[2025-03-13T10:03:04.499+0000] {logging_mixin.py:149} INFO - [2025-03-13T10:03:04.499+0000] {dag.py:3490} INFO - Setting next_dagrun for dataset_consumes_1_never_scheduled to None, run_after=None
[2025-03-13T10:03:04.501+0000] {logging_mixin.py:149} INFO - [2025-03-13T10:03:04.501+0000] {dag.py:3490} INFO - Setting next_dagrun for dataset_consumes_unknown_never_scheduled to None, run_after=None
[2025-03-13T10:03:04.504+0000] {logging_mixin.py:149} INFO - [2025-03-13T10:03:04.504+0000] {dag.py:3490} INFO - Setting next_dagrun for dataset_produces_1 to 2025-03-12T00:00:00+00:00, run_after=2025-03-13T00:00:00+00:00
[2025-03-13T10:03:04.505+0000] {logging_mixin.py:149} INFO - [2025-03-13T10:03:04.505+0000] {dag.py:3490} INFO - Setting next_dagrun for dataset_produces_2 to None, run_after=None
[2025-03-13T10:03:04.543+0000] {processor.py:179} INFO - Processing /home/airflow/.local/lib/python3.7/site-packages/airflow/example_dags/example_datasets.py took 0.147 seconds
[2025-03-13T10:03:34.839+0000] {processor.py:157} INFO - Started process (PID=3366) to work on /home/airflow/.local/lib/python3.7/site-packages/airflow/example_dags/example_datasets.py
[2025-03-13T10:03:34.840+0000] {processor.py:826} INFO - Processing file /home/airflow/.local/lib/python3.7/site-packages/airflow/example_dags/example_datasets.py for tasks to queue
[2025-03-13T10:03:34.841+0000] {logging_mixin.py:149} INFO - [2025-03-13T10:03:34.841+0000] {dagbag.py:541} INFO - Filling up the DagBag from /home/airflow/.local/lib/python3.7/site-packages/airflow/example_dags/example_datasets.py
[2025-03-13T10:03:34.854+0000] {processor.py:836} INFO - DAG(s) dict_keys(['dataset_consumes_1_and_2', 'dataset_consumes_1', 'dataset_consumes_unknown_never_scheduled', 'dataset_produces_2', 'dataset_consumes_1_never_scheduled', 'dataset_produces_1']) retrieved from /home/airflow/.local/lib/python3.7/site-packages/airflow/example_dags/example_datasets.py
[2025-03-13T10:03:34.904+0000] {logging_mixin.py:149} INFO - [2025-03-13T10:03:34.904+0000] {dag.py:2726} INFO - Sync 6 DAGs
[2025-03-13T10:03:34.934+0000] {logging_mixin.py:149} INFO - [2025-03-13T10:03:34.934+0000] {dag.py:3490} INFO - Setting next_dagrun for dataset_consumes_1 to None, run_after=None
[2025-03-13T10:03:34.938+0000] {logging_mixin.py:149} INFO - [2025-03-13T10:03:34.938+0000] {dag.py:3490} INFO - Setting next_dagrun for dataset_consumes_1_and_2 to None, run_after=None
[2025-03-13T10:03:34.940+0000] {logging_mixin.py:149} INFO - [2025-03-13T10:03:34.939+0000] {dag.py:3490} INFO - Setting next_dagrun for dataset_consumes_1_never_scheduled to None, run_after=None
[2025-03-13T10:03:34.941+0000] {logging_mixin.py:149} INFO - [2025-03-13T10:03:34.941+0000] {dag.py:3490} INFO - Setting next_dagrun for dataset_consumes_unknown_never_scheduled to None, run_after=None
[2025-03-13T10:03:34.945+0000] {logging_mixin.py:149} INFO - [2025-03-13T10:03:34.945+0000] {dag.py:3490} INFO - Setting next_dagrun for dataset_produces_1 to 2025-03-12T00:00:00+00:00, run_after=2025-03-13T00:00:00+00:00
[2025-03-13T10:03:34.946+0000] {logging_mixin.py:149} INFO - [2025-03-13T10:03:34.946+0000] {dag.py:3490} INFO - Setting next_dagrun for dataset_produces_2 to None, run_after=None
[2025-03-13T10:03:34.982+0000] {processor.py:179} INFO - Processing /home/airflow/.local/lib/python3.7/site-packages/airflow/example_dags/example_datasets.py took 0.146 seconds
[2025-03-13T10:04:05.013+0000] {processor.py:157} INFO - Started process (PID=3444) to work on /home/airflow/.local/lib/python3.7/site-packages/airflow/example_dags/example_datasets.py
[2025-03-13T10:04:05.014+0000] {processor.py:826} INFO - Processing file /home/airflow/.local/lib/python3.7/site-packages/airflow/example_dags/example_datasets.py for tasks to queue
[2025-03-13T10:04:05.014+0000] {logging_mixin.py:149} INFO - [2025-03-13T10:04:05.014+0000] {dagbag.py:541} INFO - Filling up the DagBag from /home/airflow/.local/lib/python3.7/site-packages/airflow/example_dags/example_datasets.py
[2025-03-13T10:04:05.026+0000] {processor.py:836} INFO - DAG(s) dict_keys(['dataset_produces_2', 'dataset_consumes_1', 'dataset_consumes_unknown_never_scheduled', 'dataset_produces_1', 'dataset_consumes_1_and_2', 'dataset_consumes_1_never_scheduled']) retrieved from /home/airflow/.local/lib/python3.7/site-packages/airflow/example_dags/example_datasets.py
[2025-03-13T10:04:05.074+0000] {logging_mixin.py:149} INFO - [2025-03-13T10:04:05.074+0000] {dag.py:2726} INFO - Sync 6 DAGs
[2025-03-13T10:04:05.111+0000] {logging_mixin.py:149} INFO - [2025-03-13T10:04:05.111+0000] {dag.py:3490} INFO - Setting next_dagrun for dataset_consumes_1 to None, run_after=None
[2025-03-13T10:04:05.116+0000] {logging_mixin.py:149} INFO - [2025-03-13T10:04:05.116+0000] {dag.py:3490} INFO - Setting next_dagrun for dataset_consumes_1_and_2 to None, run_after=None
[2025-03-13T10:04:05.118+0000] {logging_mixin.py:149} INFO - [2025-03-13T10:04:05.118+0000] {dag.py:3490} INFO - Setting next_dagrun for dataset_consumes_1_never_scheduled to None, run_after=None
[2025-03-13T10:04:05.119+0000] {logging_mixin.py:149} INFO - [2025-03-13T10:04:05.119+0000] {dag.py:3490} INFO - Setting next_dagrun for dataset_consumes_unknown_never_scheduled to None, run_after=None
[2025-03-13T10:04:05.122+0000] {logging_mixin.py:149} INFO - [2025-03-13T10:04:05.122+0000] {dag.py:3490} INFO - Setting next_dagrun for dataset_produces_1 to 2025-03-12T00:00:00+00:00, run_after=2025-03-13T00:00:00+00:00
[2025-03-13T10:04:05.124+0000] {logging_mixin.py:149} INFO - [2025-03-13T10:04:05.124+0000] {dag.py:3490} INFO - Setting next_dagrun for dataset_produces_2 to None, run_after=None
[2025-03-13T10:04:05.162+0000] {processor.py:179} INFO - Processing /home/airflow/.local/lib/python3.7/site-packages/airflow/example_dags/example_datasets.py took 0.152 seconds
[2025-03-13T10:04:35.236+0000] {processor.py:157} INFO - Started process (PID=3534) to work on /home/airflow/.local/lib/python3.7/site-packages/airflow/example_dags/example_datasets.py
[2025-03-13T10:04:35.237+0000] {processor.py:826} INFO - Processing file /home/airflow/.local/lib/python3.7/site-packages/airflow/example_dags/example_datasets.py for tasks to queue
[2025-03-13T10:04:35.238+0000] {logging_mixin.py:149} INFO - [2025-03-13T10:04:35.238+0000] {dagbag.py:541} INFO - Filling up the DagBag from /home/airflow/.local/lib/python3.7/site-packages/airflow/example_dags/example_datasets.py
[2025-03-13T10:04:35.247+0000] {processor.py:836} INFO - DAG(s) dict_keys(['dataset_produces_2', 'dataset_produces_1', 'dataset_consumes_unknown_never_scheduled', 'dataset_consumes_1_and_2', 'dataset_consumes_1', 'dataset_consumes_1_never_scheduled']) retrieved from /home/airflow/.local/lib/python3.7/site-packages/airflow/example_dags/example_datasets.py
[2025-03-13T10:04:35.288+0000] {logging_mixin.py:149} INFO - [2025-03-13T10:04:35.288+0000] {dag.py:2726} INFO - Sync 6 DAGs
[2025-03-13T10:04:35.312+0000] {logging_mixin.py:149} INFO - [2025-03-13T10:04:35.312+0000] {dag.py:3490} INFO - Setting next_dagrun for dataset_consumes_1 to None, run_after=None
[2025-03-13T10:04:35.316+0000] {logging_mixin.py:149} INFO - [2025-03-13T10:04:35.315+0000] {dag.py:3490} INFO - Setting next_dagrun for dataset_consumes_1_and_2 to None, run_after=None
[2025-03-13T10:04:35.317+0000] {logging_mixin.py:149} INFO - [2025-03-13T10:04:35.317+0000] {dag.py:3490} INFO - Setting next_dagrun for dataset_consumes_1_never_scheduled to None, run_after=None
[2025-03-13T10:04:35.318+0000] {logging_mixin.py:149} INFO - [2025-03-13T10:04:35.318+0000] {dag.py:3490} INFO - Setting next_dagrun for dataset_consumes_unknown_never_scheduled to None, run_after=None
[2025-03-13T10:04:35.321+0000] {logging_mixin.py:149} INFO - [2025-03-13T10:04:35.321+0000] {dag.py:3490} INFO - Setting next_dagrun for dataset_produces_1 to 2025-03-12T00:00:00+00:00, run_after=2025-03-13T00:00:00+00:00
[2025-03-13T10:04:35.322+0000] {logging_mixin.py:149} INFO - [2025-03-13T10:04:35.322+0000] {dag.py:3490} INFO - Setting next_dagrun for dataset_produces_2 to None, run_after=None
[2025-03-13T10:04:35.357+0000] {processor.py:179} INFO - Processing /home/airflow/.local/lib/python3.7/site-packages/airflow/example_dags/example_datasets.py took 0.125 seconds
[2025-03-13T10:05:05.411+0000] {processor.py:157} INFO - Started process (PID=3625) to work on /home/airflow/.local/lib/python3.7/site-packages/airflow/example_dags/example_datasets.py
[2025-03-13T10:05:05.412+0000] {processor.py:826} INFO - Processing file /home/airflow/.local/lib/python3.7/site-packages/airflow/example_dags/example_datasets.py for tasks to queue
[2025-03-13T10:05:05.413+0000] {logging_mixin.py:149} INFO - [2025-03-13T10:05:05.413+0000] {dagbag.py:541} INFO - Filling up the DagBag from /home/airflow/.local/lib/python3.7/site-packages/airflow/example_dags/example_datasets.py
[2025-03-13T10:05:05.423+0000] {processor.py:836} INFO - DAG(s) dict_keys(['dataset_consumes_1_never_scheduled', 'dataset_consumes_unknown_never_scheduled', 'dataset_consumes_1', 'dataset_consumes_1_and_2', 'dataset_produces_2', 'dataset_produces_1']) retrieved from /home/airflow/.local/lib/python3.7/site-packages/airflow/example_dags/example_datasets.py
[2025-03-13T10:05:05.463+0000] {logging_mixin.py:149} INFO - [2025-03-13T10:05:05.463+0000] {dag.py:2726} INFO - Sync 6 DAGs
[2025-03-13T10:05:05.488+0000] {logging_mixin.py:149} INFO - [2025-03-13T10:05:05.487+0000] {dag.py:3490} INFO - Setting next_dagrun for dataset_consumes_1 to None, run_after=None
[2025-03-13T10:05:05.491+0000] {logging_mixin.py:149} INFO - [2025-03-13T10:05:05.491+0000] {dag.py:3490} INFO - Setting next_dagrun for dataset_consumes_1_and_2 to None, run_after=None
[2025-03-13T10:05:05.492+0000] {logging_mixin.py:149} INFO - [2025-03-13T10:05:05.492+0000] {dag.py:3490} INFO - Setting next_dagrun for dataset_consumes_1_never_scheduled to None, run_after=None
[2025-03-13T10:05:05.493+0000] {logging_mixin.py:149} INFO - [2025-03-13T10:05:05.493+0000] {dag.py:3490} INFO - Setting next_dagrun for dataset_consumes_unknown_never_scheduled to None, run_after=None
[2025-03-13T10:05:05.495+0000] {logging_mixin.py:149} INFO - [2025-03-13T10:05:05.495+0000] {dag.py:3490} INFO - Setting next_dagrun for dataset_produces_1 to 2025-03-12T00:00:00+00:00, run_after=2025-03-13T00:00:00+00:00
[2025-03-13T10:05:05.497+0000] {logging_mixin.py:149} INFO - [2025-03-13T10:05:05.497+0000] {dag.py:3490} INFO - Setting next_dagrun for dataset_produces_2 to None, run_after=None
[2025-03-13T10:05:05.528+0000] {processor.py:179} INFO - Processing /home/airflow/.local/lib/python3.7/site-packages/airflow/example_dags/example_datasets.py took 0.120 seconds
