[2025-03-13T09:45:00.938+0000] {processor.py:157} INFO - Started process (PID=79) to work on /home/airflow/.local/lib/python3.7/site-packages/airflow/example_dags/example_branch_operator.py
[2025-03-13T09:45:00.939+0000] {processor.py:826} INFO - Processing file /home/airflow/.local/lib/python3.7/site-packages/airflow/example_dags/example_branch_operator.py for tasks to queue
[2025-03-13T09:45:00.940+0000] {logging_mixin.py:149} INFO - [2025-03-13T09:45:00.939+0000] {dagbag.py:541} INFO - Filling up the DagBag from /home/airflow/.local/lib/python3.7/site-packages/airflow/example_dags/example_branch_operator.py
[2025-03-13T09:45:00.953+0000] {processor.py:836} INFO - DAG(s) dict_keys(['example_branch_operator']) retrieved from /home/airflow/.local/lib/python3.7/site-packages/airflow/example_dags/example_branch_operator.py
[2025-03-13T09:45:00.987+0000] {logging_mixin.py:149} INFO - [2025-03-13T09:45:00.986+0000] {dag.py:2726} INFO - Sync 1 DAGs
[2025-03-13T09:45:01.019+0000] {logging_mixin.py:149} INFO - [2025-03-13T09:45:01.019+0000] {dag.py:3490} INFO - Setting next_dagrun for example_branch_operator to 2025-03-12T00:00:00+00:00, run_after=2025-03-13T00:00:00+00:00
[2025-03-13T09:45:01.113+0000] {processor.py:179} INFO - Processing /home/airflow/.local/lib/python3.7/site-packages/airflow/example_dags/example_branch_operator.py took 0.179 seconds
[2025-03-13T09:45:32.150+0000] {processor.py:157} INFO - Started process (PID=188) to work on /home/airflow/.local/lib/python3.7/site-packages/airflow/example_dags/example_branch_operator.py
[2025-03-13T09:45:32.151+0000] {processor.py:826} INFO - Processing file /home/airflow/.local/lib/python3.7/site-packages/airflow/example_dags/example_branch_operator.py for tasks to queue
[2025-03-13T09:45:32.152+0000] {logging_mixin.py:149} INFO - [2025-03-13T09:45:32.152+0000] {dagbag.py:541} INFO - Filling up the DagBag from /home/airflow/.local/lib/python3.7/site-packages/airflow/example_dags/example_branch_operator.py
[2025-03-13T09:45:32.161+0000] {processor.py:836} INFO - DAG(s) dict_keys(['example_branch_operator']) retrieved from /home/airflow/.local/lib/python3.7/site-packages/airflow/example_dags/example_branch_operator.py
[2025-03-13T09:45:32.188+0000] {logging_mixin.py:149} INFO - [2025-03-13T09:45:32.188+0000] {dag.py:2726} INFO - Sync 1 DAGs
[2025-03-13T09:45:32.213+0000] {logging_mixin.py:149} INFO - [2025-03-13T09:45:32.213+0000] {dag.py:3490} INFO - Setting next_dagrun for example_branch_operator to 2025-03-12T00:00:00+00:00, run_after=2025-03-13T00:00:00+00:00
[2025-03-13T09:45:32.231+0000] {processor.py:179} INFO - Processing /home/airflow/.local/lib/python3.7/site-packages/airflow/example_dags/example_branch_operator.py took 0.084 seconds
[2025-03-13T09:46:03.047+0000] {processor.py:157} INFO - Started process (PID=286) to work on /home/airflow/.local/lib/python3.7/site-packages/airflow/example_dags/example_branch_operator.py
[2025-03-13T09:46:03.048+0000] {processor.py:826} INFO - Processing file /home/airflow/.local/lib/python3.7/site-packages/airflow/example_dags/example_branch_operator.py for tasks to queue
[2025-03-13T09:46:03.049+0000] {logging_mixin.py:149} INFO - [2025-03-13T09:46:03.049+0000] {dagbag.py:541} INFO - Filling up the DagBag from /home/airflow/.local/lib/python3.7/site-packages/airflow/example_dags/example_branch_operator.py
[2025-03-13T09:46:03.059+0000] {processor.py:836} INFO - DAG(s) dict_keys(['example_branch_operator']) retrieved from /home/airflow/.local/lib/python3.7/site-packages/airflow/example_dags/example_branch_operator.py
[2025-03-13T09:46:03.084+0000] {logging_mixin.py:149} INFO - [2025-03-13T09:46:03.083+0000] {dag.py:2726} INFO - Sync 1 DAGs
[2025-03-13T09:46:03.204+0000] {logging_mixin.py:149} INFO - [2025-03-13T09:46:03.204+0000] {dag.py:3490} INFO - Setting next_dagrun for example_branch_operator to 2025-03-12T00:00:00+00:00, run_after=2025-03-13T00:00:00+00:00
[2025-03-13T09:46:03.222+0000] {processor.py:179} INFO - Processing /home/airflow/.local/lib/python3.7/site-packages/airflow/example_dags/example_branch_operator.py took 0.177 seconds
[2025-03-13T09:46:33.931+0000] {processor.py:157} INFO - Started process (PID=377) to work on /home/airflow/.local/lib/python3.7/site-packages/airflow/example_dags/example_branch_operator.py
[2025-03-13T09:46:33.932+0000] {processor.py:826} INFO - Processing file /home/airflow/.local/lib/python3.7/site-packages/airflow/example_dags/example_branch_operator.py for tasks to queue
[2025-03-13T09:46:33.932+0000] {logging_mixin.py:149} INFO - [2025-03-13T09:46:33.932+0000] {dagbag.py:541} INFO - Filling up the DagBag from /home/airflow/.local/lib/python3.7/site-packages/airflow/example_dags/example_branch_operator.py
[2025-03-13T09:46:33.941+0000] {processor.py:836} INFO - DAG(s) dict_keys(['example_branch_operator']) retrieved from /home/airflow/.local/lib/python3.7/site-packages/airflow/example_dags/example_branch_operator.py
[2025-03-13T09:46:33.966+0000] {logging_mixin.py:149} INFO - [2025-03-13T09:46:33.966+0000] {dag.py:2726} INFO - Sync 1 DAGs
[2025-03-13T09:46:33.990+0000] {logging_mixin.py:149} INFO - [2025-03-13T09:46:33.990+0000] {dag.py:3490} INFO - Setting next_dagrun for example_branch_operator to 2025-03-12T00:00:00+00:00, run_after=2025-03-13T00:00:00+00:00
[2025-03-13T09:46:34.009+0000] {processor.py:179} INFO - Processing /home/airflow/.local/lib/python3.7/site-packages/airflow/example_dags/example_branch_operator.py took 0.082 seconds
[2025-03-13T09:47:05.114+0000] {processor.py:157} INFO - Started process (PID=468) to work on /home/airflow/.local/lib/python3.7/site-packages/airflow/example_dags/example_branch_operator.py
[2025-03-13T09:47:05.115+0000] {processor.py:826} INFO - Processing file /home/airflow/.local/lib/python3.7/site-packages/airflow/example_dags/example_branch_operator.py for tasks to queue
[2025-03-13T09:47:05.116+0000] {logging_mixin.py:149} INFO - [2025-03-13T09:47:05.116+0000] {dagbag.py:541} INFO - Filling up the DagBag from /home/airflow/.local/lib/python3.7/site-packages/airflow/example_dags/example_branch_operator.py
[2025-03-13T09:47:05.124+0000] {processor.py:836} INFO - DAG(s) dict_keys(['example_branch_operator']) retrieved from /home/airflow/.local/lib/python3.7/site-packages/airflow/example_dags/example_branch_operator.py
[2025-03-13T09:47:05.149+0000] {logging_mixin.py:149} INFO - [2025-03-13T09:47:05.149+0000] {dag.py:2726} INFO - Sync 1 DAGs
[2025-03-13T09:47:05.172+0000] {logging_mixin.py:149} INFO - [2025-03-13T09:47:05.171+0000] {dag.py:3490} INFO - Setting next_dagrun for example_branch_operator to 2025-03-12T00:00:00+00:00, run_after=2025-03-13T00:00:00+00:00
[2025-03-13T09:47:05.189+0000] {processor.py:179} INFO - Processing /home/airflow/.local/lib/python3.7/site-packages/airflow/example_dags/example_branch_operator.py took 0.078 seconds
[2025-03-13T09:47:36.283+0000] {processor.py:157} INFO - Started process (PID=560) to work on /home/airflow/.local/lib/python3.7/site-packages/airflow/example_dags/example_branch_operator.py
[2025-03-13T09:47:36.284+0000] {processor.py:826} INFO - Processing file /home/airflow/.local/lib/python3.7/site-packages/airflow/example_dags/example_branch_operator.py for tasks to queue
[2025-03-13T09:47:36.285+0000] {logging_mixin.py:149} INFO - [2025-03-13T09:47:36.285+0000] {dagbag.py:541} INFO - Filling up the DagBag from /home/airflow/.local/lib/python3.7/site-packages/airflow/example_dags/example_branch_operator.py
[2025-03-13T09:47:36.293+0000] {processor.py:836} INFO - DAG(s) dict_keys(['example_branch_operator']) retrieved from /home/airflow/.local/lib/python3.7/site-packages/airflow/example_dags/example_branch_operator.py
[2025-03-13T09:47:36.316+0000] {logging_mixin.py:149} INFO - [2025-03-13T09:47:36.316+0000] {dag.py:2726} INFO - Sync 1 DAGs
[2025-03-13T09:47:36.338+0000] {logging_mixin.py:149} INFO - [2025-03-13T09:47:36.338+0000] {dag.py:3490} INFO - Setting next_dagrun for example_branch_operator to 2025-03-12T00:00:00+00:00, run_after=2025-03-13T00:00:00+00:00
[2025-03-13T09:47:36.354+0000] {processor.py:179} INFO - Processing /home/airflow/.local/lib/python3.7/site-packages/airflow/example_dags/example_branch_operator.py took 0.074 seconds
[2025-03-13T09:48:07.118+0000] {processor.py:157} INFO - Started process (PID=651) to work on /home/airflow/.local/lib/python3.7/site-packages/airflow/example_dags/example_branch_operator.py
[2025-03-13T09:48:07.119+0000] {processor.py:826} INFO - Processing file /home/airflow/.local/lib/python3.7/site-packages/airflow/example_dags/example_branch_operator.py for tasks to queue
[2025-03-13T09:48:07.120+0000] {logging_mixin.py:149} INFO - [2025-03-13T09:48:07.119+0000] {dagbag.py:541} INFO - Filling up the DagBag from /home/airflow/.local/lib/python3.7/site-packages/airflow/example_dags/example_branch_operator.py
[2025-03-13T09:48:07.128+0000] {processor.py:836} INFO - DAG(s) dict_keys(['example_branch_operator']) retrieved from /home/airflow/.local/lib/python3.7/site-packages/airflow/example_dags/example_branch_operator.py
[2025-03-13T09:48:07.161+0000] {logging_mixin.py:149} INFO - [2025-03-13T09:48:07.160+0000] {dag.py:2726} INFO - Sync 1 DAGs
[2025-03-13T09:48:07.191+0000] {logging_mixin.py:149} INFO - [2025-03-13T09:48:07.191+0000] {dag.py:3490} INFO - Setting next_dagrun for example_branch_operator to 2025-03-12T00:00:00+00:00, run_after=2025-03-13T00:00:00+00:00
[2025-03-13T09:48:07.216+0000] {processor.py:179} INFO - Processing /home/airflow/.local/lib/python3.7/site-packages/airflow/example_dags/example_branch_operator.py took 0.102 seconds
[2025-03-13T09:48:37.783+0000] {processor.py:157} INFO - Started process (PID=742) to work on /home/airflow/.local/lib/python3.7/site-packages/airflow/example_dags/example_branch_operator.py
[2025-03-13T09:48:37.784+0000] {processor.py:826} INFO - Processing file /home/airflow/.local/lib/python3.7/site-packages/airflow/example_dags/example_branch_operator.py for tasks to queue
[2025-03-13T09:48:37.785+0000] {logging_mixin.py:149} INFO - [2025-03-13T09:48:37.785+0000] {dagbag.py:541} INFO - Filling up the DagBag from /home/airflow/.local/lib/python3.7/site-packages/airflow/example_dags/example_branch_operator.py
[2025-03-13T09:48:37.794+0000] {processor.py:836} INFO - DAG(s) dict_keys(['example_branch_operator']) retrieved from /home/airflow/.local/lib/python3.7/site-packages/airflow/example_dags/example_branch_operator.py
[2025-03-13T09:48:37.824+0000] {logging_mixin.py:149} INFO - [2025-03-13T09:48:37.824+0000] {dag.py:2726} INFO - Sync 1 DAGs
[2025-03-13T09:48:37.850+0000] {logging_mixin.py:149} INFO - [2025-03-13T09:48:37.850+0000] {dag.py:3490} INFO - Setting next_dagrun for example_branch_operator to 2025-03-12T00:00:00+00:00, run_after=2025-03-13T00:00:00+00:00
[2025-03-13T09:48:37.871+0000] {processor.py:179} INFO - Processing /home/airflow/.local/lib/python3.7/site-packages/airflow/example_dags/example_branch_operator.py took 0.091 seconds
[2025-03-13T09:49:08.917+0000] {processor.py:157} INFO - Started process (PID=833) to work on /home/airflow/.local/lib/python3.7/site-packages/airflow/example_dags/example_branch_operator.py
[2025-03-13T09:49:08.919+0000] {processor.py:826} INFO - Processing file /home/airflow/.local/lib/python3.7/site-packages/airflow/example_dags/example_branch_operator.py for tasks to queue
[2025-03-13T09:49:08.919+0000] {logging_mixin.py:149} INFO - [2025-03-13T09:49:08.919+0000] {dagbag.py:541} INFO - Filling up the DagBag from /home/airflow/.local/lib/python3.7/site-packages/airflow/example_dags/example_branch_operator.py
[2025-03-13T09:49:08.928+0000] {processor.py:836} INFO - DAG(s) dict_keys(['example_branch_operator']) retrieved from /home/airflow/.local/lib/python3.7/site-packages/airflow/example_dags/example_branch_operator.py
[2025-03-13T09:49:08.953+0000] {logging_mixin.py:149} INFO - [2025-03-13T09:49:08.952+0000] {dag.py:2726} INFO - Sync 1 DAGs
[2025-03-13T09:49:08.978+0000] {logging_mixin.py:149} INFO - [2025-03-13T09:49:08.978+0000] {dag.py:3490} INFO - Setting next_dagrun for example_branch_operator to 2025-03-12T00:00:00+00:00, run_after=2025-03-13T00:00:00+00:00
[2025-03-13T09:49:08.995+0000] {processor.py:179} INFO - Processing /home/airflow/.local/lib/python3.7/site-packages/airflow/example_dags/example_branch_operator.py took 0.081 seconds
[2025-03-13T09:49:40.123+0000] {processor.py:157} INFO - Started process (PID=924) to work on /home/airflow/.local/lib/python3.7/site-packages/airflow/example_dags/example_branch_operator.py
[2025-03-13T09:49:40.124+0000] {processor.py:826} INFO - Processing file /home/airflow/.local/lib/python3.7/site-packages/airflow/example_dags/example_branch_operator.py for tasks to queue
[2025-03-13T09:49:40.125+0000] {logging_mixin.py:149} INFO - [2025-03-13T09:49:40.125+0000] {dagbag.py:541} INFO - Filling up the DagBag from /home/airflow/.local/lib/python3.7/site-packages/airflow/example_dags/example_branch_operator.py
[2025-03-13T09:49:40.134+0000] {processor.py:836} INFO - DAG(s) dict_keys(['example_branch_operator']) retrieved from /home/airflow/.local/lib/python3.7/site-packages/airflow/example_dags/example_branch_operator.py
[2025-03-13T09:49:40.158+0000] {logging_mixin.py:149} INFO - [2025-03-13T09:49:40.158+0000] {dag.py:2726} INFO - Sync 1 DAGs
[2025-03-13T09:49:40.184+0000] {logging_mixin.py:149} INFO - [2025-03-13T09:49:40.184+0000] {dag.py:3490} INFO - Setting next_dagrun for example_branch_operator to 2025-03-12T00:00:00+00:00, run_after=2025-03-13T00:00:00+00:00
[2025-03-13T09:49:40.202+0000] {processor.py:179} INFO - Processing /home/airflow/.local/lib/python3.7/site-packages/airflow/example_dags/example_branch_operator.py took 0.082 seconds
[2025-03-13T09:50:11.321+0000] {processor.py:157} INFO - Started process (PID=1015) to work on /home/airflow/.local/lib/python3.7/site-packages/airflow/example_dags/example_branch_operator.py
[2025-03-13T09:50:11.323+0000] {processor.py:826} INFO - Processing file /home/airflow/.local/lib/python3.7/site-packages/airflow/example_dags/example_branch_operator.py for tasks to queue
[2025-03-13T09:50:11.324+0000] {logging_mixin.py:149} INFO - [2025-03-13T09:50:11.324+0000] {dagbag.py:541} INFO - Filling up the DagBag from /home/airflow/.local/lib/python3.7/site-packages/airflow/example_dags/example_branch_operator.py
[2025-03-13T09:50:11.334+0000] {processor.py:836} INFO - DAG(s) dict_keys(['example_branch_operator']) retrieved from /home/airflow/.local/lib/python3.7/site-packages/airflow/example_dags/example_branch_operator.py
[2025-03-13T09:50:11.362+0000] {logging_mixin.py:149} INFO - [2025-03-13T09:50:11.362+0000] {dag.py:2726} INFO - Sync 1 DAGs
[2025-03-13T09:50:11.398+0000] {logging_mixin.py:149} INFO - [2025-03-13T09:50:11.397+0000] {dag.py:3490} INFO - Setting next_dagrun for example_branch_operator to 2025-03-12T00:00:00+00:00, run_after=2025-03-13T00:00:00+00:00
[2025-03-13T09:50:11.428+0000] {processor.py:179} INFO - Processing /home/airflow/.local/lib/python3.7/site-packages/airflow/example_dags/example_branch_operator.py took 0.110 seconds
[2025-03-13T09:50:42.472+0000] {processor.py:157} INFO - Started process (PID=1106) to work on /home/airflow/.local/lib/python3.7/site-packages/airflow/example_dags/example_branch_operator.py
[2025-03-13T09:50:42.473+0000] {processor.py:826} INFO - Processing file /home/airflow/.local/lib/python3.7/site-packages/airflow/example_dags/example_branch_operator.py for tasks to queue
[2025-03-13T09:50:42.473+0000] {logging_mixin.py:149} INFO - [2025-03-13T09:50:42.473+0000] {dagbag.py:541} INFO - Filling up the DagBag from /home/airflow/.local/lib/python3.7/site-packages/airflow/example_dags/example_branch_operator.py
[2025-03-13T09:50:42.481+0000] {processor.py:836} INFO - DAG(s) dict_keys(['example_branch_operator']) retrieved from /home/airflow/.local/lib/python3.7/site-packages/airflow/example_dags/example_branch_operator.py
[2025-03-13T09:50:42.506+0000] {logging_mixin.py:149} INFO - [2025-03-13T09:50:42.505+0000] {dag.py:2726} INFO - Sync 1 DAGs
[2025-03-13T09:50:42.528+0000] {logging_mixin.py:149} INFO - [2025-03-13T09:50:42.528+0000] {dag.py:3490} INFO - Setting next_dagrun for example_branch_operator to 2025-03-12T00:00:00+00:00, run_after=2025-03-13T00:00:00+00:00
[2025-03-13T09:50:42.548+0000] {processor.py:179} INFO - Processing /home/airflow/.local/lib/python3.7/site-packages/airflow/example_dags/example_branch_operator.py took 0.079 seconds
[2025-03-13T09:51:13.827+0000] {processor.py:157} INFO - Started process (PID=1197) to work on /home/airflow/.local/lib/python3.7/site-packages/airflow/example_dags/example_branch_operator.py
[2025-03-13T09:51:13.828+0000] {processor.py:826} INFO - Processing file /home/airflow/.local/lib/python3.7/site-packages/airflow/example_dags/example_branch_operator.py for tasks to queue
[2025-03-13T09:51:13.829+0000] {logging_mixin.py:149} INFO - [2025-03-13T09:51:13.828+0000] {dagbag.py:541} INFO - Filling up the DagBag from /home/airflow/.local/lib/python3.7/site-packages/airflow/example_dags/example_branch_operator.py
[2025-03-13T09:51:13.837+0000] {processor.py:836} INFO - DAG(s) dict_keys(['example_branch_operator']) retrieved from /home/airflow/.local/lib/python3.7/site-packages/airflow/example_dags/example_branch_operator.py
[2025-03-13T09:51:13.861+0000] {logging_mixin.py:149} INFO - [2025-03-13T09:51:13.861+0000] {dag.py:2726} INFO - Sync 1 DAGs
[2025-03-13T09:51:13.886+0000] {logging_mixin.py:149} INFO - [2025-03-13T09:51:13.886+0000] {dag.py:3490} INFO - Setting next_dagrun for example_branch_operator to 2025-03-12T00:00:00+00:00, run_after=2025-03-13T00:00:00+00:00
[2025-03-13T09:51:13.904+0000] {processor.py:179} INFO - Processing /home/airflow/.local/lib/python3.7/site-packages/airflow/example_dags/example_branch_operator.py took 0.080 seconds
[2025-03-13T09:51:45.114+0000] {processor.py:157} INFO - Started process (PID=1288) to work on /home/airflow/.local/lib/python3.7/site-packages/airflow/example_dags/example_branch_operator.py
[2025-03-13T09:51:45.115+0000] {processor.py:826} INFO - Processing file /home/airflow/.local/lib/python3.7/site-packages/airflow/example_dags/example_branch_operator.py for tasks to queue
[2025-03-13T09:51:45.115+0000] {logging_mixin.py:149} INFO - [2025-03-13T09:51:45.115+0000] {dagbag.py:541} INFO - Filling up the DagBag from /home/airflow/.local/lib/python3.7/site-packages/airflow/example_dags/example_branch_operator.py
[2025-03-13T09:51:45.125+0000] {processor.py:836} INFO - DAG(s) dict_keys(['example_branch_operator']) retrieved from /home/airflow/.local/lib/python3.7/site-packages/airflow/example_dags/example_branch_operator.py
[2025-03-13T09:51:45.152+0000] {logging_mixin.py:149} INFO - [2025-03-13T09:51:45.151+0000] {dag.py:2726} INFO - Sync 1 DAGs
[2025-03-13T09:51:45.183+0000] {logging_mixin.py:149} INFO - [2025-03-13T09:51:45.183+0000] {dag.py:3490} INFO - Setting next_dagrun for example_branch_operator to 2025-03-12T00:00:00+00:00, run_after=2025-03-13T00:00:00+00:00
[2025-03-13T09:51:45.207+0000] {processor.py:179} INFO - Processing /home/airflow/.local/lib/python3.7/site-packages/airflow/example_dags/example_branch_operator.py took 0.097 seconds
[2025-03-13T09:52:16.459+0000] {processor.py:157} INFO - Started process (PID=1379) to work on /home/airflow/.local/lib/python3.7/site-packages/airflow/example_dags/example_branch_operator.py
[2025-03-13T09:52:16.460+0000] {processor.py:826} INFO - Processing file /home/airflow/.local/lib/python3.7/site-packages/airflow/example_dags/example_branch_operator.py for tasks to queue
[2025-03-13T09:52:16.461+0000] {logging_mixin.py:149} INFO - [2025-03-13T09:52:16.461+0000] {dagbag.py:541} INFO - Filling up the DagBag from /home/airflow/.local/lib/python3.7/site-packages/airflow/example_dags/example_branch_operator.py
[2025-03-13T09:52:16.471+0000] {processor.py:836} INFO - DAG(s) dict_keys(['example_branch_operator']) retrieved from /home/airflow/.local/lib/python3.7/site-packages/airflow/example_dags/example_branch_operator.py
[2025-03-13T09:52:16.495+0000] {logging_mixin.py:149} INFO - [2025-03-13T09:52:16.495+0000] {dag.py:2726} INFO - Sync 1 DAGs
[2025-03-13T09:52:16.520+0000] {logging_mixin.py:149} INFO - [2025-03-13T09:52:16.520+0000] {dag.py:3490} INFO - Setting next_dagrun for example_branch_operator to 2025-03-12T00:00:00+00:00, run_after=2025-03-13T00:00:00+00:00
[2025-03-13T09:52:16.540+0000] {processor.py:179} INFO - Processing /home/airflow/.local/lib/python3.7/site-packages/airflow/example_dags/example_branch_operator.py took 0.084 seconds
[2025-03-13T09:52:47.795+0000] {processor.py:157} INFO - Started process (PID=1470) to work on /home/airflow/.local/lib/python3.7/site-packages/airflow/example_dags/example_branch_operator.py
[2025-03-13T09:52:47.796+0000] {processor.py:826} INFO - Processing file /home/airflow/.local/lib/python3.7/site-packages/airflow/example_dags/example_branch_operator.py for tasks to queue
[2025-03-13T09:52:47.797+0000] {logging_mixin.py:149} INFO - [2025-03-13T09:52:47.797+0000] {dagbag.py:541} INFO - Filling up the DagBag from /home/airflow/.local/lib/python3.7/site-packages/airflow/example_dags/example_branch_operator.py
[2025-03-13T09:52:47.805+0000] {processor.py:836} INFO - DAG(s) dict_keys(['example_branch_operator']) retrieved from /home/airflow/.local/lib/python3.7/site-packages/airflow/example_dags/example_branch_operator.py
[2025-03-13T09:52:47.831+0000] {logging_mixin.py:149} INFO - [2025-03-13T09:52:47.831+0000] {dag.py:2726} INFO - Sync 1 DAGs
[2025-03-13T09:52:47.857+0000] {logging_mixin.py:149} INFO - [2025-03-13T09:52:47.857+0000] {dag.py:3490} INFO - Setting next_dagrun for example_branch_operator to 2025-03-12T00:00:00+00:00, run_after=2025-03-13T00:00:00+00:00
[2025-03-13T09:52:47.877+0000] {processor.py:179} INFO - Processing /home/airflow/.local/lib/python3.7/site-packages/airflow/example_dags/example_branch_operator.py took 0.085 seconds
[2025-03-13T09:53:18.343+0000] {processor.py:157} INFO - Started process (PID=1561) to work on /home/airflow/.local/lib/python3.7/site-packages/airflow/example_dags/example_branch_operator.py
[2025-03-13T09:53:18.344+0000] {processor.py:826} INFO - Processing file /home/airflow/.local/lib/python3.7/site-packages/airflow/example_dags/example_branch_operator.py for tasks to queue
[2025-03-13T09:53:18.344+0000] {logging_mixin.py:149} INFO - [2025-03-13T09:53:18.344+0000] {dagbag.py:541} INFO - Filling up the DagBag from /home/airflow/.local/lib/python3.7/site-packages/airflow/example_dags/example_branch_operator.py
[2025-03-13T09:53:18.353+0000] {processor.py:836} INFO - DAG(s) dict_keys(['example_branch_operator']) retrieved from /home/airflow/.local/lib/python3.7/site-packages/airflow/example_dags/example_branch_operator.py
[2025-03-13T09:53:18.379+0000] {logging_mixin.py:149} INFO - [2025-03-13T09:53:18.379+0000] {dag.py:2726} INFO - Sync 1 DAGs
[2025-03-13T09:53:18.406+0000] {logging_mixin.py:149} INFO - [2025-03-13T09:53:18.406+0000] {dag.py:3490} INFO - Setting next_dagrun for example_branch_operator to 2025-03-12T00:00:00+00:00, run_after=2025-03-13T00:00:00+00:00
[2025-03-13T09:53:18.426+0000] {processor.py:179} INFO - Processing /home/airflow/.local/lib/python3.7/site-packages/airflow/example_dags/example_branch_operator.py took 0.087 seconds
[2025-03-13T09:53:49.697+0000] {processor.py:157} INFO - Started process (PID=1652) to work on /home/airflow/.local/lib/python3.7/site-packages/airflow/example_dags/example_branch_operator.py
[2025-03-13T09:53:49.698+0000] {processor.py:826} INFO - Processing file /home/airflow/.local/lib/python3.7/site-packages/airflow/example_dags/example_branch_operator.py for tasks to queue
[2025-03-13T09:53:49.699+0000] {logging_mixin.py:149} INFO - [2025-03-13T09:53:49.699+0000] {dagbag.py:541} INFO - Filling up the DagBag from /home/airflow/.local/lib/python3.7/site-packages/airflow/example_dags/example_branch_operator.py
[2025-03-13T09:53:49.708+0000] {processor.py:836} INFO - DAG(s) dict_keys(['example_branch_operator']) retrieved from /home/airflow/.local/lib/python3.7/site-packages/airflow/example_dags/example_branch_operator.py
[2025-03-13T09:53:49.737+0000] {logging_mixin.py:149} INFO - [2025-03-13T09:53:49.737+0000] {dag.py:2726} INFO - Sync 1 DAGs
[2025-03-13T09:53:49.769+0000] {logging_mixin.py:149} INFO - [2025-03-13T09:53:49.769+0000] {dag.py:3490} INFO - Setting next_dagrun for example_branch_operator to 2025-03-12T00:00:00+00:00, run_after=2025-03-13T00:00:00+00:00
[2025-03-13T09:53:49.790+0000] {processor.py:179} INFO - Processing /home/airflow/.local/lib/python3.7/site-packages/airflow/example_dags/example_branch_operator.py took 0.096 seconds
[2025-03-13T09:54:20.956+0000] {processor.py:157} INFO - Started process (PID=1743) to work on /home/airflow/.local/lib/python3.7/site-packages/airflow/example_dags/example_branch_operator.py
[2025-03-13T09:54:20.957+0000] {processor.py:826} INFO - Processing file /home/airflow/.local/lib/python3.7/site-packages/airflow/example_dags/example_branch_operator.py for tasks to queue
[2025-03-13T09:54:20.958+0000] {logging_mixin.py:149} INFO - [2025-03-13T09:54:20.958+0000] {dagbag.py:541} INFO - Filling up the DagBag from /home/airflow/.local/lib/python3.7/site-packages/airflow/example_dags/example_branch_operator.py
[2025-03-13T09:54:20.967+0000] {processor.py:836} INFO - DAG(s) dict_keys(['example_branch_operator']) retrieved from /home/airflow/.local/lib/python3.7/site-packages/airflow/example_dags/example_branch_operator.py
[2025-03-13T09:54:20.992+0000] {logging_mixin.py:149} INFO - [2025-03-13T09:54:20.991+0000] {dag.py:2726} INFO - Sync 1 DAGs
[2025-03-13T09:54:21.016+0000] {logging_mixin.py:149} INFO - [2025-03-13T09:54:21.016+0000] {dag.py:3490} INFO - Setting next_dagrun for example_branch_operator to 2025-03-12T00:00:00+00:00, run_after=2025-03-13T00:00:00+00:00
[2025-03-13T09:54:21.033+0000] {processor.py:179} INFO - Processing /home/airflow/.local/lib/python3.7/site-packages/airflow/example_dags/example_branch_operator.py took 0.080 seconds
[2025-03-13T09:54:52.233+0000] {processor.py:157} INFO - Started process (PID=1834) to work on /home/airflow/.local/lib/python3.7/site-packages/airflow/example_dags/example_branch_operator.py
[2025-03-13T09:54:52.234+0000] {processor.py:826} INFO - Processing file /home/airflow/.local/lib/python3.7/site-packages/airflow/example_dags/example_branch_operator.py for tasks to queue
[2025-03-13T09:54:52.234+0000] {logging_mixin.py:149} INFO - [2025-03-13T09:54:52.234+0000] {dagbag.py:541} INFO - Filling up the DagBag from /home/airflow/.local/lib/python3.7/site-packages/airflow/example_dags/example_branch_operator.py
[2025-03-13T09:54:52.243+0000] {processor.py:836} INFO - DAG(s) dict_keys(['example_branch_operator']) retrieved from /home/airflow/.local/lib/python3.7/site-packages/airflow/example_dags/example_branch_operator.py
[2025-03-13T09:54:52.270+0000] {logging_mixin.py:149} INFO - [2025-03-13T09:54:52.269+0000] {dag.py:2726} INFO - Sync 1 DAGs
[2025-03-13T09:54:52.293+0000] {logging_mixin.py:149} INFO - [2025-03-13T09:54:52.293+0000] {dag.py:3490} INFO - Setting next_dagrun for example_branch_operator to 2025-03-12T00:00:00+00:00, run_after=2025-03-13T00:00:00+00:00
[2025-03-13T09:54:52.313+0000] {processor.py:179} INFO - Processing /home/airflow/.local/lib/python3.7/site-packages/airflow/example_dags/example_branch_operator.py took 0.084 seconds
[2025-03-13T09:55:23.526+0000] {processor.py:157} INFO - Started process (PID=1925) to work on /home/airflow/.local/lib/python3.7/site-packages/airflow/example_dags/example_branch_operator.py
[2025-03-13T09:55:23.527+0000] {processor.py:826} INFO - Processing file /home/airflow/.local/lib/python3.7/site-packages/airflow/example_dags/example_branch_operator.py for tasks to queue
[2025-03-13T09:55:23.528+0000] {logging_mixin.py:149} INFO - [2025-03-13T09:55:23.528+0000] {dagbag.py:541} INFO - Filling up the DagBag from /home/airflow/.local/lib/python3.7/site-packages/airflow/example_dags/example_branch_operator.py
[2025-03-13T09:55:23.543+0000] {processor.py:836} INFO - DAG(s) dict_keys(['example_branch_operator']) retrieved from /home/airflow/.local/lib/python3.7/site-packages/airflow/example_dags/example_branch_operator.py
[2025-03-13T09:55:23.573+0000] {logging_mixin.py:149} INFO - [2025-03-13T09:55:23.573+0000] {dag.py:2726} INFO - Sync 1 DAGs
[2025-03-13T09:55:23.599+0000] {logging_mixin.py:149} INFO - [2025-03-13T09:55:23.599+0000] {dag.py:3490} INFO - Setting next_dagrun for example_branch_operator to 2025-03-12T00:00:00+00:00, run_after=2025-03-13T00:00:00+00:00
[2025-03-13T09:55:23.618+0000] {processor.py:179} INFO - Processing /home/airflow/.local/lib/python3.7/site-packages/airflow/example_dags/example_branch_operator.py took 0.097 seconds
[2025-03-13T09:55:54.790+0000] {processor.py:157} INFO - Started process (PID=2016) to work on /home/airflow/.local/lib/python3.7/site-packages/airflow/example_dags/example_branch_operator.py
[2025-03-13T09:55:54.791+0000] {processor.py:826} INFO - Processing file /home/airflow/.local/lib/python3.7/site-packages/airflow/example_dags/example_branch_operator.py for tasks to queue
[2025-03-13T09:55:54.791+0000] {logging_mixin.py:149} INFO - [2025-03-13T09:55:54.791+0000] {dagbag.py:541} INFO - Filling up the DagBag from /home/airflow/.local/lib/python3.7/site-packages/airflow/example_dags/example_branch_operator.py
[2025-03-13T09:55:54.800+0000] {processor.py:836} INFO - DAG(s) dict_keys(['example_branch_operator']) retrieved from /home/airflow/.local/lib/python3.7/site-packages/airflow/example_dags/example_branch_operator.py
[2025-03-13T09:55:54.824+0000] {logging_mixin.py:149} INFO - [2025-03-13T09:55:54.823+0000] {dag.py:2726} INFO - Sync 1 DAGs
[2025-03-13T09:55:54.848+0000] {logging_mixin.py:149} INFO - [2025-03-13T09:55:54.848+0000] {dag.py:3490} INFO - Setting next_dagrun for example_branch_operator to 2025-03-12T00:00:00+00:00, run_after=2025-03-13T00:00:00+00:00
[2025-03-13T09:55:54.864+0000] {processor.py:179} INFO - Processing /home/airflow/.local/lib/python3.7/site-packages/airflow/example_dags/example_branch_operator.py took 0.077 seconds
[2025-03-13T09:56:25.268+0000] {processor.py:157} INFO - Started process (PID=2107) to work on /home/airflow/.local/lib/python3.7/site-packages/airflow/example_dags/example_branch_operator.py
[2025-03-13T09:56:25.269+0000] {processor.py:826} INFO - Processing file /home/airflow/.local/lib/python3.7/site-packages/airflow/example_dags/example_branch_operator.py for tasks to queue
[2025-03-13T09:56:25.270+0000] {logging_mixin.py:149} INFO - [2025-03-13T09:56:25.270+0000] {dagbag.py:541} INFO - Filling up the DagBag from /home/airflow/.local/lib/python3.7/site-packages/airflow/example_dags/example_branch_operator.py
[2025-03-13T09:56:25.279+0000] {processor.py:836} INFO - DAG(s) dict_keys(['example_branch_operator']) retrieved from /home/airflow/.local/lib/python3.7/site-packages/airflow/example_dags/example_branch_operator.py
[2025-03-13T09:56:25.302+0000] {logging_mixin.py:149} INFO - [2025-03-13T09:56:25.302+0000] {dag.py:2726} INFO - Sync 1 DAGs
[2025-03-13T09:56:25.324+0000] {logging_mixin.py:149} INFO - [2025-03-13T09:56:25.324+0000] {dag.py:3490} INFO - Setting next_dagrun for example_branch_operator to 2025-03-12T00:00:00+00:00, run_after=2025-03-13T00:00:00+00:00
[2025-03-13T09:56:25.344+0000] {processor.py:179} INFO - Processing /home/airflow/.local/lib/python3.7/site-packages/airflow/example_dags/example_branch_operator.py took 0.079 seconds
[2025-03-13T09:56:55.810+0000] {processor.py:157} INFO - Started process (PID=2198) to work on /home/airflow/.local/lib/python3.7/site-packages/airflow/example_dags/example_branch_operator.py
[2025-03-13T09:56:55.811+0000] {processor.py:826} INFO - Processing file /home/airflow/.local/lib/python3.7/site-packages/airflow/example_dags/example_branch_operator.py for tasks to queue
[2025-03-13T09:56:55.812+0000] {logging_mixin.py:149} INFO - [2025-03-13T09:56:55.812+0000] {dagbag.py:541} INFO - Filling up the DagBag from /home/airflow/.local/lib/python3.7/site-packages/airflow/example_dags/example_branch_operator.py
[2025-03-13T09:56:55.821+0000] {processor.py:836} INFO - DAG(s) dict_keys(['example_branch_operator']) retrieved from /home/airflow/.local/lib/python3.7/site-packages/airflow/example_dags/example_branch_operator.py
[2025-03-13T09:56:55.846+0000] {logging_mixin.py:149} INFO - [2025-03-13T09:56:55.845+0000] {dag.py:2726} INFO - Sync 1 DAGs
[2025-03-13T09:56:55.868+0000] {logging_mixin.py:149} INFO - [2025-03-13T09:56:55.868+0000] {dag.py:3490} INFO - Setting next_dagrun for example_branch_operator to 2025-03-12T00:00:00+00:00, run_after=2025-03-13T00:00:00+00:00
[2025-03-13T09:56:55.886+0000] {processor.py:179} INFO - Processing /home/airflow/.local/lib/python3.7/site-packages/airflow/example_dags/example_branch_operator.py took 0.079 seconds
[2025-03-13T09:57:26.297+0000] {processor.py:157} INFO - Started process (PID=2289) to work on /home/airflow/.local/lib/python3.7/site-packages/airflow/example_dags/example_branch_operator.py
[2025-03-13T09:57:26.298+0000] {processor.py:826} INFO - Processing file /home/airflow/.local/lib/python3.7/site-packages/airflow/example_dags/example_branch_operator.py for tasks to queue
[2025-03-13T09:57:26.298+0000] {logging_mixin.py:149} INFO - [2025-03-13T09:57:26.298+0000] {dagbag.py:541} INFO - Filling up the DagBag from /home/airflow/.local/lib/python3.7/site-packages/airflow/example_dags/example_branch_operator.py
[2025-03-13T09:57:26.307+0000] {processor.py:836} INFO - DAG(s) dict_keys(['example_branch_operator']) retrieved from /home/airflow/.local/lib/python3.7/site-packages/airflow/example_dags/example_branch_operator.py
[2025-03-13T09:57:26.332+0000] {logging_mixin.py:149} INFO - [2025-03-13T09:57:26.332+0000] {dag.py:2726} INFO - Sync 1 DAGs
[2025-03-13T09:57:26.356+0000] {logging_mixin.py:149} INFO - [2025-03-13T09:57:26.356+0000] {dag.py:3490} INFO - Setting next_dagrun for example_branch_operator to 2025-03-12T00:00:00+00:00, run_after=2025-03-13T00:00:00+00:00
[2025-03-13T09:57:26.375+0000] {processor.py:179} INFO - Processing /home/airflow/.local/lib/python3.7/site-packages/airflow/example_dags/example_branch_operator.py took 0.081 seconds
[2025-03-13T09:57:56.759+0000] {processor.py:157} INFO - Started process (PID=2380) to work on /home/airflow/.local/lib/python3.7/site-packages/airflow/example_dags/example_branch_operator.py
[2025-03-13T09:57:56.760+0000] {processor.py:826} INFO - Processing file /home/airflow/.local/lib/python3.7/site-packages/airflow/example_dags/example_branch_operator.py for tasks to queue
[2025-03-13T09:57:56.761+0000] {logging_mixin.py:149} INFO - [2025-03-13T09:57:56.761+0000] {dagbag.py:541} INFO - Filling up the DagBag from /home/airflow/.local/lib/python3.7/site-packages/airflow/example_dags/example_branch_operator.py
[2025-03-13T09:57:56.769+0000] {processor.py:836} INFO - DAG(s) dict_keys(['example_branch_operator']) retrieved from /home/airflow/.local/lib/python3.7/site-packages/airflow/example_dags/example_branch_operator.py
[2025-03-13T09:57:56.793+0000] {logging_mixin.py:149} INFO - [2025-03-13T09:57:56.793+0000] {dag.py:2726} INFO - Sync 1 DAGs
[2025-03-13T09:57:56.816+0000] {logging_mixin.py:149} INFO - [2025-03-13T09:57:56.816+0000] {dag.py:3490} INFO - Setting next_dagrun for example_branch_operator to 2025-03-12T00:00:00+00:00, run_after=2025-03-13T00:00:00+00:00
[2025-03-13T09:57:56.833+0000] {processor.py:179} INFO - Processing /home/airflow/.local/lib/python3.7/site-packages/airflow/example_dags/example_branch_operator.py took 0.077 seconds
[2025-03-13T09:58:27.758+0000] {processor.py:157} INFO - Started process (PID=2471) to work on /home/airflow/.local/lib/python3.7/site-packages/airflow/example_dags/example_branch_operator.py
[2025-03-13T09:58:27.759+0000] {processor.py:826} INFO - Processing file /home/airflow/.local/lib/python3.7/site-packages/airflow/example_dags/example_branch_operator.py for tasks to queue
[2025-03-13T09:58:27.760+0000] {logging_mixin.py:149} INFO - [2025-03-13T09:58:27.760+0000] {dagbag.py:541} INFO - Filling up the DagBag from /home/airflow/.local/lib/python3.7/site-packages/airflow/example_dags/example_branch_operator.py
[2025-03-13T09:58:27.768+0000] {processor.py:836} INFO - DAG(s) dict_keys(['example_branch_operator']) retrieved from /home/airflow/.local/lib/python3.7/site-packages/airflow/example_dags/example_branch_operator.py
[2025-03-13T09:58:27.796+0000] {logging_mixin.py:149} INFO - [2025-03-13T09:58:27.796+0000] {dag.py:2726} INFO - Sync 1 DAGs
[2025-03-13T09:58:27.823+0000] {logging_mixin.py:149} INFO - [2025-03-13T09:58:27.823+0000] {dag.py:3490} INFO - Setting next_dagrun for example_branch_operator to 2025-03-12T00:00:00+00:00, run_after=2025-03-13T00:00:00+00:00
[2025-03-13T09:58:27.842+0000] {processor.py:179} INFO - Processing /home/airflow/.local/lib/python3.7/site-packages/airflow/example_dags/example_branch_operator.py took 0.087 seconds
[2025-03-13T09:58:59.129+0000] {processor.py:157} INFO - Started process (PID=2562) to work on /home/airflow/.local/lib/python3.7/site-packages/airflow/example_dags/example_branch_operator.py
[2025-03-13T09:58:59.130+0000] {processor.py:826} INFO - Processing file /home/airflow/.local/lib/python3.7/site-packages/airflow/example_dags/example_branch_operator.py for tasks to queue
[2025-03-13T09:58:59.131+0000] {logging_mixin.py:149} INFO - [2025-03-13T09:58:59.130+0000] {dagbag.py:541} INFO - Filling up the DagBag from /home/airflow/.local/lib/python3.7/site-packages/airflow/example_dags/example_branch_operator.py
[2025-03-13T09:58:59.139+0000] {processor.py:836} INFO - DAG(s) dict_keys(['example_branch_operator']) retrieved from /home/airflow/.local/lib/python3.7/site-packages/airflow/example_dags/example_branch_operator.py
[2025-03-13T09:58:59.165+0000] {logging_mixin.py:149} INFO - [2025-03-13T09:58:59.165+0000] {dag.py:2726} INFO - Sync 1 DAGs
[2025-03-13T09:58:59.190+0000] {logging_mixin.py:149} INFO - [2025-03-13T09:58:59.190+0000] {dag.py:3490} INFO - Setting next_dagrun for example_branch_operator to 2025-03-12T00:00:00+00:00, run_after=2025-03-13T00:00:00+00:00
[2025-03-13T09:58:59.210+0000] {processor.py:179} INFO - Processing /home/airflow/.local/lib/python3.7/site-packages/airflow/example_dags/example_branch_operator.py took 0.084 seconds
[2025-03-13T09:59:29.688+0000] {processor.py:157} INFO - Started process (PID=2653) to work on /home/airflow/.local/lib/python3.7/site-packages/airflow/example_dags/example_branch_operator.py
[2025-03-13T09:59:29.689+0000] {processor.py:826} INFO - Processing file /home/airflow/.local/lib/python3.7/site-packages/airflow/example_dags/example_branch_operator.py for tasks to queue
[2025-03-13T09:59:29.690+0000] {logging_mixin.py:149} INFO - [2025-03-13T09:59:29.690+0000] {dagbag.py:541} INFO - Filling up the DagBag from /home/airflow/.local/lib/python3.7/site-packages/airflow/example_dags/example_branch_operator.py
[2025-03-13T09:59:29.699+0000] {processor.py:836} INFO - DAG(s) dict_keys(['example_branch_operator']) retrieved from /home/airflow/.local/lib/python3.7/site-packages/airflow/example_dags/example_branch_operator.py
[2025-03-13T09:59:29.729+0000] {logging_mixin.py:149} INFO - [2025-03-13T09:59:29.729+0000] {dag.py:2726} INFO - Sync 1 DAGs
[2025-03-13T09:59:29.757+0000] {logging_mixin.py:149} INFO - [2025-03-13T09:59:29.757+0000] {dag.py:3490} INFO - Setting next_dagrun for example_branch_operator to 2025-03-12T00:00:00+00:00, run_after=2025-03-13T00:00:00+00:00
[2025-03-13T09:59:29.780+0000] {processor.py:179} INFO - Processing /home/airflow/.local/lib/python3.7/site-packages/airflow/example_dags/example_branch_operator.py took 0.096 seconds
[2025-03-13T10:00:00.132+0000] {processor.py:157} INFO - Started process (PID=2744) to work on /home/airflow/.local/lib/python3.7/site-packages/airflow/example_dags/example_branch_operator.py
[2025-03-13T10:00:00.133+0000] {processor.py:826} INFO - Processing file /home/airflow/.local/lib/python3.7/site-packages/airflow/example_dags/example_branch_operator.py for tasks to queue
[2025-03-13T10:00:00.134+0000] {logging_mixin.py:149} INFO - [2025-03-13T10:00:00.134+0000] {dagbag.py:541} INFO - Filling up the DagBag from /home/airflow/.local/lib/python3.7/site-packages/airflow/example_dags/example_branch_operator.py
[2025-03-13T10:00:00.142+0000] {processor.py:836} INFO - DAG(s) dict_keys(['example_branch_operator']) retrieved from /home/airflow/.local/lib/python3.7/site-packages/airflow/example_dags/example_branch_operator.py
[2025-03-13T10:00:00.168+0000] {logging_mixin.py:149} INFO - [2025-03-13T10:00:00.167+0000] {dag.py:2726} INFO - Sync 1 DAGs
[2025-03-13T10:00:00.191+0000] {logging_mixin.py:149} INFO - [2025-03-13T10:00:00.190+0000] {dag.py:3490} INFO - Setting next_dagrun for example_branch_operator to 2025-03-12T00:00:00+00:00, run_after=2025-03-13T00:00:00+00:00
[2025-03-13T10:00:00.212+0000] {processor.py:179} INFO - Processing /home/airflow/.local/lib/python3.7/site-packages/airflow/example_dags/example_branch_operator.py took 0.083 seconds
[2025-03-13T10:00:30.536+0000] {processor.py:157} INFO - Started process (PID=2835) to work on /home/airflow/.local/lib/python3.7/site-packages/airflow/example_dags/example_branch_operator.py
[2025-03-13T10:00:30.537+0000] {processor.py:826} INFO - Processing file /home/airflow/.local/lib/python3.7/site-packages/airflow/example_dags/example_branch_operator.py for tasks to queue
[2025-03-13T10:00:30.538+0000] {logging_mixin.py:149} INFO - [2025-03-13T10:00:30.538+0000] {dagbag.py:541} INFO - Filling up the DagBag from /home/airflow/.local/lib/python3.7/site-packages/airflow/example_dags/example_branch_operator.py
[2025-03-13T10:00:30.546+0000] {processor.py:836} INFO - DAG(s) dict_keys(['example_branch_operator']) retrieved from /home/airflow/.local/lib/python3.7/site-packages/airflow/example_dags/example_branch_operator.py
[2025-03-13T10:00:30.570+0000] {logging_mixin.py:149} INFO - [2025-03-13T10:00:30.570+0000] {dag.py:2726} INFO - Sync 1 DAGs
[2025-03-13T10:00:30.595+0000] {logging_mixin.py:149} INFO - [2025-03-13T10:00:30.595+0000] {dag.py:3490} INFO - Setting next_dagrun for example_branch_operator to 2025-03-12T00:00:00+00:00, run_after=2025-03-13T00:00:00+00:00
[2025-03-13T10:00:30.614+0000] {processor.py:179} INFO - Processing /home/airflow/.local/lib/python3.7/site-packages/airflow/example_dags/example_branch_operator.py took 0.080 seconds
[2025-03-13T10:01:01.201+0000] {processor.py:157} INFO - Started process (PID=2926) to work on /home/airflow/.local/lib/python3.7/site-packages/airflow/example_dags/example_branch_operator.py
[2025-03-13T10:01:01.202+0000] {processor.py:826} INFO - Processing file /home/airflow/.local/lib/python3.7/site-packages/airflow/example_dags/example_branch_operator.py for tasks to queue
[2025-03-13T10:01:01.203+0000] {logging_mixin.py:149} INFO - [2025-03-13T10:01:01.203+0000] {dagbag.py:541} INFO - Filling up the DagBag from /home/airflow/.local/lib/python3.7/site-packages/airflow/example_dags/example_branch_operator.py
[2025-03-13T10:01:01.213+0000] {processor.py:836} INFO - DAG(s) dict_keys(['example_branch_operator']) retrieved from /home/airflow/.local/lib/python3.7/site-packages/airflow/example_dags/example_branch_operator.py
[2025-03-13T10:01:01.245+0000] {logging_mixin.py:149} INFO - [2025-03-13T10:01:01.244+0000] {dag.py:2726} INFO - Sync 1 DAGs
[2025-03-13T10:01:01.274+0000] {logging_mixin.py:149} INFO - [2025-03-13T10:01:01.274+0000] {dag.py:3490} INFO - Setting next_dagrun for example_branch_operator to 2025-03-12T00:00:00+00:00, run_after=2025-03-13T00:00:00+00:00
[2025-03-13T10:01:01.298+0000] {processor.py:179} INFO - Processing /home/airflow/.local/lib/python3.7/site-packages/airflow/example_dags/example_branch_operator.py took 0.102 seconds
[2025-03-13T10:01:31.702+0000] {processor.py:157} INFO - Started process (PID=3017) to work on /home/airflow/.local/lib/python3.7/site-packages/airflow/example_dags/example_branch_operator.py
[2025-03-13T10:01:31.703+0000] {processor.py:826} INFO - Processing file /home/airflow/.local/lib/python3.7/site-packages/airflow/example_dags/example_branch_operator.py for tasks to queue
[2025-03-13T10:01:31.703+0000] {logging_mixin.py:149} INFO - [2025-03-13T10:01:31.703+0000] {dagbag.py:541} INFO - Filling up the DagBag from /home/airflow/.local/lib/python3.7/site-packages/airflow/example_dags/example_branch_operator.py
[2025-03-13T10:01:31.713+0000] {processor.py:836} INFO - DAG(s) dict_keys(['example_branch_operator']) retrieved from /home/airflow/.local/lib/python3.7/site-packages/airflow/example_dags/example_branch_operator.py
[2025-03-13T10:01:31.736+0000] {logging_mixin.py:149} INFO - [2025-03-13T10:01:31.736+0000] {dag.py:2726} INFO - Sync 1 DAGs
[2025-03-13T10:01:31.762+0000] {logging_mixin.py:149} INFO - [2025-03-13T10:01:31.761+0000] {dag.py:3490} INFO - Setting next_dagrun for example_branch_operator to 2025-03-12T00:00:00+00:00, run_after=2025-03-13T00:00:00+00:00
[2025-03-13T10:01:31.780+0000] {processor.py:179} INFO - Processing /home/airflow/.local/lib/python3.7/site-packages/airflow/example_dags/example_branch_operator.py took 0.082 seconds
[2025-03-13T10:02:02.247+0000] {processor.py:157} INFO - Started process (PID=3108) to work on /home/airflow/.local/lib/python3.7/site-packages/airflow/example_dags/example_branch_operator.py
[2025-03-13T10:02:02.248+0000] {processor.py:826} INFO - Processing file /home/airflow/.local/lib/python3.7/site-packages/airflow/example_dags/example_branch_operator.py for tasks to queue
[2025-03-13T10:02:02.248+0000] {logging_mixin.py:149} INFO - [2025-03-13T10:02:02.248+0000] {dagbag.py:541} INFO - Filling up the DagBag from /home/airflow/.local/lib/python3.7/site-packages/airflow/example_dags/example_branch_operator.py
[2025-03-13T10:02:02.258+0000] {processor.py:836} INFO - DAG(s) dict_keys(['example_branch_operator']) retrieved from /home/airflow/.local/lib/python3.7/site-packages/airflow/example_dags/example_branch_operator.py
[2025-03-13T10:02:02.286+0000] {logging_mixin.py:149} INFO - [2025-03-13T10:02:02.286+0000] {dag.py:2726} INFO - Sync 1 DAGs
[2025-03-13T10:02:02.312+0000] {logging_mixin.py:149} INFO - [2025-03-13T10:02:02.312+0000] {dag.py:3490} INFO - Setting next_dagrun for example_branch_operator to 2025-03-12T00:00:00+00:00, run_after=2025-03-13T00:00:00+00:00
[2025-03-13T10:02:02.329+0000] {processor.py:179} INFO - Processing /home/airflow/.local/lib/python3.7/site-packages/airflow/example_dags/example_branch_operator.py took 0.086 seconds
[2025-03-13T10:02:33.567+0000] {processor.py:157} INFO - Started process (PID=3199) to work on /home/airflow/.local/lib/python3.7/site-packages/airflow/example_dags/example_branch_operator.py
[2025-03-13T10:02:33.568+0000] {processor.py:826} INFO - Processing file /home/airflow/.local/lib/python3.7/site-packages/airflow/example_dags/example_branch_operator.py for tasks to queue
[2025-03-13T10:02:33.568+0000] {logging_mixin.py:149} INFO - [2025-03-13T10:02:33.568+0000] {dagbag.py:541} INFO - Filling up the DagBag from /home/airflow/.local/lib/python3.7/site-packages/airflow/example_dags/example_branch_operator.py
[2025-03-13T10:02:33.577+0000] {processor.py:836} INFO - DAG(s) dict_keys(['example_branch_operator']) retrieved from /home/airflow/.local/lib/python3.7/site-packages/airflow/example_dags/example_branch_operator.py
[2025-03-13T10:02:33.603+0000] {logging_mixin.py:149} INFO - [2025-03-13T10:02:33.603+0000] {dag.py:2726} INFO - Sync 1 DAGs
[2025-03-13T10:02:33.630+0000] {logging_mixin.py:149} INFO - [2025-03-13T10:02:33.630+0000] {dag.py:3490} INFO - Setting next_dagrun for example_branch_operator to 2025-03-12T00:00:00+00:00, run_after=2025-03-13T00:00:00+00:00
[2025-03-13T10:02:33.648+0000] {processor.py:179} INFO - Processing /home/airflow/.local/lib/python3.7/site-packages/airflow/example_dags/example_branch_operator.py took 0.085 seconds
[2025-03-13T10:03:04.937+0000] {processor.py:157} INFO - Started process (PID=3297) to work on /home/airflow/.local/lib/python3.7/site-packages/airflow/example_dags/example_branch_operator.py
[2025-03-13T10:03:04.938+0000] {processor.py:826} INFO - Processing file /home/airflow/.local/lib/python3.7/site-packages/airflow/example_dags/example_branch_operator.py for tasks to queue
[2025-03-13T10:03:04.939+0000] {logging_mixin.py:149} INFO - [2025-03-13T10:03:04.939+0000] {dagbag.py:541} INFO - Filling up the DagBag from /home/airflow/.local/lib/python3.7/site-packages/airflow/example_dags/example_branch_operator.py
[2025-03-13T10:03:04.948+0000] {processor.py:836} INFO - DAG(s) dict_keys(['example_branch_operator']) retrieved from /home/airflow/.local/lib/python3.7/site-packages/airflow/example_dags/example_branch_operator.py
[2025-03-13T10:03:04.976+0000] {logging_mixin.py:149} INFO - [2025-03-13T10:03:04.976+0000] {dag.py:2726} INFO - Sync 1 DAGs
[2025-03-13T10:03:05.008+0000] {logging_mixin.py:149} INFO - [2025-03-13T10:03:05.007+0000] {dag.py:3490} INFO - Setting next_dagrun for example_branch_operator to 2025-03-12T00:00:00+00:00, run_after=2025-03-13T00:00:00+00:00
[2025-03-13T10:03:05.028+0000] {processor.py:179} INFO - Processing /home/airflow/.local/lib/python3.7/site-packages/airflow/example_dags/example_branch_operator.py took 0.094 seconds
[2025-03-13T10:03:35.576+0000] {processor.py:157} INFO - Started process (PID=3388) to work on /home/airflow/.local/lib/python3.7/site-packages/airflow/example_dags/example_branch_operator.py
[2025-03-13T10:03:35.577+0000] {processor.py:826} INFO - Processing file /home/airflow/.local/lib/python3.7/site-packages/airflow/example_dags/example_branch_operator.py for tasks to queue
[2025-03-13T10:03:35.578+0000] {logging_mixin.py:149} INFO - [2025-03-13T10:03:35.578+0000] {dagbag.py:541} INFO - Filling up the DagBag from /home/airflow/.local/lib/python3.7/site-packages/airflow/example_dags/example_branch_operator.py
[2025-03-13T10:03:35.587+0000] {processor.py:836} INFO - DAG(s) dict_keys(['example_branch_operator']) retrieved from /home/airflow/.local/lib/python3.7/site-packages/airflow/example_dags/example_branch_operator.py
[2025-03-13T10:03:35.611+0000] {logging_mixin.py:149} INFO - [2025-03-13T10:03:35.611+0000] {dag.py:2726} INFO - Sync 1 DAGs
[2025-03-13T10:03:35.634+0000] {logging_mixin.py:149} INFO - [2025-03-13T10:03:35.634+0000] {dag.py:3490} INFO - Setting next_dagrun for example_branch_operator to 2025-03-12T00:00:00+00:00, run_after=2025-03-13T00:00:00+00:00
[2025-03-13T10:03:35.653+0000] {processor.py:179} INFO - Processing /home/airflow/.local/lib/python3.7/site-packages/airflow/example_dags/example_branch_operator.py took 0.080 seconds
[2025-03-13T10:04:05.917+0000] {processor.py:157} INFO - Started process (PID=3479) to work on /home/airflow/.local/lib/python3.7/site-packages/airflow/example_dags/example_branch_operator.py
[2025-03-13T10:04:05.918+0000] {processor.py:826} INFO - Processing file /home/airflow/.local/lib/python3.7/site-packages/airflow/example_dags/example_branch_operator.py for tasks to queue
[2025-03-13T10:04:05.919+0000] {logging_mixin.py:149} INFO - [2025-03-13T10:04:05.919+0000] {dagbag.py:541} INFO - Filling up the DagBag from /home/airflow/.local/lib/python3.7/site-packages/airflow/example_dags/example_branch_operator.py
[2025-03-13T10:04:05.927+0000] {processor.py:836} INFO - DAG(s) dict_keys(['example_branch_operator']) retrieved from /home/airflow/.local/lib/python3.7/site-packages/airflow/example_dags/example_branch_operator.py
[2025-03-13T10:04:05.952+0000] {logging_mixin.py:149} INFO - [2025-03-13T10:04:05.951+0000] {dag.py:2726} INFO - Sync 1 DAGs
[2025-03-13T10:04:05.975+0000] {logging_mixin.py:149} INFO - [2025-03-13T10:04:05.975+0000] {dag.py:3490} INFO - Setting next_dagrun for example_branch_operator to 2025-03-12T00:00:00+00:00, run_after=2025-03-13T00:00:00+00:00
[2025-03-13T10:04:05.995+0000] {processor.py:179} INFO - Processing /home/airflow/.local/lib/python3.7/site-packages/airflow/example_dags/example_branch_operator.py took 0.081 seconds
[2025-03-13T10:04:36.388+0000] {processor.py:157} INFO - Started process (PID=3570) to work on /home/airflow/.local/lib/python3.7/site-packages/airflow/example_dags/example_branch_operator.py
[2025-03-13T10:04:36.389+0000] {processor.py:826} INFO - Processing file /home/airflow/.local/lib/python3.7/site-packages/airflow/example_dags/example_branch_operator.py for tasks to queue
[2025-03-13T10:04:36.389+0000] {logging_mixin.py:149} INFO - [2025-03-13T10:04:36.389+0000] {dagbag.py:541} INFO - Filling up the DagBag from /home/airflow/.local/lib/python3.7/site-packages/airflow/example_dags/example_branch_operator.py
[2025-03-13T10:04:36.398+0000] {processor.py:836} INFO - DAG(s) dict_keys(['example_branch_operator']) retrieved from /home/airflow/.local/lib/python3.7/site-packages/airflow/example_dags/example_branch_operator.py
[2025-03-13T10:04:36.422+0000] {logging_mixin.py:149} INFO - [2025-03-13T10:04:36.422+0000] {dag.py:2726} INFO - Sync 1 DAGs
[2025-03-13T10:04:36.445+0000] {logging_mixin.py:149} INFO - [2025-03-13T10:04:36.445+0000] {dag.py:3490} INFO - Setting next_dagrun for example_branch_operator to 2025-03-12T00:00:00+00:00, run_after=2025-03-13T00:00:00+00:00
[2025-03-13T10:04:36.467+0000] {processor.py:179} INFO - Processing /home/airflow/.local/lib/python3.7/site-packages/airflow/example_dags/example_branch_operator.py took 0.082 seconds
[2025-03-13T10:05:07.313+0000] {processor.py:157} INFO - Started process (PID=3661) to work on /home/airflow/.local/lib/python3.7/site-packages/airflow/example_dags/example_branch_operator.py
[2025-03-13T10:05:07.314+0000] {processor.py:826} INFO - Processing file /home/airflow/.local/lib/python3.7/site-packages/airflow/example_dags/example_branch_operator.py for tasks to queue
[2025-03-13T10:05:07.315+0000] {logging_mixin.py:149} INFO - [2025-03-13T10:05:07.315+0000] {dagbag.py:541} INFO - Filling up the DagBag from /home/airflow/.local/lib/python3.7/site-packages/airflow/example_dags/example_branch_operator.py
[2025-03-13T10:05:07.323+0000] {processor.py:836} INFO - DAG(s) dict_keys(['example_branch_operator']) retrieved from /home/airflow/.local/lib/python3.7/site-packages/airflow/example_dags/example_branch_operator.py
[2025-03-13T10:05:07.347+0000] {logging_mixin.py:149} INFO - [2025-03-13T10:05:07.347+0000] {dag.py:2726} INFO - Sync 1 DAGs
[2025-03-13T10:05:07.370+0000] {logging_mixin.py:149} INFO - [2025-03-13T10:05:07.370+0000] {dag.py:3490} INFO - Setting next_dagrun for example_branch_operator to 2025-03-12T00:00:00+00:00, run_after=2025-03-13T00:00:00+00:00
[2025-03-13T10:05:07.387+0000] {processor.py:179} INFO - Processing /home/airflow/.local/lib/python3.7/site-packages/airflow/example_dags/example_branch_operator.py took 0.077 seconds
