[2025-03-13T09:45:03.861+0000] {processor.py:157} INFO - Started process (PID=116) to work on /home/airflow/.local/lib/python3.7/site-packages/airflow/example_dags/example_task_group.py
[2025-03-13T09:45:03.862+0000] {processor.py:826} INFO - Processing file /home/airflow/.local/lib/python3.7/site-packages/airflow/example_dags/example_task_group.py for tasks to queue
[2025-03-13T09:45:03.863+0000] {logging_mixin.py:149} INFO - [2025-03-13T09:45:03.863+0000] {dagbag.py:541} INFO - Filling up the DagBag from /home/airflow/.local/lib/python3.7/site-packages/airflow/example_dags/example_task_group.py
[2025-03-13T09:45:03.879+0000] {processor.py:836} INFO - DAG(s) dict_keys(['example_task_group']) retrieved from /home/airflow/.local/lib/python3.7/site-packages/airflow/example_dags/example_task_group.py
[2025-03-13T09:45:03.917+0000] {logging_mixin.py:149} INFO - [2025-03-13T09:45:03.917+0000] {dag.py:2726} INFO - Sync 1 DAGs
[2025-03-13T09:45:03.953+0000] {logging_mixin.py:149} INFO - [2025-03-13T09:45:03.953+0000] {dag.py:3490} INFO - Setting next_dagrun for example_task_group to 2025-03-12T09:45:03.953256+00:00, run_after=2025-03-13T09:45:03.953256+00:00
[2025-03-13T09:45:03.985+0000] {processor.py:179} INFO - Processing /home/airflow/.local/lib/python3.7/site-packages/airflow/example_dags/example_task_group.py took 0.129 seconds
[2025-03-13T09:45:34.300+0000] {processor.py:157} INFO - Started process (PID=224) to work on /home/airflow/.local/lib/python3.7/site-packages/airflow/example_dags/example_task_group.py
[2025-03-13T09:45:34.301+0000] {processor.py:826} INFO - Processing file /home/airflow/.local/lib/python3.7/site-packages/airflow/example_dags/example_task_group.py for tasks to queue
[2025-03-13T09:45:34.301+0000] {logging_mixin.py:149} INFO - [2025-03-13T09:45:34.301+0000] {dagbag.py:541} INFO - Filling up the DagBag from /home/airflow/.local/lib/python3.7/site-packages/airflow/example_dags/example_task_group.py
[2025-03-13T09:45:34.309+0000] {processor.py:836} INFO - DAG(s) dict_keys(['example_task_group']) retrieved from /home/airflow/.local/lib/python3.7/site-packages/airflow/example_dags/example_task_group.py
[2025-03-13T09:45:34.333+0000] {logging_mixin.py:149} INFO - [2025-03-13T09:45:34.333+0000] {dag.py:2726} INFO - Sync 1 DAGs
[2025-03-13T09:45:34.358+0000] {logging_mixin.py:149} INFO - [2025-03-13T09:45:34.357+0000] {dag.py:3490} INFO - Setting next_dagrun for example_task_group to 2025-03-12T09:45:34.357607+00:00, run_after=2025-03-13T09:45:34.357607+00:00
[2025-03-13T09:45:34.486+0000] {processor.py:179} INFO - Processing /home/airflow/.local/lib/python3.7/site-packages/airflow/example_dags/example_task_group.py took 0.190 seconds
[2025-03-13T09:46:06.112+0000] {processor.py:157} INFO - Started process (PID=315) to work on /home/airflow/.local/lib/python3.7/site-packages/airflow/example_dags/example_task_group.py
[2025-03-13T09:46:06.113+0000] {processor.py:826} INFO - Processing file /home/airflow/.local/lib/python3.7/site-packages/airflow/example_dags/example_task_group.py for tasks to queue
[2025-03-13T09:46:06.113+0000] {logging_mixin.py:149} INFO - [2025-03-13T09:46:06.113+0000] {dagbag.py:541} INFO - Filling up the DagBag from /home/airflow/.local/lib/python3.7/site-packages/airflow/example_dags/example_task_group.py
[2025-03-13T09:46:06.120+0000] {processor.py:836} INFO - DAG(s) dict_keys(['example_task_group']) retrieved from /home/airflow/.local/lib/python3.7/site-packages/airflow/example_dags/example_task_group.py
[2025-03-13T09:46:06.243+0000] {logging_mixin.py:149} INFO - [2025-03-13T09:46:06.243+0000] {dag.py:2726} INFO - Sync 1 DAGs
[2025-03-13T09:46:06.263+0000] {logging_mixin.py:149} INFO - [2025-03-13T09:46:06.263+0000] {dag.py:3490} INFO - Setting next_dagrun for example_task_group to 2025-03-12T09:46:06.263112+00:00, run_after=2025-03-13T09:46:06.263112+00:00
[2025-03-13T09:46:06.280+0000] {processor.py:179} INFO - Processing /home/airflow/.local/lib/python3.7/site-packages/airflow/example_dags/example_task_group.py took 0.172 seconds
[2025-03-13T09:46:36.831+0000] {processor.py:157} INFO - Started process (PID=406) to work on /home/airflow/.local/lib/python3.7/site-packages/airflow/example_dags/example_task_group.py
[2025-03-13T09:46:36.833+0000] {processor.py:826} INFO - Processing file /home/airflow/.local/lib/python3.7/site-packages/airflow/example_dags/example_task_group.py for tasks to queue
[2025-03-13T09:46:36.833+0000] {logging_mixin.py:149} INFO - [2025-03-13T09:46:36.833+0000] {dagbag.py:541} INFO - Filling up the DagBag from /home/airflow/.local/lib/python3.7/site-packages/airflow/example_dags/example_task_group.py
[2025-03-13T09:46:36.841+0000] {processor.py:836} INFO - DAG(s) dict_keys(['example_task_group']) retrieved from /home/airflow/.local/lib/python3.7/site-packages/airflow/example_dags/example_task_group.py
[2025-03-13T09:46:36.865+0000] {logging_mixin.py:149} INFO - [2025-03-13T09:46:36.864+0000] {dag.py:2726} INFO - Sync 1 DAGs
[2025-03-13T09:46:36.889+0000] {logging_mixin.py:149} INFO - [2025-03-13T09:46:36.889+0000] {dag.py:3490} INFO - Setting next_dagrun for example_task_group to 2025-03-12T09:46:36.889115+00:00, run_after=2025-03-13T09:46:36.889115+00:00
[2025-03-13T09:46:36.908+0000] {processor.py:179} INFO - Processing /home/airflow/.local/lib/python3.7/site-packages/airflow/example_dags/example_task_group.py took 0.080 seconds
[2025-03-13T09:47:07.715+0000] {processor.py:157} INFO - Started process (PID=497) to work on /home/airflow/.local/lib/python3.7/site-packages/airflow/example_dags/example_task_group.py
[2025-03-13T09:47:07.716+0000] {processor.py:826} INFO - Processing file /home/airflow/.local/lib/python3.7/site-packages/airflow/example_dags/example_task_group.py for tasks to queue
[2025-03-13T09:47:07.717+0000] {logging_mixin.py:149} INFO - [2025-03-13T09:47:07.717+0000] {dagbag.py:541} INFO - Filling up the DagBag from /home/airflow/.local/lib/python3.7/site-packages/airflow/example_dags/example_task_group.py
[2025-03-13T09:47:07.724+0000] {processor.py:836} INFO - DAG(s) dict_keys(['example_task_group']) retrieved from /home/airflow/.local/lib/python3.7/site-packages/airflow/example_dags/example_task_group.py
[2025-03-13T09:47:07.747+0000] {logging_mixin.py:149} INFO - [2025-03-13T09:47:07.747+0000] {dag.py:2726} INFO - Sync 1 DAGs
[2025-03-13T09:47:07.771+0000] {logging_mixin.py:149} INFO - [2025-03-13T09:47:07.770+0000] {dag.py:3490} INFO - Setting next_dagrun for example_task_group to 2025-03-12T09:47:07.770649+00:00, run_after=2025-03-13T09:47:07.770649+00:00
[2025-03-13T09:47:07.790+0000] {processor.py:179} INFO - Processing /home/airflow/.local/lib/python3.7/site-packages/airflow/example_dags/example_task_group.py took 0.078 seconds
[2025-03-13T09:47:37.905+0000] {processor.py:157} INFO - Started process (PID=589) to work on /home/airflow/.local/lib/python3.7/site-packages/airflow/example_dags/example_task_group.py
[2025-03-13T09:47:37.906+0000] {processor.py:826} INFO - Processing file /home/airflow/.local/lib/python3.7/site-packages/airflow/example_dags/example_task_group.py for tasks to queue
[2025-03-13T09:47:37.907+0000] {logging_mixin.py:149} INFO - [2025-03-13T09:47:37.907+0000] {dagbag.py:541} INFO - Filling up the DagBag from /home/airflow/.local/lib/python3.7/site-packages/airflow/example_dags/example_task_group.py
[2025-03-13T09:47:37.916+0000] {processor.py:836} INFO - DAG(s) dict_keys(['example_task_group']) retrieved from /home/airflow/.local/lib/python3.7/site-packages/airflow/example_dags/example_task_group.py
[2025-03-13T09:47:37.941+0000] {logging_mixin.py:149} INFO - [2025-03-13T09:47:37.941+0000] {dag.py:2726} INFO - Sync 1 DAGs
[2025-03-13T09:47:37.965+0000] {logging_mixin.py:149} INFO - [2025-03-13T09:47:37.965+0000] {dag.py:3490} INFO - Setting next_dagrun for example_task_group to 2025-03-12T09:47:37.964969+00:00, run_after=2025-03-13T09:47:37.964969+00:00
[2025-03-13T09:47:37.985+0000] {processor.py:179} INFO - Processing /home/airflow/.local/lib/python3.7/site-packages/airflow/example_dags/example_task_group.py took 0.084 seconds
[2025-03-13T09:48:09.008+0000] {processor.py:157} INFO - Started process (PID=680) to work on /home/airflow/.local/lib/python3.7/site-packages/airflow/example_dags/example_task_group.py
[2025-03-13T09:48:09.009+0000] {processor.py:826} INFO - Processing file /home/airflow/.local/lib/python3.7/site-packages/airflow/example_dags/example_task_group.py for tasks to queue
[2025-03-13T09:48:09.009+0000] {logging_mixin.py:149} INFO - [2025-03-13T09:48:09.009+0000] {dagbag.py:541} INFO - Filling up the DagBag from /home/airflow/.local/lib/python3.7/site-packages/airflow/example_dags/example_task_group.py
[2025-03-13T09:48:09.018+0000] {processor.py:836} INFO - DAG(s) dict_keys(['example_task_group']) retrieved from /home/airflow/.local/lib/python3.7/site-packages/airflow/example_dags/example_task_group.py
[2025-03-13T09:48:09.044+0000] {logging_mixin.py:149} INFO - [2025-03-13T09:48:09.044+0000] {dag.py:2726} INFO - Sync 1 DAGs
[2025-03-13T09:48:09.069+0000] {logging_mixin.py:149} INFO - [2025-03-13T09:48:09.069+0000] {dag.py:3490} INFO - Setting next_dagrun for example_task_group to 2025-03-12T09:48:09.069206+00:00, run_after=2025-03-13T09:48:09.069206+00:00
[2025-03-13T09:48:09.089+0000] {processor.py:179} INFO - Processing /home/airflow/.local/lib/python3.7/site-packages/airflow/example_dags/example_task_group.py took 0.085 seconds
[2025-03-13T09:48:39.560+0000] {processor.py:157} INFO - Started process (PID=771) to work on /home/airflow/.local/lib/python3.7/site-packages/airflow/example_dags/example_task_group.py
[2025-03-13T09:48:39.561+0000] {processor.py:826} INFO - Processing file /home/airflow/.local/lib/python3.7/site-packages/airflow/example_dags/example_task_group.py for tasks to queue
[2025-03-13T09:48:39.562+0000] {logging_mixin.py:149} INFO - [2025-03-13T09:48:39.561+0000] {dagbag.py:541} INFO - Filling up the DagBag from /home/airflow/.local/lib/python3.7/site-packages/airflow/example_dags/example_task_group.py
[2025-03-13T09:48:39.570+0000] {processor.py:836} INFO - DAG(s) dict_keys(['example_task_group']) retrieved from /home/airflow/.local/lib/python3.7/site-packages/airflow/example_dags/example_task_group.py
[2025-03-13T09:48:39.597+0000] {logging_mixin.py:149} INFO - [2025-03-13T09:48:39.597+0000] {dag.py:2726} INFO - Sync 1 DAGs
[2025-03-13T09:48:39.623+0000] {logging_mixin.py:149} INFO - [2025-03-13T09:48:39.623+0000] {dag.py:3490} INFO - Setting next_dagrun for example_task_group to 2025-03-12T09:48:39.623208+00:00, run_after=2025-03-13T09:48:39.623208+00:00
[2025-03-13T09:48:39.644+0000] {processor.py:179} INFO - Processing /home/airflow/.local/lib/python3.7/site-packages/airflow/example_dags/example_task_group.py took 0.088 seconds
[2025-03-13T09:49:10.604+0000] {processor.py:157} INFO - Started process (PID=862) to work on /home/airflow/.local/lib/python3.7/site-packages/airflow/example_dags/example_task_group.py
[2025-03-13T09:49:10.605+0000] {processor.py:826} INFO - Processing file /home/airflow/.local/lib/python3.7/site-packages/airflow/example_dags/example_task_group.py for tasks to queue
[2025-03-13T09:49:10.605+0000] {logging_mixin.py:149} INFO - [2025-03-13T09:49:10.605+0000] {dagbag.py:541} INFO - Filling up the DagBag from /home/airflow/.local/lib/python3.7/site-packages/airflow/example_dags/example_task_group.py
[2025-03-13T09:49:10.613+0000] {processor.py:836} INFO - DAG(s) dict_keys(['example_task_group']) retrieved from /home/airflow/.local/lib/python3.7/site-packages/airflow/example_dags/example_task_group.py
[2025-03-13T09:49:10.636+0000] {logging_mixin.py:149} INFO - [2025-03-13T09:49:10.636+0000] {dag.py:2726} INFO - Sync 1 DAGs
[2025-03-13T09:49:10.657+0000] {logging_mixin.py:149} INFO - [2025-03-13T09:49:10.657+0000] {dag.py:3490} INFO - Setting next_dagrun for example_task_group to 2025-03-12T09:49:10.657614+00:00, run_after=2025-03-13T09:49:10.657614+00:00
[2025-03-13T09:49:10.675+0000] {processor.py:179} INFO - Processing /home/airflow/.local/lib/python3.7/site-packages/airflow/example_dags/example_task_group.py took 0.074 seconds
[2025-03-13T09:49:41.761+0000] {processor.py:157} INFO - Started process (PID=953) to work on /home/airflow/.local/lib/python3.7/site-packages/airflow/example_dags/example_task_group.py
[2025-03-13T09:49:41.762+0000] {processor.py:826} INFO - Processing file /home/airflow/.local/lib/python3.7/site-packages/airflow/example_dags/example_task_group.py for tasks to queue
[2025-03-13T09:49:41.762+0000] {logging_mixin.py:149} INFO - [2025-03-13T09:49:41.762+0000] {dagbag.py:541} INFO - Filling up the DagBag from /home/airflow/.local/lib/python3.7/site-packages/airflow/example_dags/example_task_group.py
[2025-03-13T09:49:41.769+0000] {processor.py:836} INFO - DAG(s) dict_keys(['example_task_group']) retrieved from /home/airflow/.local/lib/python3.7/site-packages/airflow/example_dags/example_task_group.py
[2025-03-13T09:49:41.791+0000] {logging_mixin.py:149} INFO - [2025-03-13T09:49:41.791+0000] {dag.py:2726} INFO - Sync 1 DAGs
[2025-03-13T09:49:41.813+0000] {logging_mixin.py:149} INFO - [2025-03-13T09:49:41.813+0000] {dag.py:3490} INFO - Setting next_dagrun for example_task_group to 2025-03-12T09:49:41.812848+00:00, run_after=2025-03-13T09:49:41.812848+00:00
[2025-03-13T09:49:41.830+0000] {processor.py:179} INFO - Processing /home/airflow/.local/lib/python3.7/site-packages/airflow/example_dags/example_task_group.py took 0.072 seconds
[2025-03-13T09:50:13.144+0000] {processor.py:157} INFO - Started process (PID=1044) to work on /home/airflow/.local/lib/python3.7/site-packages/airflow/example_dags/example_task_group.py
[2025-03-13T09:50:13.145+0000] {processor.py:826} INFO - Processing file /home/airflow/.local/lib/python3.7/site-packages/airflow/example_dags/example_task_group.py for tasks to queue
[2025-03-13T09:50:13.145+0000] {logging_mixin.py:149} INFO - [2025-03-13T09:50:13.145+0000] {dagbag.py:541} INFO - Filling up the DagBag from /home/airflow/.local/lib/python3.7/site-packages/airflow/example_dags/example_task_group.py
[2025-03-13T09:50:13.152+0000] {processor.py:836} INFO - DAG(s) dict_keys(['example_task_group']) retrieved from /home/airflow/.local/lib/python3.7/site-packages/airflow/example_dags/example_task_group.py
[2025-03-13T09:50:13.175+0000] {logging_mixin.py:149} INFO - [2025-03-13T09:50:13.175+0000] {dag.py:2726} INFO - Sync 1 DAGs
[2025-03-13T09:50:13.196+0000] {logging_mixin.py:149} INFO - [2025-03-13T09:50:13.196+0000] {dag.py:3490} INFO - Setting next_dagrun for example_task_group to 2025-03-12T09:50:13.196485+00:00, run_after=2025-03-13T09:50:13.196485+00:00
[2025-03-13T09:50:13.214+0000] {processor.py:179} INFO - Processing /home/airflow/.local/lib/python3.7/site-packages/airflow/example_dags/example_task_group.py took 0.074 seconds
[2025-03-13T09:50:44.099+0000] {processor.py:157} INFO - Started process (PID=1135) to work on /home/airflow/.local/lib/python3.7/site-packages/airflow/example_dags/example_task_group.py
[2025-03-13T09:50:44.100+0000] {processor.py:826} INFO - Processing file /home/airflow/.local/lib/python3.7/site-packages/airflow/example_dags/example_task_group.py for tasks to queue
[2025-03-13T09:50:44.101+0000] {logging_mixin.py:149} INFO - [2025-03-13T09:50:44.101+0000] {dagbag.py:541} INFO - Filling up the DagBag from /home/airflow/.local/lib/python3.7/site-packages/airflow/example_dags/example_task_group.py
[2025-03-13T09:50:44.108+0000] {processor.py:836} INFO - DAG(s) dict_keys(['example_task_group']) retrieved from /home/airflow/.local/lib/python3.7/site-packages/airflow/example_dags/example_task_group.py
[2025-03-13T09:50:44.130+0000] {logging_mixin.py:149} INFO - [2025-03-13T09:50:44.130+0000] {dag.py:2726} INFO - Sync 1 DAGs
[2025-03-13T09:50:44.151+0000] {logging_mixin.py:149} INFO - [2025-03-13T09:50:44.151+0000] {dag.py:3490} INFO - Setting next_dagrun for example_task_group to 2025-03-12T09:50:44.151230+00:00, run_after=2025-03-13T09:50:44.151230+00:00
[2025-03-13T09:50:44.168+0000] {processor.py:179} INFO - Processing /home/airflow/.local/lib/python3.7/site-packages/airflow/example_dags/example_task_group.py took 0.072 seconds
[2025-03-13T09:51:15.710+0000] {processor.py:157} INFO - Started process (PID=1226) to work on /home/airflow/.local/lib/python3.7/site-packages/airflow/example_dags/example_task_group.py
[2025-03-13T09:51:15.711+0000] {processor.py:826} INFO - Processing file /home/airflow/.local/lib/python3.7/site-packages/airflow/example_dags/example_task_group.py for tasks to queue
[2025-03-13T09:51:15.711+0000] {logging_mixin.py:149} INFO - [2025-03-13T09:51:15.711+0000] {dagbag.py:541} INFO - Filling up the DagBag from /home/airflow/.local/lib/python3.7/site-packages/airflow/example_dags/example_task_group.py
[2025-03-13T09:51:15.718+0000] {processor.py:836} INFO - DAG(s) dict_keys(['example_task_group']) retrieved from /home/airflow/.local/lib/python3.7/site-packages/airflow/example_dags/example_task_group.py
[2025-03-13T09:51:15.744+0000] {logging_mixin.py:149} INFO - [2025-03-13T09:51:15.744+0000] {dag.py:2726} INFO - Sync 1 DAGs
[2025-03-13T09:51:15.768+0000] {logging_mixin.py:149} INFO - [2025-03-13T09:51:15.768+0000] {dag.py:3490} INFO - Setting next_dagrun for example_task_group to 2025-03-12T09:51:15.768177+00:00, run_after=2025-03-13T09:51:15.768177+00:00
[2025-03-13T09:51:15.787+0000] {processor.py:179} INFO - Processing /home/airflow/.local/lib/python3.7/site-packages/airflow/example_dags/example_task_group.py took 0.081 seconds
[2025-03-13T09:51:47.027+0000] {processor.py:157} INFO - Started process (PID=1317) to work on /home/airflow/.local/lib/python3.7/site-packages/airflow/example_dags/example_task_group.py
[2025-03-13T09:51:47.028+0000] {processor.py:826} INFO - Processing file /home/airflow/.local/lib/python3.7/site-packages/airflow/example_dags/example_task_group.py for tasks to queue
[2025-03-13T09:51:47.028+0000] {logging_mixin.py:149} INFO - [2025-03-13T09:51:47.028+0000] {dagbag.py:541} INFO - Filling up the DagBag from /home/airflow/.local/lib/python3.7/site-packages/airflow/example_dags/example_task_group.py
[2025-03-13T09:51:47.036+0000] {processor.py:836} INFO - DAG(s) dict_keys(['example_task_group']) retrieved from /home/airflow/.local/lib/python3.7/site-packages/airflow/example_dags/example_task_group.py
[2025-03-13T09:51:47.058+0000] {logging_mixin.py:149} INFO - [2025-03-13T09:51:47.058+0000] {dag.py:2726} INFO - Sync 1 DAGs
[2025-03-13T09:51:47.083+0000] {logging_mixin.py:149} INFO - [2025-03-13T09:51:47.082+0000] {dag.py:3490} INFO - Setting next_dagrun for example_task_group to 2025-03-12T09:51:47.082661+00:00, run_after=2025-03-13T09:51:47.082661+00:00
[2025-03-13T09:51:47.103+0000] {processor.py:179} INFO - Processing /home/airflow/.local/lib/python3.7/site-packages/airflow/example_dags/example_task_group.py took 0.079 seconds
[2025-03-13T09:52:18.442+0000] {processor.py:157} INFO - Started process (PID=1408) to work on /home/airflow/.local/lib/python3.7/site-packages/airflow/example_dags/example_task_group.py
[2025-03-13T09:52:18.443+0000] {processor.py:826} INFO - Processing file /home/airflow/.local/lib/python3.7/site-packages/airflow/example_dags/example_task_group.py for tasks to queue
[2025-03-13T09:52:18.444+0000] {logging_mixin.py:149} INFO - [2025-03-13T09:52:18.444+0000] {dagbag.py:541} INFO - Filling up the DagBag from /home/airflow/.local/lib/python3.7/site-packages/airflow/example_dags/example_task_group.py
[2025-03-13T09:52:18.451+0000] {processor.py:836} INFO - DAG(s) dict_keys(['example_task_group']) retrieved from /home/airflow/.local/lib/python3.7/site-packages/airflow/example_dags/example_task_group.py
[2025-03-13T09:52:18.476+0000] {logging_mixin.py:149} INFO - [2025-03-13T09:52:18.476+0000] {dag.py:2726} INFO - Sync 1 DAGs
[2025-03-13T09:52:18.501+0000] {logging_mixin.py:149} INFO - [2025-03-13T09:52:18.501+0000] {dag.py:3490} INFO - Setting next_dagrun for example_task_group to 2025-03-12T09:52:18.500952+00:00, run_after=2025-03-13T09:52:18.500952+00:00
[2025-03-13T09:52:18.520+0000] {processor.py:179} INFO - Processing /home/airflow/.local/lib/python3.7/site-packages/airflow/example_dags/example_task_group.py took 0.082 seconds
[2025-03-13T09:52:49.579+0000] {processor.py:157} INFO - Started process (PID=1499) to work on /home/airflow/.local/lib/python3.7/site-packages/airflow/example_dags/example_task_group.py
[2025-03-13T09:52:49.580+0000] {processor.py:826} INFO - Processing file /home/airflow/.local/lib/python3.7/site-packages/airflow/example_dags/example_task_group.py for tasks to queue
[2025-03-13T09:52:49.581+0000] {logging_mixin.py:149} INFO - [2025-03-13T09:52:49.581+0000] {dagbag.py:541} INFO - Filling up the DagBag from /home/airflow/.local/lib/python3.7/site-packages/airflow/example_dags/example_task_group.py
[2025-03-13T09:52:49.589+0000] {processor.py:836} INFO - DAG(s) dict_keys(['example_task_group']) retrieved from /home/airflow/.local/lib/python3.7/site-packages/airflow/example_dags/example_task_group.py
[2025-03-13T09:52:49.614+0000] {logging_mixin.py:149} INFO - [2025-03-13T09:52:49.614+0000] {dag.py:2726} INFO - Sync 1 DAGs
[2025-03-13T09:52:49.640+0000] {logging_mixin.py:149} INFO - [2025-03-13T09:52:49.640+0000] {dag.py:3490} INFO - Setting next_dagrun for example_task_group to 2025-03-12T09:52:49.640178+00:00, run_after=2025-03-13T09:52:49.640178+00:00
[2025-03-13T09:52:49.657+0000] {processor.py:179} INFO - Processing /home/airflow/.local/lib/python3.7/site-packages/airflow/example_dags/example_task_group.py took 0.081 seconds
[2025-03-13T09:53:20.026+0000] {processor.py:157} INFO - Started process (PID=1590) to work on /home/airflow/.local/lib/python3.7/site-packages/airflow/example_dags/example_task_group.py
[2025-03-13T09:53:20.027+0000] {processor.py:826} INFO - Processing file /home/airflow/.local/lib/python3.7/site-packages/airflow/example_dags/example_task_group.py for tasks to queue
[2025-03-13T09:53:20.028+0000] {logging_mixin.py:149} INFO - [2025-03-13T09:53:20.027+0000] {dagbag.py:541} INFO - Filling up the DagBag from /home/airflow/.local/lib/python3.7/site-packages/airflow/example_dags/example_task_group.py
[2025-03-13T09:53:20.035+0000] {processor.py:836} INFO - DAG(s) dict_keys(['example_task_group']) retrieved from /home/airflow/.local/lib/python3.7/site-packages/airflow/example_dags/example_task_group.py
[2025-03-13T09:53:20.059+0000] {logging_mixin.py:149} INFO - [2025-03-13T09:53:20.059+0000] {dag.py:2726} INFO - Sync 1 DAGs
[2025-03-13T09:53:20.083+0000] {logging_mixin.py:149} INFO - [2025-03-13T09:53:20.083+0000] {dag.py:3490} INFO - Setting next_dagrun for example_task_group to 2025-03-12T09:53:20.082944+00:00, run_after=2025-03-13T09:53:20.082944+00:00
[2025-03-13T09:53:20.101+0000] {processor.py:179} INFO - Processing /home/airflow/.local/lib/python3.7/site-packages/airflow/example_dags/example_task_group.py took 0.078 seconds
[2025-03-13T09:53:51.377+0000] {processor.py:157} INFO - Started process (PID=1681) to work on /home/airflow/.local/lib/python3.7/site-packages/airflow/example_dags/example_task_group.py
[2025-03-13T09:53:51.378+0000] {processor.py:826} INFO - Processing file /home/airflow/.local/lib/python3.7/site-packages/airflow/example_dags/example_task_group.py for tasks to queue
[2025-03-13T09:53:51.379+0000] {logging_mixin.py:149} INFO - [2025-03-13T09:53:51.379+0000] {dagbag.py:541} INFO - Filling up the DagBag from /home/airflow/.local/lib/python3.7/site-packages/airflow/example_dags/example_task_group.py
[2025-03-13T09:53:51.386+0000] {processor.py:836} INFO - DAG(s) dict_keys(['example_task_group']) retrieved from /home/airflow/.local/lib/python3.7/site-packages/airflow/example_dags/example_task_group.py
[2025-03-13T09:53:51.413+0000] {logging_mixin.py:149} INFO - [2025-03-13T09:53:51.412+0000] {dag.py:2726} INFO - Sync 1 DAGs
[2025-03-13T09:53:51.435+0000] {logging_mixin.py:149} INFO - [2025-03-13T09:53:51.435+0000] {dag.py:3490} INFO - Setting next_dagrun for example_task_group to 2025-03-12T09:53:51.435419+00:00, run_after=2025-03-13T09:53:51.435419+00:00
[2025-03-13T09:53:51.454+0000] {processor.py:179} INFO - Processing /home/airflow/.local/lib/python3.7/site-packages/airflow/example_dags/example_task_group.py took 0.082 seconds
[2025-03-13T09:54:22.619+0000] {processor.py:157} INFO - Started process (PID=1772) to work on /home/airflow/.local/lib/python3.7/site-packages/airflow/example_dags/example_task_group.py
[2025-03-13T09:54:22.620+0000] {processor.py:826} INFO - Processing file /home/airflow/.local/lib/python3.7/site-packages/airflow/example_dags/example_task_group.py for tasks to queue
[2025-03-13T09:54:22.621+0000] {logging_mixin.py:149} INFO - [2025-03-13T09:54:22.621+0000] {dagbag.py:541} INFO - Filling up the DagBag from /home/airflow/.local/lib/python3.7/site-packages/airflow/example_dags/example_task_group.py
[2025-03-13T09:54:22.628+0000] {processor.py:836} INFO - DAG(s) dict_keys(['example_task_group']) retrieved from /home/airflow/.local/lib/python3.7/site-packages/airflow/example_dags/example_task_group.py
[2025-03-13T09:54:22.651+0000] {logging_mixin.py:149} INFO - [2025-03-13T09:54:22.651+0000] {dag.py:2726} INFO - Sync 1 DAGs
[2025-03-13T09:54:22.675+0000] {logging_mixin.py:149} INFO - [2025-03-13T09:54:22.675+0000] {dag.py:3490} INFO - Setting next_dagrun for example_task_group to 2025-03-12T09:54:22.675539+00:00, run_after=2025-03-13T09:54:22.675539+00:00
[2025-03-13T09:54:22.695+0000] {processor.py:179} INFO - Processing /home/airflow/.local/lib/python3.7/site-packages/airflow/example_dags/example_task_group.py took 0.079 seconds
[2025-03-13T09:54:53.981+0000] {processor.py:157} INFO - Started process (PID=1863) to work on /home/airflow/.local/lib/python3.7/site-packages/airflow/example_dags/example_task_group.py
[2025-03-13T09:54:53.982+0000] {processor.py:826} INFO - Processing file /home/airflow/.local/lib/python3.7/site-packages/airflow/example_dags/example_task_group.py for tasks to queue
[2025-03-13T09:54:53.983+0000] {logging_mixin.py:149} INFO - [2025-03-13T09:54:53.983+0000] {dagbag.py:541} INFO - Filling up the DagBag from /home/airflow/.local/lib/python3.7/site-packages/airflow/example_dags/example_task_group.py
[2025-03-13T09:54:53.990+0000] {processor.py:836} INFO - DAG(s) dict_keys(['example_task_group']) retrieved from /home/airflow/.local/lib/python3.7/site-packages/airflow/example_dags/example_task_group.py
[2025-03-13T09:54:54.013+0000] {logging_mixin.py:149} INFO - [2025-03-13T09:54:54.013+0000] {dag.py:2726} INFO - Sync 1 DAGs
[2025-03-13T09:54:54.036+0000] {logging_mixin.py:149} INFO - [2025-03-13T09:54:54.036+0000] {dag.py:3490} INFO - Setting next_dagrun for example_task_group to 2025-03-12T09:54:54.036324+00:00, run_after=2025-03-13T09:54:54.036324+00:00
[2025-03-13T09:54:54.053+0000] {processor.py:179} INFO - Processing /home/airflow/.local/lib/python3.7/site-packages/airflow/example_dags/example_task_group.py took 0.075 seconds
[2025-03-13T09:55:25.158+0000] {processor.py:157} INFO - Started process (PID=1954) to work on /home/airflow/.local/lib/python3.7/site-packages/airflow/example_dags/example_task_group.py
[2025-03-13T09:55:25.159+0000] {processor.py:826} INFO - Processing file /home/airflow/.local/lib/python3.7/site-packages/airflow/example_dags/example_task_group.py for tasks to queue
[2025-03-13T09:55:25.159+0000] {logging_mixin.py:149} INFO - [2025-03-13T09:55:25.159+0000] {dagbag.py:541} INFO - Filling up the DagBag from /home/airflow/.local/lib/python3.7/site-packages/airflow/example_dags/example_task_group.py
[2025-03-13T09:55:25.167+0000] {processor.py:836} INFO - DAG(s) dict_keys(['example_task_group']) retrieved from /home/airflow/.local/lib/python3.7/site-packages/airflow/example_dags/example_task_group.py
[2025-03-13T09:55:25.190+0000] {logging_mixin.py:149} INFO - [2025-03-13T09:55:25.190+0000] {dag.py:2726} INFO - Sync 1 DAGs
[2025-03-13T09:55:25.211+0000] {logging_mixin.py:149} INFO - [2025-03-13T09:55:25.211+0000] {dag.py:3490} INFO - Setting next_dagrun for example_task_group to 2025-03-12T09:55:25.211548+00:00, run_after=2025-03-13T09:55:25.211548+00:00
[2025-03-13T09:55:25.229+0000] {processor.py:179} INFO - Processing /home/airflow/.local/lib/python3.7/site-packages/airflow/example_dags/example_task_group.py took 0.074 seconds
[2025-03-13T09:55:56.590+0000] {processor.py:157} INFO - Started process (PID=2045) to work on /home/airflow/.local/lib/python3.7/site-packages/airflow/example_dags/example_task_group.py
[2025-03-13T09:55:56.591+0000] {processor.py:826} INFO - Processing file /home/airflow/.local/lib/python3.7/site-packages/airflow/example_dags/example_task_group.py for tasks to queue
[2025-03-13T09:55:56.592+0000] {logging_mixin.py:149} INFO - [2025-03-13T09:55:56.592+0000] {dagbag.py:541} INFO - Filling up the DagBag from /home/airflow/.local/lib/python3.7/site-packages/airflow/example_dags/example_task_group.py
[2025-03-13T09:55:56.599+0000] {processor.py:836} INFO - DAG(s) dict_keys(['example_task_group']) retrieved from /home/airflow/.local/lib/python3.7/site-packages/airflow/example_dags/example_task_group.py
[2025-03-13T09:55:56.622+0000] {logging_mixin.py:149} INFO - [2025-03-13T09:55:56.621+0000] {dag.py:2726} INFO - Sync 1 DAGs
[2025-03-13T09:55:56.644+0000] {logging_mixin.py:149} INFO - [2025-03-13T09:55:56.644+0000] {dag.py:3490} INFO - Setting next_dagrun for example_task_group to 2025-03-12T09:55:56.643794+00:00, run_after=2025-03-13T09:55:56.643794+00:00
[2025-03-13T09:55:56.662+0000] {processor.py:179} INFO - Processing /home/airflow/.local/lib/python3.7/site-packages/airflow/example_dags/example_task_group.py took 0.075 seconds
[2025-03-13T09:56:26.966+0000] {processor.py:157} INFO - Started process (PID=2136) to work on /home/airflow/.local/lib/python3.7/site-packages/airflow/example_dags/example_task_group.py
[2025-03-13T09:56:26.967+0000] {processor.py:826} INFO - Processing file /home/airflow/.local/lib/python3.7/site-packages/airflow/example_dags/example_task_group.py for tasks to queue
[2025-03-13T09:56:26.968+0000] {logging_mixin.py:149} INFO - [2025-03-13T09:56:26.968+0000] {dagbag.py:541} INFO - Filling up the DagBag from /home/airflow/.local/lib/python3.7/site-packages/airflow/example_dags/example_task_group.py
[2025-03-13T09:56:26.975+0000] {processor.py:836} INFO - DAG(s) dict_keys(['example_task_group']) retrieved from /home/airflow/.local/lib/python3.7/site-packages/airflow/example_dags/example_task_group.py
[2025-03-13T09:56:26.998+0000] {logging_mixin.py:149} INFO - [2025-03-13T09:56:26.997+0000] {dag.py:2726} INFO - Sync 1 DAGs
[2025-03-13T09:56:27.019+0000] {logging_mixin.py:149} INFO - [2025-03-13T09:56:27.019+0000] {dag.py:3490} INFO - Setting next_dagrun for example_task_group to 2025-03-12T09:56:27.018826+00:00, run_after=2025-03-13T09:56:27.018826+00:00
[2025-03-13T09:56:27.036+0000] {processor.py:179} INFO - Processing /home/airflow/.local/lib/python3.7/site-packages/airflow/example_dags/example_task_group.py took 0.073 seconds
[2025-03-13T09:56:57.532+0000] {processor.py:157} INFO - Started process (PID=2227) to work on /home/airflow/.local/lib/python3.7/site-packages/airflow/example_dags/example_task_group.py
[2025-03-13T09:56:57.534+0000] {processor.py:826} INFO - Processing file /home/airflow/.local/lib/python3.7/site-packages/airflow/example_dags/example_task_group.py for tasks to queue
[2025-03-13T09:56:57.535+0000] {logging_mixin.py:149} INFO - [2025-03-13T09:56:57.534+0000] {dagbag.py:541} INFO - Filling up the DagBag from /home/airflow/.local/lib/python3.7/site-packages/airflow/example_dags/example_task_group.py
[2025-03-13T09:56:57.546+0000] {processor.py:836} INFO - DAG(s) dict_keys(['example_task_group']) retrieved from /home/airflow/.local/lib/python3.7/site-packages/airflow/example_dags/example_task_group.py
[2025-03-13T09:56:57.575+0000] {logging_mixin.py:149} INFO - [2025-03-13T09:56:57.575+0000] {dag.py:2726} INFO - Sync 1 DAGs
[2025-03-13T09:56:57.598+0000] {logging_mixin.py:149} INFO - [2025-03-13T09:56:57.598+0000] {dag.py:3490} INFO - Setting next_dagrun for example_task_group to 2025-03-12T09:56:57.598030+00:00, run_after=2025-03-13T09:56:57.598030+00:00
[2025-03-13T09:56:57.617+0000] {processor.py:179} INFO - Processing /home/airflow/.local/lib/python3.7/site-packages/airflow/example_dags/example_task_group.py took 0.090 seconds
[2025-03-13T09:57:28.070+0000] {processor.py:157} INFO - Started process (PID=2318) to work on /home/airflow/.local/lib/python3.7/site-packages/airflow/example_dags/example_task_group.py
[2025-03-13T09:57:28.071+0000] {processor.py:826} INFO - Processing file /home/airflow/.local/lib/python3.7/site-packages/airflow/example_dags/example_task_group.py for tasks to queue
[2025-03-13T09:57:28.071+0000] {logging_mixin.py:149} INFO - [2025-03-13T09:57:28.071+0000] {dagbag.py:541} INFO - Filling up the DagBag from /home/airflow/.local/lib/python3.7/site-packages/airflow/example_dags/example_task_group.py
[2025-03-13T09:57:28.080+0000] {processor.py:836} INFO - DAG(s) dict_keys(['example_task_group']) retrieved from /home/airflow/.local/lib/python3.7/site-packages/airflow/example_dags/example_task_group.py
[2025-03-13T09:57:28.111+0000] {logging_mixin.py:149} INFO - [2025-03-13T09:57:28.111+0000] {dag.py:2726} INFO - Sync 1 DAGs
[2025-03-13T09:57:28.139+0000] {logging_mixin.py:149} INFO - [2025-03-13T09:57:28.139+0000] {dag.py:3490} INFO - Setting next_dagrun for example_task_group to 2025-03-12T09:57:28.138789+00:00, run_after=2025-03-13T09:57:28.138789+00:00
[2025-03-13T09:57:28.160+0000] {processor.py:179} INFO - Processing /home/airflow/.local/lib/python3.7/site-packages/airflow/example_dags/example_task_group.py took 0.094 seconds
[2025-03-13T09:57:58.317+0000] {processor.py:157} INFO - Started process (PID=2409) to work on /home/airflow/.local/lib/python3.7/site-packages/airflow/example_dags/example_task_group.py
[2025-03-13T09:57:58.318+0000] {processor.py:826} INFO - Processing file /home/airflow/.local/lib/python3.7/site-packages/airflow/example_dags/example_task_group.py for tasks to queue
[2025-03-13T09:57:58.318+0000] {logging_mixin.py:149} INFO - [2025-03-13T09:57:58.318+0000] {dagbag.py:541} INFO - Filling up the DagBag from /home/airflow/.local/lib/python3.7/site-packages/airflow/example_dags/example_task_group.py
[2025-03-13T09:57:58.325+0000] {processor.py:836} INFO - DAG(s) dict_keys(['example_task_group']) retrieved from /home/airflow/.local/lib/python3.7/site-packages/airflow/example_dags/example_task_group.py
[2025-03-13T09:57:58.349+0000] {logging_mixin.py:149} INFO - [2025-03-13T09:57:58.348+0000] {dag.py:2726} INFO - Sync 1 DAGs
[2025-03-13T09:57:58.370+0000] {logging_mixin.py:149} INFO - [2025-03-13T09:57:58.370+0000] {dag.py:3490} INFO - Setting next_dagrun for example_task_group to 2025-03-12T09:57:58.369998+00:00, run_after=2025-03-13T09:57:58.369998+00:00
[2025-03-13T09:57:58.386+0000] {processor.py:179} INFO - Processing /home/airflow/.local/lib/python3.7/site-packages/airflow/example_dags/example_task_group.py took 0.072 seconds
[2025-03-13T09:58:29.485+0000] {processor.py:157} INFO - Started process (PID=2500) to work on /home/airflow/.local/lib/python3.7/site-packages/airflow/example_dags/example_task_group.py
[2025-03-13T09:58:29.486+0000] {processor.py:826} INFO - Processing file /home/airflow/.local/lib/python3.7/site-packages/airflow/example_dags/example_task_group.py for tasks to queue
[2025-03-13T09:58:29.487+0000] {logging_mixin.py:149} INFO - [2025-03-13T09:58:29.487+0000] {dagbag.py:541} INFO - Filling up the DagBag from /home/airflow/.local/lib/python3.7/site-packages/airflow/example_dags/example_task_group.py
[2025-03-13T09:58:29.494+0000] {processor.py:836} INFO - DAG(s) dict_keys(['example_task_group']) retrieved from /home/airflow/.local/lib/python3.7/site-packages/airflow/example_dags/example_task_group.py
[2025-03-13T09:58:29.523+0000] {logging_mixin.py:149} INFO - [2025-03-13T09:58:29.523+0000] {dag.py:2726} INFO - Sync 1 DAGs
[2025-03-13T09:58:29.545+0000] {logging_mixin.py:149} INFO - [2025-03-13T09:58:29.545+0000] {dag.py:3490} INFO - Setting next_dagrun for example_task_group to 2025-03-12T09:58:29.545583+00:00, run_after=2025-03-13T09:58:29.545583+00:00
[2025-03-13T09:58:29.563+0000] {processor.py:179} INFO - Processing /home/airflow/.local/lib/python3.7/site-packages/airflow/example_dags/example_task_group.py took 0.082 seconds
[2025-03-13T09:59:00.795+0000] {processor.py:157} INFO - Started process (PID=2591) to work on /home/airflow/.local/lib/python3.7/site-packages/airflow/example_dags/example_task_group.py
[2025-03-13T09:59:00.796+0000] {processor.py:826} INFO - Processing file /home/airflow/.local/lib/python3.7/site-packages/airflow/example_dags/example_task_group.py for tasks to queue
[2025-03-13T09:59:00.797+0000] {logging_mixin.py:149} INFO - [2025-03-13T09:59:00.797+0000] {dagbag.py:541} INFO - Filling up the DagBag from /home/airflow/.local/lib/python3.7/site-packages/airflow/example_dags/example_task_group.py
[2025-03-13T09:59:00.805+0000] {processor.py:836} INFO - DAG(s) dict_keys(['example_task_group']) retrieved from /home/airflow/.local/lib/python3.7/site-packages/airflow/example_dags/example_task_group.py
[2025-03-13T09:59:00.829+0000] {logging_mixin.py:149} INFO - [2025-03-13T09:59:00.829+0000] {dag.py:2726} INFO - Sync 1 DAGs
[2025-03-13T09:59:00.856+0000] {logging_mixin.py:149} INFO - [2025-03-13T09:59:00.856+0000] {dag.py:3490} INFO - Setting next_dagrun for example_task_group to 2025-03-12T09:59:00.855815+00:00, run_after=2025-03-13T09:59:00.855815+00:00
[2025-03-13T09:59:00.881+0000] {processor.py:179} INFO - Processing /home/airflow/.local/lib/python3.7/site-packages/airflow/example_dags/example_task_group.py took 0.089 seconds
[2025-03-13T09:59:31.785+0000] {processor.py:157} INFO - Started process (PID=2682) to work on /home/airflow/.local/lib/python3.7/site-packages/airflow/example_dags/example_task_group.py
[2025-03-13T09:59:31.786+0000] {processor.py:826} INFO - Processing file /home/airflow/.local/lib/python3.7/site-packages/airflow/example_dags/example_task_group.py for tasks to queue
[2025-03-13T09:59:31.787+0000] {logging_mixin.py:149} INFO - [2025-03-13T09:59:31.787+0000] {dagbag.py:541} INFO - Filling up the DagBag from /home/airflow/.local/lib/python3.7/site-packages/airflow/example_dags/example_task_group.py
[2025-03-13T09:59:31.796+0000] {processor.py:836} INFO - DAG(s) dict_keys(['example_task_group']) retrieved from /home/airflow/.local/lib/python3.7/site-packages/airflow/example_dags/example_task_group.py
[2025-03-13T09:59:31.824+0000] {logging_mixin.py:149} INFO - [2025-03-13T09:59:31.823+0000] {dag.py:2726} INFO - Sync 1 DAGs
[2025-03-13T09:59:31.849+0000] {logging_mixin.py:149} INFO - [2025-03-13T09:59:31.848+0000] {dag.py:3490} INFO - Setting next_dagrun for example_task_group to 2025-03-12T09:59:31.848435+00:00, run_after=2025-03-13T09:59:31.848435+00:00
[2025-03-13T09:59:31.870+0000] {processor.py:179} INFO - Processing /home/airflow/.local/lib/python3.7/site-packages/airflow/example_dags/example_task_group.py took 0.089 seconds
[2025-03-13T10:00:01.911+0000] {processor.py:157} INFO - Started process (PID=2773) to work on /home/airflow/.local/lib/python3.7/site-packages/airflow/example_dags/example_task_group.py
[2025-03-13T10:00:01.912+0000] {processor.py:826} INFO - Processing file /home/airflow/.local/lib/python3.7/site-packages/airflow/example_dags/example_task_group.py for tasks to queue
[2025-03-13T10:00:01.913+0000] {logging_mixin.py:149} INFO - [2025-03-13T10:00:01.913+0000] {dagbag.py:541} INFO - Filling up the DagBag from /home/airflow/.local/lib/python3.7/site-packages/airflow/example_dags/example_task_group.py
[2025-03-13T10:00:01.920+0000] {processor.py:836} INFO - DAG(s) dict_keys(['example_task_group']) retrieved from /home/airflow/.local/lib/python3.7/site-packages/airflow/example_dags/example_task_group.py
[2025-03-13T10:00:01.943+0000] {logging_mixin.py:149} INFO - [2025-03-13T10:00:01.943+0000] {dag.py:2726} INFO - Sync 1 DAGs
[2025-03-13T10:00:01.967+0000] {logging_mixin.py:149} INFO - [2025-03-13T10:00:01.967+0000] {dag.py:3490} INFO - Setting next_dagrun for example_task_group to 2025-03-12T10:00:01.967574+00:00, run_after=2025-03-13T10:00:01.967574+00:00
[2025-03-13T10:00:01.986+0000] {processor.py:179} INFO - Processing /home/airflow/.local/lib/python3.7/site-packages/airflow/example_dags/example_task_group.py took 0.078 seconds
[2025-03-13T10:00:32.243+0000] {processor.py:157} INFO - Started process (PID=2864) to work on /home/airflow/.local/lib/python3.7/site-packages/airflow/example_dags/example_task_group.py
[2025-03-13T10:00:32.244+0000] {processor.py:826} INFO - Processing file /home/airflow/.local/lib/python3.7/site-packages/airflow/example_dags/example_task_group.py for tasks to queue
[2025-03-13T10:00:32.244+0000] {logging_mixin.py:149} INFO - [2025-03-13T10:00:32.244+0000] {dagbag.py:541} INFO - Filling up the DagBag from /home/airflow/.local/lib/python3.7/site-packages/airflow/example_dags/example_task_group.py
[2025-03-13T10:00:32.253+0000] {processor.py:836} INFO - DAG(s) dict_keys(['example_task_group']) retrieved from /home/airflow/.local/lib/python3.7/site-packages/airflow/example_dags/example_task_group.py
[2025-03-13T10:00:32.277+0000] {logging_mixin.py:149} INFO - [2025-03-13T10:00:32.277+0000] {dag.py:2726} INFO - Sync 1 DAGs
[2025-03-13T10:00:32.301+0000] {logging_mixin.py:149} INFO - [2025-03-13T10:00:32.301+0000] {dag.py:3490} INFO - Setting next_dagrun for example_task_group to 2025-03-12T10:00:32.301294+00:00, run_after=2025-03-13T10:00:32.301294+00:00
[2025-03-13T10:00:32.321+0000] {processor.py:179} INFO - Processing /home/airflow/.local/lib/python3.7/site-packages/airflow/example_dags/example_task_group.py took 0.081 seconds
[2025-03-13T10:01:03.241+0000] {processor.py:157} INFO - Started process (PID=2955) to work on /home/airflow/.local/lib/python3.7/site-packages/airflow/example_dags/example_task_group.py
[2025-03-13T10:01:03.242+0000] {processor.py:826} INFO - Processing file /home/airflow/.local/lib/python3.7/site-packages/airflow/example_dags/example_task_group.py for tasks to queue
[2025-03-13T10:01:03.243+0000] {logging_mixin.py:149} INFO - [2025-03-13T10:01:03.243+0000] {dagbag.py:541} INFO - Filling up the DagBag from /home/airflow/.local/lib/python3.7/site-packages/airflow/example_dags/example_task_group.py
[2025-03-13T10:01:03.250+0000] {processor.py:836} INFO - DAG(s) dict_keys(['example_task_group']) retrieved from /home/airflow/.local/lib/python3.7/site-packages/airflow/example_dags/example_task_group.py
[2025-03-13T10:01:03.275+0000] {logging_mixin.py:149} INFO - [2025-03-13T10:01:03.275+0000] {dag.py:2726} INFO - Sync 1 DAGs
[2025-03-13T10:01:03.302+0000] {logging_mixin.py:149} INFO - [2025-03-13T10:01:03.301+0000] {dag.py:3490} INFO - Setting next_dagrun for example_task_group to 2025-03-12T10:01:03.301588+00:00, run_after=2025-03-13T10:01:03.301588+00:00
[2025-03-13T10:01:03.325+0000] {processor.py:179} INFO - Processing /home/airflow/.local/lib/python3.7/site-packages/airflow/example_dags/example_task_group.py took 0.087 seconds
[2025-03-13T10:01:33.846+0000] {processor.py:157} INFO - Started process (PID=3053) to work on /home/airflow/.local/lib/python3.7/site-packages/airflow/example_dags/example_task_group.py
[2025-03-13T10:01:33.848+0000] {processor.py:826} INFO - Processing file /home/airflow/.local/lib/python3.7/site-packages/airflow/example_dags/example_task_group.py for tasks to queue
[2025-03-13T10:01:33.849+0000] {logging_mixin.py:149} INFO - [2025-03-13T10:01:33.848+0000] {dagbag.py:541} INFO - Filling up the DagBag from /home/airflow/.local/lib/python3.7/site-packages/airflow/example_dags/example_task_group.py
[2025-03-13T10:01:33.857+0000] {processor.py:836} INFO - DAG(s) dict_keys(['example_task_group']) retrieved from /home/airflow/.local/lib/python3.7/site-packages/airflow/example_dags/example_task_group.py
[2025-03-13T10:01:33.887+0000] {logging_mixin.py:149} INFO - [2025-03-13T10:01:33.887+0000] {dag.py:2726} INFO - Sync 1 DAGs
[2025-03-13T10:01:33.918+0000] {logging_mixin.py:149} INFO - [2025-03-13T10:01:33.918+0000] {dag.py:3490} INFO - Setting next_dagrun for example_task_group to 2025-03-12T10:01:33.918207+00:00, run_after=2025-03-13T10:01:33.918207+00:00
[2025-03-13T10:01:33.946+0000] {processor.py:179} INFO - Processing /home/airflow/.local/lib/python3.7/site-packages/airflow/example_dags/example_task_group.py took 0.103 seconds
[2025-03-13T10:02:04.162+0000] {processor.py:157} INFO - Started process (PID=3144) to work on /home/airflow/.local/lib/python3.7/site-packages/airflow/example_dags/example_task_group.py
[2025-03-13T10:02:04.163+0000] {processor.py:826} INFO - Processing file /home/airflow/.local/lib/python3.7/site-packages/airflow/example_dags/example_task_group.py for tasks to queue
[2025-03-13T10:02:04.164+0000] {logging_mixin.py:149} INFO - [2025-03-13T10:02:04.163+0000] {dagbag.py:541} INFO - Filling up the DagBag from /home/airflow/.local/lib/python3.7/site-packages/airflow/example_dags/example_task_group.py
[2025-03-13T10:02:04.171+0000] {processor.py:836} INFO - DAG(s) dict_keys(['example_task_group']) retrieved from /home/airflow/.local/lib/python3.7/site-packages/airflow/example_dags/example_task_group.py
[2025-03-13T10:02:04.197+0000] {logging_mixin.py:149} INFO - [2025-03-13T10:02:04.197+0000] {dag.py:2726} INFO - Sync 1 DAGs
[2025-03-13T10:02:04.242+0000] {logging_mixin.py:149} INFO - [2025-03-13T10:02:04.241+0000] {dag.py:3490} INFO - Setting next_dagrun for example_task_group to 2025-03-12T10:02:04.241587+00:00, run_after=2025-03-13T10:02:04.241587+00:00
[2025-03-13T10:02:04.273+0000] {processor.py:179} INFO - Processing /home/airflow/.local/lib/python3.7/site-packages/airflow/example_dags/example_task_group.py took 0.115 seconds
[2025-03-13T10:02:35.418+0000] {processor.py:157} INFO - Started process (PID=3235) to work on /home/airflow/.local/lib/python3.7/site-packages/airflow/example_dags/example_task_group.py
[2025-03-13T10:02:35.419+0000] {processor.py:826} INFO - Processing file /home/airflow/.local/lib/python3.7/site-packages/airflow/example_dags/example_task_group.py for tasks to queue
[2025-03-13T10:02:35.420+0000] {logging_mixin.py:149} INFO - [2025-03-13T10:02:35.420+0000] {dagbag.py:541} INFO - Filling up the DagBag from /home/airflow/.local/lib/python3.7/site-packages/airflow/example_dags/example_task_group.py
[2025-03-13T10:02:35.427+0000] {processor.py:836} INFO - DAG(s) dict_keys(['example_task_group']) retrieved from /home/airflow/.local/lib/python3.7/site-packages/airflow/example_dags/example_task_group.py
[2025-03-13T10:02:35.449+0000] {logging_mixin.py:149} INFO - [2025-03-13T10:02:35.449+0000] {dag.py:2726} INFO - Sync 1 DAGs
[2025-03-13T10:02:35.473+0000] {logging_mixin.py:149} INFO - [2025-03-13T10:02:35.473+0000] {dag.py:3490} INFO - Setting next_dagrun for example_task_group to 2025-03-12T10:02:35.473238+00:00, run_after=2025-03-13T10:02:35.473238+00:00
[2025-03-13T10:02:35.496+0000] {processor.py:179} INFO - Processing /home/airflow/.local/lib/python3.7/site-packages/airflow/example_dags/example_task_group.py took 0.080 seconds
[2025-03-13T10:03:06.896+0000] {processor.py:157} INFO - Started process (PID=3326) to work on /home/airflow/.local/lib/python3.7/site-packages/airflow/example_dags/example_task_group.py
[2025-03-13T10:03:06.897+0000] {processor.py:826} INFO - Processing file /home/airflow/.local/lib/python3.7/site-packages/airflow/example_dags/example_task_group.py for tasks to queue
[2025-03-13T10:03:06.898+0000] {logging_mixin.py:149} INFO - [2025-03-13T10:03:06.897+0000] {dagbag.py:541} INFO - Filling up the DagBag from /home/airflow/.local/lib/python3.7/site-packages/airflow/example_dags/example_task_group.py
[2025-03-13T10:03:06.906+0000] {processor.py:836} INFO - DAG(s) dict_keys(['example_task_group']) retrieved from /home/airflow/.local/lib/python3.7/site-packages/airflow/example_dags/example_task_group.py
[2025-03-13T10:03:06.931+0000] {logging_mixin.py:149} INFO - [2025-03-13T10:03:06.931+0000] {dag.py:2726} INFO - Sync 1 DAGs
[2025-03-13T10:03:06.955+0000] {logging_mixin.py:149} INFO - [2025-03-13T10:03:06.955+0000] {dag.py:3490} INFO - Setting next_dagrun for example_task_group to 2025-03-12T10:03:06.955152+00:00, run_after=2025-03-13T10:03:06.955152+00:00
[2025-03-13T10:03:06.973+0000] {processor.py:179} INFO - Processing /home/airflow/.local/lib/python3.7/site-packages/airflow/example_dags/example_task_group.py took 0.081 seconds
[2025-03-13T10:03:37.667+0000] {processor.py:157} INFO - Started process (PID=3417) to work on /home/airflow/.local/lib/python3.7/site-packages/airflow/example_dags/example_task_group.py
[2025-03-13T10:03:37.668+0000] {processor.py:826} INFO - Processing file /home/airflow/.local/lib/python3.7/site-packages/airflow/example_dags/example_task_group.py for tasks to queue
[2025-03-13T10:03:37.669+0000] {logging_mixin.py:149} INFO - [2025-03-13T10:03:37.669+0000] {dagbag.py:541} INFO - Filling up the DagBag from /home/airflow/.local/lib/python3.7/site-packages/airflow/example_dags/example_task_group.py
[2025-03-13T10:03:37.676+0000] {processor.py:836} INFO - DAG(s) dict_keys(['example_task_group']) retrieved from /home/airflow/.local/lib/python3.7/site-packages/airflow/example_dags/example_task_group.py
[2025-03-13T10:03:37.700+0000] {logging_mixin.py:149} INFO - [2025-03-13T10:03:37.700+0000] {dag.py:2726} INFO - Sync 1 DAGs
[2025-03-13T10:03:37.722+0000] {logging_mixin.py:149} INFO - [2025-03-13T10:03:37.722+0000] {dag.py:3490} INFO - Setting next_dagrun for example_task_group to 2025-03-12T10:03:37.721978+00:00, run_after=2025-03-13T10:03:37.721978+00:00
[2025-03-13T10:03:37.744+0000] {processor.py:179} INFO - Processing /home/airflow/.local/lib/python3.7/site-packages/airflow/example_dags/example_task_group.py took 0.080 seconds
[2025-03-13T10:04:08.497+0000] {processor.py:157} INFO - Started process (PID=3508) to work on /home/airflow/.local/lib/python3.7/site-packages/airflow/example_dags/example_task_group.py
[2025-03-13T10:04:08.498+0000] {processor.py:826} INFO - Processing file /home/airflow/.local/lib/python3.7/site-packages/airflow/example_dags/example_task_group.py for tasks to queue
[2025-03-13T10:04:08.498+0000] {logging_mixin.py:149} INFO - [2025-03-13T10:04:08.498+0000] {dagbag.py:541} INFO - Filling up the DagBag from /home/airflow/.local/lib/python3.7/site-packages/airflow/example_dags/example_task_group.py
[2025-03-13T10:04:08.506+0000] {processor.py:836} INFO - DAG(s) dict_keys(['example_task_group']) retrieved from /home/airflow/.local/lib/python3.7/site-packages/airflow/example_dags/example_task_group.py
[2025-03-13T10:04:08.531+0000] {logging_mixin.py:149} INFO - [2025-03-13T10:04:08.531+0000] {dag.py:2726} INFO - Sync 1 DAGs
[2025-03-13T10:04:08.556+0000] {logging_mixin.py:149} INFO - [2025-03-13T10:04:08.555+0000] {dag.py:3490} INFO - Setting next_dagrun for example_task_group to 2025-03-12T10:04:08.555649+00:00, run_after=2025-03-13T10:04:08.555649+00:00
[2025-03-13T10:04:08.580+0000] {processor.py:179} INFO - Processing /home/airflow/.local/lib/python3.7/site-packages/airflow/example_dags/example_task_group.py took 0.086 seconds
[2025-03-13T10:04:39.019+0000] {processor.py:157} INFO - Started process (PID=3599) to work on /home/airflow/.local/lib/python3.7/site-packages/airflow/example_dags/example_task_group.py
[2025-03-13T10:04:39.020+0000] {processor.py:826} INFO - Processing file /home/airflow/.local/lib/python3.7/site-packages/airflow/example_dags/example_task_group.py for tasks to queue
[2025-03-13T10:04:39.021+0000] {logging_mixin.py:149} INFO - [2025-03-13T10:04:39.021+0000] {dagbag.py:541} INFO - Filling up the DagBag from /home/airflow/.local/lib/python3.7/site-packages/airflow/example_dags/example_task_group.py
[2025-03-13T10:04:39.028+0000] {processor.py:836} INFO - DAG(s) dict_keys(['example_task_group']) retrieved from /home/airflow/.local/lib/python3.7/site-packages/airflow/example_dags/example_task_group.py
[2025-03-13T10:04:39.055+0000] {logging_mixin.py:149} INFO - [2025-03-13T10:04:39.054+0000] {dag.py:2726} INFO - Sync 1 DAGs
[2025-03-13T10:04:39.077+0000] {logging_mixin.py:149} INFO - [2025-03-13T10:04:39.077+0000] {dag.py:3490} INFO - Setting next_dagrun for example_task_group to 2025-03-12T10:04:39.077345+00:00, run_after=2025-03-13T10:04:39.077345+00:00
[2025-03-13T10:04:39.097+0000] {processor.py:179} INFO - Processing /home/airflow/.local/lib/python3.7/site-packages/airflow/example_dags/example_task_group.py took 0.081 seconds
[2025-03-13T10:05:10.059+0000] {processor.py:157} INFO - Started process (PID=3690) to work on /home/airflow/.local/lib/python3.7/site-packages/airflow/example_dags/example_task_group.py
[2025-03-13T10:05:10.060+0000] {processor.py:826} INFO - Processing file /home/airflow/.local/lib/python3.7/site-packages/airflow/example_dags/example_task_group.py for tasks to queue
[2025-03-13T10:05:10.060+0000] {logging_mixin.py:149} INFO - [2025-03-13T10:05:10.060+0000] {dagbag.py:541} INFO - Filling up the DagBag from /home/airflow/.local/lib/python3.7/site-packages/airflow/example_dags/example_task_group.py
[2025-03-13T10:05:10.068+0000] {processor.py:836} INFO - DAG(s) dict_keys(['example_task_group']) retrieved from /home/airflow/.local/lib/python3.7/site-packages/airflow/example_dags/example_task_group.py
[2025-03-13T10:05:10.091+0000] {logging_mixin.py:149} INFO - [2025-03-13T10:05:10.091+0000] {dag.py:2726} INFO - Sync 1 DAGs
[2025-03-13T10:05:10.117+0000] {logging_mixin.py:149} INFO - [2025-03-13T10:05:10.117+0000] {dag.py:3490} INFO - Setting next_dagrun for example_task_group to 2025-03-12T10:05:10.116686+00:00, run_after=2025-03-13T10:05:10.116686+00:00
[2025-03-13T10:05:10.136+0000] {processor.py:179} INFO - Processing /home/airflow/.local/lib/python3.7/site-packages/airflow/example_dags/example_task_group.py took 0.081 seconds
