[2025-03-13T09:45:00.825+0000] {processor.py:157} INFO - Started process (PID=77) to work on /home/airflow/.local/lib/python3.7/site-packages/airflow/example_dags/example_time_delta_sensor_async.py
[2025-03-13T09:45:00.826+0000] {processor.py:826} INFO - Processing file /home/airflow/.local/lib/python3.7/site-packages/airflow/example_dags/example_time_delta_sensor_async.py for tasks to queue
[2025-03-13T09:45:00.826+0000] {logging_mixin.py:149} INFO - [2025-03-13T09:45:00.826+0000] {dagbag.py:541} INFO - Filling up the DagBag from /home/airflow/.local/lib/python3.7/site-packages/airflow/example_dags/example_time_delta_sensor_async.py
[2025-03-13T09:45:00.837+0000] {processor.py:836} INFO - DAG(s) dict_keys(['example_time_delta_sensor_async']) retrieved from /home/airflow/.local/lib/python3.7/site-packages/airflow/example_dags/example_time_delta_sensor_async.py
[2025-03-13T09:45:00.868+0000] {logging_mixin.py:149} INFO - [2025-03-13T09:45:00.868+0000] {dag.py:2726} INFO - Sync 1 DAGs
[2025-03-13T09:45:00.899+0000] {logging_mixin.py:149} INFO - [2025-03-13T09:45:00.898+0000] {dag.py:3490} INFO - Setting next_dagrun for example_time_delta_sensor_async to None, run_after=None
[2025-03-13T09:45:00.921+0000] {processor.py:179} INFO - Processing /home/airflow/.local/lib/python3.7/site-packages/airflow/example_dags/example_time_delta_sensor_async.py took 0.100 seconds
[2025-03-13T09:45:32.015+0000] {processor.py:157} INFO - Started process (PID=186) to work on /home/airflow/.local/lib/python3.7/site-packages/airflow/example_dags/example_time_delta_sensor_async.py
[2025-03-13T09:45:32.016+0000] {processor.py:826} INFO - Processing file /home/airflow/.local/lib/python3.7/site-packages/airflow/example_dags/example_time_delta_sensor_async.py for tasks to queue
[2025-03-13T09:45:32.016+0000] {logging_mixin.py:149} INFO - [2025-03-13T09:45:32.016+0000] {dagbag.py:541} INFO - Filling up the DagBag from /home/airflow/.local/lib/python3.7/site-packages/airflow/example_dags/example_time_delta_sensor_async.py
[2025-03-13T09:45:32.020+0000] {processor.py:836} INFO - DAG(s) dict_keys(['example_time_delta_sensor_async']) retrieved from /home/airflow/.local/lib/python3.7/site-packages/airflow/example_dags/example_time_delta_sensor_async.py
[2025-03-13T09:45:32.045+0000] {logging_mixin.py:149} INFO - [2025-03-13T09:45:32.045+0000] {dag.py:2726} INFO - Sync 1 DAGs
[2025-03-13T09:45:32.069+0000] {logging_mixin.py:149} INFO - [2025-03-13T09:45:32.069+0000] {dag.py:3490} INFO - Setting next_dagrun for example_time_delta_sensor_async to None, run_after=None
[2025-03-13T09:45:32.091+0000] {processor.py:179} INFO - Processing /home/airflow/.local/lib/python3.7/site-packages/airflow/example_dags/example_time_delta_sensor_async.py took 0.079 seconds
[2025-03-13T09:46:02.854+0000] {processor.py:157} INFO - Started process (PID=284) to work on /home/airflow/.local/lib/python3.7/site-packages/airflow/example_dags/example_time_delta_sensor_async.py
[2025-03-13T09:46:02.855+0000] {processor.py:826} INFO - Processing file /home/airflow/.local/lib/python3.7/site-packages/airflow/example_dags/example_time_delta_sensor_async.py for tasks to queue
[2025-03-13T09:46:02.856+0000] {logging_mixin.py:149} INFO - [2025-03-13T09:46:02.856+0000] {dagbag.py:541} INFO - Filling up the DagBag from /home/airflow/.local/lib/python3.7/site-packages/airflow/example_dags/example_time_delta_sensor_async.py
[2025-03-13T09:46:02.859+0000] {processor.py:836} INFO - DAG(s) dict_keys(['example_time_delta_sensor_async']) retrieved from /home/airflow/.local/lib/python3.7/site-packages/airflow/example_dags/example_time_delta_sensor_async.py
[2025-03-13T09:46:02.881+0000] {logging_mixin.py:149} INFO - [2025-03-13T09:46:02.881+0000] {dag.py:2726} INFO - Sync 1 DAGs
[2025-03-13T09:46:03.011+0000] {logging_mixin.py:149} INFO - [2025-03-13T09:46:03.011+0000] {dag.py:3490} INFO - Setting next_dagrun for example_time_delta_sensor_async to None, run_after=None
[2025-03-13T09:46:03.028+0000] {processor.py:179} INFO - Processing /home/airflow/.local/lib/python3.7/site-packages/airflow/example_dags/example_time_delta_sensor_async.py took 0.176 seconds
[2025-03-13T09:46:33.840+0000] {processor.py:157} INFO - Started process (PID=375) to work on /home/airflow/.local/lib/python3.7/site-packages/airflow/example_dags/example_time_delta_sensor_async.py
[2025-03-13T09:46:33.841+0000] {processor.py:826} INFO - Processing file /home/airflow/.local/lib/python3.7/site-packages/airflow/example_dags/example_time_delta_sensor_async.py for tasks to queue
[2025-03-13T09:46:33.842+0000] {logging_mixin.py:149} INFO - [2025-03-13T09:46:33.842+0000] {dagbag.py:541} INFO - Filling up the DagBag from /home/airflow/.local/lib/python3.7/site-packages/airflow/example_dags/example_time_delta_sensor_async.py
[2025-03-13T09:46:33.846+0000] {processor.py:836} INFO - DAG(s) dict_keys(['example_time_delta_sensor_async']) retrieved from /home/airflow/.local/lib/python3.7/site-packages/airflow/example_dags/example_time_delta_sensor_async.py
[2025-03-13T09:46:33.869+0000] {logging_mixin.py:149} INFO - [2025-03-13T09:46:33.869+0000] {dag.py:2726} INFO - Sync 1 DAGs
[2025-03-13T09:46:33.892+0000] {logging_mixin.py:149} INFO - [2025-03-13T09:46:33.892+0000] {dag.py:3490} INFO - Setting next_dagrun for example_time_delta_sensor_async to None, run_after=None
[2025-03-13T09:46:33.912+0000] {processor.py:179} INFO - Processing /home/airflow/.local/lib/python3.7/site-packages/airflow/example_dags/example_time_delta_sensor_async.py took 0.075 seconds
[2025-03-13T09:47:05.027+0000] {processor.py:157} INFO - Started process (PID=466) to work on /home/airflow/.local/lib/python3.7/site-packages/airflow/example_dags/example_time_delta_sensor_async.py
[2025-03-13T09:47:05.028+0000] {processor.py:826} INFO - Processing file /home/airflow/.local/lib/python3.7/site-packages/airflow/example_dags/example_time_delta_sensor_async.py for tasks to queue
[2025-03-13T09:47:05.028+0000] {logging_mixin.py:149} INFO - [2025-03-13T09:47:05.028+0000] {dagbag.py:541} INFO - Filling up the DagBag from /home/airflow/.local/lib/python3.7/site-packages/airflow/example_dags/example_time_delta_sensor_async.py
[2025-03-13T09:47:05.032+0000] {processor.py:836} INFO - DAG(s) dict_keys(['example_time_delta_sensor_async']) retrieved from /home/airflow/.local/lib/python3.7/site-packages/airflow/example_dags/example_time_delta_sensor_async.py
[2025-03-13T09:47:05.055+0000] {logging_mixin.py:149} INFO - [2025-03-13T09:47:05.055+0000] {dag.py:2726} INFO - Sync 1 DAGs
[2025-03-13T09:47:05.078+0000] {logging_mixin.py:149} INFO - [2025-03-13T09:47:05.078+0000] {dag.py:3490} INFO - Setting next_dagrun for example_time_delta_sensor_async to None, run_after=None
[2025-03-13T09:47:05.096+0000] {processor.py:179} INFO - Processing /home/airflow/.local/lib/python3.7/site-packages/airflow/example_dags/example_time_delta_sensor_async.py took 0.072 seconds
[2025-03-13T09:47:36.198+0000] {processor.py:157} INFO - Started process (PID=558) to work on /home/airflow/.local/lib/python3.7/site-packages/airflow/example_dags/example_time_delta_sensor_async.py
[2025-03-13T09:47:36.199+0000] {processor.py:826} INFO - Processing file /home/airflow/.local/lib/python3.7/site-packages/airflow/example_dags/example_time_delta_sensor_async.py for tasks to queue
[2025-03-13T09:47:36.200+0000] {logging_mixin.py:149} INFO - [2025-03-13T09:47:36.200+0000] {dagbag.py:541} INFO - Filling up the DagBag from /home/airflow/.local/lib/python3.7/site-packages/airflow/example_dags/example_time_delta_sensor_async.py
[2025-03-13T09:47:36.204+0000] {processor.py:836} INFO - DAG(s) dict_keys(['example_time_delta_sensor_async']) retrieved from /home/airflow/.local/lib/python3.7/site-packages/airflow/example_dags/example_time_delta_sensor_async.py
[2025-03-13T09:47:36.227+0000] {logging_mixin.py:149} INFO - [2025-03-13T09:47:36.226+0000] {dag.py:2726} INFO - Sync 1 DAGs
[2025-03-13T09:47:36.249+0000] {logging_mixin.py:149} INFO - [2025-03-13T09:47:36.249+0000] {dag.py:3490} INFO - Setting next_dagrun for example_time_delta_sensor_async to None, run_after=None
[2025-03-13T09:47:36.266+0000] {processor.py:179} INFO - Processing /home/airflow/.local/lib/python3.7/site-packages/airflow/example_dags/example_time_delta_sensor_async.py took 0.071 seconds
[2025-03-13T09:48:07.030+0000] {processor.py:157} INFO - Started process (PID=649) to work on /home/airflow/.local/lib/python3.7/site-packages/airflow/example_dags/example_time_delta_sensor_async.py
[2025-03-13T09:48:07.031+0000] {processor.py:826} INFO - Processing file /home/airflow/.local/lib/python3.7/site-packages/airflow/example_dags/example_time_delta_sensor_async.py for tasks to queue
[2025-03-13T09:48:07.032+0000] {logging_mixin.py:149} INFO - [2025-03-13T09:48:07.032+0000] {dagbag.py:541} INFO - Filling up the DagBag from /home/airflow/.local/lib/python3.7/site-packages/airflow/example_dags/example_time_delta_sensor_async.py
[2025-03-13T09:48:07.036+0000] {processor.py:836} INFO - DAG(s) dict_keys(['example_time_delta_sensor_async']) retrieved from /home/airflow/.local/lib/python3.7/site-packages/airflow/example_dags/example_time_delta_sensor_async.py
[2025-03-13T09:48:07.059+0000] {logging_mixin.py:149} INFO - [2025-03-13T09:48:07.059+0000] {dag.py:2726} INFO - Sync 1 DAGs
[2025-03-13T09:48:07.081+0000] {logging_mixin.py:149} INFO - [2025-03-13T09:48:07.081+0000] {dag.py:3490} INFO - Setting next_dagrun for example_time_delta_sensor_async to None, run_after=None
[2025-03-13T09:48:07.100+0000] {processor.py:179} INFO - Processing /home/airflow/.local/lib/python3.7/site-packages/airflow/example_dags/example_time_delta_sensor_async.py took 0.073 seconds
[2025-03-13T09:48:37.695+0000] {processor.py:157} INFO - Started process (PID=740) to work on /home/airflow/.local/lib/python3.7/site-packages/airflow/example_dags/example_time_delta_sensor_async.py
[2025-03-13T09:48:37.696+0000] {processor.py:826} INFO - Processing file /home/airflow/.local/lib/python3.7/site-packages/airflow/example_dags/example_time_delta_sensor_async.py for tasks to queue
[2025-03-13T09:48:37.697+0000] {logging_mixin.py:149} INFO - [2025-03-13T09:48:37.697+0000] {dagbag.py:541} INFO - Filling up the DagBag from /home/airflow/.local/lib/python3.7/site-packages/airflow/example_dags/example_time_delta_sensor_async.py
[2025-03-13T09:48:37.701+0000] {processor.py:836} INFO - DAG(s) dict_keys(['example_time_delta_sensor_async']) retrieved from /home/airflow/.local/lib/python3.7/site-packages/airflow/example_dags/example_time_delta_sensor_async.py
[2025-03-13T09:48:37.725+0000] {logging_mixin.py:149} INFO - [2025-03-13T09:48:37.725+0000] {dag.py:2726} INFO - Sync 1 DAGs
[2025-03-13T09:48:37.747+0000] {logging_mixin.py:149} INFO - [2025-03-13T09:48:37.747+0000] {dag.py:3490} INFO - Setting next_dagrun for example_time_delta_sensor_async to None, run_after=None
[2025-03-13T09:48:37.764+0000] {processor.py:179} INFO - Processing /home/airflow/.local/lib/python3.7/site-packages/airflow/example_dags/example_time_delta_sensor_async.py took 0.072 seconds
[2025-03-13T09:49:08.830+0000] {processor.py:157} INFO - Started process (PID=831) to work on /home/airflow/.local/lib/python3.7/site-packages/airflow/example_dags/example_time_delta_sensor_async.py
[2025-03-13T09:49:08.831+0000] {processor.py:826} INFO - Processing file /home/airflow/.local/lib/python3.7/site-packages/airflow/example_dags/example_time_delta_sensor_async.py for tasks to queue
[2025-03-13T09:49:08.832+0000] {logging_mixin.py:149} INFO - [2025-03-13T09:49:08.831+0000] {dagbag.py:541} INFO - Filling up the DagBag from /home/airflow/.local/lib/python3.7/site-packages/airflow/example_dags/example_time_delta_sensor_async.py
[2025-03-13T09:49:08.835+0000] {processor.py:836} INFO - DAG(s) dict_keys(['example_time_delta_sensor_async']) retrieved from /home/airflow/.local/lib/python3.7/site-packages/airflow/example_dags/example_time_delta_sensor_async.py
[2025-03-13T09:49:08.857+0000] {logging_mixin.py:149} INFO - [2025-03-13T09:49:08.856+0000] {dag.py:2726} INFO - Sync 1 DAGs
[2025-03-13T09:49:08.880+0000] {logging_mixin.py:149} INFO - [2025-03-13T09:49:08.880+0000] {dag.py:3490} INFO - Setting next_dagrun for example_time_delta_sensor_async to None, run_after=None
[2025-03-13T09:49:08.899+0000] {processor.py:179} INFO - Processing /home/airflow/.local/lib/python3.7/site-packages/airflow/example_dags/example_time_delta_sensor_async.py took 0.072 seconds
[2025-03-13T09:49:40.037+0000] {processor.py:157} INFO - Started process (PID=922) to work on /home/airflow/.local/lib/python3.7/site-packages/airflow/example_dags/example_time_delta_sensor_async.py
[2025-03-13T09:49:40.038+0000] {processor.py:826} INFO - Processing file /home/airflow/.local/lib/python3.7/site-packages/airflow/example_dags/example_time_delta_sensor_async.py for tasks to queue
[2025-03-13T09:49:40.038+0000] {logging_mixin.py:149} INFO - [2025-03-13T09:49:40.038+0000] {dagbag.py:541} INFO - Filling up the DagBag from /home/airflow/.local/lib/python3.7/site-packages/airflow/example_dags/example_time_delta_sensor_async.py
[2025-03-13T09:49:40.042+0000] {processor.py:836} INFO - DAG(s) dict_keys(['example_time_delta_sensor_async']) retrieved from /home/airflow/.local/lib/python3.7/site-packages/airflow/example_dags/example_time_delta_sensor_async.py
[2025-03-13T09:49:40.066+0000] {logging_mixin.py:149} INFO - [2025-03-13T09:49:40.066+0000] {dag.py:2726} INFO - Sync 1 DAGs
[2025-03-13T09:49:40.088+0000] {logging_mixin.py:149} INFO - [2025-03-13T09:49:40.088+0000] {dag.py:3490} INFO - Setting next_dagrun for example_time_delta_sensor_async to None, run_after=None
[2025-03-13T09:49:40.106+0000] {processor.py:179} INFO - Processing /home/airflow/.local/lib/python3.7/site-packages/airflow/example_dags/example_time_delta_sensor_async.py took 0.072 seconds
[2025-03-13T09:50:11.199+0000] {processor.py:157} INFO - Started process (PID=1013) to work on /home/airflow/.local/lib/python3.7/site-packages/airflow/example_dags/example_time_delta_sensor_async.py
[2025-03-13T09:50:11.201+0000] {processor.py:826} INFO - Processing file /home/airflow/.local/lib/python3.7/site-packages/airflow/example_dags/example_time_delta_sensor_async.py for tasks to queue
[2025-03-13T09:50:11.202+0000] {logging_mixin.py:149} INFO - [2025-03-13T09:50:11.201+0000] {dagbag.py:541} INFO - Filling up the DagBag from /home/airflow/.local/lib/python3.7/site-packages/airflow/example_dags/example_time_delta_sensor_async.py
[2025-03-13T09:50:11.207+0000] {processor.py:836} INFO - DAG(s) dict_keys(['example_time_delta_sensor_async']) retrieved from /home/airflow/.local/lib/python3.7/site-packages/airflow/example_dags/example_time_delta_sensor_async.py
[2025-03-13T09:50:11.236+0000] {logging_mixin.py:149} INFO - [2025-03-13T09:50:11.236+0000] {dag.py:2726} INFO - Sync 1 DAGs
[2025-03-13T09:50:11.274+0000] {logging_mixin.py:149} INFO - [2025-03-13T09:50:11.274+0000] {dag.py:3490} INFO - Setting next_dagrun for example_time_delta_sensor_async to None, run_after=None
[2025-03-13T09:50:11.299+0000] {processor.py:179} INFO - Processing /home/airflow/.local/lib/python3.7/site-packages/airflow/example_dags/example_time_delta_sensor_async.py took 0.104 seconds
[2025-03-13T09:50:42.388+0000] {processor.py:157} INFO - Started process (PID=1104) to work on /home/airflow/.local/lib/python3.7/site-packages/airflow/example_dags/example_time_delta_sensor_async.py
[2025-03-13T09:50:42.389+0000] {processor.py:826} INFO - Processing file /home/airflow/.local/lib/python3.7/site-packages/airflow/example_dags/example_time_delta_sensor_async.py for tasks to queue
[2025-03-13T09:50:42.389+0000] {logging_mixin.py:149} INFO - [2025-03-13T09:50:42.389+0000] {dagbag.py:541} INFO - Filling up the DagBag from /home/airflow/.local/lib/python3.7/site-packages/airflow/example_dags/example_time_delta_sensor_async.py
[2025-03-13T09:50:42.393+0000] {processor.py:836} INFO - DAG(s) dict_keys(['example_time_delta_sensor_async']) retrieved from /home/airflow/.local/lib/python3.7/site-packages/airflow/example_dags/example_time_delta_sensor_async.py
[2025-03-13T09:50:42.415+0000] {logging_mixin.py:149} INFO - [2025-03-13T09:50:42.415+0000] {dag.py:2726} INFO - Sync 1 DAGs
[2025-03-13T09:50:42.437+0000] {logging_mixin.py:149} INFO - [2025-03-13T09:50:42.437+0000] {dag.py:3490} INFO - Setting next_dagrun for example_time_delta_sensor_async to None, run_after=None
[2025-03-13T09:50:42.455+0000] {processor.py:179} INFO - Processing /home/airflow/.local/lib/python3.7/site-packages/airflow/example_dags/example_time_delta_sensor_async.py took 0.070 seconds
[2025-03-13T09:51:13.735+0000] {processor.py:157} INFO - Started process (PID=1195) to work on /home/airflow/.local/lib/python3.7/site-packages/airflow/example_dags/example_time_delta_sensor_async.py
[2025-03-13T09:51:13.736+0000] {processor.py:826} INFO - Processing file /home/airflow/.local/lib/python3.7/site-packages/airflow/example_dags/example_time_delta_sensor_async.py for tasks to queue
[2025-03-13T09:51:13.737+0000] {logging_mixin.py:149} INFO - [2025-03-13T09:51:13.737+0000] {dagbag.py:541} INFO - Filling up the DagBag from /home/airflow/.local/lib/python3.7/site-packages/airflow/example_dags/example_time_delta_sensor_async.py
[2025-03-13T09:51:13.742+0000] {processor.py:836} INFO - DAG(s) dict_keys(['example_time_delta_sensor_async']) retrieved from /home/airflow/.local/lib/python3.7/site-packages/airflow/example_dags/example_time_delta_sensor_async.py
[2025-03-13T09:51:13.769+0000] {logging_mixin.py:149} INFO - [2025-03-13T09:51:13.769+0000] {dag.py:2726} INFO - Sync 1 DAGs
[2025-03-13T09:51:13.791+0000] {logging_mixin.py:149} INFO - [2025-03-13T09:51:13.791+0000] {dag.py:3490} INFO - Setting next_dagrun for example_time_delta_sensor_async to None, run_after=None
[2025-03-13T09:51:13.808+0000] {processor.py:179} INFO - Processing /home/airflow/.local/lib/python3.7/site-packages/airflow/example_dags/example_time_delta_sensor_async.py took 0.076 seconds
[2025-03-13T09:51:45.006+0000] {processor.py:157} INFO - Started process (PID=1286) to work on /home/airflow/.local/lib/python3.7/site-packages/airflow/example_dags/example_time_delta_sensor_async.py
[2025-03-13T09:51:45.007+0000] {processor.py:826} INFO - Processing file /home/airflow/.local/lib/python3.7/site-packages/airflow/example_dags/example_time_delta_sensor_async.py for tasks to queue
[2025-03-13T09:51:45.008+0000] {logging_mixin.py:149} INFO - [2025-03-13T09:51:45.008+0000] {dagbag.py:541} INFO - Filling up the DagBag from /home/airflow/.local/lib/python3.7/site-packages/airflow/example_dags/example_time_delta_sensor_async.py
[2025-03-13T09:51:45.012+0000] {processor.py:836} INFO - DAG(s) dict_keys(['example_time_delta_sensor_async']) retrieved from /home/airflow/.local/lib/python3.7/site-packages/airflow/example_dags/example_time_delta_sensor_async.py
[2025-03-13T09:51:45.037+0000] {logging_mixin.py:149} INFO - [2025-03-13T09:51:45.037+0000] {dag.py:2726} INFO - Sync 1 DAGs
[2025-03-13T09:51:45.068+0000] {logging_mixin.py:149} INFO - [2025-03-13T09:51:45.068+0000] {dag.py:3490} INFO - Setting next_dagrun for example_time_delta_sensor_async to None, run_after=None
[2025-03-13T09:51:45.094+0000] {processor.py:179} INFO - Processing /home/airflow/.local/lib/python3.7/site-packages/airflow/example_dags/example_time_delta_sensor_async.py took 0.090 seconds
[2025-03-13T09:52:16.370+0000] {processor.py:157} INFO - Started process (PID=1377) to work on /home/airflow/.local/lib/python3.7/site-packages/airflow/example_dags/example_time_delta_sensor_async.py
[2025-03-13T09:52:16.372+0000] {processor.py:826} INFO - Processing file /home/airflow/.local/lib/python3.7/site-packages/airflow/example_dags/example_time_delta_sensor_async.py for tasks to queue
[2025-03-13T09:52:16.373+0000] {logging_mixin.py:149} INFO - [2025-03-13T09:52:16.372+0000] {dagbag.py:541} INFO - Filling up the DagBag from /home/airflow/.local/lib/python3.7/site-packages/airflow/example_dags/example_time_delta_sensor_async.py
[2025-03-13T09:52:16.376+0000] {processor.py:836} INFO - DAG(s) dict_keys(['example_time_delta_sensor_async']) retrieved from /home/airflow/.local/lib/python3.7/site-packages/airflow/example_dags/example_time_delta_sensor_async.py
[2025-03-13T09:52:16.399+0000] {logging_mixin.py:149} INFO - [2025-03-13T09:52:16.399+0000] {dag.py:2726} INFO - Sync 1 DAGs
[2025-03-13T09:52:16.423+0000] {logging_mixin.py:149} INFO - [2025-03-13T09:52:16.423+0000] {dag.py:3490} INFO - Setting next_dagrun for example_time_delta_sensor_async to None, run_after=None
[2025-03-13T09:52:16.442+0000] {processor.py:179} INFO - Processing /home/airflow/.local/lib/python3.7/site-packages/airflow/example_dags/example_time_delta_sensor_async.py took 0.075 seconds
[2025-03-13T09:52:47.703+0000] {processor.py:157} INFO - Started process (PID=1468) to work on /home/airflow/.local/lib/python3.7/site-packages/airflow/example_dags/example_time_delta_sensor_async.py
[2025-03-13T09:52:47.704+0000] {processor.py:826} INFO - Processing file /home/airflow/.local/lib/python3.7/site-packages/airflow/example_dags/example_time_delta_sensor_async.py for tasks to queue
[2025-03-13T09:52:47.705+0000] {logging_mixin.py:149} INFO - [2025-03-13T09:52:47.705+0000] {dagbag.py:541} INFO - Filling up the DagBag from /home/airflow/.local/lib/python3.7/site-packages/airflow/example_dags/example_time_delta_sensor_async.py
[2025-03-13T09:52:47.708+0000] {processor.py:836} INFO - DAG(s) dict_keys(['example_time_delta_sensor_async']) retrieved from /home/airflow/.local/lib/python3.7/site-packages/airflow/example_dags/example_time_delta_sensor_async.py
[2025-03-13T09:52:47.731+0000] {logging_mixin.py:149} INFO - [2025-03-13T09:52:47.730+0000] {dag.py:2726} INFO - Sync 1 DAGs
[2025-03-13T09:52:47.757+0000] {logging_mixin.py:149} INFO - [2025-03-13T09:52:47.757+0000] {dag.py:3490} INFO - Setting next_dagrun for example_time_delta_sensor_async to None, run_after=None
[2025-03-13T09:52:47.777+0000] {processor.py:179} INFO - Processing /home/airflow/.local/lib/python3.7/site-packages/airflow/example_dags/example_time_delta_sensor_async.py took 0.077 seconds
[2025-03-13T09:53:18.255+0000] {processor.py:157} INFO - Started process (PID=1559) to work on /home/airflow/.local/lib/python3.7/site-packages/airflow/example_dags/example_time_delta_sensor_async.py
[2025-03-13T09:53:18.256+0000] {processor.py:826} INFO - Processing file /home/airflow/.local/lib/python3.7/site-packages/airflow/example_dags/example_time_delta_sensor_async.py for tasks to queue
[2025-03-13T09:53:18.257+0000] {logging_mixin.py:149} INFO - [2025-03-13T09:53:18.256+0000] {dagbag.py:541} INFO - Filling up the DagBag from /home/airflow/.local/lib/python3.7/site-packages/airflow/example_dags/example_time_delta_sensor_async.py
[2025-03-13T09:53:18.261+0000] {processor.py:836} INFO - DAG(s) dict_keys(['example_time_delta_sensor_async']) retrieved from /home/airflow/.local/lib/python3.7/site-packages/airflow/example_dags/example_time_delta_sensor_async.py
[2025-03-13T09:53:18.284+0000] {logging_mixin.py:149} INFO - [2025-03-13T09:53:18.284+0000] {dag.py:2726} INFO - Sync 1 DAGs
[2025-03-13T09:53:18.307+0000] {logging_mixin.py:149} INFO - [2025-03-13T09:53:18.307+0000] {dag.py:3490} INFO - Setting next_dagrun for example_time_delta_sensor_async to None, run_after=None
[2025-03-13T09:53:18.324+0000] {processor.py:179} INFO - Processing /home/airflow/.local/lib/python3.7/site-packages/airflow/example_dags/example_time_delta_sensor_async.py took 0.072 seconds
[2025-03-13T09:53:49.601+0000] {processor.py:157} INFO - Started process (PID=1650) to work on /home/airflow/.local/lib/python3.7/site-packages/airflow/example_dags/example_time_delta_sensor_async.py
[2025-03-13T09:53:49.602+0000] {processor.py:826} INFO - Processing file /home/airflow/.local/lib/python3.7/site-packages/airflow/example_dags/example_time_delta_sensor_async.py for tasks to queue
[2025-03-13T09:53:49.602+0000] {logging_mixin.py:149} INFO - [2025-03-13T09:53:49.602+0000] {dagbag.py:541} INFO - Filling up the DagBag from /home/airflow/.local/lib/python3.7/site-packages/airflow/example_dags/example_time_delta_sensor_async.py
[2025-03-13T09:53:49.606+0000] {processor.py:836} INFO - DAG(s) dict_keys(['example_time_delta_sensor_async']) retrieved from /home/airflow/.local/lib/python3.7/site-packages/airflow/example_dags/example_time_delta_sensor_async.py
[2025-03-13T09:53:49.631+0000] {logging_mixin.py:149} INFO - [2025-03-13T09:53:49.631+0000] {dag.py:2726} INFO - Sync 1 DAGs
[2025-03-13T09:53:49.656+0000] {logging_mixin.py:149} INFO - [2025-03-13T09:53:49.656+0000] {dag.py:3490} INFO - Setting next_dagrun for example_time_delta_sensor_async to None, run_after=None
[2025-03-13T09:53:49.678+0000] {processor.py:179} INFO - Processing /home/airflow/.local/lib/python3.7/site-packages/airflow/example_dags/example_time_delta_sensor_async.py took 0.081 seconds
[2025-03-13T09:54:20.871+0000] {processor.py:157} INFO - Started process (PID=1741) to work on /home/airflow/.local/lib/python3.7/site-packages/airflow/example_dags/example_time_delta_sensor_async.py
[2025-03-13T09:54:20.872+0000] {processor.py:826} INFO - Processing file /home/airflow/.local/lib/python3.7/site-packages/airflow/example_dags/example_time_delta_sensor_async.py for tasks to queue
[2025-03-13T09:54:20.873+0000] {logging_mixin.py:149} INFO - [2025-03-13T09:54:20.873+0000] {dagbag.py:541} INFO - Filling up the DagBag from /home/airflow/.local/lib/python3.7/site-packages/airflow/example_dags/example_time_delta_sensor_async.py
[2025-03-13T09:54:20.877+0000] {processor.py:836} INFO - DAG(s) dict_keys(['example_time_delta_sensor_async']) retrieved from /home/airflow/.local/lib/python3.7/site-packages/airflow/example_dags/example_time_delta_sensor_async.py
[2025-03-13T09:54:20.899+0000] {logging_mixin.py:149} INFO - [2025-03-13T09:54:20.899+0000] {dag.py:2726} INFO - Sync 1 DAGs
[2025-03-13T09:54:20.922+0000] {logging_mixin.py:149} INFO - [2025-03-13T09:54:20.922+0000] {dag.py:3490} INFO - Setting next_dagrun for example_time_delta_sensor_async to None, run_after=None
[2025-03-13T09:54:20.939+0000] {processor.py:179} INFO - Processing /home/airflow/.local/lib/python3.7/site-packages/airflow/example_dags/example_time_delta_sensor_async.py took 0.070 seconds
[2025-03-13T09:54:52.142+0000] {processor.py:157} INFO - Started process (PID=1832) to work on /home/airflow/.local/lib/python3.7/site-packages/airflow/example_dags/example_time_delta_sensor_async.py
[2025-03-13T09:54:52.143+0000] {processor.py:826} INFO - Processing file /home/airflow/.local/lib/python3.7/site-packages/airflow/example_dags/example_time_delta_sensor_async.py for tasks to queue
[2025-03-13T09:54:52.144+0000] {logging_mixin.py:149} INFO - [2025-03-13T09:54:52.144+0000] {dagbag.py:541} INFO - Filling up the DagBag from /home/airflow/.local/lib/python3.7/site-packages/airflow/example_dags/example_time_delta_sensor_async.py
[2025-03-13T09:54:52.148+0000] {processor.py:836} INFO - DAG(s) dict_keys(['example_time_delta_sensor_async']) retrieved from /home/airflow/.local/lib/python3.7/site-packages/airflow/example_dags/example_time_delta_sensor_async.py
[2025-03-13T09:54:52.172+0000] {logging_mixin.py:149} INFO - [2025-03-13T09:54:52.172+0000] {dag.py:2726} INFO - Sync 1 DAGs
[2025-03-13T09:54:52.196+0000] {logging_mixin.py:149} INFO - [2025-03-13T09:54:52.195+0000] {dag.py:3490} INFO - Setting next_dagrun for example_time_delta_sensor_async to None, run_after=None
[2025-03-13T09:54:52.214+0000] {processor.py:179} INFO - Processing /home/airflow/.local/lib/python3.7/site-packages/airflow/example_dags/example_time_delta_sensor_async.py took 0.075 seconds
[2025-03-13T09:55:23.403+0000] {processor.py:157} INFO - Started process (PID=1923) to work on /home/airflow/.local/lib/python3.7/site-packages/airflow/example_dags/example_time_delta_sensor_async.py
[2025-03-13T09:55:23.404+0000] {processor.py:826} INFO - Processing file /home/airflow/.local/lib/python3.7/site-packages/airflow/example_dags/example_time_delta_sensor_async.py for tasks to queue
[2025-03-13T09:55:23.405+0000] {logging_mixin.py:149} INFO - [2025-03-13T09:55:23.405+0000] {dagbag.py:541} INFO - Filling up the DagBag from /home/airflow/.local/lib/python3.7/site-packages/airflow/example_dags/example_time_delta_sensor_async.py
[2025-03-13T09:55:23.410+0000] {processor.py:836} INFO - DAG(s) dict_keys(['example_time_delta_sensor_async']) retrieved from /home/airflow/.local/lib/python3.7/site-packages/airflow/example_dags/example_time_delta_sensor_async.py
[2025-03-13T09:55:23.445+0000] {logging_mixin.py:149} INFO - [2025-03-13T09:55:23.445+0000] {dag.py:2726} INFO - Sync 1 DAGs
[2025-03-13T09:55:23.473+0000] {logging_mixin.py:149} INFO - [2025-03-13T09:55:23.473+0000] {dag.py:3490} INFO - Setting next_dagrun for example_time_delta_sensor_async to None, run_after=None
[2025-03-13T09:55:23.500+0000] {processor.py:179} INFO - Processing /home/airflow/.local/lib/python3.7/site-packages/airflow/example_dags/example_time_delta_sensor_async.py took 0.103 seconds
[2025-03-13T09:55:54.703+0000] {processor.py:157} INFO - Started process (PID=2014) to work on /home/airflow/.local/lib/python3.7/site-packages/airflow/example_dags/example_time_delta_sensor_async.py
[2025-03-13T09:55:54.704+0000] {processor.py:826} INFO - Processing file /home/airflow/.local/lib/python3.7/site-packages/airflow/example_dags/example_time_delta_sensor_async.py for tasks to queue
[2025-03-13T09:55:54.705+0000] {logging_mixin.py:149} INFO - [2025-03-13T09:55:54.705+0000] {dagbag.py:541} INFO - Filling up the DagBag from /home/airflow/.local/lib/python3.7/site-packages/airflow/example_dags/example_time_delta_sensor_async.py
[2025-03-13T09:55:54.709+0000] {processor.py:836} INFO - DAG(s) dict_keys(['example_time_delta_sensor_async']) retrieved from /home/airflow/.local/lib/python3.7/site-packages/airflow/example_dags/example_time_delta_sensor_async.py
[2025-03-13T09:55:54.731+0000] {logging_mixin.py:149} INFO - [2025-03-13T09:55:54.731+0000] {dag.py:2726} INFO - Sync 1 DAGs
[2025-03-13T09:55:54.754+0000] {logging_mixin.py:149} INFO - [2025-03-13T09:55:54.754+0000] {dag.py:3490} INFO - Setting next_dagrun for example_time_delta_sensor_async to None, run_after=None
[2025-03-13T09:55:54.772+0000] {processor.py:179} INFO - Processing /home/airflow/.local/lib/python3.7/site-packages/airflow/example_dags/example_time_delta_sensor_async.py took 0.072 seconds
[2025-03-13T09:56:25.188+0000] {processor.py:157} INFO - Started process (PID=2105) to work on /home/airflow/.local/lib/python3.7/site-packages/airflow/example_dags/example_time_delta_sensor_async.py
[2025-03-13T09:56:25.189+0000] {processor.py:826} INFO - Processing file /home/airflow/.local/lib/python3.7/site-packages/airflow/example_dags/example_time_delta_sensor_async.py for tasks to queue
[2025-03-13T09:56:25.189+0000] {logging_mixin.py:149} INFO - [2025-03-13T09:56:25.189+0000] {dagbag.py:541} INFO - Filling up the DagBag from /home/airflow/.local/lib/python3.7/site-packages/airflow/example_dags/example_time_delta_sensor_async.py
[2025-03-13T09:56:25.193+0000] {processor.py:836} INFO - DAG(s) dict_keys(['example_time_delta_sensor_async']) retrieved from /home/airflow/.local/lib/python3.7/site-packages/airflow/example_dags/example_time_delta_sensor_async.py
[2025-03-13T09:56:25.213+0000] {logging_mixin.py:149} INFO - [2025-03-13T09:56:25.213+0000] {dag.py:2726} INFO - Sync 1 DAGs
[2025-03-13T09:56:25.235+0000] {logging_mixin.py:149} INFO - [2025-03-13T09:56:25.235+0000] {dag.py:3490} INFO - Setting next_dagrun for example_time_delta_sensor_async to None, run_after=None
[2025-03-13T09:56:25.251+0000] {processor.py:179} INFO - Processing /home/airflow/.local/lib/python3.7/site-packages/airflow/example_dags/example_time_delta_sensor_async.py took 0.066 seconds
[2025-03-13T09:56:55.720+0000] {processor.py:157} INFO - Started process (PID=2196) to work on /home/airflow/.local/lib/python3.7/site-packages/airflow/example_dags/example_time_delta_sensor_async.py
[2025-03-13T09:56:55.721+0000] {processor.py:826} INFO - Processing file /home/airflow/.local/lib/python3.7/site-packages/airflow/example_dags/example_time_delta_sensor_async.py for tasks to queue
[2025-03-13T09:56:55.722+0000] {logging_mixin.py:149} INFO - [2025-03-13T09:56:55.721+0000] {dagbag.py:541} INFO - Filling up the DagBag from /home/airflow/.local/lib/python3.7/site-packages/airflow/example_dags/example_time_delta_sensor_async.py
[2025-03-13T09:56:55.726+0000] {processor.py:836} INFO - DAG(s) dict_keys(['example_time_delta_sensor_async']) retrieved from /home/airflow/.local/lib/python3.7/site-packages/airflow/example_dags/example_time_delta_sensor_async.py
[2025-03-13T09:56:55.750+0000] {logging_mixin.py:149} INFO - [2025-03-13T09:56:55.750+0000] {dag.py:2726} INFO - Sync 1 DAGs
[2025-03-13T09:56:55.773+0000] {logging_mixin.py:149} INFO - [2025-03-13T09:56:55.773+0000] {dag.py:3490} INFO - Setting next_dagrun for example_time_delta_sensor_async to None, run_after=None
[2025-03-13T09:56:55.792+0000] {processor.py:179} INFO - Processing /home/airflow/.local/lib/python3.7/site-packages/airflow/example_dags/example_time_delta_sensor_async.py took 0.075 seconds
[2025-03-13T09:57:26.201+0000] {processor.py:157} INFO - Started process (PID=2287) to work on /home/airflow/.local/lib/python3.7/site-packages/airflow/example_dags/example_time_delta_sensor_async.py
[2025-03-13T09:57:26.202+0000] {processor.py:826} INFO - Processing file /home/airflow/.local/lib/python3.7/site-packages/airflow/example_dags/example_time_delta_sensor_async.py for tasks to queue
[2025-03-13T09:57:26.202+0000] {logging_mixin.py:149} INFO - [2025-03-13T09:57:26.202+0000] {dagbag.py:541} INFO - Filling up the DagBag from /home/airflow/.local/lib/python3.7/site-packages/airflow/example_dags/example_time_delta_sensor_async.py
[2025-03-13T09:57:26.206+0000] {processor.py:836} INFO - DAG(s) dict_keys(['example_time_delta_sensor_async']) retrieved from /home/airflow/.local/lib/python3.7/site-packages/airflow/example_dags/example_time_delta_sensor_async.py
[2025-03-13T09:57:26.230+0000] {logging_mixin.py:149} INFO - [2025-03-13T09:57:26.230+0000] {dag.py:2726} INFO - Sync 1 DAGs
[2025-03-13T09:57:26.254+0000] {logging_mixin.py:149} INFO - [2025-03-13T09:57:26.254+0000] {dag.py:3490} INFO - Setting next_dagrun for example_time_delta_sensor_async to None, run_after=None
[2025-03-13T09:57:26.273+0000] {processor.py:179} INFO - Processing /home/airflow/.local/lib/python3.7/site-packages/airflow/example_dags/example_time_delta_sensor_async.py took 0.075 seconds
[2025-03-13T09:57:56.677+0000] {processor.py:157} INFO - Started process (PID=2378) to work on /home/airflow/.local/lib/python3.7/site-packages/airflow/example_dags/example_time_delta_sensor_async.py
[2025-03-13T09:57:56.678+0000] {processor.py:826} INFO - Processing file /home/airflow/.local/lib/python3.7/site-packages/airflow/example_dags/example_time_delta_sensor_async.py for tasks to queue
[2025-03-13T09:57:56.678+0000] {logging_mixin.py:149} INFO - [2025-03-13T09:57:56.678+0000] {dagbag.py:541} INFO - Filling up the DagBag from /home/airflow/.local/lib/python3.7/site-packages/airflow/example_dags/example_time_delta_sensor_async.py
[2025-03-13T09:57:56.682+0000] {processor.py:836} INFO - DAG(s) dict_keys(['example_time_delta_sensor_async']) retrieved from /home/airflow/.local/lib/python3.7/site-packages/airflow/example_dags/example_time_delta_sensor_async.py
[2025-03-13T09:57:56.705+0000] {logging_mixin.py:149} INFO - [2025-03-13T09:57:56.705+0000] {dag.py:2726} INFO - Sync 1 DAGs
[2025-03-13T09:57:56.726+0000] {logging_mixin.py:149} INFO - [2025-03-13T09:57:56.726+0000] {dag.py:3490} INFO - Setting next_dagrun for example_time_delta_sensor_async to None, run_after=None
[2025-03-13T09:57:56.743+0000] {processor.py:179} INFO - Processing /home/airflow/.local/lib/python3.7/site-packages/airflow/example_dags/example_time_delta_sensor_async.py took 0.069 seconds
[2025-03-13T09:58:27.667+0000] {processor.py:157} INFO - Started process (PID=2469) to work on /home/airflow/.local/lib/python3.7/site-packages/airflow/example_dags/example_time_delta_sensor_async.py
[2025-03-13T09:58:27.668+0000] {processor.py:826} INFO - Processing file /home/airflow/.local/lib/python3.7/site-packages/airflow/example_dags/example_time_delta_sensor_async.py for tasks to queue
[2025-03-13T09:58:27.668+0000] {logging_mixin.py:149} INFO - [2025-03-13T09:58:27.668+0000] {dagbag.py:541} INFO - Filling up the DagBag from /home/airflow/.local/lib/python3.7/site-packages/airflow/example_dags/example_time_delta_sensor_async.py
[2025-03-13T09:58:27.672+0000] {processor.py:836} INFO - DAG(s) dict_keys(['example_time_delta_sensor_async']) retrieved from /home/airflow/.local/lib/python3.7/site-packages/airflow/example_dags/example_time_delta_sensor_async.py
[2025-03-13T09:58:27.695+0000] {logging_mixin.py:149} INFO - [2025-03-13T09:58:27.695+0000] {dag.py:2726} INFO - Sync 1 DAGs
[2025-03-13T09:58:27.718+0000] {logging_mixin.py:149} INFO - [2025-03-13T09:58:27.718+0000] {dag.py:3490} INFO - Setting next_dagrun for example_time_delta_sensor_async to None, run_after=None
[2025-03-13T09:58:27.741+0000] {processor.py:179} INFO - Processing /home/airflow/.local/lib/python3.7/site-packages/airflow/example_dags/example_time_delta_sensor_async.py took 0.077 seconds
[2025-03-13T09:58:58.958+0000] {processor.py:157} INFO - Started process (PID=2560) to work on /home/airflow/.local/lib/python3.7/site-packages/airflow/example_dags/example_time_delta_sensor_async.py
[2025-03-13T09:58:58.959+0000] {processor.py:826} INFO - Processing file /home/airflow/.local/lib/python3.7/site-packages/airflow/example_dags/example_time_delta_sensor_async.py for tasks to queue
[2025-03-13T09:58:58.959+0000] {logging_mixin.py:149} INFO - [2025-03-13T09:58:58.959+0000] {dagbag.py:541} INFO - Filling up the DagBag from /home/airflow/.local/lib/python3.7/site-packages/airflow/example_dags/example_time_delta_sensor_async.py
[2025-03-13T09:58:58.963+0000] {processor.py:836} INFO - DAG(s) dict_keys(['example_time_delta_sensor_async']) retrieved from /home/airflow/.local/lib/python3.7/site-packages/airflow/example_dags/example_time_delta_sensor_async.py
[2025-03-13T09:58:58.985+0000] {logging_mixin.py:149} INFO - [2025-03-13T09:58:58.985+0000] {dag.py:2726} INFO - Sync 1 DAGs
[2025-03-13T09:58:59.006+0000] {logging_mixin.py:149} INFO - [2025-03-13T09:58:59.006+0000] {dag.py:3490} INFO - Setting next_dagrun for example_time_delta_sensor_async to None, run_after=None
[2025-03-13T09:58:59.024+0000] {processor.py:179} INFO - Processing /home/airflow/.local/lib/python3.7/site-packages/airflow/example_dags/example_time_delta_sensor_async.py took 0.069 seconds
[2025-03-13T09:59:29.474+0000] {processor.py:157} INFO - Started process (PID=2651) to work on /home/airflow/.local/lib/python3.7/site-packages/airflow/example_dags/example_time_delta_sensor_async.py
[2025-03-13T09:59:29.475+0000] {processor.py:826} INFO - Processing file /home/airflow/.local/lib/python3.7/site-packages/airflow/example_dags/example_time_delta_sensor_async.py for tasks to queue
[2025-03-13T09:59:29.476+0000] {logging_mixin.py:149} INFO - [2025-03-13T09:59:29.476+0000] {dagbag.py:541} INFO - Filling up the DagBag from /home/airflow/.local/lib/python3.7/site-packages/airflow/example_dags/example_time_delta_sensor_async.py
[2025-03-13T09:59:29.482+0000] {processor.py:836} INFO - DAG(s) dict_keys(['example_time_delta_sensor_async']) retrieved from /home/airflow/.local/lib/python3.7/site-packages/airflow/example_dags/example_time_delta_sensor_async.py
[2025-03-13T09:59:29.512+0000] {logging_mixin.py:149} INFO - [2025-03-13T09:59:29.512+0000] {dag.py:2726} INFO - Sync 1 DAGs
[2025-03-13T09:59:29.541+0000] {logging_mixin.py:149} INFO - [2025-03-13T09:59:29.541+0000] {dag.py:3490} INFO - Setting next_dagrun for example_time_delta_sensor_async to None, run_after=None
[2025-03-13T09:59:29.564+0000] {processor.py:179} INFO - Processing /home/airflow/.local/lib/python3.7/site-packages/airflow/example_dags/example_time_delta_sensor_async.py took 0.094 seconds
[2025-03-13T10:00:00.045+0000] {processor.py:157} INFO - Started process (PID=2742) to work on /home/airflow/.local/lib/python3.7/site-packages/airflow/example_dags/example_time_delta_sensor_async.py
[2025-03-13T10:00:00.046+0000] {processor.py:826} INFO - Processing file /home/airflow/.local/lib/python3.7/site-packages/airflow/example_dags/example_time_delta_sensor_async.py for tasks to queue
[2025-03-13T10:00:00.047+0000] {logging_mixin.py:149} INFO - [2025-03-13T10:00:00.047+0000] {dagbag.py:541} INFO - Filling up the DagBag from /home/airflow/.local/lib/python3.7/site-packages/airflow/example_dags/example_time_delta_sensor_async.py
[2025-03-13T10:00:00.051+0000] {processor.py:836} INFO - DAG(s) dict_keys(['example_time_delta_sensor_async']) retrieved from /home/airflow/.local/lib/python3.7/site-packages/airflow/example_dags/example_time_delta_sensor_async.py
[2025-03-13T10:00:00.073+0000] {logging_mixin.py:149} INFO - [2025-03-13T10:00:00.073+0000] {dag.py:2726} INFO - Sync 1 DAGs
[2025-03-13T10:00:00.096+0000] {logging_mixin.py:149} INFO - [2025-03-13T10:00:00.096+0000] {dag.py:3490} INFO - Setting next_dagrun for example_time_delta_sensor_async to None, run_after=None
[2025-03-13T10:00:00.115+0000] {processor.py:179} INFO - Processing /home/airflow/.local/lib/python3.7/site-packages/airflow/example_dags/example_time_delta_sensor_async.py took 0.073 seconds
[2025-03-13T10:00:30.449+0000] {processor.py:157} INFO - Started process (PID=2833) to work on /home/airflow/.local/lib/python3.7/site-packages/airflow/example_dags/example_time_delta_sensor_async.py
[2025-03-13T10:00:30.450+0000] {processor.py:826} INFO - Processing file /home/airflow/.local/lib/python3.7/site-packages/airflow/example_dags/example_time_delta_sensor_async.py for tasks to queue
[2025-03-13T10:00:30.451+0000] {logging_mixin.py:149} INFO - [2025-03-13T10:00:30.451+0000] {dagbag.py:541} INFO - Filling up the DagBag from /home/airflow/.local/lib/python3.7/site-packages/airflow/example_dags/example_time_delta_sensor_async.py
[2025-03-13T10:00:30.454+0000] {processor.py:836} INFO - DAG(s) dict_keys(['example_time_delta_sensor_async']) retrieved from /home/airflow/.local/lib/python3.7/site-packages/airflow/example_dags/example_time_delta_sensor_async.py
[2025-03-13T10:00:30.477+0000] {logging_mixin.py:149} INFO - [2025-03-13T10:00:30.477+0000] {dag.py:2726} INFO - Sync 1 DAGs
[2025-03-13T10:00:30.501+0000] {logging_mixin.py:149} INFO - [2025-03-13T10:00:30.500+0000] {dag.py:3490} INFO - Setting next_dagrun for example_time_delta_sensor_async to None, run_after=None
[2025-03-13T10:00:30.519+0000] {processor.py:179} INFO - Processing /home/airflow/.local/lib/python3.7/site-packages/airflow/example_dags/example_time_delta_sensor_async.py took 0.072 seconds
[2025-03-13T10:01:01.095+0000] {processor.py:157} INFO - Started process (PID=2924) to work on /home/airflow/.local/lib/python3.7/site-packages/airflow/example_dags/example_time_delta_sensor_async.py
[2025-03-13T10:01:01.097+0000] {processor.py:826} INFO - Processing file /home/airflow/.local/lib/python3.7/site-packages/airflow/example_dags/example_time_delta_sensor_async.py for tasks to queue
[2025-03-13T10:01:01.097+0000] {logging_mixin.py:149} INFO - [2025-03-13T10:01:01.097+0000] {dagbag.py:541} INFO - Filling up the DagBag from /home/airflow/.local/lib/python3.7/site-packages/airflow/example_dags/example_time_delta_sensor_async.py
[2025-03-13T10:01:01.103+0000] {processor.py:836} INFO - DAG(s) dict_keys(['example_time_delta_sensor_async']) retrieved from /home/airflow/.local/lib/python3.7/site-packages/airflow/example_dags/example_time_delta_sensor_async.py
[2025-03-13T10:01:01.128+0000] {logging_mixin.py:149} INFO - [2025-03-13T10:01:01.128+0000] {dag.py:2726} INFO - Sync 1 DAGs
[2025-03-13T10:01:01.153+0000] {logging_mixin.py:149} INFO - [2025-03-13T10:01:01.153+0000] {dag.py:3490} INFO - Setting next_dagrun for example_time_delta_sensor_async to None, run_after=None
[2025-03-13T10:01:01.174+0000] {processor.py:179} INFO - Processing /home/airflow/.local/lib/python3.7/site-packages/airflow/example_dags/example_time_delta_sensor_async.py took 0.083 seconds
[2025-03-13T10:01:31.603+0000] {processor.py:157} INFO - Started process (PID=3015) to work on /home/airflow/.local/lib/python3.7/site-packages/airflow/example_dags/example_time_delta_sensor_async.py
[2025-03-13T10:01:31.605+0000] {processor.py:826} INFO - Processing file /home/airflow/.local/lib/python3.7/site-packages/airflow/example_dags/example_time_delta_sensor_async.py for tasks to queue
[2025-03-13T10:01:31.605+0000] {logging_mixin.py:149} INFO - [2025-03-13T10:01:31.605+0000] {dagbag.py:541} INFO - Filling up the DagBag from /home/airflow/.local/lib/python3.7/site-packages/airflow/example_dags/example_time_delta_sensor_async.py
[2025-03-13T10:01:31.609+0000] {processor.py:836} INFO - DAG(s) dict_keys(['example_time_delta_sensor_async']) retrieved from /home/airflow/.local/lib/python3.7/site-packages/airflow/example_dags/example_time_delta_sensor_async.py
[2025-03-13T10:01:31.633+0000] {logging_mixin.py:149} INFO - [2025-03-13T10:01:31.633+0000] {dag.py:2726} INFO - Sync 1 DAGs
[2025-03-13T10:01:31.659+0000] {logging_mixin.py:149} INFO - [2025-03-13T10:01:31.658+0000] {dag.py:3490} INFO - Setting next_dagrun for example_time_delta_sensor_async to None, run_after=None
[2025-03-13T10:01:31.681+0000] {processor.py:179} INFO - Processing /home/airflow/.local/lib/python3.7/site-packages/airflow/example_dags/example_time_delta_sensor_async.py took 0.081 seconds
[2025-03-13T10:02:02.138+0000] {processor.py:157} INFO - Started process (PID=3106) to work on /home/airflow/.local/lib/python3.7/site-packages/airflow/example_dags/example_time_delta_sensor_async.py
[2025-03-13T10:02:02.139+0000] {processor.py:826} INFO - Processing file /home/airflow/.local/lib/python3.7/site-packages/airflow/example_dags/example_time_delta_sensor_async.py for tasks to queue
[2025-03-13T10:02:02.140+0000] {logging_mixin.py:149} INFO - [2025-03-13T10:02:02.140+0000] {dagbag.py:541} INFO - Filling up the DagBag from /home/airflow/.local/lib/python3.7/site-packages/airflow/example_dags/example_time_delta_sensor_async.py
[2025-03-13T10:02:02.144+0000] {processor.py:836} INFO - DAG(s) dict_keys(['example_time_delta_sensor_async']) retrieved from /home/airflow/.local/lib/python3.7/site-packages/airflow/example_dags/example_time_delta_sensor_async.py
[2025-03-13T10:02:02.174+0000] {logging_mixin.py:149} INFO - [2025-03-13T10:02:02.173+0000] {dag.py:2726} INFO - Sync 1 DAGs
[2025-03-13T10:02:02.204+0000] {logging_mixin.py:149} INFO - [2025-03-13T10:02:02.203+0000] {dag.py:3490} INFO - Setting next_dagrun for example_time_delta_sensor_async to None, run_after=None
[2025-03-13T10:02:02.225+0000] {processor.py:179} INFO - Processing /home/airflow/.local/lib/python3.7/site-packages/airflow/example_dags/example_time_delta_sensor_async.py took 0.091 seconds
[2025-03-13T10:02:33.469+0000] {processor.py:157} INFO - Started process (PID=3197) to work on /home/airflow/.local/lib/python3.7/site-packages/airflow/example_dags/example_time_delta_sensor_async.py
[2025-03-13T10:02:33.470+0000] {processor.py:826} INFO - Processing file /home/airflow/.local/lib/python3.7/site-packages/airflow/example_dags/example_time_delta_sensor_async.py for tasks to queue
[2025-03-13T10:02:33.471+0000] {logging_mixin.py:149} INFO - [2025-03-13T10:02:33.471+0000] {dagbag.py:541} INFO - Filling up the DagBag from /home/airflow/.local/lib/python3.7/site-packages/airflow/example_dags/example_time_delta_sensor_async.py
[2025-03-13T10:02:33.475+0000] {processor.py:836} INFO - DAG(s) dict_keys(['example_time_delta_sensor_async']) retrieved from /home/airflow/.local/lib/python3.7/site-packages/airflow/example_dags/example_time_delta_sensor_async.py
[2025-03-13T10:02:33.498+0000] {logging_mixin.py:149} INFO - [2025-03-13T10:02:33.498+0000] {dag.py:2726} INFO - Sync 1 DAGs
[2025-03-13T10:02:33.524+0000] {logging_mixin.py:149} INFO - [2025-03-13T10:02:33.524+0000] {dag.py:3490} INFO - Setting next_dagrun for example_time_delta_sensor_async to None, run_after=None
[2025-03-13T10:02:33.544+0000] {processor.py:179} INFO - Processing /home/airflow/.local/lib/python3.7/site-packages/airflow/example_dags/example_time_delta_sensor_async.py took 0.078 seconds
[2025-03-13T10:03:04.842+0000] {processor.py:157} INFO - Started process (PID=3295) to work on /home/airflow/.local/lib/python3.7/site-packages/airflow/example_dags/example_time_delta_sensor_async.py
[2025-03-13T10:03:04.843+0000] {processor.py:826} INFO - Processing file /home/airflow/.local/lib/python3.7/site-packages/airflow/example_dags/example_time_delta_sensor_async.py for tasks to queue
[2025-03-13T10:03:04.843+0000] {logging_mixin.py:149} INFO - [2025-03-13T10:03:04.843+0000] {dagbag.py:541} INFO - Filling up the DagBag from /home/airflow/.local/lib/python3.7/site-packages/airflow/example_dags/example_time_delta_sensor_async.py
[2025-03-13T10:03:04.847+0000] {processor.py:836} INFO - DAG(s) dict_keys(['example_time_delta_sensor_async']) retrieved from /home/airflow/.local/lib/python3.7/site-packages/airflow/example_dags/example_time_delta_sensor_async.py
[2025-03-13T10:03:04.871+0000] {logging_mixin.py:149} INFO - [2025-03-13T10:03:04.871+0000] {dag.py:2726} INFO - Sync 1 DAGs
[2025-03-13T10:03:04.898+0000] {logging_mixin.py:149} INFO - [2025-03-13T10:03:04.897+0000] {dag.py:3490} INFO - Setting next_dagrun for example_time_delta_sensor_async to None, run_after=None
[2025-03-13T10:03:04.917+0000] {processor.py:179} INFO - Processing /home/airflow/.local/lib/python3.7/site-packages/airflow/example_dags/example_time_delta_sensor_async.py took 0.078 seconds
[2025-03-13T10:03:35.480+0000] {processor.py:157} INFO - Started process (PID=3386) to work on /home/airflow/.local/lib/python3.7/site-packages/airflow/example_dags/example_time_delta_sensor_async.py
[2025-03-13T10:03:35.481+0000] {processor.py:826} INFO - Processing file /home/airflow/.local/lib/python3.7/site-packages/airflow/example_dags/example_time_delta_sensor_async.py for tasks to queue
[2025-03-13T10:03:35.482+0000] {logging_mixin.py:149} INFO - [2025-03-13T10:03:35.482+0000] {dagbag.py:541} INFO - Filling up the DagBag from /home/airflow/.local/lib/python3.7/site-packages/airflow/example_dags/example_time_delta_sensor_async.py
[2025-03-13T10:03:35.486+0000] {processor.py:836} INFO - DAG(s) dict_keys(['example_time_delta_sensor_async']) retrieved from /home/airflow/.local/lib/python3.7/site-packages/airflow/example_dags/example_time_delta_sensor_async.py
[2025-03-13T10:03:35.510+0000] {logging_mixin.py:149} INFO - [2025-03-13T10:03:35.510+0000] {dag.py:2726} INFO - Sync 1 DAGs
[2025-03-13T10:03:35.536+0000] {logging_mixin.py:149} INFO - [2025-03-13T10:03:35.536+0000] {dag.py:3490} INFO - Setting next_dagrun for example_time_delta_sensor_async to None, run_after=None
[2025-03-13T10:03:35.558+0000] {processor.py:179} INFO - Processing /home/airflow/.local/lib/python3.7/site-packages/airflow/example_dags/example_time_delta_sensor_async.py took 0.081 seconds
[2025-03-13T10:04:05.833+0000] {processor.py:157} INFO - Started process (PID=3477) to work on /home/airflow/.local/lib/python3.7/site-packages/airflow/example_dags/example_time_delta_sensor_async.py
[2025-03-13T10:04:05.835+0000] {processor.py:826} INFO - Processing file /home/airflow/.local/lib/python3.7/site-packages/airflow/example_dags/example_time_delta_sensor_async.py for tasks to queue
[2025-03-13T10:04:05.835+0000] {logging_mixin.py:149} INFO - [2025-03-13T10:04:05.835+0000] {dagbag.py:541} INFO - Filling up the DagBag from /home/airflow/.local/lib/python3.7/site-packages/airflow/example_dags/example_time_delta_sensor_async.py
[2025-03-13T10:04:05.839+0000] {processor.py:836} INFO - DAG(s) dict_keys(['example_time_delta_sensor_async']) retrieved from /home/airflow/.local/lib/python3.7/site-packages/airflow/example_dags/example_time_delta_sensor_async.py
[2025-03-13T10:04:05.860+0000] {logging_mixin.py:149} INFO - [2025-03-13T10:04:05.860+0000] {dag.py:2726} INFO - Sync 1 DAGs
[2025-03-13T10:04:05.881+0000] {logging_mixin.py:149} INFO - [2025-03-13T10:04:05.880+0000] {dag.py:3490} INFO - Setting next_dagrun for example_time_delta_sensor_async to None, run_after=None
[2025-03-13T10:04:05.900+0000] {processor.py:179} INFO - Processing /home/airflow/.local/lib/python3.7/site-packages/airflow/example_dags/example_time_delta_sensor_async.py took 0.070 seconds
[2025-03-13T10:04:36.300+0000] {processor.py:157} INFO - Started process (PID=3568) to work on /home/airflow/.local/lib/python3.7/site-packages/airflow/example_dags/example_time_delta_sensor_async.py
[2025-03-13T10:04:36.301+0000] {processor.py:826} INFO - Processing file /home/airflow/.local/lib/python3.7/site-packages/airflow/example_dags/example_time_delta_sensor_async.py for tasks to queue
[2025-03-13T10:04:36.302+0000] {logging_mixin.py:149} INFO - [2025-03-13T10:04:36.302+0000] {dagbag.py:541} INFO - Filling up the DagBag from /home/airflow/.local/lib/python3.7/site-packages/airflow/example_dags/example_time_delta_sensor_async.py
[2025-03-13T10:04:36.305+0000] {processor.py:836} INFO - DAG(s) dict_keys(['example_time_delta_sensor_async']) retrieved from /home/airflow/.local/lib/python3.7/site-packages/airflow/example_dags/example_time_delta_sensor_async.py
[2025-03-13T10:04:36.328+0000] {logging_mixin.py:149} INFO - [2025-03-13T10:04:36.328+0000] {dag.py:2726} INFO - Sync 1 DAGs
[2025-03-13T10:04:36.349+0000] {logging_mixin.py:149} INFO - [2025-03-13T10:04:36.349+0000] {dag.py:3490} INFO - Setting next_dagrun for example_time_delta_sensor_async to None, run_after=None
[2025-03-13T10:04:36.369+0000] {processor.py:179} INFO - Processing /home/airflow/.local/lib/python3.7/site-packages/airflow/example_dags/example_time_delta_sensor_async.py took 0.071 seconds
[2025-03-13T10:05:07.220+0000] {processor.py:157} INFO - Started process (PID=3659) to work on /home/airflow/.local/lib/python3.7/site-packages/airflow/example_dags/example_time_delta_sensor_async.py
[2025-03-13T10:05:07.221+0000] {processor.py:826} INFO - Processing file /home/airflow/.local/lib/python3.7/site-packages/airflow/example_dags/example_time_delta_sensor_async.py for tasks to queue
[2025-03-13T10:05:07.221+0000] {logging_mixin.py:149} INFO - [2025-03-13T10:05:07.221+0000] {dagbag.py:541} INFO - Filling up the DagBag from /home/airflow/.local/lib/python3.7/site-packages/airflow/example_dags/example_time_delta_sensor_async.py
[2025-03-13T10:05:07.225+0000] {processor.py:836} INFO - DAG(s) dict_keys(['example_time_delta_sensor_async']) retrieved from /home/airflow/.local/lib/python3.7/site-packages/airflow/example_dags/example_time_delta_sensor_async.py
[2025-03-13T10:05:07.249+0000] {logging_mixin.py:149} INFO - [2025-03-13T10:05:07.249+0000] {dag.py:2726} INFO - Sync 1 DAGs
[2025-03-13T10:05:07.274+0000] {logging_mixin.py:149} INFO - [2025-03-13T10:05:07.274+0000] {dag.py:3490} INFO - Setting next_dagrun for example_time_delta_sensor_async to None, run_after=None
[2025-03-13T10:05:07.294+0000] {processor.py:179} INFO - Processing /home/airflow/.local/lib/python3.7/site-packages/airflow/example_dags/example_time_delta_sensor_async.py took 0.078 seconds
