[2025-03-13T09:45:03.977+0000] {processor.py:157} INFO - Started process (PID=117) to work on /home/airflow/.local/lib/python3.7/site-packages/airflow/example_dags/tutorial_dag.py
[2025-03-13T09:45:03.978+0000] {processor.py:826} INFO - Processing file /home/airflow/.local/lib/python3.7/site-packages/airflow/example_dags/tutorial_dag.py for tasks to queue
[2025-03-13T09:45:03.979+0000] {logging_mixin.py:149} INFO - [2025-03-13T09:45:03.979+0000] {dagbag.py:541} INFO - Filling up the DagBag from /home/airflow/.local/lib/python3.7/site-packages/airflow/example_dags/tutorial_dag.py
[2025-03-13T09:45:03.985+0000] {processor.py:836} INFO - DAG(s) dict_keys(['tutorial_dag']) retrieved from /home/airflow/.local/lib/python3.7/site-packages/airflow/example_dags/tutorial_dag.py
[2025-03-13T09:45:04.020+0000] {logging_mixin.py:149} INFO - [2025-03-13T09:45:04.019+0000] {dag.py:2726} INFO - Sync 1 DAGs
[2025-03-13T09:45:04.055+0000] {logging_mixin.py:149} INFO - [2025-03-13T09:45:04.055+0000] {dag.py:3490} INFO - Setting next_dagrun for tutorial_dag to None, run_after=None
[2025-03-13T09:45:04.082+0000] {processor.py:179} INFO - Processing /home/airflow/.local/lib/python3.7/site-packages/airflow/example_dags/tutorial_dag.py took 0.109 seconds
[2025-03-13T09:45:34.391+0000] {processor.py:157} INFO - Started process (PID=227) to work on /home/airflow/.local/lib/python3.7/site-packages/airflow/example_dags/tutorial_dag.py
[2025-03-13T09:45:34.392+0000] {processor.py:826} INFO - Processing file /home/airflow/.local/lib/python3.7/site-packages/airflow/example_dags/tutorial_dag.py for tasks to queue
[2025-03-13T09:45:34.393+0000] {logging_mixin.py:149} INFO - [2025-03-13T09:45:34.392+0000] {dagbag.py:541} INFO - Filling up the DagBag from /home/airflow/.local/lib/python3.7/site-packages/airflow/example_dags/tutorial_dag.py
[2025-03-13T09:45:34.399+0000] {processor.py:836} INFO - DAG(s) dict_keys(['tutorial_dag']) retrieved from /home/airflow/.local/lib/python3.7/site-packages/airflow/example_dags/tutorial_dag.py
[2025-03-13T09:45:34.425+0000] {logging_mixin.py:149} INFO - [2025-03-13T09:45:34.425+0000] {dag.py:2726} INFO - Sync 1 DAGs
[2025-03-13T09:45:34.448+0000] {logging_mixin.py:149} INFO - [2025-03-13T09:45:34.448+0000] {dag.py:3490} INFO - Setting next_dagrun for tutorial_dag to None, run_after=None
[2025-03-13T09:45:34.569+0000] {processor.py:179} INFO - Processing /home/airflow/.local/lib/python3.7/site-packages/airflow/example_dags/tutorial_dag.py took 0.182 seconds
[2025-03-13T09:46:06.131+0000] {processor.py:157} INFO - Started process (PID=316) to work on /home/airflow/.local/lib/python3.7/site-packages/airflow/example_dags/tutorial_dag.py
[2025-03-13T09:46:06.132+0000] {processor.py:826} INFO - Processing file /home/airflow/.local/lib/python3.7/site-packages/airflow/example_dags/tutorial_dag.py for tasks to queue
[2025-03-13T09:46:06.133+0000] {logging_mixin.py:149} INFO - [2025-03-13T09:46:06.133+0000] {dagbag.py:541} INFO - Filling up the DagBag from /home/airflow/.local/lib/python3.7/site-packages/airflow/example_dags/tutorial_dag.py
[2025-03-13T09:46:06.137+0000] {processor.py:836} INFO - DAG(s) dict_keys(['tutorial_dag']) retrieved from /home/airflow/.local/lib/python3.7/site-packages/airflow/example_dags/tutorial_dag.py
[2025-03-13T09:46:06.257+0000] {logging_mixin.py:149} INFO - [2025-03-13T09:46:06.256+0000] {dag.py:2726} INFO - Sync 1 DAGs
[2025-03-13T09:46:06.277+0000] {logging_mixin.py:149} INFO - [2025-03-13T09:46:06.277+0000] {dag.py:3490} INFO - Setting next_dagrun for tutorial_dag to None, run_after=None
[2025-03-13T09:46:06.294+0000] {processor.py:179} INFO - Processing /home/airflow/.local/lib/python3.7/site-packages/airflow/example_dags/tutorial_dag.py took 0.166 seconds
[2025-03-13T09:46:36.837+0000] {processor.py:157} INFO - Started process (PID=407) to work on /home/airflow/.local/lib/python3.7/site-packages/airflow/example_dags/tutorial_dag.py
[2025-03-13T09:46:36.838+0000] {processor.py:826} INFO - Processing file /home/airflow/.local/lib/python3.7/site-packages/airflow/example_dags/tutorial_dag.py for tasks to queue
[2025-03-13T09:46:36.839+0000] {logging_mixin.py:149} INFO - [2025-03-13T09:46:36.838+0000] {dagbag.py:541} INFO - Filling up the DagBag from /home/airflow/.local/lib/python3.7/site-packages/airflow/example_dags/tutorial_dag.py
[2025-03-13T09:46:36.843+0000] {processor.py:836} INFO - DAG(s) dict_keys(['tutorial_dag']) retrieved from /home/airflow/.local/lib/python3.7/site-packages/airflow/example_dags/tutorial_dag.py
[2025-03-13T09:46:36.865+0000] {logging_mixin.py:149} INFO - [2025-03-13T09:46:36.864+0000] {dag.py:2726} INFO - Sync 1 DAGs
[2025-03-13T09:46:36.892+0000] {logging_mixin.py:149} INFO - [2025-03-13T09:46:36.891+0000] {dag.py:3490} INFO - Setting next_dagrun for tutorial_dag to None, run_after=None
[2025-03-13T09:46:36.910+0000] {processor.py:179} INFO - Processing /home/airflow/.local/lib/python3.7/site-packages/airflow/example_dags/tutorial_dag.py took 0.077 seconds
[2025-03-13T09:47:07.785+0000] {processor.py:157} INFO - Started process (PID=498) to work on /home/airflow/.local/lib/python3.7/site-packages/airflow/example_dags/tutorial_dag.py
[2025-03-13T09:47:07.786+0000] {processor.py:826} INFO - Processing file /home/airflow/.local/lib/python3.7/site-packages/airflow/example_dags/tutorial_dag.py for tasks to queue
[2025-03-13T09:47:07.786+0000] {logging_mixin.py:149} INFO - [2025-03-13T09:47:07.786+0000] {dagbag.py:541} INFO - Filling up the DagBag from /home/airflow/.local/lib/python3.7/site-packages/airflow/example_dags/tutorial_dag.py
[2025-03-13T09:47:07.791+0000] {processor.py:836} INFO - DAG(s) dict_keys(['tutorial_dag']) retrieved from /home/airflow/.local/lib/python3.7/site-packages/airflow/example_dags/tutorial_dag.py
[2025-03-13T09:47:07.817+0000] {logging_mixin.py:149} INFO - [2025-03-13T09:47:07.817+0000] {dag.py:2726} INFO - Sync 1 DAGs
[2025-03-13T09:47:07.853+0000] {logging_mixin.py:149} INFO - [2025-03-13T09:47:07.853+0000] {dag.py:3490} INFO - Setting next_dagrun for tutorial_dag to None, run_after=None
[2025-03-13T09:47:07.881+0000] {processor.py:179} INFO - Processing /home/airflow/.local/lib/python3.7/site-packages/airflow/example_dags/tutorial_dag.py took 0.100 seconds
[2025-03-13T09:47:38.003+0000] {processor.py:157} INFO - Started process (PID=591) to work on /home/airflow/.local/lib/python3.7/site-packages/airflow/example_dags/tutorial_dag.py
[2025-03-13T09:47:38.004+0000] {processor.py:826} INFO - Processing file /home/airflow/.local/lib/python3.7/site-packages/airflow/example_dags/tutorial_dag.py for tasks to queue
[2025-03-13T09:47:38.005+0000] {logging_mixin.py:149} INFO - [2025-03-13T09:47:38.005+0000] {dagbag.py:541} INFO - Filling up the DagBag from /home/airflow/.local/lib/python3.7/site-packages/airflow/example_dags/tutorial_dag.py
[2025-03-13T09:47:38.009+0000] {processor.py:836} INFO - DAG(s) dict_keys(['tutorial_dag']) retrieved from /home/airflow/.local/lib/python3.7/site-packages/airflow/example_dags/tutorial_dag.py
[2025-03-13T09:47:38.030+0000] {logging_mixin.py:149} INFO - [2025-03-13T09:47:38.030+0000] {dag.py:2726} INFO - Sync 1 DAGs
[2025-03-13T09:47:38.051+0000] {logging_mixin.py:149} INFO - [2025-03-13T09:47:38.051+0000] {dag.py:3490} INFO - Setting next_dagrun for tutorial_dag to None, run_after=None
[2025-03-13T09:47:38.068+0000] {processor.py:179} INFO - Processing /home/airflow/.local/lib/python3.7/site-packages/airflow/example_dags/tutorial_dag.py took 0.067 seconds
[2025-03-13T09:48:09.041+0000] {processor.py:157} INFO - Started process (PID=681) to work on /home/airflow/.local/lib/python3.7/site-packages/airflow/example_dags/tutorial_dag.py
[2025-03-13T09:48:09.043+0000] {processor.py:826} INFO - Processing file /home/airflow/.local/lib/python3.7/site-packages/airflow/example_dags/tutorial_dag.py for tasks to queue
[2025-03-13T09:48:09.043+0000] {logging_mixin.py:149} INFO - [2025-03-13T09:48:09.043+0000] {dagbag.py:541} INFO - Filling up the DagBag from /home/airflow/.local/lib/python3.7/site-packages/airflow/example_dags/tutorial_dag.py
[2025-03-13T09:48:09.048+0000] {processor.py:836} INFO - DAG(s) dict_keys(['tutorial_dag']) retrieved from /home/airflow/.local/lib/python3.7/site-packages/airflow/example_dags/tutorial_dag.py
[2025-03-13T09:48:09.074+0000] {logging_mixin.py:149} INFO - [2025-03-13T09:48:09.073+0000] {dag.py:2726} INFO - Sync 1 DAGs
[2025-03-13T09:48:09.097+0000] {logging_mixin.py:149} INFO - [2025-03-13T09:48:09.097+0000] {dag.py:3490} INFO - Setting next_dagrun for tutorial_dag to None, run_after=None
[2025-03-13T09:48:09.116+0000] {processor.py:179} INFO - Processing /home/airflow/.local/lib/python3.7/site-packages/airflow/example_dags/tutorial_dag.py took 0.078 seconds
[2025-03-13T09:48:39.598+0000] {processor.py:157} INFO - Started process (PID=772) to work on /home/airflow/.local/lib/python3.7/site-packages/airflow/example_dags/tutorial_dag.py
[2025-03-13T09:48:39.599+0000] {processor.py:826} INFO - Processing file /home/airflow/.local/lib/python3.7/site-packages/airflow/example_dags/tutorial_dag.py for tasks to queue
[2025-03-13T09:48:39.600+0000] {logging_mixin.py:149} INFO - [2025-03-13T09:48:39.599+0000] {dagbag.py:541} INFO - Filling up the DagBag from /home/airflow/.local/lib/python3.7/site-packages/airflow/example_dags/tutorial_dag.py
[2025-03-13T09:48:39.604+0000] {processor.py:836} INFO - DAG(s) dict_keys(['tutorial_dag']) retrieved from /home/airflow/.local/lib/python3.7/site-packages/airflow/example_dags/tutorial_dag.py
[2025-03-13T09:48:39.630+0000] {logging_mixin.py:149} INFO - [2025-03-13T09:48:39.629+0000] {dag.py:2726} INFO - Sync 1 DAGs
[2025-03-13T09:48:39.657+0000] {logging_mixin.py:149} INFO - [2025-03-13T09:48:39.657+0000] {dag.py:3490} INFO - Setting next_dagrun for tutorial_dag to None, run_after=None
[2025-03-13T09:48:39.676+0000] {processor.py:179} INFO - Processing /home/airflow/.local/lib/python3.7/site-packages/airflow/example_dags/tutorial_dag.py took 0.082 seconds
[2025-03-13T09:49:10.625+0000] {processor.py:157} INFO - Started process (PID=863) to work on /home/airflow/.local/lib/python3.7/site-packages/airflow/example_dags/tutorial_dag.py
[2025-03-13T09:49:10.626+0000] {processor.py:826} INFO - Processing file /home/airflow/.local/lib/python3.7/site-packages/airflow/example_dags/tutorial_dag.py for tasks to queue
[2025-03-13T09:49:10.627+0000] {logging_mixin.py:149} INFO - [2025-03-13T09:49:10.627+0000] {dagbag.py:541} INFO - Filling up the DagBag from /home/airflow/.local/lib/python3.7/site-packages/airflow/example_dags/tutorial_dag.py
[2025-03-13T09:49:10.631+0000] {processor.py:836} INFO - DAG(s) dict_keys(['tutorial_dag']) retrieved from /home/airflow/.local/lib/python3.7/site-packages/airflow/example_dags/tutorial_dag.py
[2025-03-13T09:49:10.653+0000] {logging_mixin.py:149} INFO - [2025-03-13T09:49:10.653+0000] {dag.py:2726} INFO - Sync 1 DAGs
[2025-03-13T09:49:10.675+0000] {logging_mixin.py:149} INFO - [2025-03-13T09:49:10.674+0000] {dag.py:3490} INFO - Setting next_dagrun for tutorial_dag to None, run_after=None
[2025-03-13T09:49:10.694+0000] {processor.py:179} INFO - Processing /home/airflow/.local/lib/python3.7/site-packages/airflow/example_dags/tutorial_dag.py took 0.072 seconds
[2025-03-13T09:49:41.820+0000] {processor.py:157} INFO - Started process (PID=954) to work on /home/airflow/.local/lib/python3.7/site-packages/airflow/example_dags/tutorial_dag.py
[2025-03-13T09:49:41.821+0000] {processor.py:826} INFO - Processing file /home/airflow/.local/lib/python3.7/site-packages/airflow/example_dags/tutorial_dag.py for tasks to queue
[2025-03-13T09:49:41.822+0000] {logging_mixin.py:149} INFO - [2025-03-13T09:49:41.822+0000] {dagbag.py:541} INFO - Filling up the DagBag from /home/airflow/.local/lib/python3.7/site-packages/airflow/example_dags/tutorial_dag.py
[2025-03-13T09:49:41.826+0000] {processor.py:836} INFO - DAG(s) dict_keys(['tutorial_dag']) retrieved from /home/airflow/.local/lib/python3.7/site-packages/airflow/example_dags/tutorial_dag.py
[2025-03-13T09:49:41.849+0000] {logging_mixin.py:149} INFO - [2025-03-13T09:49:41.849+0000] {dag.py:2726} INFO - Sync 1 DAGs
[2025-03-13T09:49:41.870+0000] {logging_mixin.py:149} INFO - [2025-03-13T09:49:41.870+0000] {dag.py:3490} INFO - Setting next_dagrun for tutorial_dag to None, run_after=None
[2025-03-13T09:49:41.889+0000] {processor.py:179} INFO - Processing /home/airflow/.local/lib/python3.7/site-packages/airflow/example_dags/tutorial_dag.py took 0.072 seconds
[2025-03-13T09:50:13.230+0000] {processor.py:157} INFO - Started process (PID=1045) to work on /home/airflow/.local/lib/python3.7/site-packages/airflow/example_dags/tutorial_dag.py
[2025-03-13T09:50:13.231+0000] {processor.py:826} INFO - Processing file /home/airflow/.local/lib/python3.7/site-packages/airflow/example_dags/tutorial_dag.py for tasks to queue
[2025-03-13T09:50:13.232+0000] {logging_mixin.py:149} INFO - [2025-03-13T09:50:13.232+0000] {dagbag.py:541} INFO - Filling up the DagBag from /home/airflow/.local/lib/python3.7/site-packages/airflow/example_dags/tutorial_dag.py
[2025-03-13T09:50:13.237+0000] {processor.py:836} INFO - DAG(s) dict_keys(['tutorial_dag']) retrieved from /home/airflow/.local/lib/python3.7/site-packages/airflow/example_dags/tutorial_dag.py
[2025-03-13T09:50:13.260+0000] {logging_mixin.py:149} INFO - [2025-03-13T09:50:13.260+0000] {dag.py:2726} INFO - Sync 1 DAGs
[2025-03-13T09:50:13.286+0000] {logging_mixin.py:149} INFO - [2025-03-13T09:50:13.285+0000] {dag.py:3490} INFO - Setting next_dagrun for tutorial_dag to None, run_after=None
[2025-03-13T09:50:13.303+0000] {processor.py:179} INFO - Processing /home/airflow/.local/lib/python3.7/site-packages/airflow/example_dags/tutorial_dag.py took 0.076 seconds
[2025-03-13T09:50:44.125+0000] {processor.py:157} INFO - Started process (PID=1136) to work on /home/airflow/.local/lib/python3.7/site-packages/airflow/example_dags/tutorial_dag.py
[2025-03-13T09:50:44.126+0000] {processor.py:826} INFO - Processing file /home/airflow/.local/lib/python3.7/site-packages/airflow/example_dags/tutorial_dag.py for tasks to queue
[2025-03-13T09:50:44.126+0000] {logging_mixin.py:149} INFO - [2025-03-13T09:50:44.126+0000] {dagbag.py:541} INFO - Filling up the DagBag from /home/airflow/.local/lib/python3.7/site-packages/airflow/example_dags/tutorial_dag.py
[2025-03-13T09:50:44.131+0000] {processor.py:836} INFO - DAG(s) dict_keys(['tutorial_dag']) retrieved from /home/airflow/.local/lib/python3.7/site-packages/airflow/example_dags/tutorial_dag.py
[2025-03-13T09:50:44.152+0000] {logging_mixin.py:149} INFO - [2025-03-13T09:50:44.152+0000] {dag.py:2726} INFO - Sync 1 DAGs
[2025-03-13T09:50:44.174+0000] {logging_mixin.py:149} INFO - [2025-03-13T09:50:44.174+0000] {dag.py:3490} INFO - Setting next_dagrun for tutorial_dag to None, run_after=None
[2025-03-13T09:50:44.190+0000] {processor.py:179} INFO - Processing /home/airflow/.local/lib/python3.7/site-packages/airflow/example_dags/tutorial_dag.py took 0.068 seconds
[2025-03-13T09:51:15.763+0000] {processor.py:157} INFO - Started process (PID=1227) to work on /home/airflow/.local/lib/python3.7/site-packages/airflow/example_dags/tutorial_dag.py
[2025-03-13T09:51:15.764+0000] {processor.py:826} INFO - Processing file /home/airflow/.local/lib/python3.7/site-packages/airflow/example_dags/tutorial_dag.py for tasks to queue
[2025-03-13T09:51:15.765+0000] {logging_mixin.py:149} INFO - [2025-03-13T09:51:15.765+0000] {dagbag.py:541} INFO - Filling up the DagBag from /home/airflow/.local/lib/python3.7/site-packages/airflow/example_dags/tutorial_dag.py
[2025-03-13T09:51:15.770+0000] {processor.py:836} INFO - DAG(s) dict_keys(['tutorial_dag']) retrieved from /home/airflow/.local/lib/python3.7/site-packages/airflow/example_dags/tutorial_dag.py
[2025-03-13T09:51:15.793+0000] {logging_mixin.py:149} INFO - [2025-03-13T09:51:15.793+0000] {dag.py:2726} INFO - Sync 1 DAGs
[2025-03-13T09:51:15.815+0000] {logging_mixin.py:149} INFO - [2025-03-13T09:51:15.815+0000] {dag.py:3490} INFO - Setting next_dagrun for tutorial_dag to None, run_after=None
[2025-03-13T09:51:15.833+0000] {processor.py:179} INFO - Processing /home/airflow/.local/lib/python3.7/site-packages/airflow/example_dags/tutorial_dag.py took 0.074 seconds
[2025-03-13T09:51:47.045+0000] {processor.py:157} INFO - Started process (PID=1318) to work on /home/airflow/.local/lib/python3.7/site-packages/airflow/example_dags/tutorial_dag.py
[2025-03-13T09:51:47.046+0000] {processor.py:826} INFO - Processing file /home/airflow/.local/lib/python3.7/site-packages/airflow/example_dags/tutorial_dag.py for tasks to queue
[2025-03-13T09:51:47.046+0000] {logging_mixin.py:149} INFO - [2025-03-13T09:51:47.046+0000] {dagbag.py:541} INFO - Filling up the DagBag from /home/airflow/.local/lib/python3.7/site-packages/airflow/example_dags/tutorial_dag.py
[2025-03-13T09:51:47.051+0000] {processor.py:836} INFO - DAG(s) dict_keys(['tutorial_dag']) retrieved from /home/airflow/.local/lib/python3.7/site-packages/airflow/example_dags/tutorial_dag.py
[2025-03-13T09:51:47.074+0000] {logging_mixin.py:149} INFO - [2025-03-13T09:51:47.073+0000] {dag.py:2726} INFO - Sync 1 DAGs
[2025-03-13T09:51:47.098+0000] {logging_mixin.py:149} INFO - [2025-03-13T09:51:47.098+0000] {dag.py:3490} INFO - Setting next_dagrun for tutorial_dag to None, run_after=None
[2025-03-13T09:51:47.117+0000] {processor.py:179} INFO - Processing /home/airflow/.local/lib/python3.7/site-packages/airflow/example_dags/tutorial_dag.py took 0.076 seconds
[2025-03-13T09:52:18.460+0000] {processor.py:157} INFO - Started process (PID=1409) to work on /home/airflow/.local/lib/python3.7/site-packages/airflow/example_dags/tutorial_dag.py
[2025-03-13T09:52:18.461+0000] {processor.py:826} INFO - Processing file /home/airflow/.local/lib/python3.7/site-packages/airflow/example_dags/tutorial_dag.py for tasks to queue
[2025-03-13T09:52:18.462+0000] {logging_mixin.py:149} INFO - [2025-03-13T09:52:18.461+0000] {dagbag.py:541} INFO - Filling up the DagBag from /home/airflow/.local/lib/python3.7/site-packages/airflow/example_dags/tutorial_dag.py
[2025-03-13T09:52:18.466+0000] {processor.py:836} INFO - DAG(s) dict_keys(['tutorial_dag']) retrieved from /home/airflow/.local/lib/python3.7/site-packages/airflow/example_dags/tutorial_dag.py
[2025-03-13T09:52:18.490+0000] {logging_mixin.py:149} INFO - [2025-03-13T09:52:18.490+0000] {dag.py:2726} INFO - Sync 1 DAGs
[2025-03-13T09:52:18.515+0000] {logging_mixin.py:149} INFO - [2025-03-13T09:52:18.515+0000] {dag.py:3490} INFO - Setting next_dagrun for tutorial_dag to None, run_after=None
[2025-03-13T09:52:18.533+0000] {processor.py:179} INFO - Processing /home/airflow/.local/lib/python3.7/site-packages/airflow/example_dags/tutorial_dag.py took 0.077 seconds
[2025-03-13T09:52:49.676+0000] {processor.py:157} INFO - Started process (PID=1500) to work on /home/airflow/.local/lib/python3.7/site-packages/airflow/example_dags/tutorial_dag.py
[2025-03-13T09:52:49.677+0000] {processor.py:826} INFO - Processing file /home/airflow/.local/lib/python3.7/site-packages/airflow/example_dags/tutorial_dag.py for tasks to queue
[2025-03-13T09:52:49.678+0000] {logging_mixin.py:149} INFO - [2025-03-13T09:52:49.678+0000] {dagbag.py:541} INFO - Filling up the DagBag from /home/airflow/.local/lib/python3.7/site-packages/airflow/example_dags/tutorial_dag.py
[2025-03-13T09:52:49.682+0000] {processor.py:836} INFO - DAG(s) dict_keys(['tutorial_dag']) retrieved from /home/airflow/.local/lib/python3.7/site-packages/airflow/example_dags/tutorial_dag.py
[2025-03-13T09:52:49.705+0000] {logging_mixin.py:149} INFO - [2025-03-13T09:52:49.705+0000] {dag.py:2726} INFO - Sync 1 DAGs
[2025-03-13T09:52:49.729+0000] {logging_mixin.py:149} INFO - [2025-03-13T09:52:49.728+0000] {dag.py:3490} INFO - Setting next_dagrun for tutorial_dag to None, run_after=None
[2025-03-13T09:52:49.747+0000] {processor.py:179} INFO - Processing /home/airflow/.local/lib/python3.7/site-packages/airflow/example_dags/tutorial_dag.py took 0.074 seconds
[2025-03-13T09:53:20.094+0000] {processor.py:157} INFO - Started process (PID=1591) to work on /home/airflow/.local/lib/python3.7/site-packages/airflow/example_dags/tutorial_dag.py
[2025-03-13T09:53:20.095+0000] {processor.py:826} INFO - Processing file /home/airflow/.local/lib/python3.7/site-packages/airflow/example_dags/tutorial_dag.py for tasks to queue
[2025-03-13T09:53:20.095+0000] {logging_mixin.py:149} INFO - [2025-03-13T09:53:20.095+0000] {dagbag.py:541} INFO - Filling up the DagBag from /home/airflow/.local/lib/python3.7/site-packages/airflow/example_dags/tutorial_dag.py
[2025-03-13T09:53:20.100+0000] {processor.py:836} INFO - DAG(s) dict_keys(['tutorial_dag']) retrieved from /home/airflow/.local/lib/python3.7/site-packages/airflow/example_dags/tutorial_dag.py
[2025-03-13T09:53:20.123+0000] {logging_mixin.py:149} INFO - [2025-03-13T09:53:20.123+0000] {dag.py:2726} INFO - Sync 1 DAGs
[2025-03-13T09:53:20.147+0000] {logging_mixin.py:149} INFO - [2025-03-13T09:53:20.147+0000] {dag.py:3490} INFO - Setting next_dagrun for tutorial_dag to None, run_after=None
[2025-03-13T09:53:20.166+0000] {processor.py:179} INFO - Processing /home/airflow/.local/lib/python3.7/site-packages/airflow/example_dags/tutorial_dag.py took 0.075 seconds
[2025-03-13T09:53:51.409+0000] {processor.py:157} INFO - Started process (PID=1682) to work on /home/airflow/.local/lib/python3.7/site-packages/airflow/example_dags/tutorial_dag.py
[2025-03-13T09:53:51.410+0000] {processor.py:826} INFO - Processing file /home/airflow/.local/lib/python3.7/site-packages/airflow/example_dags/tutorial_dag.py for tasks to queue
[2025-03-13T09:53:51.410+0000] {logging_mixin.py:149} INFO - [2025-03-13T09:53:51.410+0000] {dagbag.py:541} INFO - Filling up the DagBag from /home/airflow/.local/lib/python3.7/site-packages/airflow/example_dags/tutorial_dag.py
[2025-03-13T09:53:51.415+0000] {processor.py:836} INFO - DAG(s) dict_keys(['tutorial_dag']) retrieved from /home/airflow/.local/lib/python3.7/site-packages/airflow/example_dags/tutorial_dag.py
[2025-03-13T09:53:51.438+0000] {logging_mixin.py:149} INFO - [2025-03-13T09:53:51.438+0000] {dag.py:2726} INFO - Sync 1 DAGs
[2025-03-13T09:53:51.463+0000] {logging_mixin.py:149} INFO - [2025-03-13T09:53:51.462+0000] {dag.py:3490} INFO - Setting next_dagrun for tutorial_dag to None, run_after=None
[2025-03-13T09:53:51.484+0000] {processor.py:179} INFO - Processing /home/airflow/.local/lib/python3.7/site-packages/airflow/example_dags/tutorial_dag.py took 0.079 seconds
[2025-03-13T09:54:22.645+0000] {processor.py:157} INFO - Started process (PID=1773) to work on /home/airflow/.local/lib/python3.7/site-packages/airflow/example_dags/tutorial_dag.py
[2025-03-13T09:54:22.646+0000] {processor.py:826} INFO - Processing file /home/airflow/.local/lib/python3.7/site-packages/airflow/example_dags/tutorial_dag.py for tasks to queue
[2025-03-13T09:54:22.647+0000] {logging_mixin.py:149} INFO - [2025-03-13T09:54:22.647+0000] {dagbag.py:541} INFO - Filling up the DagBag from /home/airflow/.local/lib/python3.7/site-packages/airflow/example_dags/tutorial_dag.py
[2025-03-13T09:54:22.651+0000] {processor.py:836} INFO - DAG(s) dict_keys(['tutorial_dag']) retrieved from /home/airflow/.local/lib/python3.7/site-packages/airflow/example_dags/tutorial_dag.py
[2025-03-13T09:54:22.677+0000] {logging_mixin.py:149} INFO - [2025-03-13T09:54:22.677+0000] {dag.py:2726} INFO - Sync 1 DAGs
[2025-03-13T09:54:22.701+0000] {logging_mixin.py:149} INFO - [2025-03-13T09:54:22.701+0000] {dag.py:3490} INFO - Setting next_dagrun for tutorial_dag to None, run_after=None
[2025-03-13T09:54:22.720+0000] {processor.py:179} INFO - Processing /home/airflow/.local/lib/python3.7/site-packages/airflow/example_dags/tutorial_dag.py took 0.078 seconds
[2025-03-13T09:54:54.002+0000] {processor.py:157} INFO - Started process (PID=1864) to work on /home/airflow/.local/lib/python3.7/site-packages/airflow/example_dags/tutorial_dag.py
[2025-03-13T09:54:54.003+0000] {processor.py:826} INFO - Processing file /home/airflow/.local/lib/python3.7/site-packages/airflow/example_dags/tutorial_dag.py for tasks to queue
[2025-03-13T09:54:54.003+0000] {logging_mixin.py:149} INFO - [2025-03-13T09:54:54.003+0000] {dagbag.py:541} INFO - Filling up the DagBag from /home/airflow/.local/lib/python3.7/site-packages/airflow/example_dags/tutorial_dag.py
[2025-03-13T09:54:54.008+0000] {processor.py:836} INFO - DAG(s) dict_keys(['tutorial_dag']) retrieved from /home/airflow/.local/lib/python3.7/site-packages/airflow/example_dags/tutorial_dag.py
[2025-03-13T09:54:54.031+0000] {logging_mixin.py:149} INFO - [2025-03-13T09:54:54.031+0000] {dag.py:2726} INFO - Sync 1 DAGs
[2025-03-13T09:54:54.054+0000] {logging_mixin.py:149} INFO - [2025-03-13T09:54:54.053+0000] {dag.py:3490} INFO - Setting next_dagrun for tutorial_dag to None, run_after=None
[2025-03-13T09:54:54.074+0000] {processor.py:179} INFO - Processing /home/airflow/.local/lib/python3.7/site-packages/airflow/example_dags/tutorial_dag.py took 0.075 seconds
[2025-03-13T09:55:25.192+0000] {processor.py:157} INFO - Started process (PID=1955) to work on /home/airflow/.local/lib/python3.7/site-packages/airflow/example_dags/tutorial_dag.py
[2025-03-13T09:55:25.193+0000] {processor.py:826} INFO - Processing file /home/airflow/.local/lib/python3.7/site-packages/airflow/example_dags/tutorial_dag.py for tasks to queue
[2025-03-13T09:55:25.193+0000] {logging_mixin.py:149} INFO - [2025-03-13T09:55:25.193+0000] {dagbag.py:541} INFO - Filling up the DagBag from /home/airflow/.local/lib/python3.7/site-packages/airflow/example_dags/tutorial_dag.py
[2025-03-13T09:55:25.197+0000] {processor.py:836} INFO - DAG(s) dict_keys(['tutorial_dag']) retrieved from /home/airflow/.local/lib/python3.7/site-packages/airflow/example_dags/tutorial_dag.py
[2025-03-13T09:55:25.219+0000] {logging_mixin.py:149} INFO - [2025-03-13T09:55:25.219+0000] {dag.py:2726} INFO - Sync 1 DAGs
[2025-03-13T09:55:25.242+0000] {logging_mixin.py:149} INFO - [2025-03-13T09:55:25.242+0000] {dag.py:3490} INFO - Setting next_dagrun for tutorial_dag to None, run_after=None
[2025-03-13T09:55:25.262+0000] {processor.py:179} INFO - Processing /home/airflow/.local/lib/python3.7/site-packages/airflow/example_dags/tutorial_dag.py took 0.073 seconds
[2025-03-13T09:55:56.653+0000] {processor.py:157} INFO - Started process (PID=2046) to work on /home/airflow/.local/lib/python3.7/site-packages/airflow/example_dags/tutorial_dag.py
[2025-03-13T09:55:56.654+0000] {processor.py:826} INFO - Processing file /home/airflow/.local/lib/python3.7/site-packages/airflow/example_dags/tutorial_dag.py for tasks to queue
[2025-03-13T09:55:56.655+0000] {logging_mixin.py:149} INFO - [2025-03-13T09:55:56.655+0000] {dagbag.py:541} INFO - Filling up the DagBag from /home/airflow/.local/lib/python3.7/site-packages/airflow/example_dags/tutorial_dag.py
[2025-03-13T09:55:56.659+0000] {processor.py:836} INFO - DAG(s) dict_keys(['tutorial_dag']) retrieved from /home/airflow/.local/lib/python3.7/site-packages/airflow/example_dags/tutorial_dag.py
[2025-03-13T09:55:56.682+0000] {logging_mixin.py:149} INFO - [2025-03-13T09:55:56.682+0000] {dag.py:2726} INFO - Sync 1 DAGs
[2025-03-13T09:55:56.704+0000] {logging_mixin.py:149} INFO - [2025-03-13T09:55:56.704+0000] {dag.py:3490} INFO - Setting next_dagrun for tutorial_dag to None, run_after=None
[2025-03-13T09:55:56.723+0000] {processor.py:179} INFO - Processing /home/airflow/.local/lib/python3.7/site-packages/airflow/example_dags/tutorial_dag.py took 0.073 seconds
[2025-03-13T09:56:27.053+0000] {processor.py:157} INFO - Started process (PID=2137) to work on /home/airflow/.local/lib/python3.7/site-packages/airflow/example_dags/tutorial_dag.py
[2025-03-13T09:56:27.054+0000] {processor.py:826} INFO - Processing file /home/airflow/.local/lib/python3.7/site-packages/airflow/example_dags/tutorial_dag.py for tasks to queue
[2025-03-13T09:56:27.054+0000] {logging_mixin.py:149} INFO - [2025-03-13T09:56:27.054+0000] {dagbag.py:541} INFO - Filling up the DagBag from /home/airflow/.local/lib/python3.7/site-packages/airflow/example_dags/tutorial_dag.py
[2025-03-13T09:56:27.059+0000] {processor.py:836} INFO - DAG(s) dict_keys(['tutorial_dag']) retrieved from /home/airflow/.local/lib/python3.7/site-packages/airflow/example_dags/tutorial_dag.py
[2025-03-13T09:56:27.082+0000] {logging_mixin.py:149} INFO - [2025-03-13T09:56:27.082+0000] {dag.py:2726} INFO - Sync 1 DAGs
[2025-03-13T09:56:27.104+0000] {logging_mixin.py:149} INFO - [2025-03-13T09:56:27.104+0000] {dag.py:3490} INFO - Setting next_dagrun for tutorial_dag to None, run_after=None
[2025-03-13T09:56:27.122+0000] {processor.py:179} INFO - Processing /home/airflow/.local/lib/python3.7/site-packages/airflow/example_dags/tutorial_dag.py took 0.073 seconds
[2025-03-13T09:56:57.606+0000] {processor.py:157} INFO - Started process (PID=2228) to work on /home/airflow/.local/lib/python3.7/site-packages/airflow/example_dags/tutorial_dag.py
[2025-03-13T09:56:57.607+0000] {processor.py:826} INFO - Processing file /home/airflow/.local/lib/python3.7/site-packages/airflow/example_dags/tutorial_dag.py for tasks to queue
[2025-03-13T09:56:57.607+0000] {logging_mixin.py:149} INFO - [2025-03-13T09:56:57.607+0000] {dagbag.py:541} INFO - Filling up the DagBag from /home/airflow/.local/lib/python3.7/site-packages/airflow/example_dags/tutorial_dag.py
[2025-03-13T09:56:57.612+0000] {processor.py:836} INFO - DAG(s) dict_keys(['tutorial_dag']) retrieved from /home/airflow/.local/lib/python3.7/site-packages/airflow/example_dags/tutorial_dag.py
[2025-03-13T09:56:57.639+0000] {logging_mixin.py:149} INFO - [2025-03-13T09:56:57.639+0000] {dag.py:2726} INFO - Sync 1 DAGs
[2025-03-13T09:56:57.665+0000] {logging_mixin.py:149} INFO - [2025-03-13T09:56:57.664+0000] {dag.py:3490} INFO - Setting next_dagrun for tutorial_dag to None, run_after=None
[2025-03-13T09:56:57.689+0000] {processor.py:179} INFO - Processing /home/airflow/.local/lib/python3.7/site-packages/airflow/example_dags/tutorial_dag.py took 0.086 seconds
[2025-03-13T09:57:28.105+0000] {processor.py:157} INFO - Started process (PID=2319) to work on /home/airflow/.local/lib/python3.7/site-packages/airflow/example_dags/tutorial_dag.py
[2025-03-13T09:57:28.106+0000] {processor.py:826} INFO - Processing file /home/airflow/.local/lib/python3.7/site-packages/airflow/example_dags/tutorial_dag.py for tasks to queue
[2025-03-13T09:57:28.107+0000] {logging_mixin.py:149} INFO - [2025-03-13T09:57:28.107+0000] {dagbag.py:541} INFO - Filling up the DagBag from /home/airflow/.local/lib/python3.7/site-packages/airflow/example_dags/tutorial_dag.py
[2025-03-13T09:57:28.114+0000] {processor.py:836} INFO - DAG(s) dict_keys(['tutorial_dag']) retrieved from /home/airflow/.local/lib/python3.7/site-packages/airflow/example_dags/tutorial_dag.py
[2025-03-13T09:57:28.140+0000] {logging_mixin.py:149} INFO - [2025-03-13T09:57:28.140+0000] {dag.py:2726} INFO - Sync 1 DAGs
[2025-03-13T09:57:28.167+0000] {logging_mixin.py:149} INFO - [2025-03-13T09:57:28.166+0000] {dag.py:3490} INFO - Setting next_dagrun for tutorial_dag to None, run_after=None
[2025-03-13T09:57:28.189+0000] {processor.py:179} INFO - Processing /home/airflow/.local/lib/python3.7/site-packages/airflow/example_dags/tutorial_dag.py took 0.088 seconds
[2025-03-13T09:57:58.352+0000] {processor.py:157} INFO - Started process (PID=2410) to work on /home/airflow/.local/lib/python3.7/site-packages/airflow/example_dags/tutorial_dag.py
[2025-03-13T09:57:58.353+0000] {processor.py:826} INFO - Processing file /home/airflow/.local/lib/python3.7/site-packages/airflow/example_dags/tutorial_dag.py for tasks to queue
[2025-03-13T09:57:58.353+0000] {logging_mixin.py:149} INFO - [2025-03-13T09:57:58.353+0000] {dagbag.py:541} INFO - Filling up the DagBag from /home/airflow/.local/lib/python3.7/site-packages/airflow/example_dags/tutorial_dag.py
[2025-03-13T09:57:58.357+0000] {processor.py:836} INFO - DAG(s) dict_keys(['tutorial_dag']) retrieved from /home/airflow/.local/lib/python3.7/site-packages/airflow/example_dags/tutorial_dag.py
[2025-03-13T09:57:58.380+0000] {logging_mixin.py:149} INFO - [2025-03-13T09:57:58.380+0000] {dag.py:2726} INFO - Sync 1 DAGs
[2025-03-13T09:57:58.403+0000] {logging_mixin.py:149} INFO - [2025-03-13T09:57:58.402+0000] {dag.py:3490} INFO - Setting next_dagrun for tutorial_dag to None, run_after=None
[2025-03-13T09:57:58.422+0000] {processor.py:179} INFO - Processing /home/airflow/.local/lib/python3.7/site-packages/airflow/example_dags/tutorial_dag.py took 0.073 seconds
[2025-03-13T09:58:29.517+0000] {processor.py:157} INFO - Started process (PID=2501) to work on /home/airflow/.local/lib/python3.7/site-packages/airflow/example_dags/tutorial_dag.py
[2025-03-13T09:58:29.518+0000] {processor.py:826} INFO - Processing file /home/airflow/.local/lib/python3.7/site-packages/airflow/example_dags/tutorial_dag.py for tasks to queue
[2025-03-13T09:58:29.519+0000] {logging_mixin.py:149} INFO - [2025-03-13T09:58:29.519+0000] {dagbag.py:541} INFO - Filling up the DagBag from /home/airflow/.local/lib/python3.7/site-packages/airflow/example_dags/tutorial_dag.py
[2025-03-13T09:58:29.524+0000] {processor.py:836} INFO - DAG(s) dict_keys(['tutorial_dag']) retrieved from /home/airflow/.local/lib/python3.7/site-packages/airflow/example_dags/tutorial_dag.py
[2025-03-13T09:58:29.546+0000] {logging_mixin.py:149} INFO - [2025-03-13T09:58:29.546+0000] {dag.py:2726} INFO - Sync 1 DAGs
[2025-03-13T09:58:29.569+0000] {logging_mixin.py:149} INFO - [2025-03-13T09:58:29.569+0000] {dag.py:3490} INFO - Setting next_dagrun for tutorial_dag to None, run_after=None
[2025-03-13T09:58:29.585+0000] {processor.py:179} INFO - Processing /home/airflow/.local/lib/python3.7/site-packages/airflow/example_dags/tutorial_dag.py took 0.071 seconds
[2025-03-13T09:59:00.822+0000] {processor.py:157} INFO - Started process (PID=2592) to work on /home/airflow/.local/lib/python3.7/site-packages/airflow/example_dags/tutorial_dag.py
[2025-03-13T09:59:00.823+0000] {processor.py:826} INFO - Processing file /home/airflow/.local/lib/python3.7/site-packages/airflow/example_dags/tutorial_dag.py for tasks to queue
[2025-03-13T09:59:00.823+0000] {logging_mixin.py:149} INFO - [2025-03-13T09:59:00.823+0000] {dagbag.py:541} INFO - Filling up the DagBag from /home/airflow/.local/lib/python3.7/site-packages/airflow/example_dags/tutorial_dag.py
[2025-03-13T09:59:00.828+0000] {processor.py:836} INFO - DAG(s) dict_keys(['tutorial_dag']) retrieved from /home/airflow/.local/lib/python3.7/site-packages/airflow/example_dags/tutorial_dag.py
[2025-03-13T09:59:00.853+0000] {logging_mixin.py:149} INFO - [2025-03-13T09:59:00.853+0000] {dag.py:2726} INFO - Sync 1 DAGs
[2025-03-13T09:59:00.882+0000] {logging_mixin.py:149} INFO - [2025-03-13T09:59:00.882+0000] {dag.py:3490} INFO - Setting next_dagrun for tutorial_dag to None, run_after=None
[2025-03-13T09:59:00.904+0000] {processor.py:179} INFO - Processing /home/airflow/.local/lib/python3.7/site-packages/airflow/example_dags/tutorial_dag.py took 0.086 seconds
[2025-03-13T09:59:31.804+0000] {processor.py:157} INFO - Started process (PID=2683) to work on /home/airflow/.local/lib/python3.7/site-packages/airflow/example_dags/tutorial_dag.py
[2025-03-13T09:59:31.806+0000] {processor.py:826} INFO - Processing file /home/airflow/.local/lib/python3.7/site-packages/airflow/example_dags/tutorial_dag.py for tasks to queue
[2025-03-13T09:59:31.806+0000] {logging_mixin.py:149} INFO - [2025-03-13T09:59:31.806+0000] {dagbag.py:541} INFO - Filling up the DagBag from /home/airflow/.local/lib/python3.7/site-packages/airflow/example_dags/tutorial_dag.py
[2025-03-13T09:59:31.811+0000] {processor.py:836} INFO - DAG(s) dict_keys(['tutorial_dag']) retrieved from /home/airflow/.local/lib/python3.7/site-packages/airflow/example_dags/tutorial_dag.py
[2025-03-13T09:59:31.837+0000] {logging_mixin.py:149} INFO - [2025-03-13T09:59:31.837+0000] {dag.py:2726} INFO - Sync 1 DAGs
[2025-03-13T09:59:31.864+0000] {logging_mixin.py:149} INFO - [2025-03-13T09:59:31.864+0000] {dag.py:3490} INFO - Setting next_dagrun for tutorial_dag to None, run_after=None
[2025-03-13T09:59:31.884+0000] {processor.py:179} INFO - Processing /home/airflow/.local/lib/python3.7/site-packages/airflow/example_dags/tutorial_dag.py took 0.084 seconds
[2025-03-13T10:00:01.929+0000] {processor.py:157} INFO - Started process (PID=2774) to work on /home/airflow/.local/lib/python3.7/site-packages/airflow/example_dags/tutorial_dag.py
[2025-03-13T10:00:01.931+0000] {processor.py:826} INFO - Processing file /home/airflow/.local/lib/python3.7/site-packages/airflow/example_dags/tutorial_dag.py for tasks to queue
[2025-03-13T10:00:01.931+0000] {logging_mixin.py:149} INFO - [2025-03-13T10:00:01.931+0000] {dagbag.py:541} INFO - Filling up the DagBag from /home/airflow/.local/lib/python3.7/site-packages/airflow/example_dags/tutorial_dag.py
[2025-03-13T10:00:01.935+0000] {processor.py:836} INFO - DAG(s) dict_keys(['tutorial_dag']) retrieved from /home/airflow/.local/lib/python3.7/site-packages/airflow/example_dags/tutorial_dag.py
[2025-03-13T10:00:01.958+0000] {logging_mixin.py:149} INFO - [2025-03-13T10:00:01.958+0000] {dag.py:2726} INFO - Sync 1 DAGs
[2025-03-13T10:00:01.981+0000] {logging_mixin.py:149} INFO - [2025-03-13T10:00:01.981+0000] {dag.py:3490} INFO - Setting next_dagrun for tutorial_dag to None, run_after=None
[2025-03-13T10:00:01.999+0000] {processor.py:179} INFO - Processing /home/airflow/.local/lib/python3.7/site-packages/airflow/example_dags/tutorial_dag.py took 0.073 seconds
[2025-03-13T10:00:32.280+0000] {processor.py:157} INFO - Started process (PID=2865) to work on /home/airflow/.local/lib/python3.7/site-packages/airflow/example_dags/tutorial_dag.py
[2025-03-13T10:00:32.281+0000] {processor.py:826} INFO - Processing file /home/airflow/.local/lib/python3.7/site-packages/airflow/example_dags/tutorial_dag.py for tasks to queue
[2025-03-13T10:00:32.282+0000] {logging_mixin.py:149} INFO - [2025-03-13T10:00:32.282+0000] {dagbag.py:541} INFO - Filling up the DagBag from /home/airflow/.local/lib/python3.7/site-packages/airflow/example_dags/tutorial_dag.py
[2025-03-13T10:00:32.286+0000] {processor.py:836} INFO - DAG(s) dict_keys(['tutorial_dag']) retrieved from /home/airflow/.local/lib/python3.7/site-packages/airflow/example_dags/tutorial_dag.py
[2025-03-13T10:00:32.312+0000] {logging_mixin.py:149} INFO - [2025-03-13T10:00:32.312+0000] {dag.py:2726} INFO - Sync 1 DAGs
[2025-03-13T10:00:32.336+0000] {logging_mixin.py:149} INFO - [2025-03-13T10:00:32.336+0000] {dag.py:3490} INFO - Setting next_dagrun for tutorial_dag to None, run_after=None
[2025-03-13T10:00:32.354+0000] {processor.py:179} INFO - Processing /home/airflow/.local/lib/python3.7/site-packages/airflow/example_dags/tutorial_dag.py took 0.077 seconds
[2025-03-13T10:01:03.260+0000] {processor.py:157} INFO - Started process (PID=2956) to work on /home/airflow/.local/lib/python3.7/site-packages/airflow/example_dags/tutorial_dag.py
[2025-03-13T10:01:03.261+0000] {processor.py:826} INFO - Processing file /home/airflow/.local/lib/python3.7/site-packages/airflow/example_dags/tutorial_dag.py for tasks to queue
[2025-03-13T10:01:03.262+0000] {logging_mixin.py:149} INFO - [2025-03-13T10:01:03.262+0000] {dagbag.py:541} INFO - Filling up the DagBag from /home/airflow/.local/lib/python3.7/site-packages/airflow/example_dags/tutorial_dag.py
[2025-03-13T10:01:03.266+0000] {processor.py:836} INFO - DAG(s) dict_keys(['tutorial_dag']) retrieved from /home/airflow/.local/lib/python3.7/site-packages/airflow/example_dags/tutorial_dag.py
[2025-03-13T10:01:03.291+0000] {logging_mixin.py:149} INFO - [2025-03-13T10:01:03.291+0000] {dag.py:2726} INFO - Sync 1 DAGs
[2025-03-13T10:01:03.320+0000] {logging_mixin.py:149} INFO - [2025-03-13T10:01:03.320+0000] {dag.py:3490} INFO - Setting next_dagrun for tutorial_dag to None, run_after=None
[2025-03-13T10:01:03.342+0000] {processor.py:179} INFO - Processing /home/airflow/.local/lib/python3.7/site-packages/airflow/example_dags/tutorial_dag.py took 0.085 seconds
[2025-03-13T10:01:33.877+0000] {processor.py:157} INFO - Started process (PID=3054) to work on /home/airflow/.local/lib/python3.7/site-packages/airflow/example_dags/tutorial_dag.py
[2025-03-13T10:01:33.878+0000] {processor.py:826} INFO - Processing file /home/airflow/.local/lib/python3.7/site-packages/airflow/example_dags/tutorial_dag.py for tasks to queue
[2025-03-13T10:01:33.880+0000] {logging_mixin.py:149} INFO - [2025-03-13T10:01:33.879+0000] {dagbag.py:541} INFO - Filling up the DagBag from /home/airflow/.local/lib/python3.7/site-packages/airflow/example_dags/tutorial_dag.py
[2025-03-13T10:01:33.885+0000] {processor.py:836} INFO - DAG(s) dict_keys(['tutorial_dag']) retrieved from /home/airflow/.local/lib/python3.7/site-packages/airflow/example_dags/tutorial_dag.py
[2025-03-13T10:01:33.915+0000] {logging_mixin.py:149} INFO - [2025-03-13T10:01:33.914+0000] {dag.py:2726} INFO - Sync 1 DAGs
[2025-03-13T10:01:33.948+0000] {logging_mixin.py:149} INFO - [2025-03-13T10:01:33.948+0000] {dag.py:3490} INFO - Setting next_dagrun for tutorial_dag to None, run_after=None
[2025-03-13T10:01:33.977+0000] {processor.py:179} INFO - Processing /home/airflow/.local/lib/python3.7/site-packages/airflow/example_dags/tutorial_dag.py took 0.103 seconds
[2025-03-13T10:02:04.202+0000] {processor.py:157} INFO - Started process (PID=3145) to work on /home/airflow/.local/lib/python3.7/site-packages/airflow/example_dags/tutorial_dag.py
[2025-03-13T10:02:04.208+0000] {processor.py:826} INFO - Processing file /home/airflow/.local/lib/python3.7/site-packages/airflow/example_dags/tutorial_dag.py for tasks to queue
[2025-03-13T10:02:04.209+0000] {logging_mixin.py:149} INFO - [2025-03-13T10:02:04.209+0000] {dagbag.py:541} INFO - Filling up the DagBag from /home/airflow/.local/lib/python3.7/site-packages/airflow/example_dags/tutorial_dag.py
[2025-03-13T10:02:04.215+0000] {processor.py:836} INFO - DAG(s) dict_keys(['tutorial_dag']) retrieved from /home/airflow/.local/lib/python3.7/site-packages/airflow/example_dags/tutorial_dag.py
[2025-03-13T10:02:04.256+0000] {logging_mixin.py:149} INFO - [2025-03-13T10:02:04.255+0000] {dag.py:2726} INFO - Sync 1 DAGs
[2025-03-13T10:02:04.288+0000] {logging_mixin.py:149} INFO - [2025-03-13T10:02:04.288+0000] {dag.py:3490} INFO - Setting next_dagrun for tutorial_dag to None, run_after=None
[2025-03-13T10:02:04.319+0000] {processor.py:179} INFO - Processing /home/airflow/.local/lib/python3.7/site-packages/airflow/example_dags/tutorial_dag.py took 0.123 seconds
[2025-03-13T10:02:35.438+0000] {processor.py:157} INFO - Started process (PID=3236) to work on /home/airflow/.local/lib/python3.7/site-packages/airflow/example_dags/tutorial_dag.py
[2025-03-13T10:02:35.439+0000] {processor.py:826} INFO - Processing file /home/airflow/.local/lib/python3.7/site-packages/airflow/example_dags/tutorial_dag.py for tasks to queue
[2025-03-13T10:02:35.440+0000] {logging_mixin.py:149} INFO - [2025-03-13T10:02:35.440+0000] {dagbag.py:541} INFO - Filling up the DagBag from /home/airflow/.local/lib/python3.7/site-packages/airflow/example_dags/tutorial_dag.py
[2025-03-13T10:02:35.444+0000] {processor.py:836} INFO - DAG(s) dict_keys(['tutorial_dag']) retrieved from /home/airflow/.local/lib/python3.7/site-packages/airflow/example_dags/tutorial_dag.py
[2025-03-13T10:02:35.468+0000] {logging_mixin.py:149} INFO - [2025-03-13T10:02:35.468+0000] {dag.py:2726} INFO - Sync 1 DAGs
[2025-03-13T10:02:35.493+0000] {logging_mixin.py:149} INFO - [2025-03-13T10:02:35.493+0000] {dag.py:3490} INFO - Setting next_dagrun for tutorial_dag to None, run_after=None
[2025-03-13T10:02:35.513+0000] {processor.py:179} INFO - Processing /home/airflow/.local/lib/python3.7/site-packages/airflow/example_dags/tutorial_dag.py took 0.077 seconds
[2025-03-13T10:03:06.956+0000] {processor.py:157} INFO - Started process (PID=3327) to work on /home/airflow/.local/lib/python3.7/site-packages/airflow/example_dags/tutorial_dag.py
[2025-03-13T10:03:06.957+0000] {processor.py:826} INFO - Processing file /home/airflow/.local/lib/python3.7/site-packages/airflow/example_dags/tutorial_dag.py for tasks to queue
[2025-03-13T10:03:06.958+0000] {logging_mixin.py:149} INFO - [2025-03-13T10:03:06.958+0000] {dagbag.py:541} INFO - Filling up the DagBag from /home/airflow/.local/lib/python3.7/site-packages/airflow/example_dags/tutorial_dag.py
[2025-03-13T10:03:06.962+0000] {processor.py:836} INFO - DAG(s) dict_keys(['tutorial_dag']) retrieved from /home/airflow/.local/lib/python3.7/site-packages/airflow/example_dags/tutorial_dag.py
[2025-03-13T10:03:06.985+0000] {logging_mixin.py:149} INFO - [2025-03-13T10:03:06.985+0000] {dag.py:2726} INFO - Sync 1 DAGs
[2025-03-13T10:03:07.011+0000] {logging_mixin.py:149} INFO - [2025-03-13T10:03:07.011+0000] {dag.py:3490} INFO - Setting next_dagrun for tutorial_dag to None, run_after=None
[2025-03-13T10:03:07.029+0000] {processor.py:179} INFO - Processing /home/airflow/.local/lib/python3.7/site-packages/airflow/example_dags/tutorial_dag.py took 0.076 seconds
[2025-03-13T10:03:37.673+0000] {processor.py:157} INFO - Started process (PID=3418) to work on /home/airflow/.local/lib/python3.7/site-packages/airflow/example_dags/tutorial_dag.py
[2025-03-13T10:03:37.674+0000] {processor.py:826} INFO - Processing file /home/airflow/.local/lib/python3.7/site-packages/airflow/example_dags/tutorial_dag.py for tasks to queue
[2025-03-13T10:03:37.675+0000] {logging_mixin.py:149} INFO - [2025-03-13T10:03:37.675+0000] {dagbag.py:541} INFO - Filling up the DagBag from /home/airflow/.local/lib/python3.7/site-packages/airflow/example_dags/tutorial_dag.py
[2025-03-13T10:03:37.680+0000] {processor.py:836} INFO - DAG(s) dict_keys(['tutorial_dag']) retrieved from /home/airflow/.local/lib/python3.7/site-packages/airflow/example_dags/tutorial_dag.py
[2025-03-13T10:03:37.703+0000] {logging_mixin.py:149} INFO - [2025-03-13T10:03:37.703+0000] {dag.py:2726} INFO - Sync 1 DAGs
[2025-03-13T10:03:37.725+0000] {logging_mixin.py:149} INFO - [2025-03-13T10:03:37.725+0000] {dag.py:3490} INFO - Setting next_dagrun for tutorial_dag to None, run_after=None
[2025-03-13T10:03:37.748+0000] {processor.py:179} INFO - Processing /home/airflow/.local/lib/python3.7/site-packages/airflow/example_dags/tutorial_dag.py took 0.078 seconds
[2025-03-13T10:04:08.514+0000] {processor.py:157} INFO - Started process (PID=3509) to work on /home/airflow/.local/lib/python3.7/site-packages/airflow/example_dags/tutorial_dag.py
[2025-03-13T10:04:08.516+0000] {processor.py:826} INFO - Processing file /home/airflow/.local/lib/python3.7/site-packages/airflow/example_dags/tutorial_dag.py for tasks to queue
[2025-03-13T10:04:08.516+0000] {logging_mixin.py:149} INFO - [2025-03-13T10:04:08.516+0000] {dagbag.py:541} INFO - Filling up the DagBag from /home/airflow/.local/lib/python3.7/site-packages/airflow/example_dags/tutorial_dag.py
[2025-03-13T10:04:08.521+0000] {processor.py:836} INFO - DAG(s) dict_keys(['tutorial_dag']) retrieved from /home/airflow/.local/lib/python3.7/site-packages/airflow/example_dags/tutorial_dag.py
[2025-03-13T10:04:08.547+0000] {logging_mixin.py:149} INFO - [2025-03-13T10:04:08.546+0000] {dag.py:2726} INFO - Sync 1 DAGs
[2025-03-13T10:04:08.574+0000] {logging_mixin.py:149} INFO - [2025-03-13T10:04:08.574+0000] {dag.py:3490} INFO - Setting next_dagrun for tutorial_dag to None, run_after=None
[2025-03-13T10:04:08.596+0000] {processor.py:179} INFO - Processing /home/airflow/.local/lib/python3.7/site-packages/airflow/example_dags/tutorial_dag.py took 0.085 seconds
[2025-03-13T10:04:39.060+0000] {processor.py:157} INFO - Started process (PID=3600) to work on /home/airflow/.local/lib/python3.7/site-packages/airflow/example_dags/tutorial_dag.py
[2025-03-13T10:04:39.061+0000] {processor.py:826} INFO - Processing file /home/airflow/.local/lib/python3.7/site-packages/airflow/example_dags/tutorial_dag.py for tasks to queue
[2025-03-13T10:04:39.062+0000] {logging_mixin.py:149} INFO - [2025-03-13T10:04:39.062+0000] {dagbag.py:541} INFO - Filling up the DagBag from /home/airflow/.local/lib/python3.7/site-packages/airflow/example_dags/tutorial_dag.py
[2025-03-13T10:04:39.066+0000] {processor.py:836} INFO - DAG(s) dict_keys(['tutorial_dag']) retrieved from /home/airflow/.local/lib/python3.7/site-packages/airflow/example_dags/tutorial_dag.py
[2025-03-13T10:04:39.092+0000] {logging_mixin.py:149} INFO - [2025-03-13T10:04:39.092+0000] {dag.py:2726} INFO - Sync 1 DAGs
[2025-03-13T10:04:39.117+0000] {logging_mixin.py:149} INFO - [2025-03-13T10:04:39.117+0000] {dag.py:3490} INFO - Setting next_dagrun for tutorial_dag to None, run_after=None
[2025-03-13T10:04:39.137+0000] {processor.py:179} INFO - Processing /home/airflow/.local/lib/python3.7/site-packages/airflow/example_dags/tutorial_dag.py took 0.080 seconds
[2025-03-13T10:05:10.154+0000] {processor.py:157} INFO - Started process (PID=3691) to work on /home/airflow/.local/lib/python3.7/site-packages/airflow/example_dags/tutorial_dag.py
[2025-03-13T10:05:10.155+0000] {processor.py:826} INFO - Processing file /home/airflow/.local/lib/python3.7/site-packages/airflow/example_dags/tutorial_dag.py for tasks to queue
[2025-03-13T10:05:10.156+0000] {logging_mixin.py:149} INFO - [2025-03-13T10:05:10.156+0000] {dagbag.py:541} INFO - Filling up the DagBag from /home/airflow/.local/lib/python3.7/site-packages/airflow/example_dags/tutorial_dag.py
[2025-03-13T10:05:10.160+0000] {processor.py:836} INFO - DAG(s) dict_keys(['tutorial_dag']) retrieved from /home/airflow/.local/lib/python3.7/site-packages/airflow/example_dags/tutorial_dag.py
[2025-03-13T10:05:10.184+0000] {logging_mixin.py:149} INFO - [2025-03-13T10:05:10.184+0000] {dag.py:2726} INFO - Sync 1 DAGs
[2025-03-13T10:05:10.207+0000] {logging_mixin.py:149} INFO - [2025-03-13T10:05:10.207+0000] {dag.py:3490} INFO - Setting next_dagrun for tutorial_dag to None, run_after=None
[2025-03-13T10:05:10.227+0000] {processor.py:179} INFO - Processing /home/airflow/.local/lib/python3.7/site-packages/airflow/example_dags/tutorial_dag.py took 0.076 seconds
