[2025-03-11T13:53:38.503+0000] {taskinstance.py:1103} INFO - Dependencies all met for dep_context=non-requeueable deps ti=<TaskInstance: csv_etl_pipeline.transform_task manual__2025-03-11T13:53:31.504608+00:00 [queued]>
[2025-03-11T13:53:38.515+0000] {taskinstance.py:1103} INFO - Dependencies all met for dep_context=requeueable deps ti=<TaskInstance: csv_etl_pipeline.transform_task manual__2025-03-11T13:53:31.504608+00:00 [queued]>
[2025-03-11T13:53:38.516+0000] {taskinstance.py:1308} INFO - Starting attempt 1 of 1
[2025-03-11T13:53:38.533+0000] {taskinstance.py:1327} INFO - Executing <Task(PythonOperator): transform_task> on 2025-03-11 13:53:31.504608+00:00
[2025-03-11T13:53:38.542+0000] {standard_task_runner.py:57} INFO - Started process 791 to run task
[2025-03-11T13:53:38.547+0000] {standard_task_runner.py:84} INFO - Running: ['***', 'tasks', 'run', 'csv_etl_pipeline', 'transform_task', 'manual__2025-03-11T13:53:31.504608+00:00', '--job-id', '71', '--raw', '--subdir', 'DAGS_FOLDER/etl.py', '--cfg-path', '/tmp/tmps69igbkh']
[2025-03-11T13:53:38.547+0000] {standard_task_runner.py:85} INFO - Job 71: Subtask transform_task
[2025-03-11T13:53:38.615+0000] {task_command.py:410} INFO - Running <TaskInstance: csv_etl_pipeline.transform_task manual__2025-03-11T13:53:31.504608+00:00 [running]> on host 72a7cd2d8042
[2025-03-11T13:53:38.741+0000] {taskinstance.py:1547} INFO - Exporting env vars: AIRFLOW_CTX_DAG_OWNER='***' AIRFLOW_CTX_DAG_ID='csv_etl_pipeline' AIRFLOW_CTX_TASK_ID='transform_task' AIRFLOW_CTX_EXECUTION_DATE='2025-03-11T13:53:31.504608+00:00' AIRFLOW_CTX_TRY_NUMBER='1' AIRFLOW_CTX_DAG_RUN_ID='manual__2025-03-11T13:53:31.504608+00:00'
[2025-03-11T13:53:39.284+0000] {taskinstance.py:1824} ERROR - Task failed with exception
Traceback (most recent call last):
  File "/home/airflow/.local/lib/python3.7/site-packages/airflow/operators/python.py", line 181, in execute
    return_value = self.execute_callable()
  File "/home/airflow/.local/lib/python3.7/site-packages/airflow/operators/python.py", line 198, in execute_callable
    return self.python_callable(*self.op_args, **self.op_kwargs)
  File "/opt/airflow/dags/etl.py", line 33, in transform_data
    df["Valeur"] = df["Valeur"].astype(float)
  File "/home/airflow/.local/lib/python3.7/site-packages/pandas/core/generic.py", line 5815, in astype
    new_data = self._mgr.astype(dtype=dtype, copy=copy, errors=errors)
  File "/home/airflow/.local/lib/python3.7/site-packages/pandas/core/internals/managers.py", line 418, in astype
    return self.apply("astype", dtype=dtype, copy=copy, errors=errors)
  File "/home/airflow/.local/lib/python3.7/site-packages/pandas/core/internals/managers.py", line 327, in apply
    applied = getattr(b, f)(**kwargs)
  File "/home/airflow/.local/lib/python3.7/site-packages/pandas/core/internals/blocks.py", line 591, in astype
    new_values = astype_array_safe(values, dtype, copy=copy, errors=errors)
  File "/home/airflow/.local/lib/python3.7/site-packages/pandas/core/dtypes/cast.py", line 1309, in astype_array_safe
    new_values = astype_array(values, dtype, copy=copy)
  File "/home/airflow/.local/lib/python3.7/site-packages/pandas/core/dtypes/cast.py", line 1257, in astype_array
    values = astype_nansafe(values, dtype, copy=copy)
  File "/home/airflow/.local/lib/python3.7/site-packages/pandas/core/dtypes/cast.py", line 1201, in astype_nansafe
    return arr.astype(dtype, copy=True)
ValueError: could not convert string to float: '189598,58'
[2025-03-11T13:53:39.308+0000] {taskinstance.py:1350} INFO - Marking task as FAILED. dag_id=csv_etl_pipeline, task_id=transform_task, execution_date=20250311T135331, start_date=20250311T135338, end_date=20250311T135339
[2025-03-11T13:53:39.336+0000] {standard_task_runner.py:109} ERROR - Failed to execute job 71 for task transform_task (could not convert string to float: '189598,58'; 791)
[2025-03-11T13:53:39.361+0000] {local_task_job_runner.py:225} INFO - Task exited with return code 1
[2025-03-11T13:53:39.422+0000] {taskinstance.py:2651} INFO - 0 downstream tasks scheduled from follow-on schedule check
