[2025-03-13T09:45:04.800+0000] {processor.py:157} INFO - Started process (PID=133) to work on /home/airflow/.local/lib/python3.7/site-packages/airflow/example_dags/plugins/event_listener.py
[2025-03-13T09:45:04.800+0000] {processor.py:826} INFO - Processing file /home/airflow/.local/lib/python3.7/site-packages/airflow/example_dags/plugins/event_listener.py for tasks to queue
[2025-03-13T09:45:04.801+0000] {logging_mixin.py:149} INFO - [2025-03-13T09:45:04.801+0000] {dagbag.py:541} INFO - Filling up the DagBag from /home/airflow/.local/lib/python3.7/site-packages/airflow/example_dags/plugins/event_listener.py
[2025-03-13T09:45:04.803+0000] {processor.py:838} WARNING - No viable dags retrieved from /home/airflow/.local/lib/python3.7/site-packages/airflow/example_dags/plugins/event_listener.py
[2025-03-13T09:45:04.817+0000] {processor.py:179} INFO - Processing /home/airflow/.local/lib/python3.7/site-packages/airflow/example_dags/plugins/event_listener.py took 0.021 seconds
[2025-03-13T09:45:35.519+0000] {processor.py:157} INFO - Started process (PID=229) to work on /home/airflow/.local/lib/python3.7/site-packages/airflow/example_dags/plugins/event_listener.py
[2025-03-13T09:45:35.521+0000] {processor.py:826} INFO - Processing file /home/airflow/.local/lib/python3.7/site-packages/airflow/example_dags/plugins/event_listener.py for tasks to queue
[2025-03-13T09:45:35.521+0000] {logging_mixin.py:149} INFO - [2025-03-13T09:45:35.521+0000] {dagbag.py:541} INFO - Filling up the DagBag from /home/airflow/.local/lib/python3.7/site-packages/airflow/example_dags/plugins/event_listener.py
[2025-03-13T09:45:35.523+0000] {processor.py:838} WARNING - No viable dags retrieved from /home/airflow/.local/lib/python3.7/site-packages/airflow/example_dags/plugins/event_listener.py
[2025-03-13T09:45:35.541+0000] {processor.py:179} INFO - Processing /home/airflow/.local/lib/python3.7/site-packages/airflow/example_dags/plugins/event_listener.py took 0.026 seconds
[2025-03-13T09:46:06.331+0000] {processor.py:157} INFO - Started process (PID=319) to work on /home/airflow/.local/lib/python3.7/site-packages/airflow/example_dags/plugins/event_listener.py
[2025-03-13T09:46:06.332+0000] {processor.py:826} INFO - Processing file /home/airflow/.local/lib/python3.7/site-packages/airflow/example_dags/plugins/event_listener.py for tasks to queue
[2025-03-13T09:46:06.333+0000] {logging_mixin.py:149} INFO - [2025-03-13T09:46:06.333+0000] {dagbag.py:541} INFO - Filling up the DagBag from /home/airflow/.local/lib/python3.7/site-packages/airflow/example_dags/plugins/event_listener.py
[2025-03-13T09:46:06.334+0000] {processor.py:838} WARNING - No viable dags retrieved from /home/airflow/.local/lib/python3.7/site-packages/airflow/example_dags/plugins/event_listener.py
[2025-03-13T09:46:06.346+0000] {processor.py:179} INFO - Processing /home/airflow/.local/lib/python3.7/site-packages/airflow/example_dags/plugins/event_listener.py took 0.018 seconds
[2025-03-13T09:46:37.002+0000] {processor.py:157} INFO - Started process (PID=422) to work on /home/airflow/.local/lib/python3.7/site-packages/airflow/example_dags/plugins/event_listener.py
[2025-03-13T09:46:37.005+0000] {processor.py:826} INFO - Processing file /home/airflow/.local/lib/python3.7/site-packages/airflow/example_dags/plugins/event_listener.py for tasks to queue
[2025-03-13T09:46:37.006+0000] {logging_mixin.py:149} INFO - [2025-03-13T09:46:37.006+0000] {dagbag.py:541} INFO - Filling up the DagBag from /home/airflow/.local/lib/python3.7/site-packages/airflow/example_dags/plugins/event_listener.py
[2025-03-13T09:46:37.008+0000] {processor.py:838} WARNING - No viable dags retrieved from /home/airflow/.local/lib/python3.7/site-packages/airflow/example_dags/plugins/event_listener.py
[2025-03-13T09:46:37.031+0000] {processor.py:179} INFO - Processing /home/airflow/.local/lib/python3.7/site-packages/airflow/example_dags/plugins/event_listener.py took 0.032 seconds
[2025-03-13T09:47:07.896+0000] {processor.py:157} INFO - Started process (PID=501) to work on /home/airflow/.local/lib/python3.7/site-packages/airflow/example_dags/plugins/event_listener.py
[2025-03-13T09:47:07.897+0000] {processor.py:826} INFO - Processing file /home/airflow/.local/lib/python3.7/site-packages/airflow/example_dags/plugins/event_listener.py for tasks to queue
[2025-03-13T09:47:07.898+0000] {logging_mixin.py:149} INFO - [2025-03-13T09:47:07.897+0000] {dagbag.py:541} INFO - Filling up the DagBag from /home/airflow/.local/lib/python3.7/site-packages/airflow/example_dags/plugins/event_listener.py
[2025-03-13T09:47:07.900+0000] {processor.py:838} WARNING - No viable dags retrieved from /home/airflow/.local/lib/python3.7/site-packages/airflow/example_dags/plugins/event_listener.py
[2025-03-13T09:47:07.915+0000] {processor.py:179} INFO - Processing /home/airflow/.local/lib/python3.7/site-packages/airflow/example_dags/plugins/event_listener.py took 0.022 seconds
[2025-03-13T09:47:38.089+0000] {processor.py:157} INFO - Started process (PID=593) to work on /home/airflow/.local/lib/python3.7/site-packages/airflow/example_dags/plugins/event_listener.py
[2025-03-13T09:47:38.091+0000] {processor.py:826} INFO - Processing file /home/airflow/.local/lib/python3.7/site-packages/airflow/example_dags/plugins/event_listener.py for tasks to queue
[2025-03-13T09:47:38.091+0000] {logging_mixin.py:149} INFO - [2025-03-13T09:47:38.091+0000] {dagbag.py:541} INFO - Filling up the DagBag from /home/airflow/.local/lib/python3.7/site-packages/airflow/example_dags/plugins/event_listener.py
[2025-03-13T09:47:38.093+0000] {processor.py:838} WARNING - No viable dags retrieved from /home/airflow/.local/lib/python3.7/site-packages/airflow/example_dags/plugins/event_listener.py
[2025-03-13T09:47:38.104+0000] {processor.py:179} INFO - Processing /home/airflow/.local/lib/python3.7/site-packages/airflow/example_dags/plugins/event_listener.py took 0.018 seconds
[2025-03-13T09:48:09.165+0000] {processor.py:157} INFO - Started process (PID=684) to work on /home/airflow/.local/lib/python3.7/site-packages/airflow/example_dags/plugins/event_listener.py
[2025-03-13T09:48:09.166+0000] {processor.py:826} INFO - Processing file /home/airflow/.local/lib/python3.7/site-packages/airflow/example_dags/plugins/event_listener.py for tasks to queue
[2025-03-13T09:48:09.167+0000] {logging_mixin.py:149} INFO - [2025-03-13T09:48:09.166+0000] {dagbag.py:541} INFO - Filling up the DagBag from /home/airflow/.local/lib/python3.7/site-packages/airflow/example_dags/plugins/event_listener.py
[2025-03-13T09:48:09.168+0000] {processor.py:838} WARNING - No viable dags retrieved from /home/airflow/.local/lib/python3.7/site-packages/airflow/example_dags/plugins/event_listener.py
[2025-03-13T09:48:09.180+0000] {processor.py:179} INFO - Processing /home/airflow/.local/lib/python3.7/site-packages/airflow/example_dags/plugins/event_listener.py took 0.018 seconds
[2025-03-13T09:48:39.734+0000] {processor.py:157} INFO - Started process (PID=775) to work on /home/airflow/.local/lib/python3.7/site-packages/airflow/example_dags/plugins/event_listener.py
[2025-03-13T09:48:39.736+0000] {processor.py:826} INFO - Processing file /home/airflow/.local/lib/python3.7/site-packages/airflow/example_dags/plugins/event_listener.py for tasks to queue
[2025-03-13T09:48:39.736+0000] {logging_mixin.py:149} INFO - [2025-03-13T09:48:39.736+0000] {dagbag.py:541} INFO - Filling up the DagBag from /home/airflow/.local/lib/python3.7/site-packages/airflow/example_dags/plugins/event_listener.py
[2025-03-13T09:48:39.738+0000] {processor.py:838} WARNING - No viable dags retrieved from /home/airflow/.local/lib/python3.7/site-packages/airflow/example_dags/plugins/event_listener.py
[2025-03-13T09:48:39.752+0000] {processor.py:179} INFO - Processing /home/airflow/.local/lib/python3.7/site-packages/airflow/example_dags/plugins/event_listener.py took 0.021 seconds
[2025-03-13T09:49:10.728+0000] {processor.py:157} INFO - Started process (PID=866) to work on /home/airflow/.local/lib/python3.7/site-packages/airflow/example_dags/plugins/event_listener.py
[2025-03-13T09:49:10.730+0000] {processor.py:826} INFO - Processing file /home/airflow/.local/lib/python3.7/site-packages/airflow/example_dags/plugins/event_listener.py for tasks to queue
[2025-03-13T09:49:10.730+0000] {logging_mixin.py:149} INFO - [2025-03-13T09:49:10.730+0000] {dagbag.py:541} INFO - Filling up the DagBag from /home/airflow/.local/lib/python3.7/site-packages/airflow/example_dags/plugins/event_listener.py
[2025-03-13T09:49:10.732+0000] {processor.py:838} WARNING - No viable dags retrieved from /home/airflow/.local/lib/python3.7/site-packages/airflow/example_dags/plugins/event_listener.py
[2025-03-13T09:49:10.744+0000] {processor.py:179} INFO - Processing /home/airflow/.local/lib/python3.7/site-packages/airflow/example_dags/plugins/event_listener.py took 0.019 seconds
[2025-03-13T09:49:41.907+0000] {processor.py:157} INFO - Started process (PID=957) to work on /home/airflow/.local/lib/python3.7/site-packages/airflow/example_dags/plugins/event_listener.py
[2025-03-13T09:49:41.908+0000] {processor.py:826} INFO - Processing file /home/airflow/.local/lib/python3.7/site-packages/airflow/example_dags/plugins/event_listener.py for tasks to queue
[2025-03-13T09:49:41.908+0000] {logging_mixin.py:149} INFO - [2025-03-13T09:49:41.908+0000] {dagbag.py:541} INFO - Filling up the DagBag from /home/airflow/.local/lib/python3.7/site-packages/airflow/example_dags/plugins/event_listener.py
[2025-03-13T09:49:41.910+0000] {processor.py:838} WARNING - No viable dags retrieved from /home/airflow/.local/lib/python3.7/site-packages/airflow/example_dags/plugins/event_listener.py
[2025-03-13T09:49:41.922+0000] {processor.py:179} INFO - Processing /home/airflow/.local/lib/python3.7/site-packages/airflow/example_dags/plugins/event_listener.py took 0.020 seconds
[2025-03-13T09:50:13.352+0000] {processor.py:157} INFO - Started process (PID=1048) to work on /home/airflow/.local/lib/python3.7/site-packages/airflow/example_dags/plugins/event_listener.py
[2025-03-13T09:50:13.353+0000] {processor.py:826} INFO - Processing file /home/airflow/.local/lib/python3.7/site-packages/airflow/example_dags/plugins/event_listener.py for tasks to queue
[2025-03-13T09:50:13.354+0000] {logging_mixin.py:149} INFO - [2025-03-13T09:50:13.354+0000] {dagbag.py:541} INFO - Filling up the DagBag from /home/airflow/.local/lib/python3.7/site-packages/airflow/example_dags/plugins/event_listener.py
[2025-03-13T09:50:13.355+0000] {processor.py:838} WARNING - No viable dags retrieved from /home/airflow/.local/lib/python3.7/site-packages/airflow/example_dags/plugins/event_listener.py
[2025-03-13T09:50:13.368+0000] {processor.py:179} INFO - Processing /home/airflow/.local/lib/python3.7/site-packages/airflow/example_dags/plugins/event_listener.py took 0.018 seconds
[2025-03-13T09:50:44.221+0000] {processor.py:157} INFO - Started process (PID=1139) to work on /home/airflow/.local/lib/python3.7/site-packages/airflow/example_dags/plugins/event_listener.py
[2025-03-13T09:50:44.222+0000] {processor.py:826} INFO - Processing file /home/airflow/.local/lib/python3.7/site-packages/airflow/example_dags/plugins/event_listener.py for tasks to queue
[2025-03-13T09:50:44.223+0000] {logging_mixin.py:149} INFO - [2025-03-13T09:50:44.223+0000] {dagbag.py:541} INFO - Filling up the DagBag from /home/airflow/.local/lib/python3.7/site-packages/airflow/example_dags/plugins/event_listener.py
[2025-03-13T09:50:44.224+0000] {processor.py:838} WARNING - No viable dags retrieved from /home/airflow/.local/lib/python3.7/site-packages/airflow/example_dags/plugins/event_listener.py
[2025-03-13T09:50:44.237+0000] {processor.py:179} INFO - Processing /home/airflow/.local/lib/python3.7/site-packages/airflow/example_dags/plugins/event_listener.py took 0.019 seconds
[2025-03-13T09:51:15.880+0000] {processor.py:157} INFO - Started process (PID=1238) to work on /home/airflow/.local/lib/python3.7/site-packages/airflow/example_dags/plugins/event_listener.py
[2025-03-13T09:51:15.881+0000] {processor.py:826} INFO - Processing file /home/airflow/.local/lib/python3.7/site-packages/airflow/example_dags/plugins/event_listener.py for tasks to queue
[2025-03-13T09:51:15.882+0000] {logging_mixin.py:149} INFO - [2025-03-13T09:51:15.882+0000] {dagbag.py:541} INFO - Filling up the DagBag from /home/airflow/.local/lib/python3.7/site-packages/airflow/example_dags/plugins/event_listener.py
[2025-03-13T09:51:15.884+0000] {processor.py:838} WARNING - No viable dags retrieved from /home/airflow/.local/lib/python3.7/site-packages/airflow/example_dags/plugins/event_listener.py
[2025-03-13T09:51:15.900+0000] {processor.py:179} INFO - Processing /home/airflow/.local/lib/python3.7/site-packages/airflow/example_dags/plugins/event_listener.py took 0.026 seconds
[2025-03-13T09:51:47.172+0000] {processor.py:157} INFO - Started process (PID=1322) to work on /home/airflow/.local/lib/python3.7/site-packages/airflow/example_dags/plugins/event_listener.py
[2025-03-13T09:51:47.174+0000] {processor.py:826} INFO - Processing file /home/airflow/.local/lib/python3.7/site-packages/airflow/example_dags/plugins/event_listener.py for tasks to queue
[2025-03-13T09:51:47.175+0000] {logging_mixin.py:149} INFO - [2025-03-13T09:51:47.175+0000] {dagbag.py:541} INFO - Filling up the DagBag from /home/airflow/.local/lib/python3.7/site-packages/airflow/example_dags/plugins/event_listener.py
[2025-03-13T09:51:47.178+0000] {processor.py:838} WARNING - No viable dags retrieved from /home/airflow/.local/lib/python3.7/site-packages/airflow/example_dags/plugins/event_listener.py
[2025-03-13T09:51:47.192+0000] {processor.py:179} INFO - Processing /home/airflow/.local/lib/python3.7/site-packages/airflow/example_dags/plugins/event_listener.py took 0.024 seconds
[2025-03-13T09:52:18.599+0000] {processor.py:157} INFO - Started process (PID=1418) to work on /home/airflow/.local/lib/python3.7/site-packages/airflow/example_dags/plugins/event_listener.py
[2025-03-13T09:52:18.602+0000] {processor.py:826} INFO - Processing file /home/airflow/.local/lib/python3.7/site-packages/airflow/example_dags/plugins/event_listener.py for tasks to queue
[2025-03-13T09:52:18.603+0000] {logging_mixin.py:149} INFO - [2025-03-13T09:52:18.603+0000] {dagbag.py:541} INFO - Filling up the DagBag from /home/airflow/.local/lib/python3.7/site-packages/airflow/example_dags/plugins/event_listener.py
[2025-03-13T09:52:18.606+0000] {processor.py:838} WARNING - No viable dags retrieved from /home/airflow/.local/lib/python3.7/site-packages/airflow/example_dags/plugins/event_listener.py
[2025-03-13T09:52:18.630+0000] {processor.py:179} INFO - Processing /home/airflow/.local/lib/python3.7/site-packages/airflow/example_dags/plugins/event_listener.py took 0.034 seconds
[2025-03-13T09:52:50.149+0000] {processor.py:157} INFO - Started process (PID=1516) to work on /home/airflow/.local/lib/python3.7/site-packages/airflow/example_dags/plugins/event_listener.py
[2025-03-13T09:52:50.150+0000] {processor.py:826} INFO - Processing file /home/airflow/.local/lib/python3.7/site-packages/airflow/example_dags/plugins/event_listener.py for tasks to queue
[2025-03-13T09:52:50.151+0000] {logging_mixin.py:149} INFO - [2025-03-13T09:52:50.151+0000] {dagbag.py:541} INFO - Filling up the DagBag from /home/airflow/.local/lib/python3.7/site-packages/airflow/example_dags/plugins/event_listener.py
[2025-03-13T09:52:50.153+0000] {processor.py:838} WARNING - No viable dags retrieved from /home/airflow/.local/lib/python3.7/site-packages/airflow/example_dags/plugins/event_listener.py
[2025-03-13T09:52:50.168+0000] {processor.py:179} INFO - Processing /home/airflow/.local/lib/python3.7/site-packages/airflow/example_dags/plugins/event_listener.py took 0.022 seconds
[2025-03-13T09:53:20.524+0000] {processor.py:157} INFO - Started process (PID=1607) to work on /home/airflow/.local/lib/python3.7/site-packages/airflow/example_dags/plugins/event_listener.py
[2025-03-13T09:53:20.525+0000] {processor.py:826} INFO - Processing file /home/airflow/.local/lib/python3.7/site-packages/airflow/example_dags/plugins/event_listener.py for tasks to queue
[2025-03-13T09:53:20.525+0000] {logging_mixin.py:149} INFO - [2025-03-13T09:53:20.525+0000] {dagbag.py:541} INFO - Filling up the DagBag from /home/airflow/.local/lib/python3.7/site-packages/airflow/example_dags/plugins/event_listener.py
[2025-03-13T09:53:20.527+0000] {processor.py:838} WARNING - No viable dags retrieved from /home/airflow/.local/lib/python3.7/site-packages/airflow/example_dags/plugins/event_listener.py
[2025-03-13T09:53:20.538+0000] {processor.py:179} INFO - Processing /home/airflow/.local/lib/python3.7/site-packages/airflow/example_dags/plugins/event_listener.py took 0.018 seconds
[2025-03-13T09:53:51.541+0000] {processor.py:157} INFO - Started process (PID=1686) to work on /home/airflow/.local/lib/python3.7/site-packages/airflow/example_dags/plugins/event_listener.py
[2025-03-13T09:53:51.542+0000] {processor.py:826} INFO - Processing file /home/airflow/.local/lib/python3.7/site-packages/airflow/example_dags/plugins/event_listener.py for tasks to queue
[2025-03-13T09:53:51.542+0000] {logging_mixin.py:149} INFO - [2025-03-13T09:53:51.542+0000] {dagbag.py:541} INFO - Filling up the DagBag from /home/airflow/.local/lib/python3.7/site-packages/airflow/example_dags/plugins/event_listener.py
[2025-03-13T09:53:51.544+0000] {processor.py:838} WARNING - No viable dags retrieved from /home/airflow/.local/lib/python3.7/site-packages/airflow/example_dags/plugins/event_listener.py
[2025-03-13T09:53:51.558+0000] {processor.py:179} INFO - Processing /home/airflow/.local/lib/python3.7/site-packages/airflow/example_dags/plugins/event_listener.py took 0.020 seconds
[2025-03-13T09:54:22.779+0000] {processor.py:157} INFO - Started process (PID=1788) to work on /home/airflow/.local/lib/python3.7/site-packages/airflow/example_dags/plugins/event_listener.py
[2025-03-13T09:54:22.782+0000] {processor.py:826} INFO - Processing file /home/airflow/.local/lib/python3.7/site-packages/airflow/example_dags/plugins/event_listener.py for tasks to queue
[2025-03-13T09:54:22.782+0000] {logging_mixin.py:149} INFO - [2025-03-13T09:54:22.782+0000] {dagbag.py:541} INFO - Filling up the DagBag from /home/airflow/.local/lib/python3.7/site-packages/airflow/example_dags/plugins/event_listener.py
[2025-03-13T09:54:22.784+0000] {processor.py:838} WARNING - No viable dags retrieved from /home/airflow/.local/lib/python3.7/site-packages/airflow/example_dags/plugins/event_listener.py
[2025-03-13T09:54:22.804+0000] {processor.py:179} INFO - Processing /home/airflow/.local/lib/python3.7/site-packages/airflow/example_dags/plugins/event_listener.py took 0.029 seconds
[2025-03-13T09:54:54.130+0000] {processor.py:157} INFO - Started process (PID=1875) to work on /home/airflow/.local/lib/python3.7/site-packages/airflow/example_dags/plugins/event_listener.py
[2025-03-13T09:54:54.131+0000] {processor.py:826} INFO - Processing file /home/airflow/.local/lib/python3.7/site-packages/airflow/example_dags/plugins/event_listener.py for tasks to queue
[2025-03-13T09:54:54.131+0000] {logging_mixin.py:149} INFO - [2025-03-13T09:54:54.131+0000] {dagbag.py:541} INFO - Filling up the DagBag from /home/airflow/.local/lib/python3.7/site-packages/airflow/example_dags/plugins/event_listener.py
[2025-03-13T09:54:54.134+0000] {processor.py:838} WARNING - No viable dags retrieved from /home/airflow/.local/lib/python3.7/site-packages/airflow/example_dags/plugins/event_listener.py
[2025-03-13T09:54:54.148+0000] {processor.py:179} INFO - Processing /home/airflow/.local/lib/python3.7/site-packages/airflow/example_dags/plugins/event_listener.py took 0.022 seconds
[2025-03-13T09:55:25.318+0000] {processor.py:157} INFO - Started process (PID=1959) to work on /home/airflow/.local/lib/python3.7/site-packages/airflow/example_dags/plugins/event_listener.py
[2025-03-13T09:55:25.320+0000] {processor.py:826} INFO - Processing file /home/airflow/.local/lib/python3.7/site-packages/airflow/example_dags/plugins/event_listener.py for tasks to queue
[2025-03-13T09:55:25.320+0000] {logging_mixin.py:149} INFO - [2025-03-13T09:55:25.320+0000] {dagbag.py:541} INFO - Filling up the DagBag from /home/airflow/.local/lib/python3.7/site-packages/airflow/example_dags/plugins/event_listener.py
[2025-03-13T09:55:25.322+0000] {processor.py:838} WARNING - No viable dags retrieved from /home/airflow/.local/lib/python3.7/site-packages/airflow/example_dags/plugins/event_listener.py
[2025-03-13T09:55:25.336+0000] {processor.py:179} INFO - Processing /home/airflow/.local/lib/python3.7/site-packages/airflow/example_dags/plugins/event_listener.py took 0.021 seconds
[2025-03-13T09:55:57.074+0000] {processor.py:157} INFO - Started process (PID=2062) to work on /home/airflow/.local/lib/python3.7/site-packages/airflow/example_dags/plugins/event_listener.py
[2025-03-13T09:55:57.075+0000] {processor.py:826} INFO - Processing file /home/airflow/.local/lib/python3.7/site-packages/airflow/example_dags/plugins/event_listener.py for tasks to queue
[2025-03-13T09:55:57.076+0000] {logging_mixin.py:149} INFO - [2025-03-13T09:55:57.075+0000] {dagbag.py:541} INFO - Filling up the DagBag from /home/airflow/.local/lib/python3.7/site-packages/airflow/example_dags/plugins/event_listener.py
[2025-03-13T09:55:57.078+0000] {processor.py:838} WARNING - No viable dags retrieved from /home/airflow/.local/lib/python3.7/site-packages/airflow/example_dags/plugins/event_listener.py
[2025-03-13T09:55:57.092+0000] {processor.py:179} INFO - Processing /home/airflow/.local/lib/python3.7/site-packages/airflow/example_dags/plugins/event_listener.py took 0.023 seconds
[2025-03-13T09:56:27.490+0000] {processor.py:157} INFO - Started process (PID=2153) to work on /home/airflow/.local/lib/python3.7/site-packages/airflow/example_dags/plugins/event_listener.py
[2025-03-13T09:56:27.491+0000] {processor.py:826} INFO - Processing file /home/airflow/.local/lib/python3.7/site-packages/airflow/example_dags/plugins/event_listener.py for tasks to queue
[2025-03-13T09:56:27.492+0000] {logging_mixin.py:149} INFO - [2025-03-13T09:56:27.492+0000] {dagbag.py:541} INFO - Filling up the DagBag from /home/airflow/.local/lib/python3.7/site-packages/airflow/example_dags/plugins/event_listener.py
[2025-03-13T09:56:27.493+0000] {processor.py:838} WARNING - No viable dags retrieved from /home/airflow/.local/lib/python3.7/site-packages/airflow/example_dags/plugins/event_listener.py
[2025-03-13T09:56:27.506+0000] {processor.py:179} INFO - Processing /home/airflow/.local/lib/python3.7/site-packages/airflow/example_dags/plugins/event_listener.py took 0.019 seconds
[2025-03-13T09:56:58.052+0000] {processor.py:157} INFO - Started process (PID=2244) to work on /home/airflow/.local/lib/python3.7/site-packages/airflow/example_dags/plugins/event_listener.py
[2025-03-13T09:56:58.054+0000] {processor.py:826} INFO - Processing file /home/airflow/.local/lib/python3.7/site-packages/airflow/example_dags/plugins/event_listener.py for tasks to queue
[2025-03-13T09:56:58.054+0000] {logging_mixin.py:149} INFO - [2025-03-13T09:56:58.054+0000] {dagbag.py:541} INFO - Filling up the DagBag from /home/airflow/.local/lib/python3.7/site-packages/airflow/example_dags/plugins/event_listener.py
[2025-03-13T09:56:58.056+0000] {processor.py:838} WARNING - No viable dags retrieved from /home/airflow/.local/lib/python3.7/site-packages/airflow/example_dags/plugins/event_listener.py
[2025-03-13T09:56:58.068+0000] {processor.py:179} INFO - Processing /home/airflow/.local/lib/python3.7/site-packages/airflow/example_dags/plugins/event_listener.py took 0.019 seconds
[2025-03-13T09:57:28.606+0000] {processor.py:157} INFO - Started process (PID=2335) to work on /home/airflow/.local/lib/python3.7/site-packages/airflow/example_dags/plugins/event_listener.py
[2025-03-13T09:57:28.607+0000] {processor.py:826} INFO - Processing file /home/airflow/.local/lib/python3.7/site-packages/airflow/example_dags/plugins/event_listener.py for tasks to queue
[2025-03-13T09:57:28.608+0000] {logging_mixin.py:149} INFO - [2025-03-13T09:57:28.608+0000] {dagbag.py:541} INFO - Filling up the DagBag from /home/airflow/.local/lib/python3.7/site-packages/airflow/example_dags/plugins/event_listener.py
[2025-03-13T09:57:28.610+0000] {processor.py:838} WARNING - No viable dags retrieved from /home/airflow/.local/lib/python3.7/site-packages/airflow/example_dags/plugins/event_listener.py
[2025-03-13T09:57:28.623+0000] {processor.py:179} INFO - Processing /home/airflow/.local/lib/python3.7/site-packages/airflow/example_dags/plugins/event_listener.py took 0.021 seconds
[2025-03-13T09:57:59.450+0000] {processor.py:157} INFO - Started process (PID=2414) to work on /home/airflow/.local/lib/python3.7/site-packages/airflow/example_dags/plugins/event_listener.py
[2025-03-13T09:57:59.452+0000] {processor.py:826} INFO - Processing file /home/airflow/.local/lib/python3.7/site-packages/airflow/example_dags/plugins/event_listener.py for tasks to queue
[2025-03-13T09:57:59.452+0000] {logging_mixin.py:149} INFO - [2025-03-13T09:57:59.452+0000] {dagbag.py:541} INFO - Filling up the DagBag from /home/airflow/.local/lib/python3.7/site-packages/airflow/example_dags/plugins/event_listener.py
[2025-03-13T09:57:59.453+0000] {processor.py:838} WARNING - No viable dags retrieved from /home/airflow/.local/lib/python3.7/site-packages/airflow/example_dags/plugins/event_listener.py
[2025-03-13T09:57:59.471+0000] {processor.py:179} INFO - Processing /home/airflow/.local/lib/python3.7/site-packages/airflow/example_dags/plugins/event_listener.py took 0.024 seconds
[2025-03-13T09:58:29.616+0000] {processor.py:157} INFO - Started process (PID=2504) to work on /home/airflow/.local/lib/python3.7/site-packages/airflow/example_dags/plugins/event_listener.py
[2025-03-13T09:58:29.617+0000] {processor.py:826} INFO - Processing file /home/airflow/.local/lib/python3.7/site-packages/airflow/example_dags/plugins/event_listener.py for tasks to queue
[2025-03-13T09:58:29.618+0000] {logging_mixin.py:149} INFO - [2025-03-13T09:58:29.618+0000] {dagbag.py:541} INFO - Filling up the DagBag from /home/airflow/.local/lib/python3.7/site-packages/airflow/example_dags/plugins/event_listener.py
[2025-03-13T09:58:29.620+0000] {processor.py:838} WARNING - No viable dags retrieved from /home/airflow/.local/lib/python3.7/site-packages/airflow/example_dags/plugins/event_listener.py
[2025-03-13T09:58:29.631+0000] {processor.py:179} INFO - Processing /home/airflow/.local/lib/python3.7/site-packages/airflow/example_dags/plugins/event_listener.py took 0.018 seconds
[2025-03-13T09:59:00.943+0000] {processor.py:157} INFO - Started process (PID=2595) to work on /home/airflow/.local/lib/python3.7/site-packages/airflow/example_dags/plugins/event_listener.py
[2025-03-13T09:59:00.944+0000] {processor.py:826} INFO - Processing file /home/airflow/.local/lib/python3.7/site-packages/airflow/example_dags/plugins/event_listener.py for tasks to queue
[2025-03-13T09:59:00.945+0000] {logging_mixin.py:149} INFO - [2025-03-13T09:59:00.945+0000] {dagbag.py:541} INFO - Filling up the DagBag from /home/airflow/.local/lib/python3.7/site-packages/airflow/example_dags/plugins/event_listener.py
[2025-03-13T09:59:00.947+0000] {processor.py:838} WARNING - No viable dags retrieved from /home/airflow/.local/lib/python3.7/site-packages/airflow/example_dags/plugins/event_listener.py
[2025-03-13T09:59:00.961+0000] {processor.py:179} INFO - Processing /home/airflow/.local/lib/python3.7/site-packages/airflow/example_dags/plugins/event_listener.py took 0.022 seconds
[2025-03-13T09:59:31.932+0000] {processor.py:157} INFO - Started process (PID=2686) to work on /home/airflow/.local/lib/python3.7/site-packages/airflow/example_dags/plugins/event_listener.py
[2025-03-13T09:59:31.933+0000] {processor.py:826} INFO - Processing file /home/airflow/.local/lib/python3.7/site-packages/airflow/example_dags/plugins/event_listener.py for tasks to queue
[2025-03-13T09:59:31.933+0000] {logging_mixin.py:149} INFO - [2025-03-13T09:59:31.933+0000] {dagbag.py:541} INFO - Filling up the DagBag from /home/airflow/.local/lib/python3.7/site-packages/airflow/example_dags/plugins/event_listener.py
[2025-03-13T09:59:31.936+0000] {processor.py:838} WARNING - No viable dags retrieved from /home/airflow/.local/lib/python3.7/site-packages/airflow/example_dags/plugins/event_listener.py
[2025-03-13T09:59:31.951+0000] {processor.py:179} INFO - Processing /home/airflow/.local/lib/python3.7/site-packages/airflow/example_dags/plugins/event_listener.py took 0.023 seconds
[2025-03-13T10:00:02.038+0000] {processor.py:157} INFO - Started process (PID=2777) to work on /home/airflow/.local/lib/python3.7/site-packages/airflow/example_dags/plugins/event_listener.py
[2025-03-13T10:00:02.039+0000] {processor.py:826} INFO - Processing file /home/airflow/.local/lib/python3.7/site-packages/airflow/example_dags/plugins/event_listener.py for tasks to queue
[2025-03-13T10:00:02.039+0000] {logging_mixin.py:149} INFO - [2025-03-13T10:00:02.039+0000] {dagbag.py:541} INFO - Filling up the DagBag from /home/airflow/.local/lib/python3.7/site-packages/airflow/example_dags/plugins/event_listener.py
[2025-03-13T10:00:02.041+0000] {processor.py:838} WARNING - No viable dags retrieved from /home/airflow/.local/lib/python3.7/site-packages/airflow/example_dags/plugins/event_listener.py
[2025-03-13T10:00:02.051+0000] {processor.py:179} INFO - Processing /home/airflow/.local/lib/python3.7/site-packages/airflow/example_dags/plugins/event_listener.py took 0.017 seconds
[2025-03-13T10:00:32.405+0000] {processor.py:157} INFO - Started process (PID=2868) to work on /home/airflow/.local/lib/python3.7/site-packages/airflow/example_dags/plugins/event_listener.py
[2025-03-13T10:00:32.406+0000] {processor.py:826} INFO - Processing file /home/airflow/.local/lib/python3.7/site-packages/airflow/example_dags/plugins/event_listener.py for tasks to queue
[2025-03-13T10:00:32.407+0000] {logging_mixin.py:149} INFO - [2025-03-13T10:00:32.407+0000] {dagbag.py:541} INFO - Filling up the DagBag from /home/airflow/.local/lib/python3.7/site-packages/airflow/example_dags/plugins/event_listener.py
[2025-03-13T10:00:32.409+0000] {processor.py:838} WARNING - No viable dags retrieved from /home/airflow/.local/lib/python3.7/site-packages/airflow/example_dags/plugins/event_listener.py
[2025-03-13T10:00:32.421+0000] {processor.py:179} INFO - Processing /home/airflow/.local/lib/python3.7/site-packages/airflow/example_dags/plugins/event_listener.py took 0.019 seconds
[2025-03-13T10:01:03.389+0000] {processor.py:157} INFO - Started process (PID=2959) to work on /home/airflow/.local/lib/python3.7/site-packages/airflow/example_dags/plugins/event_listener.py
[2025-03-13T10:01:03.391+0000] {processor.py:826} INFO - Processing file /home/airflow/.local/lib/python3.7/site-packages/airflow/example_dags/plugins/event_listener.py for tasks to queue
[2025-03-13T10:01:03.391+0000] {logging_mixin.py:149} INFO - [2025-03-13T10:01:03.391+0000] {dagbag.py:541} INFO - Filling up the DagBag from /home/airflow/.local/lib/python3.7/site-packages/airflow/example_dags/plugins/event_listener.py
[2025-03-13T10:01:03.393+0000] {processor.py:838} WARNING - No viable dags retrieved from /home/airflow/.local/lib/python3.7/site-packages/airflow/example_dags/plugins/event_listener.py
[2025-03-13T10:01:03.408+0000] {processor.py:179} INFO - Processing /home/airflow/.local/lib/python3.7/site-packages/airflow/example_dags/plugins/event_listener.py took 0.022 seconds
[2025-03-13T10:01:34.020+0000] {processor.py:157} INFO - Started process (PID=3057) to work on /home/airflow/.local/lib/python3.7/site-packages/airflow/example_dags/plugins/event_listener.py
[2025-03-13T10:01:34.021+0000] {processor.py:826} INFO - Processing file /home/airflow/.local/lib/python3.7/site-packages/airflow/example_dags/plugins/event_listener.py for tasks to queue
[2025-03-13T10:01:34.022+0000] {logging_mixin.py:149} INFO - [2025-03-13T10:01:34.022+0000] {dagbag.py:541} INFO - Filling up the DagBag from /home/airflow/.local/lib/python3.7/site-packages/airflow/example_dags/plugins/event_listener.py
[2025-03-13T10:01:34.024+0000] {processor.py:838} WARNING - No viable dags retrieved from /home/airflow/.local/lib/python3.7/site-packages/airflow/example_dags/plugins/event_listener.py
[2025-03-13T10:01:34.039+0000] {processor.py:179} INFO - Processing /home/airflow/.local/lib/python3.7/site-packages/airflow/example_dags/plugins/event_listener.py took 0.023 seconds
[2025-03-13T10:02:04.374+0000] {processor.py:157} INFO - Started process (PID=3148) to work on /home/airflow/.local/lib/python3.7/site-packages/airflow/example_dags/plugins/event_listener.py
[2025-03-13T10:02:04.375+0000] {processor.py:826} INFO - Processing file /home/airflow/.local/lib/python3.7/site-packages/airflow/example_dags/plugins/event_listener.py for tasks to queue
[2025-03-13T10:02:04.376+0000] {logging_mixin.py:149} INFO - [2025-03-13T10:02:04.376+0000] {dagbag.py:541} INFO - Filling up the DagBag from /home/airflow/.local/lib/python3.7/site-packages/airflow/example_dags/plugins/event_listener.py
[2025-03-13T10:02:04.378+0000] {processor.py:838} WARNING - No viable dags retrieved from /home/airflow/.local/lib/python3.7/site-packages/airflow/example_dags/plugins/event_listener.py
[2025-03-13T10:02:04.391+0000] {processor.py:179} INFO - Processing /home/airflow/.local/lib/python3.7/site-packages/airflow/example_dags/plugins/event_listener.py took 0.020 seconds
[2025-03-13T10:02:35.549+0000] {processor.py:157} INFO - Started process (PID=3239) to work on /home/airflow/.local/lib/python3.7/site-packages/airflow/example_dags/plugins/event_listener.py
[2025-03-13T10:02:35.550+0000] {processor.py:826} INFO - Processing file /home/airflow/.local/lib/python3.7/site-packages/airflow/example_dags/plugins/event_listener.py for tasks to queue
[2025-03-13T10:02:35.551+0000] {logging_mixin.py:149} INFO - [2025-03-13T10:02:35.551+0000] {dagbag.py:541} INFO - Filling up the DagBag from /home/airflow/.local/lib/python3.7/site-packages/airflow/example_dags/plugins/event_listener.py
[2025-03-13T10:02:35.552+0000] {processor.py:838} WARNING - No viable dags retrieved from /home/airflow/.local/lib/python3.7/site-packages/airflow/example_dags/plugins/event_listener.py
[2025-03-13T10:02:35.564+0000] {processor.py:179} INFO - Processing /home/airflow/.local/lib/python3.7/site-packages/airflow/example_dags/plugins/event_listener.py took 0.018 seconds
[2025-03-13T10:03:07.050+0000] {processor.py:157} INFO - Started process (PID=3330) to work on /home/airflow/.local/lib/python3.7/site-packages/airflow/example_dags/plugins/event_listener.py
[2025-03-13T10:03:07.051+0000] {processor.py:826} INFO - Processing file /home/airflow/.local/lib/python3.7/site-packages/airflow/example_dags/plugins/event_listener.py for tasks to queue
[2025-03-13T10:03:07.052+0000] {logging_mixin.py:149} INFO - [2025-03-13T10:03:07.052+0000] {dagbag.py:541} INFO - Filling up the DagBag from /home/airflow/.local/lib/python3.7/site-packages/airflow/example_dags/plugins/event_listener.py
[2025-03-13T10:03:07.054+0000] {processor.py:838} WARNING - No viable dags retrieved from /home/airflow/.local/lib/python3.7/site-packages/airflow/example_dags/plugins/event_listener.py
[2025-03-13T10:03:07.066+0000] {processor.py:179} INFO - Processing /home/airflow/.local/lib/python3.7/site-packages/airflow/example_dags/plugins/event_listener.py took 0.019 seconds
[2025-03-13T10:03:37.841+0000] {processor.py:157} INFO - Started process (PID=3433) to work on /home/airflow/.local/lib/python3.7/site-packages/airflow/example_dags/plugins/event_listener.py
[2025-03-13T10:03:37.842+0000] {processor.py:826} INFO - Processing file /home/airflow/.local/lib/python3.7/site-packages/airflow/example_dags/plugins/event_listener.py for tasks to queue
[2025-03-13T10:03:37.843+0000] {logging_mixin.py:149} INFO - [2025-03-13T10:03:37.843+0000] {dagbag.py:541} INFO - Filling up the DagBag from /home/airflow/.local/lib/python3.7/site-packages/airflow/example_dags/plugins/event_listener.py
[2025-03-13T10:03:37.845+0000] {processor.py:838} WARNING - No viable dags retrieved from /home/airflow/.local/lib/python3.7/site-packages/airflow/example_dags/plugins/event_listener.py
[2025-03-13T10:03:37.861+0000] {processor.py:179} INFO - Processing /home/airflow/.local/lib/python3.7/site-packages/airflow/example_dags/plugins/event_listener.py took 0.025 seconds
[2025-03-13T10:04:08.638+0000] {processor.py:157} INFO - Started process (PID=3512) to work on /home/airflow/.local/lib/python3.7/site-packages/airflow/example_dags/plugins/event_listener.py
[2025-03-13T10:04:08.639+0000] {processor.py:826} INFO - Processing file /home/airflow/.local/lib/python3.7/site-packages/airflow/example_dags/plugins/event_listener.py for tasks to queue
[2025-03-13T10:04:08.640+0000] {logging_mixin.py:149} INFO - [2025-03-13T10:04:08.640+0000] {dagbag.py:541} INFO - Filling up the DagBag from /home/airflow/.local/lib/python3.7/site-packages/airflow/example_dags/plugins/event_listener.py
[2025-03-13T10:04:08.642+0000] {processor.py:838} WARNING - No viable dags retrieved from /home/airflow/.local/lib/python3.7/site-packages/airflow/example_dags/plugins/event_listener.py
[2025-03-13T10:04:08.656+0000] {processor.py:179} INFO - Processing /home/airflow/.local/lib/python3.7/site-packages/airflow/example_dags/plugins/event_listener.py took 0.022 seconds
[2025-03-13T10:04:39.184+0000] {processor.py:157} INFO - Started process (PID=3603) to work on /home/airflow/.local/lib/python3.7/site-packages/airflow/example_dags/plugins/event_listener.py
[2025-03-13T10:04:39.185+0000] {processor.py:826} INFO - Processing file /home/airflow/.local/lib/python3.7/site-packages/airflow/example_dags/plugins/event_listener.py for tasks to queue
[2025-03-13T10:04:39.185+0000] {logging_mixin.py:149} INFO - [2025-03-13T10:04:39.185+0000] {dagbag.py:541} INFO - Filling up the DagBag from /home/airflow/.local/lib/python3.7/site-packages/airflow/example_dags/plugins/event_listener.py
[2025-03-13T10:04:39.187+0000] {processor.py:838} WARNING - No viable dags retrieved from /home/airflow/.local/lib/python3.7/site-packages/airflow/example_dags/plugins/event_listener.py
[2025-03-13T10:04:39.199+0000] {processor.py:179} INFO - Processing /home/airflow/.local/lib/python3.7/site-packages/airflow/example_dags/plugins/event_listener.py took 0.018 seconds
[2025-03-13T10:05:10.281+0000] {processor.py:157} INFO - Started process (PID=3694) to work on /home/airflow/.local/lib/python3.7/site-packages/airflow/example_dags/plugins/event_listener.py
[2025-03-13T10:05:10.282+0000] {processor.py:826} INFO - Processing file /home/airflow/.local/lib/python3.7/site-packages/airflow/example_dags/plugins/event_listener.py for tasks to queue
[2025-03-13T10:05:10.283+0000] {logging_mixin.py:149} INFO - [2025-03-13T10:05:10.282+0000] {dagbag.py:541} INFO - Filling up the DagBag from /home/airflow/.local/lib/python3.7/site-packages/airflow/example_dags/plugins/event_listener.py
[2025-03-13T10:05:10.284+0000] {processor.py:838} WARNING - No viable dags retrieved from /home/airflow/.local/lib/python3.7/site-packages/airflow/example_dags/plugins/event_listener.py
[2025-03-13T10:05:10.297+0000] {processor.py:179} INFO - Processing /home/airflow/.local/lib/python3.7/site-packages/airflow/example_dags/plugins/event_listener.py took 0.020 seconds
