[2025-03-13T09:45:03.465+0000] {processor.py:157} INFO - Started process (PID=111) to work on /home/airflow/.local/lib/python3.7/site-packages/airflow/example_dags/example_trigger_target_dag.py
[2025-03-13T09:45:03.466+0000] {processor.py:826} INFO - Processing file /home/airflow/.local/lib/python3.7/site-packages/airflow/example_dags/example_trigger_target_dag.py for tasks to queue
[2025-03-13T09:45:03.467+0000] {logging_mixin.py:149} INFO - [2025-03-13T09:45:03.467+0000] {dagbag.py:541} INFO - Filling up the DagBag from /home/airflow/.local/lib/python3.7/site-packages/airflow/example_dags/example_trigger_target_dag.py
[2025-03-13T09:45:03.475+0000] {processor.py:836} INFO - DAG(s) dict_keys(['example_trigger_target_dag']) retrieved from /home/airflow/.local/lib/python3.7/site-packages/airflow/example_dags/example_trigger_target_dag.py
[2025-03-13T09:45:03.517+0000] {logging_mixin.py:149} INFO - [2025-03-13T09:45:03.517+0000] {dag.py:2726} INFO - Sync 1 DAGs
[2025-03-13T09:45:03.566+0000] {logging_mixin.py:149} INFO - [2025-03-13T09:45:03.566+0000] {dag.py:3490} INFO - Setting next_dagrun for example_trigger_target_dag to None, run_after=None
[2025-03-13T09:45:03.597+0000] {processor.py:179} INFO - Processing /home/airflow/.local/lib/python3.7/site-packages/airflow/example_dags/example_trigger_target_dag.py took 0.135 seconds
[2025-03-13T09:45:33.828+0000] {processor.py:157} INFO - Started process (PID=219) to work on /home/airflow/.local/lib/python3.7/site-packages/airflow/example_dags/example_trigger_target_dag.py
[2025-03-13T09:45:33.829+0000] {processor.py:826} INFO - Processing file /home/airflow/.local/lib/python3.7/site-packages/airflow/example_dags/example_trigger_target_dag.py for tasks to queue
[2025-03-13T09:45:33.830+0000] {logging_mixin.py:149} INFO - [2025-03-13T09:45:33.830+0000] {dagbag.py:541} INFO - Filling up the DagBag from /home/airflow/.local/lib/python3.7/site-packages/airflow/example_dags/example_trigger_target_dag.py
[2025-03-13T09:45:33.835+0000] {processor.py:836} INFO - DAG(s) dict_keys(['example_trigger_target_dag']) retrieved from /home/airflow/.local/lib/python3.7/site-packages/airflow/example_dags/example_trigger_target_dag.py
[2025-03-13T09:45:33.856+0000] {logging_mixin.py:149} INFO - [2025-03-13T09:45:33.856+0000] {dag.py:2726} INFO - Sync 1 DAGs
[2025-03-13T09:45:33.878+0000] {logging_mixin.py:149} INFO - [2025-03-13T09:45:33.878+0000] {dag.py:3490} INFO - Setting next_dagrun for example_trigger_target_dag to None, run_after=None
[2025-03-13T09:45:33.898+0000] {processor.py:179} INFO - Processing /home/airflow/.local/lib/python3.7/site-packages/airflow/example_dags/example_trigger_target_dag.py took 0.073 seconds
[2025-03-13T09:46:05.553+0000] {processor.py:157} INFO - Started process (PID=310) to work on /home/airflow/.local/lib/python3.7/site-packages/airflow/example_dags/example_trigger_target_dag.py
[2025-03-13T09:46:05.554+0000] {processor.py:826} INFO - Processing file /home/airflow/.local/lib/python3.7/site-packages/airflow/example_dags/example_trigger_target_dag.py for tasks to queue
[2025-03-13T09:46:05.555+0000] {logging_mixin.py:149} INFO - [2025-03-13T09:46:05.555+0000] {dagbag.py:541} INFO - Filling up the DagBag from /home/airflow/.local/lib/python3.7/site-packages/airflow/example_dags/example_trigger_target_dag.py
[2025-03-13T09:46:05.560+0000] {processor.py:836} INFO - DAG(s) dict_keys(['example_trigger_target_dag']) retrieved from /home/airflow/.local/lib/python3.7/site-packages/airflow/example_dags/example_trigger_target_dag.py
[2025-03-13T09:46:05.683+0000] {logging_mixin.py:149} INFO - [2025-03-13T09:46:05.683+0000] {dag.py:2726} INFO - Sync 1 DAGs
[2025-03-13T09:46:05.703+0000] {logging_mixin.py:149} INFO - [2025-03-13T09:46:05.703+0000] {dag.py:3490} INFO - Setting next_dagrun for example_trigger_target_dag to None, run_after=None
[2025-03-13T09:46:05.720+0000] {processor.py:179} INFO - Processing /home/airflow/.local/lib/python3.7/site-packages/airflow/example_dags/example_trigger_target_dag.py took 0.170 seconds
[2025-03-13T09:46:36.454+0000] {processor.py:157} INFO - Started process (PID=401) to work on /home/airflow/.local/lib/python3.7/site-packages/airflow/example_dags/example_trigger_target_dag.py
[2025-03-13T09:46:36.455+0000] {processor.py:826} INFO - Processing file /home/airflow/.local/lib/python3.7/site-packages/airflow/example_dags/example_trigger_target_dag.py for tasks to queue
[2025-03-13T09:46:36.455+0000] {logging_mixin.py:149} INFO - [2025-03-13T09:46:36.455+0000] {dagbag.py:541} INFO - Filling up the DagBag from /home/airflow/.local/lib/python3.7/site-packages/airflow/example_dags/example_trigger_target_dag.py
[2025-03-13T09:46:36.460+0000] {processor.py:836} INFO - DAG(s) dict_keys(['example_trigger_target_dag']) retrieved from /home/airflow/.local/lib/python3.7/site-packages/airflow/example_dags/example_trigger_target_dag.py
[2025-03-13T09:46:36.483+0000] {logging_mixin.py:149} INFO - [2025-03-13T09:46:36.483+0000] {dag.py:2726} INFO - Sync 1 DAGs
[2025-03-13T09:46:36.506+0000] {logging_mixin.py:149} INFO - [2025-03-13T09:46:36.506+0000] {dag.py:3490} INFO - Setting next_dagrun for example_trigger_target_dag to None, run_after=None
[2025-03-13T09:46:36.525+0000] {processor.py:179} INFO - Processing /home/airflow/.local/lib/python3.7/site-packages/airflow/example_dags/example_trigger_target_dag.py took 0.074 seconds
[2025-03-13T09:47:07.494+0000] {processor.py:157} INFO - Started process (PID=492) to work on /home/airflow/.local/lib/python3.7/site-packages/airflow/example_dags/example_trigger_target_dag.py
[2025-03-13T09:47:07.495+0000] {processor.py:826} INFO - Processing file /home/airflow/.local/lib/python3.7/site-packages/airflow/example_dags/example_trigger_target_dag.py for tasks to queue
[2025-03-13T09:47:07.496+0000] {logging_mixin.py:149} INFO - [2025-03-13T09:47:07.496+0000] {dagbag.py:541} INFO - Filling up the DagBag from /home/airflow/.local/lib/python3.7/site-packages/airflow/example_dags/example_trigger_target_dag.py
[2025-03-13T09:47:07.501+0000] {processor.py:836} INFO - DAG(s) dict_keys(['example_trigger_target_dag']) retrieved from /home/airflow/.local/lib/python3.7/site-packages/airflow/example_dags/example_trigger_target_dag.py
[2025-03-13T09:47:07.524+0000] {logging_mixin.py:149} INFO - [2025-03-13T09:47:07.524+0000] {dag.py:2726} INFO - Sync 1 DAGs
[2025-03-13T09:47:07.545+0000] {logging_mixin.py:149} INFO - [2025-03-13T09:47:07.545+0000] {dag.py:3490} INFO - Setting next_dagrun for example_trigger_target_dag to None, run_after=None
[2025-03-13T09:47:07.565+0000] {processor.py:179} INFO - Processing /home/airflow/.local/lib/python3.7/site-packages/airflow/example_dags/example_trigger_target_dag.py took 0.074 seconds
[2025-03-13T09:47:37.671+0000] {processor.py:157} INFO - Started process (PID=584) to work on /home/airflow/.local/lib/python3.7/site-packages/airflow/example_dags/example_trigger_target_dag.py
[2025-03-13T09:47:37.672+0000] {processor.py:826} INFO - Processing file /home/airflow/.local/lib/python3.7/site-packages/airflow/example_dags/example_trigger_target_dag.py for tasks to queue
[2025-03-13T09:47:37.673+0000] {logging_mixin.py:149} INFO - [2025-03-13T09:47:37.673+0000] {dagbag.py:541} INFO - Filling up the DagBag from /home/airflow/.local/lib/python3.7/site-packages/airflow/example_dags/example_trigger_target_dag.py
[2025-03-13T09:47:37.681+0000] {processor.py:836} INFO - DAG(s) dict_keys(['example_trigger_target_dag']) retrieved from /home/airflow/.local/lib/python3.7/site-packages/airflow/example_dags/example_trigger_target_dag.py
[2025-03-13T09:47:37.706+0000] {logging_mixin.py:149} INFO - [2025-03-13T09:47:37.706+0000] {dag.py:2726} INFO - Sync 1 DAGs
[2025-03-13T09:47:37.727+0000] {logging_mixin.py:149} INFO - [2025-03-13T09:47:37.726+0000] {dag.py:3490} INFO - Setting next_dagrun for example_trigger_target_dag to None, run_after=None
[2025-03-13T09:47:37.744+0000] {processor.py:179} INFO - Processing /home/airflow/.local/lib/python3.7/site-packages/airflow/example_dags/example_trigger_target_dag.py took 0.077 seconds
[2025-03-13T09:48:08.719+0000] {processor.py:157} INFO - Started process (PID=675) to work on /home/airflow/.local/lib/python3.7/site-packages/airflow/example_dags/example_trigger_target_dag.py
[2025-03-13T09:48:08.721+0000] {processor.py:826} INFO - Processing file /home/airflow/.local/lib/python3.7/site-packages/airflow/example_dags/example_trigger_target_dag.py for tasks to queue
[2025-03-13T09:48:08.721+0000] {logging_mixin.py:149} INFO - [2025-03-13T09:48:08.721+0000] {dagbag.py:541} INFO - Filling up the DagBag from /home/airflow/.local/lib/python3.7/site-packages/airflow/example_dags/example_trigger_target_dag.py
[2025-03-13T09:48:08.726+0000] {processor.py:836} INFO - DAG(s) dict_keys(['example_trigger_target_dag']) retrieved from /home/airflow/.local/lib/python3.7/site-packages/airflow/example_dags/example_trigger_target_dag.py
[2025-03-13T09:48:08.749+0000] {logging_mixin.py:149} INFO - [2025-03-13T09:48:08.748+0000] {dag.py:2726} INFO - Sync 1 DAGs
[2025-03-13T09:48:08.771+0000] {logging_mixin.py:149} INFO - [2025-03-13T09:48:08.771+0000] {dag.py:3490} INFO - Setting next_dagrun for example_trigger_target_dag to None, run_after=None
[2025-03-13T09:48:08.789+0000] {processor.py:179} INFO - Processing /home/airflow/.local/lib/python3.7/site-packages/airflow/example_dags/example_trigger_target_dag.py took 0.072 seconds
[2025-03-13T09:48:39.270+0000] {processor.py:157} INFO - Started process (PID=766) to work on /home/airflow/.local/lib/python3.7/site-packages/airflow/example_dags/example_trigger_target_dag.py
[2025-03-13T09:48:39.271+0000] {processor.py:826} INFO - Processing file /home/airflow/.local/lib/python3.7/site-packages/airflow/example_dags/example_trigger_target_dag.py for tasks to queue
[2025-03-13T09:48:39.271+0000] {logging_mixin.py:149} INFO - [2025-03-13T09:48:39.271+0000] {dagbag.py:541} INFO - Filling up the DagBag from /home/airflow/.local/lib/python3.7/site-packages/airflow/example_dags/example_trigger_target_dag.py
[2025-03-13T09:48:39.277+0000] {processor.py:836} INFO - DAG(s) dict_keys(['example_trigger_target_dag']) retrieved from /home/airflow/.local/lib/python3.7/site-packages/airflow/example_dags/example_trigger_target_dag.py
[2025-03-13T09:48:39.308+0000] {logging_mixin.py:149} INFO - [2025-03-13T09:48:39.308+0000] {dag.py:2726} INFO - Sync 1 DAGs
[2025-03-13T09:48:39.333+0000] {logging_mixin.py:149} INFO - [2025-03-13T09:48:39.333+0000] {dag.py:3490} INFO - Setting next_dagrun for example_trigger_target_dag to None, run_after=None
[2025-03-13T09:48:39.354+0000] {processor.py:179} INFO - Processing /home/airflow/.local/lib/python3.7/site-packages/airflow/example_dags/example_trigger_target_dag.py took 0.088 seconds
[2025-03-13T09:49:10.343+0000] {processor.py:157} INFO - Started process (PID=857) to work on /home/airflow/.local/lib/python3.7/site-packages/airflow/example_dags/example_trigger_target_dag.py
[2025-03-13T09:49:10.344+0000] {processor.py:826} INFO - Processing file /home/airflow/.local/lib/python3.7/site-packages/airflow/example_dags/example_trigger_target_dag.py for tasks to queue
[2025-03-13T09:49:10.345+0000] {logging_mixin.py:149} INFO - [2025-03-13T09:49:10.344+0000] {dagbag.py:541} INFO - Filling up the DagBag from /home/airflow/.local/lib/python3.7/site-packages/airflow/example_dags/example_trigger_target_dag.py
[2025-03-13T09:49:10.350+0000] {processor.py:836} INFO - DAG(s) dict_keys(['example_trigger_target_dag']) retrieved from /home/airflow/.local/lib/python3.7/site-packages/airflow/example_dags/example_trigger_target_dag.py
[2025-03-13T09:49:10.372+0000] {logging_mixin.py:149} INFO - [2025-03-13T09:49:10.372+0000] {dag.py:2726} INFO - Sync 1 DAGs
[2025-03-13T09:49:10.394+0000] {logging_mixin.py:149} INFO - [2025-03-13T09:49:10.394+0000] {dag.py:3490} INFO - Setting next_dagrun for example_trigger_target_dag to None, run_after=None
[2025-03-13T09:49:10.413+0000] {processor.py:179} INFO - Processing /home/airflow/.local/lib/python3.7/site-packages/airflow/example_dags/example_trigger_target_dag.py took 0.073 seconds
[2025-03-13T09:49:41.541+0000] {processor.py:157} INFO - Started process (PID=948) to work on /home/airflow/.local/lib/python3.7/site-packages/airflow/example_dags/example_trigger_target_dag.py
[2025-03-13T09:49:41.542+0000] {processor.py:826} INFO - Processing file /home/airflow/.local/lib/python3.7/site-packages/airflow/example_dags/example_trigger_target_dag.py for tasks to queue
[2025-03-13T09:49:41.543+0000] {logging_mixin.py:149} INFO - [2025-03-13T09:49:41.542+0000] {dagbag.py:541} INFO - Filling up the DagBag from /home/airflow/.local/lib/python3.7/site-packages/airflow/example_dags/example_trigger_target_dag.py
[2025-03-13T09:49:41.548+0000] {processor.py:836} INFO - DAG(s) dict_keys(['example_trigger_target_dag']) retrieved from /home/airflow/.local/lib/python3.7/site-packages/airflow/example_dags/example_trigger_target_dag.py
[2025-03-13T09:49:41.569+0000] {logging_mixin.py:149} INFO - [2025-03-13T09:49:41.568+0000] {dag.py:2726} INFO - Sync 1 DAGs
[2025-03-13T09:49:41.590+0000] {logging_mixin.py:149} INFO - [2025-03-13T09:49:41.590+0000] {dag.py:3490} INFO - Setting next_dagrun for example_trigger_target_dag to None, run_after=None
[2025-03-13T09:49:41.608+0000] {processor.py:179} INFO - Processing /home/airflow/.local/lib/python3.7/site-packages/airflow/example_dags/example_trigger_target_dag.py took 0.071 seconds
[2025-03-13T09:50:12.829+0000] {processor.py:157} INFO - Started process (PID=1039) to work on /home/airflow/.local/lib/python3.7/site-packages/airflow/example_dags/example_trigger_target_dag.py
[2025-03-13T09:50:12.830+0000] {processor.py:826} INFO - Processing file /home/airflow/.local/lib/python3.7/site-packages/airflow/example_dags/example_trigger_target_dag.py for tasks to queue
[2025-03-13T09:50:12.831+0000] {logging_mixin.py:149} INFO - [2025-03-13T09:50:12.831+0000] {dagbag.py:541} INFO - Filling up the DagBag from /home/airflow/.local/lib/python3.7/site-packages/airflow/example_dags/example_trigger_target_dag.py
[2025-03-13T09:50:12.836+0000] {processor.py:836} INFO - DAG(s) dict_keys(['example_trigger_target_dag']) retrieved from /home/airflow/.local/lib/python3.7/site-packages/airflow/example_dags/example_trigger_target_dag.py
[2025-03-13T09:50:12.858+0000] {logging_mixin.py:149} INFO - [2025-03-13T09:50:12.857+0000] {dag.py:2726} INFO - Sync 1 DAGs
[2025-03-13T09:50:12.882+0000] {logging_mixin.py:149} INFO - [2025-03-13T09:50:12.882+0000] {dag.py:3490} INFO - Setting next_dagrun for example_trigger_target_dag to None, run_after=None
[2025-03-13T09:50:12.900+0000] {processor.py:179} INFO - Processing /home/airflow/.local/lib/python3.7/site-packages/airflow/example_dags/example_trigger_target_dag.py took 0.074 seconds
[2025-03-13T09:50:43.850+0000] {processor.py:157} INFO - Started process (PID=1130) to work on /home/airflow/.local/lib/python3.7/site-packages/airflow/example_dags/example_trigger_target_dag.py
[2025-03-13T09:50:43.851+0000] {processor.py:826} INFO - Processing file /home/airflow/.local/lib/python3.7/site-packages/airflow/example_dags/example_trigger_target_dag.py for tasks to queue
[2025-03-13T09:50:43.851+0000] {logging_mixin.py:149} INFO - [2025-03-13T09:50:43.851+0000] {dagbag.py:541} INFO - Filling up the DagBag from /home/airflow/.local/lib/python3.7/site-packages/airflow/example_dags/example_trigger_target_dag.py
[2025-03-13T09:50:43.856+0000] {processor.py:836} INFO - DAG(s) dict_keys(['example_trigger_target_dag']) retrieved from /home/airflow/.local/lib/python3.7/site-packages/airflow/example_dags/example_trigger_target_dag.py
[2025-03-13T09:50:43.879+0000] {logging_mixin.py:149} INFO - [2025-03-13T09:50:43.879+0000] {dag.py:2726} INFO - Sync 1 DAGs
[2025-03-13T09:50:43.900+0000] {logging_mixin.py:149} INFO - [2025-03-13T09:50:43.900+0000] {dag.py:3490} INFO - Setting next_dagrun for example_trigger_target_dag to None, run_after=None
[2025-03-13T09:50:43.918+0000] {processor.py:179} INFO - Processing /home/airflow/.local/lib/python3.7/site-packages/airflow/example_dags/example_trigger_target_dag.py took 0.072 seconds
[2025-03-13T09:51:15.470+0000] {processor.py:157} INFO - Started process (PID=1221) to work on /home/airflow/.local/lib/python3.7/site-packages/airflow/example_dags/example_trigger_target_dag.py
[2025-03-13T09:51:15.471+0000] {processor.py:826} INFO - Processing file /home/airflow/.local/lib/python3.7/site-packages/airflow/example_dags/example_trigger_target_dag.py for tasks to queue
[2025-03-13T09:51:15.472+0000] {logging_mixin.py:149} INFO - [2025-03-13T09:51:15.472+0000] {dagbag.py:541} INFO - Filling up the DagBag from /home/airflow/.local/lib/python3.7/site-packages/airflow/example_dags/example_trigger_target_dag.py
[2025-03-13T09:51:15.477+0000] {processor.py:836} INFO - DAG(s) dict_keys(['example_trigger_target_dag']) retrieved from /home/airflow/.local/lib/python3.7/site-packages/airflow/example_dags/example_trigger_target_dag.py
[2025-03-13T09:51:15.498+0000] {logging_mixin.py:149} INFO - [2025-03-13T09:51:15.498+0000] {dag.py:2726} INFO - Sync 1 DAGs
[2025-03-13T09:51:15.521+0000] {logging_mixin.py:149} INFO - [2025-03-13T09:51:15.521+0000] {dag.py:3490} INFO - Setting next_dagrun for example_trigger_target_dag to None, run_after=None
[2025-03-13T09:51:15.539+0000] {processor.py:179} INFO - Processing /home/airflow/.local/lib/python3.7/site-packages/airflow/example_dags/example_trigger_target_dag.py took 0.072 seconds
[2025-03-13T09:51:46.738+0000] {processor.py:157} INFO - Started process (PID=1312) to work on /home/airflow/.local/lib/python3.7/site-packages/airflow/example_dags/example_trigger_target_dag.py
[2025-03-13T09:51:46.739+0000] {processor.py:826} INFO - Processing file /home/airflow/.local/lib/python3.7/site-packages/airflow/example_dags/example_trigger_target_dag.py for tasks to queue
[2025-03-13T09:51:46.740+0000] {logging_mixin.py:149} INFO - [2025-03-13T09:51:46.740+0000] {dagbag.py:541} INFO - Filling up the DagBag from /home/airflow/.local/lib/python3.7/site-packages/airflow/example_dags/example_trigger_target_dag.py
[2025-03-13T09:51:46.745+0000] {processor.py:836} INFO - DAG(s) dict_keys(['example_trigger_target_dag']) retrieved from /home/airflow/.local/lib/python3.7/site-packages/airflow/example_dags/example_trigger_target_dag.py
[2025-03-13T09:51:46.769+0000] {logging_mixin.py:149} INFO - [2025-03-13T09:51:46.769+0000] {dag.py:2726} INFO - Sync 1 DAGs
[2025-03-13T09:51:46.794+0000] {logging_mixin.py:149} INFO - [2025-03-13T09:51:46.794+0000] {dag.py:3490} INFO - Setting next_dagrun for example_trigger_target_dag to None, run_after=None
[2025-03-13T09:51:46.814+0000] {processor.py:179} INFO - Processing /home/airflow/.local/lib/python3.7/site-packages/airflow/example_dags/example_trigger_target_dag.py took 0.079 seconds
[2025-03-13T09:52:18.159+0000] {processor.py:157} INFO - Started process (PID=1403) to work on /home/airflow/.local/lib/python3.7/site-packages/airflow/example_dags/example_trigger_target_dag.py
[2025-03-13T09:52:18.161+0000] {processor.py:826} INFO - Processing file /home/airflow/.local/lib/python3.7/site-packages/airflow/example_dags/example_trigger_target_dag.py for tasks to queue
[2025-03-13T09:52:18.162+0000] {logging_mixin.py:149} INFO - [2025-03-13T09:52:18.161+0000] {dagbag.py:541} INFO - Filling up the DagBag from /home/airflow/.local/lib/python3.7/site-packages/airflow/example_dags/example_trigger_target_dag.py
[2025-03-13T09:52:18.167+0000] {processor.py:836} INFO - DAG(s) dict_keys(['example_trigger_target_dag']) retrieved from /home/airflow/.local/lib/python3.7/site-packages/airflow/example_dags/example_trigger_target_dag.py
[2025-03-13T09:52:18.190+0000] {logging_mixin.py:149} INFO - [2025-03-13T09:52:18.190+0000] {dag.py:2726} INFO - Sync 1 DAGs
[2025-03-13T09:52:18.212+0000] {logging_mixin.py:149} INFO - [2025-03-13T09:52:18.212+0000] {dag.py:3490} INFO - Setting next_dagrun for example_trigger_target_dag to None, run_after=None
[2025-03-13T09:52:18.229+0000] {processor.py:179} INFO - Processing /home/airflow/.local/lib/python3.7/site-packages/airflow/example_dags/example_trigger_target_dag.py took 0.073 seconds
[2025-03-13T09:52:49.296+0000] {processor.py:157} INFO - Started process (PID=1494) to work on /home/airflow/.local/lib/python3.7/site-packages/airflow/example_dags/example_trigger_target_dag.py
[2025-03-13T09:52:49.297+0000] {processor.py:826} INFO - Processing file /home/airflow/.local/lib/python3.7/site-packages/airflow/example_dags/example_trigger_target_dag.py for tasks to queue
[2025-03-13T09:52:49.298+0000] {logging_mixin.py:149} INFO - [2025-03-13T09:52:49.298+0000] {dagbag.py:541} INFO - Filling up the DagBag from /home/airflow/.local/lib/python3.7/site-packages/airflow/example_dags/example_trigger_target_dag.py
[2025-03-13T09:52:49.303+0000] {processor.py:836} INFO - DAG(s) dict_keys(['example_trigger_target_dag']) retrieved from /home/airflow/.local/lib/python3.7/site-packages/airflow/example_dags/example_trigger_target_dag.py
[2025-03-13T09:52:49.326+0000] {logging_mixin.py:149} INFO - [2025-03-13T09:52:49.326+0000] {dag.py:2726} INFO - Sync 1 DAGs
[2025-03-13T09:52:49.349+0000] {logging_mixin.py:149} INFO - [2025-03-13T09:52:49.349+0000] {dag.py:3490} INFO - Setting next_dagrun for example_trigger_target_dag to None, run_after=None
[2025-03-13T09:52:49.370+0000] {processor.py:179} INFO - Processing /home/airflow/.local/lib/python3.7/site-packages/airflow/example_dags/example_trigger_target_dag.py took 0.077 seconds
[2025-03-13T09:53:19.805+0000] {processor.py:157} INFO - Started process (PID=1585) to work on /home/airflow/.local/lib/python3.7/site-packages/airflow/example_dags/example_trigger_target_dag.py
[2025-03-13T09:53:19.806+0000] {processor.py:826} INFO - Processing file /home/airflow/.local/lib/python3.7/site-packages/airflow/example_dags/example_trigger_target_dag.py for tasks to queue
[2025-03-13T09:53:19.807+0000] {logging_mixin.py:149} INFO - [2025-03-13T09:53:19.807+0000] {dagbag.py:541} INFO - Filling up the DagBag from /home/airflow/.local/lib/python3.7/site-packages/airflow/example_dags/example_trigger_target_dag.py
[2025-03-13T09:53:19.812+0000] {processor.py:836} INFO - DAG(s) dict_keys(['example_trigger_target_dag']) retrieved from /home/airflow/.local/lib/python3.7/site-packages/airflow/example_dags/example_trigger_target_dag.py
[2025-03-13T09:53:19.833+0000] {logging_mixin.py:149} INFO - [2025-03-13T09:53:19.833+0000] {dag.py:2726} INFO - Sync 1 DAGs
[2025-03-13T09:53:19.856+0000] {logging_mixin.py:149} INFO - [2025-03-13T09:53:19.855+0000] {dag.py:3490} INFO - Setting next_dagrun for example_trigger_target_dag to None, run_after=None
[2025-03-13T09:53:19.875+0000] {processor.py:179} INFO - Processing /home/airflow/.local/lib/python3.7/site-packages/airflow/example_dags/example_trigger_target_dag.py took 0.072 seconds
[2025-03-13T09:53:51.114+0000] {processor.py:157} INFO - Started process (PID=1676) to work on /home/airflow/.local/lib/python3.7/site-packages/airflow/example_dags/example_trigger_target_dag.py
[2025-03-13T09:53:51.115+0000] {processor.py:826} INFO - Processing file /home/airflow/.local/lib/python3.7/site-packages/airflow/example_dags/example_trigger_target_dag.py for tasks to queue
[2025-03-13T09:53:51.115+0000] {logging_mixin.py:149} INFO - [2025-03-13T09:53:51.115+0000] {dagbag.py:541} INFO - Filling up the DagBag from /home/airflow/.local/lib/python3.7/site-packages/airflow/example_dags/example_trigger_target_dag.py
[2025-03-13T09:53:51.121+0000] {processor.py:836} INFO - DAG(s) dict_keys(['example_trigger_target_dag']) retrieved from /home/airflow/.local/lib/python3.7/site-packages/airflow/example_dags/example_trigger_target_dag.py
[2025-03-13T09:53:51.143+0000] {logging_mixin.py:149} INFO - [2025-03-13T09:53:51.143+0000] {dag.py:2726} INFO - Sync 1 DAGs
[2025-03-13T09:53:51.168+0000] {logging_mixin.py:149} INFO - [2025-03-13T09:53:51.168+0000] {dag.py:3490} INFO - Setting next_dagrun for example_trigger_target_dag to None, run_after=None
[2025-03-13T09:53:51.186+0000] {processor.py:179} INFO - Processing /home/airflow/.local/lib/python3.7/site-packages/airflow/example_dags/example_trigger_target_dag.py took 0.076 seconds
[2025-03-13T09:54:22.345+0000] {processor.py:157} INFO - Started process (PID=1767) to work on /home/airflow/.local/lib/python3.7/site-packages/airflow/example_dags/example_trigger_target_dag.py
[2025-03-13T09:54:22.346+0000] {processor.py:826} INFO - Processing file /home/airflow/.local/lib/python3.7/site-packages/airflow/example_dags/example_trigger_target_dag.py for tasks to queue
[2025-03-13T09:54:22.347+0000] {logging_mixin.py:149} INFO - [2025-03-13T09:54:22.347+0000] {dagbag.py:541} INFO - Filling up the DagBag from /home/airflow/.local/lib/python3.7/site-packages/airflow/example_dags/example_trigger_target_dag.py
[2025-03-13T09:54:22.352+0000] {processor.py:836} INFO - DAG(s) dict_keys(['example_trigger_target_dag']) retrieved from /home/airflow/.local/lib/python3.7/site-packages/airflow/example_dags/example_trigger_target_dag.py
[2025-03-13T09:54:22.376+0000] {logging_mixin.py:149} INFO - [2025-03-13T09:54:22.376+0000] {dag.py:2726} INFO - Sync 1 DAGs
[2025-03-13T09:54:22.401+0000] {logging_mixin.py:149} INFO - [2025-03-13T09:54:22.401+0000] {dag.py:3490} INFO - Setting next_dagrun for example_trigger_target_dag to None, run_after=None
[2025-03-13T09:54:22.419+0000] {processor.py:179} INFO - Processing /home/airflow/.local/lib/python3.7/site-packages/airflow/example_dags/example_trigger_target_dag.py took 0.078 seconds
[2025-03-13T09:54:53.706+0000] {processor.py:157} INFO - Started process (PID=1858) to work on /home/airflow/.local/lib/python3.7/site-packages/airflow/example_dags/example_trigger_target_dag.py
[2025-03-13T09:54:53.707+0000] {processor.py:826} INFO - Processing file /home/airflow/.local/lib/python3.7/site-packages/airflow/example_dags/example_trigger_target_dag.py for tasks to queue
[2025-03-13T09:54:53.708+0000] {logging_mixin.py:149} INFO - [2025-03-13T09:54:53.707+0000] {dagbag.py:541} INFO - Filling up the DagBag from /home/airflow/.local/lib/python3.7/site-packages/airflow/example_dags/example_trigger_target_dag.py
[2025-03-13T09:54:53.713+0000] {processor.py:836} INFO - DAG(s) dict_keys(['example_trigger_target_dag']) retrieved from /home/airflow/.local/lib/python3.7/site-packages/airflow/example_dags/example_trigger_target_dag.py
[2025-03-13T09:54:53.735+0000] {logging_mixin.py:149} INFO - [2025-03-13T09:54:53.735+0000] {dag.py:2726} INFO - Sync 1 DAGs
[2025-03-13T09:54:53.761+0000] {logging_mixin.py:149} INFO - [2025-03-13T09:54:53.761+0000] {dag.py:3490} INFO - Setting next_dagrun for example_trigger_target_dag to None, run_after=None
[2025-03-13T09:54:53.781+0000] {processor.py:179} INFO - Processing /home/airflow/.local/lib/python3.7/site-packages/airflow/example_dags/example_trigger_target_dag.py took 0.078 seconds
[2025-03-13T09:55:24.920+0000] {processor.py:157} INFO - Started process (PID=1949) to work on /home/airflow/.local/lib/python3.7/site-packages/airflow/example_dags/example_trigger_target_dag.py
[2025-03-13T09:55:24.921+0000] {processor.py:826} INFO - Processing file /home/airflow/.local/lib/python3.7/site-packages/airflow/example_dags/example_trigger_target_dag.py for tasks to queue
[2025-03-13T09:55:24.922+0000] {logging_mixin.py:149} INFO - [2025-03-13T09:55:24.922+0000] {dagbag.py:541} INFO - Filling up the DagBag from /home/airflow/.local/lib/python3.7/site-packages/airflow/example_dags/example_trigger_target_dag.py
[2025-03-13T09:55:24.927+0000] {processor.py:836} INFO - DAG(s) dict_keys(['example_trigger_target_dag']) retrieved from /home/airflow/.local/lib/python3.7/site-packages/airflow/example_dags/example_trigger_target_dag.py
[2025-03-13T09:55:24.948+0000] {logging_mixin.py:149} INFO - [2025-03-13T09:55:24.948+0000] {dag.py:2726} INFO - Sync 1 DAGs
[2025-03-13T09:55:24.970+0000] {logging_mixin.py:149} INFO - [2025-03-13T09:55:24.970+0000] {dag.py:3490} INFO - Setting next_dagrun for example_trigger_target_dag to None, run_after=None
[2025-03-13T09:55:24.988+0000] {processor.py:179} INFO - Processing /home/airflow/.local/lib/python3.7/site-packages/airflow/example_dags/example_trigger_target_dag.py took 0.071 seconds
[2025-03-13T09:55:56.366+0000] {processor.py:157} INFO - Started process (PID=2040) to work on /home/airflow/.local/lib/python3.7/site-packages/airflow/example_dags/example_trigger_target_dag.py
[2025-03-13T09:55:56.367+0000] {processor.py:826} INFO - Processing file /home/airflow/.local/lib/python3.7/site-packages/airflow/example_dags/example_trigger_target_dag.py for tasks to queue
[2025-03-13T09:55:56.368+0000] {logging_mixin.py:149} INFO - [2025-03-13T09:55:56.368+0000] {dagbag.py:541} INFO - Filling up the DagBag from /home/airflow/.local/lib/python3.7/site-packages/airflow/example_dags/example_trigger_target_dag.py
[2025-03-13T09:55:56.373+0000] {processor.py:836} INFO - DAG(s) dict_keys(['example_trigger_target_dag']) retrieved from /home/airflow/.local/lib/python3.7/site-packages/airflow/example_dags/example_trigger_target_dag.py
[2025-03-13T09:55:56.396+0000] {logging_mixin.py:149} INFO - [2025-03-13T09:55:56.396+0000] {dag.py:2726} INFO - Sync 1 DAGs
[2025-03-13T09:55:56.419+0000] {logging_mixin.py:149} INFO - [2025-03-13T09:55:56.419+0000] {dag.py:3490} INFO - Setting next_dagrun for example_trigger_target_dag to None, run_after=None
[2025-03-13T09:55:56.438+0000] {processor.py:179} INFO - Processing /home/airflow/.local/lib/python3.7/site-packages/airflow/example_dags/example_trigger_target_dag.py took 0.075 seconds
[2025-03-13T09:56:26.697+0000] {processor.py:157} INFO - Started process (PID=2131) to work on /home/airflow/.local/lib/python3.7/site-packages/airflow/example_dags/example_trigger_target_dag.py
[2025-03-13T09:56:26.698+0000] {processor.py:826} INFO - Processing file /home/airflow/.local/lib/python3.7/site-packages/airflow/example_dags/example_trigger_target_dag.py for tasks to queue
[2025-03-13T09:56:26.698+0000] {logging_mixin.py:149} INFO - [2025-03-13T09:56:26.698+0000] {dagbag.py:541} INFO - Filling up the DagBag from /home/airflow/.local/lib/python3.7/site-packages/airflow/example_dags/example_trigger_target_dag.py
[2025-03-13T09:56:26.704+0000] {processor.py:836} INFO - DAG(s) dict_keys(['example_trigger_target_dag']) retrieved from /home/airflow/.local/lib/python3.7/site-packages/airflow/example_dags/example_trigger_target_dag.py
[2025-03-13T09:56:26.725+0000] {logging_mixin.py:149} INFO - [2025-03-13T09:56:26.725+0000] {dag.py:2726} INFO - Sync 1 DAGs
[2025-03-13T09:56:26.748+0000] {logging_mixin.py:149} INFO - [2025-03-13T09:56:26.748+0000] {dag.py:3490} INFO - Setting next_dagrun for example_trigger_target_dag to None, run_after=None
[2025-03-13T09:56:26.769+0000] {processor.py:179} INFO - Processing /home/airflow/.local/lib/python3.7/site-packages/airflow/example_dags/example_trigger_target_dag.py took 0.075 seconds
[2025-03-13T09:56:57.277+0000] {processor.py:157} INFO - Started process (PID=2222) to work on /home/airflow/.local/lib/python3.7/site-packages/airflow/example_dags/example_trigger_target_dag.py
[2025-03-13T09:56:57.278+0000] {processor.py:826} INFO - Processing file /home/airflow/.local/lib/python3.7/site-packages/airflow/example_dags/example_trigger_target_dag.py for tasks to queue
[2025-03-13T09:56:57.279+0000] {logging_mixin.py:149} INFO - [2025-03-13T09:56:57.279+0000] {dagbag.py:541} INFO - Filling up the DagBag from /home/airflow/.local/lib/python3.7/site-packages/airflow/example_dags/example_trigger_target_dag.py
[2025-03-13T09:56:57.284+0000] {processor.py:836} INFO - DAG(s) dict_keys(['example_trigger_target_dag']) retrieved from /home/airflow/.local/lib/python3.7/site-packages/airflow/example_dags/example_trigger_target_dag.py
[2025-03-13T09:56:57.307+0000] {logging_mixin.py:149} INFO - [2025-03-13T09:56:57.307+0000] {dag.py:2726} INFO - Sync 1 DAGs
[2025-03-13T09:56:57.331+0000] {logging_mixin.py:149} INFO - [2025-03-13T09:56:57.331+0000] {dag.py:3490} INFO - Setting next_dagrun for example_trigger_target_dag to None, run_after=None
[2025-03-13T09:56:57.354+0000] {processor.py:179} INFO - Processing /home/airflow/.local/lib/python3.7/site-packages/airflow/example_dags/example_trigger_target_dag.py took 0.080 seconds
[2025-03-13T09:57:27.805+0000] {processor.py:157} INFO - Started process (PID=2313) to work on /home/airflow/.local/lib/python3.7/site-packages/airflow/example_dags/example_trigger_target_dag.py
[2025-03-13T09:57:27.807+0000] {processor.py:826} INFO - Processing file /home/airflow/.local/lib/python3.7/site-packages/airflow/example_dags/example_trigger_target_dag.py for tasks to queue
[2025-03-13T09:57:27.807+0000] {logging_mixin.py:149} INFO - [2025-03-13T09:57:27.807+0000] {dagbag.py:541} INFO - Filling up the DagBag from /home/airflow/.local/lib/python3.7/site-packages/airflow/example_dags/example_trigger_target_dag.py
[2025-03-13T09:57:27.812+0000] {processor.py:836} INFO - DAG(s) dict_keys(['example_trigger_target_dag']) retrieved from /home/airflow/.local/lib/python3.7/site-packages/airflow/example_dags/example_trigger_target_dag.py
[2025-03-13T09:57:27.834+0000] {logging_mixin.py:149} INFO - [2025-03-13T09:57:27.834+0000] {dag.py:2726} INFO - Sync 1 DAGs
[2025-03-13T09:57:27.856+0000] {logging_mixin.py:149} INFO - [2025-03-13T09:57:27.856+0000] {dag.py:3490} INFO - Setting next_dagrun for example_trigger_target_dag to None, run_after=None
[2025-03-13T09:57:27.875+0000] {processor.py:179} INFO - Processing /home/airflow/.local/lib/python3.7/site-packages/airflow/example_dags/example_trigger_target_dag.py took 0.073 seconds
[2025-03-13T09:57:58.078+0000] {processor.py:157} INFO - Started process (PID=2404) to work on /home/airflow/.local/lib/python3.7/site-packages/airflow/example_dags/example_trigger_target_dag.py
[2025-03-13T09:57:58.080+0000] {processor.py:826} INFO - Processing file /home/airflow/.local/lib/python3.7/site-packages/airflow/example_dags/example_trigger_target_dag.py for tasks to queue
[2025-03-13T09:57:58.080+0000] {logging_mixin.py:149} INFO - [2025-03-13T09:57:58.080+0000] {dagbag.py:541} INFO - Filling up the DagBag from /home/airflow/.local/lib/python3.7/site-packages/airflow/example_dags/example_trigger_target_dag.py
[2025-03-13T09:57:58.085+0000] {processor.py:836} INFO - DAG(s) dict_keys(['example_trigger_target_dag']) retrieved from /home/airflow/.local/lib/python3.7/site-packages/airflow/example_dags/example_trigger_target_dag.py
[2025-03-13T09:57:58.107+0000] {logging_mixin.py:149} INFO - [2025-03-13T09:57:58.107+0000] {dag.py:2726} INFO - Sync 1 DAGs
[2025-03-13T09:57:58.128+0000] {logging_mixin.py:149} INFO - [2025-03-13T09:57:58.128+0000] {dag.py:3490} INFO - Setting next_dagrun for example_trigger_target_dag to None, run_after=None
[2025-03-13T09:57:58.145+0000] {processor.py:179} INFO - Processing /home/airflow/.local/lib/python3.7/site-packages/airflow/example_dags/example_trigger_target_dag.py took 0.070 seconds
[2025-03-13T09:58:29.225+0000] {processor.py:157} INFO - Started process (PID=2495) to work on /home/airflow/.local/lib/python3.7/site-packages/airflow/example_dags/example_trigger_target_dag.py
[2025-03-13T09:58:29.226+0000] {processor.py:826} INFO - Processing file /home/airflow/.local/lib/python3.7/site-packages/airflow/example_dags/example_trigger_target_dag.py for tasks to queue
[2025-03-13T09:58:29.227+0000] {logging_mixin.py:149} INFO - [2025-03-13T09:58:29.227+0000] {dagbag.py:541} INFO - Filling up the DagBag from /home/airflow/.local/lib/python3.7/site-packages/airflow/example_dags/example_trigger_target_dag.py
[2025-03-13T09:58:29.232+0000] {processor.py:836} INFO - DAG(s) dict_keys(['example_trigger_target_dag']) retrieved from /home/airflow/.local/lib/python3.7/site-packages/airflow/example_dags/example_trigger_target_dag.py
[2025-03-13T09:58:29.253+0000] {logging_mixin.py:149} INFO - [2025-03-13T09:58:29.253+0000] {dag.py:2726} INFO - Sync 1 DAGs
[2025-03-13T09:58:29.274+0000] {logging_mixin.py:149} INFO - [2025-03-13T09:58:29.274+0000] {dag.py:3490} INFO - Setting next_dagrun for example_trigger_target_dag to None, run_after=None
[2025-03-13T09:58:29.295+0000] {processor.py:179} INFO - Processing /home/airflow/.local/lib/python3.7/site-packages/airflow/example_dags/example_trigger_target_dag.py took 0.073 seconds
[2025-03-13T09:59:00.539+0000] {processor.py:157} INFO - Started process (PID=2586) to work on /home/airflow/.local/lib/python3.7/site-packages/airflow/example_dags/example_trigger_target_dag.py
[2025-03-13T09:59:00.540+0000] {processor.py:826} INFO - Processing file /home/airflow/.local/lib/python3.7/site-packages/airflow/example_dags/example_trigger_target_dag.py for tasks to queue
[2025-03-13T09:59:00.540+0000] {logging_mixin.py:149} INFO - [2025-03-13T09:59:00.540+0000] {dagbag.py:541} INFO - Filling up the DagBag from /home/airflow/.local/lib/python3.7/site-packages/airflow/example_dags/example_trigger_target_dag.py
[2025-03-13T09:59:00.546+0000] {processor.py:836} INFO - DAG(s) dict_keys(['example_trigger_target_dag']) retrieved from /home/airflow/.local/lib/python3.7/site-packages/airflow/example_dags/example_trigger_target_dag.py
[2025-03-13T09:59:00.568+0000] {logging_mixin.py:149} INFO - [2025-03-13T09:59:00.568+0000] {dag.py:2726} INFO - Sync 1 DAGs
[2025-03-13T09:59:00.590+0000] {logging_mixin.py:149} INFO - [2025-03-13T09:59:00.590+0000] {dag.py:3490} INFO - Setting next_dagrun for example_trigger_target_dag to None, run_after=None
[2025-03-13T09:59:00.607+0000] {processor.py:179} INFO - Processing /home/airflow/.local/lib/python3.7/site-packages/airflow/example_dags/example_trigger_target_dag.py took 0.072 seconds
[2025-03-13T09:59:31.453+0000] {processor.py:157} INFO - Started process (PID=2677) to work on /home/airflow/.local/lib/python3.7/site-packages/airflow/example_dags/example_trigger_target_dag.py
[2025-03-13T09:59:31.454+0000] {processor.py:826} INFO - Processing file /home/airflow/.local/lib/python3.7/site-packages/airflow/example_dags/example_trigger_target_dag.py for tasks to queue
[2025-03-13T09:59:31.454+0000] {logging_mixin.py:149} INFO - [2025-03-13T09:59:31.454+0000] {dagbag.py:541} INFO - Filling up the DagBag from /home/airflow/.local/lib/python3.7/site-packages/airflow/example_dags/example_trigger_target_dag.py
[2025-03-13T09:59:31.460+0000] {processor.py:836} INFO - DAG(s) dict_keys(['example_trigger_target_dag']) retrieved from /home/airflow/.local/lib/python3.7/site-packages/airflow/example_dags/example_trigger_target_dag.py
[2025-03-13T09:59:31.483+0000] {logging_mixin.py:149} INFO - [2025-03-13T09:59:31.483+0000] {dag.py:2726} INFO - Sync 1 DAGs
[2025-03-13T09:59:31.510+0000] {logging_mixin.py:149} INFO - [2025-03-13T09:59:31.510+0000] {dag.py:3490} INFO - Setting next_dagrun for example_trigger_target_dag to None, run_after=None
[2025-03-13T09:59:31.530+0000] {processor.py:179} INFO - Processing /home/airflow/.local/lib/python3.7/site-packages/airflow/example_dags/example_trigger_target_dag.py took 0.081 seconds
[2025-03-13T10:00:01.633+0000] {processor.py:157} INFO - Started process (PID=2768) to work on /home/airflow/.local/lib/python3.7/site-packages/airflow/example_dags/example_trigger_target_dag.py
[2025-03-13T10:00:01.635+0000] {processor.py:826} INFO - Processing file /home/airflow/.local/lib/python3.7/site-packages/airflow/example_dags/example_trigger_target_dag.py for tasks to queue
[2025-03-13T10:00:01.635+0000] {logging_mixin.py:149} INFO - [2025-03-13T10:00:01.635+0000] {dagbag.py:541} INFO - Filling up the DagBag from /home/airflow/.local/lib/python3.7/site-packages/airflow/example_dags/example_trigger_target_dag.py
[2025-03-13T10:00:01.640+0000] {processor.py:836} INFO - DAG(s) dict_keys(['example_trigger_target_dag']) retrieved from /home/airflow/.local/lib/python3.7/site-packages/airflow/example_dags/example_trigger_target_dag.py
[2025-03-13T10:00:01.661+0000] {logging_mixin.py:149} INFO - [2025-03-13T10:00:01.661+0000] {dag.py:2726} INFO - Sync 1 DAGs
[2025-03-13T10:00:01.683+0000] {logging_mixin.py:149} INFO - [2025-03-13T10:00:01.683+0000] {dag.py:3490} INFO - Setting next_dagrun for example_trigger_target_dag to None, run_after=None
[2025-03-13T10:00:01.701+0000] {processor.py:179} INFO - Processing /home/airflow/.local/lib/python3.7/site-packages/airflow/example_dags/example_trigger_target_dag.py took 0.070 seconds
[2025-03-13T10:00:31.995+0000] {processor.py:157} INFO - Started process (PID=2859) to work on /home/airflow/.local/lib/python3.7/site-packages/airflow/example_dags/example_trigger_target_dag.py
[2025-03-13T10:00:31.996+0000] {processor.py:826} INFO - Processing file /home/airflow/.local/lib/python3.7/site-packages/airflow/example_dags/example_trigger_target_dag.py for tasks to queue
[2025-03-13T10:00:31.997+0000] {logging_mixin.py:149} INFO - [2025-03-13T10:00:31.997+0000] {dagbag.py:541} INFO - Filling up the DagBag from /home/airflow/.local/lib/python3.7/site-packages/airflow/example_dags/example_trigger_target_dag.py
[2025-03-13T10:00:32.003+0000] {processor.py:836} INFO - DAG(s) dict_keys(['example_trigger_target_dag']) retrieved from /home/airflow/.local/lib/python3.7/site-packages/airflow/example_dags/example_trigger_target_dag.py
[2025-03-13T10:00:32.026+0000] {logging_mixin.py:149} INFO - [2025-03-13T10:00:32.025+0000] {dag.py:2726} INFO - Sync 1 DAGs
[2025-03-13T10:00:32.047+0000] {logging_mixin.py:149} INFO - [2025-03-13T10:00:32.047+0000] {dag.py:3490} INFO - Setting next_dagrun for example_trigger_target_dag to None, run_after=None
[2025-03-13T10:00:32.065+0000] {processor.py:179} INFO - Processing /home/airflow/.local/lib/python3.7/site-packages/airflow/example_dags/example_trigger_target_dag.py took 0.073 seconds
[2025-03-13T10:01:02.943+0000] {processor.py:157} INFO - Started process (PID=2950) to work on /home/airflow/.local/lib/python3.7/site-packages/airflow/example_dags/example_trigger_target_dag.py
[2025-03-13T10:01:02.944+0000] {processor.py:826} INFO - Processing file /home/airflow/.local/lib/python3.7/site-packages/airflow/example_dags/example_trigger_target_dag.py for tasks to queue
[2025-03-13T10:01:02.945+0000] {logging_mixin.py:149} INFO - [2025-03-13T10:01:02.945+0000] {dagbag.py:541} INFO - Filling up the DagBag from /home/airflow/.local/lib/python3.7/site-packages/airflow/example_dags/example_trigger_target_dag.py
[2025-03-13T10:01:02.950+0000] {processor.py:836} INFO - DAG(s) dict_keys(['example_trigger_target_dag']) retrieved from /home/airflow/.local/lib/python3.7/site-packages/airflow/example_dags/example_trigger_target_dag.py
[2025-03-13T10:01:02.978+0000] {logging_mixin.py:149} INFO - [2025-03-13T10:01:02.977+0000] {dag.py:2726} INFO - Sync 1 DAGs
[2025-03-13T10:01:03.006+0000] {logging_mixin.py:149} INFO - [2025-03-13T10:01:03.005+0000] {dag.py:3490} INFO - Setting next_dagrun for example_trigger_target_dag to None, run_after=None
[2025-03-13T10:01:03.027+0000] {processor.py:179} INFO - Processing /home/airflow/.local/lib/python3.7/site-packages/airflow/example_dags/example_trigger_target_dag.py took 0.087 seconds
[2025-03-13T10:01:33.466+0000] {processor.py:157} INFO - Started process (PID=3041) to work on /home/airflow/.local/lib/python3.7/site-packages/airflow/example_dags/example_trigger_target_dag.py
[2025-03-13T10:01:33.467+0000] {processor.py:826} INFO - Processing file /home/airflow/.local/lib/python3.7/site-packages/airflow/example_dags/example_trigger_target_dag.py for tasks to queue
[2025-03-13T10:01:33.468+0000] {logging_mixin.py:149} INFO - [2025-03-13T10:01:33.468+0000] {dagbag.py:541} INFO - Filling up the DagBag from /home/airflow/.local/lib/python3.7/site-packages/airflow/example_dags/example_trigger_target_dag.py
[2025-03-13T10:01:33.473+0000] {processor.py:836} INFO - DAG(s) dict_keys(['example_trigger_target_dag']) retrieved from /home/airflow/.local/lib/python3.7/site-packages/airflow/example_dags/example_trigger_target_dag.py
[2025-03-13T10:01:33.510+0000] {logging_mixin.py:149} INFO - [2025-03-13T10:01:33.509+0000] {dag.py:2726} INFO - Sync 1 DAGs
[2025-03-13T10:01:33.569+0000] {logging_mixin.py:149} INFO - [2025-03-13T10:01:33.569+0000] {dag.py:3490} INFO - Setting next_dagrun for example_trigger_target_dag to None, run_after=None
[2025-03-13T10:01:33.595+0000] {processor.py:179} INFO - Processing /home/airflow/.local/lib/python3.7/site-packages/airflow/example_dags/example_trigger_target_dag.py took 0.133 seconds
[2025-03-13T10:02:03.869+0000] {processor.py:157} INFO - Started process (PID=3139) to work on /home/airflow/.local/lib/python3.7/site-packages/airflow/example_dags/example_trigger_target_dag.py
[2025-03-13T10:02:03.871+0000] {processor.py:826} INFO - Processing file /home/airflow/.local/lib/python3.7/site-packages/airflow/example_dags/example_trigger_target_dag.py for tasks to queue
[2025-03-13T10:02:03.871+0000] {logging_mixin.py:149} INFO - [2025-03-13T10:02:03.871+0000] {dagbag.py:541} INFO - Filling up the DagBag from /home/airflow/.local/lib/python3.7/site-packages/airflow/example_dags/example_trigger_target_dag.py
[2025-03-13T10:02:03.877+0000] {processor.py:836} INFO - DAG(s) dict_keys(['example_trigger_target_dag']) retrieved from /home/airflow/.local/lib/python3.7/site-packages/airflow/example_dags/example_trigger_target_dag.py
[2025-03-13T10:02:03.904+0000] {logging_mixin.py:149} INFO - [2025-03-13T10:02:03.904+0000] {dag.py:2726} INFO - Sync 1 DAGs
[2025-03-13T10:02:03.929+0000] {logging_mixin.py:149} INFO - [2025-03-13T10:02:03.928+0000] {dag.py:3490} INFO - Setting next_dagrun for example_trigger_target_dag to None, run_after=None
[2025-03-13T10:02:03.950+0000] {processor.py:179} INFO - Processing /home/airflow/.local/lib/python3.7/site-packages/airflow/example_dags/example_trigger_target_dag.py took 0.084 seconds
[2025-03-13T10:02:35.131+0000] {processor.py:157} INFO - Started process (PID=3230) to work on /home/airflow/.local/lib/python3.7/site-packages/airflow/example_dags/example_trigger_target_dag.py
[2025-03-13T10:02:35.132+0000] {processor.py:826} INFO - Processing file /home/airflow/.local/lib/python3.7/site-packages/airflow/example_dags/example_trigger_target_dag.py for tasks to queue
[2025-03-13T10:02:35.132+0000] {logging_mixin.py:149} INFO - [2025-03-13T10:02:35.132+0000] {dagbag.py:541} INFO - Filling up the DagBag from /home/airflow/.local/lib/python3.7/site-packages/airflow/example_dags/example_trigger_target_dag.py
[2025-03-13T10:02:35.137+0000] {processor.py:836} INFO - DAG(s) dict_keys(['example_trigger_target_dag']) retrieved from /home/airflow/.local/lib/python3.7/site-packages/airflow/example_dags/example_trigger_target_dag.py
[2025-03-13T10:02:35.159+0000] {logging_mixin.py:149} INFO - [2025-03-13T10:02:35.159+0000] {dag.py:2726} INFO - Sync 1 DAGs
[2025-03-13T10:02:35.181+0000] {logging_mixin.py:149} INFO - [2025-03-13T10:02:35.180+0000] {dag.py:3490} INFO - Setting next_dagrun for example_trigger_target_dag to None, run_after=None
[2025-03-13T10:02:35.203+0000] {processor.py:179} INFO - Processing /home/airflow/.local/lib/python3.7/site-packages/airflow/example_dags/example_trigger_target_dag.py took 0.075 seconds
[2025-03-13T10:03:06.618+0000] {processor.py:157} INFO - Started process (PID=3321) to work on /home/airflow/.local/lib/python3.7/site-packages/airflow/example_dags/example_trigger_target_dag.py
[2025-03-13T10:03:06.619+0000] {processor.py:826} INFO - Processing file /home/airflow/.local/lib/python3.7/site-packages/airflow/example_dags/example_trigger_target_dag.py for tasks to queue
[2025-03-13T10:03:06.620+0000] {logging_mixin.py:149} INFO - [2025-03-13T10:03:06.619+0000] {dagbag.py:541} INFO - Filling up the DagBag from /home/airflow/.local/lib/python3.7/site-packages/airflow/example_dags/example_trigger_target_dag.py
[2025-03-13T10:03:06.625+0000] {processor.py:836} INFO - DAG(s) dict_keys(['example_trigger_target_dag']) retrieved from /home/airflow/.local/lib/python3.7/site-packages/airflow/example_dags/example_trigger_target_dag.py
[2025-03-13T10:03:06.652+0000] {logging_mixin.py:149} INFO - [2025-03-13T10:03:06.651+0000] {dag.py:2726} INFO - Sync 1 DAGs
[2025-03-13T10:03:06.682+0000] {logging_mixin.py:149} INFO - [2025-03-13T10:03:06.681+0000] {dag.py:3490} INFO - Setting next_dagrun for example_trigger_target_dag to None, run_after=None
[2025-03-13T10:03:06.709+0000] {processor.py:179} INFO - Processing /home/airflow/.local/lib/python3.7/site-packages/airflow/example_dags/example_trigger_target_dag.py took 0.095 seconds
[2025-03-13T10:03:37.283+0000] {processor.py:157} INFO - Started process (PID=3412) to work on /home/airflow/.local/lib/python3.7/site-packages/airflow/example_dags/example_trigger_target_dag.py
[2025-03-13T10:03:37.284+0000] {processor.py:826} INFO - Processing file /home/airflow/.local/lib/python3.7/site-packages/airflow/example_dags/example_trigger_target_dag.py for tasks to queue
[2025-03-13T10:03:37.285+0000] {logging_mixin.py:149} INFO - [2025-03-13T10:03:37.285+0000] {dagbag.py:541} INFO - Filling up the DagBag from /home/airflow/.local/lib/python3.7/site-packages/airflow/example_dags/example_trigger_target_dag.py
[2025-03-13T10:03:37.290+0000] {processor.py:836} INFO - DAG(s) dict_keys(['example_trigger_target_dag']) retrieved from /home/airflow/.local/lib/python3.7/site-packages/airflow/example_dags/example_trigger_target_dag.py
[2025-03-13T10:03:37.312+0000] {logging_mixin.py:149} INFO - [2025-03-13T10:03:37.312+0000] {dag.py:2726} INFO - Sync 1 DAGs
[2025-03-13T10:03:37.334+0000] {logging_mixin.py:149} INFO - [2025-03-13T10:03:37.334+0000] {dag.py:3490} INFO - Setting next_dagrun for example_trigger_target_dag to None, run_after=None
[2025-03-13T10:03:37.356+0000] {processor.py:179} INFO - Processing /home/airflow/.local/lib/python3.7/site-packages/airflow/example_dags/example_trigger_target_dag.py took 0.076 seconds
[2025-03-13T10:04:08.218+0000] {processor.py:157} INFO - Started process (PID=3503) to work on /home/airflow/.local/lib/python3.7/site-packages/airflow/example_dags/example_trigger_target_dag.py
[2025-03-13T10:04:08.220+0000] {processor.py:826} INFO - Processing file /home/airflow/.local/lib/python3.7/site-packages/airflow/example_dags/example_trigger_target_dag.py for tasks to queue
[2025-03-13T10:04:08.220+0000] {logging_mixin.py:149} INFO - [2025-03-13T10:04:08.220+0000] {dagbag.py:541} INFO - Filling up the DagBag from /home/airflow/.local/lib/python3.7/site-packages/airflow/example_dags/example_trigger_target_dag.py
[2025-03-13T10:04:08.225+0000] {processor.py:836} INFO - DAG(s) dict_keys(['example_trigger_target_dag']) retrieved from /home/airflow/.local/lib/python3.7/site-packages/airflow/example_dags/example_trigger_target_dag.py
[2025-03-13T10:04:08.247+0000] {logging_mixin.py:149} INFO - [2025-03-13T10:04:08.247+0000] {dag.py:2726} INFO - Sync 1 DAGs
[2025-03-13T10:04:08.268+0000] {logging_mixin.py:149} INFO - [2025-03-13T10:04:08.268+0000] {dag.py:3490} INFO - Setting next_dagrun for example_trigger_target_dag to None, run_after=None
[2025-03-13T10:04:08.287+0000] {processor.py:179} INFO - Processing /home/airflow/.local/lib/python3.7/site-packages/airflow/example_dags/example_trigger_target_dag.py took 0.072 seconds
[2025-03-13T10:04:38.759+0000] {processor.py:157} INFO - Started process (PID=3594) to work on /home/airflow/.local/lib/python3.7/site-packages/airflow/example_dags/example_trigger_target_dag.py
[2025-03-13T10:04:38.760+0000] {processor.py:826} INFO - Processing file /home/airflow/.local/lib/python3.7/site-packages/airflow/example_dags/example_trigger_target_dag.py for tasks to queue
[2025-03-13T10:04:38.761+0000] {logging_mixin.py:149} INFO - [2025-03-13T10:04:38.761+0000] {dagbag.py:541} INFO - Filling up the DagBag from /home/airflow/.local/lib/python3.7/site-packages/airflow/example_dags/example_trigger_target_dag.py
[2025-03-13T10:04:38.766+0000] {processor.py:836} INFO - DAG(s) dict_keys(['example_trigger_target_dag']) retrieved from /home/airflow/.local/lib/python3.7/site-packages/airflow/example_dags/example_trigger_target_dag.py
[2025-03-13T10:04:38.790+0000] {logging_mixin.py:149} INFO - [2025-03-13T10:04:38.790+0000] {dag.py:2726} INFO - Sync 1 DAGs
[2025-03-13T10:04:38.814+0000] {logging_mixin.py:149} INFO - [2025-03-13T10:04:38.814+0000] {dag.py:3490} INFO - Setting next_dagrun for example_trigger_target_dag to None, run_after=None
[2025-03-13T10:04:38.834+0000] {processor.py:179} INFO - Processing /home/airflow/.local/lib/python3.7/site-packages/airflow/example_dags/example_trigger_target_dag.py took 0.078 seconds
[2025-03-13T10:05:09.762+0000] {processor.py:157} INFO - Started process (PID=3685) to work on /home/airflow/.local/lib/python3.7/site-packages/airflow/example_dags/example_trigger_target_dag.py
[2025-03-13T10:05:09.763+0000] {processor.py:826} INFO - Processing file /home/airflow/.local/lib/python3.7/site-packages/airflow/example_dags/example_trigger_target_dag.py for tasks to queue
[2025-03-13T10:05:09.764+0000] {logging_mixin.py:149} INFO - [2025-03-13T10:05:09.764+0000] {dagbag.py:541} INFO - Filling up the DagBag from /home/airflow/.local/lib/python3.7/site-packages/airflow/example_dags/example_trigger_target_dag.py
[2025-03-13T10:05:09.769+0000] {processor.py:836} INFO - DAG(s) dict_keys(['example_trigger_target_dag']) retrieved from /home/airflow/.local/lib/python3.7/site-packages/airflow/example_dags/example_trigger_target_dag.py
[2025-03-13T10:05:09.791+0000] {logging_mixin.py:149} INFO - [2025-03-13T10:05:09.791+0000] {dag.py:2726} INFO - Sync 1 DAGs
[2025-03-13T10:05:09.818+0000] {logging_mixin.py:149} INFO - [2025-03-13T10:05:09.818+0000] {dag.py:3490} INFO - Setting next_dagrun for example_trigger_target_dag to None, run_after=None
[2025-03-13T10:05:09.839+0000] {processor.py:179} INFO - Processing /home/airflow/.local/lib/python3.7/site-packages/airflow/example_dags/example_trigger_target_dag.py took 0.080 seconds
