[2025-03-13T09:45:00.719+0000] {processor.py:157} INFO - Started process (PID=76) to work on /home/airflow/.local/lib/python3.7/site-packages/airflow/example_dags/example_branch_operator_decorator.py
[2025-03-13T09:45:00.720+0000] {processor.py:826} INFO - Processing file /home/airflow/.local/lib/python3.7/site-packages/airflow/example_dags/example_branch_operator_decorator.py for tasks to queue
[2025-03-13T09:45:00.721+0000] {logging_mixin.py:149} INFO - [2025-03-13T09:45:00.721+0000] {dagbag.py:541} INFO - Filling up the DagBag from /home/airflow/.local/lib/python3.7/site-packages/airflow/example_dags/example_branch_operator_decorator.py
[2025-03-13T09:45:00.735+0000] {processor.py:836} INFO - DAG(s) dict_keys(['example_branch_python_operator_decorator']) retrieved from /home/airflow/.local/lib/python3.7/site-packages/airflow/example_dags/example_branch_operator_decorator.py
[2025-03-13T09:45:00.771+0000] {logging_mixin.py:149} INFO - [2025-03-13T09:45:00.770+0000] {dag.py:2726} INFO - Sync 1 DAGs
[2025-03-13T09:45:00.800+0000] {logging_mixin.py:149} INFO - [2025-03-13T09:45:00.799+0000] {dag.py:3490} INFO - Setting next_dagrun for example_branch_python_operator_decorator to 2025-03-12T00:00:00+00:00, run_after=2025-03-13T00:00:00+00:00
[2025-03-13T09:45:00.820+0000] {processor.py:179} INFO - Processing /home/airflow/.local/lib/python3.7/site-packages/airflow/example_dags/example_branch_operator_decorator.py took 0.105 seconds
[2025-03-13T09:45:31.912+0000] {processor.py:157} INFO - Started process (PID=185) to work on /home/airflow/.local/lib/python3.7/site-packages/airflow/example_dags/example_branch_operator_decorator.py
[2025-03-13T09:45:31.913+0000] {processor.py:826} INFO - Processing file /home/airflow/.local/lib/python3.7/site-packages/airflow/example_dags/example_branch_operator_decorator.py for tasks to queue
[2025-03-13T09:45:31.913+0000] {logging_mixin.py:149} INFO - [2025-03-13T09:45:31.913+0000] {dagbag.py:541} INFO - Filling up the DagBag from /home/airflow/.local/lib/python3.7/site-packages/airflow/example_dags/example_branch_operator_decorator.py
[2025-03-13T09:45:31.923+0000] {processor.py:836} INFO - DAG(s) dict_keys(['example_branch_python_operator_decorator']) retrieved from /home/airflow/.local/lib/python3.7/site-packages/airflow/example_dags/example_branch_operator_decorator.py
[2025-03-13T09:45:31.950+0000] {logging_mixin.py:149} INFO - [2025-03-13T09:45:31.950+0000] {dag.py:2726} INFO - Sync 1 DAGs
[2025-03-13T09:45:31.975+0000] {logging_mixin.py:149} INFO - [2025-03-13T09:45:31.975+0000] {dag.py:3490} INFO - Setting next_dagrun for example_branch_python_operator_decorator to 2025-03-12T00:00:00+00:00, run_after=2025-03-13T00:00:00+00:00
[2025-03-13T09:45:31.998+0000] {processor.py:179} INFO - Processing /home/airflow/.local/lib/python3.7/site-packages/airflow/example_dags/example_branch_operator_decorator.py took 0.089 seconds
[2025-03-13T09:46:02.817+0000] {processor.py:157} INFO - Started process (PID=283) to work on /home/airflow/.local/lib/python3.7/site-packages/airflow/example_dags/example_branch_operator_decorator.py
[2025-03-13T09:46:02.818+0000] {processor.py:826} INFO - Processing file /home/airflow/.local/lib/python3.7/site-packages/airflow/example_dags/example_branch_operator_decorator.py for tasks to queue
[2025-03-13T09:46:02.819+0000] {logging_mixin.py:149} INFO - [2025-03-13T09:46:02.819+0000] {dagbag.py:541} INFO - Filling up the DagBag from /home/airflow/.local/lib/python3.7/site-packages/airflow/example_dags/example_branch_operator_decorator.py
[2025-03-13T09:46:02.828+0000] {processor.py:836} INFO - DAG(s) dict_keys(['example_branch_python_operator_decorator']) retrieved from /home/airflow/.local/lib/python3.7/site-packages/airflow/example_dags/example_branch_operator_decorator.py
[2025-03-13T09:46:02.853+0000] {logging_mixin.py:149} INFO - [2025-03-13T09:46:02.853+0000] {dag.py:2726} INFO - Sync 1 DAGs
[2025-03-13T09:46:02.983+0000] {logging_mixin.py:149} INFO - [2025-03-13T09:46:02.983+0000] {dag.py:3490} INFO - Setting next_dagrun for example_branch_python_operator_decorator to 2025-03-12T00:00:00+00:00, run_after=2025-03-13T00:00:00+00:00
[2025-03-13T09:46:03.001+0000] {processor.py:179} INFO - Processing /home/airflow/.local/lib/python3.7/site-packages/airflow/example_dags/example_branch_operator_decorator.py took 0.187 seconds
[2025-03-13T09:46:33.748+0000] {processor.py:157} INFO - Started process (PID=374) to work on /home/airflow/.local/lib/python3.7/site-packages/airflow/example_dags/example_branch_operator_decorator.py
[2025-03-13T09:46:33.749+0000] {processor.py:826} INFO - Processing file /home/airflow/.local/lib/python3.7/site-packages/airflow/example_dags/example_branch_operator_decorator.py for tasks to queue
[2025-03-13T09:46:33.750+0000] {logging_mixin.py:149} INFO - [2025-03-13T09:46:33.750+0000] {dagbag.py:541} INFO - Filling up the DagBag from /home/airflow/.local/lib/python3.7/site-packages/airflow/example_dags/example_branch_operator_decorator.py
[2025-03-13T09:46:33.759+0000] {processor.py:836} INFO - DAG(s) dict_keys(['example_branch_python_operator_decorator']) retrieved from /home/airflow/.local/lib/python3.7/site-packages/airflow/example_dags/example_branch_operator_decorator.py
[2025-03-13T09:46:33.786+0000] {logging_mixin.py:149} INFO - [2025-03-13T09:46:33.786+0000] {dag.py:2726} INFO - Sync 1 DAGs
[2025-03-13T09:46:33.810+0000] {logging_mixin.py:149} INFO - [2025-03-13T09:46:33.810+0000] {dag.py:3490} INFO - Setting next_dagrun for example_branch_python_operator_decorator to 2025-03-12T00:00:00+00:00, run_after=2025-03-13T00:00:00+00:00
[2025-03-13T09:46:33.831+0000] {processor.py:179} INFO - Processing /home/airflow/.local/lib/python3.7/site-packages/airflow/example_dags/example_branch_operator_decorator.py took 0.086 seconds
[2025-03-13T09:47:04.962+0000] {processor.py:157} INFO - Started process (PID=465) to work on /home/airflow/.local/lib/python3.7/site-packages/airflow/example_dags/example_branch_operator_decorator.py
[2025-03-13T09:47:04.963+0000] {processor.py:826} INFO - Processing file /home/airflow/.local/lib/python3.7/site-packages/airflow/example_dags/example_branch_operator_decorator.py for tasks to queue
[2025-03-13T09:47:04.964+0000] {logging_mixin.py:149} INFO - [2025-03-13T09:47:04.964+0000] {dagbag.py:541} INFO - Filling up the DagBag from /home/airflow/.local/lib/python3.7/site-packages/airflow/example_dags/example_branch_operator_decorator.py
[2025-03-13T09:47:04.975+0000] {processor.py:836} INFO - DAG(s) dict_keys(['example_branch_python_operator_decorator']) retrieved from /home/airflow/.local/lib/python3.7/site-packages/airflow/example_dags/example_branch_operator_decorator.py
[2025-03-13T09:47:05.004+0000] {logging_mixin.py:149} INFO - [2025-03-13T09:47:05.003+0000] {dag.py:2726} INFO - Sync 1 DAGs
[2025-03-13T09:47:05.029+0000] {logging_mixin.py:149} INFO - [2025-03-13T09:47:05.029+0000] {dag.py:3490} INFO - Setting next_dagrun for example_branch_python_operator_decorator to 2025-03-12T00:00:00+00:00, run_after=2025-03-13T00:00:00+00:00
[2025-03-13T09:47:05.047+0000] {processor.py:179} INFO - Processing /home/airflow/.local/lib/python3.7/site-packages/airflow/example_dags/example_branch_operator_decorator.py took 0.090 seconds
[2025-03-13T09:47:36.153+0000] {processor.py:157} INFO - Started process (PID=557) to work on /home/airflow/.local/lib/python3.7/site-packages/airflow/example_dags/example_branch_operator_decorator.py
[2025-03-13T09:47:36.154+0000] {processor.py:826} INFO - Processing file /home/airflow/.local/lib/python3.7/site-packages/airflow/example_dags/example_branch_operator_decorator.py for tasks to queue
[2025-03-13T09:47:36.154+0000] {logging_mixin.py:149} INFO - [2025-03-13T09:47:36.154+0000] {dagbag.py:541} INFO - Filling up the DagBag from /home/airflow/.local/lib/python3.7/site-packages/airflow/example_dags/example_branch_operator_decorator.py
[2025-03-13T09:47:36.164+0000] {processor.py:836} INFO - DAG(s) dict_keys(['example_branch_python_operator_decorator']) retrieved from /home/airflow/.local/lib/python3.7/site-packages/airflow/example_dags/example_branch_operator_decorator.py
[2025-03-13T09:47:36.188+0000] {logging_mixin.py:149} INFO - [2025-03-13T09:47:36.187+0000] {dag.py:2726} INFO - Sync 1 DAGs
[2025-03-13T09:47:36.211+0000] {logging_mixin.py:149} INFO - [2025-03-13T09:47:36.211+0000] {dag.py:3490} INFO - Setting next_dagrun for example_branch_python_operator_decorator to 2025-03-12T00:00:00+00:00, run_after=2025-03-13T00:00:00+00:00
[2025-03-13T09:47:36.228+0000] {processor.py:179} INFO - Processing /home/airflow/.local/lib/python3.7/site-packages/airflow/example_dags/example_branch_operator_decorator.py took 0.078 seconds
[2025-03-13T09:48:06.982+0000] {processor.py:157} INFO - Started process (PID=648) to work on /home/airflow/.local/lib/python3.7/site-packages/airflow/example_dags/example_branch_operator_decorator.py
[2025-03-13T09:48:06.983+0000] {processor.py:826} INFO - Processing file /home/airflow/.local/lib/python3.7/site-packages/airflow/example_dags/example_branch_operator_decorator.py for tasks to queue
[2025-03-13T09:48:06.984+0000] {logging_mixin.py:149} INFO - [2025-03-13T09:48:06.984+0000] {dagbag.py:541} INFO - Filling up the DagBag from /home/airflow/.local/lib/python3.7/site-packages/airflow/example_dags/example_branch_operator_decorator.py
[2025-03-13T09:48:06.993+0000] {processor.py:836} INFO - DAG(s) dict_keys(['example_branch_python_operator_decorator']) retrieved from /home/airflow/.local/lib/python3.7/site-packages/airflow/example_dags/example_branch_operator_decorator.py
[2025-03-13T09:48:07.017+0000] {logging_mixin.py:149} INFO - [2025-03-13T09:48:07.017+0000] {dag.py:2726} INFO - Sync 1 DAGs
[2025-03-13T09:48:07.040+0000] {logging_mixin.py:149} INFO - [2025-03-13T09:48:07.040+0000] {dag.py:3490} INFO - Setting next_dagrun for example_branch_python_operator_decorator to 2025-03-12T00:00:00+00:00, run_after=2025-03-13T00:00:00+00:00
[2025-03-13T09:48:07.059+0000] {processor.py:179} INFO - Processing /home/airflow/.local/lib/python3.7/site-packages/airflow/example_dags/example_branch_operator_decorator.py took 0.080 seconds
[2025-03-13T09:48:37.602+0000] {processor.py:157} INFO - Started process (PID=739) to work on /home/airflow/.local/lib/python3.7/site-packages/airflow/example_dags/example_branch_operator_decorator.py
[2025-03-13T09:48:37.603+0000] {processor.py:826} INFO - Processing file /home/airflow/.local/lib/python3.7/site-packages/airflow/example_dags/example_branch_operator_decorator.py for tasks to queue
[2025-03-13T09:48:37.604+0000] {logging_mixin.py:149} INFO - [2025-03-13T09:48:37.604+0000] {dagbag.py:541} INFO - Filling up the DagBag from /home/airflow/.local/lib/python3.7/site-packages/airflow/example_dags/example_branch_operator_decorator.py
[2025-03-13T09:48:37.614+0000] {processor.py:836} INFO - DAG(s) dict_keys(['example_branch_python_operator_decorator']) retrieved from /home/airflow/.local/lib/python3.7/site-packages/airflow/example_dags/example_branch_operator_decorator.py
[2025-03-13T09:48:37.639+0000] {logging_mixin.py:149} INFO - [2025-03-13T09:48:37.638+0000] {dag.py:2726} INFO - Sync 1 DAGs
[2025-03-13T09:48:37.662+0000] {logging_mixin.py:149} INFO - [2025-03-13T09:48:37.661+0000] {dag.py:3490} INFO - Setting next_dagrun for example_branch_python_operator_decorator to 2025-03-12T00:00:00+00:00, run_after=2025-03-13T00:00:00+00:00
[2025-03-13T09:48:37.678+0000] {processor.py:179} INFO - Processing /home/airflow/.local/lib/python3.7/site-packages/airflow/example_dags/example_branch_operator_decorator.py took 0.079 seconds
[2025-03-13T09:49:08.749+0000] {processor.py:157} INFO - Started process (PID=830) to work on /home/airflow/.local/lib/python3.7/site-packages/airflow/example_dags/example_branch_operator_decorator.py
[2025-03-13T09:49:08.750+0000] {processor.py:826} INFO - Processing file /home/airflow/.local/lib/python3.7/site-packages/airflow/example_dags/example_branch_operator_decorator.py for tasks to queue
[2025-03-13T09:49:08.750+0000] {logging_mixin.py:149} INFO - [2025-03-13T09:49:08.750+0000] {dagbag.py:541} INFO - Filling up the DagBag from /home/airflow/.local/lib/python3.7/site-packages/airflow/example_dags/example_branch_operator_decorator.py
[2025-03-13T09:49:08.759+0000] {processor.py:836} INFO - DAG(s) dict_keys(['example_branch_python_operator_decorator']) retrieved from /home/airflow/.local/lib/python3.7/site-packages/airflow/example_dags/example_branch_operator_decorator.py
[2025-03-13T09:49:08.783+0000] {logging_mixin.py:149} INFO - [2025-03-13T09:49:08.782+0000] {dag.py:2726} INFO - Sync 1 DAGs
[2025-03-13T09:49:08.807+0000] {logging_mixin.py:149} INFO - [2025-03-13T09:49:08.806+0000] {dag.py:3490} INFO - Setting next_dagrun for example_branch_python_operator_decorator to 2025-03-12T00:00:00+00:00, run_after=2025-03-13T00:00:00+00:00
[2025-03-13T09:49:08.825+0000] {processor.py:179} INFO - Processing /home/airflow/.local/lib/python3.7/site-packages/airflow/example_dags/example_branch_operator_decorator.py took 0.081 seconds
[2025-03-13T09:49:39.941+0000] {processor.py:157} INFO - Started process (PID=921) to work on /home/airflow/.local/lib/python3.7/site-packages/airflow/example_dags/example_branch_operator_decorator.py
[2025-03-13T09:49:39.943+0000] {processor.py:826} INFO - Processing file /home/airflow/.local/lib/python3.7/site-packages/airflow/example_dags/example_branch_operator_decorator.py for tasks to queue
[2025-03-13T09:49:39.943+0000] {logging_mixin.py:149} INFO - [2025-03-13T09:49:39.943+0000] {dagbag.py:541} INFO - Filling up the DagBag from /home/airflow/.local/lib/python3.7/site-packages/airflow/example_dags/example_branch_operator_decorator.py
[2025-03-13T09:49:39.952+0000] {processor.py:836} INFO - DAG(s) dict_keys(['example_branch_python_operator_decorator']) retrieved from /home/airflow/.local/lib/python3.7/site-packages/airflow/example_dags/example_branch_operator_decorator.py
[2025-03-13T09:49:39.977+0000] {logging_mixin.py:149} INFO - [2025-03-13T09:49:39.977+0000] {dag.py:2726} INFO - Sync 1 DAGs
[2025-03-13T09:49:40.002+0000] {logging_mixin.py:149} INFO - [2025-03-13T09:49:40.002+0000] {dag.py:3490} INFO - Setting next_dagrun for example_branch_python_operator_decorator to 2025-03-12T00:00:00+00:00, run_after=2025-03-13T00:00:00+00:00
[2025-03-13T09:49:40.020+0000] {processor.py:179} INFO - Processing /home/airflow/.local/lib/python3.7/site-packages/airflow/example_dags/example_branch_operator_decorator.py took 0.082 seconds
[2025-03-13T09:50:11.126+0000] {processor.py:157} INFO - Started process (PID=1012) to work on /home/airflow/.local/lib/python3.7/site-packages/airflow/example_dags/example_branch_operator_decorator.py
[2025-03-13T09:50:11.127+0000] {processor.py:826} INFO - Processing file /home/airflow/.local/lib/python3.7/site-packages/airflow/example_dags/example_branch_operator_decorator.py for tasks to queue
[2025-03-13T09:50:11.128+0000] {logging_mixin.py:149} INFO - [2025-03-13T09:50:11.128+0000] {dagbag.py:541} INFO - Filling up the DagBag from /home/airflow/.local/lib/python3.7/site-packages/airflow/example_dags/example_branch_operator_decorator.py
[2025-03-13T09:50:11.137+0000] {processor.py:836} INFO - DAG(s) dict_keys(['example_branch_python_operator_decorator']) retrieved from /home/airflow/.local/lib/python3.7/site-packages/airflow/example_dags/example_branch_operator_decorator.py
[2025-03-13T09:50:11.174+0000] {logging_mixin.py:149} INFO - [2025-03-13T09:50:11.173+0000] {dag.py:2726} INFO - Sync 1 DAGs
[2025-03-13T09:50:11.204+0000] {logging_mixin.py:149} INFO - [2025-03-13T09:50:11.204+0000] {dag.py:3490} INFO - Setting next_dagrun for example_branch_python_operator_decorator to 2025-03-12T00:00:00+00:00, run_after=2025-03-13T00:00:00+00:00
[2025-03-13T09:50:11.229+0000] {processor.py:179} INFO - Processing /home/airflow/.local/lib/python3.7/site-packages/airflow/example_dags/example_branch_operator_decorator.py took 0.106 seconds
[2025-03-13T09:50:42.297+0000] {processor.py:157} INFO - Started process (PID=1103) to work on /home/airflow/.local/lib/python3.7/site-packages/airflow/example_dags/example_branch_operator_decorator.py
[2025-03-13T09:50:42.298+0000] {processor.py:826} INFO - Processing file /home/airflow/.local/lib/python3.7/site-packages/airflow/example_dags/example_branch_operator_decorator.py for tasks to queue
[2025-03-13T09:50:42.298+0000] {logging_mixin.py:149} INFO - [2025-03-13T09:50:42.298+0000] {dagbag.py:541} INFO - Filling up the DagBag from /home/airflow/.local/lib/python3.7/site-packages/airflow/example_dags/example_branch_operator_decorator.py
[2025-03-13T09:50:42.307+0000] {processor.py:836} INFO - DAG(s) dict_keys(['example_branch_python_operator_decorator']) retrieved from /home/airflow/.local/lib/python3.7/site-packages/airflow/example_dags/example_branch_operator_decorator.py
[2025-03-13T09:50:42.330+0000] {logging_mixin.py:149} INFO - [2025-03-13T09:50:42.330+0000] {dag.py:2726} INFO - Sync 1 DAGs
[2025-03-13T09:50:42.352+0000] {logging_mixin.py:149} INFO - [2025-03-13T09:50:42.351+0000] {dag.py:3490} INFO - Setting next_dagrun for example_branch_python_operator_decorator to 2025-03-12T00:00:00+00:00, run_after=2025-03-13T00:00:00+00:00
[2025-03-13T09:50:42.371+0000] {processor.py:179} INFO - Processing /home/airflow/.local/lib/python3.7/site-packages/airflow/example_dags/example_branch_operator_decorator.py took 0.077 seconds
[2025-03-13T09:51:13.634+0000] {processor.py:157} INFO - Started process (PID=1194) to work on /home/airflow/.local/lib/python3.7/site-packages/airflow/example_dags/example_branch_operator_decorator.py
[2025-03-13T09:51:13.635+0000] {processor.py:826} INFO - Processing file /home/airflow/.local/lib/python3.7/site-packages/airflow/example_dags/example_branch_operator_decorator.py for tasks to queue
[2025-03-13T09:51:13.635+0000] {logging_mixin.py:149} INFO - [2025-03-13T09:51:13.635+0000] {dagbag.py:541} INFO - Filling up the DagBag from /home/airflow/.local/lib/python3.7/site-packages/airflow/example_dags/example_branch_operator_decorator.py
[2025-03-13T09:51:13.648+0000] {processor.py:836} INFO - DAG(s) dict_keys(['example_branch_python_operator_decorator']) retrieved from /home/airflow/.local/lib/python3.7/site-packages/airflow/example_dags/example_branch_operator_decorator.py
[2025-03-13T09:51:13.676+0000] {logging_mixin.py:149} INFO - [2025-03-13T09:51:13.676+0000] {dag.py:2726} INFO - Sync 1 DAGs
[2025-03-13T09:51:13.703+0000] {logging_mixin.py:149} INFO - [2025-03-13T09:51:13.703+0000] {dag.py:3490} INFO - Setting next_dagrun for example_branch_python_operator_decorator to 2025-03-12T00:00:00+00:00, run_after=2025-03-13T00:00:00+00:00
[2025-03-13T09:51:13.725+0000] {processor.py:179} INFO - Processing /home/airflow/.local/lib/python3.7/site-packages/airflow/example_dags/example_branch_operator_decorator.py took 0.095 seconds
[2025-03-13T09:51:44.906+0000] {processor.py:157} INFO - Started process (PID=1285) to work on /home/airflow/.local/lib/python3.7/site-packages/airflow/example_dags/example_branch_operator_decorator.py
[2025-03-13T09:51:44.907+0000] {processor.py:826} INFO - Processing file /home/airflow/.local/lib/python3.7/site-packages/airflow/example_dags/example_branch_operator_decorator.py for tasks to queue
[2025-03-13T09:51:44.908+0000] {logging_mixin.py:149} INFO - [2025-03-13T09:51:44.908+0000] {dagbag.py:541} INFO - Filling up the DagBag from /home/airflow/.local/lib/python3.7/site-packages/airflow/example_dags/example_branch_operator_decorator.py
[2025-03-13T09:51:44.919+0000] {processor.py:836} INFO - DAG(s) dict_keys(['example_branch_python_operator_decorator']) retrieved from /home/airflow/.local/lib/python3.7/site-packages/airflow/example_dags/example_branch_operator_decorator.py
[2025-03-13T09:51:44.945+0000] {logging_mixin.py:149} INFO - [2025-03-13T09:51:44.945+0000] {dag.py:2726} INFO - Sync 1 DAGs
[2025-03-13T09:51:44.977+0000] {logging_mixin.py:149} INFO - [2025-03-13T09:51:44.977+0000] {dag.py:3490} INFO - Setting next_dagrun for example_branch_python_operator_decorator to 2025-03-12T00:00:00+00:00, run_after=2025-03-13T00:00:00+00:00
[2025-03-13T09:51:44.998+0000] {processor.py:179} INFO - Processing /home/airflow/.local/lib/python3.7/site-packages/airflow/example_dags/example_branch_operator_decorator.py took 0.095 seconds
[2025-03-13T09:52:16.276+0000] {processor.py:157} INFO - Started process (PID=1376) to work on /home/airflow/.local/lib/python3.7/site-packages/airflow/example_dags/example_branch_operator_decorator.py
[2025-03-13T09:52:16.277+0000] {processor.py:826} INFO - Processing file /home/airflow/.local/lib/python3.7/site-packages/airflow/example_dags/example_branch_operator_decorator.py for tasks to queue
[2025-03-13T09:52:16.278+0000] {logging_mixin.py:149} INFO - [2025-03-13T09:52:16.277+0000] {dagbag.py:541} INFO - Filling up the DagBag from /home/airflow/.local/lib/python3.7/site-packages/airflow/example_dags/example_branch_operator_decorator.py
[2025-03-13T09:52:16.287+0000] {processor.py:836} INFO - DAG(s) dict_keys(['example_branch_python_operator_decorator']) retrieved from /home/airflow/.local/lib/python3.7/site-packages/airflow/example_dags/example_branch_operator_decorator.py
[2025-03-13T09:52:16.319+0000] {logging_mixin.py:149} INFO - [2025-03-13T09:52:16.318+0000] {dag.py:2726} INFO - Sync 1 DAGs
[2025-03-13T09:52:16.344+0000] {logging_mixin.py:149} INFO - [2025-03-13T09:52:16.344+0000] {dag.py:3490} INFO - Setting next_dagrun for example_branch_python_operator_decorator to 2025-03-12T00:00:00+00:00, run_after=2025-03-13T00:00:00+00:00
[2025-03-13T09:52:16.362+0000] {processor.py:179} INFO - Processing /home/airflow/.local/lib/python3.7/site-packages/airflow/example_dags/example_branch_operator_decorator.py took 0.089 seconds
[2025-03-13T09:52:47.647+0000] {processor.py:157} INFO - Started process (PID=1467) to work on /home/airflow/.local/lib/python3.7/site-packages/airflow/example_dags/example_branch_operator_decorator.py
[2025-03-13T09:52:47.648+0000] {processor.py:826} INFO - Processing file /home/airflow/.local/lib/python3.7/site-packages/airflow/example_dags/example_branch_operator_decorator.py for tasks to queue
[2025-03-13T09:52:47.648+0000] {logging_mixin.py:149} INFO - [2025-03-13T09:52:47.648+0000] {dagbag.py:541} INFO - Filling up the DagBag from /home/airflow/.local/lib/python3.7/site-packages/airflow/example_dags/example_branch_operator_decorator.py
[2025-03-13T09:52:47.659+0000] {processor.py:836} INFO - DAG(s) dict_keys(['example_branch_python_operator_decorator']) retrieved from /home/airflow/.local/lib/python3.7/site-packages/airflow/example_dags/example_branch_operator_decorator.py
[2025-03-13T09:52:47.686+0000] {logging_mixin.py:149} INFO - [2025-03-13T09:52:47.686+0000] {dag.py:2726} INFO - Sync 1 DAGs
[2025-03-13T09:52:47.711+0000] {logging_mixin.py:149} INFO - [2025-03-13T09:52:47.711+0000] {dag.py:3490} INFO - Setting next_dagrun for example_branch_python_operator_decorator to 2025-03-12T00:00:00+00:00, run_after=2025-03-13T00:00:00+00:00
[2025-03-13T09:52:47.730+0000] {processor.py:179} INFO - Processing /home/airflow/.local/lib/python3.7/site-packages/airflow/example_dags/example_branch_operator_decorator.py took 0.087 seconds
[2025-03-13T09:53:18.152+0000] {processor.py:157} INFO - Started process (PID=1558) to work on /home/airflow/.local/lib/python3.7/site-packages/airflow/example_dags/example_branch_operator_decorator.py
[2025-03-13T09:53:18.153+0000] {processor.py:826} INFO - Processing file /home/airflow/.local/lib/python3.7/site-packages/airflow/example_dags/example_branch_operator_decorator.py for tasks to queue
[2025-03-13T09:53:18.154+0000] {logging_mixin.py:149} INFO - [2025-03-13T09:53:18.154+0000] {dagbag.py:541} INFO - Filling up the DagBag from /home/airflow/.local/lib/python3.7/site-packages/airflow/example_dags/example_branch_operator_decorator.py
[2025-03-13T09:53:18.164+0000] {processor.py:836} INFO - DAG(s) dict_keys(['example_branch_python_operator_decorator']) retrieved from /home/airflow/.local/lib/python3.7/site-packages/airflow/example_dags/example_branch_operator_decorator.py
[2025-03-13T09:53:18.193+0000] {logging_mixin.py:149} INFO - [2025-03-13T09:53:18.192+0000] {dag.py:2726} INFO - Sync 1 DAGs
[2025-03-13T09:53:18.219+0000] {logging_mixin.py:149} INFO - [2025-03-13T09:53:18.219+0000] {dag.py:3490} INFO - Setting next_dagrun for example_branch_python_operator_decorator to 2025-03-12T00:00:00+00:00, run_after=2025-03-13T00:00:00+00:00
[2025-03-13T09:53:18.237+0000] {processor.py:179} INFO - Processing /home/airflow/.local/lib/python3.7/site-packages/airflow/example_dags/example_branch_operator_decorator.py took 0.088 seconds
[2025-03-13T09:53:49.528+0000] {processor.py:157} INFO - Started process (PID=1649) to work on /home/airflow/.local/lib/python3.7/site-packages/airflow/example_dags/example_branch_operator_decorator.py
[2025-03-13T09:53:49.530+0000] {processor.py:826} INFO - Processing file /home/airflow/.local/lib/python3.7/site-packages/airflow/example_dags/example_branch_operator_decorator.py for tasks to queue
[2025-03-13T09:53:49.531+0000] {logging_mixin.py:149} INFO - [2025-03-13T09:53:49.531+0000] {dagbag.py:541} INFO - Filling up the DagBag from /home/airflow/.local/lib/python3.7/site-packages/airflow/example_dags/example_branch_operator_decorator.py
[2025-03-13T09:53:49.543+0000] {processor.py:836} INFO - DAG(s) dict_keys(['example_branch_python_operator_decorator']) retrieved from /home/airflow/.local/lib/python3.7/site-packages/airflow/example_dags/example_branch_operator_decorator.py
[2025-03-13T09:53:49.574+0000] {logging_mixin.py:149} INFO - [2025-03-13T09:53:49.574+0000] {dag.py:2726} INFO - Sync 1 DAGs
[2025-03-13T09:53:49.602+0000] {logging_mixin.py:149} INFO - [2025-03-13T09:53:49.602+0000] {dag.py:3490} INFO - Setting next_dagrun for example_branch_python_operator_decorator to 2025-03-12T00:00:00+00:00, run_after=2025-03-13T00:00:00+00:00
[2025-03-13T09:53:49.623+0000] {processor.py:179} INFO - Processing /home/airflow/.local/lib/python3.7/site-packages/airflow/example_dags/example_branch_operator_decorator.py took 0.099 seconds
[2025-03-13T09:54:20.821+0000] {processor.py:157} INFO - Started process (PID=1740) to work on /home/airflow/.local/lib/python3.7/site-packages/airflow/example_dags/example_branch_operator_decorator.py
[2025-03-13T09:54:20.822+0000] {processor.py:826} INFO - Processing file /home/airflow/.local/lib/python3.7/site-packages/airflow/example_dags/example_branch_operator_decorator.py for tasks to queue
[2025-03-13T09:54:20.823+0000] {logging_mixin.py:149} INFO - [2025-03-13T09:54:20.823+0000] {dagbag.py:541} INFO - Filling up the DagBag from /home/airflow/.local/lib/python3.7/site-packages/airflow/example_dags/example_branch_operator_decorator.py
[2025-03-13T09:54:20.832+0000] {processor.py:836} INFO - DAG(s) dict_keys(['example_branch_python_operator_decorator']) retrieved from /home/airflow/.local/lib/python3.7/site-packages/airflow/example_dags/example_branch_operator_decorator.py
[2025-03-13T09:54:20.859+0000] {logging_mixin.py:149} INFO - [2025-03-13T09:54:20.858+0000] {dag.py:2726} INFO - Sync 1 DAGs
[2025-03-13T09:54:20.885+0000] {logging_mixin.py:149} INFO - [2025-03-13T09:54:20.885+0000] {dag.py:3490} INFO - Setting next_dagrun for example_branch_python_operator_decorator to 2025-03-12T00:00:00+00:00, run_after=2025-03-13T00:00:00+00:00
[2025-03-13T09:54:20.902+0000] {processor.py:179} INFO - Processing /home/airflow/.local/lib/python3.7/site-packages/airflow/example_dags/example_branch_operator_decorator.py took 0.084 seconds
[2025-03-13T09:54:52.053+0000] {processor.py:157} INFO - Started process (PID=1831) to work on /home/airflow/.local/lib/python3.7/site-packages/airflow/example_dags/example_branch_operator_decorator.py
[2025-03-13T09:54:52.054+0000] {processor.py:826} INFO - Processing file /home/airflow/.local/lib/python3.7/site-packages/airflow/example_dags/example_branch_operator_decorator.py for tasks to queue
[2025-03-13T09:54:52.055+0000] {logging_mixin.py:149} INFO - [2025-03-13T09:54:52.054+0000] {dagbag.py:541} INFO - Filling up the DagBag from /home/airflow/.local/lib/python3.7/site-packages/airflow/example_dags/example_branch_operator_decorator.py
[2025-03-13T09:54:52.065+0000] {processor.py:836} INFO - DAG(s) dict_keys(['example_branch_python_operator_decorator']) retrieved from /home/airflow/.local/lib/python3.7/site-packages/airflow/example_dags/example_branch_operator_decorator.py
[2025-03-13T09:54:52.090+0000] {logging_mixin.py:149} INFO - [2025-03-13T09:54:52.090+0000] {dag.py:2726} INFO - Sync 1 DAGs
[2025-03-13T09:54:52.117+0000] {logging_mixin.py:149} INFO - [2025-03-13T09:54:52.117+0000] {dag.py:3490} INFO - Setting next_dagrun for example_branch_python_operator_decorator to 2025-03-12T00:00:00+00:00, run_after=2025-03-13T00:00:00+00:00
[2025-03-13T09:54:52.134+0000] {processor.py:179} INFO - Processing /home/airflow/.local/lib/python3.7/site-packages/airflow/example_dags/example_branch_operator_decorator.py took 0.084 seconds
[2025-03-13T09:55:23.329+0000] {processor.py:157} INFO - Started process (PID=1922) to work on /home/airflow/.local/lib/python3.7/site-packages/airflow/example_dags/example_branch_operator_decorator.py
[2025-03-13T09:55:23.330+0000] {processor.py:826} INFO - Processing file /home/airflow/.local/lib/python3.7/site-packages/airflow/example_dags/example_branch_operator_decorator.py for tasks to queue
[2025-03-13T09:55:23.332+0000] {logging_mixin.py:149} INFO - [2025-03-13T09:55:23.332+0000] {dagbag.py:541} INFO - Filling up the DagBag from /home/airflow/.local/lib/python3.7/site-packages/airflow/example_dags/example_branch_operator_decorator.py
[2025-03-13T09:55:23.345+0000] {processor.py:836} INFO - DAG(s) dict_keys(['example_branch_python_operator_decorator']) retrieved from /home/airflow/.local/lib/python3.7/site-packages/airflow/example_dags/example_branch_operator_decorator.py
[2025-03-13T09:55:23.376+0000] {logging_mixin.py:149} INFO - [2025-03-13T09:55:23.376+0000] {dag.py:2726} INFO - Sync 1 DAGs
[2025-03-13T09:55:23.409+0000] {logging_mixin.py:149} INFO - [2025-03-13T09:55:23.409+0000] {dag.py:3490} INFO - Setting next_dagrun for example_branch_python_operator_decorator to 2025-03-12T00:00:00+00:00, run_after=2025-03-13T00:00:00+00:00
[2025-03-13T09:55:23.438+0000] {processor.py:179} INFO - Processing /home/airflow/.local/lib/python3.7/site-packages/airflow/example_dags/example_branch_operator_decorator.py took 0.112 seconds
[2025-03-13T09:55:54.616+0000] {processor.py:157} INFO - Started process (PID=2013) to work on /home/airflow/.local/lib/python3.7/site-packages/airflow/example_dags/example_branch_operator_decorator.py
[2025-03-13T09:55:54.617+0000] {processor.py:826} INFO - Processing file /home/airflow/.local/lib/python3.7/site-packages/airflow/example_dags/example_branch_operator_decorator.py for tasks to queue
[2025-03-13T09:55:54.618+0000] {logging_mixin.py:149} INFO - [2025-03-13T09:55:54.618+0000] {dagbag.py:541} INFO - Filling up the DagBag from /home/airflow/.local/lib/python3.7/site-packages/airflow/example_dags/example_branch_operator_decorator.py
[2025-03-13T09:55:54.628+0000] {processor.py:836} INFO - DAG(s) dict_keys(['example_branch_python_operator_decorator']) retrieved from /home/airflow/.local/lib/python3.7/site-packages/airflow/example_dags/example_branch_operator_decorator.py
[2025-03-13T09:55:54.653+0000] {logging_mixin.py:149} INFO - [2025-03-13T09:55:54.653+0000] {dag.py:2726} INFO - Sync 1 DAGs
[2025-03-13T09:55:54.676+0000] {logging_mixin.py:149} INFO - [2025-03-13T09:55:54.676+0000] {dag.py:3490} INFO - Setting next_dagrun for example_branch_python_operator_decorator to 2025-03-12T00:00:00+00:00, run_after=2025-03-13T00:00:00+00:00
[2025-03-13T09:55:54.694+0000] {processor.py:179} INFO - Processing /home/airflow/.local/lib/python3.7/site-packages/airflow/example_dags/example_branch_operator_decorator.py took 0.081 seconds
[2025-03-13T09:56:25.102+0000] {processor.py:157} INFO - Started process (PID=2104) to work on /home/airflow/.local/lib/python3.7/site-packages/airflow/example_dags/example_branch_operator_decorator.py
[2025-03-13T09:56:25.103+0000] {processor.py:826} INFO - Processing file /home/airflow/.local/lib/python3.7/site-packages/airflow/example_dags/example_branch_operator_decorator.py for tasks to queue
[2025-03-13T09:56:25.104+0000] {logging_mixin.py:149} INFO - [2025-03-13T09:56:25.104+0000] {dagbag.py:541} INFO - Filling up the DagBag from /home/airflow/.local/lib/python3.7/site-packages/airflow/example_dags/example_branch_operator_decorator.py
[2025-03-13T09:56:25.113+0000] {processor.py:836} INFO - DAG(s) dict_keys(['example_branch_python_operator_decorator']) retrieved from /home/airflow/.local/lib/python3.7/site-packages/airflow/example_dags/example_branch_operator_decorator.py
[2025-03-13T09:56:25.138+0000] {logging_mixin.py:149} INFO - [2025-03-13T09:56:25.138+0000] {dag.py:2726} INFO - Sync 1 DAGs
[2025-03-13T09:56:25.162+0000] {logging_mixin.py:149} INFO - [2025-03-13T09:56:25.161+0000] {dag.py:3490} INFO - Setting next_dagrun for example_branch_python_operator_decorator to 2025-03-12T00:00:00+00:00, run_after=2025-03-13T00:00:00+00:00
[2025-03-13T09:56:25.179+0000] {processor.py:179} INFO - Processing /home/airflow/.local/lib/python3.7/site-packages/airflow/example_dags/example_branch_operator_decorator.py took 0.079 seconds
[2025-03-13T09:56:55.678+0000] {processor.py:157} INFO - Started process (PID=2195) to work on /home/airflow/.local/lib/python3.7/site-packages/airflow/example_dags/example_branch_operator_decorator.py
[2025-03-13T09:56:55.680+0000] {processor.py:826} INFO - Processing file /home/airflow/.local/lib/python3.7/site-packages/airflow/example_dags/example_branch_operator_decorator.py for tasks to queue
[2025-03-13T09:56:55.680+0000] {logging_mixin.py:149} INFO - [2025-03-13T09:56:55.680+0000] {dagbag.py:541} INFO - Filling up the DagBag from /home/airflow/.local/lib/python3.7/site-packages/airflow/example_dags/example_branch_operator_decorator.py
[2025-03-13T09:56:55.690+0000] {processor.py:836} INFO - DAG(s) dict_keys(['example_branch_python_operator_decorator']) retrieved from /home/airflow/.local/lib/python3.7/site-packages/airflow/example_dags/example_branch_operator_decorator.py
[2025-03-13T09:56:55.717+0000] {logging_mixin.py:149} INFO - [2025-03-13T09:56:55.717+0000] {dag.py:2726} INFO - Sync 1 DAGs
[2025-03-13T09:56:55.741+0000] {logging_mixin.py:149} INFO - [2025-03-13T09:56:55.741+0000] {dag.py:3490} INFO - Setting next_dagrun for example_branch_python_operator_decorator to 2025-03-12T00:00:00+00:00, run_after=2025-03-13T00:00:00+00:00
[2025-03-13T09:56:55.759+0000] {processor.py:179} INFO - Processing /home/airflow/.local/lib/python3.7/site-packages/airflow/example_dags/example_branch_operator_decorator.py took 0.084 seconds
[2025-03-13T09:57:26.106+0000] {processor.py:157} INFO - Started process (PID=2286) to work on /home/airflow/.local/lib/python3.7/site-packages/airflow/example_dags/example_branch_operator_decorator.py
[2025-03-13T09:57:26.107+0000] {processor.py:826} INFO - Processing file /home/airflow/.local/lib/python3.7/site-packages/airflow/example_dags/example_branch_operator_decorator.py for tasks to queue
[2025-03-13T09:57:26.108+0000] {logging_mixin.py:149} INFO - [2025-03-13T09:57:26.108+0000] {dagbag.py:541} INFO - Filling up the DagBag from /home/airflow/.local/lib/python3.7/site-packages/airflow/example_dags/example_branch_operator_decorator.py
[2025-03-13T09:57:26.117+0000] {processor.py:836} INFO - DAG(s) dict_keys(['example_branch_python_operator_decorator']) retrieved from /home/airflow/.local/lib/python3.7/site-packages/airflow/example_dags/example_branch_operator_decorator.py
[2025-03-13T09:57:26.142+0000] {logging_mixin.py:149} INFO - [2025-03-13T09:57:26.141+0000] {dag.py:2726} INFO - Sync 1 DAGs
[2025-03-13T09:57:26.166+0000] {logging_mixin.py:149} INFO - [2025-03-13T09:57:26.166+0000] {dag.py:3490} INFO - Setting next_dagrun for example_branch_python_operator_decorator to 2025-03-12T00:00:00+00:00, run_after=2025-03-13T00:00:00+00:00
[2025-03-13T09:57:26.184+0000] {processor.py:179} INFO - Processing /home/airflow/.local/lib/python3.7/site-packages/airflow/example_dags/example_branch_operator_decorator.py took 0.081 seconds
[2025-03-13T09:57:56.586+0000] {processor.py:157} INFO - Started process (PID=2377) to work on /home/airflow/.local/lib/python3.7/site-packages/airflow/example_dags/example_branch_operator_decorator.py
[2025-03-13T09:57:56.587+0000] {processor.py:826} INFO - Processing file /home/airflow/.local/lib/python3.7/site-packages/airflow/example_dags/example_branch_operator_decorator.py for tasks to queue
[2025-03-13T09:57:56.588+0000] {logging_mixin.py:149} INFO - [2025-03-13T09:57:56.588+0000] {dagbag.py:541} INFO - Filling up the DagBag from /home/airflow/.local/lib/python3.7/site-packages/airflow/example_dags/example_branch_operator_decorator.py
[2025-03-13T09:57:56.597+0000] {processor.py:836} INFO - DAG(s) dict_keys(['example_branch_python_operator_decorator']) retrieved from /home/airflow/.local/lib/python3.7/site-packages/airflow/example_dags/example_branch_operator_decorator.py
[2025-03-13T09:57:56.621+0000] {logging_mixin.py:149} INFO - [2025-03-13T09:57:56.620+0000] {dag.py:2726} INFO - Sync 1 DAGs
[2025-03-13T09:57:56.643+0000] {logging_mixin.py:149} INFO - [2025-03-13T09:57:56.643+0000] {dag.py:3490} INFO - Setting next_dagrun for example_branch_python_operator_decorator to 2025-03-12T00:00:00+00:00, run_after=2025-03-13T00:00:00+00:00
[2025-03-13T09:57:56.661+0000] {processor.py:179} INFO - Processing /home/airflow/.local/lib/python3.7/site-packages/airflow/example_dags/example_branch_operator_decorator.py took 0.077 seconds
[2025-03-13T09:58:27.619+0000] {processor.py:157} INFO - Started process (PID=2468) to work on /home/airflow/.local/lib/python3.7/site-packages/airflow/example_dags/example_branch_operator_decorator.py
[2025-03-13T09:58:27.620+0000] {processor.py:826} INFO - Processing file /home/airflow/.local/lib/python3.7/site-packages/airflow/example_dags/example_branch_operator_decorator.py for tasks to queue
[2025-03-13T09:58:27.621+0000] {logging_mixin.py:149} INFO - [2025-03-13T09:58:27.620+0000] {dagbag.py:541} INFO - Filling up the DagBag from /home/airflow/.local/lib/python3.7/site-packages/airflow/example_dags/example_branch_operator_decorator.py
[2025-03-13T09:58:27.629+0000] {processor.py:836} INFO - DAG(s) dict_keys(['example_branch_python_operator_decorator']) retrieved from /home/airflow/.local/lib/python3.7/site-packages/airflow/example_dags/example_branch_operator_decorator.py
[2025-03-13T09:58:27.655+0000] {logging_mixin.py:149} INFO - [2025-03-13T09:58:27.655+0000] {dag.py:2726} INFO - Sync 1 DAGs
[2025-03-13T09:58:27.679+0000] {logging_mixin.py:149} INFO - [2025-03-13T09:58:27.679+0000] {dag.py:3490} INFO - Setting next_dagrun for example_branch_python_operator_decorator to 2025-03-12T00:00:00+00:00, run_after=2025-03-13T00:00:00+00:00
[2025-03-13T09:58:27.698+0000] {processor.py:179} INFO - Processing /home/airflow/.local/lib/python3.7/site-packages/airflow/example_dags/example_branch_operator_decorator.py took 0.083 seconds
[2025-03-13T09:58:58.953+0000] {processor.py:157} INFO - Started process (PID=2559) to work on /home/airflow/.local/lib/python3.7/site-packages/airflow/example_dags/example_branch_operator_decorator.py
[2025-03-13T09:58:58.954+0000] {processor.py:826} INFO - Processing file /home/airflow/.local/lib/python3.7/site-packages/airflow/example_dags/example_branch_operator_decorator.py for tasks to queue
[2025-03-13T09:58:58.955+0000] {logging_mixin.py:149} INFO - [2025-03-13T09:58:58.955+0000] {dagbag.py:541} INFO - Filling up the DagBag from /home/airflow/.local/lib/python3.7/site-packages/airflow/example_dags/example_branch_operator_decorator.py
[2025-03-13T09:58:58.964+0000] {processor.py:836} INFO - DAG(s) dict_keys(['example_branch_python_operator_decorator']) retrieved from /home/airflow/.local/lib/python3.7/site-packages/airflow/example_dags/example_branch_operator_decorator.py
[2025-03-13T09:58:58.987+0000] {logging_mixin.py:149} INFO - [2025-03-13T09:58:58.987+0000] {dag.py:2726} INFO - Sync 1 DAGs
[2025-03-13T09:58:59.008+0000] {logging_mixin.py:149} INFO - [2025-03-13T09:58:59.008+0000] {dag.py:3490} INFO - Setting next_dagrun for example_branch_python_operator_decorator to 2025-03-12T00:00:00+00:00, run_after=2025-03-13T00:00:00+00:00
[2025-03-13T09:58:59.027+0000] {processor.py:179} INFO - Processing /home/airflow/.local/lib/python3.7/site-packages/airflow/example_dags/example_branch_operator_decorator.py took 0.076 seconds
[2025-03-13T09:59:29.466+0000] {processor.py:157} INFO - Started process (PID=2650) to work on /home/airflow/.local/lib/python3.7/site-packages/airflow/example_dags/example_branch_operator_decorator.py
[2025-03-13T09:59:29.468+0000] {processor.py:826} INFO - Processing file /home/airflow/.local/lib/python3.7/site-packages/airflow/example_dags/example_branch_operator_decorator.py for tasks to queue
[2025-03-13T09:59:29.469+0000] {logging_mixin.py:149} INFO - [2025-03-13T09:59:29.468+0000] {dagbag.py:541} INFO - Filling up the DagBag from /home/airflow/.local/lib/python3.7/site-packages/airflow/example_dags/example_branch_operator_decorator.py
[2025-03-13T09:59:29.482+0000] {processor.py:836} INFO - DAG(s) dict_keys(['example_branch_python_operator_decorator']) retrieved from /home/airflow/.local/lib/python3.7/site-packages/airflow/example_dags/example_branch_operator_decorator.py
[2025-03-13T09:59:29.515+0000] {logging_mixin.py:149} INFO - [2025-03-13T09:59:29.515+0000] {dag.py:2726} INFO - Sync 1 DAGs
[2025-03-13T09:59:29.545+0000] {logging_mixin.py:149} INFO - [2025-03-13T09:59:29.545+0000] {dag.py:3490} INFO - Setting next_dagrun for example_branch_python_operator_decorator to 2025-03-12T00:00:00+00:00, run_after=2025-03-13T00:00:00+00:00
[2025-03-13T09:59:29.568+0000] {processor.py:179} INFO - Processing /home/airflow/.local/lib/python3.7/site-packages/airflow/example_dags/example_branch_operator_decorator.py took 0.105 seconds
[2025-03-13T10:00:00.003+0000] {processor.py:157} INFO - Started process (PID=2741) to work on /home/airflow/.local/lib/python3.7/site-packages/airflow/example_dags/example_branch_operator_decorator.py
[2025-03-13T10:00:00.004+0000] {processor.py:826} INFO - Processing file /home/airflow/.local/lib/python3.7/site-packages/airflow/example_dags/example_branch_operator_decorator.py for tasks to queue
[2025-03-13T10:00:00.005+0000] {logging_mixin.py:149} INFO - [2025-03-13T10:00:00.005+0000] {dagbag.py:541} INFO - Filling up the DagBag from /home/airflow/.local/lib/python3.7/site-packages/airflow/example_dags/example_branch_operator_decorator.py
[2025-03-13T10:00:00.015+0000] {processor.py:836} INFO - DAG(s) dict_keys(['example_branch_python_operator_decorator']) retrieved from /home/airflow/.local/lib/python3.7/site-packages/airflow/example_dags/example_branch_operator_decorator.py
[2025-03-13T10:00:00.042+0000] {logging_mixin.py:149} INFO - [2025-03-13T10:00:00.042+0000] {dag.py:2726} INFO - Sync 1 DAGs
[2025-03-13T10:00:00.066+0000] {logging_mixin.py:149} INFO - [2025-03-13T10:00:00.066+0000] {dag.py:3490} INFO - Setting next_dagrun for example_branch_python_operator_decorator to 2025-03-12T00:00:00+00:00, run_after=2025-03-13T00:00:00+00:00
[2025-03-13T10:00:00.083+0000] {processor.py:179} INFO - Processing /home/airflow/.local/lib/python3.7/site-packages/airflow/example_dags/example_branch_operator_decorator.py took 0.083 seconds
[2025-03-13T10:00:30.361+0000] {processor.py:157} INFO - Started process (PID=2832) to work on /home/airflow/.local/lib/python3.7/site-packages/airflow/example_dags/example_branch_operator_decorator.py
[2025-03-13T10:00:30.362+0000] {processor.py:826} INFO - Processing file /home/airflow/.local/lib/python3.7/site-packages/airflow/example_dags/example_branch_operator_decorator.py for tasks to queue
[2025-03-13T10:00:30.363+0000] {logging_mixin.py:149} INFO - [2025-03-13T10:00:30.363+0000] {dagbag.py:541} INFO - Filling up the DagBag from /home/airflow/.local/lib/python3.7/site-packages/airflow/example_dags/example_branch_operator_decorator.py
[2025-03-13T10:00:30.373+0000] {processor.py:836} INFO - DAG(s) dict_keys(['example_branch_python_operator_decorator']) retrieved from /home/airflow/.local/lib/python3.7/site-packages/airflow/example_dags/example_branch_operator_decorator.py
[2025-03-13T10:00:30.398+0000] {logging_mixin.py:149} INFO - [2025-03-13T10:00:30.398+0000] {dag.py:2726} INFO - Sync 1 DAGs
[2025-03-13T10:00:30.423+0000] {logging_mixin.py:149} INFO - [2025-03-13T10:00:30.423+0000] {dag.py:3490} INFO - Setting next_dagrun for example_branch_python_operator_decorator to 2025-03-12T00:00:00+00:00, run_after=2025-03-13T00:00:00+00:00
[2025-03-13T10:00:30.441+0000] {processor.py:179} INFO - Processing /home/airflow/.local/lib/python3.7/site-packages/airflow/example_dags/example_branch_operator_decorator.py took 0.082 seconds
[2025-03-13T10:01:00.982+0000] {processor.py:157} INFO - Started process (PID=2923) to work on /home/airflow/.local/lib/python3.7/site-packages/airflow/example_dags/example_branch_operator_decorator.py
[2025-03-13T10:01:00.982+0000] {processor.py:826} INFO - Processing file /home/airflow/.local/lib/python3.7/site-packages/airflow/example_dags/example_branch_operator_decorator.py for tasks to queue
[2025-03-13T10:01:00.983+0000] {logging_mixin.py:149} INFO - [2025-03-13T10:01:00.983+0000] {dagbag.py:541} INFO - Filling up the DagBag from /home/airflow/.local/lib/python3.7/site-packages/airflow/example_dags/example_branch_operator_decorator.py
[2025-03-13T10:01:00.994+0000] {processor.py:836} INFO - DAG(s) dict_keys(['example_branch_python_operator_decorator']) retrieved from /home/airflow/.local/lib/python3.7/site-packages/airflow/example_dags/example_branch_operator_decorator.py
[2025-03-13T10:01:01.025+0000] {logging_mixin.py:149} INFO - [2025-03-13T10:01:01.025+0000] {dag.py:2726} INFO - Sync 1 DAGs
[2025-03-13T10:01:01.054+0000] {logging_mixin.py:149} INFO - [2025-03-13T10:01:01.053+0000] {dag.py:3490} INFO - Setting next_dagrun for example_branch_python_operator_decorator to 2025-03-12T00:00:00+00:00, run_after=2025-03-13T00:00:00+00:00
[2025-03-13T10:01:01.075+0000] {processor.py:179} INFO - Processing /home/airflow/.local/lib/python3.7/site-packages/airflow/example_dags/example_branch_operator_decorator.py took 0.097 seconds
[2025-03-13T10:01:31.504+0000] {processor.py:157} INFO - Started process (PID=3014) to work on /home/airflow/.local/lib/python3.7/site-packages/airflow/example_dags/example_branch_operator_decorator.py
[2025-03-13T10:01:31.505+0000] {processor.py:826} INFO - Processing file /home/airflow/.local/lib/python3.7/site-packages/airflow/example_dags/example_branch_operator_decorator.py for tasks to queue
[2025-03-13T10:01:31.507+0000] {logging_mixin.py:149} INFO - [2025-03-13T10:01:31.506+0000] {dagbag.py:541} INFO - Filling up the DagBag from /home/airflow/.local/lib/python3.7/site-packages/airflow/example_dags/example_branch_operator_decorator.py
[2025-03-13T10:01:31.518+0000] {processor.py:836} INFO - DAG(s) dict_keys(['example_branch_python_operator_decorator']) retrieved from /home/airflow/.local/lib/python3.7/site-packages/airflow/example_dags/example_branch_operator_decorator.py
[2025-03-13T10:01:31.544+0000] {logging_mixin.py:149} INFO - [2025-03-13T10:01:31.544+0000] {dag.py:2726} INFO - Sync 1 DAGs
[2025-03-13T10:01:31.571+0000] {logging_mixin.py:149} INFO - [2025-03-13T10:01:31.571+0000] {dag.py:3490} INFO - Setting next_dagrun for example_branch_python_operator_decorator to 2025-03-12T00:00:00+00:00, run_after=2025-03-13T00:00:00+00:00
[2025-03-13T10:01:31.594+0000] {processor.py:179} INFO - Processing /home/airflow/.local/lib/python3.7/site-packages/airflow/example_dags/example_branch_operator_decorator.py took 0.093 seconds
[2025-03-13T10:02:02.075+0000] {processor.py:157} INFO - Started process (PID=3105) to work on /home/airflow/.local/lib/python3.7/site-packages/airflow/example_dags/example_branch_operator_decorator.py
[2025-03-13T10:02:02.077+0000] {processor.py:826} INFO - Processing file /home/airflow/.local/lib/python3.7/site-packages/airflow/example_dags/example_branch_operator_decorator.py for tasks to queue
[2025-03-13T10:02:02.077+0000] {logging_mixin.py:149} INFO - [2025-03-13T10:02:02.077+0000] {dagbag.py:541} INFO - Filling up the DagBag from /home/airflow/.local/lib/python3.7/site-packages/airflow/example_dags/example_branch_operator_decorator.py
[2025-03-13T10:02:02.087+0000] {processor.py:836} INFO - DAG(s) dict_keys(['example_branch_python_operator_decorator']) retrieved from /home/airflow/.local/lib/python3.7/site-packages/airflow/example_dags/example_branch_operator_decorator.py
[2025-03-13T10:02:02.117+0000] {logging_mixin.py:149} INFO - [2025-03-13T10:02:02.116+0000] {dag.py:2726} INFO - Sync 1 DAGs
[2025-03-13T10:02:02.143+0000] {logging_mixin.py:149} INFO - [2025-03-13T10:02:02.143+0000] {dag.py:3490} INFO - Setting next_dagrun for example_branch_python_operator_decorator to 2025-03-12T00:00:00+00:00, run_after=2025-03-13T00:00:00+00:00
[2025-03-13T10:02:02.168+0000] {processor.py:179} INFO - Processing /home/airflow/.local/lib/python3.7/site-packages/airflow/example_dags/example_branch_operator_decorator.py took 0.096 seconds
[2025-03-13T10:02:33.366+0000] {processor.py:157} INFO - Started process (PID=3196) to work on /home/airflow/.local/lib/python3.7/site-packages/airflow/example_dags/example_branch_operator_decorator.py
[2025-03-13T10:02:33.367+0000] {processor.py:826} INFO - Processing file /home/airflow/.local/lib/python3.7/site-packages/airflow/example_dags/example_branch_operator_decorator.py for tasks to queue
[2025-03-13T10:02:33.368+0000] {logging_mixin.py:149} INFO - [2025-03-13T10:02:33.368+0000] {dagbag.py:541} INFO - Filling up the DagBag from /home/airflow/.local/lib/python3.7/site-packages/airflow/example_dags/example_branch_operator_decorator.py
[2025-03-13T10:02:33.377+0000] {processor.py:836} INFO - DAG(s) dict_keys(['example_branch_python_operator_decorator']) retrieved from /home/airflow/.local/lib/python3.7/site-packages/airflow/example_dags/example_branch_operator_decorator.py
[2025-03-13T10:02:33.413+0000] {logging_mixin.py:149} INFO - [2025-03-13T10:02:33.413+0000] {dag.py:2726} INFO - Sync 1 DAGs
[2025-03-13T10:02:33.442+0000] {logging_mixin.py:149} INFO - [2025-03-13T10:02:33.442+0000] {dag.py:3490} INFO - Setting next_dagrun for example_branch_python_operator_decorator to 2025-03-12T00:00:00+00:00, run_after=2025-03-13T00:00:00+00:00
[2025-03-13T10:02:33.459+0000] {processor.py:179} INFO - Processing /home/airflow/.local/lib/python3.7/site-packages/airflow/example_dags/example_branch_operator_decorator.py took 0.096 seconds
[2025-03-13T10:03:04.787+0000] {processor.py:157} INFO - Started process (PID=3294) to work on /home/airflow/.local/lib/python3.7/site-packages/airflow/example_dags/example_branch_operator_decorator.py
[2025-03-13T10:03:04.788+0000] {processor.py:826} INFO - Processing file /home/airflow/.local/lib/python3.7/site-packages/airflow/example_dags/example_branch_operator_decorator.py for tasks to queue
[2025-03-13T10:03:04.789+0000] {logging_mixin.py:149} INFO - [2025-03-13T10:03:04.788+0000] {dagbag.py:541} INFO - Filling up the DagBag from /home/airflow/.local/lib/python3.7/site-packages/airflow/example_dags/example_branch_operator_decorator.py
[2025-03-13T10:03:04.801+0000] {processor.py:836} INFO - DAG(s) dict_keys(['example_branch_python_operator_decorator']) retrieved from /home/airflow/.local/lib/python3.7/site-packages/airflow/example_dags/example_branch_operator_decorator.py
[2025-03-13T10:03:04.827+0000] {logging_mixin.py:149} INFO - [2025-03-13T10:03:04.827+0000] {dag.py:2726} INFO - Sync 1 DAGs
[2025-03-13T10:03:04.854+0000] {logging_mixin.py:149} INFO - [2025-03-13T10:03:04.854+0000] {dag.py:3490} INFO - Setting next_dagrun for example_branch_python_operator_decorator to 2025-03-12T00:00:00+00:00, run_after=2025-03-13T00:00:00+00:00
[2025-03-13T10:03:04.874+0000] {processor.py:179} INFO - Processing /home/airflow/.local/lib/python3.7/site-packages/airflow/example_dags/example_branch_operator_decorator.py took 0.091 seconds
[2025-03-13T10:03:35.371+0000] {processor.py:157} INFO - Started process (PID=3385) to work on /home/airflow/.local/lib/python3.7/site-packages/airflow/example_dags/example_branch_operator_decorator.py
[2025-03-13T10:03:35.373+0000] {processor.py:826} INFO - Processing file /home/airflow/.local/lib/python3.7/site-packages/airflow/example_dags/example_branch_operator_decorator.py for tasks to queue
[2025-03-13T10:03:35.373+0000] {logging_mixin.py:149} INFO - [2025-03-13T10:03:35.373+0000] {dagbag.py:541} INFO - Filling up the DagBag from /home/airflow/.local/lib/python3.7/site-packages/airflow/example_dags/example_branch_operator_decorator.py
[2025-03-13T10:03:35.385+0000] {processor.py:836} INFO - DAG(s) dict_keys(['example_branch_python_operator_decorator']) retrieved from /home/airflow/.local/lib/python3.7/site-packages/airflow/example_dags/example_branch_operator_decorator.py
[2025-03-13T10:03:35.415+0000] {logging_mixin.py:149} INFO - [2025-03-13T10:03:35.415+0000] {dag.py:2726} INFO - Sync 1 DAGs
[2025-03-13T10:03:35.439+0000] {logging_mixin.py:149} INFO - [2025-03-13T10:03:35.439+0000] {dag.py:3490} INFO - Setting next_dagrun for example_branch_python_operator_decorator to 2025-03-12T00:00:00+00:00, run_after=2025-03-13T00:00:00+00:00
[2025-03-13T10:03:35.462+0000] {processor.py:179} INFO - Processing /home/airflow/.local/lib/python3.7/site-packages/airflow/example_dags/example_branch_operator_decorator.py took 0.095 seconds
[2025-03-13T10:04:05.737+0000] {processor.py:157} INFO - Started process (PID=3476) to work on /home/airflow/.local/lib/python3.7/site-packages/airflow/example_dags/example_branch_operator_decorator.py
[2025-03-13T10:04:05.738+0000] {processor.py:826} INFO - Processing file /home/airflow/.local/lib/python3.7/site-packages/airflow/example_dags/example_branch_operator_decorator.py for tasks to queue
[2025-03-13T10:04:05.739+0000] {logging_mixin.py:149} INFO - [2025-03-13T10:04:05.739+0000] {dagbag.py:541} INFO - Filling up the DagBag from /home/airflow/.local/lib/python3.7/site-packages/airflow/example_dags/example_branch_operator_decorator.py
[2025-03-13T10:04:05.747+0000] {processor.py:836} INFO - DAG(s) dict_keys(['example_branch_python_operator_decorator']) retrieved from /home/airflow/.local/lib/python3.7/site-packages/airflow/example_dags/example_branch_operator_decorator.py
[2025-03-13T10:04:05.771+0000] {logging_mixin.py:149} INFO - [2025-03-13T10:04:05.771+0000] {dag.py:2726} INFO - Sync 1 DAGs
[2025-03-13T10:04:05.793+0000] {logging_mixin.py:149} INFO - [2025-03-13T10:04:05.793+0000] {dag.py:3490} INFO - Setting next_dagrun for example_branch_python_operator_decorator to 2025-03-12T00:00:00+00:00, run_after=2025-03-13T00:00:00+00:00
[2025-03-13T10:04:05.815+0000] {processor.py:179} INFO - Processing /home/airflow/.local/lib/python3.7/site-packages/airflow/example_dags/example_branch_operator_decorator.py took 0.081 seconds
[2025-03-13T10:04:36.268+0000] {processor.py:157} INFO - Started process (PID=3567) to work on /home/airflow/.local/lib/python3.7/site-packages/airflow/example_dags/example_branch_operator_decorator.py
[2025-03-13T10:04:36.269+0000] {processor.py:826} INFO - Processing file /home/airflow/.local/lib/python3.7/site-packages/airflow/example_dags/example_branch_operator_decorator.py for tasks to queue
[2025-03-13T10:04:36.269+0000] {logging_mixin.py:149} INFO - [2025-03-13T10:04:36.269+0000] {dagbag.py:541} INFO - Filling up the DagBag from /home/airflow/.local/lib/python3.7/site-packages/airflow/example_dags/example_branch_operator_decorator.py
[2025-03-13T10:04:36.279+0000] {processor.py:836} INFO - DAG(s) dict_keys(['example_branch_python_operator_decorator']) retrieved from /home/airflow/.local/lib/python3.7/site-packages/airflow/example_dags/example_branch_operator_decorator.py
[2025-03-13T10:04:36.303+0000] {logging_mixin.py:149} INFO - [2025-03-13T10:04:36.302+0000] {dag.py:2726} INFO - Sync 1 DAGs
[2025-03-13T10:04:36.324+0000] {logging_mixin.py:149} INFO - [2025-03-13T10:04:36.324+0000] {dag.py:3490} INFO - Setting next_dagrun for example_branch_python_operator_decorator to 2025-03-12T00:00:00+00:00, run_after=2025-03-13T00:00:00+00:00
[2025-03-13T10:04:36.345+0000] {processor.py:179} INFO - Processing /home/airflow/.local/lib/python3.7/site-packages/airflow/example_dags/example_branch_operator_decorator.py took 0.080 seconds
[2025-03-13T10:05:07.165+0000] {processor.py:157} INFO - Started process (PID=3658) to work on /home/airflow/.local/lib/python3.7/site-packages/airflow/example_dags/example_branch_operator_decorator.py
[2025-03-13T10:05:07.166+0000] {processor.py:826} INFO - Processing file /home/airflow/.local/lib/python3.7/site-packages/airflow/example_dags/example_branch_operator_decorator.py for tasks to queue
[2025-03-13T10:05:07.166+0000] {logging_mixin.py:149} INFO - [2025-03-13T10:05:07.166+0000] {dagbag.py:541} INFO - Filling up the DagBag from /home/airflow/.local/lib/python3.7/site-packages/airflow/example_dags/example_branch_operator_decorator.py
[2025-03-13T10:05:07.176+0000] {processor.py:836} INFO - DAG(s) dict_keys(['example_branch_python_operator_decorator']) retrieved from /home/airflow/.local/lib/python3.7/site-packages/airflow/example_dags/example_branch_operator_decorator.py
[2025-03-13T10:05:07.199+0000] {logging_mixin.py:149} INFO - [2025-03-13T10:05:07.199+0000] {dag.py:2726} INFO - Sync 1 DAGs
[2025-03-13T10:05:07.221+0000] {logging_mixin.py:149} INFO - [2025-03-13T10:05:07.221+0000] {dag.py:3490} INFO - Setting next_dagrun for example_branch_python_operator_decorator to 2025-03-12T00:00:00+00:00, run_after=2025-03-13T00:00:00+00:00
[2025-03-13T10:05:07.242+0000] {processor.py:179} INFO - Processing /home/airflow/.local/lib/python3.7/site-packages/airflow/example_dags/example_branch_operator_decorator.py took 0.080 seconds
