[2025-03-13T09:45:02.186+0000] {processor.py:157} INFO - Started process (PID=88) to work on /home/airflow/.local/lib/python3.7/site-packages/airflow/example_dags/example_skip_dag.py
[2025-03-13T09:45:02.187+0000] {processor.py:826} INFO - Processing file /home/airflow/.local/lib/python3.7/site-packages/airflow/example_dags/example_skip_dag.py for tasks to queue
[2025-03-13T09:45:02.188+0000] {logging_mixin.py:149} INFO - [2025-03-13T09:45:02.187+0000] {dagbag.py:541} INFO - Filling up the DagBag from /home/airflow/.local/lib/python3.7/site-packages/airflow/example_dags/example_skip_dag.py
[2025-03-13T09:45:02.198+0000] {processor.py:836} INFO - DAG(s) dict_keys(['example_skip_dag']) retrieved from /home/airflow/.local/lib/python3.7/site-packages/airflow/example_dags/example_skip_dag.py
[2025-03-13T09:45:02.227+0000] {logging_mixin.py:149} INFO - [2025-03-13T09:45:02.226+0000] {dag.py:2726} INFO - Sync 1 DAGs
[2025-03-13T09:45:02.256+0000] {logging_mixin.py:149} INFO - [2025-03-13T09:45:02.256+0000] {dag.py:3490} INFO - Setting next_dagrun for example_skip_dag to 2025-03-12T09:45:02.255996+00:00, run_after=2025-03-13T09:45:02.255996+00:00
[2025-03-13T09:45:02.282+0000] {processor.py:179} INFO - Processing /home/airflow/.local/lib/python3.7/site-packages/airflow/example_dags/example_skip_dag.py took 0.101 seconds
[2025-03-13T09:45:32.690+0000] {processor.py:157} INFO - Started process (PID=204) to work on /home/airflow/.local/lib/python3.7/site-packages/airflow/example_dags/example_skip_dag.py
[2025-03-13T09:45:32.692+0000] {processor.py:826} INFO - Processing file /home/airflow/.local/lib/python3.7/site-packages/airflow/example_dags/example_skip_dag.py for tasks to queue
[2025-03-13T09:45:32.692+0000] {logging_mixin.py:149} INFO - [2025-03-13T09:45:32.692+0000] {dagbag.py:541} INFO - Filling up the DagBag from /home/airflow/.local/lib/python3.7/site-packages/airflow/example_dags/example_skip_dag.py
[2025-03-13T09:45:32.698+0000] {processor.py:836} INFO - DAG(s) dict_keys(['example_skip_dag']) retrieved from /home/airflow/.local/lib/python3.7/site-packages/airflow/example_dags/example_skip_dag.py
[2025-03-13T09:45:32.722+0000] {logging_mixin.py:149} INFO - [2025-03-13T09:45:32.722+0000] {dag.py:2726} INFO - Sync 1 DAGs
[2025-03-13T09:45:32.745+0000] {logging_mixin.py:149} INFO - [2025-03-13T09:45:32.745+0000] {dag.py:3490} INFO - Setting next_dagrun for example_skip_dag to 2025-03-12T09:45:32.745384+00:00, run_after=2025-03-13T09:45:32.745384+00:00
[2025-03-13T09:45:32.764+0000] {processor.py:179} INFO - Processing /home/airflow/.local/lib/python3.7/site-packages/airflow/example_dags/example_skip_dag.py took 0.077 seconds
[2025-03-13T09:46:03.974+0000] {processor.py:157} INFO - Started process (PID=295) to work on /home/airflow/.local/lib/python3.7/site-packages/airflow/example_dags/example_skip_dag.py
[2025-03-13T09:46:03.976+0000] {processor.py:826} INFO - Processing file /home/airflow/.local/lib/python3.7/site-packages/airflow/example_dags/example_skip_dag.py for tasks to queue
[2025-03-13T09:46:03.976+0000] {logging_mixin.py:149} INFO - [2025-03-13T09:46:03.976+0000] {dagbag.py:541} INFO - Filling up the DagBag from /home/airflow/.local/lib/python3.7/site-packages/airflow/example_dags/example_skip_dag.py
[2025-03-13T09:46:03.982+0000] {processor.py:836} INFO - DAG(s) dict_keys(['example_skip_dag']) retrieved from /home/airflow/.local/lib/python3.7/site-packages/airflow/example_dags/example_skip_dag.py
[2025-03-13T09:46:04.006+0000] {logging_mixin.py:149} INFO - [2025-03-13T09:46:04.005+0000] {dag.py:2726} INFO - Sync 1 DAGs
[2025-03-13T09:46:04.134+0000] {logging_mixin.py:149} INFO - [2025-03-13T09:46:04.134+0000] {dag.py:3490} INFO - Setting next_dagrun for example_skip_dag to 2025-03-12T09:46:04.133826+00:00, run_after=2025-03-13T09:46:04.133826+00:00
[2025-03-13T09:46:04.151+0000] {processor.py:179} INFO - Processing /home/airflow/.local/lib/python3.7/site-packages/airflow/example_dags/example_skip_dag.py took 0.179 seconds
[2025-03-13T09:46:34.423+0000] {processor.py:157} INFO - Started process (PID=386) to work on /home/airflow/.local/lib/python3.7/site-packages/airflow/example_dags/example_skip_dag.py
[2025-03-13T09:46:34.424+0000] {processor.py:826} INFO - Processing file /home/airflow/.local/lib/python3.7/site-packages/airflow/example_dags/example_skip_dag.py for tasks to queue
[2025-03-13T09:46:34.425+0000] {logging_mixin.py:149} INFO - [2025-03-13T09:46:34.424+0000] {dagbag.py:541} INFO - Filling up the DagBag from /home/airflow/.local/lib/python3.7/site-packages/airflow/example_dags/example_skip_dag.py
[2025-03-13T09:46:34.431+0000] {processor.py:836} INFO - DAG(s) dict_keys(['example_skip_dag']) retrieved from /home/airflow/.local/lib/python3.7/site-packages/airflow/example_dags/example_skip_dag.py
[2025-03-13T09:46:34.455+0000] {logging_mixin.py:149} INFO - [2025-03-13T09:46:34.455+0000] {dag.py:2726} INFO - Sync 1 DAGs
[2025-03-13T09:46:34.480+0000] {logging_mixin.py:149} INFO - [2025-03-13T09:46:34.480+0000] {dag.py:3490} INFO - Setting next_dagrun for example_skip_dag to 2025-03-12T09:46:34.480200+00:00, run_after=2025-03-13T09:46:34.480200+00:00
[2025-03-13T09:46:34.505+0000] {processor.py:179} INFO - Processing /home/airflow/.local/lib/python3.7/site-packages/airflow/example_dags/example_skip_dag.py took 0.085 seconds
[2025-03-13T09:47:05.596+0000] {processor.py:157} INFO - Started process (PID=477) to work on /home/airflow/.local/lib/python3.7/site-packages/airflow/example_dags/example_skip_dag.py
[2025-03-13T09:47:05.597+0000] {processor.py:826} INFO - Processing file /home/airflow/.local/lib/python3.7/site-packages/airflow/example_dags/example_skip_dag.py for tasks to queue
[2025-03-13T09:47:05.597+0000] {logging_mixin.py:149} INFO - [2025-03-13T09:47:05.597+0000] {dagbag.py:541} INFO - Filling up the DagBag from /home/airflow/.local/lib/python3.7/site-packages/airflow/example_dags/example_skip_dag.py
[2025-03-13T09:47:05.603+0000] {processor.py:836} INFO - DAG(s) dict_keys(['example_skip_dag']) retrieved from /home/airflow/.local/lib/python3.7/site-packages/airflow/example_dags/example_skip_dag.py
[2025-03-13T09:47:05.626+0000] {logging_mixin.py:149} INFO - [2025-03-13T09:47:05.625+0000] {dag.py:2726} INFO - Sync 1 DAGs
[2025-03-13T09:47:05.647+0000] {logging_mixin.py:149} INFO - [2025-03-13T09:47:05.647+0000] {dag.py:3490} INFO - Setting next_dagrun for example_skip_dag to 2025-03-12T09:47:05.647248+00:00, run_after=2025-03-13T09:47:05.647248+00:00
[2025-03-13T09:47:05.665+0000] {processor.py:179} INFO - Processing /home/airflow/.local/lib/python3.7/site-packages/airflow/example_dags/example_skip_dag.py took 0.072 seconds
[2025-03-13T09:47:36.859+0000] {processor.py:157} INFO - Started process (PID=569) to work on /home/airflow/.local/lib/python3.7/site-packages/airflow/example_dags/example_skip_dag.py
[2025-03-13T09:47:36.860+0000] {processor.py:826} INFO - Processing file /home/airflow/.local/lib/python3.7/site-packages/airflow/example_dags/example_skip_dag.py for tasks to queue
[2025-03-13T09:47:36.861+0000] {logging_mixin.py:149} INFO - [2025-03-13T09:47:36.861+0000] {dagbag.py:541} INFO - Filling up the DagBag from /home/airflow/.local/lib/python3.7/site-packages/airflow/example_dags/example_skip_dag.py
[2025-03-13T09:47:36.867+0000] {processor.py:836} INFO - DAG(s) dict_keys(['example_skip_dag']) retrieved from /home/airflow/.local/lib/python3.7/site-packages/airflow/example_dags/example_skip_dag.py
[2025-03-13T09:47:36.890+0000] {logging_mixin.py:149} INFO - [2025-03-13T09:47:36.890+0000] {dag.py:2726} INFO - Sync 1 DAGs
[2025-03-13T09:47:36.910+0000] {logging_mixin.py:149} INFO - [2025-03-13T09:47:36.910+0000] {dag.py:3490} INFO - Setting next_dagrun for example_skip_dag to 2025-03-12T09:47:36.909824+00:00, run_after=2025-03-13T09:47:36.909824+00:00
[2025-03-13T09:47:36.927+0000] {processor.py:179} INFO - Processing /home/airflow/.local/lib/python3.7/site-packages/airflow/example_dags/example_skip_dag.py took 0.071 seconds
[2025-03-13T09:48:07.736+0000] {processor.py:157} INFO - Started process (PID=660) to work on /home/airflow/.local/lib/python3.7/site-packages/airflow/example_dags/example_skip_dag.py
[2025-03-13T09:48:07.737+0000] {processor.py:826} INFO - Processing file /home/airflow/.local/lib/python3.7/site-packages/airflow/example_dags/example_skip_dag.py for tasks to queue
[2025-03-13T09:48:07.738+0000] {logging_mixin.py:149} INFO - [2025-03-13T09:48:07.738+0000] {dagbag.py:541} INFO - Filling up the DagBag from /home/airflow/.local/lib/python3.7/site-packages/airflow/example_dags/example_skip_dag.py
[2025-03-13T09:48:07.744+0000] {processor.py:836} INFO - DAG(s) dict_keys(['example_skip_dag']) retrieved from /home/airflow/.local/lib/python3.7/site-packages/airflow/example_dags/example_skip_dag.py
[2025-03-13T09:48:07.766+0000] {logging_mixin.py:149} INFO - [2025-03-13T09:48:07.766+0000] {dag.py:2726} INFO - Sync 1 DAGs
[2025-03-13T09:48:07.788+0000] {logging_mixin.py:149} INFO - [2025-03-13T09:48:07.788+0000] {dag.py:3490} INFO - Setting next_dagrun for example_skip_dag to 2025-03-12T09:48:07.788226+00:00, run_after=2025-03-13T09:48:07.788226+00:00
[2025-03-13T09:48:07.806+0000] {processor.py:179} INFO - Processing /home/airflow/.local/lib/python3.7/site-packages/airflow/example_dags/example_skip_dag.py took 0.073 seconds
[2025-03-13T09:48:38.288+0000] {processor.py:157} INFO - Started process (PID=751) to work on /home/airflow/.local/lib/python3.7/site-packages/airflow/example_dags/example_skip_dag.py
[2025-03-13T09:48:38.290+0000] {processor.py:826} INFO - Processing file /home/airflow/.local/lib/python3.7/site-packages/airflow/example_dags/example_skip_dag.py for tasks to queue
[2025-03-13T09:48:38.290+0000] {logging_mixin.py:149} INFO - [2025-03-13T09:48:38.290+0000] {dagbag.py:541} INFO - Filling up the DagBag from /home/airflow/.local/lib/python3.7/site-packages/airflow/example_dags/example_skip_dag.py
[2025-03-13T09:48:38.297+0000] {processor.py:836} INFO - DAG(s) dict_keys(['example_skip_dag']) retrieved from /home/airflow/.local/lib/python3.7/site-packages/airflow/example_dags/example_skip_dag.py
[2025-03-13T09:48:38.321+0000] {logging_mixin.py:149} INFO - [2025-03-13T09:48:38.321+0000] {dag.py:2726} INFO - Sync 1 DAGs
[2025-03-13T09:48:38.345+0000] {logging_mixin.py:149} INFO - [2025-03-13T09:48:38.345+0000] {dag.py:3490} INFO - Setting next_dagrun for example_skip_dag to 2025-03-12T09:48:38.345524+00:00, run_after=2025-03-13T09:48:38.345524+00:00
[2025-03-13T09:48:38.364+0000] {processor.py:179} INFO - Processing /home/airflow/.local/lib/python3.7/site-packages/airflow/example_dags/example_skip_dag.py took 0.080 seconds
[2025-03-13T09:49:09.468+0000] {processor.py:157} INFO - Started process (PID=842) to work on /home/airflow/.local/lib/python3.7/site-packages/airflow/example_dags/example_skip_dag.py
[2025-03-13T09:49:09.469+0000] {processor.py:826} INFO - Processing file /home/airflow/.local/lib/python3.7/site-packages/airflow/example_dags/example_skip_dag.py for tasks to queue
[2025-03-13T09:49:09.470+0000] {logging_mixin.py:149} INFO - [2025-03-13T09:49:09.469+0000] {dagbag.py:541} INFO - Filling up the DagBag from /home/airflow/.local/lib/python3.7/site-packages/airflow/example_dags/example_skip_dag.py
[2025-03-13T09:49:09.477+0000] {processor.py:836} INFO - DAG(s) dict_keys(['example_skip_dag']) retrieved from /home/airflow/.local/lib/python3.7/site-packages/airflow/example_dags/example_skip_dag.py
[2025-03-13T09:49:09.499+0000] {logging_mixin.py:149} INFO - [2025-03-13T09:49:09.499+0000] {dag.py:2726} INFO - Sync 1 DAGs
[2025-03-13T09:49:09.521+0000] {logging_mixin.py:149} INFO - [2025-03-13T09:49:09.521+0000] {dag.py:3490} INFO - Setting next_dagrun for example_skip_dag to 2025-03-12T09:49:09.521223+00:00, run_after=2025-03-13T09:49:09.521223+00:00
[2025-03-13T09:49:09.540+0000] {processor.py:179} INFO - Processing /home/airflow/.local/lib/python3.7/site-packages/airflow/example_dags/example_skip_dag.py took 0.075 seconds
[2025-03-13T09:49:40.618+0000] {processor.py:157} INFO - Started process (PID=933) to work on /home/airflow/.local/lib/python3.7/site-packages/airflow/example_dags/example_skip_dag.py
[2025-03-13T09:49:40.619+0000] {processor.py:826} INFO - Processing file /home/airflow/.local/lib/python3.7/site-packages/airflow/example_dags/example_skip_dag.py for tasks to queue
[2025-03-13T09:49:40.620+0000] {logging_mixin.py:149} INFO - [2025-03-13T09:49:40.620+0000] {dagbag.py:541} INFO - Filling up the DagBag from /home/airflow/.local/lib/python3.7/site-packages/airflow/example_dags/example_skip_dag.py
[2025-03-13T09:49:40.626+0000] {processor.py:836} INFO - DAG(s) dict_keys(['example_skip_dag']) retrieved from /home/airflow/.local/lib/python3.7/site-packages/airflow/example_dags/example_skip_dag.py
[2025-03-13T09:49:40.648+0000] {logging_mixin.py:149} INFO - [2025-03-13T09:49:40.648+0000] {dag.py:2726} INFO - Sync 1 DAGs
[2025-03-13T09:49:40.671+0000] {logging_mixin.py:149} INFO - [2025-03-13T09:49:40.671+0000] {dag.py:3490} INFO - Setting next_dagrun for example_skip_dag to 2025-03-12T09:49:40.670829+00:00, run_after=2025-03-13T09:49:40.670829+00:00
[2025-03-13T09:49:40.688+0000] {processor.py:179} INFO - Processing /home/airflow/.local/lib/python3.7/site-packages/airflow/example_dags/example_skip_dag.py took 0.073 seconds
[2025-03-13T09:50:11.870+0000] {processor.py:157} INFO - Started process (PID=1024) to work on /home/airflow/.local/lib/python3.7/site-packages/airflow/example_dags/example_skip_dag.py
[2025-03-13T09:50:11.871+0000] {processor.py:826} INFO - Processing file /home/airflow/.local/lib/python3.7/site-packages/airflow/example_dags/example_skip_dag.py for tasks to queue
[2025-03-13T09:50:11.872+0000] {logging_mixin.py:149} INFO - [2025-03-13T09:50:11.872+0000] {dagbag.py:541} INFO - Filling up the DagBag from /home/airflow/.local/lib/python3.7/site-packages/airflow/example_dags/example_skip_dag.py
[2025-03-13T09:50:11.878+0000] {processor.py:836} INFO - DAG(s) dict_keys(['example_skip_dag']) retrieved from /home/airflow/.local/lib/python3.7/site-packages/airflow/example_dags/example_skip_dag.py
[2025-03-13T09:50:11.902+0000] {logging_mixin.py:149} INFO - [2025-03-13T09:50:11.902+0000] {dag.py:2726} INFO - Sync 1 DAGs
[2025-03-13T09:50:11.926+0000] {logging_mixin.py:149} INFO - [2025-03-13T09:50:11.926+0000] {dag.py:3490} INFO - Setting next_dagrun for example_skip_dag to 2025-03-12T09:50:11.926396+00:00, run_after=2025-03-13T09:50:11.926396+00:00
[2025-03-13T09:50:11.946+0000] {processor.py:179} INFO - Processing /home/airflow/.local/lib/python3.7/site-packages/airflow/example_dags/example_skip_dag.py took 0.080 seconds
[2025-03-13T09:50:42.963+0000] {processor.py:157} INFO - Started process (PID=1115) to work on /home/airflow/.local/lib/python3.7/site-packages/airflow/example_dags/example_skip_dag.py
[2025-03-13T09:50:42.964+0000] {processor.py:826} INFO - Processing file /home/airflow/.local/lib/python3.7/site-packages/airflow/example_dags/example_skip_dag.py for tasks to queue
[2025-03-13T09:50:42.965+0000] {logging_mixin.py:149} INFO - [2025-03-13T09:50:42.964+0000] {dagbag.py:541} INFO - Filling up the DagBag from /home/airflow/.local/lib/python3.7/site-packages/airflow/example_dags/example_skip_dag.py
[2025-03-13T09:50:42.970+0000] {processor.py:836} INFO - DAG(s) dict_keys(['example_skip_dag']) retrieved from /home/airflow/.local/lib/python3.7/site-packages/airflow/example_dags/example_skip_dag.py
[2025-03-13T09:50:42.992+0000] {logging_mixin.py:149} INFO - [2025-03-13T09:50:42.992+0000] {dag.py:2726} INFO - Sync 1 DAGs
[2025-03-13T09:50:43.013+0000] {logging_mixin.py:149} INFO - [2025-03-13T09:50:43.013+0000] {dag.py:3490} INFO - Setting next_dagrun for example_skip_dag to 2025-03-12T09:50:43.013575+00:00, run_after=2025-03-13T09:50:43.013575+00:00
[2025-03-13T09:50:43.031+0000] {processor.py:179} INFO - Processing /home/airflow/.local/lib/python3.7/site-packages/airflow/example_dags/example_skip_dag.py took 0.070 seconds
[2025-03-13T09:51:14.481+0000] {processor.py:157} INFO - Started process (PID=1206) to work on /home/airflow/.local/lib/python3.7/site-packages/airflow/example_dags/example_skip_dag.py
[2025-03-13T09:51:14.482+0000] {processor.py:826} INFO - Processing file /home/airflow/.local/lib/python3.7/site-packages/airflow/example_dags/example_skip_dag.py for tasks to queue
[2025-03-13T09:51:14.482+0000] {logging_mixin.py:149} INFO - [2025-03-13T09:51:14.482+0000] {dagbag.py:541} INFO - Filling up the DagBag from /home/airflow/.local/lib/python3.7/site-packages/airflow/example_dags/example_skip_dag.py
[2025-03-13T09:51:14.488+0000] {processor.py:836} INFO - DAG(s) dict_keys(['example_skip_dag']) retrieved from /home/airflow/.local/lib/python3.7/site-packages/airflow/example_dags/example_skip_dag.py
[2025-03-13T09:51:14.512+0000] {logging_mixin.py:149} INFO - [2025-03-13T09:51:14.512+0000] {dag.py:2726} INFO - Sync 1 DAGs
[2025-03-13T09:51:14.535+0000] {logging_mixin.py:149} INFO - [2025-03-13T09:51:14.535+0000] {dag.py:3490} INFO - Setting next_dagrun for example_skip_dag to 2025-03-12T09:51:14.535342+00:00, run_after=2025-03-13T09:51:14.535342+00:00
[2025-03-13T09:51:14.554+0000] {processor.py:179} INFO - Processing /home/airflow/.local/lib/python3.7/site-packages/airflow/example_dags/example_skip_dag.py took 0.076 seconds
[2025-03-13T09:51:45.659+0000] {processor.py:157} INFO - Started process (PID=1297) to work on /home/airflow/.local/lib/python3.7/site-packages/airflow/example_dags/example_skip_dag.py
[2025-03-13T09:51:45.660+0000] {processor.py:826} INFO - Processing file /home/airflow/.local/lib/python3.7/site-packages/airflow/example_dags/example_skip_dag.py for tasks to queue
[2025-03-13T09:51:45.661+0000] {logging_mixin.py:149} INFO - [2025-03-13T09:51:45.661+0000] {dagbag.py:541} INFO - Filling up the DagBag from /home/airflow/.local/lib/python3.7/site-packages/airflow/example_dags/example_skip_dag.py
[2025-03-13T09:51:45.670+0000] {processor.py:836} INFO - DAG(s) dict_keys(['example_skip_dag']) retrieved from /home/airflow/.local/lib/python3.7/site-packages/airflow/example_dags/example_skip_dag.py
[2025-03-13T09:51:45.697+0000] {logging_mixin.py:149} INFO - [2025-03-13T09:51:45.696+0000] {dag.py:2726} INFO - Sync 1 DAGs
[2025-03-13T09:51:45.721+0000] {logging_mixin.py:149} INFO - [2025-03-13T09:51:45.721+0000] {dag.py:3490} INFO - Setting next_dagrun for example_skip_dag to 2025-03-12T09:51:45.721145+00:00, run_after=2025-03-13T09:51:45.721145+00:00
[2025-03-13T09:51:45.740+0000] {processor.py:179} INFO - Processing /home/airflow/.local/lib/python3.7/site-packages/airflow/example_dags/example_skip_dag.py took 0.085 seconds
[2025-03-13T09:52:17.106+0000] {processor.py:157} INFO - Started process (PID=1388) to work on /home/airflow/.local/lib/python3.7/site-packages/airflow/example_dags/example_skip_dag.py
[2025-03-13T09:52:17.107+0000] {processor.py:826} INFO - Processing file /home/airflow/.local/lib/python3.7/site-packages/airflow/example_dags/example_skip_dag.py for tasks to queue
[2025-03-13T09:52:17.108+0000] {logging_mixin.py:149} INFO - [2025-03-13T09:52:17.108+0000] {dagbag.py:541} INFO - Filling up the DagBag from /home/airflow/.local/lib/python3.7/site-packages/airflow/example_dags/example_skip_dag.py
[2025-03-13T09:52:17.114+0000] {processor.py:836} INFO - DAG(s) dict_keys(['example_skip_dag']) retrieved from /home/airflow/.local/lib/python3.7/site-packages/airflow/example_dags/example_skip_dag.py
[2025-03-13T09:52:17.137+0000] {logging_mixin.py:149} INFO - [2025-03-13T09:52:17.137+0000] {dag.py:2726} INFO - Sync 1 DAGs
[2025-03-13T09:52:17.157+0000] {logging_mixin.py:149} INFO - [2025-03-13T09:52:17.157+0000] {dag.py:3490} INFO - Setting next_dagrun for example_skip_dag to 2025-03-12T09:52:17.157615+00:00, run_after=2025-03-13T09:52:17.157615+00:00
[2025-03-13T09:52:17.177+0000] {processor.py:179} INFO - Processing /home/airflow/.local/lib/python3.7/site-packages/airflow/example_dags/example_skip_dag.py took 0.073 seconds
[2025-03-13T09:52:48.299+0000] {processor.py:157} INFO - Started process (PID=1479) to work on /home/airflow/.local/lib/python3.7/site-packages/airflow/example_dags/example_skip_dag.py
[2025-03-13T09:52:48.300+0000] {processor.py:826} INFO - Processing file /home/airflow/.local/lib/python3.7/site-packages/airflow/example_dags/example_skip_dag.py for tasks to queue
[2025-03-13T09:52:48.300+0000] {logging_mixin.py:149} INFO - [2025-03-13T09:52:48.300+0000] {dagbag.py:541} INFO - Filling up the DagBag from /home/airflow/.local/lib/python3.7/site-packages/airflow/example_dags/example_skip_dag.py
[2025-03-13T09:52:48.307+0000] {processor.py:836} INFO - DAG(s) dict_keys(['example_skip_dag']) retrieved from /home/airflow/.local/lib/python3.7/site-packages/airflow/example_dags/example_skip_dag.py
[2025-03-13T09:52:48.329+0000] {logging_mixin.py:149} INFO - [2025-03-13T09:52:48.329+0000] {dag.py:2726} INFO - Sync 1 DAGs
[2025-03-13T09:52:48.354+0000] {logging_mixin.py:149} INFO - [2025-03-13T09:52:48.353+0000] {dag.py:3490} INFO - Setting next_dagrun for example_skip_dag to 2025-03-12T09:52:48.353696+00:00, run_after=2025-03-13T09:52:48.353696+00:00
[2025-03-13T09:52:48.374+0000] {processor.py:179} INFO - Processing /home/airflow/.local/lib/python3.7/site-packages/airflow/example_dags/example_skip_dag.py took 0.078 seconds
[2025-03-13T09:53:18.839+0000] {processor.py:157} INFO - Started process (PID=1570) to work on /home/airflow/.local/lib/python3.7/site-packages/airflow/example_dags/example_skip_dag.py
[2025-03-13T09:53:18.840+0000] {processor.py:826} INFO - Processing file /home/airflow/.local/lib/python3.7/site-packages/airflow/example_dags/example_skip_dag.py for tasks to queue
[2025-03-13T09:53:18.841+0000] {logging_mixin.py:149} INFO - [2025-03-13T09:53:18.841+0000] {dagbag.py:541} INFO - Filling up the DagBag from /home/airflow/.local/lib/python3.7/site-packages/airflow/example_dags/example_skip_dag.py
[2025-03-13T09:53:18.847+0000] {processor.py:836} INFO - DAG(s) dict_keys(['example_skip_dag']) retrieved from /home/airflow/.local/lib/python3.7/site-packages/airflow/example_dags/example_skip_dag.py
[2025-03-13T09:53:18.872+0000] {logging_mixin.py:149} INFO - [2025-03-13T09:53:18.872+0000] {dag.py:2726} INFO - Sync 1 DAGs
[2025-03-13T09:53:18.894+0000] {logging_mixin.py:149} INFO - [2025-03-13T09:53:18.894+0000] {dag.py:3490} INFO - Setting next_dagrun for example_skip_dag to 2025-03-12T09:53:18.894585+00:00, run_after=2025-03-13T09:53:18.894585+00:00
[2025-03-13T09:53:18.912+0000] {processor.py:179} INFO - Processing /home/airflow/.local/lib/python3.7/site-packages/airflow/example_dags/example_skip_dag.py took 0.076 seconds
[2025-03-13T09:53:50.218+0000] {processor.py:157} INFO - Started process (PID=1661) to work on /home/airflow/.local/lib/python3.7/site-packages/airflow/example_dags/example_skip_dag.py
[2025-03-13T09:53:50.219+0000] {processor.py:826} INFO - Processing file /home/airflow/.local/lib/python3.7/site-packages/airflow/example_dags/example_skip_dag.py for tasks to queue
[2025-03-13T09:53:50.220+0000] {logging_mixin.py:149} INFO - [2025-03-13T09:53:50.220+0000] {dagbag.py:541} INFO - Filling up the DagBag from /home/airflow/.local/lib/python3.7/site-packages/airflow/example_dags/example_skip_dag.py
[2025-03-13T09:53:50.227+0000] {processor.py:836} INFO - DAG(s) dict_keys(['example_skip_dag']) retrieved from /home/airflow/.local/lib/python3.7/site-packages/airflow/example_dags/example_skip_dag.py
[2025-03-13T09:53:50.252+0000] {logging_mixin.py:149} INFO - [2025-03-13T09:53:50.252+0000] {dag.py:2726} INFO - Sync 1 DAGs
[2025-03-13T09:53:50.277+0000] {logging_mixin.py:149} INFO - [2025-03-13T09:53:50.277+0000] {dag.py:3490} INFO - Setting next_dagrun for example_skip_dag to 2025-03-12T09:53:50.277241+00:00, run_after=2025-03-13T09:53:50.277241+00:00
[2025-03-13T09:53:50.295+0000] {processor.py:179} INFO - Processing /home/airflow/.local/lib/python3.7/site-packages/airflow/example_dags/example_skip_dag.py took 0.080 seconds
[2025-03-13T09:54:21.430+0000] {processor.py:157} INFO - Started process (PID=1752) to work on /home/airflow/.local/lib/python3.7/site-packages/airflow/example_dags/example_skip_dag.py
[2025-03-13T09:54:21.431+0000] {processor.py:826} INFO - Processing file /home/airflow/.local/lib/python3.7/site-packages/airflow/example_dags/example_skip_dag.py for tasks to queue
[2025-03-13T09:54:21.432+0000] {logging_mixin.py:149} INFO - [2025-03-13T09:54:21.432+0000] {dagbag.py:541} INFO - Filling up the DagBag from /home/airflow/.local/lib/python3.7/site-packages/airflow/example_dags/example_skip_dag.py
[2025-03-13T09:54:21.438+0000] {processor.py:836} INFO - DAG(s) dict_keys(['example_skip_dag']) retrieved from /home/airflow/.local/lib/python3.7/site-packages/airflow/example_dags/example_skip_dag.py
[2025-03-13T09:54:21.464+0000] {logging_mixin.py:149} INFO - [2025-03-13T09:54:21.464+0000] {dag.py:2726} INFO - Sync 1 DAGs
[2025-03-13T09:54:21.489+0000] {logging_mixin.py:149} INFO - [2025-03-13T09:54:21.489+0000] {dag.py:3490} INFO - Setting next_dagrun for example_skip_dag to 2025-03-12T09:54:21.489141+00:00, run_after=2025-03-13T09:54:21.489141+00:00
[2025-03-13T09:54:21.507+0000] {processor.py:179} INFO - Processing /home/airflow/.local/lib/python3.7/site-packages/airflow/example_dags/example_skip_dag.py took 0.080 seconds
[2025-03-13T09:54:52.787+0000] {processor.py:157} INFO - Started process (PID=1843) to work on /home/airflow/.local/lib/python3.7/site-packages/airflow/example_dags/example_skip_dag.py
[2025-03-13T09:54:52.788+0000] {processor.py:826} INFO - Processing file /home/airflow/.local/lib/python3.7/site-packages/airflow/example_dags/example_skip_dag.py for tasks to queue
[2025-03-13T09:54:52.789+0000] {logging_mixin.py:149} INFO - [2025-03-13T09:54:52.789+0000] {dagbag.py:541} INFO - Filling up the DagBag from /home/airflow/.local/lib/python3.7/site-packages/airflow/example_dags/example_skip_dag.py
[2025-03-13T09:54:52.795+0000] {processor.py:836} INFO - DAG(s) dict_keys(['example_skip_dag']) retrieved from /home/airflow/.local/lib/python3.7/site-packages/airflow/example_dags/example_skip_dag.py
[2025-03-13T09:54:52.820+0000] {logging_mixin.py:149} INFO - [2025-03-13T09:54:52.820+0000] {dag.py:2726} INFO - Sync 1 DAGs
[2025-03-13T09:54:52.842+0000] {logging_mixin.py:149} INFO - [2025-03-13T09:54:52.842+0000] {dag.py:3490} INFO - Setting next_dagrun for example_skip_dag to 2025-03-12T09:54:52.841900+00:00, run_after=2025-03-13T09:54:52.841900+00:00
[2025-03-13T09:54:52.860+0000] {processor.py:179} INFO - Processing /home/airflow/.local/lib/python3.7/site-packages/airflow/example_dags/example_skip_dag.py took 0.076 seconds
[2025-03-13T09:55:24.039+0000] {processor.py:157} INFO - Started process (PID=1934) to work on /home/airflow/.local/lib/python3.7/site-packages/airflow/example_dags/example_skip_dag.py
[2025-03-13T09:55:24.040+0000] {processor.py:826} INFO - Processing file /home/airflow/.local/lib/python3.7/site-packages/airflow/example_dags/example_skip_dag.py for tasks to queue
[2025-03-13T09:55:24.041+0000] {logging_mixin.py:149} INFO - [2025-03-13T09:55:24.041+0000] {dagbag.py:541} INFO - Filling up the DagBag from /home/airflow/.local/lib/python3.7/site-packages/airflow/example_dags/example_skip_dag.py
[2025-03-13T09:55:24.048+0000] {processor.py:836} INFO - DAG(s) dict_keys(['example_skip_dag']) retrieved from /home/airflow/.local/lib/python3.7/site-packages/airflow/example_dags/example_skip_dag.py
[2025-03-13T09:55:24.073+0000] {logging_mixin.py:149} INFO - [2025-03-13T09:55:24.073+0000] {dag.py:2726} INFO - Sync 1 DAGs
[2025-03-13T09:55:24.098+0000] {logging_mixin.py:149} INFO - [2025-03-13T09:55:24.098+0000] {dag.py:3490} INFO - Setting next_dagrun for example_skip_dag to 2025-03-12T09:55:24.098028+00:00, run_after=2025-03-13T09:55:24.098028+00:00
[2025-03-13T09:55:24.117+0000] {processor.py:179} INFO - Processing /home/airflow/.local/lib/python3.7/site-packages/airflow/example_dags/example_skip_dag.py took 0.082 seconds
[2025-03-13T09:55:55.271+0000] {processor.py:157} INFO - Started process (PID=2025) to work on /home/airflow/.local/lib/python3.7/site-packages/airflow/example_dags/example_skip_dag.py
[2025-03-13T09:55:55.272+0000] {processor.py:826} INFO - Processing file /home/airflow/.local/lib/python3.7/site-packages/airflow/example_dags/example_skip_dag.py for tasks to queue
[2025-03-13T09:55:55.273+0000] {logging_mixin.py:149} INFO - [2025-03-13T09:55:55.273+0000] {dagbag.py:541} INFO - Filling up the DagBag from /home/airflow/.local/lib/python3.7/site-packages/airflow/example_dags/example_skip_dag.py
[2025-03-13T09:55:55.278+0000] {processor.py:836} INFO - DAG(s) dict_keys(['example_skip_dag']) retrieved from /home/airflow/.local/lib/python3.7/site-packages/airflow/example_dags/example_skip_dag.py
[2025-03-13T09:55:55.301+0000] {logging_mixin.py:149} INFO - [2025-03-13T09:55:55.301+0000] {dag.py:2726} INFO - Sync 1 DAGs
[2025-03-13T09:55:55.322+0000] {logging_mixin.py:149} INFO - [2025-03-13T09:55:55.321+0000] {dag.py:3490} INFO - Setting next_dagrun for example_skip_dag to 2025-03-12T09:55:55.321685+00:00, run_after=2025-03-13T09:55:55.321685+00:00
[2025-03-13T09:55:55.339+0000] {processor.py:179} INFO - Processing /home/airflow/.local/lib/python3.7/site-packages/airflow/example_dags/example_skip_dag.py took 0.071 seconds
[2025-03-13T09:56:25.756+0000] {processor.py:157} INFO - Started process (PID=2116) to work on /home/airflow/.local/lib/python3.7/site-packages/airflow/example_dags/example_skip_dag.py
[2025-03-13T09:56:25.757+0000] {processor.py:826} INFO - Processing file /home/airflow/.local/lib/python3.7/site-packages/airflow/example_dags/example_skip_dag.py for tasks to queue
[2025-03-13T09:56:25.758+0000] {logging_mixin.py:149} INFO - [2025-03-13T09:56:25.757+0000] {dagbag.py:541} INFO - Filling up the DagBag from /home/airflow/.local/lib/python3.7/site-packages/airflow/example_dags/example_skip_dag.py
[2025-03-13T09:56:25.764+0000] {processor.py:836} INFO - DAG(s) dict_keys(['example_skip_dag']) retrieved from /home/airflow/.local/lib/python3.7/site-packages/airflow/example_dags/example_skip_dag.py
[2025-03-13T09:56:25.787+0000] {logging_mixin.py:149} INFO - [2025-03-13T09:56:25.786+0000] {dag.py:2726} INFO - Sync 1 DAGs
[2025-03-13T09:56:25.808+0000] {logging_mixin.py:149} INFO - [2025-03-13T09:56:25.808+0000] {dag.py:3490} INFO - Setting next_dagrun for example_skip_dag to 2025-03-12T09:56:25.808344+00:00, run_after=2025-03-13T09:56:25.808344+00:00
[2025-03-13T09:56:25.826+0000] {processor.py:179} INFO - Processing /home/airflow/.local/lib/python3.7/site-packages/airflow/example_dags/example_skip_dag.py took 0.073 seconds
[2025-03-13T09:56:56.414+0000] {processor.py:157} INFO - Started process (PID=2207) to work on /home/airflow/.local/lib/python3.7/site-packages/airflow/example_dags/example_skip_dag.py
[2025-03-13T09:56:56.415+0000] {processor.py:826} INFO - Processing file /home/airflow/.local/lib/python3.7/site-packages/airflow/example_dags/example_skip_dag.py for tasks to queue
[2025-03-13T09:56:56.416+0000] {logging_mixin.py:149} INFO - [2025-03-13T09:56:56.415+0000] {dagbag.py:541} INFO - Filling up the DagBag from /home/airflow/.local/lib/python3.7/site-packages/airflow/example_dags/example_skip_dag.py
[2025-03-13T09:56:56.422+0000] {processor.py:836} INFO - DAG(s) dict_keys(['example_skip_dag']) retrieved from /home/airflow/.local/lib/python3.7/site-packages/airflow/example_dags/example_skip_dag.py
[2025-03-13T09:56:56.446+0000] {logging_mixin.py:149} INFO - [2025-03-13T09:56:56.446+0000] {dag.py:2726} INFO - Sync 1 DAGs
[2025-03-13T09:56:56.472+0000] {logging_mixin.py:149} INFO - [2025-03-13T09:56:56.472+0000] {dag.py:3490} INFO - Setting next_dagrun for example_skip_dag to 2025-03-12T09:56:56.471842+00:00, run_after=2025-03-13T09:56:56.471842+00:00
[2025-03-13T09:56:56.491+0000] {processor.py:179} INFO - Processing /home/airflow/.local/lib/python3.7/site-packages/airflow/example_dags/example_skip_dag.py took 0.080 seconds
[2025-03-13T09:57:26.781+0000] {processor.py:157} INFO - Started process (PID=2298) to work on /home/airflow/.local/lib/python3.7/site-packages/airflow/example_dags/example_skip_dag.py
[2025-03-13T09:57:26.782+0000] {processor.py:826} INFO - Processing file /home/airflow/.local/lib/python3.7/site-packages/airflow/example_dags/example_skip_dag.py for tasks to queue
[2025-03-13T09:57:26.782+0000] {logging_mixin.py:149} INFO - [2025-03-13T09:57:26.782+0000] {dagbag.py:541} INFO - Filling up the DagBag from /home/airflow/.local/lib/python3.7/site-packages/airflow/example_dags/example_skip_dag.py
[2025-03-13T09:57:26.789+0000] {processor.py:836} INFO - DAG(s) dict_keys(['example_skip_dag']) retrieved from /home/airflow/.local/lib/python3.7/site-packages/airflow/example_dags/example_skip_dag.py
[2025-03-13T09:57:26.813+0000] {logging_mixin.py:149} INFO - [2025-03-13T09:57:26.813+0000] {dag.py:2726} INFO - Sync 1 DAGs
[2025-03-13T09:57:26.839+0000] {logging_mixin.py:149} INFO - [2025-03-13T09:57:26.839+0000] {dag.py:3490} INFO - Setting next_dagrun for example_skip_dag to 2025-03-12T09:57:26.838943+00:00, run_after=2025-03-13T09:57:26.838943+00:00
[2025-03-13T09:57:26.858+0000] {processor.py:179} INFO - Processing /home/airflow/.local/lib/python3.7/site-packages/airflow/example_dags/example_skip_dag.py took 0.081 seconds
[2025-03-13T09:57:57.267+0000] {processor.py:157} INFO - Started process (PID=2389) to work on /home/airflow/.local/lib/python3.7/site-packages/airflow/example_dags/example_skip_dag.py
[2025-03-13T09:57:57.268+0000] {processor.py:826} INFO - Processing file /home/airflow/.local/lib/python3.7/site-packages/airflow/example_dags/example_skip_dag.py for tasks to queue
[2025-03-13T09:57:57.268+0000] {logging_mixin.py:149} INFO - [2025-03-13T09:57:57.268+0000] {dagbag.py:541} INFO - Filling up the DagBag from /home/airflow/.local/lib/python3.7/site-packages/airflow/example_dags/example_skip_dag.py
[2025-03-13T09:57:57.275+0000] {processor.py:836} INFO - DAG(s) dict_keys(['example_skip_dag']) retrieved from /home/airflow/.local/lib/python3.7/site-packages/airflow/example_dags/example_skip_dag.py
[2025-03-13T09:57:57.298+0000] {logging_mixin.py:149} INFO - [2025-03-13T09:57:57.298+0000] {dag.py:2726} INFO - Sync 1 DAGs
[2025-03-13T09:57:57.321+0000] {logging_mixin.py:149} INFO - [2025-03-13T09:57:57.321+0000] {dag.py:3490} INFO - Setting next_dagrun for example_skip_dag to 2025-03-12T09:57:57.321146+00:00, run_after=2025-03-13T09:57:57.321146+00:00
[2025-03-13T09:57:57.339+0000] {processor.py:179} INFO - Processing /home/airflow/.local/lib/python3.7/site-packages/airflow/example_dags/example_skip_dag.py took 0.076 seconds
[2025-03-13T09:58:28.269+0000] {processor.py:157} INFO - Started process (PID=2480) to work on /home/airflow/.local/lib/python3.7/site-packages/airflow/example_dags/example_skip_dag.py
[2025-03-13T09:58:28.270+0000] {processor.py:826} INFO - Processing file /home/airflow/.local/lib/python3.7/site-packages/airflow/example_dags/example_skip_dag.py for tasks to queue
[2025-03-13T09:58:28.271+0000] {logging_mixin.py:149} INFO - [2025-03-13T09:58:28.271+0000] {dagbag.py:541} INFO - Filling up the DagBag from /home/airflow/.local/lib/python3.7/site-packages/airflow/example_dags/example_skip_dag.py
[2025-03-13T09:58:28.278+0000] {processor.py:836} INFO - DAG(s) dict_keys(['example_skip_dag']) retrieved from /home/airflow/.local/lib/python3.7/site-packages/airflow/example_dags/example_skip_dag.py
[2025-03-13T09:58:28.302+0000] {logging_mixin.py:149} INFO - [2025-03-13T09:58:28.302+0000] {dag.py:2726} INFO - Sync 1 DAGs
[2025-03-13T09:58:28.326+0000] {logging_mixin.py:149} INFO - [2025-03-13T09:58:28.325+0000] {dag.py:3490} INFO - Setting next_dagrun for example_skip_dag to 2025-03-12T09:58:28.325642+00:00, run_after=2025-03-13T09:58:28.325642+00:00
[2025-03-13T09:58:28.346+0000] {processor.py:179} INFO - Processing /home/airflow/.local/lib/python3.7/site-packages/airflow/example_dags/example_skip_dag.py took 0.080 seconds
[2025-03-13T09:58:59.669+0000] {processor.py:157} INFO - Started process (PID=2571) to work on /home/airflow/.local/lib/python3.7/site-packages/airflow/example_dags/example_skip_dag.py
[2025-03-13T09:58:59.670+0000] {processor.py:826} INFO - Processing file /home/airflow/.local/lib/python3.7/site-packages/airflow/example_dags/example_skip_dag.py for tasks to queue
[2025-03-13T09:58:59.671+0000] {logging_mixin.py:149} INFO - [2025-03-13T09:58:59.671+0000] {dagbag.py:541} INFO - Filling up the DagBag from /home/airflow/.local/lib/python3.7/site-packages/airflow/example_dags/example_skip_dag.py
[2025-03-13T09:58:59.678+0000] {processor.py:836} INFO - DAG(s) dict_keys(['example_skip_dag']) retrieved from /home/airflow/.local/lib/python3.7/site-packages/airflow/example_dags/example_skip_dag.py
[2025-03-13T09:58:59.705+0000] {logging_mixin.py:149} INFO - [2025-03-13T09:58:59.705+0000] {dag.py:2726} INFO - Sync 1 DAGs
[2025-03-13T09:58:59.734+0000] {logging_mixin.py:149} INFO - [2025-03-13T09:58:59.733+0000] {dag.py:3490} INFO - Setting next_dagrun for example_skip_dag to 2025-03-12T09:58:59.733515+00:00, run_after=2025-03-13T09:58:59.733515+00:00
[2025-03-13T09:58:59.757+0000] {processor.py:179} INFO - Processing /home/airflow/.local/lib/python3.7/site-packages/airflow/example_dags/example_skip_dag.py took 0.091 seconds
[2025-03-13T09:59:30.285+0000] {processor.py:157} INFO - Started process (PID=2662) to work on /home/airflow/.local/lib/python3.7/site-packages/airflow/example_dags/example_skip_dag.py
[2025-03-13T09:59:30.286+0000] {processor.py:826} INFO - Processing file /home/airflow/.local/lib/python3.7/site-packages/airflow/example_dags/example_skip_dag.py for tasks to queue
[2025-03-13T09:59:30.287+0000] {logging_mixin.py:149} INFO - [2025-03-13T09:59:30.286+0000] {dagbag.py:541} INFO - Filling up the DagBag from /home/airflow/.local/lib/python3.7/site-packages/airflow/example_dags/example_skip_dag.py
[2025-03-13T09:59:30.295+0000] {processor.py:836} INFO - DAG(s) dict_keys(['example_skip_dag']) retrieved from /home/airflow/.local/lib/python3.7/site-packages/airflow/example_dags/example_skip_dag.py
[2025-03-13T09:59:30.323+0000] {logging_mixin.py:149} INFO - [2025-03-13T09:59:30.323+0000] {dag.py:2726} INFO - Sync 1 DAGs
[2025-03-13T09:59:30.349+0000] {logging_mixin.py:149} INFO - [2025-03-13T09:59:30.348+0000] {dag.py:3490} INFO - Setting next_dagrun for example_skip_dag to 2025-03-12T09:59:30.348716+00:00, run_after=2025-03-13T09:59:30.348716+00:00
[2025-03-13T09:59:30.369+0000] {processor.py:179} INFO - Processing /home/airflow/.local/lib/python3.7/site-packages/airflow/example_dags/example_skip_dag.py took 0.087 seconds
[2025-03-13T10:00:00.789+0000] {processor.py:157} INFO - Started process (PID=2753) to work on /home/airflow/.local/lib/python3.7/site-packages/airflow/example_dags/example_skip_dag.py
[2025-03-13T10:00:00.790+0000] {processor.py:826} INFO - Processing file /home/airflow/.local/lib/python3.7/site-packages/airflow/example_dags/example_skip_dag.py for tasks to queue
[2025-03-13T10:00:00.791+0000] {logging_mixin.py:149} INFO - [2025-03-13T10:00:00.790+0000] {dagbag.py:541} INFO - Filling up the DagBag from /home/airflow/.local/lib/python3.7/site-packages/airflow/example_dags/example_skip_dag.py
[2025-03-13T10:00:00.797+0000] {processor.py:836} INFO - DAG(s) dict_keys(['example_skip_dag']) retrieved from /home/airflow/.local/lib/python3.7/site-packages/airflow/example_dags/example_skip_dag.py
[2025-03-13T10:00:00.820+0000] {logging_mixin.py:149} INFO - [2025-03-13T10:00:00.820+0000] {dag.py:2726} INFO - Sync 1 DAGs
[2025-03-13T10:00:00.842+0000] {logging_mixin.py:149} INFO - [2025-03-13T10:00:00.842+0000] {dag.py:3490} INFO - Setting next_dagrun for example_skip_dag to 2025-03-12T10:00:00.842276+00:00, run_after=2025-03-13T10:00:00.842276+00:00
[2025-03-13T10:00:00.862+0000] {processor.py:179} INFO - Processing /home/airflow/.local/lib/python3.7/site-packages/airflow/example_dags/example_skip_dag.py took 0.076 seconds
[2025-03-13T10:00:31.094+0000] {processor.py:157} INFO - Started process (PID=2844) to work on /home/airflow/.local/lib/python3.7/site-packages/airflow/example_dags/example_skip_dag.py
[2025-03-13T10:00:31.095+0000] {processor.py:826} INFO - Processing file /home/airflow/.local/lib/python3.7/site-packages/airflow/example_dags/example_skip_dag.py for tasks to queue
[2025-03-13T10:00:31.096+0000] {logging_mixin.py:149} INFO - [2025-03-13T10:00:31.096+0000] {dagbag.py:541} INFO - Filling up the DagBag from /home/airflow/.local/lib/python3.7/site-packages/airflow/example_dags/example_skip_dag.py
[2025-03-13T10:00:31.103+0000] {processor.py:836} INFO - DAG(s) dict_keys(['example_skip_dag']) retrieved from /home/airflow/.local/lib/python3.7/site-packages/airflow/example_dags/example_skip_dag.py
[2025-03-13T10:00:31.128+0000] {logging_mixin.py:149} INFO - [2025-03-13T10:00:31.127+0000] {dag.py:2726} INFO - Sync 1 DAGs
[2025-03-13T10:00:31.150+0000] {logging_mixin.py:149} INFO - [2025-03-13T10:00:31.150+0000] {dag.py:3490} INFO - Setting next_dagrun for example_skip_dag to 2025-03-12T10:00:31.150428+00:00, run_after=2025-03-13T10:00:31.150428+00:00
[2025-03-13T10:00:31.169+0000] {processor.py:179} INFO - Processing /home/airflow/.local/lib/python3.7/site-packages/airflow/example_dags/example_skip_dag.py took 0.079 seconds
[2025-03-13T10:01:01.819+0000] {processor.py:157} INFO - Started process (PID=2935) to work on /home/airflow/.local/lib/python3.7/site-packages/airflow/example_dags/example_skip_dag.py
[2025-03-13T10:01:01.820+0000] {processor.py:826} INFO - Processing file /home/airflow/.local/lib/python3.7/site-packages/airflow/example_dags/example_skip_dag.py for tasks to queue
[2025-03-13T10:01:01.821+0000] {logging_mixin.py:149} INFO - [2025-03-13T10:01:01.821+0000] {dagbag.py:541} INFO - Filling up the DagBag from /home/airflow/.local/lib/python3.7/site-packages/airflow/example_dags/example_skip_dag.py
[2025-03-13T10:01:01.831+0000] {processor.py:836} INFO - DAG(s) dict_keys(['example_skip_dag']) retrieved from /home/airflow/.local/lib/python3.7/site-packages/airflow/example_dags/example_skip_dag.py
[2025-03-13T10:01:01.861+0000] {logging_mixin.py:149} INFO - [2025-03-13T10:01:01.860+0000] {dag.py:2726} INFO - Sync 1 DAGs
[2025-03-13T10:01:01.889+0000] {logging_mixin.py:149} INFO - [2025-03-13T10:01:01.889+0000] {dag.py:3490} INFO - Setting next_dagrun for example_skip_dag to 2025-03-12T10:01:01.889390+00:00, run_after=2025-03-13T10:01:01.889390+00:00
[2025-03-13T10:01:01.916+0000] {processor.py:179} INFO - Processing /home/airflow/.local/lib/python3.7/site-packages/airflow/example_dags/example_skip_dag.py took 0.100 seconds
[2025-03-13T10:01:32.308+0000] {processor.py:157} INFO - Started process (PID=3026) to work on /home/airflow/.local/lib/python3.7/site-packages/airflow/example_dags/example_skip_dag.py
[2025-03-13T10:01:32.310+0000] {processor.py:826} INFO - Processing file /home/airflow/.local/lib/python3.7/site-packages/airflow/example_dags/example_skip_dag.py for tasks to queue
[2025-03-13T10:01:32.310+0000] {logging_mixin.py:149} INFO - [2025-03-13T10:01:32.310+0000] {dagbag.py:541} INFO - Filling up the DagBag from /home/airflow/.local/lib/python3.7/site-packages/airflow/example_dags/example_skip_dag.py
[2025-03-13T10:01:32.319+0000] {processor.py:836} INFO - DAG(s) dict_keys(['example_skip_dag']) retrieved from /home/airflow/.local/lib/python3.7/site-packages/airflow/example_dags/example_skip_dag.py
[2025-03-13T10:01:32.348+0000] {logging_mixin.py:149} INFO - [2025-03-13T10:01:32.347+0000] {dag.py:2726} INFO - Sync 1 DAGs
[2025-03-13T10:01:32.376+0000] {logging_mixin.py:149} INFO - [2025-03-13T10:01:32.376+0000] {dag.py:3490} INFO - Setting next_dagrun for example_skip_dag to 2025-03-12T10:01:32.376368+00:00, run_after=2025-03-13T10:01:32.376368+00:00
[2025-03-13T10:01:32.406+0000] {processor.py:179} INFO - Processing /home/airflow/.local/lib/python3.7/site-packages/airflow/example_dags/example_skip_dag.py took 0.101 seconds
[2025-03-13T10:02:02.763+0000] {processor.py:157} INFO - Started process (PID=3117) to work on /home/airflow/.local/lib/python3.7/site-packages/airflow/example_dags/example_skip_dag.py
[2025-03-13T10:02:02.764+0000] {processor.py:826} INFO - Processing file /home/airflow/.local/lib/python3.7/site-packages/airflow/example_dags/example_skip_dag.py for tasks to queue
[2025-03-13T10:02:02.764+0000] {logging_mixin.py:149} INFO - [2025-03-13T10:02:02.764+0000] {dagbag.py:541} INFO - Filling up the DagBag from /home/airflow/.local/lib/python3.7/site-packages/airflow/example_dags/example_skip_dag.py
[2025-03-13T10:02:02.771+0000] {processor.py:836} INFO - DAG(s) dict_keys(['example_skip_dag']) retrieved from /home/airflow/.local/lib/python3.7/site-packages/airflow/example_dags/example_skip_dag.py
[2025-03-13T10:02:02.799+0000] {logging_mixin.py:149} INFO - [2025-03-13T10:02:02.799+0000] {dag.py:2726} INFO - Sync 1 DAGs
[2025-03-13T10:02:02.828+0000] {logging_mixin.py:149} INFO - [2025-03-13T10:02:02.828+0000] {dag.py:3490} INFO - Setting next_dagrun for example_skip_dag to 2025-03-12T10:02:02.827944+00:00, run_after=2025-03-13T10:02:02.827944+00:00
[2025-03-13T10:02:02.849+0000] {processor.py:179} INFO - Processing /home/airflow/.local/lib/python3.7/site-packages/airflow/example_dags/example_skip_dag.py took 0.089 seconds
[2025-03-13T10:02:34.089+0000] {processor.py:157} INFO - Started process (PID=3215) to work on /home/airflow/.local/lib/python3.7/site-packages/airflow/example_dags/example_skip_dag.py
[2025-03-13T10:02:34.090+0000] {processor.py:826} INFO - Processing file /home/airflow/.local/lib/python3.7/site-packages/airflow/example_dags/example_skip_dag.py for tasks to queue
[2025-03-13T10:02:34.091+0000] {logging_mixin.py:149} INFO - [2025-03-13T10:02:34.090+0000] {dagbag.py:541} INFO - Filling up the DagBag from /home/airflow/.local/lib/python3.7/site-packages/airflow/example_dags/example_skip_dag.py
[2025-03-13T10:02:34.097+0000] {processor.py:836} INFO - DAG(s) dict_keys(['example_skip_dag']) retrieved from /home/airflow/.local/lib/python3.7/site-packages/airflow/example_dags/example_skip_dag.py
[2025-03-13T10:02:34.119+0000] {logging_mixin.py:149} INFO - [2025-03-13T10:02:34.119+0000] {dag.py:2726} INFO - Sync 1 DAGs
[2025-03-13T10:02:34.143+0000] {logging_mixin.py:149} INFO - [2025-03-13T10:02:34.143+0000] {dag.py:3490} INFO - Setting next_dagrun for example_skip_dag to 2025-03-12T10:02:34.143180+00:00, run_after=2025-03-13T10:02:34.143180+00:00
[2025-03-13T10:02:34.161+0000] {processor.py:179} INFO - Processing /home/airflow/.local/lib/python3.7/site-packages/airflow/example_dags/example_skip_dag.py took 0.075 seconds
[2025-03-13T10:03:05.554+0000] {processor.py:157} INFO - Started process (PID=3306) to work on /home/airflow/.local/lib/python3.7/site-packages/airflow/example_dags/example_skip_dag.py
[2025-03-13T10:03:05.555+0000] {processor.py:826} INFO - Processing file /home/airflow/.local/lib/python3.7/site-packages/airflow/example_dags/example_skip_dag.py for tasks to queue
[2025-03-13T10:03:05.556+0000] {logging_mixin.py:149} INFO - [2025-03-13T10:03:05.555+0000] {dagbag.py:541} INFO - Filling up the DagBag from /home/airflow/.local/lib/python3.7/site-packages/airflow/example_dags/example_skip_dag.py
[2025-03-13T10:03:05.566+0000] {processor.py:836} INFO - DAG(s) dict_keys(['example_skip_dag']) retrieved from /home/airflow/.local/lib/python3.7/site-packages/airflow/example_dags/example_skip_dag.py
[2025-03-13T10:03:05.597+0000] {logging_mixin.py:149} INFO - [2025-03-13T10:03:05.597+0000] {dag.py:2726} INFO - Sync 1 DAGs
[2025-03-13T10:03:05.623+0000] {logging_mixin.py:149} INFO - [2025-03-13T10:03:05.623+0000] {dag.py:3490} INFO - Setting next_dagrun for example_skip_dag to 2025-03-12T10:03:05.623534+00:00, run_after=2025-03-13T10:03:05.623534+00:00
[2025-03-13T10:03:05.644+0000] {processor.py:179} INFO - Processing /home/airflow/.local/lib/python3.7/site-packages/airflow/example_dags/example_skip_dag.py took 0.094 seconds
[2025-03-13T10:03:36.288+0000] {processor.py:157} INFO - Started process (PID=3397) to work on /home/airflow/.local/lib/python3.7/site-packages/airflow/example_dags/example_skip_dag.py
[2025-03-13T10:03:36.289+0000] {processor.py:826} INFO - Processing file /home/airflow/.local/lib/python3.7/site-packages/airflow/example_dags/example_skip_dag.py for tasks to queue
[2025-03-13T10:03:36.290+0000] {logging_mixin.py:149} INFO - [2025-03-13T10:03:36.289+0000] {dagbag.py:541} INFO - Filling up the DagBag from /home/airflow/.local/lib/python3.7/site-packages/airflow/example_dags/example_skip_dag.py
[2025-03-13T10:03:36.296+0000] {processor.py:836} INFO - DAG(s) dict_keys(['example_skip_dag']) retrieved from /home/airflow/.local/lib/python3.7/site-packages/airflow/example_dags/example_skip_dag.py
[2025-03-13T10:03:36.320+0000] {logging_mixin.py:149} INFO - [2025-03-13T10:03:36.320+0000] {dag.py:2726} INFO - Sync 1 DAGs
[2025-03-13T10:03:36.342+0000] {logging_mixin.py:149} INFO - [2025-03-13T10:03:36.342+0000] {dag.py:3490} INFO - Setting next_dagrun for example_skip_dag to 2025-03-12T10:03:36.342299+00:00, run_after=2025-03-13T10:03:36.342299+00:00
[2025-03-13T10:03:36.364+0000] {processor.py:179} INFO - Processing /home/airflow/.local/lib/python3.7/site-packages/airflow/example_dags/example_skip_dag.py took 0.079 seconds
[2025-03-13T10:04:07.362+0000] {processor.py:157} INFO - Started process (PID=3488) to work on /home/airflow/.local/lib/python3.7/site-packages/airflow/example_dags/example_skip_dag.py
[2025-03-13T10:04:07.363+0000] {processor.py:826} INFO - Processing file /home/airflow/.local/lib/python3.7/site-packages/airflow/example_dags/example_skip_dag.py for tasks to queue
[2025-03-13T10:04:07.364+0000] {logging_mixin.py:149} INFO - [2025-03-13T10:04:07.363+0000] {dagbag.py:541} INFO - Filling up the DagBag from /home/airflow/.local/lib/python3.7/site-packages/airflow/example_dags/example_skip_dag.py
[2025-03-13T10:04:07.370+0000] {processor.py:836} INFO - DAG(s) dict_keys(['example_skip_dag']) retrieved from /home/airflow/.local/lib/python3.7/site-packages/airflow/example_dags/example_skip_dag.py
[2025-03-13T10:04:07.394+0000] {logging_mixin.py:149} INFO - [2025-03-13T10:04:07.394+0000] {dag.py:2726} INFO - Sync 1 DAGs
[2025-03-13T10:04:07.416+0000] {logging_mixin.py:149} INFO - [2025-03-13T10:04:07.416+0000] {dag.py:3490} INFO - Setting next_dagrun for example_skip_dag to 2025-03-12T10:04:07.416245+00:00, run_after=2025-03-13T10:04:07.416245+00:00
[2025-03-13T10:04:07.436+0000] {processor.py:179} INFO - Processing /home/airflow/.local/lib/python3.7/site-packages/airflow/example_dags/example_skip_dag.py took 0.077 seconds
[2025-03-13T10:04:37.853+0000] {processor.py:157} INFO - Started process (PID=3579) to work on /home/airflow/.local/lib/python3.7/site-packages/airflow/example_dags/example_skip_dag.py
[2025-03-13T10:04:37.860+0000] {processor.py:826} INFO - Processing file /home/airflow/.local/lib/python3.7/site-packages/airflow/example_dags/example_skip_dag.py for tasks to queue
[2025-03-13T10:04:37.861+0000] {logging_mixin.py:149} INFO - [2025-03-13T10:04:37.861+0000] {dagbag.py:541} INFO - Filling up the DagBag from /home/airflow/.local/lib/python3.7/site-packages/airflow/example_dags/example_skip_dag.py
[2025-03-13T10:04:37.868+0000] {processor.py:836} INFO - DAG(s) dict_keys(['example_skip_dag']) retrieved from /home/airflow/.local/lib/python3.7/site-packages/airflow/example_dags/example_skip_dag.py
[2025-03-13T10:04:37.891+0000] {logging_mixin.py:149} INFO - [2025-03-13T10:04:37.891+0000] {dag.py:2726} INFO - Sync 1 DAGs
[2025-03-13T10:04:37.914+0000] {logging_mixin.py:149} INFO - [2025-03-13T10:04:37.914+0000] {dag.py:3490} INFO - Setting next_dagrun for example_skip_dag to 2025-03-12T10:04:37.914482+00:00, run_after=2025-03-13T10:04:37.914482+00:00
[2025-03-13T10:04:37.940+0000] {processor.py:179} INFO - Processing /home/airflow/.local/lib/python3.7/site-packages/airflow/example_dags/example_skip_dag.py took 0.091 seconds
[2025-03-13T10:05:08.765+0000] {processor.py:157} INFO - Started process (PID=3670) to work on /home/airflow/.local/lib/python3.7/site-packages/airflow/example_dags/example_skip_dag.py
[2025-03-13T10:05:08.767+0000] {processor.py:826} INFO - Processing file /home/airflow/.local/lib/python3.7/site-packages/airflow/example_dags/example_skip_dag.py for tasks to queue
[2025-03-13T10:05:08.767+0000] {logging_mixin.py:149} INFO - [2025-03-13T10:05:08.767+0000] {dagbag.py:541} INFO - Filling up the DagBag from /home/airflow/.local/lib/python3.7/site-packages/airflow/example_dags/example_skip_dag.py
[2025-03-13T10:05:08.774+0000] {processor.py:836} INFO - DAG(s) dict_keys(['example_skip_dag']) retrieved from /home/airflow/.local/lib/python3.7/site-packages/airflow/example_dags/example_skip_dag.py
[2025-03-13T10:05:08.797+0000] {logging_mixin.py:149} INFO - [2025-03-13T10:05:08.797+0000] {dag.py:2726} INFO - Sync 1 DAGs
[2025-03-13T10:05:08.819+0000] {logging_mixin.py:149} INFO - [2025-03-13T10:05:08.819+0000] {dag.py:3490} INFO - Setting next_dagrun for example_skip_dag to 2025-03-12T10:05:08.819500+00:00, run_after=2025-03-13T10:05:08.819500+00:00
[2025-03-13T10:05:08.838+0000] {processor.py:179} INFO - Processing /home/airflow/.local/lib/python3.7/site-packages/airflow/example_dags/example_skip_dag.py took 0.075 seconds
