[2025-03-13T09:45:00.495+0000] {processor.py:157} INFO - Started process (PID=73) to work on /home/airflow/.local/lib/python3.7/site-packages/airflow/example_dags/example_external_task_marker_dag.py
[2025-03-13T09:45:00.496+0000] {processor.py:826} INFO - Processing file /home/airflow/.local/lib/python3.7/site-packages/airflow/example_dags/example_external_task_marker_dag.py for tasks to queue
[2025-03-13T09:45:00.496+0000] {logging_mixin.py:149} INFO - [2025-03-13T09:45:00.496+0000] {dagbag.py:541} INFO - Filling up the DagBag from /home/airflow/.local/lib/python3.7/site-packages/airflow/example_dags/example_external_task_marker_dag.py
[2025-03-13T09:45:00.505+0000] {processor.py:836} INFO - DAG(s) dict_keys(['example_external_task_marker_child', 'example_external_task_marker_parent']) retrieved from /home/airflow/.local/lib/python3.7/site-packages/airflow/example_dags/example_external_task_marker_dag.py
[2025-03-13T09:45:00.593+0000] {logging_mixin.py:149} INFO - [2025-03-13T09:45:00.593+0000] {dag.py:2726} INFO - Sync 2 DAGs
[2025-03-13T09:45:00.621+0000] {logging_mixin.py:149} INFO - [2025-03-13T09:45:00.621+0000] {dag.py:3490} INFO - Setting next_dagrun for example_external_task_marker_child to None, run_after=None
[2025-03-13T09:45:00.625+0000] {logging_mixin.py:149} INFO - [2025-03-13T09:45:00.625+0000] {dag.py:3490} INFO - Setting next_dagrun for example_external_task_marker_parent to None, run_after=None
[2025-03-13T09:45:00.647+0000] {processor.py:179} INFO - Processing /home/airflow/.local/lib/python3.7/site-packages/airflow/example_dags/example_external_task_marker_dag.py took 0.155 seconds
[2025-03-13T09:45:31.799+0000] {processor.py:157} INFO - Started process (PID=182) to work on /home/airflow/.local/lib/python3.7/site-packages/airflow/example_dags/example_external_task_marker_dag.py
[2025-03-13T09:45:31.800+0000] {processor.py:826} INFO - Processing file /home/airflow/.local/lib/python3.7/site-packages/airflow/example_dags/example_external_task_marker_dag.py for tasks to queue
[2025-03-13T09:45:31.801+0000] {logging_mixin.py:149} INFO - [2025-03-13T09:45:31.800+0000] {dagbag.py:541} INFO - Filling up the DagBag from /home/airflow/.local/lib/python3.7/site-packages/airflow/example_dags/example_external_task_marker_dag.py
[2025-03-13T09:45:31.806+0000] {processor.py:836} INFO - DAG(s) dict_keys(['example_external_task_marker_child', 'example_external_task_marker_parent']) retrieved from /home/airflow/.local/lib/python3.7/site-packages/airflow/example_dags/example_external_task_marker_dag.py
[2025-03-13T09:45:31.835+0000] {logging_mixin.py:149} INFO - [2025-03-13T09:45:31.835+0000] {dag.py:2726} INFO - Sync 2 DAGs
[2025-03-13T09:45:31.859+0000] {logging_mixin.py:149} INFO - [2025-03-13T09:45:31.858+0000] {dag.py:3490} INFO - Setting next_dagrun for example_external_task_marker_child to None, run_after=None
[2025-03-13T09:45:31.862+0000] {logging_mixin.py:149} INFO - [2025-03-13T09:45:31.862+0000] {dag.py:3490} INFO - Setting next_dagrun for example_external_task_marker_parent to None, run_after=None
[2025-03-13T09:45:31.879+0000] {processor.py:179} INFO - Processing /home/airflow/.local/lib/python3.7/site-packages/airflow/example_dags/example_external_task_marker_dag.py took 0.084 seconds
[2025-03-13T09:46:02.431+0000] {processor.py:157} INFO - Started process (PID=273) to work on /home/airflow/.local/lib/python3.7/site-packages/airflow/example_dags/example_external_task_marker_dag.py
[2025-03-13T09:46:02.432+0000] {processor.py:826} INFO - Processing file /home/airflow/.local/lib/python3.7/site-packages/airflow/example_dags/example_external_task_marker_dag.py for tasks to queue
[2025-03-13T09:46:02.433+0000] {logging_mixin.py:149} INFO - [2025-03-13T09:46:02.433+0000] {dagbag.py:541} INFO - Filling up the DagBag from /home/airflow/.local/lib/python3.7/site-packages/airflow/example_dags/example_external_task_marker_dag.py
[2025-03-13T09:46:02.438+0000] {processor.py:836} INFO - DAG(s) dict_keys(['example_external_task_marker_parent', 'example_external_task_marker_child']) retrieved from /home/airflow/.local/lib/python3.7/site-packages/airflow/example_dags/example_external_task_marker_dag.py
[2025-03-13T09:46:02.466+0000] {logging_mixin.py:149} INFO - [2025-03-13T09:46:02.466+0000] {dag.py:2726} INFO - Sync 2 DAGs
[2025-03-13T09:46:02.589+0000] {logging_mixin.py:149} INFO - [2025-03-13T09:46:02.589+0000] {dag.py:3490} INFO - Setting next_dagrun for example_external_task_marker_child to None, run_after=None
[2025-03-13T09:46:02.592+0000] {logging_mixin.py:149} INFO - [2025-03-13T09:46:02.592+0000] {dag.py:3490} INFO - Setting next_dagrun for example_external_task_marker_parent to None, run_after=None
[2025-03-13T09:46:02.610+0000] {processor.py:179} INFO - Processing /home/airflow/.local/lib/python3.7/site-packages/airflow/example_dags/example_external_task_marker_dag.py took 0.181 seconds
[2025-03-13T09:46:33.598+0000] {processor.py:157} INFO - Started process (PID=371) to work on /home/airflow/.local/lib/python3.7/site-packages/airflow/example_dags/example_external_task_marker_dag.py
[2025-03-13T09:46:33.599+0000] {processor.py:826} INFO - Processing file /home/airflow/.local/lib/python3.7/site-packages/airflow/example_dags/example_external_task_marker_dag.py for tasks to queue
[2025-03-13T09:46:33.600+0000] {logging_mixin.py:149} INFO - [2025-03-13T09:46:33.600+0000] {dagbag.py:541} INFO - Filling up the DagBag from /home/airflow/.local/lib/python3.7/site-packages/airflow/example_dags/example_external_task_marker_dag.py
[2025-03-13T09:46:33.605+0000] {processor.py:836} INFO - DAG(s) dict_keys(['example_external_task_marker_child', 'example_external_task_marker_parent']) retrieved from /home/airflow/.local/lib/python3.7/site-packages/airflow/example_dags/example_external_task_marker_dag.py
[2025-03-13T09:46:33.635+0000] {logging_mixin.py:149} INFO - [2025-03-13T09:46:33.635+0000] {dag.py:2726} INFO - Sync 2 DAGs
[2025-03-13T09:46:33.660+0000] {logging_mixin.py:149} INFO - [2025-03-13T09:46:33.659+0000] {dag.py:3490} INFO - Setting next_dagrun for example_external_task_marker_child to None, run_after=None
[2025-03-13T09:46:33.663+0000] {logging_mixin.py:149} INFO - [2025-03-13T09:46:33.663+0000] {dag.py:3490} INFO - Setting next_dagrun for example_external_task_marker_parent to None, run_after=None
[2025-03-13T09:46:33.682+0000] {processor.py:179} INFO - Processing /home/airflow/.local/lib/python3.7/site-packages/airflow/example_dags/example_external_task_marker_dag.py took 0.087 seconds
[2025-03-13T09:47:04.754+0000] {processor.py:157} INFO - Started process (PID=462) to work on /home/airflow/.local/lib/python3.7/site-packages/airflow/example_dags/example_external_task_marker_dag.py
[2025-03-13T09:47:04.755+0000] {processor.py:826} INFO - Processing file /home/airflow/.local/lib/python3.7/site-packages/airflow/example_dags/example_external_task_marker_dag.py for tasks to queue
[2025-03-13T09:47:04.756+0000] {logging_mixin.py:149} INFO - [2025-03-13T09:47:04.756+0000] {dagbag.py:541} INFO - Filling up the DagBag from /home/airflow/.local/lib/python3.7/site-packages/airflow/example_dags/example_external_task_marker_dag.py
[2025-03-13T09:47:04.763+0000] {processor.py:836} INFO - DAG(s) dict_keys(['example_external_task_marker_child', 'example_external_task_marker_parent']) retrieved from /home/airflow/.local/lib/python3.7/site-packages/airflow/example_dags/example_external_task_marker_dag.py
[2025-03-13T09:47:04.793+0000] {logging_mixin.py:149} INFO - [2025-03-13T09:47:04.793+0000] {dag.py:2726} INFO - Sync 2 DAGs
[2025-03-13T09:47:04.819+0000] {logging_mixin.py:149} INFO - [2025-03-13T09:47:04.818+0000] {dag.py:3490} INFO - Setting next_dagrun for example_external_task_marker_child to None, run_after=None
[2025-03-13T09:47:04.823+0000] {logging_mixin.py:149} INFO - [2025-03-13T09:47:04.822+0000] {dag.py:3490} INFO - Setting next_dagrun for example_external_task_marker_parent to None, run_after=None
[2025-03-13T09:47:04.841+0000] {processor.py:179} INFO - Processing /home/airflow/.local/lib/python3.7/site-packages/airflow/example_dags/example_external_task_marker_dag.py took 0.090 seconds
[2025-03-13T09:47:35.981+0000] {processor.py:157} INFO - Started process (PID=554) to work on /home/airflow/.local/lib/python3.7/site-packages/airflow/example_dags/example_external_task_marker_dag.py
[2025-03-13T09:47:35.982+0000] {processor.py:826} INFO - Processing file /home/airflow/.local/lib/python3.7/site-packages/airflow/example_dags/example_external_task_marker_dag.py for tasks to queue
[2025-03-13T09:47:35.983+0000] {logging_mixin.py:149} INFO - [2025-03-13T09:47:35.983+0000] {dagbag.py:541} INFO - Filling up the DagBag from /home/airflow/.local/lib/python3.7/site-packages/airflow/example_dags/example_external_task_marker_dag.py
[2025-03-13T09:47:35.988+0000] {processor.py:836} INFO - DAG(s) dict_keys(['example_external_task_marker_parent', 'example_external_task_marker_child']) retrieved from /home/airflow/.local/lib/python3.7/site-packages/airflow/example_dags/example_external_task_marker_dag.py
[2025-03-13T09:47:36.013+0000] {logging_mixin.py:149} INFO - [2025-03-13T09:47:36.013+0000] {dag.py:2726} INFO - Sync 2 DAGs
[2025-03-13T09:47:36.034+0000] {logging_mixin.py:149} INFO - [2025-03-13T09:47:36.034+0000] {dag.py:3490} INFO - Setting next_dagrun for example_external_task_marker_child to None, run_after=None
[2025-03-13T09:47:36.038+0000] {logging_mixin.py:149} INFO - [2025-03-13T09:47:36.038+0000] {dag.py:3490} INFO - Setting next_dagrun for example_external_task_marker_parent to None, run_after=None
[2025-03-13T09:47:36.054+0000] {processor.py:179} INFO - Processing /home/airflow/.local/lib/python3.7/site-packages/airflow/example_dags/example_external_task_marker_dag.py took 0.076 seconds
[2025-03-13T09:48:06.812+0000] {processor.py:157} INFO - Started process (PID=645) to work on /home/airflow/.local/lib/python3.7/site-packages/airflow/example_dags/example_external_task_marker_dag.py
[2025-03-13T09:48:06.813+0000] {processor.py:826} INFO - Processing file /home/airflow/.local/lib/python3.7/site-packages/airflow/example_dags/example_external_task_marker_dag.py for tasks to queue
[2025-03-13T09:48:06.814+0000] {logging_mixin.py:149} INFO - [2025-03-13T09:48:06.813+0000] {dagbag.py:541} INFO - Filling up the DagBag from /home/airflow/.local/lib/python3.7/site-packages/airflow/example_dags/example_external_task_marker_dag.py
[2025-03-13T09:48:06.819+0000] {processor.py:836} INFO - DAG(s) dict_keys(['example_external_task_marker_parent', 'example_external_task_marker_child']) retrieved from /home/airflow/.local/lib/python3.7/site-packages/airflow/example_dags/example_external_task_marker_dag.py
[2025-03-13T09:48:06.843+0000] {logging_mixin.py:149} INFO - [2025-03-13T09:48:06.843+0000] {dag.py:2726} INFO - Sync 2 DAGs
[2025-03-13T09:48:06.864+0000] {logging_mixin.py:149} INFO - [2025-03-13T09:48:06.864+0000] {dag.py:3490} INFO - Setting next_dagrun for example_external_task_marker_child to None, run_after=None
[2025-03-13T09:48:06.868+0000] {logging_mixin.py:149} INFO - [2025-03-13T09:48:06.868+0000] {dag.py:3490} INFO - Setting next_dagrun for example_external_task_marker_parent to None, run_after=None
[2025-03-13T09:48:06.885+0000] {processor.py:179} INFO - Processing /home/airflow/.local/lib/python3.7/site-packages/airflow/example_dags/example_external_task_marker_dag.py took 0.076 seconds
[2025-03-13T09:48:37.488+0000] {processor.py:157} INFO - Started process (PID=736) to work on /home/airflow/.local/lib/python3.7/site-packages/airflow/example_dags/example_external_task_marker_dag.py
[2025-03-13T09:48:37.490+0000] {processor.py:826} INFO - Processing file /home/airflow/.local/lib/python3.7/site-packages/airflow/example_dags/example_external_task_marker_dag.py for tasks to queue
[2025-03-13T09:48:37.490+0000] {logging_mixin.py:149} INFO - [2025-03-13T09:48:37.490+0000] {dagbag.py:541} INFO - Filling up the DagBag from /home/airflow/.local/lib/python3.7/site-packages/airflow/example_dags/example_external_task_marker_dag.py
[2025-03-13T09:48:37.495+0000] {processor.py:836} INFO - DAG(s) dict_keys(['example_external_task_marker_child', 'example_external_task_marker_parent']) retrieved from /home/airflow/.local/lib/python3.7/site-packages/airflow/example_dags/example_external_task_marker_dag.py
[2025-03-13T09:48:37.524+0000] {logging_mixin.py:149} INFO - [2025-03-13T09:48:37.524+0000] {dag.py:2726} INFO - Sync 2 DAGs
[2025-03-13T09:48:37.548+0000] {logging_mixin.py:149} INFO - [2025-03-13T09:48:37.548+0000] {dag.py:3490} INFO - Setting next_dagrun for example_external_task_marker_child to None, run_after=None
[2025-03-13T09:48:37.552+0000] {logging_mixin.py:149} INFO - [2025-03-13T09:48:37.552+0000] {dag.py:3490} INFO - Setting next_dagrun for example_external_task_marker_parent to None, run_after=None
[2025-03-13T09:48:37.571+0000] {processor.py:179} INFO - Processing /home/airflow/.local/lib/python3.7/site-packages/airflow/example_dags/example_external_task_marker_dag.py took 0.086 seconds
[2025-03-13T09:49:08.594+0000] {processor.py:157} INFO - Started process (PID=827) to work on /home/airflow/.local/lib/python3.7/site-packages/airflow/example_dags/example_external_task_marker_dag.py
[2025-03-13T09:49:08.596+0000] {processor.py:826} INFO - Processing file /home/airflow/.local/lib/python3.7/site-packages/airflow/example_dags/example_external_task_marker_dag.py for tasks to queue
[2025-03-13T09:49:08.596+0000] {logging_mixin.py:149} INFO - [2025-03-13T09:49:08.596+0000] {dagbag.py:541} INFO - Filling up the DagBag from /home/airflow/.local/lib/python3.7/site-packages/airflow/example_dags/example_external_task_marker_dag.py
[2025-03-13T09:49:08.601+0000] {processor.py:836} INFO - DAG(s) dict_keys(['example_external_task_marker_child', 'example_external_task_marker_parent']) retrieved from /home/airflow/.local/lib/python3.7/site-packages/airflow/example_dags/example_external_task_marker_dag.py
[2025-03-13T09:49:08.632+0000] {logging_mixin.py:149} INFO - [2025-03-13T09:49:08.631+0000] {dag.py:2726} INFO - Sync 2 DAGs
[2025-03-13T09:49:08.655+0000] {logging_mixin.py:149} INFO - [2025-03-13T09:49:08.654+0000] {dag.py:3490} INFO - Setting next_dagrun for example_external_task_marker_child to None, run_after=None
[2025-03-13T09:49:08.658+0000] {logging_mixin.py:149} INFO - [2025-03-13T09:49:08.658+0000] {dag.py:3490} INFO - Setting next_dagrun for example_external_task_marker_parent to None, run_after=None
[2025-03-13T09:49:08.678+0000] {processor.py:179} INFO - Processing /home/airflow/.local/lib/python3.7/site-packages/airflow/example_dags/example_external_task_marker_dag.py took 0.087 seconds
[2025-03-13T09:49:39.760+0000] {processor.py:157} INFO - Started process (PID=918) to work on /home/airflow/.local/lib/python3.7/site-packages/airflow/example_dags/example_external_task_marker_dag.py
[2025-03-13T09:49:39.762+0000] {processor.py:826} INFO - Processing file /home/airflow/.local/lib/python3.7/site-packages/airflow/example_dags/example_external_task_marker_dag.py for tasks to queue
[2025-03-13T09:49:39.763+0000] {logging_mixin.py:149} INFO - [2025-03-13T09:49:39.762+0000] {dagbag.py:541} INFO - Filling up the DagBag from /home/airflow/.local/lib/python3.7/site-packages/airflow/example_dags/example_external_task_marker_dag.py
[2025-03-13T09:49:39.768+0000] {processor.py:836} INFO - DAG(s) dict_keys(['example_external_task_marker_child', 'example_external_task_marker_parent']) retrieved from /home/airflow/.local/lib/python3.7/site-packages/airflow/example_dags/example_external_task_marker_dag.py
[2025-03-13T09:49:39.793+0000] {logging_mixin.py:149} INFO - [2025-03-13T09:49:39.793+0000] {dag.py:2726} INFO - Sync 2 DAGs
[2025-03-13T09:49:39.815+0000] {logging_mixin.py:149} INFO - [2025-03-13T09:49:39.815+0000] {dag.py:3490} INFO - Setting next_dagrun for example_external_task_marker_child to None, run_after=None
[2025-03-13T09:49:39.818+0000] {logging_mixin.py:149} INFO - [2025-03-13T09:49:39.818+0000] {dag.py:3490} INFO - Setting next_dagrun for example_external_task_marker_parent to None, run_after=None
[2025-03-13T09:49:39.833+0000] {processor.py:179} INFO - Processing /home/airflow/.local/lib/python3.7/site-packages/airflow/example_dags/example_external_task_marker_dag.py took 0.076 seconds
[2025-03-13T09:50:10.955+0000] {processor.py:157} INFO - Started process (PID=1009) to work on /home/airflow/.local/lib/python3.7/site-packages/airflow/example_dags/example_external_task_marker_dag.py
[2025-03-13T09:50:10.956+0000] {processor.py:826} INFO - Processing file /home/airflow/.local/lib/python3.7/site-packages/airflow/example_dags/example_external_task_marker_dag.py for tasks to queue
[2025-03-13T09:50:10.956+0000] {logging_mixin.py:149} INFO - [2025-03-13T09:50:10.956+0000] {dagbag.py:541} INFO - Filling up the DagBag from /home/airflow/.local/lib/python3.7/site-packages/airflow/example_dags/example_external_task_marker_dag.py
[2025-03-13T09:50:10.962+0000] {processor.py:836} INFO - DAG(s) dict_keys(['example_external_task_marker_parent', 'example_external_task_marker_child']) retrieved from /home/airflow/.local/lib/python3.7/site-packages/airflow/example_dags/example_external_task_marker_dag.py
[2025-03-13T09:50:10.987+0000] {logging_mixin.py:149} INFO - [2025-03-13T09:50:10.987+0000] {dag.py:2726} INFO - Sync 2 DAGs
[2025-03-13T09:50:11.009+0000] {logging_mixin.py:149} INFO - [2025-03-13T09:50:11.009+0000] {dag.py:3490} INFO - Setting next_dagrun for example_external_task_marker_child to None, run_after=None
[2025-03-13T09:50:11.012+0000] {logging_mixin.py:149} INFO - [2025-03-13T09:50:11.012+0000] {dag.py:3490} INFO - Setting next_dagrun for example_external_task_marker_parent to None, run_after=None
[2025-03-13T09:50:11.029+0000] {processor.py:179} INFO - Processing /home/airflow/.local/lib/python3.7/site-packages/airflow/example_dags/example_external_task_marker_dag.py took 0.078 seconds
[2025-03-13T09:50:42.118+0000] {processor.py:157} INFO - Started process (PID=1100) to work on /home/airflow/.local/lib/python3.7/site-packages/airflow/example_dags/example_external_task_marker_dag.py
[2025-03-13T09:50:42.120+0000] {processor.py:826} INFO - Processing file /home/airflow/.local/lib/python3.7/site-packages/airflow/example_dags/example_external_task_marker_dag.py for tasks to queue
[2025-03-13T09:50:42.120+0000] {logging_mixin.py:149} INFO - [2025-03-13T09:50:42.120+0000] {dagbag.py:541} INFO - Filling up the DagBag from /home/airflow/.local/lib/python3.7/site-packages/airflow/example_dags/example_external_task_marker_dag.py
[2025-03-13T09:50:42.125+0000] {processor.py:836} INFO - DAG(s) dict_keys(['example_external_task_marker_child', 'example_external_task_marker_parent']) retrieved from /home/airflow/.local/lib/python3.7/site-packages/airflow/example_dags/example_external_task_marker_dag.py
[2025-03-13T09:50:42.152+0000] {logging_mixin.py:149} INFO - [2025-03-13T09:50:42.152+0000] {dag.py:2726} INFO - Sync 2 DAGs
[2025-03-13T09:50:42.174+0000] {logging_mixin.py:149} INFO - [2025-03-13T09:50:42.174+0000] {dag.py:3490} INFO - Setting next_dagrun for example_external_task_marker_child to None, run_after=None
[2025-03-13T09:50:42.177+0000] {logging_mixin.py:149} INFO - [2025-03-13T09:50:42.177+0000] {dag.py:3490} INFO - Setting next_dagrun for example_external_task_marker_parent to None, run_after=None
[2025-03-13T09:50:42.193+0000] {processor.py:179} INFO - Processing /home/airflow/.local/lib/python3.7/site-packages/airflow/example_dags/example_external_task_marker_dag.py took 0.077 seconds
[2025-03-13T09:51:13.472+0000] {processor.py:157} INFO - Started process (PID=1191) to work on /home/airflow/.local/lib/python3.7/site-packages/airflow/example_dags/example_external_task_marker_dag.py
[2025-03-13T09:51:13.473+0000] {processor.py:826} INFO - Processing file /home/airflow/.local/lib/python3.7/site-packages/airflow/example_dags/example_external_task_marker_dag.py for tasks to queue
[2025-03-13T09:51:13.474+0000] {logging_mixin.py:149} INFO - [2025-03-13T09:51:13.473+0000] {dagbag.py:541} INFO - Filling up the DagBag from /home/airflow/.local/lib/python3.7/site-packages/airflow/example_dags/example_external_task_marker_dag.py
[2025-03-13T09:51:13.480+0000] {processor.py:836} INFO - DAG(s) dict_keys(['example_external_task_marker_child', 'example_external_task_marker_parent']) retrieved from /home/airflow/.local/lib/python3.7/site-packages/airflow/example_dags/example_external_task_marker_dag.py
[2025-03-13T09:51:13.508+0000] {logging_mixin.py:149} INFO - [2025-03-13T09:51:13.508+0000] {dag.py:2726} INFO - Sync 2 DAGs
[2025-03-13T09:51:13.534+0000] {logging_mixin.py:149} INFO - [2025-03-13T09:51:13.533+0000] {dag.py:3490} INFO - Setting next_dagrun for example_external_task_marker_child to None, run_after=None
[2025-03-13T09:51:13.537+0000] {logging_mixin.py:149} INFO - [2025-03-13T09:51:13.537+0000] {dag.py:3490} INFO - Setting next_dagrun for example_external_task_marker_parent to None, run_after=None
[2025-03-13T09:51:13.559+0000] {processor.py:179} INFO - Processing /home/airflow/.local/lib/python3.7/site-packages/airflow/example_dags/example_external_task_marker_dag.py took 0.091 seconds
[2025-03-13T09:51:44.755+0000] {processor.py:157} INFO - Started process (PID=1282) to work on /home/airflow/.local/lib/python3.7/site-packages/airflow/example_dags/example_external_task_marker_dag.py
[2025-03-13T09:51:44.756+0000] {processor.py:826} INFO - Processing file /home/airflow/.local/lib/python3.7/site-packages/airflow/example_dags/example_external_task_marker_dag.py for tasks to queue
[2025-03-13T09:51:44.756+0000] {logging_mixin.py:149} INFO - [2025-03-13T09:51:44.756+0000] {dagbag.py:541} INFO - Filling up the DagBag from /home/airflow/.local/lib/python3.7/site-packages/airflow/example_dags/example_external_task_marker_dag.py
[2025-03-13T09:51:44.762+0000] {processor.py:836} INFO - DAG(s) dict_keys(['example_external_task_marker_parent', 'example_external_task_marker_child']) retrieved from /home/airflow/.local/lib/python3.7/site-packages/airflow/example_dags/example_external_task_marker_dag.py
[2025-03-13T09:51:44.789+0000] {logging_mixin.py:149} INFO - [2025-03-13T09:51:44.789+0000] {dag.py:2726} INFO - Sync 2 DAGs
[2025-03-13T09:51:44.813+0000] {logging_mixin.py:149} INFO - [2025-03-13T09:51:44.813+0000] {dag.py:3490} INFO - Setting next_dagrun for example_external_task_marker_child to None, run_after=None
[2025-03-13T09:51:44.817+0000] {logging_mixin.py:149} INFO - [2025-03-13T09:51:44.817+0000] {dag.py:3490} INFO - Setting next_dagrun for example_external_task_marker_parent to None, run_after=None
[2025-03-13T09:51:44.834+0000] {processor.py:179} INFO - Processing /home/airflow/.local/lib/python3.7/site-packages/airflow/example_dags/example_external_task_marker_dag.py took 0.083 seconds
[2025-03-13T09:52:16.128+0000] {processor.py:157} INFO - Started process (PID=1373) to work on /home/airflow/.local/lib/python3.7/site-packages/airflow/example_dags/example_external_task_marker_dag.py
[2025-03-13T09:52:16.129+0000] {processor.py:826} INFO - Processing file /home/airflow/.local/lib/python3.7/site-packages/airflow/example_dags/example_external_task_marker_dag.py for tasks to queue
[2025-03-13T09:52:16.130+0000] {logging_mixin.py:149} INFO - [2025-03-13T09:52:16.130+0000] {dagbag.py:541} INFO - Filling up the DagBag from /home/airflow/.local/lib/python3.7/site-packages/airflow/example_dags/example_external_task_marker_dag.py
[2025-03-13T09:52:16.135+0000] {processor.py:836} INFO - DAG(s) dict_keys(['example_external_task_marker_parent', 'example_external_task_marker_child']) retrieved from /home/airflow/.local/lib/python3.7/site-packages/airflow/example_dags/example_external_task_marker_dag.py
[2025-03-13T09:52:16.163+0000] {logging_mixin.py:149} INFO - [2025-03-13T09:52:16.163+0000] {dag.py:2726} INFO - Sync 2 DAGs
[2025-03-13T09:52:16.189+0000] {logging_mixin.py:149} INFO - [2025-03-13T09:52:16.189+0000] {dag.py:3490} INFO - Setting next_dagrun for example_external_task_marker_child to None, run_after=None
[2025-03-13T09:52:16.192+0000] {logging_mixin.py:149} INFO - [2025-03-13T09:52:16.192+0000] {dag.py:3490} INFO - Setting next_dagrun for example_external_task_marker_parent to None, run_after=None
[2025-03-13T09:52:16.209+0000] {processor.py:179} INFO - Processing /home/airflow/.local/lib/python3.7/site-packages/airflow/example_dags/example_external_task_marker_dag.py took 0.084 seconds
[2025-03-13T09:52:47.466+0000] {processor.py:157} INFO - Started process (PID=1464) to work on /home/airflow/.local/lib/python3.7/site-packages/airflow/example_dags/example_external_task_marker_dag.py
[2025-03-13T09:52:47.467+0000] {processor.py:826} INFO - Processing file /home/airflow/.local/lib/python3.7/site-packages/airflow/example_dags/example_external_task_marker_dag.py for tasks to queue
[2025-03-13T09:52:47.468+0000] {logging_mixin.py:149} INFO - [2025-03-13T09:52:47.468+0000] {dagbag.py:541} INFO - Filling up the DagBag from /home/airflow/.local/lib/python3.7/site-packages/airflow/example_dags/example_external_task_marker_dag.py
[2025-03-13T09:52:47.473+0000] {processor.py:836} INFO - DAG(s) dict_keys(['example_external_task_marker_child', 'example_external_task_marker_parent']) retrieved from /home/airflow/.local/lib/python3.7/site-packages/airflow/example_dags/example_external_task_marker_dag.py
[2025-03-13T09:52:47.498+0000] {logging_mixin.py:149} INFO - [2025-03-13T09:52:47.498+0000] {dag.py:2726} INFO - Sync 2 DAGs
[2025-03-13T09:52:47.522+0000] {logging_mixin.py:149} INFO - [2025-03-13T09:52:47.522+0000] {dag.py:3490} INFO - Setting next_dagrun for example_external_task_marker_child to None, run_after=None
[2025-03-13T09:52:47.526+0000] {logging_mixin.py:149} INFO - [2025-03-13T09:52:47.525+0000] {dag.py:3490} INFO - Setting next_dagrun for example_external_task_marker_parent to None, run_after=None
[2025-03-13T09:52:47.544+0000] {processor.py:179} INFO - Processing /home/airflow/.local/lib/python3.7/site-packages/airflow/example_dags/example_external_task_marker_dag.py took 0.081 seconds
[2025-03-13T09:53:17.961+0000] {processor.py:157} INFO - Started process (PID=1555) to work on /home/airflow/.local/lib/python3.7/site-packages/airflow/example_dags/example_external_task_marker_dag.py
[2025-03-13T09:53:17.962+0000] {processor.py:826} INFO - Processing file /home/airflow/.local/lib/python3.7/site-packages/airflow/example_dags/example_external_task_marker_dag.py for tasks to queue
[2025-03-13T09:53:17.963+0000] {logging_mixin.py:149} INFO - [2025-03-13T09:53:17.963+0000] {dagbag.py:541} INFO - Filling up the DagBag from /home/airflow/.local/lib/python3.7/site-packages/airflow/example_dags/example_external_task_marker_dag.py
[2025-03-13T09:53:17.970+0000] {processor.py:836} INFO - DAG(s) dict_keys(['example_external_task_marker_child', 'example_external_task_marker_parent']) retrieved from /home/airflow/.local/lib/python3.7/site-packages/airflow/example_dags/example_external_task_marker_dag.py
[2025-03-13T09:53:17.996+0000] {logging_mixin.py:149} INFO - [2025-03-13T09:53:17.996+0000] {dag.py:2726} INFO - Sync 2 DAGs
[2025-03-13T09:53:18.020+0000] {logging_mixin.py:149} INFO - [2025-03-13T09:53:18.019+0000] {dag.py:3490} INFO - Setting next_dagrun for example_external_task_marker_child to None, run_after=None
[2025-03-13T09:53:18.023+0000] {logging_mixin.py:149} INFO - [2025-03-13T09:53:18.023+0000] {dag.py:3490} INFO - Setting next_dagrun for example_external_task_marker_parent to None, run_after=None
[2025-03-13T09:53:18.039+0000] {processor.py:179} INFO - Processing /home/airflow/.local/lib/python3.7/site-packages/airflow/example_dags/example_external_task_marker_dag.py took 0.081 seconds
[2025-03-13T09:53:49.292+0000] {processor.py:157} INFO - Started process (PID=1646) to work on /home/airflow/.local/lib/python3.7/site-packages/airflow/example_dags/example_external_task_marker_dag.py
[2025-03-13T09:53:49.293+0000] {processor.py:826} INFO - Processing file /home/airflow/.local/lib/python3.7/site-packages/airflow/example_dags/example_external_task_marker_dag.py for tasks to queue
[2025-03-13T09:53:49.293+0000] {logging_mixin.py:149} INFO - [2025-03-13T09:53:49.293+0000] {dagbag.py:541} INFO - Filling up the DagBag from /home/airflow/.local/lib/python3.7/site-packages/airflow/example_dags/example_external_task_marker_dag.py
[2025-03-13T09:53:49.299+0000] {processor.py:836} INFO - DAG(s) dict_keys(['example_external_task_marker_child', 'example_external_task_marker_parent']) retrieved from /home/airflow/.local/lib/python3.7/site-packages/airflow/example_dags/example_external_task_marker_dag.py
[2025-03-13T09:53:49.345+0000] {logging_mixin.py:149} INFO - [2025-03-13T09:53:49.345+0000] {dag.py:2726} INFO - Sync 2 DAGs
[2025-03-13T09:53:49.379+0000] {logging_mixin.py:149} INFO - [2025-03-13T09:53:49.379+0000] {dag.py:3490} INFO - Setting next_dagrun for example_external_task_marker_child to None, run_after=None
[2025-03-13T09:53:49.383+0000] {logging_mixin.py:149} INFO - [2025-03-13T09:53:49.383+0000] {dag.py:3490} INFO - Setting next_dagrun for example_external_task_marker_parent to None, run_after=None
[2025-03-13T09:53:49.404+0000] {processor.py:179} INFO - Processing /home/airflow/.local/lib/python3.7/site-packages/airflow/example_dags/example_external_task_marker_dag.py took 0.116 seconds
[2025-03-13T09:54:20.636+0000] {processor.py:157} INFO - Started process (PID=1737) to work on /home/airflow/.local/lib/python3.7/site-packages/airflow/example_dags/example_external_task_marker_dag.py
[2025-03-13T09:54:20.637+0000] {processor.py:826} INFO - Processing file /home/airflow/.local/lib/python3.7/site-packages/airflow/example_dags/example_external_task_marker_dag.py for tasks to queue
[2025-03-13T09:54:20.637+0000] {logging_mixin.py:149} INFO - [2025-03-13T09:54:20.637+0000] {dagbag.py:541} INFO - Filling up the DagBag from /home/airflow/.local/lib/python3.7/site-packages/airflow/example_dags/example_external_task_marker_dag.py
[2025-03-13T09:54:20.643+0000] {processor.py:836} INFO - DAG(s) dict_keys(['example_external_task_marker_parent', 'example_external_task_marker_child']) retrieved from /home/airflow/.local/lib/python3.7/site-packages/airflow/example_dags/example_external_task_marker_dag.py
[2025-03-13T09:54:20.672+0000] {logging_mixin.py:149} INFO - [2025-03-13T09:54:20.672+0000] {dag.py:2726} INFO - Sync 2 DAGs
[2025-03-13T09:54:20.696+0000] {logging_mixin.py:149} INFO - [2025-03-13T09:54:20.695+0000] {dag.py:3490} INFO - Setting next_dagrun for example_external_task_marker_child to None, run_after=None
[2025-03-13T09:54:20.699+0000] {logging_mixin.py:149} INFO - [2025-03-13T09:54:20.699+0000] {dag.py:3490} INFO - Setting next_dagrun for example_external_task_marker_parent to None, run_after=None
[2025-03-13T09:54:20.715+0000] {processor.py:179} INFO - Processing /home/airflow/.local/lib/python3.7/site-packages/airflow/example_dags/example_external_task_marker_dag.py took 0.083 seconds
[2025-03-13T09:54:51.907+0000] {processor.py:157} INFO - Started process (PID=1828) to work on /home/airflow/.local/lib/python3.7/site-packages/airflow/example_dags/example_external_task_marker_dag.py
[2025-03-13T09:54:51.908+0000] {processor.py:826} INFO - Processing file /home/airflow/.local/lib/python3.7/site-packages/airflow/example_dags/example_external_task_marker_dag.py for tasks to queue
[2025-03-13T09:54:51.909+0000] {logging_mixin.py:149} INFO - [2025-03-13T09:54:51.908+0000] {dagbag.py:541} INFO - Filling up the DagBag from /home/airflow/.local/lib/python3.7/site-packages/airflow/example_dags/example_external_task_marker_dag.py
[2025-03-13T09:54:51.914+0000] {processor.py:836} INFO - DAG(s) dict_keys(['example_external_task_marker_child', 'example_external_task_marker_parent']) retrieved from /home/airflow/.local/lib/python3.7/site-packages/airflow/example_dags/example_external_task_marker_dag.py
[2025-03-13T09:54:51.943+0000] {logging_mixin.py:149} INFO - [2025-03-13T09:54:51.943+0000] {dag.py:2726} INFO - Sync 2 DAGs
[2025-03-13T09:54:51.967+0000] {logging_mixin.py:149} INFO - [2025-03-13T09:54:51.967+0000] {dag.py:3490} INFO - Setting next_dagrun for example_external_task_marker_child to None, run_after=None
[2025-03-13T09:54:51.971+0000] {logging_mixin.py:149} INFO - [2025-03-13T09:54:51.971+0000] {dag.py:3490} INFO - Setting next_dagrun for example_external_task_marker_parent to None, run_after=None
[2025-03-13T09:54:51.987+0000] {processor.py:179} INFO - Processing /home/airflow/.local/lib/python3.7/site-packages/airflow/example_dags/example_external_task_marker_dag.py took 0.085 seconds
[2025-03-13T09:55:23.113+0000] {processor.py:157} INFO - Started process (PID=1919) to work on /home/airflow/.local/lib/python3.7/site-packages/airflow/example_dags/example_external_task_marker_dag.py
[2025-03-13T09:55:23.115+0000] {processor.py:826} INFO - Processing file /home/airflow/.local/lib/python3.7/site-packages/airflow/example_dags/example_external_task_marker_dag.py for tasks to queue
[2025-03-13T09:55:23.115+0000] {logging_mixin.py:149} INFO - [2025-03-13T09:55:23.115+0000] {dagbag.py:541} INFO - Filling up the DagBag from /home/airflow/.local/lib/python3.7/site-packages/airflow/example_dags/example_external_task_marker_dag.py
[2025-03-13T09:55:23.120+0000] {processor.py:836} INFO - DAG(s) dict_keys(['example_external_task_marker_child', 'example_external_task_marker_parent']) retrieved from /home/airflow/.local/lib/python3.7/site-packages/airflow/example_dags/example_external_task_marker_dag.py
[2025-03-13T09:55:23.147+0000] {logging_mixin.py:149} INFO - [2025-03-13T09:55:23.146+0000] {dag.py:2726} INFO - Sync 2 DAGs
[2025-03-13T09:55:23.170+0000] {logging_mixin.py:149} INFO - [2025-03-13T09:55:23.169+0000] {dag.py:3490} INFO - Setting next_dagrun for example_external_task_marker_child to None, run_after=None
[2025-03-13T09:55:23.173+0000] {logging_mixin.py:149} INFO - [2025-03-13T09:55:23.173+0000] {dag.py:3490} INFO - Setting next_dagrun for example_external_task_marker_parent to None, run_after=None
[2025-03-13T09:55:23.195+0000] {processor.py:179} INFO - Processing /home/airflow/.local/lib/python3.7/site-packages/airflow/example_dags/example_external_task_marker_dag.py took 0.085 seconds
[2025-03-13T09:55:54.467+0000] {processor.py:157} INFO - Started process (PID=2010) to work on /home/airflow/.local/lib/python3.7/site-packages/airflow/example_dags/example_external_task_marker_dag.py
[2025-03-13T09:55:54.468+0000] {processor.py:826} INFO - Processing file /home/airflow/.local/lib/python3.7/site-packages/airflow/example_dags/example_external_task_marker_dag.py for tasks to queue
[2025-03-13T09:55:54.469+0000] {logging_mixin.py:149} INFO - [2025-03-13T09:55:54.469+0000] {dagbag.py:541} INFO - Filling up the DagBag from /home/airflow/.local/lib/python3.7/site-packages/airflow/example_dags/example_external_task_marker_dag.py
[2025-03-13T09:55:54.476+0000] {processor.py:836} INFO - DAG(s) dict_keys(['example_external_task_marker_child', 'example_external_task_marker_parent']) retrieved from /home/airflow/.local/lib/python3.7/site-packages/airflow/example_dags/example_external_task_marker_dag.py
[2025-03-13T09:55:54.507+0000] {logging_mixin.py:149} INFO - [2025-03-13T09:55:54.507+0000] {dag.py:2726} INFO - Sync 2 DAGs
[2025-03-13T09:55:54.530+0000] {logging_mixin.py:149} INFO - [2025-03-13T09:55:54.530+0000] {dag.py:3490} INFO - Setting next_dagrun for example_external_task_marker_child to None, run_after=None
[2025-03-13T09:55:54.533+0000] {logging_mixin.py:149} INFO - [2025-03-13T09:55:54.533+0000] {dag.py:3490} INFO - Setting next_dagrun for example_external_task_marker_parent to None, run_after=None
[2025-03-13T09:55:54.549+0000] {processor.py:179} INFO - Processing /home/airflow/.local/lib/python3.7/site-packages/airflow/example_dags/example_external_task_marker_dag.py took 0.087 seconds
[2025-03-13T09:56:24.945+0000] {processor.py:157} INFO - Started process (PID=2101) to work on /home/airflow/.local/lib/python3.7/site-packages/airflow/example_dags/example_external_task_marker_dag.py
[2025-03-13T09:56:24.946+0000] {processor.py:826} INFO - Processing file /home/airflow/.local/lib/python3.7/site-packages/airflow/example_dags/example_external_task_marker_dag.py for tasks to queue
[2025-03-13T09:56:24.947+0000] {logging_mixin.py:149} INFO - [2025-03-13T09:56:24.946+0000] {dagbag.py:541} INFO - Filling up the DagBag from /home/airflow/.local/lib/python3.7/site-packages/airflow/example_dags/example_external_task_marker_dag.py
[2025-03-13T09:56:24.952+0000] {processor.py:836} INFO - DAG(s) dict_keys(['example_external_task_marker_parent', 'example_external_task_marker_child']) retrieved from /home/airflow/.local/lib/python3.7/site-packages/airflow/example_dags/example_external_task_marker_dag.py
[2025-03-13T09:56:24.982+0000] {logging_mixin.py:149} INFO - [2025-03-13T09:56:24.982+0000] {dag.py:2726} INFO - Sync 2 DAGs
[2025-03-13T09:56:25.008+0000] {logging_mixin.py:149} INFO - [2025-03-13T09:56:25.007+0000] {dag.py:3490} INFO - Setting next_dagrun for example_external_task_marker_child to None, run_after=None
[2025-03-13T09:56:25.012+0000] {logging_mixin.py:149} INFO - [2025-03-13T09:56:25.012+0000] {dag.py:3490} INFO - Setting next_dagrun for example_external_task_marker_parent to None, run_after=None
[2025-03-13T09:56:25.033+0000] {processor.py:179} INFO - Processing /home/airflow/.local/lib/python3.7/site-packages/airflow/example_dags/example_external_task_marker_dag.py took 0.092 seconds
[2025-03-13T09:56:55.483+0000] {processor.py:157} INFO - Started process (PID=2192) to work on /home/airflow/.local/lib/python3.7/site-packages/airflow/example_dags/example_external_task_marker_dag.py
[2025-03-13T09:56:55.484+0000] {processor.py:826} INFO - Processing file /home/airflow/.local/lib/python3.7/site-packages/airflow/example_dags/example_external_task_marker_dag.py for tasks to queue
[2025-03-13T09:56:55.485+0000] {logging_mixin.py:149} INFO - [2025-03-13T09:56:55.485+0000] {dagbag.py:541} INFO - Filling up the DagBag from /home/airflow/.local/lib/python3.7/site-packages/airflow/example_dags/example_external_task_marker_dag.py
[2025-03-13T09:56:55.490+0000] {processor.py:836} INFO - DAG(s) dict_keys(['example_external_task_marker_child', 'example_external_task_marker_parent']) retrieved from /home/airflow/.local/lib/python3.7/site-packages/airflow/example_dags/example_external_task_marker_dag.py
[2025-03-13T09:56:55.515+0000] {logging_mixin.py:149} INFO - [2025-03-13T09:56:55.515+0000] {dag.py:2726} INFO - Sync 2 DAGs
[2025-03-13T09:56:55.536+0000] {logging_mixin.py:149} INFO - [2025-03-13T09:56:55.536+0000] {dag.py:3490} INFO - Setting next_dagrun for example_external_task_marker_child to None, run_after=None
[2025-03-13T09:56:55.540+0000] {logging_mixin.py:149} INFO - [2025-03-13T09:56:55.540+0000] {dag.py:3490} INFO - Setting next_dagrun for example_external_task_marker_parent to None, run_after=None
[2025-03-13T09:56:55.559+0000] {processor.py:179} INFO - Processing /home/airflow/.local/lib/python3.7/site-packages/airflow/example_dags/example_external_task_marker_dag.py took 0.078 seconds
[2025-03-13T09:57:25.979+0000] {processor.py:157} INFO - Started process (PID=2283) to work on /home/airflow/.local/lib/python3.7/site-packages/airflow/example_dags/example_external_task_marker_dag.py
[2025-03-13T09:57:25.980+0000] {processor.py:826} INFO - Processing file /home/airflow/.local/lib/python3.7/site-packages/airflow/example_dags/example_external_task_marker_dag.py for tasks to queue
[2025-03-13T09:57:25.981+0000] {logging_mixin.py:149} INFO - [2025-03-13T09:57:25.980+0000] {dagbag.py:541} INFO - Filling up the DagBag from /home/airflow/.local/lib/python3.7/site-packages/airflow/example_dags/example_external_task_marker_dag.py
[2025-03-13T09:57:25.986+0000] {processor.py:836} INFO - DAG(s) dict_keys(['example_external_task_marker_child', 'example_external_task_marker_parent']) retrieved from /home/airflow/.local/lib/python3.7/site-packages/airflow/example_dags/example_external_task_marker_dag.py
[2025-03-13T09:57:26.012+0000] {logging_mixin.py:149} INFO - [2025-03-13T09:57:26.012+0000] {dag.py:2726} INFO - Sync 2 DAGs
[2025-03-13T09:57:26.035+0000] {logging_mixin.py:149} INFO - [2025-03-13T09:57:26.035+0000] {dag.py:3490} INFO - Setting next_dagrun for example_external_task_marker_child to None, run_after=None
[2025-03-13T09:57:26.038+0000] {logging_mixin.py:149} INFO - [2025-03-13T09:57:26.038+0000] {dag.py:3490} INFO - Setting next_dagrun for example_external_task_marker_parent to None, run_after=None
[2025-03-13T09:57:26.054+0000] {processor.py:179} INFO - Processing /home/airflow/.local/lib/python3.7/site-packages/airflow/example_dags/example_external_task_marker_dag.py took 0.078 seconds
[2025-03-13T09:57:56.374+0000] {processor.py:157} INFO - Started process (PID=2374) to work on /home/airflow/.local/lib/python3.7/site-packages/airflow/example_dags/example_external_task_marker_dag.py
[2025-03-13T09:57:56.375+0000] {processor.py:826} INFO - Processing file /home/airflow/.local/lib/python3.7/site-packages/airflow/example_dags/example_external_task_marker_dag.py for tasks to queue
[2025-03-13T09:57:56.375+0000] {logging_mixin.py:149} INFO - [2025-03-13T09:57:56.375+0000] {dagbag.py:541} INFO - Filling up the DagBag from /home/airflow/.local/lib/python3.7/site-packages/airflow/example_dags/example_external_task_marker_dag.py
[2025-03-13T09:57:56.380+0000] {processor.py:836} INFO - DAG(s) dict_keys(['example_external_task_marker_parent', 'example_external_task_marker_child']) retrieved from /home/airflow/.local/lib/python3.7/site-packages/airflow/example_dags/example_external_task_marker_dag.py
[2025-03-13T09:57:56.406+0000] {logging_mixin.py:149} INFO - [2025-03-13T09:57:56.406+0000] {dag.py:2726} INFO - Sync 2 DAGs
[2025-03-13T09:57:56.427+0000] {logging_mixin.py:149} INFO - [2025-03-13T09:57:56.427+0000] {dag.py:3490} INFO - Setting next_dagrun for example_external_task_marker_child to None, run_after=None
[2025-03-13T09:57:56.431+0000] {logging_mixin.py:149} INFO - [2025-03-13T09:57:56.431+0000] {dag.py:3490} INFO - Setting next_dagrun for example_external_task_marker_parent to None, run_after=None
[2025-03-13T09:57:56.446+0000] {processor.py:179} INFO - Processing /home/airflow/.local/lib/python3.7/site-packages/airflow/example_dags/example_external_task_marker_dag.py took 0.075 seconds
[2025-03-13T09:58:27.444+0000] {processor.py:157} INFO - Started process (PID=2465) to work on /home/airflow/.local/lib/python3.7/site-packages/airflow/example_dags/example_external_task_marker_dag.py
[2025-03-13T09:58:27.445+0000] {processor.py:826} INFO - Processing file /home/airflow/.local/lib/python3.7/site-packages/airflow/example_dags/example_external_task_marker_dag.py for tasks to queue
[2025-03-13T09:58:27.445+0000] {logging_mixin.py:149} INFO - [2025-03-13T09:58:27.445+0000] {dagbag.py:541} INFO - Filling up the DagBag from /home/airflow/.local/lib/python3.7/site-packages/airflow/example_dags/example_external_task_marker_dag.py
[2025-03-13T09:58:27.451+0000] {processor.py:836} INFO - DAG(s) dict_keys(['example_external_task_marker_child', 'example_external_task_marker_parent']) retrieved from /home/airflow/.local/lib/python3.7/site-packages/airflow/example_dags/example_external_task_marker_dag.py
[2025-03-13T09:58:27.477+0000] {logging_mixin.py:149} INFO - [2025-03-13T09:58:27.477+0000] {dag.py:2726} INFO - Sync 2 DAGs
[2025-03-13T09:58:27.498+0000] {logging_mixin.py:149} INFO - [2025-03-13T09:58:27.498+0000] {dag.py:3490} INFO - Setting next_dagrun for example_external_task_marker_child to None, run_after=None
[2025-03-13T09:58:27.501+0000] {logging_mixin.py:149} INFO - [2025-03-13T09:58:27.501+0000] {dag.py:3490} INFO - Setting next_dagrun for example_external_task_marker_parent to None, run_after=None
[2025-03-13T09:58:27.518+0000] {processor.py:179} INFO - Processing /home/airflow/.local/lib/python3.7/site-packages/airflow/example_dags/example_external_task_marker_dag.py took 0.077 seconds
[2025-03-13T09:58:58.722+0000] {processor.py:157} INFO - Started process (PID=2556) to work on /home/airflow/.local/lib/python3.7/site-packages/airflow/example_dags/example_external_task_marker_dag.py
[2025-03-13T09:58:58.723+0000] {processor.py:826} INFO - Processing file /home/airflow/.local/lib/python3.7/site-packages/airflow/example_dags/example_external_task_marker_dag.py for tasks to queue
[2025-03-13T09:58:58.724+0000] {logging_mixin.py:149} INFO - [2025-03-13T09:58:58.724+0000] {dagbag.py:541} INFO - Filling up the DagBag from /home/airflow/.local/lib/python3.7/site-packages/airflow/example_dags/example_external_task_marker_dag.py
[2025-03-13T09:58:58.730+0000] {processor.py:836} INFO - DAG(s) dict_keys(['example_external_task_marker_parent', 'example_external_task_marker_child']) retrieved from /home/airflow/.local/lib/python3.7/site-packages/airflow/example_dags/example_external_task_marker_dag.py
[2025-03-13T09:58:58.759+0000] {logging_mixin.py:149} INFO - [2025-03-13T09:58:58.758+0000] {dag.py:2726} INFO - Sync 2 DAGs
[2025-03-13T09:58:58.782+0000] {logging_mixin.py:149} INFO - [2025-03-13T09:58:58.782+0000] {dag.py:3490} INFO - Setting next_dagrun for example_external_task_marker_child to None, run_after=None
[2025-03-13T09:58:58.785+0000] {logging_mixin.py:149} INFO - [2025-03-13T09:58:58.785+0000] {dag.py:3490} INFO - Setting next_dagrun for example_external_task_marker_parent to None, run_after=None
[2025-03-13T09:58:58.803+0000] {processor.py:179} INFO - Processing /home/airflow/.local/lib/python3.7/site-packages/airflow/example_dags/example_external_task_marker_dag.py took 0.084 seconds
[2025-03-13T09:59:29.227+0000] {processor.py:157} INFO - Started process (PID=2647) to work on /home/airflow/.local/lib/python3.7/site-packages/airflow/example_dags/example_external_task_marker_dag.py
[2025-03-13T09:59:29.228+0000] {processor.py:826} INFO - Processing file /home/airflow/.local/lib/python3.7/site-packages/airflow/example_dags/example_external_task_marker_dag.py for tasks to queue
[2025-03-13T09:59:29.228+0000] {logging_mixin.py:149} INFO - [2025-03-13T09:59:29.228+0000] {dagbag.py:541} INFO - Filling up the DagBag from /home/airflow/.local/lib/python3.7/site-packages/airflow/example_dags/example_external_task_marker_dag.py
[2025-03-13T09:59:29.234+0000] {processor.py:836} INFO - DAG(s) dict_keys(['example_external_task_marker_parent', 'example_external_task_marker_child']) retrieved from /home/airflow/.local/lib/python3.7/site-packages/airflow/example_dags/example_external_task_marker_dag.py
[2025-03-13T09:59:29.262+0000] {logging_mixin.py:149} INFO - [2025-03-13T09:59:29.262+0000] {dag.py:2726} INFO - Sync 2 DAGs
[2025-03-13T09:59:29.287+0000] {logging_mixin.py:149} INFO - [2025-03-13T09:59:29.287+0000] {dag.py:3490} INFO - Setting next_dagrun for example_external_task_marker_child to None, run_after=None
[2025-03-13T09:59:29.291+0000] {logging_mixin.py:149} INFO - [2025-03-13T09:59:29.291+0000] {dag.py:3490} INFO - Setting next_dagrun for example_external_task_marker_parent to None, run_after=None
[2025-03-13T09:59:29.311+0000] {processor.py:179} INFO - Processing /home/airflow/.local/lib/python3.7/site-packages/airflow/example_dags/example_external_task_marker_dag.py took 0.087 seconds
[2025-03-13T09:59:59.815+0000] {processor.py:157} INFO - Started process (PID=2738) to work on /home/airflow/.local/lib/python3.7/site-packages/airflow/example_dags/example_external_task_marker_dag.py
[2025-03-13T09:59:59.816+0000] {processor.py:826} INFO - Processing file /home/airflow/.local/lib/python3.7/site-packages/airflow/example_dags/example_external_task_marker_dag.py for tasks to queue
[2025-03-13T09:59:59.816+0000] {logging_mixin.py:149} INFO - [2025-03-13T09:59:59.816+0000] {dagbag.py:541} INFO - Filling up the DagBag from /home/airflow/.local/lib/python3.7/site-packages/airflow/example_dags/example_external_task_marker_dag.py
[2025-03-13T09:59:59.822+0000] {processor.py:836} INFO - DAG(s) dict_keys(['example_external_task_marker_parent', 'example_external_task_marker_child']) retrieved from /home/airflow/.local/lib/python3.7/site-packages/airflow/example_dags/example_external_task_marker_dag.py
[2025-03-13T09:59:59.848+0000] {logging_mixin.py:149} INFO - [2025-03-13T09:59:59.847+0000] {dag.py:2726} INFO - Sync 2 DAGs
[2025-03-13T09:59:59.870+0000] {logging_mixin.py:149} INFO - [2025-03-13T09:59:59.870+0000] {dag.py:3490} INFO - Setting next_dagrun for example_external_task_marker_child to None, run_after=None
[2025-03-13T09:59:59.873+0000] {logging_mixin.py:149} INFO - [2025-03-13T09:59:59.873+0000] {dag.py:3490} INFO - Setting next_dagrun for example_external_task_marker_parent to None, run_after=None
[2025-03-13T09:59:59.889+0000] {processor.py:179} INFO - Processing /home/airflow/.local/lib/python3.7/site-packages/airflow/example_dags/example_external_task_marker_dag.py took 0.077 seconds
[2025-03-13T10:00:30.218+0000] {processor.py:157} INFO - Started process (PID=2829) to work on /home/airflow/.local/lib/python3.7/site-packages/airflow/example_dags/example_external_task_marker_dag.py
[2025-03-13T10:00:30.219+0000] {processor.py:826} INFO - Processing file /home/airflow/.local/lib/python3.7/site-packages/airflow/example_dags/example_external_task_marker_dag.py for tasks to queue
[2025-03-13T10:00:30.220+0000] {logging_mixin.py:149} INFO - [2025-03-13T10:00:30.220+0000] {dagbag.py:541} INFO - Filling up the DagBag from /home/airflow/.local/lib/python3.7/site-packages/airflow/example_dags/example_external_task_marker_dag.py
[2025-03-13T10:00:30.225+0000] {processor.py:836} INFO - DAG(s) dict_keys(['example_external_task_marker_parent', 'example_external_task_marker_child']) retrieved from /home/airflow/.local/lib/python3.7/site-packages/airflow/example_dags/example_external_task_marker_dag.py
[2025-03-13T10:00:30.252+0000] {logging_mixin.py:149} INFO - [2025-03-13T10:00:30.252+0000] {dag.py:2726} INFO - Sync 2 DAGs
[2025-03-13T10:00:30.274+0000] {logging_mixin.py:149} INFO - [2025-03-13T10:00:30.274+0000] {dag.py:3490} INFO - Setting next_dagrun for example_external_task_marker_child to None, run_after=None
[2025-03-13T10:00:30.277+0000] {logging_mixin.py:149} INFO - [2025-03-13T10:00:30.277+0000] {dag.py:3490} INFO - Setting next_dagrun for example_external_task_marker_parent to None, run_after=None
[2025-03-13T10:00:30.293+0000] {processor.py:179} INFO - Processing /home/airflow/.local/lib/python3.7/site-packages/airflow/example_dags/example_external_task_marker_dag.py took 0.078 seconds
[2025-03-13T10:01:00.826+0000] {processor.py:157} INFO - Started process (PID=2920) to work on /home/airflow/.local/lib/python3.7/site-packages/airflow/example_dags/example_external_task_marker_dag.py
[2025-03-13T10:01:00.827+0000] {processor.py:826} INFO - Processing file /home/airflow/.local/lib/python3.7/site-packages/airflow/example_dags/example_external_task_marker_dag.py for tasks to queue
[2025-03-13T10:01:00.828+0000] {logging_mixin.py:149} INFO - [2025-03-13T10:01:00.827+0000] {dagbag.py:541} INFO - Filling up the DagBag from /home/airflow/.local/lib/python3.7/site-packages/airflow/example_dags/example_external_task_marker_dag.py
[2025-03-13T10:01:00.833+0000] {processor.py:836} INFO - DAG(s) dict_keys(['example_external_task_marker_parent', 'example_external_task_marker_child']) retrieved from /home/airflow/.local/lib/python3.7/site-packages/airflow/example_dags/example_external_task_marker_dag.py
[2025-03-13T10:01:00.860+0000] {logging_mixin.py:149} INFO - [2025-03-13T10:01:00.860+0000] {dag.py:2726} INFO - Sync 2 DAGs
[2025-03-13T10:01:00.888+0000] {logging_mixin.py:149} INFO - [2025-03-13T10:01:00.887+0000] {dag.py:3490} INFO - Setting next_dagrun for example_external_task_marker_child to None, run_after=None
[2025-03-13T10:01:00.892+0000] {logging_mixin.py:149} INFO - [2025-03-13T10:01:00.892+0000] {dag.py:3490} INFO - Setting next_dagrun for example_external_task_marker_parent to None, run_after=None
[2025-03-13T10:01:00.914+0000] {processor.py:179} INFO - Processing /home/airflow/.local/lib/python3.7/site-packages/airflow/example_dags/example_external_task_marker_dag.py took 0.092 seconds
[2025-03-13T10:01:31.334+0000] {processor.py:157} INFO - Started process (PID=3011) to work on /home/airflow/.local/lib/python3.7/site-packages/airflow/example_dags/example_external_task_marker_dag.py
[2025-03-13T10:01:31.335+0000] {processor.py:826} INFO - Processing file /home/airflow/.local/lib/python3.7/site-packages/airflow/example_dags/example_external_task_marker_dag.py for tasks to queue
[2025-03-13T10:01:31.336+0000] {logging_mixin.py:149} INFO - [2025-03-13T10:01:31.336+0000] {dagbag.py:541} INFO - Filling up the DagBag from /home/airflow/.local/lib/python3.7/site-packages/airflow/example_dags/example_external_task_marker_dag.py
[2025-03-13T10:01:31.342+0000] {processor.py:836} INFO - DAG(s) dict_keys(['example_external_task_marker_parent', 'example_external_task_marker_child']) retrieved from /home/airflow/.local/lib/python3.7/site-packages/airflow/example_dags/example_external_task_marker_dag.py
[2025-03-13T10:01:31.373+0000] {logging_mixin.py:149} INFO - [2025-03-13T10:01:31.373+0000] {dag.py:2726} INFO - Sync 2 DAGs
[2025-03-13T10:01:31.401+0000] {logging_mixin.py:149} INFO - [2025-03-13T10:01:31.401+0000] {dag.py:3490} INFO - Setting next_dagrun for example_external_task_marker_child to None, run_after=None
[2025-03-13T10:01:31.406+0000] {logging_mixin.py:149} INFO - [2025-03-13T10:01:31.406+0000] {dag.py:3490} INFO - Setting next_dagrun for example_external_task_marker_parent to None, run_after=None
[2025-03-13T10:01:31.426+0000] {processor.py:179} INFO - Processing /home/airflow/.local/lib/python3.7/site-packages/airflow/example_dags/example_external_task_marker_dag.py took 0.095 seconds
[2025-03-13T10:02:01.873+0000] {processor.py:157} INFO - Started process (PID=3102) to work on /home/airflow/.local/lib/python3.7/site-packages/airflow/example_dags/example_external_task_marker_dag.py
[2025-03-13T10:02:01.875+0000] {processor.py:826} INFO - Processing file /home/airflow/.local/lib/python3.7/site-packages/airflow/example_dags/example_external_task_marker_dag.py for tasks to queue
[2025-03-13T10:02:01.875+0000] {logging_mixin.py:149} INFO - [2025-03-13T10:02:01.875+0000] {dagbag.py:541} INFO - Filling up the DagBag from /home/airflow/.local/lib/python3.7/site-packages/airflow/example_dags/example_external_task_marker_dag.py
[2025-03-13T10:02:01.881+0000] {processor.py:836} INFO - DAG(s) dict_keys(['example_external_task_marker_child', 'example_external_task_marker_parent']) retrieved from /home/airflow/.local/lib/python3.7/site-packages/airflow/example_dags/example_external_task_marker_dag.py
[2025-03-13T10:02:01.913+0000] {logging_mixin.py:149} INFO - [2025-03-13T10:02:01.912+0000] {dag.py:2726} INFO - Sync 2 DAGs
[2025-03-13T10:02:01.937+0000] {logging_mixin.py:149} INFO - [2025-03-13T10:02:01.937+0000] {dag.py:3490} INFO - Setting next_dagrun for example_external_task_marker_child to None, run_after=None
[2025-03-13T10:02:01.941+0000] {logging_mixin.py:149} INFO - [2025-03-13T10:02:01.940+0000] {dag.py:3490} INFO - Setting next_dagrun for example_external_task_marker_parent to None, run_after=None
[2025-03-13T10:02:01.962+0000] {processor.py:179} INFO - Processing /home/airflow/.local/lib/python3.7/site-packages/airflow/example_dags/example_external_task_marker_dag.py took 0.092 seconds
[2025-03-13T10:02:33.220+0000] {processor.py:157} INFO - Started process (PID=3193) to work on /home/airflow/.local/lib/python3.7/site-packages/airflow/example_dags/example_external_task_marker_dag.py
[2025-03-13T10:02:33.221+0000] {processor.py:826} INFO - Processing file /home/airflow/.local/lib/python3.7/site-packages/airflow/example_dags/example_external_task_marker_dag.py for tasks to queue
[2025-03-13T10:02:33.221+0000] {logging_mixin.py:149} INFO - [2025-03-13T10:02:33.221+0000] {dagbag.py:541} INFO - Filling up the DagBag from /home/airflow/.local/lib/python3.7/site-packages/airflow/example_dags/example_external_task_marker_dag.py
[2025-03-13T10:02:33.227+0000] {processor.py:836} INFO - DAG(s) dict_keys(['example_external_task_marker_child', 'example_external_task_marker_parent']) retrieved from /home/airflow/.local/lib/python3.7/site-packages/airflow/example_dags/example_external_task_marker_dag.py
[2025-03-13T10:02:33.254+0000] {logging_mixin.py:149} INFO - [2025-03-13T10:02:33.254+0000] {dag.py:2726} INFO - Sync 2 DAGs
[2025-03-13T10:02:33.278+0000] {logging_mixin.py:149} INFO - [2025-03-13T10:02:33.278+0000] {dag.py:3490} INFO - Setting next_dagrun for example_external_task_marker_child to None, run_after=None
[2025-03-13T10:02:33.282+0000] {logging_mixin.py:149} INFO - [2025-03-13T10:02:33.282+0000] {dag.py:3490} INFO - Setting next_dagrun for example_external_task_marker_parent to None, run_after=None
[2025-03-13T10:02:33.299+0000] {processor.py:179} INFO - Processing /home/airflow/.local/lib/python3.7/site-packages/airflow/example_dags/example_external_task_marker_dag.py took 0.083 seconds
[2025-03-13T10:03:04.583+0000] {processor.py:157} INFO - Started process (PID=3291) to work on /home/airflow/.local/lib/python3.7/site-packages/airflow/example_dags/example_external_task_marker_dag.py
[2025-03-13T10:03:04.585+0000] {processor.py:826} INFO - Processing file /home/airflow/.local/lib/python3.7/site-packages/airflow/example_dags/example_external_task_marker_dag.py for tasks to queue
[2025-03-13T10:03:04.586+0000] {logging_mixin.py:149} INFO - [2025-03-13T10:03:04.585+0000] {dagbag.py:541} INFO - Filling up the DagBag from /home/airflow/.local/lib/python3.7/site-packages/airflow/example_dags/example_external_task_marker_dag.py
[2025-03-13T10:03:04.593+0000] {processor.py:836} INFO - DAG(s) dict_keys(['example_external_task_marker_parent', 'example_external_task_marker_child']) retrieved from /home/airflow/.local/lib/python3.7/site-packages/airflow/example_dags/example_external_task_marker_dag.py
[2025-03-13T10:03:04.623+0000] {logging_mixin.py:149} INFO - [2025-03-13T10:03:04.623+0000] {dag.py:2726} INFO - Sync 2 DAGs
[2025-03-13T10:03:04.649+0000] {logging_mixin.py:149} INFO - [2025-03-13T10:03:04.649+0000] {dag.py:3490} INFO - Setting next_dagrun for example_external_task_marker_child to None, run_after=None
[2025-03-13T10:03:04.653+0000] {logging_mixin.py:149} INFO - [2025-03-13T10:03:04.653+0000] {dag.py:3490} INFO - Setting next_dagrun for example_external_task_marker_parent to None, run_after=None
[2025-03-13T10:03:04.672+0000] {processor.py:179} INFO - Processing /home/airflow/.local/lib/python3.7/site-packages/airflow/example_dags/example_external_task_marker_dag.py took 0.092 seconds
[2025-03-13T10:03:35.223+0000] {processor.py:157} INFO - Started process (PID=3382) to work on /home/airflow/.local/lib/python3.7/site-packages/airflow/example_dags/example_external_task_marker_dag.py
[2025-03-13T10:03:35.225+0000] {processor.py:826} INFO - Processing file /home/airflow/.local/lib/python3.7/site-packages/airflow/example_dags/example_external_task_marker_dag.py for tasks to queue
[2025-03-13T10:03:35.225+0000] {logging_mixin.py:149} INFO - [2025-03-13T10:03:35.225+0000] {dagbag.py:541} INFO - Filling up the DagBag from /home/airflow/.local/lib/python3.7/site-packages/airflow/example_dags/example_external_task_marker_dag.py
[2025-03-13T10:03:35.232+0000] {processor.py:836} INFO - DAG(s) dict_keys(['example_external_task_marker_child', 'example_external_task_marker_parent']) retrieved from /home/airflow/.local/lib/python3.7/site-packages/airflow/example_dags/example_external_task_marker_dag.py
[2025-03-13T10:03:35.264+0000] {logging_mixin.py:149} INFO - [2025-03-13T10:03:35.264+0000] {dag.py:2726} INFO - Sync 2 DAGs
[2025-03-13T10:03:35.290+0000] {logging_mixin.py:149} INFO - [2025-03-13T10:03:35.289+0000] {dag.py:3490} INFO - Setting next_dagrun for example_external_task_marker_child to None, run_after=None
[2025-03-13T10:03:35.293+0000] {logging_mixin.py:149} INFO - [2025-03-13T10:03:35.293+0000] {dag.py:3490} INFO - Setting next_dagrun for example_external_task_marker_parent to None, run_after=None
[2025-03-13T10:03:35.312+0000] {processor.py:179} INFO - Processing /home/airflow/.local/lib/python3.7/site-packages/airflow/example_dags/example_external_task_marker_dag.py took 0.092 seconds
[2025-03-13T10:04:05.542+0000] {processor.py:157} INFO - Started process (PID=3473) to work on /home/airflow/.local/lib/python3.7/site-packages/airflow/example_dags/example_external_task_marker_dag.py
[2025-03-13T10:04:05.543+0000] {processor.py:826} INFO - Processing file /home/airflow/.local/lib/python3.7/site-packages/airflow/example_dags/example_external_task_marker_dag.py for tasks to queue
[2025-03-13T10:04:05.543+0000] {logging_mixin.py:149} INFO - [2025-03-13T10:04:05.543+0000] {dagbag.py:541} INFO - Filling up the DagBag from /home/airflow/.local/lib/python3.7/site-packages/airflow/example_dags/example_external_task_marker_dag.py
[2025-03-13T10:04:05.548+0000] {processor.py:836} INFO - DAG(s) dict_keys(['example_external_task_marker_parent', 'example_external_task_marker_child']) retrieved from /home/airflow/.local/lib/python3.7/site-packages/airflow/example_dags/example_external_task_marker_dag.py
[2025-03-13T10:04:05.576+0000] {logging_mixin.py:149} INFO - [2025-03-13T10:04:05.576+0000] {dag.py:2726} INFO - Sync 2 DAGs
[2025-03-13T10:04:05.599+0000] {logging_mixin.py:149} INFO - [2025-03-13T10:04:05.599+0000] {dag.py:3490} INFO - Setting next_dagrun for example_external_task_marker_child to None, run_after=None
[2025-03-13T10:04:05.602+0000] {logging_mixin.py:149} INFO - [2025-03-13T10:04:05.602+0000] {dag.py:3490} INFO - Setting next_dagrun for example_external_task_marker_parent to None, run_after=None
[2025-03-13T10:04:05.620+0000] {processor.py:179} INFO - Processing /home/airflow/.local/lib/python3.7/site-packages/airflow/example_dags/example_external_task_marker_dag.py took 0.081 seconds
[2025-03-13T10:04:35.980+0000] {processor.py:157} INFO - Started process (PID=3563) to work on /home/airflow/.local/lib/python3.7/site-packages/airflow/example_dags/example_external_task_marker_dag.py
[2025-03-13T10:04:35.981+0000] {processor.py:826} INFO - Processing file /home/airflow/.local/lib/python3.7/site-packages/airflow/example_dags/example_external_task_marker_dag.py for tasks to queue
[2025-03-13T10:04:35.982+0000] {logging_mixin.py:149} INFO - [2025-03-13T10:04:35.982+0000] {dagbag.py:541} INFO - Filling up the DagBag from /home/airflow/.local/lib/python3.7/site-packages/airflow/example_dags/example_external_task_marker_dag.py
[2025-03-13T10:04:35.987+0000] {processor.py:836} INFO - DAG(s) dict_keys(['example_external_task_marker_parent', 'example_external_task_marker_child']) retrieved from /home/airflow/.local/lib/python3.7/site-packages/airflow/example_dags/example_external_task_marker_dag.py
[2025-03-13T10:04:36.014+0000] {logging_mixin.py:149} INFO - [2025-03-13T10:04:36.014+0000] {dag.py:2726} INFO - Sync 2 DAGs
[2025-03-13T10:04:36.035+0000] {logging_mixin.py:149} INFO - [2025-03-13T10:04:36.035+0000] {dag.py:3490} INFO - Setting next_dagrun for example_external_task_marker_child to None, run_after=None
[2025-03-13T10:04:36.038+0000] {logging_mixin.py:149} INFO - [2025-03-13T10:04:36.037+0000] {dag.py:3490} INFO - Setting next_dagrun for example_external_task_marker_parent to None, run_after=None
[2025-03-13T10:04:36.055+0000] {processor.py:179} INFO - Processing /home/airflow/.local/lib/python3.7/site-packages/airflow/example_dags/example_external_task_marker_dag.py took 0.078 seconds
[2025-03-13T10:05:07.009+0000] {processor.py:157} INFO - Started process (PID=3655) to work on /home/airflow/.local/lib/python3.7/site-packages/airflow/example_dags/example_external_task_marker_dag.py
[2025-03-13T10:05:07.010+0000] {processor.py:826} INFO - Processing file /home/airflow/.local/lib/python3.7/site-packages/airflow/example_dags/example_external_task_marker_dag.py for tasks to queue
[2025-03-13T10:05:07.010+0000] {logging_mixin.py:149} INFO - [2025-03-13T10:05:07.010+0000] {dagbag.py:541} INFO - Filling up the DagBag from /home/airflow/.local/lib/python3.7/site-packages/airflow/example_dags/example_external_task_marker_dag.py
[2025-03-13T10:05:07.015+0000] {processor.py:836} INFO - DAG(s) dict_keys(['example_external_task_marker_parent', 'example_external_task_marker_child']) retrieved from /home/airflow/.local/lib/python3.7/site-packages/airflow/example_dags/example_external_task_marker_dag.py
[2025-03-13T10:05:07.039+0000] {logging_mixin.py:149} INFO - [2025-03-13T10:05:07.039+0000] {dag.py:2726} INFO - Sync 2 DAGs
[2025-03-13T10:05:07.060+0000] {logging_mixin.py:149} INFO - [2025-03-13T10:05:07.060+0000] {dag.py:3490} INFO - Setting next_dagrun for example_external_task_marker_child to None, run_after=None
[2025-03-13T10:05:07.063+0000] {logging_mixin.py:149} INFO - [2025-03-13T10:05:07.063+0000] {dag.py:3490} INFO - Setting next_dagrun for example_external_task_marker_parent to None, run_after=None
[2025-03-13T10:05:07.081+0000] {processor.py:179} INFO - Processing /home/airflow/.local/lib/python3.7/site-packages/airflow/example_dags/example_external_task_marker_dag.py took 0.076 seconds
