[2025-03-13T09:45:00.587+0000] {processor.py:157} INFO - Started process (PID=74) to work on /home/airflow/.local/lib/python3.7/site-packages/airflow/example_dags/example_xcomargs.py
[2025-03-13T09:45:00.589+0000] {processor.py:826} INFO - Processing file /home/airflow/.local/lib/python3.7/site-packages/airflow/example_dags/example_xcomargs.py for tasks to queue
[2025-03-13T09:45:00.590+0000] {logging_mixin.py:149} INFO - [2025-03-13T09:45:00.589+0000] {dagbag.py:541} INFO - Filling up the DagBag from /home/airflow/.local/lib/python3.7/site-packages/airflow/example_dags/example_xcomargs.py
[2025-03-13T09:45:00.601+0000] {processor.py:836} INFO - DAG(s) dict_keys(['example_xcom_args', 'example_xcom_args_with_operators']) retrieved from /home/airflow/.local/lib/python3.7/site-packages/airflow/example_dags/example_xcomargs.py
[2025-03-13T09:45:00.641+0000] {logging_mixin.py:149} INFO - [2025-03-13T09:45:00.641+0000] {dag.py:2726} INFO - Sync 2 DAGs
[2025-03-13T09:45:00.674+0000] {logging_mixin.py:149} INFO - [2025-03-13T09:45:00.674+0000] {dag.py:3490} INFO - Setting next_dagrun for example_xcom_args to None, run_after=None
[2025-03-13T09:45:00.678+0000] {logging_mixin.py:149} INFO - [2025-03-13T09:45:00.678+0000] {dag.py:3490} INFO - Setting next_dagrun for example_xcom_args_with_operators to None, run_after=None
[2025-03-13T09:45:00.699+0000] {processor.py:179} INFO - Processing /home/airflow/.local/lib/python3.7/site-packages/airflow/example_dags/example_xcomargs.py took 0.118 seconds
[2025-03-13T09:45:31.804+0000] {processor.py:157} INFO - Started process (PID=183) to work on /home/airflow/.local/lib/python3.7/site-packages/airflow/example_dags/example_xcomargs.py
[2025-03-13T09:45:31.805+0000] {processor.py:826} INFO - Processing file /home/airflow/.local/lib/python3.7/site-packages/airflow/example_dags/example_xcomargs.py for tasks to queue
[2025-03-13T09:45:31.806+0000] {logging_mixin.py:149} INFO - [2025-03-13T09:45:31.806+0000] {dagbag.py:541} INFO - Filling up the DagBag from /home/airflow/.local/lib/python3.7/site-packages/airflow/example_dags/example_xcomargs.py
[2025-03-13T09:45:31.814+0000] {processor.py:836} INFO - DAG(s) dict_keys(['example_xcom_args', 'example_xcom_args_with_operators']) retrieved from /home/airflow/.local/lib/python3.7/site-packages/airflow/example_dags/example_xcomargs.py
[2025-03-13T09:45:31.846+0000] {logging_mixin.py:149} INFO - [2025-03-13T09:45:31.846+0000] {dag.py:2726} INFO - Sync 2 DAGs
[2025-03-13T09:45:31.870+0000] {logging_mixin.py:149} INFO - [2025-03-13T09:45:31.870+0000] {dag.py:3490} INFO - Setting next_dagrun for example_xcom_args to None, run_after=None
[2025-03-13T09:45:31.874+0000] {logging_mixin.py:149} INFO - [2025-03-13T09:45:31.873+0000] {dag.py:3490} INFO - Setting next_dagrun for example_xcom_args_with_operators to None, run_after=None
[2025-03-13T09:45:31.891+0000] {processor.py:179} INFO - Processing /home/airflow/.local/lib/python3.7/site-packages/airflow/example_dags/example_xcomargs.py took 0.091 seconds
[2025-03-13T09:46:02.614+0000] {processor.py:157} INFO - Started process (PID=274) to work on /home/airflow/.local/lib/python3.7/site-packages/airflow/example_dags/example_xcomargs.py
[2025-03-13T09:46:02.615+0000] {processor.py:826} INFO - Processing file /home/airflow/.local/lib/python3.7/site-packages/airflow/example_dags/example_xcomargs.py for tasks to queue
[2025-03-13T09:46:02.616+0000] {logging_mixin.py:149} INFO - [2025-03-13T09:46:02.616+0000] {dagbag.py:541} INFO - Filling up the DagBag from /home/airflow/.local/lib/python3.7/site-packages/airflow/example_dags/example_xcomargs.py
[2025-03-13T09:46:02.624+0000] {processor.py:836} INFO - DAG(s) dict_keys(['example_xcom_args', 'example_xcom_args_with_operators']) retrieved from /home/airflow/.local/lib/python3.7/site-packages/airflow/example_dags/example_xcomargs.py
[2025-03-13T09:46:02.650+0000] {logging_mixin.py:149} INFO - [2025-03-13T09:46:02.649+0000] {dag.py:2726} INFO - Sync 2 DAGs
[2025-03-13T09:46:02.779+0000] {logging_mixin.py:149} INFO - [2025-03-13T09:46:02.779+0000] {dag.py:3490} INFO - Setting next_dagrun for example_xcom_args to None, run_after=None
[2025-03-13T09:46:02.783+0000] {logging_mixin.py:149} INFO - [2025-03-13T09:46:02.782+0000] {dag.py:3490} INFO - Setting next_dagrun for example_xcom_args_with_operators to None, run_after=None
[2025-03-13T09:46:02.798+0000] {processor.py:179} INFO - Processing /home/airflow/.local/lib/python3.7/site-packages/airflow/example_dags/example_xcomargs.py took 0.187 seconds
[2025-03-13T09:46:33.645+0000] {processor.py:157} INFO - Started process (PID=372) to work on /home/airflow/.local/lib/python3.7/site-packages/airflow/example_dags/example_xcomargs.py
[2025-03-13T09:46:33.646+0000] {processor.py:826} INFO - Processing file /home/airflow/.local/lib/python3.7/site-packages/airflow/example_dags/example_xcomargs.py for tasks to queue
[2025-03-13T09:46:33.647+0000] {logging_mixin.py:149} INFO - [2025-03-13T09:46:33.647+0000] {dagbag.py:541} INFO - Filling up the DagBag from /home/airflow/.local/lib/python3.7/site-packages/airflow/example_dags/example_xcomargs.py
[2025-03-13T09:46:33.655+0000] {processor.py:836} INFO - DAG(s) dict_keys(['example_xcom_args_with_operators', 'example_xcom_args']) retrieved from /home/airflow/.local/lib/python3.7/site-packages/airflow/example_dags/example_xcomargs.py
[2025-03-13T09:46:33.682+0000] {logging_mixin.py:149} INFO - [2025-03-13T09:46:33.682+0000] {dag.py:2726} INFO - Sync 2 DAGs
[2025-03-13T09:46:33.706+0000] {logging_mixin.py:149} INFO - [2025-03-13T09:46:33.706+0000] {dag.py:3490} INFO - Setting next_dagrun for example_xcom_args to None, run_after=None
[2025-03-13T09:46:33.709+0000] {logging_mixin.py:149} INFO - [2025-03-13T09:46:33.709+0000] {dag.py:3490} INFO - Setting next_dagrun for example_xcom_args_with_operators to None, run_after=None
[2025-03-13T09:46:33.729+0000] {processor.py:179} INFO - Processing /home/airflow/.local/lib/python3.7/site-packages/airflow/example_dags/example_xcomargs.py took 0.087 seconds
[2025-03-13T09:47:04.841+0000] {processor.py:157} INFO - Started process (PID=463) to work on /home/airflow/.local/lib/python3.7/site-packages/airflow/example_dags/example_xcomargs.py
[2025-03-13T09:47:04.842+0000] {processor.py:826} INFO - Processing file /home/airflow/.local/lib/python3.7/site-packages/airflow/example_dags/example_xcomargs.py for tasks to queue
[2025-03-13T09:47:04.842+0000] {logging_mixin.py:149} INFO - [2025-03-13T09:47:04.842+0000] {dagbag.py:541} INFO - Filling up the DagBag from /home/airflow/.local/lib/python3.7/site-packages/airflow/example_dags/example_xcomargs.py
[2025-03-13T09:47:04.850+0000] {processor.py:836} INFO - DAG(s) dict_keys(['example_xcom_args_with_operators', 'example_xcom_args']) retrieved from /home/airflow/.local/lib/python3.7/site-packages/airflow/example_dags/example_xcomargs.py
[2025-03-13T09:47:04.876+0000] {logging_mixin.py:149} INFO - [2025-03-13T09:47:04.876+0000] {dag.py:2726} INFO - Sync 2 DAGs
[2025-03-13T09:47:04.902+0000] {logging_mixin.py:149} INFO - [2025-03-13T09:47:04.902+0000] {dag.py:3490} INFO - Setting next_dagrun for example_xcom_args to None, run_after=None
[2025-03-13T09:47:04.909+0000] {logging_mixin.py:149} INFO - [2025-03-13T09:47:04.908+0000] {dag.py:3490} INFO - Setting next_dagrun for example_xcom_args_with_operators to None, run_after=None
[2025-03-13T09:47:04.937+0000] {processor.py:179} INFO - Processing /home/airflow/.local/lib/python3.7/site-packages/airflow/example_dags/example_xcomargs.py took 0.101 seconds
[2025-03-13T09:47:36.059+0000] {processor.py:157} INFO - Started process (PID=555) to work on /home/airflow/.local/lib/python3.7/site-packages/airflow/example_dags/example_xcomargs.py
[2025-03-13T09:47:36.060+0000] {processor.py:826} INFO - Processing file /home/airflow/.local/lib/python3.7/site-packages/airflow/example_dags/example_xcomargs.py for tasks to queue
[2025-03-13T09:47:36.061+0000] {logging_mixin.py:149} INFO - [2025-03-13T09:47:36.061+0000] {dagbag.py:541} INFO - Filling up the DagBag from /home/airflow/.local/lib/python3.7/site-packages/airflow/example_dags/example_xcomargs.py
[2025-03-13T09:47:36.067+0000] {processor.py:836} INFO - DAG(s) dict_keys(['example_xcom_args_with_operators', 'example_xcom_args']) retrieved from /home/airflow/.local/lib/python3.7/site-packages/airflow/example_dags/example_xcomargs.py
[2025-03-13T09:47:36.094+0000] {logging_mixin.py:149} INFO - [2025-03-13T09:47:36.094+0000] {dag.py:2726} INFO - Sync 2 DAGs
[2025-03-13T09:47:36.115+0000] {logging_mixin.py:149} INFO - [2025-03-13T09:47:36.115+0000] {dag.py:3490} INFO - Setting next_dagrun for example_xcom_args to None, run_after=None
[2025-03-13T09:47:36.118+0000] {logging_mixin.py:149} INFO - [2025-03-13T09:47:36.118+0000] {dag.py:3490} INFO - Setting next_dagrun for example_xcom_args_with_operators to None, run_after=None
[2025-03-13T09:47:36.135+0000] {processor.py:179} INFO - Processing /home/airflow/.local/lib/python3.7/site-packages/airflow/example_dags/example_xcomargs.py took 0.079 seconds
[2025-03-13T09:48:06.889+0000] {processor.py:157} INFO - Started process (PID=646) to work on /home/airflow/.local/lib/python3.7/site-packages/airflow/example_dags/example_xcomargs.py
[2025-03-13T09:48:06.890+0000] {processor.py:826} INFO - Processing file /home/airflow/.local/lib/python3.7/site-packages/airflow/example_dags/example_xcomargs.py for tasks to queue
[2025-03-13T09:48:06.891+0000] {logging_mixin.py:149} INFO - [2025-03-13T09:48:06.891+0000] {dagbag.py:541} INFO - Filling up the DagBag from /home/airflow/.local/lib/python3.7/site-packages/airflow/example_dags/example_xcomargs.py
[2025-03-13T09:48:06.898+0000] {processor.py:836} INFO - DAG(s) dict_keys(['example_xcom_args', 'example_xcom_args_with_operators']) retrieved from /home/airflow/.local/lib/python3.7/site-packages/airflow/example_dags/example_xcomargs.py
[2025-03-13T09:48:06.923+0000] {logging_mixin.py:149} INFO - [2025-03-13T09:48:06.923+0000] {dag.py:2726} INFO - Sync 2 DAGs
[2025-03-13T09:48:06.944+0000] {logging_mixin.py:149} INFO - [2025-03-13T09:48:06.944+0000] {dag.py:3490} INFO - Setting next_dagrun for example_xcom_args to None, run_after=None
[2025-03-13T09:48:06.948+0000] {logging_mixin.py:149} INFO - [2025-03-13T09:48:06.948+0000] {dag.py:3490} INFO - Setting next_dagrun for example_xcom_args_with_operators to None, run_after=None
[2025-03-13T09:48:06.964+0000] {processor.py:179} INFO - Processing /home/airflow/.local/lib/python3.7/site-packages/airflow/example_dags/example_xcomargs.py took 0.078 seconds
[2025-03-13T09:48:37.494+0000] {processor.py:157} INFO - Started process (PID=737) to work on /home/airflow/.local/lib/python3.7/site-packages/airflow/example_dags/example_xcomargs.py
[2025-03-13T09:48:37.495+0000] {processor.py:826} INFO - Processing file /home/airflow/.local/lib/python3.7/site-packages/airflow/example_dags/example_xcomargs.py for tasks to queue
[2025-03-13T09:48:37.496+0000] {logging_mixin.py:149} INFO - [2025-03-13T09:48:37.496+0000] {dagbag.py:541} INFO - Filling up the DagBag from /home/airflow/.local/lib/python3.7/site-packages/airflow/example_dags/example_xcomargs.py
[2025-03-13T09:48:37.504+0000] {processor.py:836} INFO - DAG(s) dict_keys(['example_xcom_args_with_operators', 'example_xcom_args']) retrieved from /home/airflow/.local/lib/python3.7/site-packages/airflow/example_dags/example_xcomargs.py
[2025-03-13T09:48:37.532+0000] {logging_mixin.py:149} INFO - [2025-03-13T09:48:37.532+0000] {dag.py:2726} INFO - Sync 2 DAGs
[2025-03-13T09:48:37.560+0000] {logging_mixin.py:149} INFO - [2025-03-13T09:48:37.559+0000] {dag.py:3490} INFO - Setting next_dagrun for example_xcom_args to None, run_after=None
[2025-03-13T09:48:37.563+0000] {logging_mixin.py:149} INFO - [2025-03-13T09:48:37.563+0000] {dag.py:3490} INFO - Setting next_dagrun for example_xcom_args_with_operators to None, run_after=None
[2025-03-13T09:48:37.582+0000] {processor.py:179} INFO - Processing /home/airflow/.local/lib/python3.7/site-packages/airflow/example_dags/example_xcomargs.py took 0.091 seconds
[2025-03-13T09:49:08.645+0000] {processor.py:157} INFO - Started process (PID=828) to work on /home/airflow/.local/lib/python3.7/site-packages/airflow/example_dags/example_xcomargs.py
[2025-03-13T09:49:08.646+0000] {processor.py:826} INFO - Processing file /home/airflow/.local/lib/python3.7/site-packages/airflow/example_dags/example_xcomargs.py for tasks to queue
[2025-03-13T09:49:08.646+0000] {logging_mixin.py:149} INFO - [2025-03-13T09:49:08.646+0000] {dagbag.py:541} INFO - Filling up the DagBag from /home/airflow/.local/lib/python3.7/site-packages/airflow/example_dags/example_xcomargs.py
[2025-03-13T09:49:08.653+0000] {processor.py:836} INFO - DAG(s) dict_keys(['example_xcom_args', 'example_xcom_args_with_operators']) retrieved from /home/airflow/.local/lib/python3.7/site-packages/airflow/example_dags/example_xcomargs.py
[2025-03-13T09:49:08.685+0000] {logging_mixin.py:149} INFO - [2025-03-13T09:49:08.685+0000] {dag.py:2726} INFO - Sync 2 DAGs
[2025-03-13T09:49:08.710+0000] {logging_mixin.py:149} INFO - [2025-03-13T09:49:08.710+0000] {dag.py:3490} INFO - Setting next_dagrun for example_xcom_args to None, run_after=None
[2025-03-13T09:49:08.714+0000] {logging_mixin.py:149} INFO - [2025-03-13T09:49:08.714+0000] {dag.py:3490} INFO - Setting next_dagrun for example_xcom_args_with_operators to None, run_after=None
[2025-03-13T09:49:08.729+0000] {processor.py:179} INFO - Processing /home/airflow/.local/lib/python3.7/site-packages/airflow/example_dags/example_xcomargs.py took 0.087 seconds
[2025-03-13T09:49:39.843+0000] {processor.py:157} INFO - Started process (PID=919) to work on /home/airflow/.local/lib/python3.7/site-packages/airflow/example_dags/example_xcomargs.py
[2025-03-13T09:49:39.844+0000] {processor.py:826} INFO - Processing file /home/airflow/.local/lib/python3.7/site-packages/airflow/example_dags/example_xcomargs.py for tasks to queue
[2025-03-13T09:49:39.845+0000] {logging_mixin.py:149} INFO - [2025-03-13T09:49:39.845+0000] {dagbag.py:541} INFO - Filling up the DagBag from /home/airflow/.local/lib/python3.7/site-packages/airflow/example_dags/example_xcomargs.py
[2025-03-13T09:49:39.852+0000] {processor.py:836} INFO - DAG(s) dict_keys(['example_xcom_args', 'example_xcom_args_with_operators']) retrieved from /home/airflow/.local/lib/python3.7/site-packages/airflow/example_dags/example_xcomargs.py
[2025-03-13T09:49:39.877+0000] {logging_mixin.py:149} INFO - [2025-03-13T09:49:39.877+0000] {dag.py:2726} INFO - Sync 2 DAGs
[2025-03-13T09:49:39.899+0000] {logging_mixin.py:149} INFO - [2025-03-13T09:49:39.899+0000] {dag.py:3490} INFO - Setting next_dagrun for example_xcom_args to None, run_after=None
[2025-03-13T09:49:39.903+0000] {logging_mixin.py:149} INFO - [2025-03-13T09:49:39.903+0000] {dag.py:3490} INFO - Setting next_dagrun for example_xcom_args_with_operators to None, run_after=None
[2025-03-13T09:49:39.920+0000] {processor.py:179} INFO - Processing /home/airflow/.local/lib/python3.7/site-packages/airflow/example_dags/example_xcomargs.py took 0.080 seconds
[2025-03-13T09:50:11.032+0000] {processor.py:157} INFO - Started process (PID=1010) to work on /home/airflow/.local/lib/python3.7/site-packages/airflow/example_dags/example_xcomargs.py
[2025-03-13T09:50:11.034+0000] {processor.py:826} INFO - Processing file /home/airflow/.local/lib/python3.7/site-packages/airflow/example_dags/example_xcomargs.py for tasks to queue
[2025-03-13T09:50:11.034+0000] {logging_mixin.py:149} INFO - [2025-03-13T09:50:11.034+0000] {dagbag.py:541} INFO - Filling up the DagBag from /home/airflow/.local/lib/python3.7/site-packages/airflow/example_dags/example_xcomargs.py
[2025-03-13T09:50:11.042+0000] {processor.py:836} INFO - DAG(s) dict_keys(['example_xcom_args_with_operators', 'example_xcom_args']) retrieved from /home/airflow/.local/lib/python3.7/site-packages/airflow/example_dags/example_xcomargs.py
[2025-03-13T09:50:11.066+0000] {logging_mixin.py:149} INFO - [2025-03-13T09:50:11.066+0000] {dag.py:2726} INFO - Sync 2 DAGs
[2025-03-13T09:50:11.088+0000] {logging_mixin.py:149} INFO - [2025-03-13T09:50:11.088+0000] {dag.py:3490} INFO - Setting next_dagrun for example_xcom_args to None, run_after=None
[2025-03-13T09:50:11.092+0000] {logging_mixin.py:149} INFO - [2025-03-13T09:50:11.091+0000] {dag.py:3490} INFO - Setting next_dagrun for example_xcom_args_with_operators to None, run_after=None
[2025-03-13T09:50:11.107+0000] {processor.py:179} INFO - Processing /home/airflow/.local/lib/python3.7/site-packages/airflow/example_dags/example_xcomargs.py took 0.078 seconds
[2025-03-13T09:50:42.204+0000] {processor.py:157} INFO - Started process (PID=1101) to work on /home/airflow/.local/lib/python3.7/site-packages/airflow/example_dags/example_xcomargs.py
[2025-03-13T09:50:42.205+0000] {processor.py:826} INFO - Processing file /home/airflow/.local/lib/python3.7/site-packages/airflow/example_dags/example_xcomargs.py for tasks to queue
[2025-03-13T09:50:42.206+0000] {logging_mixin.py:149} INFO - [2025-03-13T09:50:42.205+0000] {dagbag.py:541} INFO - Filling up the DagBag from /home/airflow/.local/lib/python3.7/site-packages/airflow/example_dags/example_xcomargs.py
[2025-03-13T09:50:42.212+0000] {processor.py:836} INFO - DAG(s) dict_keys(['example_xcom_args', 'example_xcom_args_with_operators']) retrieved from /home/airflow/.local/lib/python3.7/site-packages/airflow/example_dags/example_xcomargs.py
[2025-03-13T09:50:42.237+0000] {logging_mixin.py:149} INFO - [2025-03-13T09:50:42.237+0000] {dag.py:2726} INFO - Sync 2 DAGs
[2025-03-13T09:50:42.257+0000] {logging_mixin.py:149} INFO - [2025-03-13T09:50:42.257+0000] {dag.py:3490} INFO - Setting next_dagrun for example_xcom_args to None, run_after=None
[2025-03-13T09:50:42.260+0000] {logging_mixin.py:149} INFO - [2025-03-13T09:50:42.260+0000] {dag.py:3490} INFO - Setting next_dagrun for example_xcom_args_with_operators to None, run_after=None
[2025-03-13T09:50:42.275+0000] {processor.py:179} INFO - Processing /home/airflow/.local/lib/python3.7/site-packages/airflow/example_dags/example_xcomargs.py took 0.074 seconds
[2025-03-13T09:51:13.516+0000] {processor.py:157} INFO - Started process (PID=1192) to work on /home/airflow/.local/lib/python3.7/site-packages/airflow/example_dags/example_xcomargs.py
[2025-03-13T09:51:13.517+0000] {processor.py:826} INFO - Processing file /home/airflow/.local/lib/python3.7/site-packages/airflow/example_dags/example_xcomargs.py for tasks to queue
[2025-03-13T09:51:13.518+0000] {logging_mixin.py:149} INFO - [2025-03-13T09:51:13.518+0000] {dagbag.py:541} INFO - Filling up the DagBag from /home/airflow/.local/lib/python3.7/site-packages/airflow/example_dags/example_xcomargs.py
[2025-03-13T09:51:13.527+0000] {processor.py:836} INFO - DAG(s) dict_keys(['example_xcom_args', 'example_xcom_args_with_operators']) retrieved from /home/airflow/.local/lib/python3.7/site-packages/airflow/example_dags/example_xcomargs.py
[2025-03-13T09:51:13.556+0000] {logging_mixin.py:149} INFO - [2025-03-13T09:51:13.556+0000] {dag.py:2726} INFO - Sync 2 DAGs
[2025-03-13T09:51:13.586+0000] {logging_mixin.py:149} INFO - [2025-03-13T09:51:13.586+0000] {dag.py:3490} INFO - Setting next_dagrun for example_xcom_args to None, run_after=None
[2025-03-13T09:51:13.591+0000] {logging_mixin.py:149} INFO - [2025-03-13T09:51:13.591+0000] {dag.py:3490} INFO - Setting next_dagrun for example_xcom_args_with_operators to None, run_after=None
[2025-03-13T09:51:13.613+0000] {processor.py:179} INFO - Processing /home/airflow/.local/lib/python3.7/site-packages/airflow/example_dags/example_xcomargs.py took 0.099 seconds
[2025-03-13T09:51:44.796+0000] {processor.py:157} INFO - Started process (PID=1283) to work on /home/airflow/.local/lib/python3.7/site-packages/airflow/example_dags/example_xcomargs.py
[2025-03-13T09:51:44.797+0000] {processor.py:826} INFO - Processing file /home/airflow/.local/lib/python3.7/site-packages/airflow/example_dags/example_xcomargs.py for tasks to queue
[2025-03-13T09:51:44.798+0000] {logging_mixin.py:149} INFO - [2025-03-13T09:51:44.798+0000] {dagbag.py:541} INFO - Filling up the DagBag from /home/airflow/.local/lib/python3.7/site-packages/airflow/example_dags/example_xcomargs.py
[2025-03-13T09:51:44.806+0000] {processor.py:836} INFO - DAG(s) dict_keys(['example_xcom_args_with_operators', 'example_xcom_args']) retrieved from /home/airflow/.local/lib/python3.7/site-packages/airflow/example_dags/example_xcomargs.py
[2025-03-13T09:51:44.835+0000] {logging_mixin.py:149} INFO - [2025-03-13T09:51:44.834+0000] {dag.py:2726} INFO - Sync 2 DAGs
[2025-03-13T09:51:44.863+0000] {logging_mixin.py:149} INFO - [2025-03-13T09:51:44.863+0000] {dag.py:3490} INFO - Setting next_dagrun for example_xcom_args to None, run_after=None
[2025-03-13T09:51:44.867+0000] {logging_mixin.py:149} INFO - [2025-03-13T09:51:44.867+0000] {dag.py:3490} INFO - Setting next_dagrun for example_xcom_args_with_operators to None, run_after=None
[2025-03-13T09:51:44.887+0000] {processor.py:179} INFO - Processing /home/airflow/.local/lib/python3.7/site-packages/airflow/example_dags/example_xcomargs.py took 0.093 seconds
[2025-03-13T09:52:16.177+0000] {processor.py:157} INFO - Started process (PID=1374) to work on /home/airflow/.local/lib/python3.7/site-packages/airflow/example_dags/example_xcomargs.py
[2025-03-13T09:52:16.178+0000] {processor.py:826} INFO - Processing file /home/airflow/.local/lib/python3.7/site-packages/airflow/example_dags/example_xcomargs.py for tasks to queue
[2025-03-13T09:52:16.179+0000] {logging_mixin.py:149} INFO - [2025-03-13T09:52:16.179+0000] {dagbag.py:541} INFO - Filling up the DagBag from /home/airflow/.local/lib/python3.7/site-packages/airflow/example_dags/example_xcomargs.py
[2025-03-13T09:52:16.187+0000] {processor.py:836} INFO - DAG(s) dict_keys(['example_xcom_args_with_operators', 'example_xcom_args']) retrieved from /home/airflow/.local/lib/python3.7/site-packages/airflow/example_dags/example_xcomargs.py
[2025-03-13T09:52:16.214+0000] {logging_mixin.py:149} INFO - [2025-03-13T09:52:16.214+0000] {dag.py:2726} INFO - Sync 2 DAGs
[2025-03-13T09:52:16.237+0000] {logging_mixin.py:149} INFO - [2025-03-13T09:52:16.237+0000] {dag.py:3490} INFO - Setting next_dagrun for example_xcom_args to None, run_after=None
[2025-03-13T09:52:16.241+0000] {logging_mixin.py:149} INFO - [2025-03-13T09:52:16.241+0000] {dag.py:3490} INFO - Setting next_dagrun for example_xcom_args_with_operators to None, run_after=None
[2025-03-13T09:52:16.257+0000] {processor.py:179} INFO - Processing /home/airflow/.local/lib/python3.7/site-packages/airflow/example_dags/example_xcomargs.py took 0.083 seconds
[2025-03-13T09:52:47.545+0000] {processor.py:157} INFO - Started process (PID=1465) to work on /home/airflow/.local/lib/python3.7/site-packages/airflow/example_dags/example_xcomargs.py
[2025-03-13T09:52:47.546+0000] {processor.py:826} INFO - Processing file /home/airflow/.local/lib/python3.7/site-packages/airflow/example_dags/example_xcomargs.py for tasks to queue
[2025-03-13T09:52:47.546+0000] {logging_mixin.py:149} INFO - [2025-03-13T09:52:47.546+0000] {dagbag.py:541} INFO - Filling up the DagBag from /home/airflow/.local/lib/python3.7/site-packages/airflow/example_dags/example_xcomargs.py
[2025-03-13T09:52:47.554+0000] {processor.py:836} INFO - DAG(s) dict_keys(['example_xcom_args_with_operators', 'example_xcom_args']) retrieved from /home/airflow/.local/lib/python3.7/site-packages/airflow/example_dags/example_xcomargs.py
[2025-03-13T09:52:47.582+0000] {logging_mixin.py:149} INFO - [2025-03-13T09:52:47.582+0000] {dag.py:2726} INFO - Sync 2 DAGs
[2025-03-13T09:52:47.606+0000] {logging_mixin.py:149} INFO - [2025-03-13T09:52:47.606+0000] {dag.py:3490} INFO - Setting next_dagrun for example_xcom_args to None, run_after=None
[2025-03-13T09:52:47.609+0000] {logging_mixin.py:149} INFO - [2025-03-13T09:52:47.609+0000] {dag.py:3490} INFO - Setting next_dagrun for example_xcom_args_with_operators to None, run_after=None
[2025-03-13T09:52:47.626+0000] {processor.py:179} INFO - Processing /home/airflow/.local/lib/python3.7/site-packages/airflow/example_dags/example_xcomargs.py took 0.085 seconds
[2025-03-13T09:53:18.052+0000] {processor.py:157} INFO - Started process (PID=1556) to work on /home/airflow/.local/lib/python3.7/site-packages/airflow/example_dags/example_xcomargs.py
[2025-03-13T09:53:18.053+0000] {processor.py:826} INFO - Processing file /home/airflow/.local/lib/python3.7/site-packages/airflow/example_dags/example_xcomargs.py for tasks to queue
[2025-03-13T09:53:18.054+0000] {logging_mixin.py:149} INFO - [2025-03-13T09:53:18.054+0000] {dagbag.py:541} INFO - Filling up the DagBag from /home/airflow/.local/lib/python3.7/site-packages/airflow/example_dags/example_xcomargs.py
[2025-03-13T09:53:18.062+0000] {processor.py:836} INFO - DAG(s) dict_keys(['example_xcom_args_with_operators', 'example_xcom_args']) retrieved from /home/airflow/.local/lib/python3.7/site-packages/airflow/example_dags/example_xcomargs.py
[2025-03-13T09:53:18.088+0000] {logging_mixin.py:149} INFO - [2025-03-13T09:53:18.088+0000] {dag.py:2726} INFO - Sync 2 DAGs
[2025-03-13T09:53:18.110+0000] {logging_mixin.py:149} INFO - [2025-03-13T09:53:18.110+0000] {dag.py:3490} INFO - Setting next_dagrun for example_xcom_args to None, run_after=None
[2025-03-13T09:53:18.114+0000] {logging_mixin.py:149} INFO - [2025-03-13T09:53:18.114+0000] {dag.py:3490} INFO - Setting next_dagrun for example_xcom_args_with_operators to None, run_after=None
[2025-03-13T09:53:18.130+0000] {processor.py:179} INFO - Processing /home/airflow/.local/lib/python3.7/site-packages/airflow/example_dags/example_xcomargs.py took 0.081 seconds
[2025-03-13T09:53:49.413+0000] {processor.py:157} INFO - Started process (PID=1647) to work on /home/airflow/.local/lib/python3.7/site-packages/airflow/example_dags/example_xcomargs.py
[2025-03-13T09:53:49.414+0000] {processor.py:826} INFO - Processing file /home/airflow/.local/lib/python3.7/site-packages/airflow/example_dags/example_xcomargs.py for tasks to queue
[2025-03-13T09:53:49.415+0000] {logging_mixin.py:149} INFO - [2025-03-13T09:53:49.415+0000] {dagbag.py:541} INFO - Filling up the DagBag from /home/airflow/.local/lib/python3.7/site-packages/airflow/example_dags/example_xcomargs.py
[2025-03-13T09:53:49.423+0000] {processor.py:836} INFO - DAG(s) dict_keys(['example_xcom_args', 'example_xcom_args_with_operators']) retrieved from /home/airflow/.local/lib/python3.7/site-packages/airflow/example_dags/example_xcomargs.py
[2025-03-13T09:53:49.453+0000] {logging_mixin.py:149} INFO - [2025-03-13T09:53:49.452+0000] {dag.py:2726} INFO - Sync 2 DAGs
[2025-03-13T09:53:49.479+0000] {logging_mixin.py:149} INFO - [2025-03-13T09:53:49.479+0000] {dag.py:3490} INFO - Setting next_dagrun for example_xcom_args to None, run_after=None
[2025-03-13T09:53:49.483+0000] {logging_mixin.py:149} INFO - [2025-03-13T09:53:49.482+0000] {dag.py:3490} INFO - Setting next_dagrun for example_xcom_args_with_operators to None, run_after=None
[2025-03-13T09:53:49.506+0000] {processor.py:179} INFO - Processing /home/airflow/.local/lib/python3.7/site-packages/airflow/example_dags/example_xcomargs.py took 0.096 seconds
[2025-03-13T09:54:20.724+0000] {processor.py:157} INFO - Started process (PID=1738) to work on /home/airflow/.local/lib/python3.7/site-packages/airflow/example_dags/example_xcomargs.py
[2025-03-13T09:54:20.725+0000] {processor.py:826} INFO - Processing file /home/airflow/.local/lib/python3.7/site-packages/airflow/example_dags/example_xcomargs.py for tasks to queue
[2025-03-13T09:54:20.725+0000] {logging_mixin.py:149} INFO - [2025-03-13T09:54:20.725+0000] {dagbag.py:541} INFO - Filling up the DagBag from /home/airflow/.local/lib/python3.7/site-packages/airflow/example_dags/example_xcomargs.py
[2025-03-13T09:54:20.732+0000] {processor.py:836} INFO - DAG(s) dict_keys(['example_xcom_args', 'example_xcom_args_with_operators']) retrieved from /home/airflow/.local/lib/python3.7/site-packages/airflow/example_dags/example_xcomargs.py
[2025-03-13T09:54:20.759+0000] {logging_mixin.py:149} INFO - [2025-03-13T09:54:20.758+0000] {dag.py:2726} INFO - Sync 2 DAGs
[2025-03-13T09:54:20.782+0000] {logging_mixin.py:149} INFO - [2025-03-13T09:54:20.782+0000] {dag.py:3490} INFO - Setting next_dagrun for example_xcom_args to None, run_after=None
[2025-03-13T09:54:20.785+0000] {logging_mixin.py:149} INFO - [2025-03-13T09:54:20.785+0000] {dag.py:3490} INFO - Setting next_dagrun for example_xcom_args_with_operators to None, run_after=None
[2025-03-13T09:54:20.804+0000] {processor.py:179} INFO - Processing /home/airflow/.local/lib/python3.7/site-packages/airflow/example_dags/example_xcomargs.py took 0.082 seconds
[2025-03-13T09:54:51.953+0000] {processor.py:157} INFO - Started process (PID=1829) to work on /home/airflow/.local/lib/python3.7/site-packages/airflow/example_dags/example_xcomargs.py
[2025-03-13T09:54:51.954+0000] {processor.py:826} INFO - Processing file /home/airflow/.local/lib/python3.7/site-packages/airflow/example_dags/example_xcomargs.py for tasks to queue
[2025-03-13T09:54:51.955+0000] {logging_mixin.py:149} INFO - [2025-03-13T09:54:51.955+0000] {dagbag.py:541} INFO - Filling up the DagBag from /home/airflow/.local/lib/python3.7/site-packages/airflow/example_dags/example_xcomargs.py
[2025-03-13T09:54:51.964+0000] {processor.py:836} INFO - DAG(s) dict_keys(['example_xcom_args', 'example_xcom_args_with_operators']) retrieved from /home/airflow/.local/lib/python3.7/site-packages/airflow/example_dags/example_xcomargs.py
[2025-03-13T09:54:51.991+0000] {logging_mixin.py:149} INFO - [2025-03-13T09:54:51.991+0000] {dag.py:2726} INFO - Sync 2 DAGs
[2025-03-13T09:54:52.014+0000] {logging_mixin.py:149} INFO - [2025-03-13T09:54:52.014+0000] {dag.py:3490} INFO - Setting next_dagrun for example_xcom_args to None, run_after=None
[2025-03-13T09:54:52.017+0000] {logging_mixin.py:149} INFO - [2025-03-13T09:54:52.017+0000] {dag.py:3490} INFO - Setting next_dagrun for example_xcom_args_with_operators to None, run_after=None
[2025-03-13T09:54:52.035+0000] {processor.py:179} INFO - Processing /home/airflow/.local/lib/python3.7/site-packages/airflow/example_dags/example_xcomargs.py took 0.084 seconds
[2025-03-13T09:55:23.200+0000] {processor.py:157} INFO - Started process (PID=1920) to work on /home/airflow/.local/lib/python3.7/site-packages/airflow/example_dags/example_xcomargs.py
[2025-03-13T09:55:23.201+0000] {processor.py:826} INFO - Processing file /home/airflow/.local/lib/python3.7/site-packages/airflow/example_dags/example_xcomargs.py for tasks to queue
[2025-03-13T09:55:23.202+0000] {logging_mixin.py:149} INFO - [2025-03-13T09:55:23.201+0000] {dagbag.py:541} INFO - Filling up the DagBag from /home/airflow/.local/lib/python3.7/site-packages/airflow/example_dags/example_xcomargs.py
[2025-03-13T09:55:23.211+0000] {processor.py:836} INFO - DAG(s) dict_keys(['example_xcom_args', 'example_xcom_args_with_operators']) retrieved from /home/airflow/.local/lib/python3.7/site-packages/airflow/example_dags/example_xcomargs.py
[2025-03-13T09:55:23.249+0000] {logging_mixin.py:149} INFO - [2025-03-13T09:55:23.249+0000] {dag.py:2726} INFO - Sync 2 DAGs
[2025-03-13T09:55:23.279+0000] {logging_mixin.py:149} INFO - [2025-03-13T09:55:23.279+0000] {dag.py:3490} INFO - Setting next_dagrun for example_xcom_args to None, run_after=None
[2025-03-13T09:55:23.284+0000] {logging_mixin.py:149} INFO - [2025-03-13T09:55:23.284+0000] {dag.py:3490} INFO - Setting next_dagrun for example_xcom_args_with_operators to None, run_after=None
[2025-03-13T09:55:23.306+0000] {processor.py:179} INFO - Processing /home/airflow/.local/lib/python3.7/site-packages/airflow/example_dags/example_xcomargs.py took 0.111 seconds
[2025-03-13T09:55:54.516+0000] {processor.py:157} INFO - Started process (PID=2011) to work on /home/airflow/.local/lib/python3.7/site-packages/airflow/example_dags/example_xcomargs.py
[2025-03-13T09:55:54.517+0000] {processor.py:826} INFO - Processing file /home/airflow/.local/lib/python3.7/site-packages/airflow/example_dags/example_xcomargs.py for tasks to queue
[2025-03-13T09:55:54.518+0000] {logging_mixin.py:149} INFO - [2025-03-13T09:55:54.518+0000] {dagbag.py:541} INFO - Filling up the DagBag from /home/airflow/.local/lib/python3.7/site-packages/airflow/example_dags/example_xcomargs.py
[2025-03-13T09:55:54.525+0000] {processor.py:836} INFO - DAG(s) dict_keys(['example_xcom_args_with_operators', 'example_xcom_args']) retrieved from /home/airflow/.local/lib/python3.7/site-packages/airflow/example_dags/example_xcomargs.py
[2025-03-13T09:55:54.551+0000] {logging_mixin.py:149} INFO - [2025-03-13T09:55:54.551+0000] {dag.py:2726} INFO - Sync 2 DAGs
[2025-03-13T09:55:54.573+0000] {logging_mixin.py:149} INFO - [2025-03-13T09:55:54.573+0000] {dag.py:3490} INFO - Setting next_dagrun for example_xcom_args to None, run_after=None
[2025-03-13T09:55:54.576+0000] {logging_mixin.py:149} INFO - [2025-03-13T09:55:54.576+0000] {dag.py:3490} INFO - Setting next_dagrun for example_xcom_args_with_operators to None, run_after=None
[2025-03-13T09:55:54.596+0000] {processor.py:179} INFO - Processing /home/airflow/.local/lib/python3.7/site-packages/airflow/example_dags/example_xcomargs.py took 0.083 seconds
[2025-03-13T09:56:24.992+0000] {processor.py:157} INFO - Started process (PID=2102) to work on /home/airflow/.local/lib/python3.7/site-packages/airflow/example_dags/example_xcomargs.py
[2025-03-13T09:56:24.993+0000] {processor.py:826} INFO - Processing file /home/airflow/.local/lib/python3.7/site-packages/airflow/example_dags/example_xcomargs.py for tasks to queue
[2025-03-13T09:56:24.994+0000] {logging_mixin.py:149} INFO - [2025-03-13T09:56:24.993+0000] {dagbag.py:541} INFO - Filling up the DagBag from /home/airflow/.local/lib/python3.7/site-packages/airflow/example_dags/example_xcomargs.py
[2025-03-13T09:56:25.002+0000] {processor.py:836} INFO - DAG(s) dict_keys(['example_xcom_args_with_operators', 'example_xcom_args']) retrieved from /home/airflow/.local/lib/python3.7/site-packages/airflow/example_dags/example_xcomargs.py
[2025-03-13T09:56:25.033+0000] {logging_mixin.py:149} INFO - [2025-03-13T09:56:25.033+0000] {dag.py:2726} INFO - Sync 2 DAGs
[2025-03-13T09:56:25.059+0000] {logging_mixin.py:149} INFO - [2025-03-13T09:56:25.059+0000] {dag.py:3490} INFO - Setting next_dagrun for example_xcom_args to None, run_after=None
[2025-03-13T09:56:25.063+0000] {logging_mixin.py:149} INFO - [2025-03-13T09:56:25.063+0000] {dag.py:3490} INFO - Setting next_dagrun for example_xcom_args_with_operators to None, run_after=None
[2025-03-13T09:56:25.083+0000] {processor.py:179} INFO - Processing /home/airflow/.local/lib/python3.7/site-packages/airflow/example_dags/example_xcomargs.py took 0.095 seconds
[2025-03-13T09:56:55.577+0000] {processor.py:157} INFO - Started process (PID=2193) to work on /home/airflow/.local/lib/python3.7/site-packages/airflow/example_dags/example_xcomargs.py
[2025-03-13T09:56:55.578+0000] {processor.py:826} INFO - Processing file /home/airflow/.local/lib/python3.7/site-packages/airflow/example_dags/example_xcomargs.py for tasks to queue
[2025-03-13T09:56:55.579+0000] {logging_mixin.py:149} INFO - [2025-03-13T09:56:55.579+0000] {dagbag.py:541} INFO - Filling up the DagBag from /home/airflow/.local/lib/python3.7/site-packages/airflow/example_dags/example_xcomargs.py
[2025-03-13T09:56:55.586+0000] {processor.py:836} INFO - DAG(s) dict_keys(['example_xcom_args_with_operators', 'example_xcom_args']) retrieved from /home/airflow/.local/lib/python3.7/site-packages/airflow/example_dags/example_xcomargs.py
[2025-03-13T09:56:55.616+0000] {logging_mixin.py:149} INFO - [2025-03-13T09:56:55.616+0000] {dag.py:2726} INFO - Sync 2 DAGs
[2025-03-13T09:56:55.639+0000] {logging_mixin.py:149} INFO - [2025-03-13T09:56:55.639+0000] {dag.py:3490} INFO - Setting next_dagrun for example_xcom_args to None, run_after=None
[2025-03-13T09:56:55.643+0000] {logging_mixin.py:149} INFO - [2025-03-13T09:56:55.643+0000] {dag.py:3490} INFO - Setting next_dagrun for example_xcom_args_with_operators to None, run_after=None
[2025-03-13T09:56:55.659+0000] {processor.py:179} INFO - Processing /home/airflow/.local/lib/python3.7/site-packages/airflow/example_dags/example_xcomargs.py took 0.086 seconds
[2025-03-13T09:57:26.007+0000] {processor.py:157} INFO - Started process (PID=2284) to work on /home/airflow/.local/lib/python3.7/site-packages/airflow/example_dags/example_xcomargs.py
[2025-03-13T09:57:26.008+0000] {processor.py:826} INFO - Processing file /home/airflow/.local/lib/python3.7/site-packages/airflow/example_dags/example_xcomargs.py for tasks to queue
[2025-03-13T09:57:26.009+0000] {logging_mixin.py:149} INFO - [2025-03-13T09:57:26.009+0000] {dagbag.py:541} INFO - Filling up the DagBag from /home/airflow/.local/lib/python3.7/site-packages/airflow/example_dags/example_xcomargs.py
[2025-03-13T09:57:26.016+0000] {processor.py:836} INFO - DAG(s) dict_keys(['example_xcom_args_with_operators', 'example_xcom_args']) retrieved from /home/airflow/.local/lib/python3.7/site-packages/airflow/example_dags/example_xcomargs.py
[2025-03-13T09:57:26.043+0000] {logging_mixin.py:149} INFO - [2025-03-13T09:57:26.043+0000] {dag.py:2726} INFO - Sync 2 DAGs
[2025-03-13T09:57:26.066+0000] {logging_mixin.py:149} INFO - [2025-03-13T09:57:26.066+0000] {dag.py:3490} INFO - Setting next_dagrun for example_xcom_args to None, run_after=None
[2025-03-13T09:57:26.070+0000] {logging_mixin.py:149} INFO - [2025-03-13T09:57:26.070+0000] {dag.py:3490} INFO - Setting next_dagrun for example_xcom_args_with_operators to None, run_after=None
[2025-03-13T09:57:26.087+0000] {processor.py:179} INFO - Processing /home/airflow/.local/lib/python3.7/site-packages/airflow/example_dags/example_xcomargs.py took 0.083 seconds
[2025-03-13T09:57:56.378+0000] {processor.py:157} INFO - Started process (PID=2375) to work on /home/airflow/.local/lib/python3.7/site-packages/airflow/example_dags/example_xcomargs.py
[2025-03-13T09:57:56.380+0000] {processor.py:826} INFO - Processing file /home/airflow/.local/lib/python3.7/site-packages/airflow/example_dags/example_xcomargs.py for tasks to queue
[2025-03-13T09:57:56.380+0000] {logging_mixin.py:149} INFO - [2025-03-13T09:57:56.380+0000] {dagbag.py:541} INFO - Filling up the DagBag from /home/airflow/.local/lib/python3.7/site-packages/airflow/example_dags/example_xcomargs.py
[2025-03-13T09:57:56.387+0000] {processor.py:836} INFO - DAG(s) dict_keys(['example_xcom_args_with_operators', 'example_xcom_args']) retrieved from /home/airflow/.local/lib/python3.7/site-packages/airflow/example_dags/example_xcomargs.py
[2025-03-13T09:57:56.412+0000] {logging_mixin.py:149} INFO - [2025-03-13T09:57:56.412+0000] {dag.py:2726} INFO - Sync 2 DAGs
[2025-03-13T09:57:56.434+0000] {logging_mixin.py:149} INFO - [2025-03-13T09:57:56.434+0000] {dag.py:3490} INFO - Setting next_dagrun for example_xcom_args to None, run_after=None
[2025-03-13T09:57:56.437+0000] {logging_mixin.py:149} INFO - [2025-03-13T09:57:56.436+0000] {dag.py:3490} INFO - Setting next_dagrun for example_xcom_args_with_operators to None, run_after=None
[2025-03-13T09:57:56.452+0000] {processor.py:179} INFO - Processing /home/airflow/.local/lib/python3.7/site-packages/airflow/example_dags/example_xcomargs.py took 0.077 seconds
[2025-03-13T09:58:27.518+0000] {processor.py:157} INFO - Started process (PID=2466) to work on /home/airflow/.local/lib/python3.7/site-packages/airflow/example_dags/example_xcomargs.py
[2025-03-13T09:58:27.520+0000] {processor.py:826} INFO - Processing file /home/airflow/.local/lib/python3.7/site-packages/airflow/example_dags/example_xcomargs.py for tasks to queue
[2025-03-13T09:58:27.521+0000] {logging_mixin.py:149} INFO - [2025-03-13T09:58:27.520+0000] {dagbag.py:541} INFO - Filling up the DagBag from /home/airflow/.local/lib/python3.7/site-packages/airflow/example_dags/example_xcomargs.py
[2025-03-13T09:58:27.531+0000] {processor.py:836} INFO - DAG(s) dict_keys(['example_xcom_args', 'example_xcom_args_with_operators']) retrieved from /home/airflow/.local/lib/python3.7/site-packages/airflow/example_dags/example_xcomargs.py
[2025-03-13T09:58:27.560+0000] {logging_mixin.py:149} INFO - [2025-03-13T09:58:27.560+0000] {dag.py:2726} INFO - Sync 2 DAGs
[2025-03-13T09:58:27.581+0000] {logging_mixin.py:149} INFO - [2025-03-13T09:58:27.581+0000] {dag.py:3490} INFO - Setting next_dagrun for example_xcom_args to None, run_after=None
[2025-03-13T09:58:27.584+0000] {logging_mixin.py:149} INFO - [2025-03-13T09:58:27.584+0000] {dag.py:3490} INFO - Setting next_dagrun for example_xcom_args_with_operators to None, run_after=None
[2025-03-13T09:58:27.600+0000] {processor.py:179} INFO - Processing /home/airflow/.local/lib/python3.7/site-packages/airflow/example_dags/example_xcomargs.py took 0.085 seconds
[2025-03-13T09:58:58.728+0000] {processor.py:157} INFO - Started process (PID=2557) to work on /home/airflow/.local/lib/python3.7/site-packages/airflow/example_dags/example_xcomargs.py
[2025-03-13T09:58:58.729+0000] {processor.py:826} INFO - Processing file /home/airflow/.local/lib/python3.7/site-packages/airflow/example_dags/example_xcomargs.py for tasks to queue
[2025-03-13T09:58:58.730+0000] {logging_mixin.py:149} INFO - [2025-03-13T09:58:58.730+0000] {dagbag.py:541} INFO - Filling up the DagBag from /home/airflow/.local/lib/python3.7/site-packages/airflow/example_dags/example_xcomargs.py
[2025-03-13T09:58:58.737+0000] {processor.py:836} INFO - DAG(s) dict_keys(['example_xcom_args', 'example_xcom_args_with_operators']) retrieved from /home/airflow/.local/lib/python3.7/site-packages/airflow/example_dags/example_xcomargs.py
[2025-03-13T09:58:58.766+0000] {logging_mixin.py:149} INFO - [2025-03-13T09:58:58.766+0000] {dag.py:2726} INFO - Sync 2 DAGs
[2025-03-13T09:58:58.789+0000] {logging_mixin.py:149} INFO - [2025-03-13T09:58:58.789+0000] {dag.py:3490} INFO - Setting next_dagrun for example_xcom_args to None, run_after=None
[2025-03-13T09:58:58.793+0000] {logging_mixin.py:149} INFO - [2025-03-13T09:58:58.792+0000] {dag.py:3490} INFO - Setting next_dagrun for example_xcom_args_with_operators to None, run_after=None
[2025-03-13T09:58:58.810+0000] {processor.py:179} INFO - Processing /home/airflow/.local/lib/python3.7/site-packages/airflow/example_dags/example_xcomargs.py took 0.085 seconds
[2025-03-13T09:59:29.232+0000] {processor.py:157} INFO - Started process (PID=2648) to work on /home/airflow/.local/lib/python3.7/site-packages/airflow/example_dags/example_xcomargs.py
[2025-03-13T09:59:29.233+0000] {processor.py:826} INFO - Processing file /home/airflow/.local/lib/python3.7/site-packages/airflow/example_dags/example_xcomargs.py for tasks to queue
[2025-03-13T09:59:29.234+0000] {logging_mixin.py:149} INFO - [2025-03-13T09:59:29.234+0000] {dagbag.py:541} INFO - Filling up the DagBag from /home/airflow/.local/lib/python3.7/site-packages/airflow/example_dags/example_xcomargs.py
[2025-03-13T09:59:29.242+0000] {processor.py:836} INFO - DAG(s) dict_keys(['example_xcom_args', 'example_xcom_args_with_operators']) retrieved from /home/airflow/.local/lib/python3.7/site-packages/airflow/example_dags/example_xcomargs.py
[2025-03-13T09:59:29.269+0000] {logging_mixin.py:149} INFO - [2025-03-13T09:59:29.269+0000] {dag.py:2726} INFO - Sync 2 DAGs
[2025-03-13T09:59:29.293+0000] {logging_mixin.py:149} INFO - [2025-03-13T09:59:29.293+0000] {dag.py:3490} INFO - Setting next_dagrun for example_xcom_args to None, run_after=None
[2025-03-13T09:59:29.297+0000] {logging_mixin.py:149} INFO - [2025-03-13T09:59:29.297+0000] {dag.py:3490} INFO - Setting next_dagrun for example_xcom_args_with_operators to None, run_after=None
[2025-03-13T09:59:29.314+0000] {processor.py:179} INFO - Processing /home/airflow/.local/lib/python3.7/site-packages/airflow/example_dags/example_xcomargs.py took 0.085 seconds
[2025-03-13T09:59:59.908+0000] {processor.py:157} INFO - Started process (PID=2739) to work on /home/airflow/.local/lib/python3.7/site-packages/airflow/example_dags/example_xcomargs.py
[2025-03-13T09:59:59.909+0000] {processor.py:826} INFO - Processing file /home/airflow/.local/lib/python3.7/site-packages/airflow/example_dags/example_xcomargs.py for tasks to queue
[2025-03-13T09:59:59.909+0000] {logging_mixin.py:149} INFO - [2025-03-13T09:59:59.909+0000] {dagbag.py:541} INFO - Filling up the DagBag from /home/airflow/.local/lib/python3.7/site-packages/airflow/example_dags/example_xcomargs.py
[2025-03-13T09:59:59.916+0000] {processor.py:836} INFO - DAG(s) dict_keys(['example_xcom_args', 'example_xcom_args_with_operators']) retrieved from /home/airflow/.local/lib/python3.7/site-packages/airflow/example_dags/example_xcomargs.py
[2025-03-13T09:59:59.942+0000] {logging_mixin.py:149} INFO - [2025-03-13T09:59:59.942+0000] {dag.py:2726} INFO - Sync 2 DAGs
[2025-03-13T09:59:59.965+0000] {logging_mixin.py:149} INFO - [2025-03-13T09:59:59.965+0000] {dag.py:3490} INFO - Setting next_dagrun for example_xcom_args to None, run_after=None
[2025-03-13T09:59:59.969+0000] {logging_mixin.py:149} INFO - [2025-03-13T09:59:59.968+0000] {dag.py:3490} INFO - Setting next_dagrun for example_xcom_args_with_operators to None, run_after=None
[2025-03-13T09:59:59.984+0000] {processor.py:179} INFO - Processing /home/airflow/.local/lib/python3.7/site-packages/airflow/example_dags/example_xcomargs.py took 0.080 seconds
[2025-03-13T10:00:30.266+0000] {processor.py:157} INFO - Started process (PID=2830) to work on /home/airflow/.local/lib/python3.7/site-packages/airflow/example_dags/example_xcomargs.py
[2025-03-13T10:00:30.267+0000] {processor.py:826} INFO - Processing file /home/airflow/.local/lib/python3.7/site-packages/airflow/example_dags/example_xcomargs.py for tasks to queue
[2025-03-13T10:00:30.267+0000] {logging_mixin.py:149} INFO - [2025-03-13T10:00:30.267+0000] {dagbag.py:541} INFO - Filling up the DagBag from /home/airflow/.local/lib/python3.7/site-packages/airflow/example_dags/example_xcomargs.py
[2025-03-13T10:00:30.274+0000] {processor.py:836} INFO - DAG(s) dict_keys(['example_xcom_args', 'example_xcom_args_with_operators']) retrieved from /home/airflow/.local/lib/python3.7/site-packages/airflow/example_dags/example_xcomargs.py
[2025-03-13T10:00:30.302+0000] {logging_mixin.py:149} INFO - [2025-03-13T10:00:30.302+0000] {dag.py:2726} INFO - Sync 2 DAGs
[2025-03-13T10:00:30.325+0000] {logging_mixin.py:149} INFO - [2025-03-13T10:00:30.325+0000] {dag.py:3490} INFO - Setting next_dagrun for example_xcom_args to None, run_after=None
[2025-03-13T10:00:30.328+0000] {logging_mixin.py:149} INFO - [2025-03-13T10:00:30.328+0000] {dag.py:3490} INFO - Setting next_dagrun for example_xcom_args_with_operators to None, run_after=None
[2025-03-13T10:00:30.344+0000] {processor.py:179} INFO - Processing /home/airflow/.local/lib/python3.7/site-packages/airflow/example_dags/example_xcomargs.py took 0.081 seconds
[2025-03-13T10:01:00.866+0000] {processor.py:157} INFO - Started process (PID=2921) to work on /home/airflow/.local/lib/python3.7/site-packages/airflow/example_dags/example_xcomargs.py
[2025-03-13T10:01:00.867+0000] {processor.py:826} INFO - Processing file /home/airflow/.local/lib/python3.7/site-packages/airflow/example_dags/example_xcomargs.py for tasks to queue
[2025-03-13T10:01:00.868+0000] {logging_mixin.py:149} INFO - [2025-03-13T10:01:00.868+0000] {dagbag.py:541} INFO - Filling up the DagBag from /home/airflow/.local/lib/python3.7/site-packages/airflow/example_dags/example_xcomargs.py
[2025-03-13T10:01:00.876+0000] {processor.py:836} INFO - DAG(s) dict_keys(['example_xcom_args', 'example_xcom_args_with_operators']) retrieved from /home/airflow/.local/lib/python3.7/site-packages/airflow/example_dags/example_xcomargs.py
[2025-03-13T10:01:00.910+0000] {logging_mixin.py:149} INFO - [2025-03-13T10:01:00.909+0000] {dag.py:2726} INFO - Sync 2 DAGs
[2025-03-13T10:01:00.938+0000] {logging_mixin.py:149} INFO - [2025-03-13T10:01:00.937+0000] {dag.py:3490} INFO - Setting next_dagrun for example_xcom_args to None, run_after=None
[2025-03-13T10:01:00.942+0000] {logging_mixin.py:149} INFO - [2025-03-13T10:01:00.942+0000] {dag.py:3490} INFO - Setting next_dagrun for example_xcom_args_with_operators to None, run_after=None
[2025-03-13T10:01:00.962+0000] {processor.py:179} INFO - Processing /home/airflow/.local/lib/python3.7/site-packages/airflow/example_dags/example_xcomargs.py took 0.099 seconds
[2025-03-13T10:01:31.386+0000] {processor.py:157} INFO - Started process (PID=3012) to work on /home/airflow/.local/lib/python3.7/site-packages/airflow/example_dags/example_xcomargs.py
[2025-03-13T10:01:31.387+0000] {processor.py:826} INFO - Processing file /home/airflow/.local/lib/python3.7/site-packages/airflow/example_dags/example_xcomargs.py for tasks to queue
[2025-03-13T10:01:31.388+0000] {logging_mixin.py:149} INFO - [2025-03-13T10:01:31.388+0000] {dagbag.py:541} INFO - Filling up the DagBag from /home/airflow/.local/lib/python3.7/site-packages/airflow/example_dags/example_xcomargs.py
[2025-03-13T10:01:31.398+0000] {processor.py:836} INFO - DAG(s) dict_keys(['example_xcom_args', 'example_xcom_args_with_operators']) retrieved from /home/airflow/.local/lib/python3.7/site-packages/airflow/example_dags/example_xcomargs.py
[2025-03-13T10:01:31.429+0000] {logging_mixin.py:149} INFO - [2025-03-13T10:01:31.429+0000] {dag.py:2726} INFO - Sync 2 DAGs
[2025-03-13T10:01:31.457+0000] {logging_mixin.py:149} INFO - [2025-03-13T10:01:31.457+0000] {dag.py:3490} INFO - Setting next_dagrun for example_xcom_args to None, run_after=None
[2025-03-13T10:01:31.461+0000] {logging_mixin.py:149} INFO - [2025-03-13T10:01:31.461+0000] {dag.py:3490} INFO - Setting next_dagrun for example_xcom_args_with_operators to None, run_after=None
[2025-03-13T10:01:31.482+0000] {processor.py:179} INFO - Processing /home/airflow/.local/lib/python3.7/site-packages/airflow/example_dags/example_xcomargs.py took 0.099 seconds
[2025-03-13T10:02:01.965+0000] {processor.py:157} INFO - Started process (PID=3103) to work on /home/airflow/.local/lib/python3.7/site-packages/airflow/example_dags/example_xcomargs.py
[2025-03-13T10:02:01.966+0000] {processor.py:826} INFO - Processing file /home/airflow/.local/lib/python3.7/site-packages/airflow/example_dags/example_xcomargs.py for tasks to queue
[2025-03-13T10:02:01.967+0000] {logging_mixin.py:149} INFO - [2025-03-13T10:02:01.967+0000] {dagbag.py:541} INFO - Filling up the DagBag from /home/airflow/.local/lib/python3.7/site-packages/airflow/example_dags/example_xcomargs.py
[2025-03-13T10:02:01.975+0000] {processor.py:836} INFO - DAG(s) dict_keys(['example_xcom_args', 'example_xcom_args_with_operators']) retrieved from /home/airflow/.local/lib/python3.7/site-packages/airflow/example_dags/example_xcomargs.py
[2025-03-13T10:02:02.006+0000] {logging_mixin.py:149} INFO - [2025-03-13T10:02:02.006+0000] {dag.py:2726} INFO - Sync 2 DAGs
[2025-03-13T10:02:02.032+0000] {logging_mixin.py:149} INFO - [2025-03-13T10:02:02.032+0000] {dag.py:3490} INFO - Setting next_dagrun for example_xcom_args to None, run_after=None
[2025-03-13T10:02:02.036+0000] {logging_mixin.py:149} INFO - [2025-03-13T10:02:02.036+0000] {dag.py:3490} INFO - Setting next_dagrun for example_xcom_args_with_operators to None, run_after=None
[2025-03-13T10:02:02.055+0000] {processor.py:179} INFO - Processing /home/airflow/.local/lib/python3.7/site-packages/airflow/example_dags/example_xcomargs.py took 0.093 seconds
[2025-03-13T10:02:33.265+0000] {processor.py:157} INFO - Started process (PID=3194) to work on /home/airflow/.local/lib/python3.7/site-packages/airflow/example_dags/example_xcomargs.py
[2025-03-13T10:02:33.267+0000] {processor.py:826} INFO - Processing file /home/airflow/.local/lib/python3.7/site-packages/airflow/example_dags/example_xcomargs.py for tasks to queue
[2025-03-13T10:02:33.267+0000] {logging_mixin.py:149} INFO - [2025-03-13T10:02:33.267+0000] {dagbag.py:541} INFO - Filling up the DagBag from /home/airflow/.local/lib/python3.7/site-packages/airflow/example_dags/example_xcomargs.py
[2025-03-13T10:02:33.274+0000] {processor.py:836} INFO - DAG(s) dict_keys(['example_xcom_args', 'example_xcom_args_with_operators']) retrieved from /home/airflow/.local/lib/python3.7/site-packages/airflow/example_dags/example_xcomargs.py
[2025-03-13T10:02:33.303+0000] {logging_mixin.py:149} INFO - [2025-03-13T10:02:33.302+0000] {dag.py:2726} INFO - Sync 2 DAGs
[2025-03-13T10:02:33.327+0000] {logging_mixin.py:149} INFO - [2025-03-13T10:02:33.327+0000] {dag.py:3490} INFO - Setting next_dagrun for example_xcom_args to None, run_after=None
[2025-03-13T10:02:33.330+0000] {logging_mixin.py:149} INFO - [2025-03-13T10:02:33.330+0000] {dag.py:3490} INFO - Setting next_dagrun for example_xcom_args_with_operators to None, run_after=None
[2025-03-13T10:02:33.347+0000] {processor.py:179} INFO - Processing /home/airflow/.local/lib/python3.7/site-packages/airflow/example_dags/example_xcomargs.py took 0.084 seconds
[2025-03-13T10:03:04.680+0000] {processor.py:157} INFO - Started process (PID=3292) to work on /home/airflow/.local/lib/python3.7/site-packages/airflow/example_dags/example_xcomargs.py
[2025-03-13T10:03:04.681+0000] {processor.py:826} INFO - Processing file /home/airflow/.local/lib/python3.7/site-packages/airflow/example_dags/example_xcomargs.py for tasks to queue
[2025-03-13T10:03:04.682+0000] {logging_mixin.py:149} INFO - [2025-03-13T10:03:04.682+0000] {dagbag.py:541} INFO - Filling up the DagBag from /home/airflow/.local/lib/python3.7/site-packages/airflow/example_dags/example_xcomargs.py
[2025-03-13T10:03:04.691+0000] {processor.py:836} INFO - DAG(s) dict_keys(['example_xcom_args_with_operators', 'example_xcom_args']) retrieved from /home/airflow/.local/lib/python3.7/site-packages/airflow/example_dags/example_xcomargs.py
[2025-03-13T10:03:04.719+0000] {logging_mixin.py:149} INFO - [2025-03-13T10:03:04.719+0000] {dag.py:2726} INFO - Sync 2 DAGs
[2025-03-13T10:03:04.745+0000] {logging_mixin.py:149} INFO - [2025-03-13T10:03:04.745+0000] {dag.py:3490} INFO - Setting next_dagrun for example_xcom_args to None, run_after=None
[2025-03-13T10:03:04.749+0000] {logging_mixin.py:149} INFO - [2025-03-13T10:03:04.748+0000] {dag.py:3490} INFO - Setting next_dagrun for example_xcom_args_with_operators to None, run_after=None
[2025-03-13T10:03:04.766+0000] {processor.py:179} INFO - Processing /home/airflow/.local/lib/python3.7/site-packages/airflow/example_dags/example_xcomargs.py took 0.089 seconds
[2025-03-13T10:03:35.255+0000] {processor.py:157} INFO - Started process (PID=3383) to work on /home/airflow/.local/lib/python3.7/site-packages/airflow/example_dags/example_xcomargs.py
[2025-03-13T10:03:35.256+0000] {processor.py:826} INFO - Processing file /home/airflow/.local/lib/python3.7/site-packages/airflow/example_dags/example_xcomargs.py for tasks to queue
[2025-03-13T10:03:35.257+0000] {logging_mixin.py:149} INFO - [2025-03-13T10:03:35.257+0000] {dagbag.py:541} INFO - Filling up the DagBag from /home/airflow/.local/lib/python3.7/site-packages/airflow/example_dags/example_xcomargs.py
[2025-03-13T10:03:35.265+0000] {processor.py:836} INFO - DAG(s) dict_keys(['example_xcom_args', 'example_xcom_args_with_operators']) retrieved from /home/airflow/.local/lib/python3.7/site-packages/airflow/example_dags/example_xcomargs.py
[2025-03-13T10:03:35.294+0000] {logging_mixin.py:149} INFO - [2025-03-13T10:03:35.294+0000] {dag.py:2726} INFO - Sync 2 DAGs
[2025-03-13T10:03:35.318+0000] {logging_mixin.py:149} INFO - [2025-03-13T10:03:35.318+0000] {dag.py:3490} INFO - Setting next_dagrun for example_xcom_args to None, run_after=None
[2025-03-13T10:03:35.321+0000] {logging_mixin.py:149} INFO - [2025-03-13T10:03:35.321+0000] {dag.py:3490} INFO - Setting next_dagrun for example_xcom_args_with_operators to None, run_after=None
[2025-03-13T10:03:35.345+0000] {processor.py:179} INFO - Processing /home/airflow/.local/lib/python3.7/site-packages/airflow/example_dags/example_xcomargs.py took 0.093 seconds
[2025-03-13T10:04:05.638+0000] {processor.py:157} INFO - Started process (PID=3474) to work on /home/airflow/.local/lib/python3.7/site-packages/airflow/example_dags/example_xcomargs.py
[2025-03-13T10:04:05.639+0000] {processor.py:826} INFO - Processing file /home/airflow/.local/lib/python3.7/site-packages/airflow/example_dags/example_xcomargs.py for tasks to queue
[2025-03-13T10:04:05.640+0000] {logging_mixin.py:149} INFO - [2025-03-13T10:04:05.640+0000] {dagbag.py:541} INFO - Filling up the DagBag from /home/airflow/.local/lib/python3.7/site-packages/airflow/example_dags/example_xcomargs.py
[2025-03-13T10:04:05.647+0000] {processor.py:836} INFO - DAG(s) dict_keys(['example_xcom_args', 'example_xcom_args_with_operators']) retrieved from /home/airflow/.local/lib/python3.7/site-packages/airflow/example_dags/example_xcomargs.py
[2025-03-13T10:04:05.673+0000] {logging_mixin.py:149} INFO - [2025-03-13T10:04:05.673+0000] {dag.py:2726} INFO - Sync 2 DAGs
[2025-03-13T10:04:05.696+0000] {logging_mixin.py:149} INFO - [2025-03-13T10:04:05.696+0000] {dag.py:3490} INFO - Setting next_dagrun for example_xcom_args to None, run_after=None
[2025-03-13T10:04:05.700+0000] {logging_mixin.py:149} INFO - [2025-03-13T10:04:05.700+0000] {dag.py:3490} INFO - Setting next_dagrun for example_xcom_args_with_operators to None, run_after=None
[2025-03-13T10:04:05.718+0000] {processor.py:179} INFO - Processing /home/airflow/.local/lib/python3.7/site-packages/airflow/example_dags/example_xcomargs.py took 0.083 seconds
[2025-03-13T10:04:36.072+0000] {processor.py:157} INFO - Started process (PID=3565) to work on /home/airflow/.local/lib/python3.7/site-packages/airflow/example_dags/example_xcomargs.py
[2025-03-13T10:04:36.073+0000] {processor.py:826} INFO - Processing file /home/airflow/.local/lib/python3.7/site-packages/airflow/example_dags/example_xcomargs.py for tasks to queue
[2025-03-13T10:04:36.073+0000] {logging_mixin.py:149} INFO - [2025-03-13T10:04:36.073+0000] {dagbag.py:541} INFO - Filling up the DagBag from /home/airflow/.local/lib/python3.7/site-packages/airflow/example_dags/example_xcomargs.py
[2025-03-13T10:04:36.081+0000] {processor.py:836} INFO - DAG(s) dict_keys(['example_xcom_args', 'example_xcom_args_with_operators']) retrieved from /home/airflow/.local/lib/python3.7/site-packages/airflow/example_dags/example_xcomargs.py
[2025-03-13T10:04:36.107+0000] {logging_mixin.py:149} INFO - [2025-03-13T10:04:36.107+0000] {dag.py:2726} INFO - Sync 2 DAGs
[2025-03-13T10:04:36.128+0000] {logging_mixin.py:149} INFO - [2025-03-13T10:04:36.128+0000] {dag.py:3490} INFO - Setting next_dagrun for example_xcom_args to None, run_after=None
[2025-03-13T10:04:36.132+0000] {logging_mixin.py:149} INFO - [2025-03-13T10:04:36.132+0000] {dag.py:3490} INFO - Setting next_dagrun for example_xcom_args_with_operators to None, run_after=None
[2025-03-13T10:04:36.149+0000] {processor.py:179} INFO - Processing /home/airflow/.local/lib/python3.7/site-packages/airflow/example_dags/example_xcomargs.py took 0.080 seconds
[2025-03-13T10:05:07.074+0000] {processor.py:157} INFO - Started process (PID=3656) to work on /home/airflow/.local/lib/python3.7/site-packages/airflow/example_dags/example_xcomargs.py
[2025-03-13T10:05:07.075+0000] {processor.py:826} INFO - Processing file /home/airflow/.local/lib/python3.7/site-packages/airflow/example_dags/example_xcomargs.py for tasks to queue
[2025-03-13T10:05:07.075+0000] {logging_mixin.py:149} INFO - [2025-03-13T10:05:07.075+0000] {dagbag.py:541} INFO - Filling up the DagBag from /home/airflow/.local/lib/python3.7/site-packages/airflow/example_dags/example_xcomargs.py
[2025-03-13T10:05:07.082+0000] {processor.py:836} INFO - DAG(s) dict_keys(['example_xcom_args_with_operators', 'example_xcom_args']) retrieved from /home/airflow/.local/lib/python3.7/site-packages/airflow/example_dags/example_xcomargs.py
[2025-03-13T10:05:07.108+0000] {logging_mixin.py:149} INFO - [2025-03-13T10:05:07.108+0000] {dag.py:2726} INFO - Sync 2 DAGs
[2025-03-13T10:05:07.128+0000] {logging_mixin.py:149} INFO - [2025-03-13T10:05:07.128+0000] {dag.py:3490} INFO - Setting next_dagrun for example_xcom_args to None, run_after=None
[2025-03-13T10:05:07.131+0000] {logging_mixin.py:149} INFO - [2025-03-13T10:05:07.131+0000] {dag.py:3490} INFO - Setting next_dagrun for example_xcom_args_with_operators to None, run_after=None
[2025-03-13T10:05:07.146+0000] {processor.py:179} INFO - Processing /home/airflow/.local/lib/python3.7/site-packages/airflow/example_dags/example_xcomargs.py took 0.075 seconds
