[2025-03-13T09:45:03.021+0000] {processor.py:157} INFO - Started process (PID=104) to work on /home/airflow/.local/lib/python3.7/site-packages/airflow/example_dags/example_branch_day_of_week_operator.py
[2025-03-13T09:45:03.022+0000] {processor.py:826} INFO - Processing file /home/airflow/.local/lib/python3.7/site-packages/airflow/example_dags/example_branch_day_of_week_operator.py for tasks to queue
[2025-03-13T09:45:03.022+0000] {logging_mixin.py:149} INFO - [2025-03-13T09:45:03.022+0000] {dagbag.py:541} INFO - Filling up the DagBag from /home/airflow/.local/lib/python3.7/site-packages/airflow/example_dags/example_branch_day_of_week_operator.py
[2025-03-13T09:45:03.029+0000] {processor.py:836} INFO - DAG(s) dict_keys(['example_weekday_branch_operator']) retrieved from /home/airflow/.local/lib/python3.7/site-packages/airflow/example_dags/example_branch_day_of_week_operator.py
[2025-03-13T09:45:03.054+0000] {logging_mixin.py:149} INFO - [2025-03-13T09:45:03.054+0000] {dag.py:2726} INFO - Sync 1 DAGs
[2025-03-13T09:45:03.080+0000] {logging_mixin.py:149} INFO - [2025-03-13T09:45:03.080+0000] {dag.py:3490} INFO - Setting next_dagrun for example_weekday_branch_operator to 2025-03-12T00:00:00+00:00, run_after=2025-03-13T00:00:00+00:00
[2025-03-13T09:45:03.101+0000] {processor.py:179} INFO - Processing /home/airflow/.local/lib/python3.7/site-packages/airflow/example_dags/example_branch_day_of_week_operator.py took 0.083 seconds
[2025-03-13T09:45:33.356+0000] {processor.py:157} INFO - Started process (PID=212) to work on /home/airflow/.local/lib/python3.7/site-packages/airflow/example_dags/example_branch_day_of_week_operator.py
[2025-03-13T09:45:33.358+0000] {processor.py:826} INFO - Processing file /home/airflow/.local/lib/python3.7/site-packages/airflow/example_dags/example_branch_day_of_week_operator.py for tasks to queue
[2025-03-13T09:45:33.359+0000] {logging_mixin.py:149} INFO - [2025-03-13T09:45:33.359+0000] {dagbag.py:541} INFO - Filling up the DagBag from /home/airflow/.local/lib/python3.7/site-packages/airflow/example_dags/example_branch_day_of_week_operator.py
[2025-03-13T09:45:33.369+0000] {processor.py:836} INFO - DAG(s) dict_keys(['example_weekday_branch_operator']) retrieved from /home/airflow/.local/lib/python3.7/site-packages/airflow/example_dags/example_branch_day_of_week_operator.py
[2025-03-13T09:45:33.403+0000] {logging_mixin.py:149} INFO - [2025-03-13T09:45:33.403+0000] {dag.py:2726} INFO - Sync 1 DAGs
[2025-03-13T09:45:33.439+0000] {logging_mixin.py:149} INFO - [2025-03-13T09:45:33.439+0000] {dag.py:3490} INFO - Setting next_dagrun for example_weekday_branch_operator to 2025-03-12T00:00:00+00:00, run_after=2025-03-13T00:00:00+00:00
[2025-03-13T09:45:33.468+0000] {processor.py:179} INFO - Processing /home/airflow/.local/lib/python3.7/site-packages/airflow/example_dags/example_branch_day_of_week_operator.py took 0.116 seconds
[2025-03-13T09:46:04.825+0000] {processor.py:157} INFO - Started process (PID=303) to work on /home/airflow/.local/lib/python3.7/site-packages/airflow/example_dags/example_branch_day_of_week_operator.py
[2025-03-13T09:46:04.826+0000] {processor.py:826} INFO - Processing file /home/airflow/.local/lib/python3.7/site-packages/airflow/example_dags/example_branch_day_of_week_operator.py for tasks to queue
[2025-03-13T09:46:04.827+0000] {logging_mixin.py:149} INFO - [2025-03-13T09:46:04.826+0000] {dagbag.py:541} INFO - Filling up the DagBag from /home/airflow/.local/lib/python3.7/site-packages/airflow/example_dags/example_branch_day_of_week_operator.py
[2025-03-13T09:46:04.833+0000] {processor.py:836} INFO - DAG(s) dict_keys(['example_weekday_branch_operator']) retrieved from /home/airflow/.local/lib/python3.7/site-packages/airflow/example_dags/example_branch_day_of_week_operator.py
[2025-03-13T09:46:04.953+0000] {logging_mixin.py:149} INFO - [2025-03-13T09:46:04.953+0000] {dag.py:2726} INFO - Sync 1 DAGs
[2025-03-13T09:46:04.973+0000] {logging_mixin.py:149} INFO - [2025-03-13T09:46:04.973+0000] {dag.py:3490} INFO - Setting next_dagrun for example_weekday_branch_operator to 2025-03-12T00:00:00+00:00, run_after=2025-03-13T00:00:00+00:00
[2025-03-13T09:46:04.990+0000] {processor.py:179} INFO - Processing /home/airflow/.local/lib/python3.7/site-packages/airflow/example_dags/example_branch_day_of_week_operator.py took 0.168 seconds
[2025-03-13T09:46:35.049+0000] {processor.py:157} INFO - Started process (PID=394) to work on /home/airflow/.local/lib/python3.7/site-packages/airflow/example_dags/example_branch_day_of_week_operator.py
[2025-03-13T09:46:35.050+0000] {processor.py:826} INFO - Processing file /home/airflow/.local/lib/python3.7/site-packages/airflow/example_dags/example_branch_day_of_week_operator.py for tasks to queue
[2025-03-13T09:46:35.052+0000] {logging_mixin.py:149} INFO - [2025-03-13T09:46:35.051+0000] {dagbag.py:541} INFO - Filling up the DagBag from /home/airflow/.local/lib/python3.7/site-packages/airflow/example_dags/example_branch_day_of_week_operator.py
[2025-03-13T09:46:35.059+0000] {processor.py:836} INFO - DAG(s) dict_keys(['example_weekday_branch_operator']) retrieved from /home/airflow/.local/lib/python3.7/site-packages/airflow/example_dags/example_branch_day_of_week_operator.py
[2025-03-13T09:46:35.086+0000] {logging_mixin.py:149} INFO - [2025-03-13T09:46:35.086+0000] {dag.py:2726} INFO - Sync 1 DAGs
[2025-03-13T09:46:35.112+0000] {logging_mixin.py:149} INFO - [2025-03-13T09:46:35.112+0000] {dag.py:3490} INFO - Setting next_dagrun for example_weekday_branch_operator to 2025-03-12T00:00:00+00:00, run_after=2025-03-13T00:00:00+00:00
[2025-03-13T09:46:35.132+0000] {processor.py:179} INFO - Processing /home/airflow/.local/lib/python3.7/site-packages/airflow/example_dags/example_branch_day_of_week_operator.py took 0.085 seconds
[2025-03-13T09:47:06.144+0000] {processor.py:157} INFO - Started process (PID=485) to work on /home/airflow/.local/lib/python3.7/site-packages/airflow/example_dags/example_branch_day_of_week_operator.py
[2025-03-13T09:47:06.145+0000] {processor.py:826} INFO - Processing file /home/airflow/.local/lib/python3.7/site-packages/airflow/example_dags/example_branch_day_of_week_operator.py for tasks to queue
[2025-03-13T09:47:06.146+0000] {logging_mixin.py:149} INFO - [2025-03-13T09:47:06.146+0000] {dagbag.py:541} INFO - Filling up the DagBag from /home/airflow/.local/lib/python3.7/site-packages/airflow/example_dags/example_branch_day_of_week_operator.py
[2025-03-13T09:47:06.153+0000] {processor.py:836} INFO - DAG(s) dict_keys(['example_weekday_branch_operator']) retrieved from /home/airflow/.local/lib/python3.7/site-packages/airflow/example_dags/example_branch_day_of_week_operator.py
[2025-03-13T09:47:06.176+0000] {logging_mixin.py:149} INFO - [2025-03-13T09:47:06.176+0000] {dag.py:2726} INFO - Sync 1 DAGs
[2025-03-13T09:47:06.198+0000] {logging_mixin.py:149} INFO - [2025-03-13T09:47:06.198+0000] {dag.py:3490} INFO - Setting next_dagrun for example_weekday_branch_operator to 2025-03-12T00:00:00+00:00, run_after=2025-03-13T00:00:00+00:00
[2025-03-13T09:47:06.217+0000] {processor.py:179} INFO - Processing /home/airflow/.local/lib/python3.7/site-packages/airflow/example_dags/example_branch_day_of_week_operator.py took 0.076 seconds
[2025-03-13T09:47:37.319+0000] {processor.py:157} INFO - Started process (PID=577) to work on /home/airflow/.local/lib/python3.7/site-packages/airflow/example_dags/example_branch_day_of_week_operator.py
[2025-03-13T09:47:37.320+0000] {processor.py:826} INFO - Processing file /home/airflow/.local/lib/python3.7/site-packages/airflow/example_dags/example_branch_day_of_week_operator.py for tasks to queue
[2025-03-13T09:47:37.321+0000] {logging_mixin.py:149} INFO - [2025-03-13T09:47:37.321+0000] {dagbag.py:541} INFO - Filling up the DagBag from /home/airflow/.local/lib/python3.7/site-packages/airflow/example_dags/example_branch_day_of_week_operator.py
[2025-03-13T09:47:37.331+0000] {processor.py:836} INFO - DAG(s) dict_keys(['example_weekday_branch_operator']) retrieved from /home/airflow/.local/lib/python3.7/site-packages/airflow/example_dags/example_branch_day_of_week_operator.py
[2025-03-13T09:47:37.358+0000] {logging_mixin.py:149} INFO - [2025-03-13T09:47:37.357+0000] {dag.py:2726} INFO - Sync 1 DAGs
[2025-03-13T09:47:37.383+0000] {logging_mixin.py:149} INFO - [2025-03-13T09:47:37.383+0000] {dag.py:3490} INFO - Setting next_dagrun for example_weekday_branch_operator to 2025-03-12T00:00:00+00:00, run_after=2025-03-13T00:00:00+00:00
[2025-03-13T09:47:37.404+0000] {processor.py:179} INFO - Processing /home/airflow/.local/lib/python3.7/site-packages/airflow/example_dags/example_branch_day_of_week_operator.py took 0.088 seconds
[2025-03-13T09:48:08.421+0000] {processor.py:157} INFO - Started process (PID=668) to work on /home/airflow/.local/lib/python3.7/site-packages/airflow/example_dags/example_branch_day_of_week_operator.py
[2025-03-13T09:48:08.422+0000] {processor.py:826} INFO - Processing file /home/airflow/.local/lib/python3.7/site-packages/airflow/example_dags/example_branch_day_of_week_operator.py for tasks to queue
[2025-03-13T09:48:08.422+0000] {logging_mixin.py:149} INFO - [2025-03-13T09:48:08.422+0000] {dagbag.py:541} INFO - Filling up the DagBag from /home/airflow/.local/lib/python3.7/site-packages/airflow/example_dags/example_branch_day_of_week_operator.py
[2025-03-13T09:48:08.429+0000] {processor.py:836} INFO - DAG(s) dict_keys(['example_weekday_branch_operator']) retrieved from /home/airflow/.local/lib/python3.7/site-packages/airflow/example_dags/example_branch_day_of_week_operator.py
[2025-03-13T09:48:08.452+0000] {logging_mixin.py:149} INFO - [2025-03-13T09:48:08.452+0000] {dag.py:2726} INFO - Sync 1 DAGs
[2025-03-13T09:48:08.475+0000] {logging_mixin.py:149} INFO - [2025-03-13T09:48:08.475+0000] {dag.py:3490} INFO - Setting next_dagrun for example_weekday_branch_operator to 2025-03-12T00:00:00+00:00, run_after=2025-03-13T00:00:00+00:00
[2025-03-13T09:48:08.492+0000] {processor.py:179} INFO - Processing /home/airflow/.local/lib/python3.7/site-packages/airflow/example_dags/example_branch_day_of_week_operator.py took 0.074 seconds
[2025-03-13T09:48:38.908+0000] {processor.py:157} INFO - Started process (PID=759) to work on /home/airflow/.local/lib/python3.7/site-packages/airflow/example_dags/example_branch_day_of_week_operator.py
[2025-03-13T09:48:38.909+0000] {processor.py:826} INFO - Processing file /home/airflow/.local/lib/python3.7/site-packages/airflow/example_dags/example_branch_day_of_week_operator.py for tasks to queue
[2025-03-13T09:48:38.910+0000] {logging_mixin.py:149} INFO - [2025-03-13T09:48:38.909+0000] {dagbag.py:541} INFO - Filling up the DagBag from /home/airflow/.local/lib/python3.7/site-packages/airflow/example_dags/example_branch_day_of_week_operator.py
[2025-03-13T09:48:38.916+0000] {processor.py:836} INFO - DAG(s) dict_keys(['example_weekday_branch_operator']) retrieved from /home/airflow/.local/lib/python3.7/site-packages/airflow/example_dags/example_branch_day_of_week_operator.py
[2025-03-13T09:48:38.938+0000] {logging_mixin.py:149} INFO - [2025-03-13T09:48:38.938+0000] {dag.py:2726} INFO - Sync 1 DAGs
[2025-03-13T09:48:38.962+0000] {logging_mixin.py:149} INFO - [2025-03-13T09:48:38.961+0000] {dag.py:3490} INFO - Setting next_dagrun for example_weekday_branch_operator to 2025-03-12T00:00:00+00:00, run_after=2025-03-13T00:00:00+00:00
[2025-03-13T09:48:38.982+0000] {processor.py:179} INFO - Processing /home/airflow/.local/lib/python3.7/site-packages/airflow/example_dags/example_branch_day_of_week_operator.py took 0.077 seconds
[2025-03-13T09:49:10.039+0000] {processor.py:157} INFO - Started process (PID=850) to work on /home/airflow/.local/lib/python3.7/site-packages/airflow/example_dags/example_branch_day_of_week_operator.py
[2025-03-13T09:49:10.040+0000] {processor.py:826} INFO - Processing file /home/airflow/.local/lib/python3.7/site-packages/airflow/example_dags/example_branch_day_of_week_operator.py for tasks to queue
[2025-03-13T09:49:10.041+0000] {logging_mixin.py:149} INFO - [2025-03-13T09:49:10.041+0000] {dagbag.py:541} INFO - Filling up the DagBag from /home/airflow/.local/lib/python3.7/site-packages/airflow/example_dags/example_branch_day_of_week_operator.py
[2025-03-13T09:49:10.049+0000] {processor.py:836} INFO - DAG(s) dict_keys(['example_weekday_branch_operator']) retrieved from /home/airflow/.local/lib/python3.7/site-packages/airflow/example_dags/example_branch_day_of_week_operator.py
[2025-03-13T09:49:10.074+0000] {logging_mixin.py:149} INFO - [2025-03-13T09:49:10.074+0000] {dag.py:2726} INFO - Sync 1 DAGs
[2025-03-13T09:49:10.098+0000] {logging_mixin.py:149} INFO - [2025-03-13T09:49:10.097+0000] {dag.py:3490} INFO - Setting next_dagrun for example_weekday_branch_operator to 2025-03-12T00:00:00+00:00, run_after=2025-03-13T00:00:00+00:00
[2025-03-13T09:49:10.120+0000] {processor.py:179} INFO - Processing /home/airflow/.local/lib/python3.7/site-packages/airflow/example_dags/example_branch_day_of_week_operator.py took 0.084 seconds
[2025-03-13T09:49:41.198+0000] {processor.py:157} INFO - Started process (PID=941) to work on /home/airflow/.local/lib/python3.7/site-packages/airflow/example_dags/example_branch_day_of_week_operator.py
[2025-03-13T09:49:41.199+0000] {processor.py:826} INFO - Processing file /home/airflow/.local/lib/python3.7/site-packages/airflow/example_dags/example_branch_day_of_week_operator.py for tasks to queue
[2025-03-13T09:49:41.200+0000] {logging_mixin.py:149} INFO - [2025-03-13T09:49:41.200+0000] {dagbag.py:541} INFO - Filling up the DagBag from /home/airflow/.local/lib/python3.7/site-packages/airflow/example_dags/example_branch_day_of_week_operator.py
[2025-03-13T09:49:41.206+0000] {processor.py:836} INFO - DAG(s) dict_keys(['example_weekday_branch_operator']) retrieved from /home/airflow/.local/lib/python3.7/site-packages/airflow/example_dags/example_branch_day_of_week_operator.py
[2025-03-13T09:49:41.230+0000] {logging_mixin.py:149} INFO - [2025-03-13T09:49:41.230+0000] {dag.py:2726} INFO - Sync 1 DAGs
[2025-03-13T09:49:41.254+0000] {logging_mixin.py:149} INFO - [2025-03-13T09:49:41.254+0000] {dag.py:3490} INFO - Setting next_dagrun for example_weekday_branch_operator to 2025-03-12T00:00:00+00:00, run_after=2025-03-13T00:00:00+00:00
[2025-03-13T09:49:41.274+0000] {processor.py:179} INFO - Processing /home/airflow/.local/lib/python3.7/site-packages/airflow/example_dags/example_branch_day_of_week_operator.py took 0.079 seconds
[2025-03-13T09:50:12.439+0000] {processor.py:157} INFO - Started process (PID=1032) to work on /home/airflow/.local/lib/python3.7/site-packages/airflow/example_dags/example_branch_day_of_week_operator.py
[2025-03-13T09:50:12.440+0000] {processor.py:826} INFO - Processing file /home/airflow/.local/lib/python3.7/site-packages/airflow/example_dags/example_branch_day_of_week_operator.py for tasks to queue
[2025-03-13T09:50:12.441+0000] {logging_mixin.py:149} INFO - [2025-03-13T09:50:12.441+0000] {dagbag.py:541} INFO - Filling up the DagBag from /home/airflow/.local/lib/python3.7/site-packages/airflow/example_dags/example_branch_day_of_week_operator.py
[2025-03-13T09:50:12.449+0000] {processor.py:836} INFO - DAG(s) dict_keys(['example_weekday_branch_operator']) retrieved from /home/airflow/.local/lib/python3.7/site-packages/airflow/example_dags/example_branch_day_of_week_operator.py
[2025-03-13T09:50:12.474+0000] {logging_mixin.py:149} INFO - [2025-03-13T09:50:12.474+0000] {dag.py:2726} INFO - Sync 1 DAGs
[2025-03-13T09:50:12.504+0000] {logging_mixin.py:149} INFO - [2025-03-13T09:50:12.504+0000] {dag.py:3490} INFO - Setting next_dagrun for example_weekday_branch_operator to 2025-03-12T00:00:00+00:00, run_after=2025-03-13T00:00:00+00:00
[2025-03-13T09:50:12.526+0000] {processor.py:179} INFO - Processing /home/airflow/.local/lib/python3.7/site-packages/airflow/example_dags/example_branch_day_of_week_operator.py took 0.090 seconds
[2025-03-13T09:50:43.544+0000] {processor.py:157} INFO - Started process (PID=1123) to work on /home/airflow/.local/lib/python3.7/site-packages/airflow/example_dags/example_branch_day_of_week_operator.py
[2025-03-13T09:50:43.546+0000] {processor.py:826} INFO - Processing file /home/airflow/.local/lib/python3.7/site-packages/airflow/example_dags/example_branch_day_of_week_operator.py for tasks to queue
[2025-03-13T09:50:43.546+0000] {logging_mixin.py:149} INFO - [2025-03-13T09:50:43.546+0000] {dagbag.py:541} INFO - Filling up the DagBag from /home/airflow/.local/lib/python3.7/site-packages/airflow/example_dags/example_branch_day_of_week_operator.py
[2025-03-13T09:50:43.553+0000] {processor.py:836} INFO - DAG(s) dict_keys(['example_weekday_branch_operator']) retrieved from /home/airflow/.local/lib/python3.7/site-packages/airflow/example_dags/example_branch_day_of_week_operator.py
[2025-03-13T09:50:43.577+0000] {logging_mixin.py:149} INFO - [2025-03-13T09:50:43.577+0000] {dag.py:2726} INFO - Sync 1 DAGs
[2025-03-13T09:50:43.601+0000] {logging_mixin.py:149} INFO - [2025-03-13T09:50:43.601+0000] {dag.py:3490} INFO - Setting next_dagrun for example_weekday_branch_operator to 2025-03-12T00:00:00+00:00, run_after=2025-03-13T00:00:00+00:00
[2025-03-13T09:50:43.618+0000] {processor.py:179} INFO - Processing /home/airflow/.local/lib/python3.7/site-packages/airflow/example_dags/example_branch_day_of_week_operator.py took 0.077 seconds
[2025-03-13T09:51:15.097+0000] {processor.py:157} INFO - Started process (PID=1214) to work on /home/airflow/.local/lib/python3.7/site-packages/airflow/example_dags/example_branch_day_of_week_operator.py
[2025-03-13T09:51:15.098+0000] {processor.py:826} INFO - Processing file /home/airflow/.local/lib/python3.7/site-packages/airflow/example_dags/example_branch_day_of_week_operator.py for tasks to queue
[2025-03-13T09:51:15.099+0000] {logging_mixin.py:149} INFO - [2025-03-13T09:51:15.099+0000] {dagbag.py:541} INFO - Filling up the DagBag from /home/airflow/.local/lib/python3.7/site-packages/airflow/example_dags/example_branch_day_of_week_operator.py
[2025-03-13T09:51:15.105+0000] {processor.py:836} INFO - DAG(s) dict_keys(['example_weekday_branch_operator']) retrieved from /home/airflow/.local/lib/python3.7/site-packages/airflow/example_dags/example_branch_day_of_week_operator.py
[2025-03-13T09:51:15.131+0000] {logging_mixin.py:149} INFO - [2025-03-13T09:51:15.131+0000] {dag.py:2726} INFO - Sync 1 DAGs
[2025-03-13T09:51:15.157+0000] {logging_mixin.py:149} INFO - [2025-03-13T09:51:15.157+0000] {dag.py:3490} INFO - Setting next_dagrun for example_weekday_branch_operator to 2025-03-12T00:00:00+00:00, run_after=2025-03-13T00:00:00+00:00
[2025-03-13T09:51:15.180+0000] {processor.py:179} INFO - Processing /home/airflow/.local/lib/python3.7/site-packages/airflow/example_dags/example_branch_day_of_week_operator.py took 0.086 seconds
[2025-03-13T09:51:46.377+0000] {processor.py:157} INFO - Started process (PID=1305) to work on /home/airflow/.local/lib/python3.7/site-packages/airflow/example_dags/example_branch_day_of_week_operator.py
[2025-03-13T09:51:46.379+0000] {processor.py:826} INFO - Processing file /home/airflow/.local/lib/python3.7/site-packages/airflow/example_dags/example_branch_day_of_week_operator.py for tasks to queue
[2025-03-13T09:51:46.379+0000] {logging_mixin.py:149} INFO - [2025-03-13T09:51:46.379+0000] {dagbag.py:541} INFO - Filling up the DagBag from /home/airflow/.local/lib/python3.7/site-packages/airflow/example_dags/example_branch_day_of_week_operator.py
[2025-03-13T09:51:46.388+0000] {processor.py:836} INFO - DAG(s) dict_keys(['example_weekday_branch_operator']) retrieved from /home/airflow/.local/lib/python3.7/site-packages/airflow/example_dags/example_branch_day_of_week_operator.py
[2025-03-13T09:51:46.413+0000] {logging_mixin.py:149} INFO - [2025-03-13T09:51:46.413+0000] {dag.py:2726} INFO - Sync 1 DAGs
[2025-03-13T09:51:46.443+0000] {logging_mixin.py:149} INFO - [2025-03-13T09:51:46.443+0000] {dag.py:3490} INFO - Setting next_dagrun for example_weekday_branch_operator to 2025-03-12T00:00:00+00:00, run_after=2025-03-13T00:00:00+00:00
[2025-03-13T09:51:46.480+0000] {processor.py:179} INFO - Processing /home/airflow/.local/lib/python3.7/site-packages/airflow/example_dags/example_branch_day_of_week_operator.py took 0.106 seconds
[2025-03-13T09:52:17.702+0000] {processor.py:157} INFO - Started process (PID=1396) to work on /home/airflow/.local/lib/python3.7/site-packages/airflow/example_dags/example_branch_day_of_week_operator.py
[2025-03-13T09:52:17.703+0000] {processor.py:826} INFO - Processing file /home/airflow/.local/lib/python3.7/site-packages/airflow/example_dags/example_branch_day_of_week_operator.py for tasks to queue
[2025-03-13T09:52:17.704+0000] {logging_mixin.py:149} INFO - [2025-03-13T09:52:17.704+0000] {dagbag.py:541} INFO - Filling up the DagBag from /home/airflow/.local/lib/python3.7/site-packages/airflow/example_dags/example_branch_day_of_week_operator.py
[2025-03-13T09:52:17.710+0000] {processor.py:836} INFO - DAG(s) dict_keys(['example_weekday_branch_operator']) retrieved from /home/airflow/.local/lib/python3.7/site-packages/airflow/example_dags/example_branch_day_of_week_operator.py
[2025-03-13T09:52:17.736+0000] {logging_mixin.py:149} INFO - [2025-03-13T09:52:17.735+0000] {dag.py:2726} INFO - Sync 1 DAGs
[2025-03-13T09:52:17.760+0000] {logging_mixin.py:149} INFO - [2025-03-13T09:52:17.759+0000] {dag.py:3490} INFO - Setting next_dagrun for example_weekday_branch_operator to 2025-03-12T00:00:00+00:00, run_after=2025-03-13T00:00:00+00:00
[2025-03-13T09:52:17.779+0000] {processor.py:179} INFO - Processing /home/airflow/.local/lib/python3.7/site-packages/airflow/example_dags/example_branch_day_of_week_operator.py took 0.080 seconds
[2025-03-13T09:52:48.906+0000] {processor.py:157} INFO - Started process (PID=1487) to work on /home/airflow/.local/lib/python3.7/site-packages/airflow/example_dags/example_branch_day_of_week_operator.py
[2025-03-13T09:52:48.907+0000] {processor.py:826} INFO - Processing file /home/airflow/.local/lib/python3.7/site-packages/airflow/example_dags/example_branch_day_of_week_operator.py for tasks to queue
[2025-03-13T09:52:48.907+0000] {logging_mixin.py:149} INFO - [2025-03-13T09:52:48.907+0000] {dagbag.py:541} INFO - Filling up the DagBag from /home/airflow/.local/lib/python3.7/site-packages/airflow/example_dags/example_branch_day_of_week_operator.py
[2025-03-13T09:52:48.914+0000] {processor.py:836} INFO - DAG(s) dict_keys(['example_weekday_branch_operator']) retrieved from /home/airflow/.local/lib/python3.7/site-packages/airflow/example_dags/example_branch_day_of_week_operator.py
[2025-03-13T09:52:48.939+0000] {logging_mixin.py:149} INFO - [2025-03-13T09:52:48.938+0000] {dag.py:2726} INFO - Sync 1 DAGs
[2025-03-13T09:52:48.965+0000] {logging_mixin.py:149} INFO - [2025-03-13T09:52:48.965+0000] {dag.py:3490} INFO - Setting next_dagrun for example_weekday_branch_operator to 2025-03-12T00:00:00+00:00, run_after=2025-03-13T00:00:00+00:00
[2025-03-13T09:52:48.986+0000] {processor.py:179} INFO - Processing /home/airflow/.local/lib/python3.7/site-packages/airflow/example_dags/example_branch_day_of_week_operator.py took 0.083 seconds
[2025-03-13T09:53:19.437+0000] {processor.py:157} INFO - Started process (PID=1578) to work on /home/airflow/.local/lib/python3.7/site-packages/airflow/example_dags/example_branch_day_of_week_operator.py
[2025-03-13T09:53:19.438+0000] {processor.py:826} INFO - Processing file /home/airflow/.local/lib/python3.7/site-packages/airflow/example_dags/example_branch_day_of_week_operator.py for tasks to queue
[2025-03-13T09:53:19.439+0000] {logging_mixin.py:149} INFO - [2025-03-13T09:53:19.439+0000] {dagbag.py:541} INFO - Filling up the DagBag from /home/airflow/.local/lib/python3.7/site-packages/airflow/example_dags/example_branch_day_of_week_operator.py
[2025-03-13T09:53:19.445+0000] {processor.py:836} INFO - DAG(s) dict_keys(['example_weekday_branch_operator']) retrieved from /home/airflow/.local/lib/python3.7/site-packages/airflow/example_dags/example_branch_day_of_week_operator.py
[2025-03-13T09:53:19.471+0000] {logging_mixin.py:149} INFO - [2025-03-13T09:53:19.471+0000] {dag.py:2726} INFO - Sync 1 DAGs
[2025-03-13T09:53:19.499+0000] {logging_mixin.py:149} INFO - [2025-03-13T09:53:19.499+0000] {dag.py:3490} INFO - Setting next_dagrun for example_weekday_branch_operator to 2025-03-12T00:00:00+00:00, run_after=2025-03-13T00:00:00+00:00
[2025-03-13T09:53:19.517+0000] {processor.py:179} INFO - Processing /home/airflow/.local/lib/python3.7/site-packages/airflow/example_dags/example_branch_day_of_week_operator.py took 0.083 seconds
[2025-03-13T09:53:50.808+0000] {processor.py:157} INFO - Started process (PID=1669) to work on /home/airflow/.local/lib/python3.7/site-packages/airflow/example_dags/example_branch_day_of_week_operator.py
[2025-03-13T09:53:50.809+0000] {processor.py:826} INFO - Processing file /home/airflow/.local/lib/python3.7/site-packages/airflow/example_dags/example_branch_day_of_week_operator.py for tasks to queue
[2025-03-13T09:53:50.810+0000] {logging_mixin.py:149} INFO - [2025-03-13T09:53:50.810+0000] {dagbag.py:541} INFO - Filling up the DagBag from /home/airflow/.local/lib/python3.7/site-packages/airflow/example_dags/example_branch_day_of_week_operator.py
[2025-03-13T09:53:50.817+0000] {processor.py:836} INFO - DAG(s) dict_keys(['example_weekday_branch_operator']) retrieved from /home/airflow/.local/lib/python3.7/site-packages/airflow/example_dags/example_branch_day_of_week_operator.py
[2025-03-13T09:53:50.841+0000] {logging_mixin.py:149} INFO - [2025-03-13T09:53:50.841+0000] {dag.py:2726} INFO - Sync 1 DAGs
[2025-03-13T09:53:50.867+0000] {logging_mixin.py:149} INFO - [2025-03-13T09:53:50.867+0000] {dag.py:3490} INFO - Setting next_dagrun for example_weekday_branch_operator to 2025-03-12T00:00:00+00:00, run_after=2025-03-13T00:00:00+00:00
[2025-03-13T09:53:50.886+0000] {processor.py:179} INFO - Processing /home/airflow/.local/lib/python3.7/site-packages/airflow/example_dags/example_branch_day_of_week_operator.py took 0.082 seconds
[2025-03-13T09:54:22.030+0000] {processor.py:157} INFO - Started process (PID=1760) to work on /home/airflow/.local/lib/python3.7/site-packages/airflow/example_dags/example_branch_day_of_week_operator.py
[2025-03-13T09:54:22.031+0000] {processor.py:826} INFO - Processing file /home/airflow/.local/lib/python3.7/site-packages/airflow/example_dags/example_branch_day_of_week_operator.py for tasks to queue
[2025-03-13T09:54:22.031+0000] {logging_mixin.py:149} INFO - [2025-03-13T09:54:22.031+0000] {dagbag.py:541} INFO - Filling up the DagBag from /home/airflow/.local/lib/python3.7/site-packages/airflow/example_dags/example_branch_day_of_week_operator.py
[2025-03-13T09:54:22.038+0000] {processor.py:836} INFO - DAG(s) dict_keys(['example_weekday_branch_operator']) retrieved from /home/airflow/.local/lib/python3.7/site-packages/airflow/example_dags/example_branch_day_of_week_operator.py
[2025-03-13T09:54:22.062+0000] {logging_mixin.py:149} INFO - [2025-03-13T09:54:22.062+0000] {dag.py:2726} INFO - Sync 1 DAGs
[2025-03-13T09:54:22.085+0000] {logging_mixin.py:149} INFO - [2025-03-13T09:54:22.085+0000] {dag.py:3490} INFO - Setting next_dagrun for example_weekday_branch_operator to 2025-03-12T00:00:00+00:00, run_after=2025-03-13T00:00:00+00:00
[2025-03-13T09:54:22.102+0000] {processor.py:179} INFO - Processing /home/airflow/.local/lib/python3.7/site-packages/airflow/example_dags/example_branch_day_of_week_operator.py took 0.076 seconds
[2025-03-13T09:54:53.378+0000] {processor.py:157} INFO - Started process (PID=1851) to work on /home/airflow/.local/lib/python3.7/site-packages/airflow/example_dags/example_branch_day_of_week_operator.py
[2025-03-13T09:54:53.379+0000] {processor.py:826} INFO - Processing file /home/airflow/.local/lib/python3.7/site-packages/airflow/example_dags/example_branch_day_of_week_operator.py for tasks to queue
[2025-03-13T09:54:53.379+0000] {logging_mixin.py:149} INFO - [2025-03-13T09:54:53.379+0000] {dagbag.py:541} INFO - Filling up the DagBag from /home/airflow/.local/lib/python3.7/site-packages/airflow/example_dags/example_branch_day_of_week_operator.py
[2025-03-13T09:54:53.386+0000] {processor.py:836} INFO - DAG(s) dict_keys(['example_weekday_branch_operator']) retrieved from /home/airflow/.local/lib/python3.7/site-packages/airflow/example_dags/example_branch_day_of_week_operator.py
[2025-03-13T09:54:53.409+0000] {logging_mixin.py:149} INFO - [2025-03-13T09:54:53.409+0000] {dag.py:2726} INFO - Sync 1 DAGs
[2025-03-13T09:54:53.434+0000] {logging_mixin.py:149} INFO - [2025-03-13T09:54:53.434+0000] {dag.py:3490} INFO - Setting next_dagrun for example_weekday_branch_operator to 2025-03-12T00:00:00+00:00, run_after=2025-03-13T00:00:00+00:00
[2025-03-13T09:54:53.452+0000] {processor.py:179} INFO - Processing /home/airflow/.local/lib/python3.7/site-packages/airflow/example_dags/example_branch_day_of_week_operator.py took 0.077 seconds
[2025-03-13T09:55:24.612+0000] {processor.py:157} INFO - Started process (PID=1942) to work on /home/airflow/.local/lib/python3.7/site-packages/airflow/example_dags/example_branch_day_of_week_operator.py
[2025-03-13T09:55:24.613+0000] {processor.py:826} INFO - Processing file /home/airflow/.local/lib/python3.7/site-packages/airflow/example_dags/example_branch_day_of_week_operator.py for tasks to queue
[2025-03-13T09:55:24.613+0000] {logging_mixin.py:149} INFO - [2025-03-13T09:55:24.613+0000] {dagbag.py:541} INFO - Filling up the DagBag from /home/airflow/.local/lib/python3.7/site-packages/airflow/example_dags/example_branch_day_of_week_operator.py
[2025-03-13T09:55:24.620+0000] {processor.py:836} INFO - DAG(s) dict_keys(['example_weekday_branch_operator']) retrieved from /home/airflow/.local/lib/python3.7/site-packages/airflow/example_dags/example_branch_day_of_week_operator.py
[2025-03-13T09:55:24.643+0000] {logging_mixin.py:149} INFO - [2025-03-13T09:55:24.643+0000] {dag.py:2726} INFO - Sync 1 DAGs
[2025-03-13T09:55:24.666+0000] {logging_mixin.py:149} INFO - [2025-03-13T09:55:24.666+0000] {dag.py:3490} INFO - Setting next_dagrun for example_weekday_branch_operator to 2025-03-12T00:00:00+00:00, run_after=2025-03-13T00:00:00+00:00
[2025-03-13T09:55:24.685+0000] {processor.py:179} INFO - Processing /home/airflow/.local/lib/python3.7/site-packages/airflow/example_dags/example_branch_day_of_week_operator.py took 0.076 seconds
[2025-03-13T09:55:55.974+0000] {processor.py:157} INFO - Started process (PID=2033) to work on /home/airflow/.local/lib/python3.7/site-packages/airflow/example_dags/example_branch_day_of_week_operator.py
[2025-03-13T09:55:55.975+0000] {processor.py:826} INFO - Processing file /home/airflow/.local/lib/python3.7/site-packages/airflow/example_dags/example_branch_day_of_week_operator.py for tasks to queue
[2025-03-13T09:55:55.976+0000] {logging_mixin.py:149} INFO - [2025-03-13T09:55:55.976+0000] {dagbag.py:541} INFO - Filling up the DagBag from /home/airflow/.local/lib/python3.7/site-packages/airflow/example_dags/example_branch_day_of_week_operator.py
[2025-03-13T09:55:55.984+0000] {processor.py:836} INFO - DAG(s) dict_keys(['example_weekday_branch_operator']) retrieved from /home/airflow/.local/lib/python3.7/site-packages/airflow/example_dags/example_branch_day_of_week_operator.py
[2025-03-13T09:55:56.012+0000] {logging_mixin.py:149} INFO - [2025-03-13T09:55:56.012+0000] {dag.py:2726} INFO - Sync 1 DAGs
[2025-03-13T09:55:56.040+0000] {logging_mixin.py:149} INFO - [2025-03-13T09:55:56.040+0000] {dag.py:3490} INFO - Setting next_dagrun for example_weekday_branch_operator to 2025-03-12T00:00:00+00:00, run_after=2025-03-13T00:00:00+00:00
[2025-03-13T09:55:56.063+0000] {processor.py:179} INFO - Processing /home/airflow/.local/lib/python3.7/site-packages/airflow/example_dags/example_branch_day_of_week_operator.py took 0.092 seconds
[2025-03-13T09:56:26.309+0000] {processor.py:157} INFO - Started process (PID=2124) to work on /home/airflow/.local/lib/python3.7/site-packages/airflow/example_dags/example_branch_day_of_week_operator.py
[2025-03-13T09:56:26.310+0000] {processor.py:826} INFO - Processing file /home/airflow/.local/lib/python3.7/site-packages/airflow/example_dags/example_branch_day_of_week_operator.py for tasks to queue
[2025-03-13T09:56:26.311+0000] {logging_mixin.py:149} INFO - [2025-03-13T09:56:26.310+0000] {dagbag.py:541} INFO - Filling up the DagBag from /home/airflow/.local/lib/python3.7/site-packages/airflow/example_dags/example_branch_day_of_week_operator.py
[2025-03-13T09:56:26.317+0000] {processor.py:836} INFO - DAG(s) dict_keys(['example_weekday_branch_operator']) retrieved from /home/airflow/.local/lib/python3.7/site-packages/airflow/example_dags/example_branch_day_of_week_operator.py
[2025-03-13T09:56:26.343+0000] {logging_mixin.py:149} INFO - [2025-03-13T09:56:26.342+0000] {dag.py:2726} INFO - Sync 1 DAGs
[2025-03-13T09:56:26.373+0000] {logging_mixin.py:149} INFO - [2025-03-13T09:56:26.372+0000] {dag.py:3490} INFO - Setting next_dagrun for example_weekday_branch_operator to 2025-03-12T00:00:00+00:00, run_after=2025-03-13T00:00:00+00:00
[2025-03-13T09:56:26.399+0000] {processor.py:179} INFO - Processing /home/airflow/.local/lib/python3.7/site-packages/airflow/example_dags/example_branch_day_of_week_operator.py took 0.093 seconds
[2025-03-13T09:56:56.925+0000] {processor.py:157} INFO - Started process (PID=2215) to work on /home/airflow/.local/lib/python3.7/site-packages/airflow/example_dags/example_branch_day_of_week_operator.py
[2025-03-13T09:56:56.926+0000] {processor.py:826} INFO - Processing file /home/airflow/.local/lib/python3.7/site-packages/airflow/example_dags/example_branch_day_of_week_operator.py for tasks to queue
[2025-03-13T09:56:56.927+0000] {logging_mixin.py:149} INFO - [2025-03-13T09:56:56.927+0000] {dagbag.py:541} INFO - Filling up the DagBag from /home/airflow/.local/lib/python3.7/site-packages/airflow/example_dags/example_branch_day_of_week_operator.py
[2025-03-13T09:56:56.934+0000] {processor.py:836} INFO - DAG(s) dict_keys(['example_weekday_branch_operator']) retrieved from /home/airflow/.local/lib/python3.7/site-packages/airflow/example_dags/example_branch_day_of_week_operator.py
[2025-03-13T09:56:56.960+0000] {logging_mixin.py:149} INFO - [2025-03-13T09:56:56.960+0000] {dag.py:2726} INFO - Sync 1 DAGs
[2025-03-13T09:56:56.986+0000] {logging_mixin.py:149} INFO - [2025-03-13T09:56:56.985+0000] {dag.py:3490} INFO - Setting next_dagrun for example_weekday_branch_operator to 2025-03-12T00:00:00+00:00, run_after=2025-03-13T00:00:00+00:00
[2025-03-13T09:56:57.005+0000] {processor.py:179} INFO - Processing /home/airflow/.local/lib/python3.7/site-packages/airflow/example_dags/example_branch_day_of_week_operator.py took 0.083 seconds
[2025-03-13T09:57:27.477+0000] {processor.py:157} INFO - Started process (PID=2306) to work on /home/airflow/.local/lib/python3.7/site-packages/airflow/example_dags/example_branch_day_of_week_operator.py
[2025-03-13T09:57:27.478+0000] {processor.py:826} INFO - Processing file /home/airflow/.local/lib/python3.7/site-packages/airflow/example_dags/example_branch_day_of_week_operator.py for tasks to queue
[2025-03-13T09:57:27.478+0000] {logging_mixin.py:149} INFO - [2025-03-13T09:57:27.478+0000] {dagbag.py:541} INFO - Filling up the DagBag from /home/airflow/.local/lib/python3.7/site-packages/airflow/example_dags/example_branch_day_of_week_operator.py
[2025-03-13T09:57:27.486+0000] {processor.py:836} INFO - DAG(s) dict_keys(['example_weekday_branch_operator']) retrieved from /home/airflow/.local/lib/python3.7/site-packages/airflow/example_dags/example_branch_day_of_week_operator.py
[2025-03-13T09:57:27.511+0000] {logging_mixin.py:149} INFO - [2025-03-13T09:57:27.511+0000] {dag.py:2726} INFO - Sync 1 DAGs
[2025-03-13T09:57:27.535+0000] {logging_mixin.py:149} INFO - [2025-03-13T09:57:27.535+0000] {dag.py:3490} INFO - Setting next_dagrun for example_weekday_branch_operator to 2025-03-12T00:00:00+00:00, run_after=2025-03-13T00:00:00+00:00
[2025-03-13T09:57:27.552+0000] {processor.py:179} INFO - Processing /home/airflow/.local/lib/python3.7/site-packages/airflow/example_dags/example_branch_day_of_week_operator.py took 0.079 seconds
[2025-03-13T09:57:57.759+0000] {processor.py:157} INFO - Started process (PID=2397) to work on /home/airflow/.local/lib/python3.7/site-packages/airflow/example_dags/example_branch_day_of_week_operator.py
[2025-03-13T09:57:57.760+0000] {processor.py:826} INFO - Processing file /home/airflow/.local/lib/python3.7/site-packages/airflow/example_dags/example_branch_day_of_week_operator.py for tasks to queue
[2025-03-13T09:57:57.761+0000] {logging_mixin.py:149} INFO - [2025-03-13T09:57:57.761+0000] {dagbag.py:541} INFO - Filling up the DagBag from /home/airflow/.local/lib/python3.7/site-packages/airflow/example_dags/example_branch_day_of_week_operator.py
[2025-03-13T09:57:57.767+0000] {processor.py:836} INFO - DAG(s) dict_keys(['example_weekday_branch_operator']) retrieved from /home/airflow/.local/lib/python3.7/site-packages/airflow/example_dags/example_branch_day_of_week_operator.py
[2025-03-13T09:57:57.792+0000] {logging_mixin.py:149} INFO - [2025-03-13T09:57:57.792+0000] {dag.py:2726} INFO - Sync 1 DAGs
[2025-03-13T09:57:57.816+0000] {logging_mixin.py:149} INFO - [2025-03-13T09:57:57.816+0000] {dag.py:3490} INFO - Setting next_dagrun for example_weekday_branch_operator to 2025-03-12T00:00:00+00:00, run_after=2025-03-13T00:00:00+00:00
[2025-03-13T09:57:57.832+0000] {processor.py:179} INFO - Processing /home/airflow/.local/lib/python3.7/site-packages/airflow/example_dags/example_branch_day_of_week_operator.py took 0.076 seconds
[2025-03-13T09:58:28.932+0000] {processor.py:157} INFO - Started process (PID=2488) to work on /home/airflow/.local/lib/python3.7/site-packages/airflow/example_dags/example_branch_day_of_week_operator.py
[2025-03-13T09:58:28.934+0000] {processor.py:826} INFO - Processing file /home/airflow/.local/lib/python3.7/site-packages/airflow/example_dags/example_branch_day_of_week_operator.py for tasks to queue
[2025-03-13T09:58:28.934+0000] {logging_mixin.py:149} INFO - [2025-03-13T09:58:28.934+0000] {dagbag.py:541} INFO - Filling up the DagBag from /home/airflow/.local/lib/python3.7/site-packages/airflow/example_dags/example_branch_day_of_week_operator.py
[2025-03-13T09:58:28.940+0000] {processor.py:836} INFO - DAG(s) dict_keys(['example_weekday_branch_operator']) retrieved from /home/airflow/.local/lib/python3.7/site-packages/airflow/example_dags/example_branch_day_of_week_operator.py
[2025-03-13T09:58:28.964+0000] {logging_mixin.py:149} INFO - [2025-03-13T09:58:28.964+0000] {dag.py:2726} INFO - Sync 1 DAGs
[2025-03-13T09:58:28.987+0000] {logging_mixin.py:149} INFO - [2025-03-13T09:58:28.987+0000] {dag.py:3490} INFO - Setting next_dagrun for example_weekday_branch_operator to 2025-03-12T00:00:00+00:00, run_after=2025-03-13T00:00:00+00:00
[2025-03-13T09:58:29.005+0000] {processor.py:179} INFO - Processing /home/airflow/.local/lib/python3.7/site-packages/airflow/example_dags/example_branch_day_of_week_operator.py took 0.075 seconds
[2025-03-13T09:59:00.245+0000] {processor.py:157} INFO - Started process (PID=2579) to work on /home/airflow/.local/lib/python3.7/site-packages/airflow/example_dags/example_branch_day_of_week_operator.py
[2025-03-13T09:59:00.246+0000] {processor.py:826} INFO - Processing file /home/airflow/.local/lib/python3.7/site-packages/airflow/example_dags/example_branch_day_of_week_operator.py for tasks to queue
[2025-03-13T09:59:00.247+0000] {logging_mixin.py:149} INFO - [2025-03-13T09:59:00.246+0000] {dagbag.py:541} INFO - Filling up the DagBag from /home/airflow/.local/lib/python3.7/site-packages/airflow/example_dags/example_branch_day_of_week_operator.py
[2025-03-13T09:59:00.253+0000] {processor.py:836} INFO - DAG(s) dict_keys(['example_weekday_branch_operator']) retrieved from /home/airflow/.local/lib/python3.7/site-packages/airflow/example_dags/example_branch_day_of_week_operator.py
[2025-03-13T09:59:00.277+0000] {logging_mixin.py:149} INFO - [2025-03-13T09:59:00.277+0000] {dag.py:2726} INFO - Sync 1 DAGs
[2025-03-13T09:59:00.301+0000] {logging_mixin.py:149} INFO - [2025-03-13T09:59:00.300+0000] {dag.py:3490} INFO - Setting next_dagrun for example_weekday_branch_operator to 2025-03-12T00:00:00+00:00, run_after=2025-03-13T00:00:00+00:00
[2025-03-13T09:59:00.319+0000] {processor.py:179} INFO - Processing /home/airflow/.local/lib/python3.7/site-packages/airflow/example_dags/example_branch_day_of_week_operator.py took 0.077 seconds
[2025-03-13T09:59:30.960+0000] {processor.py:157} INFO - Started process (PID=2670) to work on /home/airflow/.local/lib/python3.7/site-packages/airflow/example_dags/example_branch_day_of_week_operator.py
[2025-03-13T09:59:30.961+0000] {processor.py:826} INFO - Processing file /home/airflow/.local/lib/python3.7/site-packages/airflow/example_dags/example_branch_day_of_week_operator.py for tasks to queue
[2025-03-13T09:59:30.962+0000] {logging_mixin.py:149} INFO - [2025-03-13T09:59:30.962+0000] {dagbag.py:541} INFO - Filling up the DagBag from /home/airflow/.local/lib/python3.7/site-packages/airflow/example_dags/example_branch_day_of_week_operator.py
[2025-03-13T09:59:30.970+0000] {processor.py:836} INFO - DAG(s) dict_keys(['example_weekday_branch_operator']) retrieved from /home/airflow/.local/lib/python3.7/site-packages/airflow/example_dags/example_branch_day_of_week_operator.py
[2025-03-13T09:59:31.001+0000] {logging_mixin.py:149} INFO - [2025-03-13T09:59:31.000+0000] {dag.py:2726} INFO - Sync 1 DAGs
[2025-03-13T09:59:31.039+0000] {logging_mixin.py:149} INFO - [2025-03-13T09:59:31.039+0000] {dag.py:3490} INFO - Setting next_dagrun for example_weekday_branch_operator to 2025-03-12T00:00:00+00:00, run_after=2025-03-13T00:00:00+00:00
[2025-03-13T09:59:31.067+0000] {processor.py:179} INFO - Processing /home/airflow/.local/lib/python3.7/site-packages/airflow/example_dags/example_branch_day_of_week_operator.py took 0.111 seconds
[2025-03-13T10:00:01.286+0000] {processor.py:157} INFO - Started process (PID=2761) to work on /home/airflow/.local/lib/python3.7/site-packages/airflow/example_dags/example_branch_day_of_week_operator.py
[2025-03-13T10:00:01.287+0000] {processor.py:826} INFO - Processing file /home/airflow/.local/lib/python3.7/site-packages/airflow/example_dags/example_branch_day_of_week_operator.py for tasks to queue
[2025-03-13T10:00:01.288+0000] {logging_mixin.py:149} INFO - [2025-03-13T10:00:01.288+0000] {dagbag.py:541} INFO - Filling up the DagBag from /home/airflow/.local/lib/python3.7/site-packages/airflow/example_dags/example_branch_day_of_week_operator.py
[2025-03-13T10:00:01.294+0000] {processor.py:836} INFO - DAG(s) dict_keys(['example_weekday_branch_operator']) retrieved from /home/airflow/.local/lib/python3.7/site-packages/airflow/example_dags/example_branch_day_of_week_operator.py
[2025-03-13T10:00:01.319+0000] {logging_mixin.py:149} INFO - [2025-03-13T10:00:01.318+0000] {dag.py:2726} INFO - Sync 1 DAGs
[2025-03-13T10:00:01.342+0000] {logging_mixin.py:149} INFO - [2025-03-13T10:00:01.342+0000] {dag.py:3490} INFO - Setting next_dagrun for example_weekday_branch_operator to 2025-03-12T00:00:00+00:00, run_after=2025-03-13T00:00:00+00:00
[2025-03-13T10:00:01.361+0000] {processor.py:179} INFO - Processing /home/airflow/.local/lib/python3.7/site-packages/airflow/example_dags/example_branch_day_of_week_operator.py took 0.077 seconds
[2025-03-13T10:00:31.646+0000] {processor.py:157} INFO - Started process (PID=2852) to work on /home/airflow/.local/lib/python3.7/site-packages/airflow/example_dags/example_branch_day_of_week_operator.py
[2025-03-13T10:00:31.647+0000] {processor.py:826} INFO - Processing file /home/airflow/.local/lib/python3.7/site-packages/airflow/example_dags/example_branch_day_of_week_operator.py for tasks to queue
[2025-03-13T10:00:31.648+0000] {logging_mixin.py:149} INFO - [2025-03-13T10:00:31.648+0000] {dagbag.py:541} INFO - Filling up the DagBag from /home/airflow/.local/lib/python3.7/site-packages/airflow/example_dags/example_branch_day_of_week_operator.py
[2025-03-13T10:00:31.656+0000] {processor.py:836} INFO - DAG(s) dict_keys(['example_weekday_branch_operator']) retrieved from /home/airflow/.local/lib/python3.7/site-packages/airflow/example_dags/example_branch_day_of_week_operator.py
[2025-03-13T10:00:31.685+0000] {logging_mixin.py:149} INFO - [2025-03-13T10:00:31.685+0000] {dag.py:2726} INFO - Sync 1 DAGs
[2025-03-13T10:00:31.712+0000] {logging_mixin.py:149} INFO - [2025-03-13T10:00:31.712+0000] {dag.py:3490} INFO - Setting next_dagrun for example_weekday_branch_operator to 2025-03-12T00:00:00+00:00, run_after=2025-03-13T00:00:00+00:00
[2025-03-13T10:00:31.732+0000] {processor.py:179} INFO - Processing /home/airflow/.local/lib/python3.7/site-packages/airflow/example_dags/example_branch_day_of_week_operator.py took 0.090 seconds
[2025-03-13T10:01:02.486+0000] {processor.py:157} INFO - Started process (PID=2943) to work on /home/airflow/.local/lib/python3.7/site-packages/airflow/example_dags/example_branch_day_of_week_operator.py
[2025-03-13T10:01:02.488+0000] {processor.py:826} INFO - Processing file /home/airflow/.local/lib/python3.7/site-packages/airflow/example_dags/example_branch_day_of_week_operator.py for tasks to queue
[2025-03-13T10:01:02.488+0000] {logging_mixin.py:149} INFO - [2025-03-13T10:01:02.488+0000] {dagbag.py:541} INFO - Filling up the DagBag from /home/airflow/.local/lib/python3.7/site-packages/airflow/example_dags/example_branch_day_of_week_operator.py
[2025-03-13T10:01:02.498+0000] {processor.py:836} INFO - DAG(s) dict_keys(['example_weekday_branch_operator']) retrieved from /home/airflow/.local/lib/python3.7/site-packages/airflow/example_dags/example_branch_day_of_week_operator.py
[2025-03-13T10:01:02.527+0000] {logging_mixin.py:149} INFO - [2025-03-13T10:01:02.527+0000] {dag.py:2726} INFO - Sync 1 DAGs
[2025-03-13T10:01:02.554+0000] {logging_mixin.py:149} INFO - [2025-03-13T10:01:02.554+0000] {dag.py:3490} INFO - Setting next_dagrun for example_weekday_branch_operator to 2025-03-12T00:00:00+00:00, run_after=2025-03-13T00:00:00+00:00
[2025-03-13T10:01:02.579+0000] {processor.py:179} INFO - Processing /home/airflow/.local/lib/python3.7/site-packages/airflow/example_dags/example_branch_day_of_week_operator.py took 0.097 seconds
[2025-03-13T10:01:33.072+0000] {processor.py:157} INFO - Started process (PID=3034) to work on /home/airflow/.local/lib/python3.7/site-packages/airflow/example_dags/example_branch_day_of_week_operator.py
[2025-03-13T10:01:33.073+0000] {processor.py:826} INFO - Processing file /home/airflow/.local/lib/python3.7/site-packages/airflow/example_dags/example_branch_day_of_week_operator.py for tasks to queue
[2025-03-13T10:01:33.073+0000] {logging_mixin.py:149} INFO - [2025-03-13T10:01:33.073+0000] {dagbag.py:541} INFO - Filling up the DagBag from /home/airflow/.local/lib/python3.7/site-packages/airflow/example_dags/example_branch_day_of_week_operator.py
[2025-03-13T10:01:33.081+0000] {processor.py:836} INFO - DAG(s) dict_keys(['example_weekday_branch_operator']) retrieved from /home/airflow/.local/lib/python3.7/site-packages/airflow/example_dags/example_branch_day_of_week_operator.py
[2025-03-13T10:01:33.111+0000] {logging_mixin.py:149} INFO - [2025-03-13T10:01:33.111+0000] {dag.py:2726} INFO - Sync 1 DAGs
[2025-03-13T10:01:33.146+0000] {logging_mixin.py:149} INFO - [2025-03-13T10:01:33.145+0000] {dag.py:3490} INFO - Setting next_dagrun for example_weekday_branch_operator to 2025-03-12T00:00:00+00:00, run_after=2025-03-13T00:00:00+00:00
[2025-03-13T10:01:33.169+0000] {processor.py:179} INFO - Processing /home/airflow/.local/lib/python3.7/site-packages/airflow/example_dags/example_branch_day_of_week_operator.py took 0.100 seconds
[2025-03-13T10:02:03.517+0000] {processor.py:157} INFO - Started process (PID=3125) to work on /home/airflow/.local/lib/python3.7/site-packages/airflow/example_dags/example_branch_day_of_week_operator.py
[2025-03-13T10:02:03.518+0000] {processor.py:826} INFO - Processing file /home/airflow/.local/lib/python3.7/site-packages/airflow/example_dags/example_branch_day_of_week_operator.py for tasks to queue
[2025-03-13T10:02:03.518+0000] {logging_mixin.py:149} INFO - [2025-03-13T10:02:03.518+0000] {dagbag.py:541} INFO - Filling up the DagBag from /home/airflow/.local/lib/python3.7/site-packages/airflow/example_dags/example_branch_day_of_week_operator.py
[2025-03-13T10:02:03.525+0000] {processor.py:836} INFO - DAG(s) dict_keys(['example_weekday_branch_operator']) retrieved from /home/airflow/.local/lib/python3.7/site-packages/airflow/example_dags/example_branch_day_of_week_operator.py
[2025-03-13T10:02:03.550+0000] {logging_mixin.py:149} INFO - [2025-03-13T10:02:03.550+0000] {dag.py:2726} INFO - Sync 1 DAGs
[2025-03-13T10:02:03.576+0000] {logging_mixin.py:149} INFO - [2025-03-13T10:02:03.575+0000] {dag.py:3490} INFO - Setting next_dagrun for example_weekday_branch_operator to 2025-03-12T00:00:00+00:00, run_after=2025-03-13T00:00:00+00:00
[2025-03-13T10:02:03.600+0000] {processor.py:179} INFO - Processing /home/airflow/.local/lib/python3.7/site-packages/airflow/example_dags/example_branch_day_of_week_operator.py took 0.086 seconds
[2025-03-13T10:02:34.666+0000] {processor.py:157} INFO - Started process (PID=3223) to work on /home/airflow/.local/lib/python3.7/site-packages/airflow/example_dags/example_branch_day_of_week_operator.py
[2025-03-13T10:02:34.667+0000] {processor.py:826} INFO - Processing file /home/airflow/.local/lib/python3.7/site-packages/airflow/example_dags/example_branch_day_of_week_operator.py for tasks to queue
[2025-03-13T10:02:34.668+0000] {logging_mixin.py:149} INFO - [2025-03-13T10:02:34.667+0000] {dagbag.py:541} INFO - Filling up the DagBag from /home/airflow/.local/lib/python3.7/site-packages/airflow/example_dags/example_branch_day_of_week_operator.py
[2025-03-13T10:02:34.675+0000] {processor.py:836} INFO - DAG(s) dict_keys(['example_weekday_branch_operator']) retrieved from /home/airflow/.local/lib/python3.7/site-packages/airflow/example_dags/example_branch_day_of_week_operator.py
[2025-03-13T10:02:34.703+0000] {logging_mixin.py:149} INFO - [2025-03-13T10:02:34.702+0000] {dag.py:2726} INFO - Sync 1 DAGs
[2025-03-13T10:02:34.727+0000] {logging_mixin.py:149} INFO - [2025-03-13T10:02:34.727+0000] {dag.py:3490} INFO - Setting next_dagrun for example_weekday_branch_operator to 2025-03-12T00:00:00+00:00, run_after=2025-03-13T00:00:00+00:00
[2025-03-13T10:02:34.744+0000] {processor.py:179} INFO - Processing /home/airflow/.local/lib/python3.7/site-packages/airflow/example_dags/example_branch_day_of_week_operator.py took 0.081 seconds
[2025-03-13T10:03:06.243+0000] {processor.py:157} INFO - Started process (PID=3314) to work on /home/airflow/.local/lib/python3.7/site-packages/airflow/example_dags/example_branch_day_of_week_operator.py
[2025-03-13T10:03:06.244+0000] {processor.py:826} INFO - Processing file /home/airflow/.local/lib/python3.7/site-packages/airflow/example_dags/example_branch_day_of_week_operator.py for tasks to queue
[2025-03-13T10:03:06.244+0000] {logging_mixin.py:149} INFO - [2025-03-13T10:03:06.244+0000] {dagbag.py:541} INFO - Filling up the DagBag from /home/airflow/.local/lib/python3.7/site-packages/airflow/example_dags/example_branch_day_of_week_operator.py
[2025-03-13T10:03:06.253+0000] {processor.py:836} INFO - DAG(s) dict_keys(['example_weekday_branch_operator']) retrieved from /home/airflow/.local/lib/python3.7/site-packages/airflow/example_dags/example_branch_day_of_week_operator.py
[2025-03-13T10:03:06.280+0000] {logging_mixin.py:149} INFO - [2025-03-13T10:03:06.280+0000] {dag.py:2726} INFO - Sync 1 DAGs
[2025-03-13T10:03:06.310+0000] {logging_mixin.py:149} INFO - [2025-03-13T10:03:06.310+0000] {dag.py:3490} INFO - Setting next_dagrun for example_weekday_branch_operator to 2025-03-12T00:00:00+00:00, run_after=2025-03-13T00:00:00+00:00
[2025-03-13T10:03:06.330+0000] {processor.py:179} INFO - Processing /home/airflow/.local/lib/python3.7/site-packages/airflow/example_dags/example_branch_day_of_week_operator.py took 0.090 seconds
[2025-03-13T10:03:36.892+0000] {processor.py:157} INFO - Started process (PID=3405) to work on /home/airflow/.local/lib/python3.7/site-packages/airflow/example_dags/example_branch_day_of_week_operator.py
[2025-03-13T10:03:36.893+0000] {processor.py:826} INFO - Processing file /home/airflow/.local/lib/python3.7/site-packages/airflow/example_dags/example_branch_day_of_week_operator.py for tasks to queue
[2025-03-13T10:03:36.893+0000] {logging_mixin.py:149} INFO - [2025-03-13T10:03:36.893+0000] {dagbag.py:541} INFO - Filling up the DagBag from /home/airflow/.local/lib/python3.7/site-packages/airflow/example_dags/example_branch_day_of_week_operator.py
[2025-03-13T10:03:36.900+0000] {processor.py:836} INFO - DAG(s) dict_keys(['example_weekday_branch_operator']) retrieved from /home/airflow/.local/lib/python3.7/site-packages/airflow/example_dags/example_branch_day_of_week_operator.py
[2025-03-13T10:03:36.923+0000] {logging_mixin.py:149} INFO - [2025-03-13T10:03:36.923+0000] {dag.py:2726} INFO - Sync 1 DAGs
[2025-03-13T10:03:36.945+0000] {logging_mixin.py:149} INFO - [2025-03-13T10:03:36.945+0000] {dag.py:3490} INFO - Setting next_dagrun for example_weekday_branch_operator to 2025-03-12T00:00:00+00:00, run_after=2025-03-13T00:00:00+00:00
[2025-03-13T10:03:36.964+0000] {processor.py:179} INFO - Processing /home/airflow/.local/lib/python3.7/site-packages/airflow/example_dags/example_branch_day_of_week_operator.py took 0.076 seconds
[2025-03-13T10:04:07.917+0000] {processor.py:157} INFO - Started process (PID=3496) to work on /home/airflow/.local/lib/python3.7/site-packages/airflow/example_dags/example_branch_day_of_week_operator.py
[2025-03-13T10:04:07.918+0000] {processor.py:826} INFO - Processing file /home/airflow/.local/lib/python3.7/site-packages/airflow/example_dags/example_branch_day_of_week_operator.py for tasks to queue
[2025-03-13T10:04:07.918+0000] {logging_mixin.py:149} INFO - [2025-03-13T10:04:07.918+0000] {dagbag.py:541} INFO - Filling up the DagBag from /home/airflow/.local/lib/python3.7/site-packages/airflow/example_dags/example_branch_day_of_week_operator.py
[2025-03-13T10:04:07.925+0000] {processor.py:836} INFO - DAG(s) dict_keys(['example_weekday_branch_operator']) retrieved from /home/airflow/.local/lib/python3.7/site-packages/airflow/example_dags/example_branch_day_of_week_operator.py
[2025-03-13T10:04:07.948+0000] {logging_mixin.py:149} INFO - [2025-03-13T10:04:07.948+0000] {dag.py:2726} INFO - Sync 1 DAGs
[2025-03-13T10:04:07.973+0000] {logging_mixin.py:149} INFO - [2025-03-13T10:04:07.972+0000] {dag.py:3490} INFO - Setting next_dagrun for example_weekday_branch_operator to 2025-03-12T00:00:00+00:00, run_after=2025-03-13T00:00:00+00:00
[2025-03-13T10:04:07.993+0000] {processor.py:179} INFO - Processing /home/airflow/.local/lib/python3.7/site-packages/airflow/example_dags/example_branch_day_of_week_operator.py took 0.080 seconds
[2025-03-13T10:04:38.425+0000] {processor.py:157} INFO - Started process (PID=3587) to work on /home/airflow/.local/lib/python3.7/site-packages/airflow/example_dags/example_branch_day_of_week_operator.py
[2025-03-13T10:04:38.433+0000] {processor.py:826} INFO - Processing file /home/airflow/.local/lib/python3.7/site-packages/airflow/example_dags/example_branch_day_of_week_operator.py for tasks to queue
[2025-03-13T10:04:38.434+0000] {logging_mixin.py:149} INFO - [2025-03-13T10:04:38.434+0000] {dagbag.py:541} INFO - Filling up the DagBag from /home/airflow/.local/lib/python3.7/site-packages/airflow/example_dags/example_branch_day_of_week_operator.py
[2025-03-13T10:04:38.440+0000] {processor.py:836} INFO - DAG(s) dict_keys(['example_weekday_branch_operator']) retrieved from /home/airflow/.local/lib/python3.7/site-packages/airflow/example_dags/example_branch_day_of_week_operator.py
[2025-03-13T10:04:38.463+0000] {logging_mixin.py:149} INFO - [2025-03-13T10:04:38.463+0000] {dag.py:2726} INFO - Sync 1 DAGs
[2025-03-13T10:04:38.486+0000] {logging_mixin.py:149} INFO - [2025-03-13T10:04:38.486+0000] {dag.py:3490} INFO - Setting next_dagrun for example_weekday_branch_operator to 2025-03-12T00:00:00+00:00, run_after=2025-03-13T00:00:00+00:00
[2025-03-13T10:04:38.510+0000] {processor.py:179} INFO - Processing /home/airflow/.local/lib/python3.7/site-packages/airflow/example_dags/example_branch_day_of_week_operator.py took 0.087 seconds
[2025-03-13T10:05:09.363+0000] {processor.py:157} INFO - Started process (PID=3678) to work on /home/airflow/.local/lib/python3.7/site-packages/airflow/example_dags/example_branch_day_of_week_operator.py
[2025-03-13T10:05:09.364+0000] {processor.py:826} INFO - Processing file /home/airflow/.local/lib/python3.7/site-packages/airflow/example_dags/example_branch_day_of_week_operator.py for tasks to queue
[2025-03-13T10:05:09.365+0000] {logging_mixin.py:149} INFO - [2025-03-13T10:05:09.365+0000] {dagbag.py:541} INFO - Filling up the DagBag from /home/airflow/.local/lib/python3.7/site-packages/airflow/example_dags/example_branch_day_of_week_operator.py
[2025-03-13T10:05:09.371+0000] {processor.py:836} INFO - DAG(s) dict_keys(['example_weekday_branch_operator']) retrieved from /home/airflow/.local/lib/python3.7/site-packages/airflow/example_dags/example_branch_day_of_week_operator.py
[2025-03-13T10:05:09.396+0000] {logging_mixin.py:149} INFO - [2025-03-13T10:05:09.396+0000] {dag.py:2726} INFO - Sync 1 DAGs
[2025-03-13T10:05:09.420+0000] {logging_mixin.py:149} INFO - [2025-03-13T10:05:09.420+0000] {dag.py:3490} INFO - Setting next_dagrun for example_weekday_branch_operator to 2025-03-12T00:00:00+00:00, run_after=2025-03-13T00:00:00+00:00
[2025-03-13T10:05:09.440+0000] {processor.py:179} INFO - Processing /home/airflow/.local/lib/python3.7/site-packages/airflow/example_dags/example_branch_day_of_week_operator.py took 0.080 seconds
