[2025-03-13T09:45:03.262+0000] {processor.py:157} INFO - Started process (PID=108) to work on /home/airflow/.local/lib/python3.7/site-packages/airflow/example_dags/example_latest_only.py
[2025-03-13T09:45:03.263+0000] {processor.py:826} INFO - Processing file /home/airflow/.local/lib/python3.7/site-packages/airflow/example_dags/example_latest_only.py for tasks to queue
[2025-03-13T09:45:03.263+0000] {logging_mixin.py:149} INFO - [2025-03-13T09:45:03.263+0000] {dagbag.py:541} INFO - Filling up the DagBag from /home/airflow/.local/lib/python3.7/site-packages/airflow/example_dags/example_latest_only.py
[2025-03-13T09:45:03.269+0000] {processor.py:836} INFO - DAG(s) dict_keys(['latest_only']) retrieved from /home/airflow/.local/lib/python3.7/site-packages/airflow/example_dags/example_latest_only.py
[2025-03-13T09:45:03.294+0000] {logging_mixin.py:149} INFO - [2025-03-13T09:45:03.294+0000] {dag.py:2726} INFO - Sync 1 DAGs
[2025-03-13T09:45:03.329+0000] {logging_mixin.py:149} INFO - [2025-03-13T09:45:03.328+0000] {dag.py:3490} INFO - Setting next_dagrun for latest_only to 2025-03-13T05:45:03.328414+00:00, run_after=2025-03-13T09:45:03.328414+00:00
[2025-03-13T09:45:03.361+0000] {processor.py:179} INFO - Processing /home/airflow/.local/lib/python3.7/site-packages/airflow/example_dags/example_latest_only.py took 0.102 seconds
[2025-03-13T09:45:33.646+0000] {processor.py:157} INFO - Started process (PID=216) to work on /home/airflow/.local/lib/python3.7/site-packages/airflow/example_dags/example_latest_only.py
[2025-03-13T09:45:33.647+0000] {processor.py:826} INFO - Processing file /home/airflow/.local/lib/python3.7/site-packages/airflow/example_dags/example_latest_only.py for tasks to queue
[2025-03-13T09:45:33.648+0000] {logging_mixin.py:149} INFO - [2025-03-13T09:45:33.648+0000] {dagbag.py:541} INFO - Filling up the DagBag from /home/airflow/.local/lib/python3.7/site-packages/airflow/example_dags/example_latest_only.py
[2025-03-13T09:45:33.653+0000] {processor.py:836} INFO - DAG(s) dict_keys(['latest_only']) retrieved from /home/airflow/.local/lib/python3.7/site-packages/airflow/example_dags/example_latest_only.py
[2025-03-13T09:45:33.675+0000] {logging_mixin.py:149} INFO - [2025-03-13T09:45:33.675+0000] {dag.py:2726} INFO - Sync 1 DAGs
[2025-03-13T09:45:33.699+0000] {logging_mixin.py:149} INFO - [2025-03-13T09:45:33.699+0000] {dag.py:3490} INFO - Setting next_dagrun for latest_only to 2025-03-13T05:45:33.698671+00:00, run_after=2025-03-13T09:45:33.698671+00:00
[2025-03-13T09:45:33.720+0000] {processor.py:179} INFO - Processing /home/airflow/.local/lib/python3.7/site-packages/airflow/example_dags/example_latest_only.py took 0.077 seconds
[2025-03-13T09:46:05.194+0000] {processor.py:157} INFO - Started process (PID=307) to work on /home/airflow/.local/lib/python3.7/site-packages/airflow/example_dags/example_latest_only.py
[2025-03-13T09:46:05.195+0000] {processor.py:826} INFO - Processing file /home/airflow/.local/lib/python3.7/site-packages/airflow/example_dags/example_latest_only.py for tasks to queue
[2025-03-13T09:46:05.196+0000] {logging_mixin.py:149} INFO - [2025-03-13T09:46:05.196+0000] {dagbag.py:541} INFO - Filling up the DagBag from /home/airflow/.local/lib/python3.7/site-packages/airflow/example_dags/example_latest_only.py
[2025-03-13T09:46:05.201+0000] {processor.py:836} INFO - DAG(s) dict_keys(['latest_only']) retrieved from /home/airflow/.local/lib/python3.7/site-packages/airflow/example_dags/example_latest_only.py
[2025-03-13T09:46:05.316+0000] {logging_mixin.py:149} INFO - [2025-03-13T09:46:05.316+0000] {dag.py:2726} INFO - Sync 1 DAGs
[2025-03-13T09:46:05.336+0000] {logging_mixin.py:149} INFO - [2025-03-13T09:46:05.335+0000] {dag.py:3490} INFO - Setting next_dagrun for latest_only to 2025-03-13T05:46:05.335687+00:00, run_after=2025-03-13T09:46:05.335687+00:00
[2025-03-13T09:46:05.353+0000] {processor.py:179} INFO - Processing /home/airflow/.local/lib/python3.7/site-packages/airflow/example_dags/example_latest_only.py took 0.161 seconds
[2025-03-13T09:46:36.346+0000] {processor.py:157} INFO - Started process (PID=398) to work on /home/airflow/.local/lib/python3.7/site-packages/airflow/example_dags/example_latest_only.py
[2025-03-13T09:46:36.347+0000] {processor.py:826} INFO - Processing file /home/airflow/.local/lib/python3.7/site-packages/airflow/example_dags/example_latest_only.py for tasks to queue
[2025-03-13T09:46:36.348+0000] {logging_mixin.py:149} INFO - [2025-03-13T09:46:36.347+0000] {dagbag.py:541} INFO - Filling up the DagBag from /home/airflow/.local/lib/python3.7/site-packages/airflow/example_dags/example_latest_only.py
[2025-03-13T09:46:36.353+0000] {processor.py:836} INFO - DAG(s) dict_keys(['latest_only']) retrieved from /home/airflow/.local/lib/python3.7/site-packages/airflow/example_dags/example_latest_only.py
[2025-03-13T09:46:36.376+0000] {logging_mixin.py:149} INFO - [2025-03-13T09:46:36.376+0000] {dag.py:2726} INFO - Sync 1 DAGs
[2025-03-13T09:46:36.400+0000] {logging_mixin.py:149} INFO - [2025-03-13T09:46:36.400+0000] {dag.py:3490} INFO - Setting next_dagrun for latest_only to 2025-03-13T05:46:36.400108+00:00, run_after=2025-03-13T09:46:36.400108+00:00
[2025-03-13T09:46:36.419+0000] {processor.py:179} INFO - Processing /home/airflow/.local/lib/python3.7/site-packages/airflow/example_dags/example_latest_only.py took 0.076 seconds
[2025-03-13T09:47:07.297+0000] {processor.py:157} INFO - Started process (PID=489) to work on /home/airflow/.local/lib/python3.7/site-packages/airflow/example_dags/example_latest_only.py
[2025-03-13T09:47:07.298+0000] {processor.py:826} INFO - Processing file /home/airflow/.local/lib/python3.7/site-packages/airflow/example_dags/example_latest_only.py for tasks to queue
[2025-03-13T09:47:07.299+0000] {logging_mixin.py:149} INFO - [2025-03-13T09:47:07.299+0000] {dagbag.py:541} INFO - Filling up the DagBag from /home/airflow/.local/lib/python3.7/site-packages/airflow/example_dags/example_latest_only.py
[2025-03-13T09:47:07.305+0000] {processor.py:836} INFO - DAG(s) dict_keys(['latest_only']) retrieved from /home/airflow/.local/lib/python3.7/site-packages/airflow/example_dags/example_latest_only.py
[2025-03-13T09:47:07.332+0000] {logging_mixin.py:149} INFO - [2025-03-13T09:47:07.331+0000] {dag.py:2726} INFO - Sync 1 DAGs
[2025-03-13T09:47:07.359+0000] {logging_mixin.py:149} INFO - [2025-03-13T09:47:07.358+0000] {dag.py:3490} INFO - Setting next_dagrun for latest_only to 2025-03-13T05:47:07.358664+00:00, run_after=2025-03-13T09:47:07.358664+00:00
[2025-03-13T09:47:07.380+0000] {processor.py:179} INFO - Processing /home/airflow/.local/lib/python3.7/site-packages/airflow/example_dags/example_latest_only.py took 0.086 seconds
[2025-03-13T09:47:37.510+0000] {processor.py:157} INFO - Started process (PID=581) to work on /home/airflow/.local/lib/python3.7/site-packages/airflow/example_dags/example_latest_only.py
[2025-03-13T09:47:37.511+0000] {processor.py:826} INFO - Processing file /home/airflow/.local/lib/python3.7/site-packages/airflow/example_dags/example_latest_only.py for tasks to queue
[2025-03-13T09:47:37.512+0000] {logging_mixin.py:149} INFO - [2025-03-13T09:47:37.512+0000] {dagbag.py:541} INFO - Filling up the DagBag from /home/airflow/.local/lib/python3.7/site-packages/airflow/example_dags/example_latest_only.py
[2025-03-13T09:47:37.517+0000] {processor.py:836} INFO - DAG(s) dict_keys(['latest_only']) retrieved from /home/airflow/.local/lib/python3.7/site-packages/airflow/example_dags/example_latest_only.py
[2025-03-13T09:47:37.538+0000] {logging_mixin.py:149} INFO - [2025-03-13T09:47:37.538+0000] {dag.py:2726} INFO - Sync 1 DAGs
[2025-03-13T09:47:37.559+0000] {logging_mixin.py:149} INFO - [2025-03-13T09:47:37.559+0000] {dag.py:3490} INFO - Setting next_dagrun for latest_only to 2025-03-13T05:47:37.559448+00:00, run_after=2025-03-13T09:47:37.559448+00:00
[2025-03-13T09:47:37.578+0000] {processor.py:179} INFO - Processing /home/airflow/.local/lib/python3.7/site-packages/airflow/example_dags/example_latest_only.py took 0.071 seconds
[2025-03-13T09:48:08.600+0000] {processor.py:157} INFO - Started process (PID=672) to work on /home/airflow/.local/lib/python3.7/site-packages/airflow/example_dags/example_latest_only.py
[2025-03-13T09:48:08.601+0000] {processor.py:826} INFO - Processing file /home/airflow/.local/lib/python3.7/site-packages/airflow/example_dags/example_latest_only.py for tasks to queue
[2025-03-13T09:48:08.602+0000] {logging_mixin.py:149} INFO - [2025-03-13T09:48:08.602+0000] {dagbag.py:541} INFO - Filling up the DagBag from /home/airflow/.local/lib/python3.7/site-packages/airflow/example_dags/example_latest_only.py
[2025-03-13T09:48:08.607+0000] {processor.py:836} INFO - DAG(s) dict_keys(['latest_only']) retrieved from /home/airflow/.local/lib/python3.7/site-packages/airflow/example_dags/example_latest_only.py
[2025-03-13T09:48:08.628+0000] {logging_mixin.py:149} INFO - [2025-03-13T09:48:08.628+0000] {dag.py:2726} INFO - Sync 1 DAGs
[2025-03-13T09:48:08.651+0000] {logging_mixin.py:149} INFO - [2025-03-13T09:48:08.651+0000] {dag.py:3490} INFO - Setting next_dagrun for latest_only to 2025-03-13T05:48:08.650852+00:00, run_after=2025-03-13T09:48:08.650852+00:00
[2025-03-13T09:48:08.669+0000] {processor.py:179} INFO - Processing /home/airflow/.local/lib/python3.7/site-packages/airflow/example_dags/example_latest_only.py took 0.072 seconds
[2025-03-13T09:48:39.105+0000] {processor.py:157} INFO - Started process (PID=763) to work on /home/airflow/.local/lib/python3.7/site-packages/airflow/example_dags/example_latest_only.py
[2025-03-13T09:48:39.106+0000] {processor.py:826} INFO - Processing file /home/airflow/.local/lib/python3.7/site-packages/airflow/example_dags/example_latest_only.py for tasks to queue
[2025-03-13T09:48:39.107+0000] {logging_mixin.py:149} INFO - [2025-03-13T09:48:39.107+0000] {dagbag.py:541} INFO - Filling up the DagBag from /home/airflow/.local/lib/python3.7/site-packages/airflow/example_dags/example_latest_only.py
[2025-03-13T09:48:39.112+0000] {processor.py:836} INFO - DAG(s) dict_keys(['latest_only']) retrieved from /home/airflow/.local/lib/python3.7/site-packages/airflow/example_dags/example_latest_only.py
[2025-03-13T09:48:39.137+0000] {logging_mixin.py:149} INFO - [2025-03-13T09:48:39.137+0000] {dag.py:2726} INFO - Sync 1 DAGs
[2025-03-13T09:48:39.167+0000] {logging_mixin.py:149} INFO - [2025-03-13T09:48:39.167+0000] {dag.py:3490} INFO - Setting next_dagrun for latest_only to 2025-03-13T05:48:39.166904+00:00, run_after=2025-03-13T09:48:39.166904+00:00
[2025-03-13T09:48:39.202+0000] {processor.py:179} INFO - Processing /home/airflow/.local/lib/python3.7/site-packages/airflow/example_dags/example_latest_only.py took 0.100 seconds
[2025-03-13T09:49:10.226+0000] {processor.py:157} INFO - Started process (PID=854) to work on /home/airflow/.local/lib/python3.7/site-packages/airflow/example_dags/example_latest_only.py
[2025-03-13T09:49:10.227+0000] {processor.py:826} INFO - Processing file /home/airflow/.local/lib/python3.7/site-packages/airflow/example_dags/example_latest_only.py for tasks to queue
[2025-03-13T09:49:10.228+0000] {logging_mixin.py:149} INFO - [2025-03-13T09:49:10.228+0000] {dagbag.py:541} INFO - Filling up the DagBag from /home/airflow/.local/lib/python3.7/site-packages/airflow/example_dags/example_latest_only.py
[2025-03-13T09:49:10.233+0000] {processor.py:836} INFO - DAG(s) dict_keys(['latest_only']) retrieved from /home/airflow/.local/lib/python3.7/site-packages/airflow/example_dags/example_latest_only.py
[2025-03-13T09:49:10.254+0000] {logging_mixin.py:149} INFO - [2025-03-13T09:49:10.254+0000] {dag.py:2726} INFO - Sync 1 DAGs
[2025-03-13T09:49:10.277+0000] {logging_mixin.py:149} INFO - [2025-03-13T09:49:10.277+0000] {dag.py:3490} INFO - Setting next_dagrun for latest_only to 2025-03-13T05:49:10.277092+00:00, run_after=2025-03-13T09:49:10.277092+00:00
[2025-03-13T09:49:10.299+0000] {processor.py:179} INFO - Processing /home/airflow/.local/lib/python3.7/site-packages/airflow/example_dags/example_latest_only.py took 0.076 seconds
[2025-03-13T09:49:41.381+0000] {processor.py:157} INFO - Started process (PID=945) to work on /home/airflow/.local/lib/python3.7/site-packages/airflow/example_dags/example_latest_only.py
[2025-03-13T09:49:41.383+0000] {processor.py:826} INFO - Processing file /home/airflow/.local/lib/python3.7/site-packages/airflow/example_dags/example_latest_only.py for tasks to queue
[2025-03-13T09:49:41.383+0000] {logging_mixin.py:149} INFO - [2025-03-13T09:49:41.383+0000] {dagbag.py:541} INFO - Filling up the DagBag from /home/airflow/.local/lib/python3.7/site-packages/airflow/example_dags/example_latest_only.py
[2025-03-13T09:49:41.388+0000] {processor.py:836} INFO - DAG(s) dict_keys(['latest_only']) retrieved from /home/airflow/.local/lib/python3.7/site-packages/airflow/example_dags/example_latest_only.py
[2025-03-13T09:49:41.410+0000] {logging_mixin.py:149} INFO - [2025-03-13T09:49:41.410+0000] {dag.py:2726} INFO - Sync 1 DAGs
[2025-03-13T09:49:41.434+0000] {logging_mixin.py:149} INFO - [2025-03-13T09:49:41.433+0000] {dag.py:3490} INFO - Setting next_dagrun for latest_only to 2025-03-13T05:49:41.433735+00:00, run_after=2025-03-13T09:49:41.433735+00:00
[2025-03-13T09:49:41.452+0000] {processor.py:179} INFO - Processing /home/airflow/.local/lib/python3.7/site-packages/airflow/example_dags/example_latest_only.py took 0.073 seconds
[2025-03-13T09:50:12.644+0000] {processor.py:157} INFO - Started process (PID=1036) to work on /home/airflow/.local/lib/python3.7/site-packages/airflow/example_dags/example_latest_only.py
[2025-03-13T09:50:12.645+0000] {processor.py:826} INFO - Processing file /home/airflow/.local/lib/python3.7/site-packages/airflow/example_dags/example_latest_only.py for tasks to queue
[2025-03-13T09:50:12.646+0000] {logging_mixin.py:149} INFO - [2025-03-13T09:50:12.646+0000] {dagbag.py:541} INFO - Filling up the DagBag from /home/airflow/.local/lib/python3.7/site-packages/airflow/example_dags/example_latest_only.py
[2025-03-13T09:50:12.651+0000] {processor.py:836} INFO - DAG(s) dict_keys(['latest_only']) retrieved from /home/airflow/.local/lib/python3.7/site-packages/airflow/example_dags/example_latest_only.py
[2025-03-13T09:50:12.674+0000] {logging_mixin.py:149} INFO - [2025-03-13T09:50:12.674+0000] {dag.py:2726} INFO - Sync 1 DAGs
[2025-03-13T09:50:12.698+0000] {logging_mixin.py:149} INFO - [2025-03-13T09:50:12.698+0000] {dag.py:3490} INFO - Setting next_dagrun for latest_only to 2025-03-13T05:50:12.698098+00:00, run_after=2025-03-13T09:50:12.698098+00:00
[2025-03-13T09:50:12.717+0000] {processor.py:179} INFO - Processing /home/airflow/.local/lib/python3.7/site-packages/airflow/example_dags/example_latest_only.py took 0.076 seconds
[2025-03-13T09:50:43.729+0000] {processor.py:157} INFO - Started process (PID=1127) to work on /home/airflow/.local/lib/python3.7/site-packages/airflow/example_dags/example_latest_only.py
[2025-03-13T09:50:43.730+0000] {processor.py:826} INFO - Processing file /home/airflow/.local/lib/python3.7/site-packages/airflow/example_dags/example_latest_only.py for tasks to queue
[2025-03-13T09:50:43.731+0000] {logging_mixin.py:149} INFO - [2025-03-13T09:50:43.731+0000] {dagbag.py:541} INFO - Filling up the DagBag from /home/airflow/.local/lib/python3.7/site-packages/airflow/example_dags/example_latest_only.py
[2025-03-13T09:50:43.737+0000] {processor.py:836} INFO - DAG(s) dict_keys(['latest_only']) retrieved from /home/airflow/.local/lib/python3.7/site-packages/airflow/example_dags/example_latest_only.py
[2025-03-13T09:50:43.760+0000] {logging_mixin.py:149} INFO - [2025-03-13T09:50:43.759+0000] {dag.py:2726} INFO - Sync 1 DAGs
[2025-03-13T09:50:43.784+0000] {logging_mixin.py:149} INFO - [2025-03-13T09:50:43.784+0000] {dag.py:3490} INFO - Setting next_dagrun for latest_only to 2025-03-13T05:50:43.783840+00:00, run_after=2025-03-13T09:50:43.783840+00:00
[2025-03-13T09:50:43.804+0000] {processor.py:179} INFO - Processing /home/airflow/.local/lib/python3.7/site-packages/airflow/example_dags/example_latest_only.py took 0.078 seconds
[2025-03-13T09:51:15.305+0000] {processor.py:157} INFO - Started process (PID=1218) to work on /home/airflow/.local/lib/python3.7/site-packages/airflow/example_dags/example_latest_only.py
[2025-03-13T09:51:15.306+0000] {processor.py:826} INFO - Processing file /home/airflow/.local/lib/python3.7/site-packages/airflow/example_dags/example_latest_only.py for tasks to queue
[2025-03-13T09:51:15.306+0000] {logging_mixin.py:149} INFO - [2025-03-13T09:51:15.306+0000] {dagbag.py:541} INFO - Filling up the DagBag from /home/airflow/.local/lib/python3.7/site-packages/airflow/example_dags/example_latest_only.py
[2025-03-13T09:51:15.311+0000] {processor.py:836} INFO - DAG(s) dict_keys(['latest_only']) retrieved from /home/airflow/.local/lib/python3.7/site-packages/airflow/example_dags/example_latest_only.py
[2025-03-13T09:51:15.334+0000] {logging_mixin.py:149} INFO - [2025-03-13T09:51:15.334+0000] {dag.py:2726} INFO - Sync 1 DAGs
[2025-03-13T09:51:15.359+0000] {logging_mixin.py:149} INFO - [2025-03-13T09:51:15.359+0000] {dag.py:3490} INFO - Setting next_dagrun for latest_only to 2025-03-13T05:51:15.358802+00:00, run_after=2025-03-13T09:51:15.358802+00:00
[2025-03-13T09:51:15.380+0000] {processor.py:179} INFO - Processing /home/airflow/.local/lib/python3.7/site-packages/airflow/example_dags/example_latest_only.py took 0.078 seconds
[2025-03-13T09:51:46.617+0000] {processor.py:157} INFO - Started process (PID=1309) to work on /home/airflow/.local/lib/python3.7/site-packages/airflow/example_dags/example_latest_only.py
[2025-03-13T09:51:46.618+0000] {processor.py:826} INFO - Processing file /home/airflow/.local/lib/python3.7/site-packages/airflow/example_dags/example_latest_only.py for tasks to queue
[2025-03-13T09:51:46.619+0000] {logging_mixin.py:149} INFO - [2025-03-13T09:51:46.619+0000] {dagbag.py:541} INFO - Filling up the DagBag from /home/airflow/.local/lib/python3.7/site-packages/airflow/example_dags/example_latest_only.py
[2025-03-13T09:51:46.624+0000] {processor.py:836} INFO - DAG(s) dict_keys(['latest_only']) retrieved from /home/airflow/.local/lib/python3.7/site-packages/airflow/example_dags/example_latest_only.py
[2025-03-13T09:51:46.646+0000] {logging_mixin.py:149} INFO - [2025-03-13T09:51:46.646+0000] {dag.py:2726} INFO - Sync 1 DAGs
[2025-03-13T09:51:46.673+0000] {logging_mixin.py:149} INFO - [2025-03-13T09:51:46.673+0000] {dag.py:3490} INFO - Setting next_dagrun for latest_only to 2025-03-13T05:51:46.673225+00:00, run_after=2025-03-13T09:51:46.673225+00:00
[2025-03-13T09:51:46.693+0000] {processor.py:179} INFO - Processing /home/airflow/.local/lib/python3.7/site-packages/airflow/example_dags/example_latest_only.py took 0.080 seconds
[2025-03-13T09:52:17.976+0000] {processor.py:157} INFO - Started process (PID=1400) to work on /home/airflow/.local/lib/python3.7/site-packages/airflow/example_dags/example_latest_only.py
[2025-03-13T09:52:17.977+0000] {processor.py:826} INFO - Processing file /home/airflow/.local/lib/python3.7/site-packages/airflow/example_dags/example_latest_only.py for tasks to queue
[2025-03-13T09:52:17.978+0000] {logging_mixin.py:149} INFO - [2025-03-13T09:52:17.978+0000] {dagbag.py:541} INFO - Filling up the DagBag from /home/airflow/.local/lib/python3.7/site-packages/airflow/example_dags/example_latest_only.py
[2025-03-13T09:52:17.983+0000] {processor.py:836} INFO - DAG(s) dict_keys(['latest_only']) retrieved from /home/airflow/.local/lib/python3.7/site-packages/airflow/example_dags/example_latest_only.py
[2025-03-13T09:52:18.005+0000] {logging_mixin.py:149} INFO - [2025-03-13T09:52:18.005+0000] {dag.py:2726} INFO - Sync 1 DAGs
[2025-03-13T09:52:18.028+0000] {logging_mixin.py:149} INFO - [2025-03-13T09:52:18.028+0000] {dag.py:3490} INFO - Setting next_dagrun for latest_only to 2025-03-13T05:52:18.027915+00:00, run_after=2025-03-13T09:52:18.027915+00:00
[2025-03-13T09:52:18.045+0000] {processor.py:179} INFO - Processing /home/airflow/.local/lib/python3.7/site-packages/airflow/example_dags/example_latest_only.py took 0.072 seconds
[2025-03-13T09:52:49.187+0000] {processor.py:157} INFO - Started process (PID=1491) to work on /home/airflow/.local/lib/python3.7/site-packages/airflow/example_dags/example_latest_only.py
[2025-03-13T09:52:49.188+0000] {processor.py:826} INFO - Processing file /home/airflow/.local/lib/python3.7/site-packages/airflow/example_dags/example_latest_only.py for tasks to queue
[2025-03-13T09:52:49.189+0000] {logging_mixin.py:149} INFO - [2025-03-13T09:52:49.189+0000] {dagbag.py:541} INFO - Filling up the DagBag from /home/airflow/.local/lib/python3.7/site-packages/airflow/example_dags/example_latest_only.py
[2025-03-13T09:52:49.194+0000] {processor.py:836} INFO - DAG(s) dict_keys(['latest_only']) retrieved from /home/airflow/.local/lib/python3.7/site-packages/airflow/example_dags/example_latest_only.py
[2025-03-13T09:52:49.216+0000] {logging_mixin.py:149} INFO - [2025-03-13T09:52:49.216+0000] {dag.py:2726} INFO - Sync 1 DAGs
[2025-03-13T09:52:49.240+0000] {logging_mixin.py:149} INFO - [2025-03-13T09:52:49.240+0000] {dag.py:3490} INFO - Setting next_dagrun for latest_only to 2025-03-13T05:52:49.240289+00:00, run_after=2025-03-13T09:52:49.240289+00:00
[2025-03-13T09:52:49.258+0000] {processor.py:179} INFO - Processing /home/airflow/.local/lib/python3.7/site-packages/airflow/example_dags/example_latest_only.py took 0.074 seconds
[2025-03-13T09:53:19.626+0000] {processor.py:157} INFO - Started process (PID=1582) to work on /home/airflow/.local/lib/python3.7/site-packages/airflow/example_dags/example_latest_only.py
[2025-03-13T09:53:19.627+0000] {processor.py:826} INFO - Processing file /home/airflow/.local/lib/python3.7/site-packages/airflow/example_dags/example_latest_only.py for tasks to queue
[2025-03-13T09:53:19.627+0000] {logging_mixin.py:149} INFO - [2025-03-13T09:53:19.627+0000] {dagbag.py:541} INFO - Filling up the DagBag from /home/airflow/.local/lib/python3.7/site-packages/airflow/example_dags/example_latest_only.py
[2025-03-13T09:53:19.633+0000] {processor.py:836} INFO - DAG(s) dict_keys(['latest_only']) retrieved from /home/airflow/.local/lib/python3.7/site-packages/airflow/example_dags/example_latest_only.py
[2025-03-13T09:53:19.655+0000] {logging_mixin.py:149} INFO - [2025-03-13T09:53:19.654+0000] {dag.py:2726} INFO - Sync 1 DAGs
[2025-03-13T09:53:19.679+0000] {logging_mixin.py:149} INFO - [2025-03-13T09:53:19.678+0000] {dag.py:3490} INFO - Setting next_dagrun for latest_only to 2025-03-13T05:53:19.678558+00:00, run_after=2025-03-13T09:53:19.678558+00:00
[2025-03-13T09:53:19.697+0000] {processor.py:179} INFO - Processing /home/airflow/.local/lib/python3.7/site-packages/airflow/example_dags/example_latest_only.py took 0.074 seconds
[2025-03-13T09:53:50.992+0000] {processor.py:157} INFO - Started process (PID=1673) to work on /home/airflow/.local/lib/python3.7/site-packages/airflow/example_dags/example_latest_only.py
[2025-03-13T09:53:50.993+0000] {processor.py:826} INFO - Processing file /home/airflow/.local/lib/python3.7/site-packages/airflow/example_dags/example_latest_only.py for tasks to queue
[2025-03-13T09:53:50.994+0000] {logging_mixin.py:149} INFO - [2025-03-13T09:53:50.994+0000] {dagbag.py:541} INFO - Filling up the DagBag from /home/airflow/.local/lib/python3.7/site-packages/airflow/example_dags/example_latest_only.py
[2025-03-13T09:53:50.999+0000] {processor.py:836} INFO - DAG(s) dict_keys(['latest_only']) retrieved from /home/airflow/.local/lib/python3.7/site-packages/airflow/example_dags/example_latest_only.py
[2025-03-13T09:53:51.020+0000] {logging_mixin.py:149} INFO - [2025-03-13T09:53:51.020+0000] {dag.py:2726} INFO - Sync 1 DAGs
[2025-03-13T09:53:51.045+0000] {logging_mixin.py:149} INFO - [2025-03-13T09:53:51.045+0000] {dag.py:3490} INFO - Setting next_dagrun for latest_only to 2025-03-13T05:53:51.045037+00:00, run_after=2025-03-13T09:53:51.045037+00:00
[2025-03-13T09:53:51.064+0000] {processor.py:179} INFO - Processing /home/airflow/.local/lib/python3.7/site-packages/airflow/example_dags/example_latest_only.py took 0.075 seconds
[2025-03-13T09:54:22.213+0000] {processor.py:157} INFO - Started process (PID=1764) to work on /home/airflow/.local/lib/python3.7/site-packages/airflow/example_dags/example_latest_only.py
[2025-03-13T09:54:22.214+0000] {processor.py:826} INFO - Processing file /home/airflow/.local/lib/python3.7/site-packages/airflow/example_dags/example_latest_only.py for tasks to queue
[2025-03-13T09:54:22.214+0000] {logging_mixin.py:149} INFO - [2025-03-13T09:54:22.214+0000] {dagbag.py:541} INFO - Filling up the DagBag from /home/airflow/.local/lib/python3.7/site-packages/airflow/example_dags/example_latest_only.py
[2025-03-13T09:54:22.220+0000] {processor.py:836} INFO - DAG(s) dict_keys(['latest_only']) retrieved from /home/airflow/.local/lib/python3.7/site-packages/airflow/example_dags/example_latest_only.py
[2025-03-13T09:54:22.241+0000] {logging_mixin.py:149} INFO - [2025-03-13T09:54:22.241+0000] {dag.py:2726} INFO - Sync 1 DAGs
[2025-03-13T09:54:22.265+0000] {logging_mixin.py:149} INFO - [2025-03-13T09:54:22.265+0000] {dag.py:3490} INFO - Setting next_dagrun for latest_only to 2025-03-13T05:54:22.265270+00:00, run_after=2025-03-13T09:54:22.265270+00:00
[2025-03-13T09:54:22.286+0000] {processor.py:179} INFO - Processing /home/airflow/.local/lib/python3.7/site-packages/airflow/example_dags/example_latest_only.py took 0.077 seconds
[2025-03-13T09:54:53.568+0000] {processor.py:157} INFO - Started process (PID=1855) to work on /home/airflow/.local/lib/python3.7/site-packages/airflow/example_dags/example_latest_only.py
[2025-03-13T09:54:53.569+0000] {processor.py:826} INFO - Processing file /home/airflow/.local/lib/python3.7/site-packages/airflow/example_dags/example_latest_only.py for tasks to queue
[2025-03-13T09:54:53.570+0000] {logging_mixin.py:149} INFO - [2025-03-13T09:54:53.570+0000] {dagbag.py:541} INFO - Filling up the DagBag from /home/airflow/.local/lib/python3.7/site-packages/airflow/example_dags/example_latest_only.py
[2025-03-13T09:54:53.576+0000] {processor.py:836} INFO - DAG(s) dict_keys(['latest_only']) retrieved from /home/airflow/.local/lib/python3.7/site-packages/airflow/example_dags/example_latest_only.py
[2025-03-13T09:54:53.601+0000] {logging_mixin.py:149} INFO - [2025-03-13T09:54:53.600+0000] {dag.py:2726} INFO - Sync 1 DAGs
[2025-03-13T09:54:53.635+0000] {logging_mixin.py:149} INFO - [2025-03-13T09:54:53.635+0000] {dag.py:3490} INFO - Setting next_dagrun for latest_only to 2025-03-13T05:54:53.635223+00:00, run_after=2025-03-13T09:54:53.635223+00:00
[2025-03-13T09:54:53.655+0000] {processor.py:179} INFO - Processing /home/airflow/.local/lib/python3.7/site-packages/airflow/example_dags/example_latest_only.py took 0.091 seconds
[2025-03-13T09:55:24.789+0000] {processor.py:157} INFO - Started process (PID=1946) to work on /home/airflow/.local/lib/python3.7/site-packages/airflow/example_dags/example_latest_only.py
[2025-03-13T09:55:24.790+0000] {processor.py:826} INFO - Processing file /home/airflow/.local/lib/python3.7/site-packages/airflow/example_dags/example_latest_only.py for tasks to queue
[2025-03-13T09:55:24.791+0000] {logging_mixin.py:149} INFO - [2025-03-13T09:55:24.791+0000] {dagbag.py:541} INFO - Filling up the DagBag from /home/airflow/.local/lib/python3.7/site-packages/airflow/example_dags/example_latest_only.py
[2025-03-13T09:55:24.796+0000] {processor.py:836} INFO - DAG(s) dict_keys(['latest_only']) retrieved from /home/airflow/.local/lib/python3.7/site-packages/airflow/example_dags/example_latest_only.py
[2025-03-13T09:55:24.819+0000] {logging_mixin.py:149} INFO - [2025-03-13T09:55:24.819+0000] {dag.py:2726} INFO - Sync 1 DAGs
[2025-03-13T09:55:24.842+0000] {logging_mixin.py:149} INFO - [2025-03-13T09:55:24.841+0000] {dag.py:3490} INFO - Setting next_dagrun for latest_only to 2025-03-13T05:55:24.841597+00:00, run_after=2025-03-13T09:55:24.841597+00:00
[2025-03-13T09:55:24.860+0000] {processor.py:179} INFO - Processing /home/airflow/.local/lib/python3.7/site-packages/airflow/example_dags/example_latest_only.py took 0.074 seconds
[2025-03-13T09:55:56.185+0000] {processor.py:157} INFO - Started process (PID=2037) to work on /home/airflow/.local/lib/python3.7/site-packages/airflow/example_dags/example_latest_only.py
[2025-03-13T09:55:56.186+0000] {processor.py:826} INFO - Processing file /home/airflow/.local/lib/python3.7/site-packages/airflow/example_dags/example_latest_only.py for tasks to queue
[2025-03-13T09:55:56.187+0000] {logging_mixin.py:149} INFO - [2025-03-13T09:55:56.186+0000] {dagbag.py:541} INFO - Filling up the DagBag from /home/airflow/.local/lib/python3.7/site-packages/airflow/example_dags/example_latest_only.py
[2025-03-13T09:55:56.192+0000] {processor.py:836} INFO - DAG(s) dict_keys(['latest_only']) retrieved from /home/airflow/.local/lib/python3.7/site-packages/airflow/example_dags/example_latest_only.py
[2025-03-13T09:55:56.216+0000] {logging_mixin.py:149} INFO - [2025-03-13T09:55:56.216+0000] {dag.py:2726} INFO - Sync 1 DAGs
[2025-03-13T09:55:56.242+0000] {logging_mixin.py:149} INFO - [2025-03-13T09:55:56.242+0000] {dag.py:3490} INFO - Setting next_dagrun for latest_only to 2025-03-13T05:55:56.242070+00:00, run_after=2025-03-13T09:55:56.242070+00:00
[2025-03-13T09:55:56.263+0000] {processor.py:179} INFO - Processing /home/airflow/.local/lib/python3.7/site-packages/airflow/example_dags/example_latest_only.py took 0.081 seconds
[2025-03-13T09:56:26.594+0000] {processor.py:157} INFO - Started process (PID=2128) to work on /home/airflow/.local/lib/python3.7/site-packages/airflow/example_dags/example_latest_only.py
[2025-03-13T09:56:26.595+0000] {processor.py:826} INFO - Processing file /home/airflow/.local/lib/python3.7/site-packages/airflow/example_dags/example_latest_only.py for tasks to queue
[2025-03-13T09:56:26.596+0000] {logging_mixin.py:149} INFO - [2025-03-13T09:56:26.596+0000] {dagbag.py:541} INFO - Filling up the DagBag from /home/airflow/.local/lib/python3.7/site-packages/airflow/example_dags/example_latest_only.py
[2025-03-13T09:56:26.600+0000] {processor.py:836} INFO - DAG(s) dict_keys(['latest_only']) retrieved from /home/airflow/.local/lib/python3.7/site-packages/airflow/example_dags/example_latest_only.py
[2025-03-13T09:56:26.621+0000] {logging_mixin.py:149} INFO - [2025-03-13T09:56:26.621+0000] {dag.py:2726} INFO - Sync 1 DAGs
[2025-03-13T09:56:26.642+0000] {logging_mixin.py:149} INFO - [2025-03-13T09:56:26.642+0000] {dag.py:3490} INFO - Setting next_dagrun for latest_only to 2025-03-13T05:56:26.642292+00:00, run_after=2025-03-13T09:56:26.642292+00:00
[2025-03-13T09:56:26.659+0000] {processor.py:179} INFO - Processing /home/airflow/.local/lib/python3.7/site-packages/airflow/example_dags/example_latest_only.py took 0.068 seconds
[2025-03-13T09:56:57.119+0000] {processor.py:157} INFO - Started process (PID=2219) to work on /home/airflow/.local/lib/python3.7/site-packages/airflow/example_dags/example_latest_only.py
[2025-03-13T09:56:57.120+0000] {processor.py:826} INFO - Processing file /home/airflow/.local/lib/python3.7/site-packages/airflow/example_dags/example_latest_only.py for tasks to queue
[2025-03-13T09:56:57.121+0000] {logging_mixin.py:149} INFO - [2025-03-13T09:56:57.121+0000] {dagbag.py:541} INFO - Filling up the DagBag from /home/airflow/.local/lib/python3.7/site-packages/airflow/example_dags/example_latest_only.py
[2025-03-13T09:56:57.126+0000] {processor.py:836} INFO - DAG(s) dict_keys(['latest_only']) retrieved from /home/airflow/.local/lib/python3.7/site-packages/airflow/example_dags/example_latest_only.py
[2025-03-13T09:56:57.148+0000] {logging_mixin.py:149} INFO - [2025-03-13T09:56:57.148+0000] {dag.py:2726} INFO - Sync 1 DAGs
[2025-03-13T09:56:57.172+0000] {logging_mixin.py:149} INFO - [2025-03-13T09:56:57.172+0000] {dag.py:3490} INFO - Setting next_dagrun for latest_only to 2025-03-13T05:56:57.172265+00:00, run_after=2025-03-13T09:56:57.172265+00:00
[2025-03-13T09:56:57.193+0000] {processor.py:179} INFO - Processing /home/airflow/.local/lib/python3.7/site-packages/airflow/example_dags/example_latest_only.py took 0.078 seconds
[2025-03-13T09:57:27.673+0000] {processor.py:157} INFO - Started process (PID=2310) to work on /home/airflow/.local/lib/python3.7/site-packages/airflow/example_dags/example_latest_only.py
[2025-03-13T09:57:27.674+0000] {processor.py:826} INFO - Processing file /home/airflow/.local/lib/python3.7/site-packages/airflow/example_dags/example_latest_only.py for tasks to queue
[2025-03-13T09:57:27.675+0000] {logging_mixin.py:149} INFO - [2025-03-13T09:57:27.675+0000] {dagbag.py:541} INFO - Filling up the DagBag from /home/airflow/.local/lib/python3.7/site-packages/airflow/example_dags/example_latest_only.py
[2025-03-13T09:57:27.681+0000] {processor.py:836} INFO - DAG(s) dict_keys(['latest_only']) retrieved from /home/airflow/.local/lib/python3.7/site-packages/airflow/example_dags/example_latest_only.py
[2025-03-13T09:57:27.705+0000] {logging_mixin.py:149} INFO - [2025-03-13T09:57:27.705+0000] {dag.py:2726} INFO - Sync 1 DAGs
[2025-03-13T09:57:27.729+0000] {logging_mixin.py:149} INFO - [2025-03-13T09:57:27.729+0000] {dag.py:3490} INFO - Setting next_dagrun for latest_only to 2025-03-13T05:57:27.729518+00:00, run_after=2025-03-13T09:57:27.729518+00:00
[2025-03-13T09:57:27.747+0000] {processor.py:179} INFO - Processing /home/airflow/.local/lib/python3.7/site-packages/airflow/example_dags/example_latest_only.py took 0.078 seconds
[2025-03-13T09:57:57.944+0000] {processor.py:157} INFO - Started process (PID=2401) to work on /home/airflow/.local/lib/python3.7/site-packages/airflow/example_dags/example_latest_only.py
[2025-03-13T09:57:57.945+0000] {processor.py:826} INFO - Processing file /home/airflow/.local/lib/python3.7/site-packages/airflow/example_dags/example_latest_only.py for tasks to queue
[2025-03-13T09:57:57.945+0000] {logging_mixin.py:149} INFO - [2025-03-13T09:57:57.945+0000] {dagbag.py:541} INFO - Filling up the DagBag from /home/airflow/.local/lib/python3.7/site-packages/airflow/example_dags/example_latest_only.py
[2025-03-13T09:57:57.951+0000] {processor.py:836} INFO - DAG(s) dict_keys(['latest_only']) retrieved from /home/airflow/.local/lib/python3.7/site-packages/airflow/example_dags/example_latest_only.py
[2025-03-13T09:57:57.975+0000] {logging_mixin.py:149} INFO - [2025-03-13T09:57:57.974+0000] {dag.py:2726} INFO - Sync 1 DAGs
[2025-03-13T09:57:57.997+0000] {logging_mixin.py:149} INFO - [2025-03-13T09:57:57.997+0000] {dag.py:3490} INFO - Setting next_dagrun for latest_only to 2025-03-13T05:57:57.997539+00:00, run_after=2025-03-13T09:57:57.997539+00:00
[2025-03-13T09:57:58.016+0000] {processor.py:179} INFO - Processing /home/airflow/.local/lib/python3.7/site-packages/airflow/example_dags/example_latest_only.py took 0.076 seconds
[2025-03-13T09:58:29.111+0000] {processor.py:157} INFO - Started process (PID=2492) to work on /home/airflow/.local/lib/python3.7/site-packages/airflow/example_dags/example_latest_only.py
[2025-03-13T09:58:29.112+0000] {processor.py:826} INFO - Processing file /home/airflow/.local/lib/python3.7/site-packages/airflow/example_dags/example_latest_only.py for tasks to queue
[2025-03-13T09:58:29.113+0000] {logging_mixin.py:149} INFO - [2025-03-13T09:58:29.113+0000] {dagbag.py:541} INFO - Filling up the DagBag from /home/airflow/.local/lib/python3.7/site-packages/airflow/example_dags/example_latest_only.py
[2025-03-13T09:58:29.118+0000] {processor.py:836} INFO - DAG(s) dict_keys(['latest_only']) retrieved from /home/airflow/.local/lib/python3.7/site-packages/airflow/example_dags/example_latest_only.py
[2025-03-13T09:58:29.139+0000] {logging_mixin.py:149} INFO - [2025-03-13T09:58:29.139+0000] {dag.py:2726} INFO - Sync 1 DAGs
[2025-03-13T09:58:29.162+0000] {logging_mixin.py:149} INFO - [2025-03-13T09:58:29.161+0000] {dag.py:3490} INFO - Setting next_dagrun for latest_only to 2025-03-13T05:58:29.161641+00:00, run_after=2025-03-13T09:58:29.161641+00:00
[2025-03-13T09:58:29.178+0000] {processor.py:179} INFO - Processing /home/airflow/.local/lib/python3.7/site-packages/airflow/example_dags/example_latest_only.py took 0.070 seconds
[2025-03-13T09:59:00.421+0000] {processor.py:157} INFO - Started process (PID=2583) to work on /home/airflow/.local/lib/python3.7/site-packages/airflow/example_dags/example_latest_only.py
[2025-03-13T09:59:00.422+0000] {processor.py:826} INFO - Processing file /home/airflow/.local/lib/python3.7/site-packages/airflow/example_dags/example_latest_only.py for tasks to queue
[2025-03-13T09:59:00.423+0000] {logging_mixin.py:149} INFO - [2025-03-13T09:59:00.423+0000] {dagbag.py:541} INFO - Filling up the DagBag from /home/airflow/.local/lib/python3.7/site-packages/airflow/example_dags/example_latest_only.py
[2025-03-13T09:59:00.430+0000] {processor.py:836} INFO - DAG(s) dict_keys(['latest_only']) retrieved from /home/airflow/.local/lib/python3.7/site-packages/airflow/example_dags/example_latest_only.py
[2025-03-13T09:59:00.451+0000] {logging_mixin.py:149} INFO - [2025-03-13T09:59:00.450+0000] {dag.py:2726} INFO - Sync 1 DAGs
[2025-03-13T09:59:00.473+0000] {logging_mixin.py:149} INFO - [2025-03-13T09:59:00.473+0000] {dag.py:3490} INFO - Setting next_dagrun for latest_only to 2025-03-13T05:59:00.473281+00:00, run_after=2025-03-13T09:59:00.473281+00:00
[2025-03-13T09:59:00.492+0000] {processor.py:179} INFO - Processing /home/airflow/.local/lib/python3.7/site-packages/airflow/example_dags/example_latest_only.py took 0.074 seconds
[2025-03-13T09:59:31.298+0000] {processor.py:157} INFO - Started process (PID=2674) to work on /home/airflow/.local/lib/python3.7/site-packages/airflow/example_dags/example_latest_only.py
[2025-03-13T09:59:31.300+0000] {processor.py:826} INFO - Processing file /home/airflow/.local/lib/python3.7/site-packages/airflow/example_dags/example_latest_only.py for tasks to queue
[2025-03-13T09:59:31.300+0000] {logging_mixin.py:149} INFO - [2025-03-13T09:59:31.300+0000] {dagbag.py:541} INFO - Filling up the DagBag from /home/airflow/.local/lib/python3.7/site-packages/airflow/example_dags/example_latest_only.py
[2025-03-13T09:59:31.306+0000] {processor.py:836} INFO - DAG(s) dict_keys(['latest_only']) retrieved from /home/airflow/.local/lib/python3.7/site-packages/airflow/example_dags/example_latest_only.py
[2025-03-13T09:59:31.343+0000] {logging_mixin.py:149} INFO - [2025-03-13T09:59:31.343+0000] {dag.py:2726} INFO - Sync 1 DAGs
[2025-03-13T09:59:31.386+0000] {logging_mixin.py:149} INFO - [2025-03-13T09:59:31.385+0000] {dag.py:3490} INFO - Setting next_dagrun for latest_only to 2025-03-13T05:59:31.385253+00:00, run_after=2025-03-13T09:59:31.385253+00:00
[2025-03-13T09:59:31.417+0000] {processor.py:179} INFO - Processing /home/airflow/.local/lib/python3.7/site-packages/airflow/example_dags/example_latest_only.py took 0.122 seconds
[2025-03-13T10:00:01.469+0000] {processor.py:157} INFO - Started process (PID=2765) to work on /home/airflow/.local/lib/python3.7/site-packages/airflow/example_dags/example_latest_only.py
[2025-03-13T10:00:01.470+0000] {processor.py:826} INFO - Processing file /home/airflow/.local/lib/python3.7/site-packages/airflow/example_dags/example_latest_only.py for tasks to queue
[2025-03-13T10:00:01.471+0000] {logging_mixin.py:149} INFO - [2025-03-13T10:00:01.471+0000] {dagbag.py:541} INFO - Filling up the DagBag from /home/airflow/.local/lib/python3.7/site-packages/airflow/example_dags/example_latest_only.py
[2025-03-13T10:00:01.476+0000] {processor.py:836} INFO - DAG(s) dict_keys(['latest_only']) retrieved from /home/airflow/.local/lib/python3.7/site-packages/airflow/example_dags/example_latest_only.py
[2025-03-13T10:00:01.499+0000] {logging_mixin.py:149} INFO - [2025-03-13T10:00:01.499+0000] {dag.py:2726} INFO - Sync 1 DAGs
[2025-03-13T10:00:01.521+0000] {logging_mixin.py:149} INFO - [2025-03-13T10:00:01.521+0000] {dag.py:3490} INFO - Setting next_dagrun for latest_only to 2025-03-13T06:00:01.521499+00:00, run_after=2025-03-13T10:00:01.521499+00:00
[2025-03-13T10:00:01.541+0000] {processor.py:179} INFO - Processing /home/airflow/.local/lib/python3.7/site-packages/airflow/example_dags/example_latest_only.py took 0.075 seconds
[2025-03-13T10:00:31.842+0000] {processor.py:157} INFO - Started process (PID=2856) to work on /home/airflow/.local/lib/python3.7/site-packages/airflow/example_dags/example_latest_only.py
[2025-03-13T10:00:31.843+0000] {processor.py:826} INFO - Processing file /home/airflow/.local/lib/python3.7/site-packages/airflow/example_dags/example_latest_only.py for tasks to queue
[2025-03-13T10:00:31.844+0000] {logging_mixin.py:149} INFO - [2025-03-13T10:00:31.844+0000] {dagbag.py:541} INFO - Filling up the DagBag from /home/airflow/.local/lib/python3.7/site-packages/airflow/example_dags/example_latest_only.py
[2025-03-13T10:00:31.849+0000] {processor.py:836} INFO - DAG(s) dict_keys(['latest_only']) retrieved from /home/airflow/.local/lib/python3.7/site-packages/airflow/example_dags/example_latest_only.py
[2025-03-13T10:00:31.872+0000] {logging_mixin.py:149} INFO - [2025-03-13T10:00:31.872+0000] {dag.py:2726} INFO - Sync 1 DAGs
[2025-03-13T10:00:31.899+0000] {logging_mixin.py:149} INFO - [2025-03-13T10:00:31.899+0000] {dag.py:3490} INFO - Setting next_dagrun for latest_only to 2025-03-13T06:00:31.899076+00:00, run_after=2025-03-13T10:00:31.899076+00:00
[2025-03-13T10:00:31.918+0000] {processor.py:179} INFO - Processing /home/airflow/.local/lib/python3.7/site-packages/airflow/example_dags/example_latest_only.py took 0.079 seconds
[2025-03-13T10:01:02.814+0000] {processor.py:157} INFO - Started process (PID=2947) to work on /home/airflow/.local/lib/python3.7/site-packages/airflow/example_dags/example_latest_only.py
[2025-03-13T10:01:02.815+0000] {processor.py:826} INFO - Processing file /home/airflow/.local/lib/python3.7/site-packages/airflow/example_dags/example_latest_only.py for tasks to queue
[2025-03-13T10:01:02.816+0000] {logging_mixin.py:149} INFO - [2025-03-13T10:01:02.816+0000] {dagbag.py:541} INFO - Filling up the DagBag from /home/airflow/.local/lib/python3.7/site-packages/airflow/example_dags/example_latest_only.py
[2025-03-13T10:01:02.821+0000] {processor.py:836} INFO - DAG(s) dict_keys(['latest_only']) retrieved from /home/airflow/.local/lib/python3.7/site-packages/airflow/example_dags/example_latest_only.py
[2025-03-13T10:01:02.844+0000] {logging_mixin.py:149} INFO - [2025-03-13T10:01:02.844+0000] {dag.py:2726} INFO - Sync 1 DAGs
[2025-03-13T10:01:02.872+0000] {logging_mixin.py:149} INFO - [2025-03-13T10:01:02.871+0000] {dag.py:3490} INFO - Setting next_dagrun for latest_only to 2025-03-13T06:01:02.871688+00:00, run_after=2025-03-13T10:01:02.871688+00:00
[2025-03-13T10:01:02.895+0000] {processor.py:179} INFO - Processing /home/airflow/.local/lib/python3.7/site-packages/airflow/example_dags/example_latest_only.py took 0.085 seconds
[2025-03-13T10:01:33.319+0000] {processor.py:157} INFO - Started process (PID=3038) to work on /home/airflow/.local/lib/python3.7/site-packages/airflow/example_dags/example_latest_only.py
[2025-03-13T10:01:33.320+0000] {processor.py:826} INFO - Processing file /home/airflow/.local/lib/python3.7/site-packages/airflow/example_dags/example_latest_only.py for tasks to queue
[2025-03-13T10:01:33.321+0000] {logging_mixin.py:149} INFO - [2025-03-13T10:01:33.321+0000] {dagbag.py:541} INFO - Filling up the DagBag from /home/airflow/.local/lib/python3.7/site-packages/airflow/example_dags/example_latest_only.py
[2025-03-13T10:01:33.327+0000] {processor.py:836} INFO - DAG(s) dict_keys(['latest_only']) retrieved from /home/airflow/.local/lib/python3.7/site-packages/airflow/example_dags/example_latest_only.py
[2025-03-13T10:01:33.352+0000] {logging_mixin.py:149} INFO - [2025-03-13T10:01:33.352+0000] {dag.py:2726} INFO - Sync 1 DAGs
[2025-03-13T10:01:33.381+0000] {logging_mixin.py:149} INFO - [2025-03-13T10:01:33.381+0000] {dag.py:3490} INFO - Setting next_dagrun for latest_only to 2025-03-13T06:01:33.381492+00:00, run_after=2025-03-13T10:01:33.381492+00:00
[2025-03-13T10:01:33.406+0000] {processor.py:179} INFO - Processing /home/airflow/.local/lib/python3.7/site-packages/airflow/example_dags/example_latest_only.py took 0.091 seconds
[2025-03-13T10:02:03.714+0000] {processor.py:157} INFO - Started process (PID=3136) to work on /home/airflow/.local/lib/python3.7/site-packages/airflow/example_dags/example_latest_only.py
[2025-03-13T10:02:03.716+0000] {processor.py:826} INFO - Processing file /home/airflow/.local/lib/python3.7/site-packages/airflow/example_dags/example_latest_only.py for tasks to queue
[2025-03-13T10:02:03.716+0000] {logging_mixin.py:149} INFO - [2025-03-13T10:02:03.716+0000] {dagbag.py:541} INFO - Filling up the DagBag from /home/airflow/.local/lib/python3.7/site-packages/airflow/example_dags/example_latest_only.py
[2025-03-13T10:02:03.722+0000] {processor.py:836} INFO - DAG(s) dict_keys(['latest_only']) retrieved from /home/airflow/.local/lib/python3.7/site-packages/airflow/example_dags/example_latest_only.py
[2025-03-13T10:02:03.745+0000] {logging_mixin.py:149} INFO - [2025-03-13T10:02:03.745+0000] {dag.py:2726} INFO - Sync 1 DAGs
[2025-03-13T10:02:03.771+0000] {logging_mixin.py:149} INFO - [2025-03-13T10:02:03.771+0000] {dag.py:3490} INFO - Setting next_dagrun for latest_only to 2025-03-13T06:02:03.771332+00:00, run_after=2025-03-13T10:02:03.771332+00:00
[2025-03-13T10:02:03.793+0000] {processor.py:179} INFO - Processing /home/airflow/.local/lib/python3.7/site-packages/airflow/example_dags/example_latest_only.py took 0.083 seconds
[2025-03-13T10:02:34.945+0000] {processor.py:157} INFO - Started process (PID=3227) to work on /home/airflow/.local/lib/python3.7/site-packages/airflow/example_dags/example_latest_only.py
[2025-03-13T10:02:34.946+0000] {processor.py:826} INFO - Processing file /home/airflow/.local/lib/python3.7/site-packages/airflow/example_dags/example_latest_only.py for tasks to queue
[2025-03-13T10:02:34.946+0000] {logging_mixin.py:149} INFO - [2025-03-13T10:02:34.946+0000] {dagbag.py:541} INFO - Filling up the DagBag from /home/airflow/.local/lib/python3.7/site-packages/airflow/example_dags/example_latest_only.py
[2025-03-13T10:02:34.952+0000] {processor.py:836} INFO - DAG(s) dict_keys(['latest_only']) retrieved from /home/airflow/.local/lib/python3.7/site-packages/airflow/example_dags/example_latest_only.py
[2025-03-13T10:02:34.973+0000] {logging_mixin.py:149} INFO - [2025-03-13T10:02:34.973+0000] {dag.py:2726} INFO - Sync 1 DAGs
[2025-03-13T10:02:34.998+0000] {logging_mixin.py:149} INFO - [2025-03-13T10:02:34.998+0000] {dag.py:3490} INFO - Setting next_dagrun for latest_only to 2025-03-13T06:02:34.997787+00:00, run_after=2025-03-13T10:02:34.997787+00:00
[2025-03-13T10:02:35.016+0000] {processor.py:179} INFO - Processing /home/airflow/.local/lib/python3.7/site-packages/airflow/example_dags/example_latest_only.py took 0.074 seconds
[2025-03-13T10:03:06.447+0000] {processor.py:157} INFO - Started process (PID=3318) to work on /home/airflow/.local/lib/python3.7/site-packages/airflow/example_dags/example_latest_only.py
[2025-03-13T10:03:06.447+0000] {processor.py:826} INFO - Processing file /home/airflow/.local/lib/python3.7/site-packages/airflow/example_dags/example_latest_only.py for tasks to queue
[2025-03-13T10:03:06.448+0000] {logging_mixin.py:149} INFO - [2025-03-13T10:03:06.448+0000] {dagbag.py:541} INFO - Filling up the DagBag from /home/airflow/.local/lib/python3.7/site-packages/airflow/example_dags/example_latest_only.py
[2025-03-13T10:03:06.454+0000] {processor.py:836} INFO - DAG(s) dict_keys(['latest_only']) retrieved from /home/airflow/.local/lib/python3.7/site-packages/airflow/example_dags/example_latest_only.py
[2025-03-13T10:03:06.476+0000] {logging_mixin.py:149} INFO - [2025-03-13T10:03:06.475+0000] {dag.py:2726} INFO - Sync 1 DAGs
[2025-03-13T10:03:06.503+0000] {logging_mixin.py:149} INFO - [2025-03-13T10:03:06.503+0000] {dag.py:3490} INFO - Setting next_dagrun for latest_only to 2025-03-13T06:03:06.502945+00:00, run_after=2025-03-13T10:03:06.502945+00:00
[2025-03-13T10:03:06.522+0000] {processor.py:179} INFO - Processing /home/airflow/.local/lib/python3.7/site-packages/airflow/example_dags/example_latest_only.py took 0.078 seconds
[2025-03-13T10:03:37.171+0000] {processor.py:157} INFO - Started process (PID=3409) to work on /home/airflow/.local/lib/python3.7/site-packages/airflow/example_dags/example_latest_only.py
[2025-03-13T10:03:37.172+0000] {processor.py:826} INFO - Processing file /home/airflow/.local/lib/python3.7/site-packages/airflow/example_dags/example_latest_only.py for tasks to queue
[2025-03-13T10:03:37.173+0000] {logging_mixin.py:149} INFO - [2025-03-13T10:03:37.173+0000] {dagbag.py:541} INFO - Filling up the DagBag from /home/airflow/.local/lib/python3.7/site-packages/airflow/example_dags/example_latest_only.py
[2025-03-13T10:03:37.178+0000] {processor.py:836} INFO - DAG(s) dict_keys(['latest_only']) retrieved from /home/airflow/.local/lib/python3.7/site-packages/airflow/example_dags/example_latest_only.py
[2025-03-13T10:03:37.202+0000] {logging_mixin.py:149} INFO - [2025-03-13T10:03:37.202+0000] {dag.py:2726} INFO - Sync 1 DAGs
[2025-03-13T10:03:37.227+0000] {logging_mixin.py:149} INFO - [2025-03-13T10:03:37.227+0000] {dag.py:3490} INFO - Setting next_dagrun for latest_only to 2025-03-13T06:03:37.227043+00:00, run_after=2025-03-13T10:03:37.227043+00:00
[2025-03-13T10:03:37.249+0000] {processor.py:179} INFO - Processing /home/airflow/.local/lib/python3.7/site-packages/airflow/example_dags/example_latest_only.py took 0.081 seconds
[2025-03-13T10:04:08.105+0000] {processor.py:157} INFO - Started process (PID=3500) to work on /home/airflow/.local/lib/python3.7/site-packages/airflow/example_dags/example_latest_only.py
[2025-03-13T10:04:08.106+0000] {processor.py:826} INFO - Processing file /home/airflow/.local/lib/python3.7/site-packages/airflow/example_dags/example_latest_only.py for tasks to queue
[2025-03-13T10:04:08.107+0000] {logging_mixin.py:149} INFO - [2025-03-13T10:04:08.107+0000] {dagbag.py:541} INFO - Filling up the DagBag from /home/airflow/.local/lib/python3.7/site-packages/airflow/example_dags/example_latest_only.py
[2025-03-13T10:04:08.112+0000] {processor.py:836} INFO - DAG(s) dict_keys(['latest_only']) retrieved from /home/airflow/.local/lib/python3.7/site-packages/airflow/example_dags/example_latest_only.py
[2025-03-13T10:04:08.134+0000] {logging_mixin.py:149} INFO - [2025-03-13T10:04:08.134+0000] {dag.py:2726} INFO - Sync 1 DAGs
[2025-03-13T10:04:08.157+0000] {logging_mixin.py:149} INFO - [2025-03-13T10:04:08.156+0000] {dag.py:3490} INFO - Setting next_dagrun for latest_only to 2025-03-13T06:04:08.156660+00:00, run_after=2025-03-13T10:04:08.156660+00:00
[2025-03-13T10:04:08.177+0000] {processor.py:179} INFO - Processing /home/airflow/.local/lib/python3.7/site-packages/airflow/example_dags/example_latest_only.py took 0.075 seconds
[2025-03-13T10:04:38.614+0000] {processor.py:157} INFO - Started process (PID=3591) to work on /home/airflow/.local/lib/python3.7/site-packages/airflow/example_dags/example_latest_only.py
[2025-03-13T10:04:38.615+0000] {processor.py:826} INFO - Processing file /home/airflow/.local/lib/python3.7/site-packages/airflow/example_dags/example_latest_only.py for tasks to queue
[2025-03-13T10:04:38.615+0000] {logging_mixin.py:149} INFO - [2025-03-13T10:04:38.615+0000] {dagbag.py:541} INFO - Filling up the DagBag from /home/airflow/.local/lib/python3.7/site-packages/airflow/example_dags/example_latest_only.py
[2025-03-13T10:04:38.620+0000] {processor.py:836} INFO - DAG(s) dict_keys(['latest_only']) retrieved from /home/airflow/.local/lib/python3.7/site-packages/airflow/example_dags/example_latest_only.py
[2025-03-13T10:04:38.642+0000] {logging_mixin.py:149} INFO - [2025-03-13T10:04:38.642+0000] {dag.py:2726} INFO - Sync 1 DAGs
[2025-03-13T10:04:38.664+0000] {logging_mixin.py:149} INFO - [2025-03-13T10:04:38.664+0000] {dag.py:3490} INFO - Setting next_dagrun for latest_only to 2025-03-13T06:04:38.663951+00:00, run_after=2025-03-13T10:04:38.663951+00:00
[2025-03-13T10:04:38.681+0000] {processor.py:179} INFO - Processing /home/airflow/.local/lib/python3.7/site-packages/airflow/example_dags/example_latest_only.py took 0.070 seconds
[2025-03-13T10:05:09.646+0000] {processor.py:157} INFO - Started process (PID=3682) to work on /home/airflow/.local/lib/python3.7/site-packages/airflow/example_dags/example_latest_only.py
[2025-03-13T10:05:09.647+0000] {processor.py:826} INFO - Processing file /home/airflow/.local/lib/python3.7/site-packages/airflow/example_dags/example_latest_only.py for tasks to queue
[2025-03-13T10:05:09.648+0000] {logging_mixin.py:149} INFO - [2025-03-13T10:05:09.648+0000] {dagbag.py:541} INFO - Filling up the DagBag from /home/airflow/.local/lib/python3.7/site-packages/airflow/example_dags/example_latest_only.py
[2025-03-13T10:05:09.654+0000] {processor.py:836} INFO - DAG(s) dict_keys(['latest_only']) retrieved from /home/airflow/.local/lib/python3.7/site-packages/airflow/example_dags/example_latest_only.py
[2025-03-13T10:05:09.679+0000] {logging_mixin.py:149} INFO - [2025-03-13T10:05:09.678+0000] {dag.py:2726} INFO - Sync 1 DAGs
[2025-03-13T10:05:09.705+0000] {logging_mixin.py:149} INFO - [2025-03-13T10:05:09.705+0000] {dag.py:3490} INFO - Setting next_dagrun for latest_only to 2025-03-13T06:05:09.705088+00:00, run_after=2025-03-13T10:05:09.705088+00:00
[2025-03-13T10:05:09.728+0000] {processor.py:179} INFO - Processing /home/airflow/.local/lib/python3.7/site-packages/airflow/example_dags/example_latest_only.py took 0.085 seconds
