[2025-03-13T09:45:03.120+0000] {processor.py:157} INFO - Started process (PID=106) to work on /home/airflow/.local/lib/python3.7/site-packages/airflow/example_dags/tutorial_taskflow_api.py
[2025-03-13T09:45:03.121+0000] {processor.py:826} INFO - Processing file /home/airflow/.local/lib/python3.7/site-packages/airflow/example_dags/tutorial_taskflow_api.py for tasks to queue
[2025-03-13T09:45:03.122+0000] {logging_mixin.py:149} INFO - [2025-03-13T09:45:03.121+0000] {dagbag.py:541} INFO - Filling up the DagBag from /home/airflow/.local/lib/python3.7/site-packages/airflow/example_dags/tutorial_taskflow_api.py
[2025-03-13T09:45:03.127+0000] {processor.py:836} INFO - DAG(s) dict_keys(['tutorial_taskflow_api']) retrieved from /home/airflow/.local/lib/python3.7/site-packages/airflow/example_dags/tutorial_taskflow_api.py
[2025-03-13T09:45:03.155+0000] {logging_mixin.py:149} INFO - [2025-03-13T09:45:03.154+0000] {dag.py:2726} INFO - Sync 1 DAGs
[2025-03-13T09:45:03.185+0000] {logging_mixin.py:149} INFO - [2025-03-13T09:45:03.185+0000] {dag.py:3490} INFO - Setting next_dagrun for tutorial_taskflow_api to None, run_after=None
[2025-03-13T09:45:03.212+0000] {processor.py:179} INFO - Processing /home/airflow/.local/lib/python3.7/site-packages/airflow/example_dags/tutorial_taskflow_api.py took 0.095 seconds
[2025-03-13T09:45:33.550+0000] {processor.py:157} INFO - Started process (PID=214) to work on /home/airflow/.local/lib/python3.7/site-packages/airflow/example_dags/tutorial_taskflow_api.py
[2025-03-13T09:45:33.551+0000] {processor.py:826} INFO - Processing file /home/airflow/.local/lib/python3.7/site-packages/airflow/example_dags/tutorial_taskflow_api.py for tasks to queue
[2025-03-13T09:45:33.552+0000] {logging_mixin.py:149} INFO - [2025-03-13T09:45:33.552+0000] {dagbag.py:541} INFO - Filling up the DagBag from /home/airflow/.local/lib/python3.7/site-packages/airflow/example_dags/tutorial_taskflow_api.py
[2025-03-13T09:45:33.558+0000] {processor.py:836} INFO - DAG(s) dict_keys(['tutorial_taskflow_api']) retrieved from /home/airflow/.local/lib/python3.7/site-packages/airflow/example_dags/tutorial_taskflow_api.py
[2025-03-13T09:45:33.585+0000] {logging_mixin.py:149} INFO - [2025-03-13T09:45:33.584+0000] {dag.py:2726} INFO - Sync 1 DAGs
[2025-03-13T09:45:33.609+0000] {logging_mixin.py:149} INFO - [2025-03-13T09:45:33.609+0000] {dag.py:3490} INFO - Setting next_dagrun for tutorial_taskflow_api to None, run_after=None
[2025-03-13T09:45:33.628+0000] {processor.py:179} INFO - Processing /home/airflow/.local/lib/python3.7/site-packages/airflow/example_dags/tutorial_taskflow_api.py took 0.081 seconds
[2025-03-13T09:46:05.011+0000] {processor.py:157} INFO - Started process (PID=305) to work on /home/airflow/.local/lib/python3.7/site-packages/airflow/example_dags/tutorial_taskflow_api.py
[2025-03-13T09:46:05.012+0000] {processor.py:826} INFO - Processing file /home/airflow/.local/lib/python3.7/site-packages/airflow/example_dags/tutorial_taskflow_api.py for tasks to queue
[2025-03-13T09:46:05.012+0000] {logging_mixin.py:149} INFO - [2025-03-13T09:46:05.012+0000] {dagbag.py:541} INFO - Filling up the DagBag from /home/airflow/.local/lib/python3.7/site-packages/airflow/example_dags/tutorial_taskflow_api.py
[2025-03-13T09:46:05.017+0000] {processor.py:836} INFO - DAG(s) dict_keys(['tutorial_taskflow_api']) retrieved from /home/airflow/.local/lib/python3.7/site-packages/airflow/example_dags/tutorial_taskflow_api.py
[2025-03-13T09:46:05.136+0000] {logging_mixin.py:149} INFO - [2025-03-13T09:46:05.135+0000] {dag.py:2726} INFO - Sync 1 DAGs
[2025-03-13T09:46:05.155+0000] {logging_mixin.py:149} INFO - [2025-03-13T09:46:05.154+0000] {dag.py:3490} INFO - Setting next_dagrun for tutorial_taskflow_api to None, run_after=None
[2025-03-13T09:46:05.173+0000] {processor.py:179} INFO - Processing /home/airflow/.local/lib/python3.7/site-packages/airflow/example_dags/tutorial_taskflow_api.py took 0.166 seconds
[2025-03-13T09:46:36.161+0000] {processor.py:157} INFO - Started process (PID=396) to work on /home/airflow/.local/lib/python3.7/site-packages/airflow/example_dags/tutorial_taskflow_api.py
[2025-03-13T09:46:36.162+0000] {processor.py:826} INFO - Processing file /home/airflow/.local/lib/python3.7/site-packages/airflow/example_dags/tutorial_taskflow_api.py for tasks to queue
[2025-03-13T09:46:36.163+0000] {logging_mixin.py:149} INFO - [2025-03-13T09:46:36.163+0000] {dagbag.py:541} INFO - Filling up the DagBag from /home/airflow/.local/lib/python3.7/site-packages/airflow/example_dags/tutorial_taskflow_api.py
[2025-03-13T09:46:36.168+0000] {processor.py:836} INFO - DAG(s) dict_keys(['tutorial_taskflow_api']) retrieved from /home/airflow/.local/lib/python3.7/site-packages/airflow/example_dags/tutorial_taskflow_api.py
[2025-03-13T09:46:36.193+0000] {logging_mixin.py:149} INFO - [2025-03-13T09:46:36.192+0000] {dag.py:2726} INFO - Sync 1 DAGs
[2025-03-13T09:46:36.216+0000] {logging_mixin.py:149} INFO - [2025-03-13T09:46:36.216+0000] {dag.py:3490} INFO - Setting next_dagrun for tutorial_taskflow_api to None, run_after=None
[2025-03-13T09:46:36.237+0000] {processor.py:179} INFO - Processing /home/airflow/.local/lib/python3.7/site-packages/airflow/example_dags/tutorial_taskflow_api.py took 0.079 seconds
[2025-03-13T09:47:07.163+0000] {processor.py:157} INFO - Started process (PID=487) to work on /home/airflow/.local/lib/python3.7/site-packages/airflow/example_dags/tutorial_taskflow_api.py
[2025-03-13T09:47:07.164+0000] {processor.py:826} INFO - Processing file /home/airflow/.local/lib/python3.7/site-packages/airflow/example_dags/tutorial_taskflow_api.py for tasks to queue
[2025-03-13T09:47:07.165+0000] {logging_mixin.py:149} INFO - [2025-03-13T09:47:07.165+0000] {dagbag.py:541} INFO - Filling up the DagBag from /home/airflow/.local/lib/python3.7/site-packages/airflow/example_dags/tutorial_taskflow_api.py
[2025-03-13T09:47:07.172+0000] {processor.py:836} INFO - DAG(s) dict_keys(['tutorial_taskflow_api']) retrieved from /home/airflow/.local/lib/python3.7/site-packages/airflow/example_dags/tutorial_taskflow_api.py
[2025-03-13T09:47:07.204+0000] {logging_mixin.py:149} INFO - [2025-03-13T09:47:07.204+0000] {dag.py:2726} INFO - Sync 1 DAGs
[2025-03-13T09:47:07.231+0000] {logging_mixin.py:149} INFO - [2025-03-13T09:47:07.231+0000] {dag.py:3490} INFO - Setting next_dagrun for tutorial_taskflow_api to None, run_after=None
[2025-03-13T09:47:07.261+0000] {processor.py:179} INFO - Processing /home/airflow/.local/lib/python3.7/site-packages/airflow/example_dags/tutorial_taskflow_api.py took 0.102 seconds
[2025-03-13T09:47:37.423+0000] {processor.py:157} INFO - Started process (PID=579) to work on /home/airflow/.local/lib/python3.7/site-packages/airflow/example_dags/tutorial_taskflow_api.py
[2025-03-13T09:47:37.424+0000] {processor.py:826} INFO - Processing file /home/airflow/.local/lib/python3.7/site-packages/airflow/example_dags/tutorial_taskflow_api.py for tasks to queue
[2025-03-13T09:47:37.425+0000] {logging_mixin.py:149} INFO - [2025-03-13T09:47:37.424+0000] {dagbag.py:541} INFO - Filling up the DagBag from /home/airflow/.local/lib/python3.7/site-packages/airflow/example_dags/tutorial_taskflow_api.py
[2025-03-13T09:47:37.430+0000] {processor.py:836} INFO - DAG(s) dict_keys(['tutorial_taskflow_api']) retrieved from /home/airflow/.local/lib/python3.7/site-packages/airflow/example_dags/tutorial_taskflow_api.py
[2025-03-13T09:47:37.454+0000] {logging_mixin.py:149} INFO - [2025-03-13T09:47:37.454+0000] {dag.py:2726} INFO - Sync 1 DAGs
[2025-03-13T09:47:37.476+0000] {logging_mixin.py:149} INFO - [2025-03-13T09:47:37.476+0000] {dag.py:3490} INFO - Setting next_dagrun for tutorial_taskflow_api to None, run_after=None
[2025-03-13T09:47:37.492+0000] {processor.py:179} INFO - Processing /home/airflow/.local/lib/python3.7/site-packages/airflow/example_dags/tutorial_taskflow_api.py took 0.072 seconds
[2025-03-13T09:48:08.510+0000] {processor.py:157} INFO - Started process (PID=670) to work on /home/airflow/.local/lib/python3.7/site-packages/airflow/example_dags/tutorial_taskflow_api.py
[2025-03-13T09:48:08.512+0000] {processor.py:826} INFO - Processing file /home/airflow/.local/lib/python3.7/site-packages/airflow/example_dags/tutorial_taskflow_api.py for tasks to queue
[2025-03-13T09:48:08.512+0000] {logging_mixin.py:149} INFO - [2025-03-13T09:48:08.512+0000] {dagbag.py:541} INFO - Filling up the DagBag from /home/airflow/.local/lib/python3.7/site-packages/airflow/example_dags/tutorial_taskflow_api.py
[2025-03-13T09:48:08.519+0000] {processor.py:836} INFO - DAG(s) dict_keys(['tutorial_taskflow_api']) retrieved from /home/airflow/.local/lib/python3.7/site-packages/airflow/example_dags/tutorial_taskflow_api.py
[2025-03-13T09:48:08.544+0000] {logging_mixin.py:149} INFO - [2025-03-13T09:48:08.543+0000] {dag.py:2726} INFO - Sync 1 DAGs
[2025-03-13T09:48:08.566+0000] {logging_mixin.py:149} INFO - [2025-03-13T09:48:08.566+0000] {dag.py:3490} INFO - Setting next_dagrun for tutorial_taskflow_api to None, run_after=None
[2025-03-13T09:48:08.583+0000] {processor.py:179} INFO - Processing /home/airflow/.local/lib/python3.7/site-packages/airflow/example_dags/tutorial_taskflow_api.py took 0.076 seconds
[2025-03-13T09:48:39.001+0000] {processor.py:157} INFO - Started process (PID=761) to work on /home/airflow/.local/lib/python3.7/site-packages/airflow/example_dags/tutorial_taskflow_api.py
[2025-03-13T09:48:39.002+0000] {processor.py:826} INFO - Processing file /home/airflow/.local/lib/python3.7/site-packages/airflow/example_dags/tutorial_taskflow_api.py for tasks to queue
[2025-03-13T09:48:39.003+0000] {logging_mixin.py:149} INFO - [2025-03-13T09:48:39.003+0000] {dagbag.py:541} INFO - Filling up the DagBag from /home/airflow/.local/lib/python3.7/site-packages/airflow/example_dags/tutorial_taskflow_api.py
[2025-03-13T09:48:39.009+0000] {processor.py:836} INFO - DAG(s) dict_keys(['tutorial_taskflow_api']) retrieved from /home/airflow/.local/lib/python3.7/site-packages/airflow/example_dags/tutorial_taskflow_api.py
[2025-03-13T09:48:39.038+0000] {logging_mixin.py:149} INFO - [2025-03-13T09:48:39.038+0000] {dag.py:2726} INFO - Sync 1 DAGs
[2025-03-13T09:48:39.062+0000] {logging_mixin.py:149} INFO - [2025-03-13T09:48:39.062+0000] {dag.py:3490} INFO - Setting next_dagrun for tutorial_taskflow_api to None, run_after=None
[2025-03-13T09:48:39.086+0000] {processor.py:179} INFO - Processing /home/airflow/.local/lib/python3.7/site-packages/airflow/example_dags/tutorial_taskflow_api.py took 0.089 seconds
[2025-03-13T09:49:10.141+0000] {processor.py:157} INFO - Started process (PID=852) to work on /home/airflow/.local/lib/python3.7/site-packages/airflow/example_dags/tutorial_taskflow_api.py
[2025-03-13T09:49:10.142+0000] {processor.py:826} INFO - Processing file /home/airflow/.local/lib/python3.7/site-packages/airflow/example_dags/tutorial_taskflow_api.py for tasks to queue
[2025-03-13T09:49:10.143+0000] {logging_mixin.py:149} INFO - [2025-03-13T09:49:10.142+0000] {dagbag.py:541} INFO - Filling up the DagBag from /home/airflow/.local/lib/python3.7/site-packages/airflow/example_dags/tutorial_taskflow_api.py
[2025-03-13T09:49:10.148+0000] {processor.py:836} INFO - DAG(s) dict_keys(['tutorial_taskflow_api']) retrieved from /home/airflow/.local/lib/python3.7/site-packages/airflow/example_dags/tutorial_taskflow_api.py
[2025-03-13T09:49:10.168+0000] {logging_mixin.py:149} INFO - [2025-03-13T09:49:10.168+0000] {dag.py:2726} INFO - Sync 1 DAGs
[2025-03-13T09:49:10.191+0000] {logging_mixin.py:149} INFO - [2025-03-13T09:49:10.190+0000] {dag.py:3490} INFO - Setting next_dagrun for tutorial_taskflow_api to None, run_after=None
[2025-03-13T09:49:10.208+0000] {processor.py:179} INFO - Processing /home/airflow/.local/lib/python3.7/site-packages/airflow/example_dags/tutorial_taskflow_api.py took 0.072 seconds
[2025-03-13T09:49:41.293+0000] {processor.py:157} INFO - Started process (PID=943) to work on /home/airflow/.local/lib/python3.7/site-packages/airflow/example_dags/tutorial_taskflow_api.py
[2025-03-13T09:49:41.295+0000] {processor.py:826} INFO - Processing file /home/airflow/.local/lib/python3.7/site-packages/airflow/example_dags/tutorial_taskflow_api.py for tasks to queue
[2025-03-13T09:49:41.295+0000] {logging_mixin.py:149} INFO - [2025-03-13T09:49:41.295+0000] {dagbag.py:541} INFO - Filling up the DagBag from /home/airflow/.local/lib/python3.7/site-packages/airflow/example_dags/tutorial_taskflow_api.py
[2025-03-13T09:49:41.300+0000] {processor.py:836} INFO - DAG(s) dict_keys(['tutorial_taskflow_api']) retrieved from /home/airflow/.local/lib/python3.7/site-packages/airflow/example_dags/tutorial_taskflow_api.py
[2025-03-13T09:49:41.323+0000] {logging_mixin.py:149} INFO - [2025-03-13T09:49:41.323+0000] {dag.py:2726} INFO - Sync 1 DAGs
[2025-03-13T09:49:41.346+0000] {logging_mixin.py:149} INFO - [2025-03-13T09:49:41.346+0000] {dag.py:3490} INFO - Setting next_dagrun for tutorial_taskflow_api to None, run_after=None
[2025-03-13T09:49:41.364+0000] {processor.py:179} INFO - Processing /home/airflow/.local/lib/python3.7/site-packages/airflow/example_dags/tutorial_taskflow_api.py took 0.074 seconds
[2025-03-13T09:50:12.546+0000] {processor.py:157} INFO - Started process (PID=1034) to work on /home/airflow/.local/lib/python3.7/site-packages/airflow/example_dags/tutorial_taskflow_api.py
[2025-03-13T09:50:12.547+0000] {processor.py:826} INFO - Processing file /home/airflow/.local/lib/python3.7/site-packages/airflow/example_dags/tutorial_taskflow_api.py for tasks to queue
[2025-03-13T09:50:12.547+0000] {logging_mixin.py:149} INFO - [2025-03-13T09:50:12.547+0000] {dagbag.py:541} INFO - Filling up the DagBag from /home/airflow/.local/lib/python3.7/site-packages/airflow/example_dags/tutorial_taskflow_api.py
[2025-03-13T09:50:12.553+0000] {processor.py:836} INFO - DAG(s) dict_keys(['tutorial_taskflow_api']) retrieved from /home/airflow/.local/lib/python3.7/site-packages/airflow/example_dags/tutorial_taskflow_api.py
[2025-03-13T09:50:12.577+0000] {logging_mixin.py:149} INFO - [2025-03-13T09:50:12.577+0000] {dag.py:2726} INFO - Sync 1 DAGs
[2025-03-13T09:50:12.601+0000] {logging_mixin.py:149} INFO - [2025-03-13T09:50:12.601+0000] {dag.py:3490} INFO - Setting next_dagrun for tutorial_taskflow_api to None, run_after=None
[2025-03-13T09:50:12.620+0000] {processor.py:179} INFO - Processing /home/airflow/.local/lib/python3.7/site-packages/airflow/example_dags/tutorial_taskflow_api.py took 0.078 seconds
[2025-03-13T09:50:43.637+0000] {processor.py:157} INFO - Started process (PID=1125) to work on /home/airflow/.local/lib/python3.7/site-packages/airflow/example_dags/tutorial_taskflow_api.py
[2025-03-13T09:50:43.638+0000] {processor.py:826} INFO - Processing file /home/airflow/.local/lib/python3.7/site-packages/airflow/example_dags/tutorial_taskflow_api.py for tasks to queue
[2025-03-13T09:50:43.638+0000] {logging_mixin.py:149} INFO - [2025-03-13T09:50:43.638+0000] {dagbag.py:541} INFO - Filling up the DagBag from /home/airflow/.local/lib/python3.7/site-packages/airflow/example_dags/tutorial_taskflow_api.py
[2025-03-13T09:50:43.644+0000] {processor.py:836} INFO - DAG(s) dict_keys(['tutorial_taskflow_api']) retrieved from /home/airflow/.local/lib/python3.7/site-packages/airflow/example_dags/tutorial_taskflow_api.py
[2025-03-13T09:50:43.667+0000] {logging_mixin.py:149} INFO - [2025-03-13T09:50:43.667+0000] {dag.py:2726} INFO - Sync 1 DAGs
[2025-03-13T09:50:43.690+0000] {logging_mixin.py:149} INFO - [2025-03-13T09:50:43.689+0000] {dag.py:3490} INFO - Setting next_dagrun for tutorial_taskflow_api to None, run_after=None
[2025-03-13T09:50:43.711+0000] {processor.py:179} INFO - Processing /home/airflow/.local/lib/python3.7/site-packages/airflow/example_dags/tutorial_taskflow_api.py took 0.077 seconds
[2025-03-13T09:51:15.203+0000] {processor.py:157} INFO - Started process (PID=1216) to work on /home/airflow/.local/lib/python3.7/site-packages/airflow/example_dags/tutorial_taskflow_api.py
[2025-03-13T09:51:15.204+0000] {processor.py:826} INFO - Processing file /home/airflow/.local/lib/python3.7/site-packages/airflow/example_dags/tutorial_taskflow_api.py for tasks to queue
[2025-03-13T09:51:15.205+0000] {logging_mixin.py:149} INFO - [2025-03-13T09:51:15.204+0000] {dagbag.py:541} INFO - Filling up the DagBag from /home/airflow/.local/lib/python3.7/site-packages/airflow/example_dags/tutorial_taskflow_api.py
[2025-03-13T09:51:15.214+0000] {processor.py:836} INFO - DAG(s) dict_keys(['tutorial_taskflow_api']) retrieved from /home/airflow/.local/lib/python3.7/site-packages/airflow/example_dags/tutorial_taskflow_api.py
[2025-03-13T09:51:15.240+0000] {logging_mixin.py:149} INFO - [2025-03-13T09:51:15.240+0000] {dag.py:2726} INFO - Sync 1 DAGs
[2025-03-13T09:51:15.266+0000] {logging_mixin.py:149} INFO - [2025-03-13T09:51:15.266+0000] {dag.py:3490} INFO - Setting next_dagrun for tutorial_taskflow_api to None, run_after=None
[2025-03-13T09:51:15.286+0000] {processor.py:179} INFO - Processing /home/airflow/.local/lib/python3.7/site-packages/airflow/example_dags/tutorial_taskflow_api.py took 0.087 seconds
[2025-03-13T09:51:46.507+0000] {processor.py:157} INFO - Started process (PID=1307) to work on /home/airflow/.local/lib/python3.7/site-packages/airflow/example_dags/tutorial_taskflow_api.py
[2025-03-13T09:51:46.508+0000] {processor.py:826} INFO - Processing file /home/airflow/.local/lib/python3.7/site-packages/airflow/example_dags/tutorial_taskflow_api.py for tasks to queue
[2025-03-13T09:51:46.509+0000] {logging_mixin.py:149} INFO - [2025-03-13T09:51:46.509+0000] {dagbag.py:541} INFO - Filling up the DagBag from /home/airflow/.local/lib/python3.7/site-packages/airflow/example_dags/tutorial_taskflow_api.py
[2025-03-13T09:51:46.518+0000] {processor.py:836} INFO - DAG(s) dict_keys(['tutorial_taskflow_api']) retrieved from /home/airflow/.local/lib/python3.7/site-packages/airflow/example_dags/tutorial_taskflow_api.py
[2025-03-13T09:51:46.553+0000] {logging_mixin.py:149} INFO - [2025-03-13T09:51:46.553+0000] {dag.py:2726} INFO - Sync 1 DAGs
[2025-03-13T09:51:46.577+0000] {logging_mixin.py:149} INFO - [2025-03-13T09:51:46.577+0000] {dag.py:3490} INFO - Setting next_dagrun for tutorial_taskflow_api to None, run_after=None
[2025-03-13T09:51:46.598+0000] {processor.py:179} INFO - Processing /home/airflow/.local/lib/python3.7/site-packages/airflow/example_dags/tutorial_taskflow_api.py took 0.095 seconds
[2025-03-13T09:52:17.886+0000] {processor.py:157} INFO - Started process (PID=1398) to work on /home/airflow/.local/lib/python3.7/site-packages/airflow/example_dags/tutorial_taskflow_api.py
[2025-03-13T09:52:17.888+0000] {processor.py:826} INFO - Processing file /home/airflow/.local/lib/python3.7/site-packages/airflow/example_dags/tutorial_taskflow_api.py for tasks to queue
[2025-03-13T09:52:17.888+0000] {logging_mixin.py:149} INFO - [2025-03-13T09:52:17.888+0000] {dagbag.py:541} INFO - Filling up the DagBag from /home/airflow/.local/lib/python3.7/site-packages/airflow/example_dags/tutorial_taskflow_api.py
[2025-03-13T09:52:17.894+0000] {processor.py:836} INFO - DAG(s) dict_keys(['tutorial_taskflow_api']) retrieved from /home/airflow/.local/lib/python3.7/site-packages/airflow/example_dags/tutorial_taskflow_api.py
[2025-03-13T09:52:17.916+0000] {logging_mixin.py:149} INFO - [2025-03-13T09:52:17.916+0000] {dag.py:2726} INFO - Sync 1 DAGs
[2025-03-13T09:52:17.939+0000] {logging_mixin.py:149} INFO - [2025-03-13T09:52:17.939+0000] {dag.py:3490} INFO - Setting next_dagrun for tutorial_taskflow_api to None, run_after=None
[2025-03-13T09:52:17.957+0000] {processor.py:179} INFO - Processing /home/airflow/.local/lib/python3.7/site-packages/airflow/example_dags/tutorial_taskflow_api.py took 0.074 seconds
[2025-03-13T09:52:49.096+0000] {processor.py:157} INFO - Started process (PID=1489) to work on /home/airflow/.local/lib/python3.7/site-packages/airflow/example_dags/tutorial_taskflow_api.py
[2025-03-13T09:52:49.098+0000] {processor.py:826} INFO - Processing file /home/airflow/.local/lib/python3.7/site-packages/airflow/example_dags/tutorial_taskflow_api.py for tasks to queue
[2025-03-13T09:52:49.098+0000] {logging_mixin.py:149} INFO - [2025-03-13T09:52:49.098+0000] {dagbag.py:541} INFO - Filling up the DagBag from /home/airflow/.local/lib/python3.7/site-packages/airflow/example_dags/tutorial_taskflow_api.py
[2025-03-13T09:52:49.103+0000] {processor.py:836} INFO - DAG(s) dict_keys(['tutorial_taskflow_api']) retrieved from /home/airflow/.local/lib/python3.7/site-packages/airflow/example_dags/tutorial_taskflow_api.py
[2025-03-13T09:52:49.127+0000] {logging_mixin.py:149} INFO - [2025-03-13T09:52:49.127+0000] {dag.py:2726} INFO - Sync 1 DAGs
[2025-03-13T09:52:49.150+0000] {logging_mixin.py:149} INFO - [2025-03-13T09:52:49.150+0000] {dag.py:3490} INFO - Setting next_dagrun for tutorial_taskflow_api to None, run_after=None
[2025-03-13T09:52:49.171+0000] {processor.py:179} INFO - Processing /home/airflow/.local/lib/python3.7/site-packages/airflow/example_dags/tutorial_taskflow_api.py took 0.078 seconds
[2025-03-13T09:53:19.536+0000] {processor.py:157} INFO - Started process (PID=1580) to work on /home/airflow/.local/lib/python3.7/site-packages/airflow/example_dags/tutorial_taskflow_api.py
[2025-03-13T09:53:19.537+0000] {processor.py:826} INFO - Processing file /home/airflow/.local/lib/python3.7/site-packages/airflow/example_dags/tutorial_taskflow_api.py for tasks to queue
[2025-03-13T09:53:19.538+0000] {logging_mixin.py:149} INFO - [2025-03-13T09:53:19.537+0000] {dagbag.py:541} INFO - Filling up the DagBag from /home/airflow/.local/lib/python3.7/site-packages/airflow/example_dags/tutorial_taskflow_api.py
[2025-03-13T09:53:19.543+0000] {processor.py:836} INFO - DAG(s) dict_keys(['tutorial_taskflow_api']) retrieved from /home/airflow/.local/lib/python3.7/site-packages/airflow/example_dags/tutorial_taskflow_api.py
[2025-03-13T09:53:19.564+0000] {logging_mixin.py:149} INFO - [2025-03-13T09:53:19.564+0000] {dag.py:2726} INFO - Sync 1 DAGs
[2025-03-13T09:53:19.589+0000] {logging_mixin.py:149} INFO - [2025-03-13T09:53:19.589+0000] {dag.py:3490} INFO - Setting next_dagrun for tutorial_taskflow_api to None, run_after=None
[2025-03-13T09:53:19.606+0000] {processor.py:179} INFO - Processing /home/airflow/.local/lib/python3.7/site-packages/airflow/example_dags/tutorial_taskflow_api.py took 0.073 seconds
[2025-03-13T09:53:50.906+0000] {processor.py:157} INFO - Started process (PID=1671) to work on /home/airflow/.local/lib/python3.7/site-packages/airflow/example_dags/tutorial_taskflow_api.py
[2025-03-13T09:53:50.907+0000] {processor.py:826} INFO - Processing file /home/airflow/.local/lib/python3.7/site-packages/airflow/example_dags/tutorial_taskflow_api.py for tasks to queue
[2025-03-13T09:53:50.907+0000] {logging_mixin.py:149} INFO - [2025-03-13T09:53:50.907+0000] {dagbag.py:541} INFO - Filling up the DagBag from /home/airflow/.local/lib/python3.7/site-packages/airflow/example_dags/tutorial_taskflow_api.py
[2025-03-13T09:53:50.912+0000] {processor.py:836} INFO - DAG(s) dict_keys(['tutorial_taskflow_api']) retrieved from /home/airflow/.local/lib/python3.7/site-packages/airflow/example_dags/tutorial_taskflow_api.py
[2025-03-13T09:53:50.934+0000] {logging_mixin.py:149} INFO - [2025-03-13T09:53:50.934+0000] {dag.py:2726} INFO - Sync 1 DAGs
[2025-03-13T09:53:50.956+0000] {logging_mixin.py:149} INFO - [2025-03-13T09:53:50.956+0000] {dag.py:3490} INFO - Setting next_dagrun for tutorial_taskflow_api to None, run_after=None
[2025-03-13T09:53:50.975+0000] {processor.py:179} INFO - Processing /home/airflow/.local/lib/python3.7/site-packages/airflow/example_dags/tutorial_taskflow_api.py took 0.073 seconds
[2025-03-13T09:54:22.121+0000] {processor.py:157} INFO - Started process (PID=1762) to work on /home/airflow/.local/lib/python3.7/site-packages/airflow/example_dags/tutorial_taskflow_api.py
[2025-03-13T09:54:22.122+0000] {processor.py:826} INFO - Processing file /home/airflow/.local/lib/python3.7/site-packages/airflow/example_dags/tutorial_taskflow_api.py for tasks to queue
[2025-03-13T09:54:22.123+0000] {logging_mixin.py:149} INFO - [2025-03-13T09:54:22.123+0000] {dagbag.py:541} INFO - Filling up the DagBag from /home/airflow/.local/lib/python3.7/site-packages/airflow/example_dags/tutorial_taskflow_api.py
[2025-03-13T09:54:22.128+0000] {processor.py:836} INFO - DAG(s) dict_keys(['tutorial_taskflow_api']) retrieved from /home/airflow/.local/lib/python3.7/site-packages/airflow/example_dags/tutorial_taskflow_api.py
[2025-03-13T09:54:22.151+0000] {logging_mixin.py:149} INFO - [2025-03-13T09:54:22.151+0000] {dag.py:2726} INFO - Sync 1 DAGs
[2025-03-13T09:54:22.175+0000] {logging_mixin.py:149} INFO - [2025-03-13T09:54:22.175+0000] {dag.py:3490} INFO - Setting next_dagrun for tutorial_taskflow_api to None, run_after=None
[2025-03-13T09:54:22.194+0000] {processor.py:179} INFO - Processing /home/airflow/.local/lib/python3.7/site-packages/airflow/example_dags/tutorial_taskflow_api.py took 0.077 seconds
[2025-03-13T09:54:53.471+0000] {processor.py:157} INFO - Started process (PID=1853) to work on /home/airflow/.local/lib/python3.7/site-packages/airflow/example_dags/tutorial_taskflow_api.py
[2025-03-13T09:54:53.472+0000] {processor.py:826} INFO - Processing file /home/airflow/.local/lib/python3.7/site-packages/airflow/example_dags/tutorial_taskflow_api.py for tasks to queue
[2025-03-13T09:54:53.472+0000] {logging_mixin.py:149} INFO - [2025-03-13T09:54:53.472+0000] {dagbag.py:541} INFO - Filling up the DagBag from /home/airflow/.local/lib/python3.7/site-packages/airflow/example_dags/tutorial_taskflow_api.py
[2025-03-13T09:54:53.478+0000] {processor.py:836} INFO - DAG(s) dict_keys(['tutorial_taskflow_api']) retrieved from /home/airflow/.local/lib/python3.7/site-packages/airflow/example_dags/tutorial_taskflow_api.py
[2025-03-13T09:54:53.501+0000] {logging_mixin.py:149} INFO - [2025-03-13T09:54:53.500+0000] {dag.py:2726} INFO - Sync 1 DAGs
[2025-03-13T09:54:53.524+0000] {logging_mixin.py:149} INFO - [2025-03-13T09:54:53.524+0000] {dag.py:3490} INFO - Setting next_dagrun for tutorial_taskflow_api to None, run_after=None
[2025-03-13T09:54:53.546+0000] {processor.py:179} INFO - Processing /home/airflow/.local/lib/python3.7/site-packages/airflow/example_dags/tutorial_taskflow_api.py took 0.078 seconds
[2025-03-13T09:55:24.703+0000] {processor.py:157} INFO - Started process (PID=1944) to work on /home/airflow/.local/lib/python3.7/site-packages/airflow/example_dags/tutorial_taskflow_api.py
[2025-03-13T09:55:24.704+0000] {processor.py:826} INFO - Processing file /home/airflow/.local/lib/python3.7/site-packages/airflow/example_dags/tutorial_taskflow_api.py for tasks to queue
[2025-03-13T09:55:24.705+0000] {logging_mixin.py:149} INFO - [2025-03-13T09:55:24.705+0000] {dagbag.py:541} INFO - Filling up the DagBag from /home/airflow/.local/lib/python3.7/site-packages/airflow/example_dags/tutorial_taskflow_api.py
[2025-03-13T09:55:24.710+0000] {processor.py:836} INFO - DAG(s) dict_keys(['tutorial_taskflow_api']) retrieved from /home/airflow/.local/lib/python3.7/site-packages/airflow/example_dags/tutorial_taskflow_api.py
[2025-03-13T09:55:24.733+0000] {logging_mixin.py:149} INFO - [2025-03-13T09:55:24.733+0000] {dag.py:2726} INFO - Sync 1 DAGs
[2025-03-13T09:55:24.755+0000] {logging_mixin.py:149} INFO - [2025-03-13T09:55:24.755+0000] {dag.py:3490} INFO - Setting next_dagrun for tutorial_taskflow_api to None, run_after=None
[2025-03-13T09:55:24.771+0000] {processor.py:179} INFO - Processing /home/airflow/.local/lib/python3.7/site-packages/airflow/example_dags/tutorial_taskflow_api.py took 0.071 seconds
[2025-03-13T09:55:56.085+0000] {processor.py:157} INFO - Started process (PID=2035) to work on /home/airflow/.local/lib/python3.7/site-packages/airflow/example_dags/tutorial_taskflow_api.py
[2025-03-13T09:55:56.086+0000] {processor.py:826} INFO - Processing file /home/airflow/.local/lib/python3.7/site-packages/airflow/example_dags/tutorial_taskflow_api.py for tasks to queue
[2025-03-13T09:55:56.087+0000] {logging_mixin.py:149} INFO - [2025-03-13T09:55:56.086+0000] {dagbag.py:541} INFO - Filling up the DagBag from /home/airflow/.local/lib/python3.7/site-packages/airflow/example_dags/tutorial_taskflow_api.py
[2025-03-13T09:55:56.092+0000] {processor.py:836} INFO - DAG(s) dict_keys(['tutorial_taskflow_api']) retrieved from /home/airflow/.local/lib/python3.7/site-packages/airflow/example_dags/tutorial_taskflow_api.py
[2025-03-13T09:55:56.116+0000] {logging_mixin.py:149} INFO - [2025-03-13T09:55:56.116+0000] {dag.py:2726} INFO - Sync 1 DAGs
[2025-03-13T09:55:56.142+0000] {logging_mixin.py:149} INFO - [2025-03-13T09:55:56.141+0000] {dag.py:3490} INFO - Setting next_dagrun for tutorial_taskflow_api to None, run_after=None
[2025-03-13T09:55:56.164+0000] {processor.py:179} INFO - Processing /home/airflow/.local/lib/python3.7/site-packages/airflow/example_dags/tutorial_taskflow_api.py took 0.082 seconds
[2025-03-13T09:56:26.511+0000] {processor.py:157} INFO - Started process (PID=2126) to work on /home/airflow/.local/lib/python3.7/site-packages/airflow/example_dags/tutorial_taskflow_api.py
[2025-03-13T09:56:26.512+0000] {processor.py:826} INFO - Processing file /home/airflow/.local/lib/python3.7/site-packages/airflow/example_dags/tutorial_taskflow_api.py for tasks to queue
[2025-03-13T09:56:26.512+0000] {logging_mixin.py:149} INFO - [2025-03-13T09:56:26.512+0000] {dagbag.py:541} INFO - Filling up the DagBag from /home/airflow/.local/lib/python3.7/site-packages/airflow/example_dags/tutorial_taskflow_api.py
[2025-03-13T09:56:26.518+0000] {processor.py:836} INFO - DAG(s) dict_keys(['tutorial_taskflow_api']) retrieved from /home/airflow/.local/lib/python3.7/site-packages/airflow/example_dags/tutorial_taskflow_api.py
[2025-03-13T09:56:26.540+0000] {logging_mixin.py:149} INFO - [2025-03-13T09:56:26.540+0000] {dag.py:2726} INFO - Sync 1 DAGs
[2025-03-13T09:56:26.561+0000] {logging_mixin.py:149} INFO - [2025-03-13T09:56:26.561+0000] {dag.py:3490} INFO - Setting next_dagrun for tutorial_taskflow_api to None, run_after=None
[2025-03-13T09:56:26.577+0000] {processor.py:179} INFO - Processing /home/airflow/.local/lib/python3.7/site-packages/airflow/example_dags/tutorial_taskflow_api.py took 0.070 seconds
[2025-03-13T09:56:57.025+0000] {processor.py:157} INFO - Started process (PID=2217) to work on /home/airflow/.local/lib/python3.7/site-packages/airflow/example_dags/tutorial_taskflow_api.py
[2025-03-13T09:56:57.026+0000] {processor.py:826} INFO - Processing file /home/airflow/.local/lib/python3.7/site-packages/airflow/example_dags/tutorial_taskflow_api.py for tasks to queue
[2025-03-13T09:56:57.026+0000] {logging_mixin.py:149} INFO - [2025-03-13T09:56:57.026+0000] {dagbag.py:541} INFO - Filling up the DagBag from /home/airflow/.local/lib/python3.7/site-packages/airflow/example_dags/tutorial_taskflow_api.py
[2025-03-13T09:56:57.032+0000] {processor.py:836} INFO - DAG(s) dict_keys(['tutorial_taskflow_api']) retrieved from /home/airflow/.local/lib/python3.7/site-packages/airflow/example_dags/tutorial_taskflow_api.py
[2025-03-13T09:56:57.055+0000] {logging_mixin.py:149} INFO - [2025-03-13T09:56:57.055+0000] {dag.py:2726} INFO - Sync 1 DAGs
[2025-03-13T09:56:57.080+0000] {logging_mixin.py:149} INFO - [2025-03-13T09:56:57.080+0000] {dag.py:3490} INFO - Setting next_dagrun for tutorial_taskflow_api to None, run_after=None
[2025-03-13T09:56:57.100+0000] {processor.py:179} INFO - Processing /home/airflow/.local/lib/python3.7/site-packages/airflow/example_dags/tutorial_taskflow_api.py took 0.079 seconds
[2025-03-13T09:57:27.571+0000] {processor.py:157} INFO - Started process (PID=2308) to work on /home/airflow/.local/lib/python3.7/site-packages/airflow/example_dags/tutorial_taskflow_api.py
[2025-03-13T09:57:27.572+0000] {processor.py:826} INFO - Processing file /home/airflow/.local/lib/python3.7/site-packages/airflow/example_dags/tutorial_taskflow_api.py for tasks to queue
[2025-03-13T09:57:27.572+0000] {logging_mixin.py:149} INFO - [2025-03-13T09:57:27.572+0000] {dagbag.py:541} INFO - Filling up the DagBag from /home/airflow/.local/lib/python3.7/site-packages/airflow/example_dags/tutorial_taskflow_api.py
[2025-03-13T09:57:27.578+0000] {processor.py:836} INFO - DAG(s) dict_keys(['tutorial_taskflow_api']) retrieved from /home/airflow/.local/lib/python3.7/site-packages/airflow/example_dags/tutorial_taskflow_api.py
[2025-03-13T09:57:27.603+0000] {logging_mixin.py:149} INFO - [2025-03-13T09:57:27.603+0000] {dag.py:2726} INFO - Sync 1 DAGs
[2025-03-13T09:57:27.629+0000] {logging_mixin.py:149} INFO - [2025-03-13T09:57:27.629+0000] {dag.py:3490} INFO - Setting next_dagrun for tutorial_taskflow_api to None, run_after=None
[2025-03-13T09:57:27.652+0000] {processor.py:179} INFO - Processing /home/airflow/.local/lib/python3.7/site-packages/airflow/example_dags/tutorial_taskflow_api.py took 0.085 seconds
[2025-03-13T09:57:57.850+0000] {processor.py:157} INFO - Started process (PID=2399) to work on /home/airflow/.local/lib/python3.7/site-packages/airflow/example_dags/tutorial_taskflow_api.py
[2025-03-13T09:57:57.851+0000] {processor.py:826} INFO - Processing file /home/airflow/.local/lib/python3.7/site-packages/airflow/example_dags/tutorial_taskflow_api.py for tasks to queue
[2025-03-13T09:57:57.851+0000] {logging_mixin.py:149} INFO - [2025-03-13T09:57:57.851+0000] {dagbag.py:541} INFO - Filling up the DagBag from /home/airflow/.local/lib/python3.7/site-packages/airflow/example_dags/tutorial_taskflow_api.py
[2025-03-13T09:57:57.856+0000] {processor.py:836} INFO - DAG(s) dict_keys(['tutorial_taskflow_api']) retrieved from /home/airflow/.local/lib/python3.7/site-packages/airflow/example_dags/tutorial_taskflow_api.py
[2025-03-13T09:57:57.883+0000] {logging_mixin.py:149} INFO - [2025-03-13T09:57:57.883+0000] {dag.py:2726} INFO - Sync 1 DAGs
[2025-03-13T09:57:57.906+0000] {logging_mixin.py:149} INFO - [2025-03-13T09:57:57.906+0000] {dag.py:3490} INFO - Setting next_dagrun for tutorial_taskflow_api to None, run_after=None
[2025-03-13T09:57:57.924+0000] {processor.py:179} INFO - Processing /home/airflow/.local/lib/python3.7/site-packages/airflow/example_dags/tutorial_taskflow_api.py took 0.078 seconds
[2025-03-13T09:58:29.022+0000] {processor.py:157} INFO - Started process (PID=2490) to work on /home/airflow/.local/lib/python3.7/site-packages/airflow/example_dags/tutorial_taskflow_api.py
[2025-03-13T09:58:29.023+0000] {processor.py:826} INFO - Processing file /home/airflow/.local/lib/python3.7/site-packages/airflow/example_dags/tutorial_taskflow_api.py for tasks to queue
[2025-03-13T09:58:29.024+0000] {logging_mixin.py:149} INFO - [2025-03-13T09:58:29.024+0000] {dagbag.py:541} INFO - Filling up the DagBag from /home/airflow/.local/lib/python3.7/site-packages/airflow/example_dags/tutorial_taskflow_api.py
[2025-03-13T09:58:29.029+0000] {processor.py:836} INFO - DAG(s) dict_keys(['tutorial_taskflow_api']) retrieved from /home/airflow/.local/lib/python3.7/site-packages/airflow/example_dags/tutorial_taskflow_api.py
[2025-03-13T09:58:29.052+0000] {logging_mixin.py:149} INFO - [2025-03-13T09:58:29.052+0000] {dag.py:2726} INFO - Sync 1 DAGs
[2025-03-13T09:58:29.077+0000] {logging_mixin.py:149} INFO - [2025-03-13T09:58:29.076+0000] {dag.py:3490} INFO - Setting next_dagrun for tutorial_taskflow_api to None, run_after=None
[2025-03-13T09:58:29.094+0000] {processor.py:179} INFO - Processing /home/airflow/.local/lib/python3.7/site-packages/airflow/example_dags/tutorial_taskflow_api.py took 0.075 seconds
[2025-03-13T09:59:00.336+0000] {processor.py:157} INFO - Started process (PID=2581) to work on /home/airflow/.local/lib/python3.7/site-packages/airflow/example_dags/tutorial_taskflow_api.py
[2025-03-13T09:59:00.337+0000] {processor.py:826} INFO - Processing file /home/airflow/.local/lib/python3.7/site-packages/airflow/example_dags/tutorial_taskflow_api.py for tasks to queue
[2025-03-13T09:59:00.338+0000] {logging_mixin.py:149} INFO - [2025-03-13T09:59:00.337+0000] {dagbag.py:541} INFO - Filling up the DagBag from /home/airflow/.local/lib/python3.7/site-packages/airflow/example_dags/tutorial_taskflow_api.py
[2025-03-13T09:59:00.343+0000] {processor.py:836} INFO - DAG(s) dict_keys(['tutorial_taskflow_api']) retrieved from /home/airflow/.local/lib/python3.7/site-packages/airflow/example_dags/tutorial_taskflow_api.py
[2025-03-13T09:59:00.365+0000] {logging_mixin.py:149} INFO - [2025-03-13T09:59:00.365+0000] {dag.py:2726} INFO - Sync 1 DAGs
[2025-03-13T09:59:00.386+0000] {logging_mixin.py:149} INFO - [2025-03-13T09:59:00.386+0000] {dag.py:3490} INFO - Setting next_dagrun for tutorial_taskflow_api to None, run_after=None
[2025-03-13T09:59:00.403+0000] {processor.py:179} INFO - Processing /home/airflow/.local/lib/python3.7/site-packages/airflow/example_dags/tutorial_taskflow_api.py took 0.070 seconds
[2025-03-13T09:59:31.096+0000] {processor.py:157} INFO - Started process (PID=2672) to work on /home/airflow/.local/lib/python3.7/site-packages/airflow/example_dags/tutorial_taskflow_api.py
[2025-03-13T09:59:31.097+0000] {processor.py:826} INFO - Processing file /home/airflow/.local/lib/python3.7/site-packages/airflow/example_dags/tutorial_taskflow_api.py for tasks to queue
[2025-03-13T09:59:31.098+0000] {logging_mixin.py:149} INFO - [2025-03-13T09:59:31.098+0000] {dagbag.py:541} INFO - Filling up the DagBag from /home/airflow/.local/lib/python3.7/site-packages/airflow/example_dags/tutorial_taskflow_api.py
[2025-03-13T09:59:31.105+0000] {processor.py:836} INFO - DAG(s) dict_keys(['tutorial_taskflow_api']) retrieved from /home/airflow/.local/lib/python3.7/site-packages/airflow/example_dags/tutorial_taskflow_api.py
[2025-03-13T09:59:31.131+0000] {logging_mixin.py:149} INFO - [2025-03-13T09:59:31.131+0000] {dag.py:2726} INFO - Sync 1 DAGs
[2025-03-13T09:59:31.157+0000] {logging_mixin.py:149} INFO - [2025-03-13T09:59:31.156+0000] {dag.py:3490} INFO - Setting next_dagrun for tutorial_taskflow_api to None, run_after=None
[2025-03-13T09:59:31.179+0000] {processor.py:179} INFO - Processing /home/airflow/.local/lib/python3.7/site-packages/airflow/example_dags/tutorial_taskflow_api.py took 0.086 seconds
[2025-03-13T10:00:01.379+0000] {processor.py:157} INFO - Started process (PID=2763) to work on /home/airflow/.local/lib/python3.7/site-packages/airflow/example_dags/tutorial_taskflow_api.py
[2025-03-13T10:00:01.380+0000] {processor.py:826} INFO - Processing file /home/airflow/.local/lib/python3.7/site-packages/airflow/example_dags/tutorial_taskflow_api.py for tasks to queue
[2025-03-13T10:00:01.380+0000] {logging_mixin.py:149} INFO - [2025-03-13T10:00:01.380+0000] {dagbag.py:541} INFO - Filling up the DagBag from /home/airflow/.local/lib/python3.7/site-packages/airflow/example_dags/tutorial_taskflow_api.py
[2025-03-13T10:00:01.385+0000] {processor.py:836} INFO - DAG(s) dict_keys(['tutorial_taskflow_api']) retrieved from /home/airflow/.local/lib/python3.7/site-packages/airflow/example_dags/tutorial_taskflow_api.py
[2025-03-13T10:00:01.410+0000] {logging_mixin.py:149} INFO - [2025-03-13T10:00:01.410+0000] {dag.py:2726} INFO - Sync 1 DAGs
[2025-03-13T10:00:01.433+0000] {logging_mixin.py:149} INFO - [2025-03-13T10:00:01.433+0000] {dag.py:3490} INFO - Setting next_dagrun for tutorial_taskflow_api to None, run_after=None
[2025-03-13T10:00:01.450+0000] {processor.py:179} INFO - Processing /home/airflow/.local/lib/python3.7/site-packages/airflow/example_dags/tutorial_taskflow_api.py took 0.075 seconds
[2025-03-13T10:00:31.751+0000] {processor.py:157} INFO - Started process (PID=2854) to work on /home/airflow/.local/lib/python3.7/site-packages/airflow/example_dags/tutorial_taskflow_api.py
[2025-03-13T10:00:31.752+0000] {processor.py:826} INFO - Processing file /home/airflow/.local/lib/python3.7/site-packages/airflow/example_dags/tutorial_taskflow_api.py for tasks to queue
[2025-03-13T10:00:31.753+0000] {logging_mixin.py:149} INFO - [2025-03-13T10:00:31.753+0000] {dagbag.py:541} INFO - Filling up the DagBag from /home/airflow/.local/lib/python3.7/site-packages/airflow/example_dags/tutorial_taskflow_api.py
[2025-03-13T10:00:31.758+0000] {processor.py:836} INFO - DAG(s) dict_keys(['tutorial_taskflow_api']) retrieved from /home/airflow/.local/lib/python3.7/site-packages/airflow/example_dags/tutorial_taskflow_api.py
[2025-03-13T10:00:31.781+0000] {logging_mixin.py:149} INFO - [2025-03-13T10:00:31.780+0000] {dag.py:2726} INFO - Sync 1 DAGs
[2025-03-13T10:00:31.804+0000] {logging_mixin.py:149} INFO - [2025-03-13T10:00:31.804+0000] {dag.py:3490} INFO - Setting next_dagrun for tutorial_taskflow_api to None, run_after=None
[2025-03-13T10:00:31.824+0000] {processor.py:179} INFO - Processing /home/airflow/.local/lib/python3.7/site-packages/airflow/example_dags/tutorial_taskflow_api.py took 0.076 seconds
[2025-03-13T10:01:02.706+0000] {processor.py:157} INFO - Started process (PID=2945) to work on /home/airflow/.local/lib/python3.7/site-packages/airflow/example_dags/tutorial_taskflow_api.py
[2025-03-13T10:01:02.708+0000] {processor.py:826} INFO - Processing file /home/airflow/.local/lib/python3.7/site-packages/airflow/example_dags/tutorial_taskflow_api.py for tasks to queue
[2025-03-13T10:01:02.709+0000] {logging_mixin.py:149} INFO - [2025-03-13T10:01:02.709+0000] {dagbag.py:541} INFO - Filling up the DagBag from /home/airflow/.local/lib/python3.7/site-packages/airflow/example_dags/tutorial_taskflow_api.py
[2025-03-13T10:01:02.715+0000] {processor.py:836} INFO - DAG(s) dict_keys(['tutorial_taskflow_api']) retrieved from /home/airflow/.local/lib/python3.7/site-packages/airflow/example_dags/tutorial_taskflow_api.py
[2025-03-13T10:01:02.743+0000] {logging_mixin.py:149} INFO - [2025-03-13T10:01:02.742+0000] {dag.py:2726} INFO - Sync 1 DAGs
[2025-03-13T10:01:02.768+0000] {logging_mixin.py:149} INFO - [2025-03-13T10:01:02.768+0000] {dag.py:3490} INFO - Setting next_dagrun for tutorial_taskflow_api to None, run_after=None
[2025-03-13T10:01:02.791+0000] {processor.py:179} INFO - Processing /home/airflow/.local/lib/python3.7/site-packages/airflow/example_dags/tutorial_taskflow_api.py took 0.089 seconds
[2025-03-13T10:01:33.193+0000] {processor.py:157} INFO - Started process (PID=3036) to work on /home/airflow/.local/lib/python3.7/site-packages/airflow/example_dags/tutorial_taskflow_api.py
[2025-03-13T10:01:33.195+0000] {processor.py:826} INFO - Processing file /home/airflow/.local/lib/python3.7/site-packages/airflow/example_dags/tutorial_taskflow_api.py for tasks to queue
[2025-03-13T10:01:33.196+0000] {logging_mixin.py:149} INFO - [2025-03-13T10:01:33.196+0000] {dagbag.py:541} INFO - Filling up the DagBag from /home/airflow/.local/lib/python3.7/site-packages/airflow/example_dags/tutorial_taskflow_api.py
[2025-03-13T10:01:33.204+0000] {processor.py:836} INFO - DAG(s) dict_keys(['tutorial_taskflow_api']) retrieved from /home/airflow/.local/lib/python3.7/site-packages/airflow/example_dags/tutorial_taskflow_api.py
[2025-03-13T10:01:33.233+0000] {logging_mixin.py:149} INFO - [2025-03-13T10:01:33.232+0000] {dag.py:2726} INFO - Sync 1 DAGs
[2025-03-13T10:01:33.262+0000] {logging_mixin.py:149} INFO - [2025-03-13T10:01:33.261+0000] {dag.py:3490} INFO - Setting next_dagrun for tutorial_taskflow_api to None, run_after=None
[2025-03-13T10:01:33.288+0000] {processor.py:179} INFO - Processing /home/airflow/.local/lib/python3.7/site-packages/airflow/example_dags/tutorial_taskflow_api.py took 0.099 seconds
[2025-03-13T10:02:03.619+0000] {processor.py:157} INFO - Started process (PID=3134) to work on /home/airflow/.local/lib/python3.7/site-packages/airflow/example_dags/tutorial_taskflow_api.py
[2025-03-13T10:02:03.620+0000] {processor.py:826} INFO - Processing file /home/airflow/.local/lib/python3.7/site-packages/airflow/example_dags/tutorial_taskflow_api.py for tasks to queue
[2025-03-13T10:02:03.621+0000] {logging_mixin.py:149} INFO - [2025-03-13T10:02:03.621+0000] {dagbag.py:541} INFO - Filling up the DagBag from /home/airflow/.local/lib/python3.7/site-packages/airflow/example_dags/tutorial_taskflow_api.py
[2025-03-13T10:02:03.626+0000] {processor.py:836} INFO - DAG(s) dict_keys(['tutorial_taskflow_api']) retrieved from /home/airflow/.local/lib/python3.7/site-packages/airflow/example_dags/tutorial_taskflow_api.py
[2025-03-13T10:02:03.648+0000] {logging_mixin.py:149} INFO - [2025-03-13T10:02:03.648+0000] {dag.py:2726} INFO - Sync 1 DAGs
[2025-03-13T10:02:03.671+0000] {logging_mixin.py:149} INFO - [2025-03-13T10:02:03.671+0000] {dag.py:3490} INFO - Setting next_dagrun for tutorial_taskflow_api to None, run_after=None
[2025-03-13T10:02:03.692+0000] {processor.py:179} INFO - Processing /home/airflow/.local/lib/python3.7/site-packages/airflow/example_dags/tutorial_taskflow_api.py took 0.076 seconds
[2025-03-13T10:02:34.853+0000] {processor.py:157} INFO - Started process (PID=3225) to work on /home/airflow/.local/lib/python3.7/site-packages/airflow/example_dags/tutorial_taskflow_api.py
[2025-03-13T10:02:34.854+0000] {processor.py:826} INFO - Processing file /home/airflow/.local/lib/python3.7/site-packages/airflow/example_dags/tutorial_taskflow_api.py for tasks to queue
[2025-03-13T10:02:34.854+0000] {logging_mixin.py:149} INFO - [2025-03-13T10:02:34.854+0000] {dagbag.py:541} INFO - Filling up the DagBag from /home/airflow/.local/lib/python3.7/site-packages/airflow/example_dags/tutorial_taskflow_api.py
[2025-03-13T10:02:34.859+0000] {processor.py:836} INFO - DAG(s) dict_keys(['tutorial_taskflow_api']) retrieved from /home/airflow/.local/lib/python3.7/site-packages/airflow/example_dags/tutorial_taskflow_api.py
[2025-03-13T10:02:34.882+0000] {logging_mixin.py:149} INFO - [2025-03-13T10:02:34.882+0000] {dag.py:2726} INFO - Sync 1 DAGs
[2025-03-13T10:02:34.905+0000] {logging_mixin.py:149} INFO - [2025-03-13T10:02:34.905+0000] {dag.py:3490} INFO - Setting next_dagrun for tutorial_taskflow_api to None, run_after=None
[2025-03-13T10:02:34.922+0000] {processor.py:179} INFO - Processing /home/airflow/.local/lib/python3.7/site-packages/airflow/example_dags/tutorial_taskflow_api.py took 0.073 seconds
[2025-03-13T10:03:06.350+0000] {processor.py:157} INFO - Started process (PID=3316) to work on /home/airflow/.local/lib/python3.7/site-packages/airflow/example_dags/tutorial_taskflow_api.py
[2025-03-13T10:03:06.351+0000] {processor.py:826} INFO - Processing file /home/airflow/.local/lib/python3.7/site-packages/airflow/example_dags/tutorial_taskflow_api.py for tasks to queue
[2025-03-13T10:03:06.352+0000] {logging_mixin.py:149} INFO - [2025-03-13T10:03:06.351+0000] {dagbag.py:541} INFO - Filling up the DagBag from /home/airflow/.local/lib/python3.7/site-packages/airflow/example_dags/tutorial_taskflow_api.py
[2025-03-13T10:03:06.358+0000] {processor.py:836} INFO - DAG(s) dict_keys(['tutorial_taskflow_api']) retrieved from /home/airflow/.local/lib/python3.7/site-packages/airflow/example_dags/tutorial_taskflow_api.py
[2025-03-13T10:03:06.382+0000] {logging_mixin.py:149} INFO - [2025-03-13T10:03:06.382+0000] {dag.py:2726} INFO - Sync 1 DAGs
[2025-03-13T10:03:06.408+0000] {logging_mixin.py:149} INFO - [2025-03-13T10:03:06.408+0000] {dag.py:3490} INFO - Setting next_dagrun for tutorial_taskflow_api to None, run_after=None
[2025-03-13T10:03:06.428+0000] {processor.py:179} INFO - Processing /home/airflow/.local/lib/python3.7/site-packages/airflow/example_dags/tutorial_taskflow_api.py took 0.081 seconds
[2025-03-13T10:03:36.988+0000] {processor.py:157} INFO - Started process (PID=3407) to work on /home/airflow/.local/lib/python3.7/site-packages/airflow/example_dags/tutorial_taskflow_api.py
[2025-03-13T10:03:36.989+0000] {processor.py:826} INFO - Processing file /home/airflow/.local/lib/python3.7/site-packages/airflow/example_dags/tutorial_taskflow_api.py for tasks to queue
[2025-03-13T10:03:36.989+0000] {logging_mixin.py:149} INFO - [2025-03-13T10:03:36.989+0000] {dagbag.py:541} INFO - Filling up the DagBag from /home/airflow/.local/lib/python3.7/site-packages/airflow/example_dags/tutorial_taskflow_api.py
[2025-03-13T10:03:36.994+0000] {processor.py:836} INFO - DAG(s) dict_keys(['tutorial_taskflow_api']) retrieved from /home/airflow/.local/lib/python3.7/site-packages/airflow/example_dags/tutorial_taskflow_api.py
[2025-03-13T10:03:37.018+0000] {logging_mixin.py:149} INFO - [2025-03-13T10:03:37.017+0000] {dag.py:2726} INFO - Sync 1 DAGs
[2025-03-13T10:03:37.040+0000] {logging_mixin.py:149} INFO - [2025-03-13T10:03:37.040+0000] {dag.py:3490} INFO - Setting next_dagrun for tutorial_taskflow_api to None, run_after=None
[2025-03-13T10:03:37.060+0000] {processor.py:179} INFO - Processing /home/airflow/.local/lib/python3.7/site-packages/airflow/example_dags/tutorial_taskflow_api.py took 0.076 seconds
[2025-03-13T10:04:08.012+0000] {processor.py:157} INFO - Started process (PID=3498) to work on /home/airflow/.local/lib/python3.7/site-packages/airflow/example_dags/tutorial_taskflow_api.py
[2025-03-13T10:04:08.013+0000] {processor.py:826} INFO - Processing file /home/airflow/.local/lib/python3.7/site-packages/airflow/example_dags/tutorial_taskflow_api.py for tasks to queue
[2025-03-13T10:04:08.013+0000] {logging_mixin.py:149} INFO - [2025-03-13T10:04:08.013+0000] {dagbag.py:541} INFO - Filling up the DagBag from /home/airflow/.local/lib/python3.7/site-packages/airflow/example_dags/tutorial_taskflow_api.py
[2025-03-13T10:04:08.019+0000] {processor.py:836} INFO - DAG(s) dict_keys(['tutorial_taskflow_api']) retrieved from /home/airflow/.local/lib/python3.7/site-packages/airflow/example_dags/tutorial_taskflow_api.py
[2025-03-13T10:04:08.041+0000] {logging_mixin.py:149} INFO - [2025-03-13T10:04:08.041+0000] {dag.py:2726} INFO - Sync 1 DAGs
[2025-03-13T10:04:08.068+0000] {logging_mixin.py:149} INFO - [2025-03-13T10:04:08.067+0000] {dag.py:3490} INFO - Setting next_dagrun for tutorial_taskflow_api to None, run_after=None
[2025-03-13T10:04:08.087+0000] {processor.py:179} INFO - Processing /home/airflow/.local/lib/python3.7/site-packages/airflow/example_dags/tutorial_taskflow_api.py took 0.079 seconds
[2025-03-13T10:04:38.527+0000] {processor.py:157} INFO - Started process (PID=3589) to work on /home/airflow/.local/lib/python3.7/site-packages/airflow/example_dags/tutorial_taskflow_api.py
[2025-03-13T10:04:38.529+0000] {processor.py:826} INFO - Processing file /home/airflow/.local/lib/python3.7/site-packages/airflow/example_dags/tutorial_taskflow_api.py for tasks to queue
[2025-03-13T10:04:38.529+0000] {logging_mixin.py:149} INFO - [2025-03-13T10:04:38.529+0000] {dagbag.py:541} INFO - Filling up the DagBag from /home/airflow/.local/lib/python3.7/site-packages/airflow/example_dags/tutorial_taskflow_api.py
[2025-03-13T10:04:38.534+0000] {processor.py:836} INFO - DAG(s) dict_keys(['tutorial_taskflow_api']) retrieved from /home/airflow/.local/lib/python3.7/site-packages/airflow/example_dags/tutorial_taskflow_api.py
[2025-03-13T10:04:38.558+0000] {logging_mixin.py:149} INFO - [2025-03-13T10:04:38.557+0000] {dag.py:2726} INFO - Sync 1 DAGs
[2025-03-13T10:04:38.579+0000] {logging_mixin.py:149} INFO - [2025-03-13T10:04:38.579+0000] {dag.py:3490} INFO - Setting next_dagrun for tutorial_taskflow_api to None, run_after=None
[2025-03-13T10:04:38.596+0000] {processor.py:179} INFO - Processing /home/airflow/.local/lib/python3.7/site-packages/airflow/example_dags/tutorial_taskflow_api.py took 0.071 seconds
[2025-03-13T10:05:09.464+0000] {processor.py:157} INFO - Started process (PID=3680) to work on /home/airflow/.local/lib/python3.7/site-packages/airflow/example_dags/tutorial_taskflow_api.py
[2025-03-13T10:05:09.465+0000] {processor.py:826} INFO - Processing file /home/airflow/.local/lib/python3.7/site-packages/airflow/example_dags/tutorial_taskflow_api.py for tasks to queue
[2025-03-13T10:05:09.466+0000] {logging_mixin.py:149} INFO - [2025-03-13T10:05:09.466+0000] {dagbag.py:541} INFO - Filling up the DagBag from /home/airflow/.local/lib/python3.7/site-packages/airflow/example_dags/tutorial_taskflow_api.py
[2025-03-13T10:05:09.471+0000] {processor.py:836} INFO - DAG(s) dict_keys(['tutorial_taskflow_api']) retrieved from /home/airflow/.local/lib/python3.7/site-packages/airflow/example_dags/tutorial_taskflow_api.py
[2025-03-13T10:05:09.499+0000] {logging_mixin.py:149} INFO - [2025-03-13T10:05:09.499+0000] {dag.py:2726} INFO - Sync 1 DAGs
[2025-03-13T10:05:09.523+0000] {logging_mixin.py:149} INFO - [2025-03-13T10:05:09.523+0000] {dag.py:3490} INFO - Setting next_dagrun for tutorial_taskflow_api to None, run_after=None
[2025-03-13T10:05:09.541+0000] {processor.py:179} INFO - Processing /home/airflow/.local/lib/python3.7/site-packages/airflow/example_dags/tutorial_taskflow_api.py took 0.080 seconds
