[2025-04-08T09:11:56.548+0000] {processor.py:157} INFO - Started process (PID=80) to work on /home/airflow/.local/lib/python3.7/site-packages/airflow/example_dags/example_sensor_decorator.py
[2025-04-08T09:11:56.549+0000] {processor.py:826} INFO - Processing file /home/airflow/.local/lib/python3.7/site-packages/airflow/example_dags/example_sensor_decorator.py for tasks to queue
[2025-04-08T09:11:56.550+0000] {logging_mixin.py:149} INFO - [2025-04-08T09:11:56.549+0000] {dagbag.py:541} INFO - Filling up the DagBag from /home/airflow/.local/lib/python3.7/site-packages/airflow/example_dags/example_sensor_decorator.py
[2025-04-08T09:11:56.558+0000] {processor.py:836} INFO - DAG(s) dict_keys(['example_sensor_decorator']) retrieved from /home/airflow/.local/lib/python3.7/site-packages/airflow/example_dags/example_sensor_decorator.py
[2025-04-08T09:11:56.588+0000] {logging_mixin.py:149} INFO - [2025-04-08T09:11:56.587+0000] {dag.py:2726} INFO - Sync 1 DAGs
[2025-04-08T09:11:56.625+0000] {logging_mixin.py:149} INFO - [2025-04-08T09:11:56.625+0000] {dag.py:3490} INFO - Setting next_dagrun for example_sensor_decorator to None, run_after=None
[2025-04-08T09:11:56.652+0000] {processor.py:179} INFO - Processing /home/airflow/.local/lib/python3.7/site-packages/airflow/example_dags/example_sensor_decorator.py took 0.108 seconds
[2025-04-08T09:12:27.477+0000] {processor.py:157} INFO - Started process (PID=214) to work on /home/airflow/.local/lib/python3.7/site-packages/airflow/example_dags/example_sensor_decorator.py
[2025-04-08T09:12:27.478+0000] {processor.py:826} INFO - Processing file /home/airflow/.local/lib/python3.7/site-packages/airflow/example_dags/example_sensor_decorator.py for tasks to queue
[2025-04-08T09:12:27.479+0000] {logging_mixin.py:149} INFO - [2025-04-08T09:12:27.478+0000] {dagbag.py:541} INFO - Filling up the DagBag from /home/airflow/.local/lib/python3.7/site-packages/airflow/example_dags/example_sensor_decorator.py
[2025-04-08T09:12:27.485+0000] {processor.py:836} INFO - DAG(s) dict_keys(['example_sensor_decorator']) retrieved from /home/airflow/.local/lib/python3.7/site-packages/airflow/example_dags/example_sensor_decorator.py
[2025-04-08T09:12:27.511+0000] {logging_mixin.py:149} INFO - [2025-04-08T09:12:27.510+0000] {dag.py:2726} INFO - Sync 1 DAGs
[2025-04-08T09:12:27.540+0000] {logging_mixin.py:149} INFO - [2025-04-08T09:12:27.540+0000] {dag.py:3490} INFO - Setting next_dagrun for example_sensor_decorator to None, run_after=None
[2025-04-08T09:12:27.564+0000] {processor.py:179} INFO - Processing /home/airflow/.local/lib/python3.7/site-packages/airflow/example_dags/example_sensor_decorator.py took 0.091 seconds
[2025-04-08T09:12:59.064+0000] {processor.py:157} INFO - Started process (PID=305) to work on /home/airflow/.local/lib/python3.7/site-packages/airflow/example_dags/example_sensor_decorator.py
[2025-04-08T09:12:59.065+0000] {processor.py:826} INFO - Processing file /home/airflow/.local/lib/python3.7/site-packages/airflow/example_dags/example_sensor_decorator.py for tasks to queue
[2025-04-08T09:12:59.066+0000] {logging_mixin.py:149} INFO - [2025-04-08T09:12:59.066+0000] {dagbag.py:541} INFO - Filling up the DagBag from /home/airflow/.local/lib/python3.7/site-packages/airflow/example_dags/example_sensor_decorator.py
[2025-04-08T09:12:59.072+0000] {processor.py:836} INFO - DAG(s) dict_keys(['example_sensor_decorator']) retrieved from /home/airflow/.local/lib/python3.7/site-packages/airflow/example_dags/example_sensor_decorator.py
[2025-04-08T09:12:59.098+0000] {logging_mixin.py:149} INFO - [2025-04-08T09:12:59.098+0000] {dag.py:2726} INFO - Sync 1 DAGs
[2025-04-08T09:12:59.235+0000] {logging_mixin.py:149} INFO - [2025-04-08T09:12:59.235+0000] {dag.py:3490} INFO - Setting next_dagrun for example_sensor_decorator to None, run_after=None
[2025-04-08T09:12:59.255+0000] {processor.py:179} INFO - Processing /home/airflow/.local/lib/python3.7/site-packages/airflow/example_dags/example_sensor_decorator.py took 0.195 seconds
[2025-04-08T09:13:29.728+0000] {processor.py:157} INFO - Started process (PID=396) to work on /home/airflow/.local/lib/python3.7/site-packages/airflow/example_dags/example_sensor_decorator.py
[2025-04-08T09:13:29.730+0000] {processor.py:826} INFO - Processing file /home/airflow/.local/lib/python3.7/site-packages/airflow/example_dags/example_sensor_decorator.py for tasks to queue
[2025-04-08T09:13:29.730+0000] {logging_mixin.py:149} INFO - [2025-04-08T09:13:29.730+0000] {dagbag.py:541} INFO - Filling up the DagBag from /home/airflow/.local/lib/python3.7/site-packages/airflow/example_dags/example_sensor_decorator.py
[2025-04-08T09:13:29.736+0000] {processor.py:836} INFO - DAG(s) dict_keys(['example_sensor_decorator']) retrieved from /home/airflow/.local/lib/python3.7/site-packages/airflow/example_dags/example_sensor_decorator.py
[2025-04-08T09:13:29.764+0000] {logging_mixin.py:149} INFO - [2025-04-08T09:13:29.764+0000] {dag.py:2726} INFO - Sync 1 DAGs
[2025-04-08T09:13:29.795+0000] {logging_mixin.py:149} INFO - [2025-04-08T09:13:29.795+0000] {dag.py:3490} INFO - Setting next_dagrun for example_sensor_decorator to None, run_after=None
[2025-04-08T09:13:29.826+0000] {processor.py:179} INFO - Processing /home/airflow/.local/lib/python3.7/site-packages/airflow/example_dags/example_sensor_decorator.py took 0.102 seconds
[2025-04-08T09:14:00.287+0000] {processor.py:157} INFO - Started process (PID=487) to work on /home/airflow/.local/lib/python3.7/site-packages/airflow/example_dags/example_sensor_decorator.py
[2025-04-08T09:14:00.288+0000] {processor.py:826} INFO - Processing file /home/airflow/.local/lib/python3.7/site-packages/airflow/example_dags/example_sensor_decorator.py for tasks to queue
[2025-04-08T09:14:00.289+0000] {logging_mixin.py:149} INFO - [2025-04-08T09:14:00.288+0000] {dagbag.py:541} INFO - Filling up the DagBag from /home/airflow/.local/lib/python3.7/site-packages/airflow/example_dags/example_sensor_decorator.py
[2025-04-08T09:14:00.294+0000] {processor.py:836} INFO - DAG(s) dict_keys(['example_sensor_decorator']) retrieved from /home/airflow/.local/lib/python3.7/site-packages/airflow/example_dags/example_sensor_decorator.py
[2025-04-08T09:14:00.318+0000] {logging_mixin.py:149} INFO - [2025-04-08T09:14:00.317+0000] {dag.py:2726} INFO - Sync 1 DAGs
[2025-04-08T09:14:00.341+0000] {logging_mixin.py:149} INFO - [2025-04-08T09:14:00.341+0000] {dag.py:3490} INFO - Setting next_dagrun for example_sensor_decorator to None, run_after=None
[2025-04-08T09:14:00.364+0000] {processor.py:179} INFO - Processing /home/airflow/.local/lib/python3.7/site-packages/airflow/example_dags/example_sensor_decorator.py took 0.081 seconds
[2025-04-08T09:14:31.524+0000] {processor.py:157} INFO - Started process (PID=578) to work on /home/airflow/.local/lib/python3.7/site-packages/airflow/example_dags/example_sensor_decorator.py
[2025-04-08T09:14:31.525+0000] {processor.py:826} INFO - Processing file /home/airflow/.local/lib/python3.7/site-packages/airflow/example_dags/example_sensor_decorator.py for tasks to queue
[2025-04-08T09:14:31.525+0000] {logging_mixin.py:149} INFO - [2025-04-08T09:14:31.525+0000] {dagbag.py:541} INFO - Filling up the DagBag from /home/airflow/.local/lib/python3.7/site-packages/airflow/example_dags/example_sensor_decorator.py
[2025-04-08T09:14:31.532+0000] {processor.py:836} INFO - DAG(s) dict_keys(['example_sensor_decorator']) retrieved from /home/airflow/.local/lib/python3.7/site-packages/airflow/example_dags/example_sensor_decorator.py
[2025-04-08T09:14:31.558+0000] {logging_mixin.py:149} INFO - [2025-04-08T09:14:31.558+0000] {dag.py:2726} INFO - Sync 1 DAGs
[2025-04-08T09:14:31.593+0000] {logging_mixin.py:149} INFO - [2025-04-08T09:14:31.592+0000] {dag.py:3490} INFO - Setting next_dagrun for example_sensor_decorator to None, run_after=None
[2025-04-08T09:14:31.627+0000] {processor.py:179} INFO - Processing /home/airflow/.local/lib/python3.7/site-packages/airflow/example_dags/example_sensor_decorator.py took 0.107 seconds
[2025-04-08T09:15:02.896+0000] {processor.py:157} INFO - Started process (PID=669) to work on /home/airflow/.local/lib/python3.7/site-packages/airflow/example_dags/example_sensor_decorator.py
[2025-04-08T09:15:02.898+0000] {processor.py:826} INFO - Processing file /home/airflow/.local/lib/python3.7/site-packages/airflow/example_dags/example_sensor_decorator.py for tasks to queue
[2025-04-08T09:15:02.898+0000] {logging_mixin.py:149} INFO - [2025-04-08T09:15:02.898+0000] {dagbag.py:541} INFO - Filling up the DagBag from /home/airflow/.local/lib/python3.7/site-packages/airflow/example_dags/example_sensor_decorator.py
[2025-04-08T09:15:02.904+0000] {processor.py:836} INFO - DAG(s) dict_keys(['example_sensor_decorator']) retrieved from /home/airflow/.local/lib/python3.7/site-packages/airflow/example_dags/example_sensor_decorator.py
[2025-04-08T09:15:02.927+0000] {logging_mixin.py:149} INFO - [2025-04-08T09:15:02.927+0000] {dag.py:2726} INFO - Sync 1 DAGs
[2025-04-08T09:15:02.951+0000] {logging_mixin.py:149} INFO - [2025-04-08T09:15:02.951+0000] {dag.py:3490} INFO - Setting next_dagrun for example_sensor_decorator to None, run_after=None
[2025-04-08T09:15:02.973+0000] {processor.py:179} INFO - Processing /home/airflow/.local/lib/python3.7/site-packages/airflow/example_dags/example_sensor_decorator.py took 0.080 seconds
[2025-04-08T09:15:34.052+0000] {processor.py:157} INFO - Started process (PID=760) to work on /home/airflow/.local/lib/python3.7/site-packages/airflow/example_dags/example_sensor_decorator.py
[2025-04-08T09:15:34.054+0000] {processor.py:826} INFO - Processing file /home/airflow/.local/lib/python3.7/site-packages/airflow/example_dags/example_sensor_decorator.py for tasks to queue
[2025-04-08T09:15:34.054+0000] {logging_mixin.py:149} INFO - [2025-04-08T09:15:34.054+0000] {dagbag.py:541} INFO - Filling up the DagBag from /home/airflow/.local/lib/python3.7/site-packages/airflow/example_dags/example_sensor_decorator.py
[2025-04-08T09:15:34.061+0000] {processor.py:836} INFO - DAG(s) dict_keys(['example_sensor_decorator']) retrieved from /home/airflow/.local/lib/python3.7/site-packages/airflow/example_dags/example_sensor_decorator.py
[2025-04-08T09:15:34.086+0000] {logging_mixin.py:149} INFO - [2025-04-08T09:15:34.086+0000] {dag.py:2726} INFO - Sync 1 DAGs
[2025-04-08T09:15:34.113+0000] {logging_mixin.py:149} INFO - [2025-04-08T09:15:34.113+0000] {dag.py:3490} INFO - Setting next_dagrun for example_sensor_decorator to None, run_after=None
[2025-04-08T09:15:34.134+0000] {processor.py:179} INFO - Processing /home/airflow/.local/lib/python3.7/site-packages/airflow/example_dags/example_sensor_decorator.py took 0.085 seconds
[2025-04-08T09:16:05.328+0000] {processor.py:157} INFO - Started process (PID=851) to work on /home/airflow/.local/lib/python3.7/site-packages/airflow/example_dags/example_sensor_decorator.py
[2025-04-08T09:16:05.329+0000] {processor.py:826} INFO - Processing file /home/airflow/.local/lib/python3.7/site-packages/airflow/example_dags/example_sensor_decorator.py for tasks to queue
[2025-04-08T09:16:05.330+0000] {logging_mixin.py:149} INFO - [2025-04-08T09:16:05.330+0000] {dagbag.py:541} INFO - Filling up the DagBag from /home/airflow/.local/lib/python3.7/site-packages/airflow/example_dags/example_sensor_decorator.py
[2025-04-08T09:16:05.335+0000] {processor.py:836} INFO - DAG(s) dict_keys(['example_sensor_decorator']) retrieved from /home/airflow/.local/lib/python3.7/site-packages/airflow/example_dags/example_sensor_decorator.py
[2025-04-08T09:16:05.361+0000] {logging_mixin.py:149} INFO - [2025-04-08T09:16:05.361+0000] {dag.py:2726} INFO - Sync 1 DAGs
[2025-04-08T09:16:05.385+0000] {logging_mixin.py:149} INFO - [2025-04-08T09:16:05.385+0000] {dag.py:3490} INFO - Setting next_dagrun for example_sensor_decorator to None, run_after=None
[2025-04-08T09:16:05.407+0000] {processor.py:179} INFO - Processing /home/airflow/.local/lib/python3.7/site-packages/airflow/example_dags/example_sensor_decorator.py took 0.084 seconds
[2025-04-08T09:16:35.973+0000] {processor.py:157} INFO - Started process (PID=942) to work on /home/airflow/.local/lib/python3.7/site-packages/airflow/example_dags/example_sensor_decorator.py
[2025-04-08T09:16:35.975+0000] {processor.py:826} INFO - Processing file /home/airflow/.local/lib/python3.7/site-packages/airflow/example_dags/example_sensor_decorator.py for tasks to queue
[2025-04-08T09:16:35.976+0000] {logging_mixin.py:149} INFO - [2025-04-08T09:16:35.975+0000] {dagbag.py:541} INFO - Filling up the DagBag from /home/airflow/.local/lib/python3.7/site-packages/airflow/example_dags/example_sensor_decorator.py
[2025-04-08T09:16:35.982+0000] {processor.py:836} INFO - DAG(s) dict_keys(['example_sensor_decorator']) retrieved from /home/airflow/.local/lib/python3.7/site-packages/airflow/example_dags/example_sensor_decorator.py
[2025-04-08T09:16:36.006+0000] {logging_mixin.py:149} INFO - [2025-04-08T09:16:36.006+0000] {dag.py:2726} INFO - Sync 1 DAGs
[2025-04-08T09:16:36.032+0000] {logging_mixin.py:149} INFO - [2025-04-08T09:16:36.032+0000] {dag.py:3490} INFO - Setting next_dagrun for example_sensor_decorator to None, run_after=None
[2025-04-08T09:16:36.053+0000] {processor.py:179} INFO - Processing /home/airflow/.local/lib/python3.7/site-packages/airflow/example_dags/example_sensor_decorator.py took 0.083 seconds
[2025-04-08T09:17:06.493+0000] {processor.py:157} INFO - Started process (PID=1033) to work on /home/airflow/.local/lib/python3.7/site-packages/airflow/example_dags/example_sensor_decorator.py
[2025-04-08T09:17:06.494+0000] {processor.py:826} INFO - Processing file /home/airflow/.local/lib/python3.7/site-packages/airflow/example_dags/example_sensor_decorator.py for tasks to queue
[2025-04-08T09:17:06.495+0000] {logging_mixin.py:149} INFO - [2025-04-08T09:17:06.495+0000] {dagbag.py:541} INFO - Filling up the DagBag from /home/airflow/.local/lib/python3.7/site-packages/airflow/example_dags/example_sensor_decorator.py
[2025-04-08T09:17:06.502+0000] {processor.py:836} INFO - DAG(s) dict_keys(['example_sensor_decorator']) retrieved from /home/airflow/.local/lib/python3.7/site-packages/airflow/example_dags/example_sensor_decorator.py
[2025-04-08T09:17:06.531+0000] {logging_mixin.py:149} INFO - [2025-04-08T09:17:06.530+0000] {dag.py:2726} INFO - Sync 1 DAGs
[2025-04-08T09:17:06.557+0000] {logging_mixin.py:149} INFO - [2025-04-08T09:17:06.557+0000] {dag.py:3490} INFO - Setting next_dagrun for example_sensor_decorator to None, run_after=None
[2025-04-08T09:17:06.579+0000] {processor.py:179} INFO - Processing /home/airflow/.local/lib/python3.7/site-packages/airflow/example_dags/example_sensor_decorator.py took 0.090 seconds
[2025-04-08T09:17:36.982+0000] {processor.py:157} INFO - Started process (PID=1124) to work on /home/airflow/.local/lib/python3.7/site-packages/airflow/example_dags/example_sensor_decorator.py
[2025-04-08T09:17:36.983+0000] {processor.py:826} INFO - Processing file /home/airflow/.local/lib/python3.7/site-packages/airflow/example_dags/example_sensor_decorator.py for tasks to queue
[2025-04-08T09:17:36.984+0000] {logging_mixin.py:149} INFO - [2025-04-08T09:17:36.984+0000] {dagbag.py:541} INFO - Filling up the DagBag from /home/airflow/.local/lib/python3.7/site-packages/airflow/example_dags/example_sensor_decorator.py
[2025-04-08T09:17:36.991+0000] {processor.py:836} INFO - DAG(s) dict_keys(['example_sensor_decorator']) retrieved from /home/airflow/.local/lib/python3.7/site-packages/airflow/example_dags/example_sensor_decorator.py
[2025-04-08T09:17:37.018+0000] {logging_mixin.py:149} INFO - [2025-04-08T09:17:37.018+0000] {dag.py:2726} INFO - Sync 1 DAGs
[2025-04-08T09:17:37.043+0000] {logging_mixin.py:149} INFO - [2025-04-08T09:17:37.042+0000] {dag.py:3490} INFO - Setting next_dagrun for example_sensor_decorator to None, run_after=None
[2025-04-08T09:17:37.065+0000] {processor.py:179} INFO - Processing /home/airflow/.local/lib/python3.7/site-packages/airflow/example_dags/example_sensor_decorator.py took 0.087 seconds
[2025-04-08T09:18:07.585+0000] {processor.py:157} INFO - Started process (PID=1215) to work on /home/airflow/.local/lib/python3.7/site-packages/airflow/example_dags/example_sensor_decorator.py
[2025-04-08T09:18:07.586+0000] {processor.py:826} INFO - Processing file /home/airflow/.local/lib/python3.7/site-packages/airflow/example_dags/example_sensor_decorator.py for tasks to queue
[2025-04-08T09:18:07.587+0000] {logging_mixin.py:149} INFO - [2025-04-08T09:18:07.587+0000] {dagbag.py:541} INFO - Filling up the DagBag from /home/airflow/.local/lib/python3.7/site-packages/airflow/example_dags/example_sensor_decorator.py
[2025-04-08T09:18:07.593+0000] {processor.py:836} INFO - DAG(s) dict_keys(['example_sensor_decorator']) retrieved from /home/airflow/.local/lib/python3.7/site-packages/airflow/example_dags/example_sensor_decorator.py
[2025-04-08T09:18:07.618+0000] {logging_mixin.py:149} INFO - [2025-04-08T09:18:07.618+0000] {dag.py:2726} INFO - Sync 1 DAGs
[2025-04-08T09:18:07.642+0000] {logging_mixin.py:149} INFO - [2025-04-08T09:18:07.642+0000] {dag.py:3490} INFO - Setting next_dagrun for example_sensor_decorator to None, run_after=None
[2025-04-08T09:18:07.663+0000] {processor.py:179} INFO - Processing /home/airflow/.local/lib/python3.7/site-packages/airflow/example_dags/example_sensor_decorator.py took 0.081 seconds
[2025-04-08T09:18:38.139+0000] {processor.py:157} INFO - Started process (PID=1306) to work on /home/airflow/.local/lib/python3.7/site-packages/airflow/example_dags/example_sensor_decorator.py
[2025-04-08T09:18:38.140+0000] {processor.py:826} INFO - Processing file /home/airflow/.local/lib/python3.7/site-packages/airflow/example_dags/example_sensor_decorator.py for tasks to queue
[2025-04-08T09:18:38.141+0000] {logging_mixin.py:149} INFO - [2025-04-08T09:18:38.141+0000] {dagbag.py:541} INFO - Filling up the DagBag from /home/airflow/.local/lib/python3.7/site-packages/airflow/example_dags/example_sensor_decorator.py
[2025-04-08T09:18:38.147+0000] {processor.py:836} INFO - DAG(s) dict_keys(['example_sensor_decorator']) retrieved from /home/airflow/.local/lib/python3.7/site-packages/airflow/example_dags/example_sensor_decorator.py
[2025-04-08T09:18:38.176+0000] {logging_mixin.py:149} INFO - [2025-04-08T09:18:38.176+0000] {dag.py:2726} INFO - Sync 1 DAGs
[2025-04-08T09:18:38.208+0000] {logging_mixin.py:149} INFO - [2025-04-08T09:18:38.207+0000] {dag.py:3490} INFO - Setting next_dagrun for example_sensor_decorator to None, run_after=None
[2025-04-08T09:18:38.230+0000] {processor.py:179} INFO - Processing /home/airflow/.local/lib/python3.7/site-packages/airflow/example_dags/example_sensor_decorator.py took 0.095 seconds
