[2025-04-08T09:11:55.879+0000] {processor.py:157} INFO - Started process (PID=71) to work on /home/airflow/.local/lib/python3.7/site-packages/airflow/example_dags/example_datasets.py
[2025-04-08T09:11:55.880+0000] {processor.py:826} INFO - Processing file /home/airflow/.local/lib/python3.7/site-packages/airflow/example_dags/example_datasets.py for tasks to queue
[2025-04-08T09:11:55.881+0000] {logging_mixin.py:149} INFO - [2025-04-08T09:11:55.881+0000] {dagbag.py:541} INFO - Filling up the DagBag from /home/airflow/.local/lib/python3.7/site-packages/airflow/example_dags/example_datasets.py
[2025-04-08T09:11:55.895+0000] {processor.py:836} INFO - DAG(s) dict_keys(['dataset_consumes_1', 'dataset_produces_2', 'dataset_consumes_1_and_2', 'dataset_consumes_1_never_scheduled', 'dataset_consumes_unknown_never_scheduled', 'dataset_produces_1']) retrieved from /home/airflow/.local/lib/python3.7/site-packages/airflow/example_dags/example_datasets.py
[2025-04-08T09:11:56.015+0000] {logging_mixin.py:149} INFO - [2025-04-08T09:11:56.014+0000] {dag.py:2726} INFO - Sync 6 DAGs
[2025-04-08T09:11:56.048+0000] {logging_mixin.py:149} INFO - [2025-04-08T09:11:56.048+0000] {dag.py:3490} INFO - Setting next_dagrun for dataset_consumes_1 to None, run_after=None
[2025-04-08T09:11:56.052+0000] {logging_mixin.py:149} INFO - [2025-04-08T09:11:56.052+0000] {dag.py:3490} INFO - Setting next_dagrun for dataset_consumes_1_and_2 to None, run_after=None
[2025-04-08T09:11:56.053+0000] {logging_mixin.py:149} INFO - [2025-04-08T09:11:56.053+0000] {dag.py:3490} INFO - Setting next_dagrun for dataset_consumes_1_never_scheduled to None, run_after=None
[2025-04-08T09:11:56.055+0000] {logging_mixin.py:149} INFO - [2025-04-08T09:11:56.055+0000] {dag.py:3490} INFO - Setting next_dagrun for dataset_consumes_unknown_never_scheduled to None, run_after=None
[2025-04-08T09:11:56.058+0000] {logging_mixin.py:149} INFO - [2025-04-08T09:11:56.058+0000] {dag.py:3490} INFO - Setting next_dagrun for dataset_produces_1 to 2025-04-07T00:00:00+00:00, run_after=2025-04-08T00:00:00+00:00
[2025-04-08T09:11:56.061+0000] {logging_mixin.py:149} INFO - [2025-04-08T09:11:56.061+0000] {dag.py:3490} INFO - Setting next_dagrun for dataset_produces_2 to None, run_after=None
[2025-04-08T09:11:56.117+0000] {processor.py:179} INFO - Processing /home/airflow/.local/lib/python3.7/site-packages/airflow/example_dags/example_datasets.py took 0.241 seconds
[2025-04-08T09:12:26.905+0000] {processor.py:157} INFO - Started process (PID=198) to work on /home/airflow/.local/lib/python3.7/site-packages/airflow/example_dags/example_datasets.py
[2025-04-08T09:12:26.906+0000] {processor.py:826} INFO - Processing file /home/airflow/.local/lib/python3.7/site-packages/airflow/example_dags/example_datasets.py for tasks to queue
[2025-04-08T09:12:26.907+0000] {logging_mixin.py:149} INFO - [2025-04-08T09:12:26.907+0000] {dagbag.py:541} INFO - Filling up the DagBag from /home/airflow/.local/lib/python3.7/site-packages/airflow/example_dags/example_datasets.py
[2025-04-08T09:12:26.916+0000] {processor.py:836} INFO - DAG(s) dict_keys(['dataset_consumes_1', 'dataset_consumes_1_never_scheduled', 'dataset_produces_1', 'dataset_consumes_1_and_2', 'dataset_produces_2', 'dataset_consumes_unknown_never_scheduled']) retrieved from /home/airflow/.local/lib/python3.7/site-packages/airflow/example_dags/example_datasets.py
[2025-04-08T09:12:26.958+0000] {logging_mixin.py:149} INFO - [2025-04-08T09:12:26.957+0000] {dag.py:2726} INFO - Sync 6 DAGs
[2025-04-08T09:12:26.986+0000] {logging_mixin.py:149} INFO - [2025-04-08T09:12:26.986+0000] {dag.py:3490} INFO - Setting next_dagrun for dataset_consumes_1 to None, run_after=None
[2025-04-08T09:12:26.990+0000] {logging_mixin.py:149} INFO - [2025-04-08T09:12:26.990+0000] {dag.py:3490} INFO - Setting next_dagrun for dataset_consumes_1_and_2 to None, run_after=None
[2025-04-08T09:12:26.992+0000] {logging_mixin.py:149} INFO - [2025-04-08T09:12:26.992+0000] {dag.py:3490} INFO - Setting next_dagrun for dataset_consumes_1_never_scheduled to None, run_after=None
[2025-04-08T09:12:26.993+0000] {logging_mixin.py:149} INFO - [2025-04-08T09:12:26.993+0000] {dag.py:3490} INFO - Setting next_dagrun for dataset_consumes_unknown_never_scheduled to None, run_after=None
[2025-04-08T09:12:26.996+0000] {logging_mixin.py:149} INFO - [2025-04-08T09:12:26.996+0000] {dag.py:3490} INFO - Setting next_dagrun for dataset_produces_1 to 2025-04-07T00:00:00+00:00, run_after=2025-04-08T00:00:00+00:00
[2025-04-08T09:12:26.997+0000] {logging_mixin.py:149} INFO - [2025-04-08T09:12:26.997+0000] {dag.py:3490} INFO - Setting next_dagrun for dataset_produces_2 to None, run_after=None
[2025-04-08T09:12:27.037+0000] {processor.py:179} INFO - Processing /home/airflow/.local/lib/python3.7/site-packages/airflow/example_dags/example_datasets.py took 0.135 seconds
[2025-04-08T09:12:57.991+0000] {processor.py:157} INFO - Started process (PID=296) to work on /home/airflow/.local/lib/python3.7/site-packages/airflow/example_dags/example_datasets.py
[2025-04-08T09:12:57.992+0000] {processor.py:826} INFO - Processing file /home/airflow/.local/lib/python3.7/site-packages/airflow/example_dags/example_datasets.py for tasks to queue
[2025-04-08T09:12:57.993+0000] {logging_mixin.py:149} INFO - [2025-04-08T09:12:57.993+0000] {dagbag.py:541} INFO - Filling up the DagBag from /home/airflow/.local/lib/python3.7/site-packages/airflow/example_dags/example_datasets.py
[2025-04-08T09:12:58.001+0000] {processor.py:836} INFO - DAG(s) dict_keys(['dataset_produces_1', 'dataset_produces_2', 'dataset_consumes_1_and_2', 'dataset_consumes_unknown_never_scheduled', 'dataset_consumes_1', 'dataset_consumes_1_never_scheduled']) retrieved from /home/airflow/.local/lib/python3.7/site-packages/airflow/example_dags/example_datasets.py
[2025-04-08T09:12:58.045+0000] {logging_mixin.py:149} INFO - [2025-04-08T09:12:58.045+0000] {dag.py:2726} INFO - Sync 6 DAGs
[2025-04-08T09:12:58.196+0000] {logging_mixin.py:149} INFO - [2025-04-08T09:12:58.196+0000] {dag.py:3490} INFO - Setting next_dagrun for dataset_consumes_1 to None, run_after=None
[2025-04-08T09:12:58.200+0000] {logging_mixin.py:149} INFO - [2025-04-08T09:12:58.200+0000] {dag.py:3490} INFO - Setting next_dagrun for dataset_consumes_1_and_2 to None, run_after=None
[2025-04-08T09:12:58.202+0000] {logging_mixin.py:149} INFO - [2025-04-08T09:12:58.202+0000] {dag.py:3490} INFO - Setting next_dagrun for dataset_consumes_1_never_scheduled to None, run_after=None
[2025-04-08T09:12:58.204+0000] {logging_mixin.py:149} INFO - [2025-04-08T09:12:58.203+0000] {dag.py:3490} INFO - Setting next_dagrun for dataset_consumes_unknown_never_scheduled to None, run_after=None
[2025-04-08T09:12:58.206+0000] {logging_mixin.py:149} INFO - [2025-04-08T09:12:58.206+0000] {dag.py:3490} INFO - Setting next_dagrun for dataset_produces_1 to 2025-04-07T00:00:00+00:00, run_after=2025-04-08T00:00:00+00:00
[2025-04-08T09:12:58.207+0000] {logging_mixin.py:149} INFO - [2025-04-08T09:12:58.207+0000] {dag.py:3490} INFO - Setting next_dagrun for dataset_produces_2 to None, run_after=None
[2025-04-08T09:12:58.245+0000] {processor.py:179} INFO - Processing /home/airflow/.local/lib/python3.7/site-packages/airflow/example_dags/example_datasets.py took 0.257 seconds
[2025-04-08T09:13:29.171+0000] {processor.py:157} INFO - Started process (PID=387) to work on /home/airflow/.local/lib/python3.7/site-packages/airflow/example_dags/example_datasets.py
[2025-04-08T09:13:29.173+0000] {processor.py:826} INFO - Processing file /home/airflow/.local/lib/python3.7/site-packages/airflow/example_dags/example_datasets.py for tasks to queue
[2025-04-08T09:13:29.174+0000] {logging_mixin.py:149} INFO - [2025-04-08T09:13:29.173+0000] {dagbag.py:541} INFO - Filling up the DagBag from /home/airflow/.local/lib/python3.7/site-packages/airflow/example_dags/example_datasets.py
[2025-04-08T09:13:29.183+0000] {processor.py:836} INFO - DAG(s) dict_keys(['dataset_consumes_1_never_scheduled', 'dataset_consumes_unknown_never_scheduled', 'dataset_produces_1', 'dataset_consumes_1_and_2', 'dataset_produces_2', 'dataset_consumes_1']) retrieved from /home/airflow/.local/lib/python3.7/site-packages/airflow/example_dags/example_datasets.py
[2025-04-08T09:13:29.229+0000] {logging_mixin.py:149} INFO - [2025-04-08T09:13:29.229+0000] {dag.py:2726} INFO - Sync 6 DAGs
[2025-04-08T09:13:29.258+0000] {logging_mixin.py:149} INFO - [2025-04-08T09:13:29.258+0000] {dag.py:3490} INFO - Setting next_dagrun for dataset_consumes_1 to None, run_after=None
[2025-04-08T09:13:29.264+0000] {logging_mixin.py:149} INFO - [2025-04-08T09:13:29.264+0000] {dag.py:3490} INFO - Setting next_dagrun for dataset_consumes_1_and_2 to None, run_after=None
[2025-04-08T09:13:29.266+0000] {logging_mixin.py:149} INFO - [2025-04-08T09:13:29.266+0000] {dag.py:3490} INFO - Setting next_dagrun for dataset_consumes_1_never_scheduled to None, run_after=None
[2025-04-08T09:13:29.268+0000] {logging_mixin.py:149} INFO - [2025-04-08T09:13:29.268+0000] {dag.py:3490} INFO - Setting next_dagrun for dataset_consumes_unknown_never_scheduled to None, run_after=None
[2025-04-08T09:13:29.271+0000] {logging_mixin.py:149} INFO - [2025-04-08T09:13:29.271+0000] {dag.py:3490} INFO - Setting next_dagrun for dataset_produces_1 to 2025-04-07T00:00:00+00:00, run_after=2025-04-08T00:00:00+00:00
[2025-04-08T09:13:29.273+0000] {logging_mixin.py:149} INFO - [2025-04-08T09:13:29.273+0000] {dag.py:3490} INFO - Setting next_dagrun for dataset_produces_2 to None, run_after=None
[2025-04-08T09:13:29.313+0000] {processor.py:179} INFO - Processing /home/airflow/.local/lib/python3.7/site-packages/airflow/example_dags/example_datasets.py took 0.145 seconds
[2025-04-08T09:13:59.885+0000] {processor.py:157} INFO - Started process (PID=479) to work on /home/airflow/.local/lib/python3.7/site-packages/airflow/example_dags/example_datasets.py
[2025-04-08T09:13:59.886+0000] {processor.py:826} INFO - Processing file /home/airflow/.local/lib/python3.7/site-packages/airflow/example_dags/example_datasets.py for tasks to queue
[2025-04-08T09:13:59.887+0000] {logging_mixin.py:149} INFO - [2025-04-08T09:13:59.887+0000] {dagbag.py:541} INFO - Filling up the DagBag from /home/airflow/.local/lib/python3.7/site-packages/airflow/example_dags/example_datasets.py
[2025-04-08T09:13:59.896+0000] {processor.py:836} INFO - DAG(s) dict_keys(['dataset_consumes_1_and_2', 'dataset_consumes_unknown_never_scheduled', 'dataset_consumes_1_never_scheduled', 'dataset_produces_1', 'dataset_produces_2', 'dataset_consumes_1']) retrieved from /home/airflow/.local/lib/python3.7/site-packages/airflow/example_dags/example_datasets.py
[2025-04-08T09:13:59.937+0000] {logging_mixin.py:149} INFO - [2025-04-08T09:13:59.937+0000] {dag.py:2726} INFO - Sync 6 DAGs
[2025-04-08T09:13:59.964+0000] {logging_mixin.py:149} INFO - [2025-04-08T09:13:59.964+0000] {dag.py:3490} INFO - Setting next_dagrun for dataset_consumes_1 to None, run_after=None
[2025-04-08T09:13:59.968+0000] {logging_mixin.py:149} INFO - [2025-04-08T09:13:59.967+0000] {dag.py:3490} INFO - Setting next_dagrun for dataset_consumes_1_and_2 to None, run_after=None
[2025-04-08T09:13:59.969+0000] {logging_mixin.py:149} INFO - [2025-04-08T09:13:59.969+0000] {dag.py:3490} INFO - Setting next_dagrun for dataset_consumes_1_never_scheduled to None, run_after=None
[2025-04-08T09:13:59.971+0000] {logging_mixin.py:149} INFO - [2025-04-08T09:13:59.971+0000] {dag.py:3490} INFO - Setting next_dagrun for dataset_consumes_unknown_never_scheduled to None, run_after=None
[2025-04-08T09:13:59.973+0000] {logging_mixin.py:149} INFO - [2025-04-08T09:13:59.973+0000] {dag.py:3490} INFO - Setting next_dagrun for dataset_produces_1 to 2025-04-07T00:00:00+00:00, run_after=2025-04-08T00:00:00+00:00
[2025-04-08T09:13:59.975+0000] {logging_mixin.py:149} INFO - [2025-04-08T09:13:59.974+0000] {dag.py:3490} INFO - Setting next_dagrun for dataset_produces_2 to None, run_after=None
[2025-04-08T09:14:00.010+0000] {processor.py:179} INFO - Processing /home/airflow/.local/lib/python3.7/site-packages/airflow/example_dags/example_datasets.py took 0.128 seconds
[2025-04-08T09:14:31.017+0000] {processor.py:157} INFO - Started process (PID=569) to work on /home/airflow/.local/lib/python3.7/site-packages/airflow/example_dags/example_datasets.py
[2025-04-08T09:14:31.018+0000] {processor.py:826} INFO - Processing file /home/airflow/.local/lib/python3.7/site-packages/airflow/example_dags/example_datasets.py for tasks to queue
[2025-04-08T09:14:31.019+0000] {logging_mixin.py:149} INFO - [2025-04-08T09:14:31.018+0000] {dagbag.py:541} INFO - Filling up the DagBag from /home/airflow/.local/lib/python3.7/site-packages/airflow/example_dags/example_datasets.py
[2025-04-08T09:14:31.028+0000] {processor.py:836} INFO - DAG(s) dict_keys(['dataset_produces_2', 'dataset_consumes_1_and_2', 'dataset_produces_1', 'dataset_consumes_1', 'dataset_consumes_1_never_scheduled', 'dataset_consumes_unknown_never_scheduled']) retrieved from /home/airflow/.local/lib/python3.7/site-packages/airflow/example_dags/example_datasets.py
[2025-04-08T09:14:31.077+0000] {logging_mixin.py:149} INFO - [2025-04-08T09:14:31.077+0000] {dag.py:2726} INFO - Sync 6 DAGs
[2025-04-08T09:14:31.105+0000] {logging_mixin.py:149} INFO - [2025-04-08T09:14:31.104+0000] {dag.py:3490} INFO - Setting next_dagrun for dataset_consumes_1 to None, run_after=None
[2025-04-08T09:14:31.108+0000] {logging_mixin.py:149} INFO - [2025-04-08T09:14:31.108+0000] {dag.py:3490} INFO - Setting next_dagrun for dataset_consumes_1_and_2 to None, run_after=None
[2025-04-08T09:14:31.110+0000] {logging_mixin.py:149} INFO - [2025-04-08T09:14:31.110+0000] {dag.py:3490} INFO - Setting next_dagrun for dataset_consumes_1_never_scheduled to None, run_after=None
[2025-04-08T09:14:31.111+0000] {logging_mixin.py:149} INFO - [2025-04-08T09:14:31.111+0000] {dag.py:3490} INFO - Setting next_dagrun for dataset_consumes_unknown_never_scheduled to None, run_after=None
[2025-04-08T09:14:31.113+0000] {logging_mixin.py:149} INFO - [2025-04-08T09:14:31.113+0000] {dag.py:3490} INFO - Setting next_dagrun for dataset_produces_1 to 2025-04-07T00:00:00+00:00, run_after=2025-04-08T00:00:00+00:00
[2025-04-08T09:14:31.115+0000] {logging_mixin.py:149} INFO - [2025-04-08T09:14:31.115+0000] {dag.py:3490} INFO - Setting next_dagrun for dataset_produces_2 to None, run_after=None
[2025-04-08T09:14:31.152+0000] {processor.py:179} INFO - Processing /home/airflow/.local/lib/python3.7/site-packages/airflow/example_dags/example_datasets.py took 0.139 seconds
[2025-04-08T09:15:02.374+0000] {processor.py:157} INFO - Started process (PID=660) to work on /home/airflow/.local/lib/python3.7/site-packages/airflow/example_dags/example_datasets.py
[2025-04-08T09:15:02.376+0000] {processor.py:826} INFO - Processing file /home/airflow/.local/lib/python3.7/site-packages/airflow/example_dags/example_datasets.py for tasks to queue
[2025-04-08T09:15:02.376+0000] {logging_mixin.py:149} INFO - [2025-04-08T09:15:02.376+0000] {dagbag.py:541} INFO - Filling up the DagBag from /home/airflow/.local/lib/python3.7/site-packages/airflow/example_dags/example_datasets.py
[2025-04-08T09:15:02.386+0000] {processor.py:836} INFO - DAG(s) dict_keys(['dataset_consumes_unknown_never_scheduled', 'dataset_produces_2', 'dataset_produces_1', 'dataset_consumes_1_and_2', 'dataset_consumes_1', 'dataset_consumes_1_never_scheduled']) retrieved from /home/airflow/.local/lib/python3.7/site-packages/airflow/example_dags/example_datasets.py
[2025-04-08T09:15:02.430+0000] {logging_mixin.py:149} INFO - [2025-04-08T09:15:02.430+0000] {dag.py:2726} INFO - Sync 6 DAGs
[2025-04-08T09:15:02.464+0000] {logging_mixin.py:149} INFO - [2025-04-08T09:15:02.463+0000] {dag.py:3490} INFO - Setting next_dagrun for dataset_consumes_1 to None, run_after=None
[2025-04-08T09:15:02.467+0000] {logging_mixin.py:149} INFO - [2025-04-08T09:15:02.467+0000] {dag.py:3490} INFO - Setting next_dagrun for dataset_consumes_1_and_2 to None, run_after=None
[2025-04-08T09:15:02.469+0000] {logging_mixin.py:149} INFO - [2025-04-08T09:15:02.468+0000] {dag.py:3490} INFO - Setting next_dagrun for dataset_consumes_1_never_scheduled to None, run_after=None
[2025-04-08T09:15:02.470+0000] {logging_mixin.py:149} INFO - [2025-04-08T09:15:02.470+0000] {dag.py:3490} INFO - Setting next_dagrun for dataset_consumes_unknown_never_scheduled to None, run_after=None
[2025-04-08T09:15:02.473+0000] {logging_mixin.py:149} INFO - [2025-04-08T09:15:02.472+0000] {dag.py:3490} INFO - Setting next_dagrun for dataset_produces_1 to 2025-04-07T00:00:00+00:00, run_after=2025-04-08T00:00:00+00:00
[2025-04-08T09:15:02.474+0000] {logging_mixin.py:149} INFO - [2025-04-08T09:15:02.474+0000] {dag.py:3490} INFO - Setting next_dagrun for dataset_produces_2 to None, run_after=None
[2025-04-08T09:15:02.508+0000] {processor.py:179} INFO - Processing /home/airflow/.local/lib/python3.7/site-packages/airflow/example_dags/example_datasets.py took 0.136 seconds
[2025-04-08T09:15:33.530+0000] {processor.py:157} INFO - Started process (PID=751) to work on /home/airflow/.local/lib/python3.7/site-packages/airflow/example_dags/example_datasets.py
[2025-04-08T09:15:33.532+0000] {processor.py:826} INFO - Processing file /home/airflow/.local/lib/python3.7/site-packages/airflow/example_dags/example_datasets.py for tasks to queue
[2025-04-08T09:15:33.532+0000] {logging_mixin.py:149} INFO - [2025-04-08T09:15:33.532+0000] {dagbag.py:541} INFO - Filling up the DagBag from /home/airflow/.local/lib/python3.7/site-packages/airflow/example_dags/example_datasets.py
[2025-04-08T09:15:33.543+0000] {processor.py:836} INFO - DAG(s) dict_keys(['dataset_consumes_1', 'dataset_consumes_1_never_scheduled', 'dataset_consumes_unknown_never_scheduled', 'dataset_produces_2', 'dataset_consumes_1_and_2', 'dataset_produces_1']) retrieved from /home/airflow/.local/lib/python3.7/site-packages/airflow/example_dags/example_datasets.py
[2025-04-08T09:15:33.584+0000] {logging_mixin.py:149} INFO - [2025-04-08T09:15:33.584+0000] {dag.py:2726} INFO - Sync 6 DAGs
[2025-04-08T09:15:33.609+0000] {logging_mixin.py:149} INFO - [2025-04-08T09:15:33.609+0000] {dag.py:3490} INFO - Setting next_dagrun for dataset_consumes_1 to None, run_after=None
[2025-04-08T09:15:33.612+0000] {logging_mixin.py:149} INFO - [2025-04-08T09:15:33.612+0000] {dag.py:3490} INFO - Setting next_dagrun for dataset_consumes_1_and_2 to None, run_after=None
[2025-04-08T09:15:33.614+0000] {logging_mixin.py:149} INFO - [2025-04-08T09:15:33.614+0000] {dag.py:3490} INFO - Setting next_dagrun for dataset_consumes_1_never_scheduled to None, run_after=None
[2025-04-08T09:15:33.615+0000] {logging_mixin.py:149} INFO - [2025-04-08T09:15:33.615+0000] {dag.py:3490} INFO - Setting next_dagrun for dataset_consumes_unknown_never_scheduled to None, run_after=None
[2025-04-08T09:15:33.617+0000] {logging_mixin.py:149} INFO - [2025-04-08T09:15:33.617+0000] {dag.py:3490} INFO - Setting next_dagrun for dataset_produces_1 to 2025-04-07T00:00:00+00:00, run_after=2025-04-08T00:00:00+00:00
[2025-04-08T09:15:33.619+0000] {logging_mixin.py:149} INFO - [2025-04-08T09:15:33.619+0000] {dag.py:3490} INFO - Setting next_dagrun for dataset_produces_2 to None, run_after=None
[2025-04-08T09:15:33.654+0000] {processor.py:179} INFO - Processing /home/airflow/.local/lib/python3.7/site-packages/airflow/example_dags/example_datasets.py took 0.126 seconds
[2025-04-08T09:16:04.812+0000] {processor.py:157} INFO - Started process (PID=842) to work on /home/airflow/.local/lib/python3.7/site-packages/airflow/example_dags/example_datasets.py
[2025-04-08T09:16:04.814+0000] {processor.py:826} INFO - Processing file /home/airflow/.local/lib/python3.7/site-packages/airflow/example_dags/example_datasets.py for tasks to queue
[2025-04-08T09:16:04.814+0000] {logging_mixin.py:149} INFO - [2025-04-08T09:16:04.814+0000] {dagbag.py:541} INFO - Filling up the DagBag from /home/airflow/.local/lib/python3.7/site-packages/airflow/example_dags/example_datasets.py
[2025-04-08T09:16:04.824+0000] {processor.py:836} INFO - DAG(s) dict_keys(['dataset_consumes_1', 'dataset_produces_1', 'dataset_consumes_unknown_never_scheduled', 'dataset_produces_2', 'dataset_consumes_1_and_2', 'dataset_consumes_1_never_scheduled']) retrieved from /home/airflow/.local/lib/python3.7/site-packages/airflow/example_dags/example_datasets.py
[2025-04-08T09:16:04.869+0000] {logging_mixin.py:149} INFO - [2025-04-08T09:16:04.869+0000] {dag.py:2726} INFO - Sync 6 DAGs
[2025-04-08T09:16:04.895+0000] {logging_mixin.py:149} INFO - [2025-04-08T09:16:04.894+0000] {dag.py:3490} INFO - Setting next_dagrun for dataset_consumes_1 to None, run_after=None
[2025-04-08T09:16:04.898+0000] {logging_mixin.py:149} INFO - [2025-04-08T09:16:04.898+0000] {dag.py:3490} INFO - Setting next_dagrun for dataset_consumes_1_and_2 to None, run_after=None
[2025-04-08T09:16:04.900+0000] {logging_mixin.py:149} INFO - [2025-04-08T09:16:04.900+0000] {dag.py:3490} INFO - Setting next_dagrun for dataset_consumes_1_never_scheduled to None, run_after=None
[2025-04-08T09:16:04.901+0000] {logging_mixin.py:149} INFO - [2025-04-08T09:16:04.901+0000] {dag.py:3490} INFO - Setting next_dagrun for dataset_consumes_unknown_never_scheduled to None, run_after=None
[2025-04-08T09:16:04.904+0000] {logging_mixin.py:149} INFO - [2025-04-08T09:16:04.904+0000] {dag.py:3490} INFO - Setting next_dagrun for dataset_produces_1 to 2025-04-07T00:00:00+00:00, run_after=2025-04-08T00:00:00+00:00
[2025-04-08T09:16:04.906+0000] {logging_mixin.py:149} INFO - [2025-04-08T09:16:04.906+0000] {dag.py:3490} INFO - Setting next_dagrun for dataset_produces_2 to None, run_after=None
[2025-04-08T09:16:04.941+0000] {processor.py:179} INFO - Processing /home/airflow/.local/lib/python3.7/site-packages/airflow/example_dags/example_datasets.py took 0.132 seconds
[2025-04-08T09:16:35.273+0000] {processor.py:157} INFO - Started process (PID=921) to work on /home/airflow/.local/lib/python3.7/site-packages/airflow/example_dags/example_datasets.py
[2025-04-08T09:16:35.274+0000] {processor.py:826} INFO - Processing file /home/airflow/.local/lib/python3.7/site-packages/airflow/example_dags/example_datasets.py for tasks to queue
[2025-04-08T09:16:35.275+0000] {logging_mixin.py:149} INFO - [2025-04-08T09:16:35.275+0000] {dagbag.py:541} INFO - Filling up the DagBag from /home/airflow/.local/lib/python3.7/site-packages/airflow/example_dags/example_datasets.py
[2025-04-08T09:16:35.292+0000] {processor.py:836} INFO - DAG(s) dict_keys(['dataset_consumes_unknown_never_scheduled', 'dataset_consumes_1_and_2', 'dataset_consumes_1', 'dataset_consumes_1_never_scheduled', 'dataset_produces_2', 'dataset_produces_1']) retrieved from /home/airflow/.local/lib/python3.7/site-packages/airflow/example_dags/example_datasets.py
[2025-04-08T09:16:35.361+0000] {logging_mixin.py:149} INFO - [2025-04-08T09:16:35.361+0000] {dag.py:2726} INFO - Sync 6 DAGs
[2025-04-08T09:16:35.397+0000] {logging_mixin.py:149} INFO - [2025-04-08T09:16:35.397+0000] {dag.py:3490} INFO - Setting next_dagrun for dataset_consumes_1 to None, run_after=None
[2025-04-08T09:16:35.401+0000] {logging_mixin.py:149} INFO - [2025-04-08T09:16:35.401+0000] {dag.py:3490} INFO - Setting next_dagrun for dataset_consumes_1_and_2 to None, run_after=None
[2025-04-08T09:16:35.403+0000] {logging_mixin.py:149} INFO - [2025-04-08T09:16:35.403+0000] {dag.py:3490} INFO - Setting next_dagrun for dataset_consumes_1_never_scheduled to None, run_after=None
[2025-04-08T09:16:35.404+0000] {logging_mixin.py:149} INFO - [2025-04-08T09:16:35.404+0000] {dag.py:3490} INFO - Setting next_dagrun for dataset_consumes_unknown_never_scheduled to None, run_after=None
[2025-04-08T09:16:35.407+0000] {logging_mixin.py:149} INFO - [2025-04-08T09:16:35.407+0000] {dag.py:3490} INFO - Setting next_dagrun for dataset_produces_1 to 2025-04-07T00:00:00+00:00, run_after=2025-04-08T00:00:00+00:00
[2025-04-08T09:16:35.409+0000] {logging_mixin.py:149} INFO - [2025-04-08T09:16:35.409+0000] {dag.py:3490} INFO - Setting next_dagrun for dataset_produces_2 to None, run_after=None
[2025-04-08T09:16:35.444+0000] {processor.py:179} INFO - Processing /home/airflow/.local/lib/python3.7/site-packages/airflow/example_dags/example_datasets.py took 0.175 seconds
[2025-04-08T09:17:05.565+0000] {processor.py:157} INFO - Started process (PID=1010) to work on /home/airflow/.local/lib/python3.7/site-packages/airflow/example_dags/example_datasets.py
[2025-04-08T09:17:05.568+0000] {processor.py:826} INFO - Processing file /home/airflow/.local/lib/python3.7/site-packages/airflow/example_dags/example_datasets.py for tasks to queue
[2025-04-08T09:17:05.569+0000] {logging_mixin.py:149} INFO - [2025-04-08T09:17:05.569+0000] {dagbag.py:541} INFO - Filling up the DagBag from /home/airflow/.local/lib/python3.7/site-packages/airflow/example_dags/example_datasets.py
[2025-04-08T09:17:05.581+0000] {processor.py:836} INFO - DAG(s) dict_keys(['dataset_consumes_1', 'dataset_consumes_1_and_2', 'dataset_consumes_1_never_scheduled', 'dataset_produces_1', 'dataset_consumes_unknown_never_scheduled', 'dataset_produces_2']) retrieved from /home/airflow/.local/lib/python3.7/site-packages/airflow/example_dags/example_datasets.py
[2025-04-08T09:17:05.627+0000] {logging_mixin.py:149} INFO - [2025-04-08T09:17:05.626+0000] {dag.py:2726} INFO - Sync 6 DAGs
[2025-04-08T09:17:05.653+0000] {logging_mixin.py:149} INFO - [2025-04-08T09:17:05.653+0000] {dag.py:3490} INFO - Setting next_dagrun for dataset_consumes_1 to None, run_after=None
[2025-04-08T09:17:05.657+0000] {logging_mixin.py:149} INFO - [2025-04-08T09:17:05.657+0000] {dag.py:3490} INFO - Setting next_dagrun for dataset_consumes_1_and_2 to None, run_after=None
[2025-04-08T09:17:05.658+0000] {logging_mixin.py:149} INFO - [2025-04-08T09:17:05.658+0000] {dag.py:3490} INFO - Setting next_dagrun for dataset_consumes_1_never_scheduled to None, run_after=None
[2025-04-08T09:17:05.659+0000] {logging_mixin.py:149} INFO - [2025-04-08T09:17:05.659+0000] {dag.py:3490} INFO - Setting next_dagrun for dataset_consumes_unknown_never_scheduled to None, run_after=None
[2025-04-08T09:17:05.662+0000] {logging_mixin.py:149} INFO - [2025-04-08T09:17:05.662+0000] {dag.py:3490} INFO - Setting next_dagrun for dataset_produces_1 to 2025-04-07T00:00:00+00:00, run_after=2025-04-08T00:00:00+00:00
[2025-04-08T09:17:05.664+0000] {logging_mixin.py:149} INFO - [2025-04-08T09:17:05.664+0000] {dag.py:3490} INFO - Setting next_dagrun for dataset_produces_2 to None, run_after=None
[2025-04-08T09:17:05.703+0000] {processor.py:179} INFO - Processing /home/airflow/.local/lib/python3.7/site-packages/airflow/example_dags/example_datasets.py took 0.143 seconds
[2025-04-08T09:17:35.737+0000] {processor.py:157} INFO - Started process (PID=1089) to work on /home/airflow/.local/lib/python3.7/site-packages/airflow/example_dags/example_datasets.py
[2025-04-08T09:17:35.739+0000] {processor.py:826} INFO - Processing file /home/airflow/.local/lib/python3.7/site-packages/airflow/example_dags/example_datasets.py for tasks to queue
[2025-04-08T09:17:35.739+0000] {logging_mixin.py:149} INFO - [2025-04-08T09:17:35.739+0000] {dagbag.py:541} INFO - Filling up the DagBag from /home/airflow/.local/lib/python3.7/site-packages/airflow/example_dags/example_datasets.py
[2025-04-08T09:17:35.748+0000] {processor.py:836} INFO - DAG(s) dict_keys(['dataset_consumes_1', 'dataset_consumes_unknown_never_scheduled', 'dataset_consumes_1_and_2', 'dataset_produces_2', 'dataset_produces_1', 'dataset_consumes_1_never_scheduled']) retrieved from /home/airflow/.local/lib/python3.7/site-packages/airflow/example_dags/example_datasets.py
[2025-04-08T09:17:35.791+0000] {logging_mixin.py:149} INFO - [2025-04-08T09:17:35.791+0000] {dag.py:2726} INFO - Sync 6 DAGs
[2025-04-08T09:17:35.819+0000] {logging_mixin.py:149} INFO - [2025-04-08T09:17:35.818+0000] {dag.py:3490} INFO - Setting next_dagrun for dataset_consumes_1 to None, run_after=None
[2025-04-08T09:17:35.823+0000] {logging_mixin.py:149} INFO - [2025-04-08T09:17:35.823+0000] {dag.py:3490} INFO - Setting next_dagrun for dataset_consumes_1_and_2 to None, run_after=None
[2025-04-08T09:17:35.825+0000] {logging_mixin.py:149} INFO - [2025-04-08T09:17:35.824+0000] {dag.py:3490} INFO - Setting next_dagrun for dataset_consumes_1_never_scheduled to None, run_after=None
[2025-04-08T09:17:35.826+0000] {logging_mixin.py:149} INFO - [2025-04-08T09:17:35.826+0000] {dag.py:3490} INFO - Setting next_dagrun for dataset_consumes_unknown_never_scheduled to None, run_after=None
[2025-04-08T09:17:35.828+0000] {logging_mixin.py:149} INFO - [2025-04-08T09:17:35.828+0000] {dag.py:3490} INFO - Setting next_dagrun for dataset_produces_1 to 2025-04-07T00:00:00+00:00, run_after=2025-04-08T00:00:00+00:00
[2025-04-08T09:17:35.830+0000] {logging_mixin.py:149} INFO - [2025-04-08T09:17:35.829+0000] {dag.py:3490} INFO - Setting next_dagrun for dataset_produces_2 to None, run_after=None
[2025-04-08T09:17:35.864+0000] {processor.py:179} INFO - Processing /home/airflow/.local/lib/python3.7/site-packages/airflow/example_dags/example_datasets.py took 0.130 seconds
[2025-04-08T09:18:06.355+0000] {processor.py:157} INFO - Started process (PID=1180) to work on /home/airflow/.local/lib/python3.7/site-packages/airflow/example_dags/example_datasets.py
[2025-04-08T09:18:06.356+0000] {processor.py:826} INFO - Processing file /home/airflow/.local/lib/python3.7/site-packages/airflow/example_dags/example_datasets.py for tasks to queue
[2025-04-08T09:18:06.356+0000] {logging_mixin.py:149} INFO - [2025-04-08T09:18:06.356+0000] {dagbag.py:541} INFO - Filling up the DagBag from /home/airflow/.local/lib/python3.7/site-packages/airflow/example_dags/example_datasets.py
[2025-04-08T09:18:06.367+0000] {processor.py:836} INFO - DAG(s) dict_keys(['dataset_consumes_1_never_scheduled', 'dataset_produces_1', 'dataset_consumes_1', 'dataset_produces_2', 'dataset_consumes_unknown_never_scheduled', 'dataset_consumes_1_and_2']) retrieved from /home/airflow/.local/lib/python3.7/site-packages/airflow/example_dags/example_datasets.py
[2025-04-08T09:18:06.414+0000] {logging_mixin.py:149} INFO - [2025-04-08T09:18:06.414+0000] {dag.py:2726} INFO - Sync 6 DAGs
[2025-04-08T09:18:06.443+0000] {logging_mixin.py:149} INFO - [2025-04-08T09:18:06.443+0000] {dag.py:3490} INFO - Setting next_dagrun for dataset_consumes_1 to None, run_after=None
[2025-04-08T09:18:06.447+0000] {logging_mixin.py:149} INFO - [2025-04-08T09:18:06.447+0000] {dag.py:3490} INFO - Setting next_dagrun for dataset_consumes_1_and_2 to None, run_after=None
[2025-04-08T09:18:06.449+0000] {logging_mixin.py:149} INFO - [2025-04-08T09:18:06.449+0000] {dag.py:3490} INFO - Setting next_dagrun for dataset_consumes_1_never_scheduled to None, run_after=None
[2025-04-08T09:18:06.450+0000] {logging_mixin.py:149} INFO - [2025-04-08T09:18:06.450+0000] {dag.py:3490} INFO - Setting next_dagrun for dataset_consumes_unknown_never_scheduled to None, run_after=None
[2025-04-08T09:18:06.453+0000] {logging_mixin.py:149} INFO - [2025-04-08T09:18:06.453+0000] {dag.py:3490} INFO - Setting next_dagrun for dataset_produces_1 to 2025-04-07T00:00:00+00:00, run_after=2025-04-08T00:00:00+00:00
[2025-04-08T09:18:06.454+0000] {logging_mixin.py:149} INFO - [2025-04-08T09:18:06.454+0000] {dag.py:3490} INFO - Setting next_dagrun for dataset_produces_2 to None, run_after=None
[2025-04-08T09:18:06.492+0000] {processor.py:179} INFO - Processing /home/airflow/.local/lib/python3.7/site-packages/airflow/example_dags/example_datasets.py took 0.141 seconds
[2025-04-08T09:18:36.915+0000] {processor.py:157} INFO - Started process (PID=1271) to work on /home/airflow/.local/lib/python3.7/site-packages/airflow/example_dags/example_datasets.py
[2025-04-08T09:18:36.916+0000] {processor.py:826} INFO - Processing file /home/airflow/.local/lib/python3.7/site-packages/airflow/example_dags/example_datasets.py for tasks to queue
[2025-04-08T09:18:36.917+0000] {logging_mixin.py:149} INFO - [2025-04-08T09:18:36.916+0000] {dagbag.py:541} INFO - Filling up the DagBag from /home/airflow/.local/lib/python3.7/site-packages/airflow/example_dags/example_datasets.py
[2025-04-08T09:18:36.928+0000] {processor.py:836} INFO - DAG(s) dict_keys(['dataset_produces_2', 'dataset_consumes_1_never_scheduled', 'dataset_consumes_1_and_2', 'dataset_consumes_1', 'dataset_produces_1', 'dataset_consumes_unknown_never_scheduled']) retrieved from /home/airflow/.local/lib/python3.7/site-packages/airflow/example_dags/example_datasets.py
[2025-04-08T09:18:36.976+0000] {logging_mixin.py:149} INFO - [2025-04-08T09:18:36.976+0000] {dag.py:2726} INFO - Sync 6 DAGs
[2025-04-08T09:18:37.005+0000] {logging_mixin.py:149} INFO - [2025-04-08T09:18:37.005+0000] {dag.py:3490} INFO - Setting next_dagrun for dataset_consumes_1 to None, run_after=None
[2025-04-08T09:18:37.010+0000] {logging_mixin.py:149} INFO - [2025-04-08T09:18:37.009+0000] {dag.py:3490} INFO - Setting next_dagrun for dataset_consumes_1_and_2 to None, run_after=None
[2025-04-08T09:18:37.011+0000] {logging_mixin.py:149} INFO - [2025-04-08T09:18:37.011+0000] {dag.py:3490} INFO - Setting next_dagrun for dataset_consumes_1_never_scheduled to None, run_after=None
[2025-04-08T09:18:37.013+0000] {logging_mixin.py:149} INFO - [2025-04-08T09:18:37.013+0000] {dag.py:3490} INFO - Setting next_dagrun for dataset_consumes_unknown_never_scheduled to None, run_after=None
[2025-04-08T09:18:37.016+0000] {logging_mixin.py:149} INFO - [2025-04-08T09:18:37.016+0000] {dag.py:3490} INFO - Setting next_dagrun for dataset_produces_1 to 2025-04-07T00:00:00+00:00, run_after=2025-04-08T00:00:00+00:00
[2025-04-08T09:18:37.018+0000] {logging_mixin.py:149} INFO - [2025-04-08T09:18:37.018+0000] {dag.py:3490} INFO - Setting next_dagrun for dataset_produces_2 to None, run_after=None
[2025-04-08T09:18:37.057+0000] {processor.py:179} INFO - Processing /home/airflow/.local/lib/python3.7/site-packages/airflow/example_dags/example_datasets.py took 0.146 seconds
