[2025-04-08T09:11:57.308+0000] {processor.py:157} INFO - Started process (PID=93) to work on /home/airflow/.local/lib/python3.7/site-packages/airflow/example_dags/example_branch_labels.py
[2025-04-08T09:11:57.309+0000] {processor.py:826} INFO - Processing file /home/airflow/.local/lib/python3.7/site-packages/airflow/example_dags/example_branch_labels.py for tasks to queue
[2025-04-08T09:11:57.312+0000] {logging_mixin.py:149} INFO - [2025-04-08T09:11:57.311+0000] {dagbag.py:541} INFO - Filling up the DagBag from /home/airflow/.local/lib/python3.7/site-packages/airflow/example_dags/example_branch_labels.py
[2025-04-08T09:11:57.332+0000] {processor.py:836} INFO - DAG(s) dict_keys(['example_branch_labels']) retrieved from /home/airflow/.local/lib/python3.7/site-packages/airflow/example_dags/example_branch_labels.py
[2025-04-08T09:11:57.381+0000] {logging_mixin.py:149} INFO - [2025-04-08T09:11:57.381+0000] {dag.py:2726} INFO - Sync 1 DAGs
[2025-04-08T09:11:57.431+0000] {logging_mixin.py:149} INFO - [2025-04-08T09:11:57.431+0000] {dag.py:3490} INFO - Setting next_dagrun for example_branch_labels to 2025-04-07T00:00:00+00:00, run_after=2025-04-08T00:00:00+00:00
[2025-04-08T09:11:57.484+0000] {processor.py:179} INFO - Processing /home/airflow/.local/lib/python3.7/site-packages/airflow/example_dags/example_branch_labels.py took 0.180 seconds
[2025-04-08T09:12:27.748+0000] {processor.py:157} INFO - Started process (PID=219) to work on /home/airflow/.local/lib/python3.7/site-packages/airflow/example_dags/example_branch_labels.py
[2025-04-08T09:12:27.749+0000] {processor.py:826} INFO - Processing file /home/airflow/.local/lib/python3.7/site-packages/airflow/example_dags/example_branch_labels.py for tasks to queue
[2025-04-08T09:12:27.750+0000] {logging_mixin.py:149} INFO - [2025-04-08T09:12:27.750+0000] {dagbag.py:541} INFO - Filling up the DagBag from /home/airflow/.local/lib/python3.7/site-packages/airflow/example_dags/example_branch_labels.py
[2025-04-08T09:12:27.758+0000] {processor.py:836} INFO - DAG(s) dict_keys(['example_branch_labels']) retrieved from /home/airflow/.local/lib/python3.7/site-packages/airflow/example_dags/example_branch_labels.py
[2025-04-08T09:12:27.787+0000] {logging_mixin.py:149} INFO - [2025-04-08T09:12:27.787+0000] {dag.py:2726} INFO - Sync 1 DAGs
[2025-04-08T09:12:27.822+0000] {logging_mixin.py:149} INFO - [2025-04-08T09:12:27.822+0000] {dag.py:3490} INFO - Setting next_dagrun for example_branch_labels to 2025-04-07T00:00:00+00:00, run_after=2025-04-08T00:00:00+00:00
[2025-04-08T09:12:27.847+0000] {processor.py:179} INFO - Processing /home/airflow/.local/lib/python3.7/site-packages/airflow/example_dags/example_branch_labels.py took 0.102 seconds
[2025-04-08T09:12:59.714+0000] {processor.py:157} INFO - Started process (PID=310) to work on /home/airflow/.local/lib/python3.7/site-packages/airflow/example_dags/example_branch_labels.py
[2025-04-08T09:12:59.715+0000] {processor.py:826} INFO - Processing file /home/airflow/.local/lib/python3.7/site-packages/airflow/example_dags/example_branch_labels.py for tasks to queue
[2025-04-08T09:12:59.715+0000] {logging_mixin.py:149} INFO - [2025-04-08T09:12:59.715+0000] {dagbag.py:541} INFO - Filling up the DagBag from /home/airflow/.local/lib/python3.7/site-packages/airflow/example_dags/example_branch_labels.py
[2025-04-08T09:12:59.723+0000] {processor.py:836} INFO - DAG(s) dict_keys(['example_branch_labels']) retrieved from /home/airflow/.local/lib/python3.7/site-packages/airflow/example_dags/example_branch_labels.py
[2025-04-08T09:12:59.750+0000] {logging_mixin.py:149} INFO - [2025-04-08T09:12:59.750+0000] {dag.py:2726} INFO - Sync 1 DAGs
[2025-04-08T09:12:59.899+0000] {logging_mixin.py:149} INFO - [2025-04-08T09:12:59.899+0000] {dag.py:3490} INFO - Setting next_dagrun for example_branch_labels to 2025-04-07T00:00:00+00:00, run_after=2025-04-08T00:00:00+00:00
[2025-04-08T09:12:59.919+0000] {processor.py:179} INFO - Processing /home/airflow/.local/lib/python3.7/site-packages/airflow/example_dags/example_branch_labels.py took 0.208 seconds
[2025-04-08T09:13:30.102+0000] {processor.py:157} INFO - Started process (PID=402) to work on /home/airflow/.local/lib/python3.7/site-packages/airflow/example_dags/example_branch_labels.py
[2025-04-08T09:13:30.104+0000] {processor.py:826} INFO - Processing file /home/airflow/.local/lib/python3.7/site-packages/airflow/example_dags/example_branch_labels.py for tasks to queue
[2025-04-08T09:13:30.104+0000] {logging_mixin.py:149} INFO - [2025-04-08T09:13:30.104+0000] {dagbag.py:541} INFO - Filling up the DagBag from /home/airflow/.local/lib/python3.7/site-packages/airflow/example_dags/example_branch_labels.py
[2025-04-08T09:13:30.113+0000] {processor.py:836} INFO - DAG(s) dict_keys(['example_branch_labels']) retrieved from /home/airflow/.local/lib/python3.7/site-packages/airflow/example_dags/example_branch_labels.py
[2025-04-08T09:13:30.141+0000] {logging_mixin.py:149} INFO - [2025-04-08T09:13:30.141+0000] {dag.py:2726} INFO - Sync 1 DAGs
[2025-04-08T09:13:30.173+0000] {logging_mixin.py:149} INFO - [2025-04-08T09:13:30.173+0000] {dag.py:3490} INFO - Setting next_dagrun for example_branch_labels to 2025-04-07T00:00:00+00:00, run_after=2025-04-08T00:00:00+00:00
[2025-04-08T09:13:30.199+0000] {processor.py:179} INFO - Processing /home/airflow/.local/lib/python3.7/site-packages/airflow/example_dags/example_branch_labels.py took 0.100 seconds
[2025-04-08T09:14:00.578+0000] {processor.py:157} INFO - Started process (PID=492) to work on /home/airflow/.local/lib/python3.7/site-packages/airflow/example_dags/example_branch_labels.py
[2025-04-08T09:14:00.579+0000] {processor.py:826} INFO - Processing file /home/airflow/.local/lib/python3.7/site-packages/airflow/example_dags/example_branch_labels.py for tasks to queue
[2025-04-08T09:14:00.580+0000] {logging_mixin.py:149} INFO - [2025-04-08T09:14:00.580+0000] {dagbag.py:541} INFO - Filling up the DagBag from /home/airflow/.local/lib/python3.7/site-packages/airflow/example_dags/example_branch_labels.py
[2025-04-08T09:14:00.588+0000] {processor.py:836} INFO - DAG(s) dict_keys(['example_branch_labels']) retrieved from /home/airflow/.local/lib/python3.7/site-packages/airflow/example_dags/example_branch_labels.py
[2025-04-08T09:14:00.613+0000] {logging_mixin.py:149} INFO - [2025-04-08T09:14:00.613+0000] {dag.py:2726} INFO - Sync 1 DAGs
[2025-04-08T09:14:00.639+0000] {logging_mixin.py:149} INFO - [2025-04-08T09:14:00.639+0000] {dag.py:3490} INFO - Setting next_dagrun for example_branch_labels to 2025-04-07T00:00:00+00:00, run_after=2025-04-08T00:00:00+00:00
[2025-04-08T09:14:00.659+0000] {processor.py:179} INFO - Processing /home/airflow/.local/lib/python3.7/site-packages/airflow/example_dags/example_branch_labels.py took 0.084 seconds
[2025-04-08T09:14:31.816+0000] {processor.py:157} INFO - Started process (PID=583) to work on /home/airflow/.local/lib/python3.7/site-packages/airflow/example_dags/example_branch_labels.py
[2025-04-08T09:14:31.817+0000] {processor.py:826} INFO - Processing file /home/airflow/.local/lib/python3.7/site-packages/airflow/example_dags/example_branch_labels.py for tasks to queue
[2025-04-08T09:14:31.818+0000] {logging_mixin.py:149} INFO - [2025-04-08T09:14:31.818+0000] {dagbag.py:541} INFO - Filling up the DagBag from /home/airflow/.local/lib/python3.7/site-packages/airflow/example_dags/example_branch_labels.py
[2025-04-08T09:14:31.826+0000] {processor.py:836} INFO - DAG(s) dict_keys(['example_branch_labels']) retrieved from /home/airflow/.local/lib/python3.7/site-packages/airflow/example_dags/example_branch_labels.py
[2025-04-08T09:14:31.852+0000] {logging_mixin.py:149} INFO - [2025-04-08T09:14:31.852+0000] {dag.py:2726} INFO - Sync 1 DAGs
[2025-04-08T09:14:31.883+0000] {logging_mixin.py:149} INFO - [2025-04-08T09:14:31.883+0000] {dag.py:3490} INFO - Setting next_dagrun for example_branch_labels to 2025-04-07T00:00:00+00:00, run_after=2025-04-08T00:00:00+00:00
[2025-04-08T09:14:31.903+0000] {processor.py:179} INFO - Processing /home/airflow/.local/lib/python3.7/site-packages/airflow/example_dags/example_branch_labels.py took 0.091 seconds
[2025-04-08T09:15:03.204+0000] {processor.py:157} INFO - Started process (PID=675) to work on /home/airflow/.local/lib/python3.7/site-packages/airflow/example_dags/example_branch_labels.py
[2025-04-08T09:15:03.205+0000] {processor.py:826} INFO - Processing file /home/airflow/.local/lib/python3.7/site-packages/airflow/example_dags/example_branch_labels.py for tasks to queue
[2025-04-08T09:15:03.206+0000] {logging_mixin.py:149} INFO - [2025-04-08T09:15:03.206+0000] {dagbag.py:541} INFO - Filling up the DagBag from /home/airflow/.local/lib/python3.7/site-packages/airflow/example_dags/example_branch_labels.py
[2025-04-08T09:15:03.214+0000] {processor.py:836} INFO - DAG(s) dict_keys(['example_branch_labels']) retrieved from /home/airflow/.local/lib/python3.7/site-packages/airflow/example_dags/example_branch_labels.py
[2025-04-08T09:15:03.241+0000] {logging_mixin.py:149} INFO - [2025-04-08T09:15:03.240+0000] {dag.py:2726} INFO - Sync 1 DAGs
[2025-04-08T09:15:03.266+0000] {logging_mixin.py:149} INFO - [2025-04-08T09:15:03.266+0000] {dag.py:3490} INFO - Setting next_dagrun for example_branch_labels to 2025-04-07T00:00:00+00:00, run_after=2025-04-08T00:00:00+00:00
[2025-04-08T09:15:03.288+0000] {processor.py:179} INFO - Processing /home/airflow/.local/lib/python3.7/site-packages/airflow/example_dags/example_branch_labels.py took 0.087 seconds
[2025-04-08T09:15:34.460+0000] {processor.py:157} INFO - Started process (PID=766) to work on /home/airflow/.local/lib/python3.7/site-packages/airflow/example_dags/example_branch_labels.py
[2025-04-08T09:15:34.461+0000] {processor.py:826} INFO - Processing file /home/airflow/.local/lib/python3.7/site-packages/airflow/example_dags/example_branch_labels.py for tasks to queue
[2025-04-08T09:15:34.462+0000] {logging_mixin.py:149} INFO - [2025-04-08T09:15:34.461+0000] {dagbag.py:541} INFO - Filling up the DagBag from /home/airflow/.local/lib/python3.7/site-packages/airflow/example_dags/example_branch_labels.py
[2025-04-08T09:15:34.470+0000] {processor.py:836} INFO - DAG(s) dict_keys(['example_branch_labels']) retrieved from /home/airflow/.local/lib/python3.7/site-packages/airflow/example_dags/example_branch_labels.py
[2025-04-08T09:15:34.496+0000] {logging_mixin.py:149} INFO - [2025-04-08T09:15:34.496+0000] {dag.py:2726} INFO - Sync 1 DAGs
[2025-04-08T09:15:34.522+0000] {logging_mixin.py:149} INFO - [2025-04-08T09:15:34.522+0000] {dag.py:3490} INFO - Setting next_dagrun for example_branch_labels to 2025-04-07T00:00:00+00:00, run_after=2025-04-08T00:00:00+00:00
[2025-04-08T09:15:34.541+0000] {processor.py:179} INFO - Processing /home/airflow/.local/lib/python3.7/site-packages/airflow/example_dags/example_branch_labels.py took 0.084 seconds
[2025-04-08T09:16:05.707+0000] {processor.py:157} INFO - Started process (PID=857) to work on /home/airflow/.local/lib/python3.7/site-packages/airflow/example_dags/example_branch_labels.py
[2025-04-08T09:16:05.708+0000] {processor.py:826} INFO - Processing file /home/airflow/.local/lib/python3.7/site-packages/airflow/example_dags/example_branch_labels.py for tasks to queue
[2025-04-08T09:16:05.709+0000] {logging_mixin.py:149} INFO - [2025-04-08T09:16:05.709+0000] {dagbag.py:541} INFO - Filling up the DagBag from /home/airflow/.local/lib/python3.7/site-packages/airflow/example_dags/example_branch_labels.py
[2025-04-08T09:16:05.717+0000] {processor.py:836} INFO - DAG(s) dict_keys(['example_branch_labels']) retrieved from /home/airflow/.local/lib/python3.7/site-packages/airflow/example_dags/example_branch_labels.py
[2025-04-08T09:16:05.742+0000] {logging_mixin.py:149} INFO - [2025-04-08T09:16:05.742+0000] {dag.py:2726} INFO - Sync 1 DAGs
[2025-04-08T09:16:05.768+0000] {logging_mixin.py:149} INFO - [2025-04-08T09:16:05.767+0000] {dag.py:3490} INFO - Setting next_dagrun for example_branch_labels to 2025-04-07T00:00:00+00:00, run_after=2025-04-08T00:00:00+00:00
[2025-04-08T09:16:05.790+0000] {processor.py:179} INFO - Processing /home/airflow/.local/lib/python3.7/site-packages/airflow/example_dags/example_branch_labels.py took 0.086 seconds
[2025-04-08T09:16:36.400+0000] {processor.py:157} INFO - Started process (PID=948) to work on /home/airflow/.local/lib/python3.7/site-packages/airflow/example_dags/example_branch_labels.py
[2025-04-08T09:16:36.402+0000] {processor.py:826} INFO - Processing file /home/airflow/.local/lib/python3.7/site-packages/airflow/example_dags/example_branch_labels.py for tasks to queue
[2025-04-08T09:16:36.402+0000] {logging_mixin.py:149} INFO - [2025-04-08T09:16:36.402+0000] {dagbag.py:541} INFO - Filling up the DagBag from /home/airflow/.local/lib/python3.7/site-packages/airflow/example_dags/example_branch_labels.py
[2025-04-08T09:16:36.411+0000] {processor.py:836} INFO - DAG(s) dict_keys(['example_branch_labels']) retrieved from /home/airflow/.local/lib/python3.7/site-packages/airflow/example_dags/example_branch_labels.py
[2025-04-08T09:16:36.440+0000] {logging_mixin.py:149} INFO - [2025-04-08T09:16:36.440+0000] {dag.py:2726} INFO - Sync 1 DAGs
[2025-04-08T09:16:36.469+0000] {logging_mixin.py:149} INFO - [2025-04-08T09:16:36.468+0000] {dag.py:3490} INFO - Setting next_dagrun for example_branch_labels to 2025-04-07T00:00:00+00:00, run_after=2025-04-08T00:00:00+00:00
[2025-04-08T09:16:36.489+0000] {processor.py:179} INFO - Processing /home/airflow/.local/lib/python3.7/site-packages/airflow/example_dags/example_branch_labels.py took 0.092 seconds
[2025-04-08T09:17:06.931+0000] {processor.py:157} INFO - Started process (PID=1039) to work on /home/airflow/.local/lib/python3.7/site-packages/airflow/example_dags/example_branch_labels.py
[2025-04-08T09:17:06.932+0000] {processor.py:826} INFO - Processing file /home/airflow/.local/lib/python3.7/site-packages/airflow/example_dags/example_branch_labels.py for tasks to queue
[2025-04-08T09:17:06.932+0000] {logging_mixin.py:149} INFO - [2025-04-08T09:17:06.932+0000] {dagbag.py:541} INFO - Filling up the DagBag from /home/airflow/.local/lib/python3.7/site-packages/airflow/example_dags/example_branch_labels.py
[2025-04-08T09:17:06.940+0000] {processor.py:836} INFO - DAG(s) dict_keys(['example_branch_labels']) retrieved from /home/airflow/.local/lib/python3.7/site-packages/airflow/example_dags/example_branch_labels.py
[2025-04-08T09:17:06.967+0000] {logging_mixin.py:149} INFO - [2025-04-08T09:17:06.966+0000] {dag.py:2726} INFO - Sync 1 DAGs
[2025-04-08T09:17:06.996+0000] {logging_mixin.py:149} INFO - [2025-04-08T09:17:06.996+0000] {dag.py:3490} INFO - Setting next_dagrun for example_branch_labels to 2025-04-07T00:00:00+00:00, run_after=2025-04-08T00:00:00+00:00
[2025-04-08T09:17:07.019+0000] {processor.py:179} INFO - Processing /home/airflow/.local/lib/python3.7/site-packages/airflow/example_dags/example_branch_labels.py took 0.091 seconds
[2025-04-08T09:17:37.418+0000] {processor.py:157} INFO - Started process (PID=1130) to work on /home/airflow/.local/lib/python3.7/site-packages/airflow/example_dags/example_branch_labels.py
[2025-04-08T09:17:37.419+0000] {processor.py:826} INFO - Processing file /home/airflow/.local/lib/python3.7/site-packages/airflow/example_dags/example_branch_labels.py for tasks to queue
[2025-04-08T09:17:37.420+0000] {logging_mixin.py:149} INFO - [2025-04-08T09:17:37.420+0000] {dagbag.py:541} INFO - Filling up the DagBag from /home/airflow/.local/lib/python3.7/site-packages/airflow/example_dags/example_branch_labels.py
[2025-04-08T09:17:37.428+0000] {processor.py:836} INFO - DAG(s) dict_keys(['example_branch_labels']) retrieved from /home/airflow/.local/lib/python3.7/site-packages/airflow/example_dags/example_branch_labels.py
[2025-04-08T09:17:37.457+0000] {logging_mixin.py:149} INFO - [2025-04-08T09:17:37.457+0000] {dag.py:2726} INFO - Sync 1 DAGs
[2025-04-08T09:17:37.486+0000] {logging_mixin.py:149} INFO - [2025-04-08T09:17:37.485+0000] {dag.py:3490} INFO - Setting next_dagrun for example_branch_labels to 2025-04-07T00:00:00+00:00, run_after=2025-04-08T00:00:00+00:00
[2025-04-08T09:17:37.509+0000] {processor.py:179} INFO - Processing /home/airflow/.local/lib/python3.7/site-packages/airflow/example_dags/example_branch_labels.py took 0.094 seconds
[2025-04-08T09:18:08.020+0000] {processor.py:157} INFO - Started process (PID=1221) to work on /home/airflow/.local/lib/python3.7/site-packages/airflow/example_dags/example_branch_labels.py
[2025-04-08T09:18:08.022+0000] {processor.py:826} INFO - Processing file /home/airflow/.local/lib/python3.7/site-packages/airflow/example_dags/example_branch_labels.py for tasks to queue
[2025-04-08T09:18:08.022+0000] {logging_mixin.py:149} INFO - [2025-04-08T09:18:08.022+0000] {dagbag.py:541} INFO - Filling up the DagBag from /home/airflow/.local/lib/python3.7/site-packages/airflow/example_dags/example_branch_labels.py
[2025-04-08T09:18:08.030+0000] {processor.py:836} INFO - DAG(s) dict_keys(['example_branch_labels']) retrieved from /home/airflow/.local/lib/python3.7/site-packages/airflow/example_dags/example_branch_labels.py
[2025-04-08T09:18:08.056+0000] {logging_mixin.py:149} INFO - [2025-04-08T09:18:08.056+0000] {dag.py:2726} INFO - Sync 1 DAGs
[2025-04-08T09:18:08.083+0000] {logging_mixin.py:149} INFO - [2025-04-08T09:18:08.083+0000] {dag.py:3490} INFO - Setting next_dagrun for example_branch_labels to 2025-04-07T00:00:00+00:00, run_after=2025-04-08T00:00:00+00:00
[2025-04-08T09:18:08.105+0000] {processor.py:179} INFO - Processing /home/airflow/.local/lib/python3.7/site-packages/airflow/example_dags/example_branch_labels.py took 0.088 seconds
[2025-04-08T09:18:38.470+0000] {processor.py:157} INFO - Started process (PID=1312) to work on /home/airflow/.local/lib/python3.7/site-packages/airflow/example_dags/example_branch_labels.py
[2025-04-08T09:18:38.472+0000] {processor.py:826} INFO - Processing file /home/airflow/.local/lib/python3.7/site-packages/airflow/example_dags/example_branch_labels.py for tasks to queue
[2025-04-08T09:18:38.473+0000] {logging_mixin.py:149} INFO - [2025-04-08T09:18:38.472+0000] {dagbag.py:541} INFO - Filling up the DagBag from /home/airflow/.local/lib/python3.7/site-packages/airflow/example_dags/example_branch_labels.py
[2025-04-08T09:18:38.481+0000] {processor.py:836} INFO - DAG(s) dict_keys(['example_branch_labels']) retrieved from /home/airflow/.local/lib/python3.7/site-packages/airflow/example_dags/example_branch_labels.py
[2025-04-08T09:18:38.510+0000] {logging_mixin.py:149} INFO - [2025-04-08T09:18:38.510+0000] {dag.py:2726} INFO - Sync 1 DAGs
[2025-04-08T09:18:38.538+0000] {logging_mixin.py:149} INFO - [2025-04-08T09:18:38.537+0000] {dag.py:3490} INFO - Setting next_dagrun for example_branch_labels to 2025-04-07T00:00:00+00:00, run_after=2025-04-08T00:00:00+00:00
[2025-04-08T09:18:38.561+0000] {processor.py:179} INFO - Processing /home/airflow/.local/lib/python3.7/site-packages/airflow/example_dags/example_branch_labels.py took 0.095 seconds
