[2025-04-08T09:11:59.166+0000] {processor.py:157} INFO - Started process (PID=105) to work on /home/airflow/.local/lib/python3.7/site-packages/airflow/example_dags/example_branch_day_of_week_operator.py
[2025-04-08T09:11:59.167+0000] {processor.py:826} INFO - Processing file /home/airflow/.local/lib/python3.7/site-packages/airflow/example_dags/example_branch_day_of_week_operator.py for tasks to queue
[2025-04-08T09:11:59.168+0000] {logging_mixin.py:149} INFO - [2025-04-08T09:11:59.168+0000] {dagbag.py:541} INFO - Filling up the DagBag from /home/airflow/.local/lib/python3.7/site-packages/airflow/example_dags/example_branch_day_of_week_operator.py
[2025-04-08T09:11:59.176+0000] {processor.py:836} INFO - DAG(s) dict_keys(['example_weekday_branch_operator']) retrieved from /home/airflow/.local/lib/python3.7/site-packages/airflow/example_dags/example_branch_day_of_week_operator.py
[2025-04-08T09:11:59.203+0000] {logging_mixin.py:149} INFO - [2025-04-08T09:11:59.203+0000] {dag.py:2726} INFO - Sync 1 DAGs
[2025-04-08T09:11:59.231+0000] {logging_mixin.py:149} INFO - [2025-04-08T09:11:59.230+0000] {dag.py:3490} INFO - Setting next_dagrun for example_weekday_branch_operator to 2025-04-07T00:00:00+00:00, run_after=2025-04-08T00:00:00+00:00
[2025-04-08T09:11:59.251+0000] {processor.py:179} INFO - Processing /home/airflow/.local/lib/python3.7/site-packages/airflow/example_dags/example_branch_day_of_week_operator.py took 0.088 seconds
[2025-04-08T09:12:30.078+0000] {processor.py:157} INFO - Started process (PID=232) to work on /home/airflow/.local/lib/python3.7/site-packages/airflow/example_dags/example_branch_day_of_week_operator.py
[2025-04-08T09:12:30.080+0000] {processor.py:826} INFO - Processing file /home/airflow/.local/lib/python3.7/site-packages/airflow/example_dags/example_branch_day_of_week_operator.py for tasks to queue
[2025-04-08T09:12:30.081+0000] {logging_mixin.py:149} INFO - [2025-04-08T09:12:30.080+0000] {dagbag.py:541} INFO - Filling up the DagBag from /home/airflow/.local/lib/python3.7/site-packages/airflow/example_dags/example_branch_day_of_week_operator.py
[2025-04-08T09:12:30.090+0000] {processor.py:836} INFO - DAG(s) dict_keys(['example_weekday_branch_operator']) retrieved from /home/airflow/.local/lib/python3.7/site-packages/airflow/example_dags/example_branch_day_of_week_operator.py
[2025-04-08T09:12:30.118+0000] {logging_mixin.py:149} INFO - [2025-04-08T09:12:30.118+0000] {dag.py:2726} INFO - Sync 1 DAGs
[2025-04-08T09:12:30.148+0000] {logging_mixin.py:149} INFO - [2025-04-08T09:12:30.147+0000] {dag.py:3490} INFO - Setting next_dagrun for example_weekday_branch_operator to 2025-04-07T00:00:00+00:00, run_after=2025-04-08T00:00:00+00:00
[2025-04-08T09:12:30.172+0000] {processor.py:179} INFO - Processing /home/airflow/.local/lib/python3.7/site-packages/airflow/example_dags/example_branch_day_of_week_operator.py took 0.098 seconds
[2025-04-08T09:13:01.272+0000] {processor.py:157} INFO - Started process (PID=323) to work on /home/airflow/.local/lib/python3.7/site-packages/airflow/example_dags/example_branch_day_of_week_operator.py
[2025-04-08T09:13:01.273+0000] {processor.py:826} INFO - Processing file /home/airflow/.local/lib/python3.7/site-packages/airflow/example_dags/example_branch_day_of_week_operator.py for tasks to queue
[2025-04-08T09:13:01.274+0000] {logging_mixin.py:149} INFO - [2025-04-08T09:13:01.274+0000] {dagbag.py:541} INFO - Filling up the DagBag from /home/airflow/.local/lib/python3.7/site-packages/airflow/example_dags/example_branch_day_of_week_operator.py
[2025-04-08T09:13:01.281+0000] {processor.py:836} INFO - DAG(s) dict_keys(['example_weekday_branch_operator']) retrieved from /home/airflow/.local/lib/python3.7/site-packages/airflow/example_dags/example_branch_day_of_week_operator.py
[2025-04-08T09:13:01.314+0000] {logging_mixin.py:149} INFO - [2025-04-08T09:13:01.313+0000] {dag.py:2726} INFO - Sync 1 DAGs
[2025-04-08T09:13:01.466+0000] {logging_mixin.py:149} INFO - [2025-04-08T09:13:01.466+0000] {dag.py:3490} INFO - Setting next_dagrun for example_weekday_branch_operator to 2025-04-07T00:00:00+00:00, run_after=2025-04-08T00:00:00+00:00
[2025-04-08T09:13:01.491+0000] {processor.py:179} INFO - Processing /home/airflow/.local/lib/python3.7/site-packages/airflow/example_dags/example_branch_day_of_week_operator.py took 0.222 seconds
[2025-04-08T09:13:32.234+0000] {processor.py:157} INFO - Started process (PID=414) to work on /home/airflow/.local/lib/python3.7/site-packages/airflow/example_dags/example_branch_day_of_week_operator.py
[2025-04-08T09:13:32.236+0000] {processor.py:826} INFO - Processing file /home/airflow/.local/lib/python3.7/site-packages/airflow/example_dags/example_branch_day_of_week_operator.py for tasks to queue
[2025-04-08T09:13:32.237+0000] {logging_mixin.py:149} INFO - [2025-04-08T09:13:32.237+0000] {dagbag.py:541} INFO - Filling up the DagBag from /home/airflow/.local/lib/python3.7/site-packages/airflow/example_dags/example_branch_day_of_week_operator.py
[2025-04-08T09:13:32.245+0000] {processor.py:836} INFO - DAG(s) dict_keys(['example_weekday_branch_operator']) retrieved from /home/airflow/.local/lib/python3.7/site-packages/airflow/example_dags/example_branch_day_of_week_operator.py
[2025-04-08T09:13:32.277+0000] {logging_mixin.py:149} INFO - [2025-04-08T09:13:32.277+0000] {dag.py:2726} INFO - Sync 1 DAGs
[2025-04-08T09:13:32.311+0000] {logging_mixin.py:149} INFO - [2025-04-08T09:13:32.311+0000] {dag.py:3490} INFO - Setting next_dagrun for example_weekday_branch_operator to 2025-04-07T00:00:00+00:00, run_after=2025-04-08T00:00:00+00:00
[2025-04-08T09:13:32.337+0000] {processor.py:179} INFO - Processing /home/airflow/.local/lib/python3.7/site-packages/airflow/example_dags/example_branch_day_of_week_operator.py took 0.107 seconds
[2025-04-08T09:14:02.581+0000] {processor.py:157} INFO - Started process (PID=505) to work on /home/airflow/.local/lib/python3.7/site-packages/airflow/example_dags/example_branch_day_of_week_operator.py
[2025-04-08T09:14:02.583+0000] {processor.py:826} INFO - Processing file /home/airflow/.local/lib/python3.7/site-packages/airflow/example_dags/example_branch_day_of_week_operator.py for tasks to queue
[2025-04-08T09:14:02.583+0000] {logging_mixin.py:149} INFO - [2025-04-08T09:14:02.583+0000] {dagbag.py:541} INFO - Filling up the DagBag from /home/airflow/.local/lib/python3.7/site-packages/airflow/example_dags/example_branch_day_of_week_operator.py
[2025-04-08T09:14:02.591+0000] {processor.py:836} INFO - DAG(s) dict_keys(['example_weekday_branch_operator']) retrieved from /home/airflow/.local/lib/python3.7/site-packages/airflow/example_dags/example_branch_day_of_week_operator.py
[2025-04-08T09:14:02.616+0000] {logging_mixin.py:149} INFO - [2025-04-08T09:14:02.616+0000] {dag.py:2726} INFO - Sync 1 DAGs
[2025-04-08T09:14:02.650+0000] {logging_mixin.py:149} INFO - [2025-04-08T09:14:02.650+0000] {dag.py:3490} INFO - Setting next_dagrun for example_weekday_branch_operator to 2025-04-07T00:00:00+00:00, run_after=2025-04-08T00:00:00+00:00
[2025-04-08T09:14:02.674+0000] {processor.py:179} INFO - Processing /home/airflow/.local/lib/python3.7/site-packages/airflow/example_dags/example_branch_day_of_week_operator.py took 0.097 seconds
[2025-04-08T09:14:32.926+0000] {processor.py:157} INFO - Started process (PID=596) to work on /home/airflow/.local/lib/python3.7/site-packages/airflow/example_dags/example_branch_day_of_week_operator.py
[2025-04-08T09:14:32.927+0000] {processor.py:826} INFO - Processing file /home/airflow/.local/lib/python3.7/site-packages/airflow/example_dags/example_branch_day_of_week_operator.py for tasks to queue
[2025-04-08T09:14:32.928+0000] {logging_mixin.py:149} INFO - [2025-04-08T09:14:32.928+0000] {dagbag.py:541} INFO - Filling up the DagBag from /home/airflow/.local/lib/python3.7/site-packages/airflow/example_dags/example_branch_day_of_week_operator.py
[2025-04-08T09:14:32.935+0000] {processor.py:836} INFO - DAG(s) dict_keys(['example_weekday_branch_operator']) retrieved from /home/airflow/.local/lib/python3.7/site-packages/airflow/example_dags/example_branch_day_of_week_operator.py
[2025-04-08T09:14:32.962+0000] {logging_mixin.py:149} INFO - [2025-04-08T09:14:32.962+0000] {dag.py:2726} INFO - Sync 1 DAGs
[2025-04-08T09:14:32.988+0000] {logging_mixin.py:149} INFO - [2025-04-08T09:14:32.988+0000] {dag.py:3490} INFO - Setting next_dagrun for example_weekday_branch_operator to 2025-04-07T00:00:00+00:00, run_after=2025-04-08T00:00:00+00:00
[2025-04-08T09:14:33.010+0000] {processor.py:179} INFO - Processing /home/airflow/.local/lib/python3.7/site-packages/airflow/example_dags/example_branch_day_of_week_operator.py took 0.087 seconds
[2025-04-08T09:15:04.105+0000] {processor.py:157} INFO - Started process (PID=687) to work on /home/airflow/.local/lib/python3.7/site-packages/airflow/example_dags/example_branch_day_of_week_operator.py
[2025-04-08T09:15:04.106+0000] {processor.py:826} INFO - Processing file /home/airflow/.local/lib/python3.7/site-packages/airflow/example_dags/example_branch_day_of_week_operator.py for tasks to queue
[2025-04-08T09:15:04.106+0000] {logging_mixin.py:149} INFO - [2025-04-08T09:15:04.106+0000] {dagbag.py:541} INFO - Filling up the DagBag from /home/airflow/.local/lib/python3.7/site-packages/airflow/example_dags/example_branch_day_of_week_operator.py
[2025-04-08T09:15:04.113+0000] {processor.py:836} INFO - DAG(s) dict_keys(['example_weekday_branch_operator']) retrieved from /home/airflow/.local/lib/python3.7/site-packages/airflow/example_dags/example_branch_day_of_week_operator.py
[2025-04-08T09:15:04.139+0000] {logging_mixin.py:149} INFO - [2025-04-08T09:15:04.139+0000] {dag.py:2726} INFO - Sync 1 DAGs
[2025-04-08T09:15:04.166+0000] {logging_mixin.py:149} INFO - [2025-04-08T09:15:04.166+0000] {dag.py:3490} INFO - Setting next_dagrun for example_weekday_branch_operator to 2025-04-07T00:00:00+00:00, run_after=2025-04-08T00:00:00+00:00
[2025-04-08T09:15:04.187+0000] {processor.py:179} INFO - Processing /home/airflow/.local/lib/python3.7/site-packages/airflow/example_dags/example_branch_day_of_week_operator.py took 0.085 seconds
[2025-04-08T09:15:35.254+0000] {processor.py:157} INFO - Started process (PID=778) to work on /home/airflow/.local/lib/python3.7/site-packages/airflow/example_dags/example_branch_day_of_week_operator.py
[2025-04-08T09:15:35.255+0000] {processor.py:826} INFO - Processing file /home/airflow/.local/lib/python3.7/site-packages/airflow/example_dags/example_branch_day_of_week_operator.py for tasks to queue
[2025-04-08T09:15:35.256+0000] {logging_mixin.py:149} INFO - [2025-04-08T09:15:35.255+0000] {dagbag.py:541} INFO - Filling up the DagBag from /home/airflow/.local/lib/python3.7/site-packages/airflow/example_dags/example_branch_day_of_week_operator.py
[2025-04-08T09:15:35.263+0000] {processor.py:836} INFO - DAG(s) dict_keys(['example_weekday_branch_operator']) retrieved from /home/airflow/.local/lib/python3.7/site-packages/airflow/example_dags/example_branch_day_of_week_operator.py
[2025-04-08T09:15:35.287+0000] {logging_mixin.py:149} INFO - [2025-04-08T09:15:35.287+0000] {dag.py:2726} INFO - Sync 1 DAGs
[2025-04-08T09:15:35.313+0000] {logging_mixin.py:149} INFO - [2025-04-08T09:15:35.313+0000] {dag.py:3490} INFO - Setting next_dagrun for example_weekday_branch_operator to 2025-04-07T00:00:00+00:00, run_after=2025-04-08T00:00:00+00:00
[2025-04-08T09:15:35.332+0000] {processor.py:179} INFO - Processing /home/airflow/.local/lib/python3.7/site-packages/airflow/example_dags/example_branch_day_of_week_operator.py took 0.082 seconds
[2025-04-08T09:16:06.595+0000] {processor.py:157} INFO - Started process (PID=869) to work on /home/airflow/.local/lib/python3.7/site-packages/airflow/example_dags/example_branch_day_of_week_operator.py
[2025-04-08T09:16:06.596+0000] {processor.py:826} INFO - Processing file /home/airflow/.local/lib/python3.7/site-packages/airflow/example_dags/example_branch_day_of_week_operator.py for tasks to queue
[2025-04-08T09:16:06.597+0000] {logging_mixin.py:149} INFO - [2025-04-08T09:16:06.596+0000] {dagbag.py:541} INFO - Filling up the DagBag from /home/airflow/.local/lib/python3.7/site-packages/airflow/example_dags/example_branch_day_of_week_operator.py
[2025-04-08T09:16:06.604+0000] {processor.py:836} INFO - DAG(s) dict_keys(['example_weekday_branch_operator']) retrieved from /home/airflow/.local/lib/python3.7/site-packages/airflow/example_dags/example_branch_day_of_week_operator.py
[2025-04-08T09:16:06.631+0000] {logging_mixin.py:149} INFO - [2025-04-08T09:16:06.631+0000] {dag.py:2726} INFO - Sync 1 DAGs
[2025-04-08T09:16:06.659+0000] {logging_mixin.py:149} INFO - [2025-04-08T09:16:06.659+0000] {dag.py:3490} INFO - Setting next_dagrun for example_weekday_branch_operator to 2025-04-07T00:00:00+00:00, run_after=2025-04-08T00:00:00+00:00
[2025-04-08T09:16:06.682+0000] {processor.py:179} INFO - Processing /home/airflow/.local/lib/python3.7/site-packages/airflow/example_dags/example_branch_day_of_week_operator.py took 0.091 seconds
[2025-04-08T09:16:37.258+0000] {processor.py:157} INFO - Started process (PID=960) to work on /home/airflow/.local/lib/python3.7/site-packages/airflow/example_dags/example_branch_day_of_week_operator.py
[2025-04-08T09:16:37.259+0000] {processor.py:826} INFO - Processing file /home/airflow/.local/lib/python3.7/site-packages/airflow/example_dags/example_branch_day_of_week_operator.py for tasks to queue
[2025-04-08T09:16:37.259+0000] {logging_mixin.py:149} INFO - [2025-04-08T09:16:37.259+0000] {dagbag.py:541} INFO - Filling up the DagBag from /home/airflow/.local/lib/python3.7/site-packages/airflow/example_dags/example_branch_day_of_week_operator.py
[2025-04-08T09:16:37.266+0000] {processor.py:836} INFO - DAG(s) dict_keys(['example_weekday_branch_operator']) retrieved from /home/airflow/.local/lib/python3.7/site-packages/airflow/example_dags/example_branch_day_of_week_operator.py
[2025-04-08T09:16:37.292+0000] {logging_mixin.py:149} INFO - [2025-04-08T09:16:37.292+0000] {dag.py:2726} INFO - Sync 1 DAGs
[2025-04-08T09:16:37.318+0000] {logging_mixin.py:149} INFO - [2025-04-08T09:16:37.317+0000] {dag.py:3490} INFO - Setting next_dagrun for example_weekday_branch_operator to 2025-04-07T00:00:00+00:00, run_after=2025-04-08T00:00:00+00:00
[2025-04-08T09:16:37.340+0000] {processor.py:179} INFO - Processing /home/airflow/.local/lib/python3.7/site-packages/airflow/example_dags/example_branch_day_of_week_operator.py took 0.085 seconds
[2025-04-08T09:17:07.728+0000] {processor.py:157} INFO - Started process (PID=1051) to work on /home/airflow/.local/lib/python3.7/site-packages/airflow/example_dags/example_branch_day_of_week_operator.py
[2025-04-08T09:17:07.730+0000] {processor.py:826} INFO - Processing file /home/airflow/.local/lib/python3.7/site-packages/airflow/example_dags/example_branch_day_of_week_operator.py for tasks to queue
[2025-04-08T09:17:07.731+0000] {logging_mixin.py:149} INFO - [2025-04-08T09:17:07.731+0000] {dagbag.py:541} INFO - Filling up the DagBag from /home/airflow/.local/lib/python3.7/site-packages/airflow/example_dags/example_branch_day_of_week_operator.py
[2025-04-08T09:17:07.738+0000] {processor.py:836} INFO - DAG(s) dict_keys(['example_weekday_branch_operator']) retrieved from /home/airflow/.local/lib/python3.7/site-packages/airflow/example_dags/example_branch_day_of_week_operator.py
[2025-04-08T09:17:07.764+0000] {logging_mixin.py:149} INFO - [2025-04-08T09:17:07.764+0000] {dag.py:2726} INFO - Sync 1 DAGs
[2025-04-08T09:17:07.791+0000] {logging_mixin.py:149} INFO - [2025-04-08T09:17:07.791+0000] {dag.py:3490} INFO - Setting next_dagrun for example_weekday_branch_operator to 2025-04-07T00:00:00+00:00, run_after=2025-04-08T00:00:00+00:00
[2025-04-08T09:17:07.815+0000] {processor.py:179} INFO - Processing /home/airflow/.local/lib/python3.7/site-packages/airflow/example_dags/example_branch_day_of_week_operator.py took 0.091 seconds
[2025-04-08T09:17:38.298+0000] {processor.py:157} INFO - Started process (PID=1142) to work on /home/airflow/.local/lib/python3.7/site-packages/airflow/example_dags/example_branch_day_of_week_operator.py
[2025-04-08T09:17:38.299+0000] {processor.py:826} INFO - Processing file /home/airflow/.local/lib/python3.7/site-packages/airflow/example_dags/example_branch_day_of_week_operator.py for tasks to queue
[2025-04-08T09:17:38.300+0000] {logging_mixin.py:149} INFO - [2025-04-08T09:17:38.300+0000] {dagbag.py:541} INFO - Filling up the DagBag from /home/airflow/.local/lib/python3.7/site-packages/airflow/example_dags/example_branch_day_of_week_operator.py
[2025-04-08T09:17:38.307+0000] {processor.py:836} INFO - DAG(s) dict_keys(['example_weekday_branch_operator']) retrieved from /home/airflow/.local/lib/python3.7/site-packages/airflow/example_dags/example_branch_day_of_week_operator.py
[2025-04-08T09:17:38.334+0000] {logging_mixin.py:149} INFO - [2025-04-08T09:17:38.334+0000] {dag.py:2726} INFO - Sync 1 DAGs
[2025-04-08T09:17:38.363+0000] {logging_mixin.py:149} INFO - [2025-04-08T09:17:38.363+0000] {dag.py:3490} INFO - Setting next_dagrun for example_weekday_branch_operator to 2025-04-07T00:00:00+00:00, run_after=2025-04-08T00:00:00+00:00
[2025-04-08T09:17:38.385+0000] {processor.py:179} INFO - Processing /home/airflow/.local/lib/python3.7/site-packages/airflow/example_dags/example_branch_day_of_week_operator.py took 0.090 seconds
[2025-04-08T09:18:08.821+0000] {processor.py:157} INFO - Started process (PID=1233) to work on /home/airflow/.local/lib/python3.7/site-packages/airflow/example_dags/example_branch_day_of_week_operator.py
[2025-04-08T09:18:08.822+0000] {processor.py:826} INFO - Processing file /home/airflow/.local/lib/python3.7/site-packages/airflow/example_dags/example_branch_day_of_week_operator.py for tasks to queue
[2025-04-08T09:18:08.823+0000] {logging_mixin.py:149} INFO - [2025-04-08T09:18:08.823+0000] {dagbag.py:541} INFO - Filling up the DagBag from /home/airflow/.local/lib/python3.7/site-packages/airflow/example_dags/example_branch_day_of_week_operator.py
[2025-04-08T09:18:08.831+0000] {processor.py:836} INFO - DAG(s) dict_keys(['example_weekday_branch_operator']) retrieved from /home/airflow/.local/lib/python3.7/site-packages/airflow/example_dags/example_branch_day_of_week_operator.py
[2025-04-08T09:18:08.864+0000] {logging_mixin.py:149} INFO - [2025-04-08T09:18:08.864+0000] {dag.py:2726} INFO - Sync 1 DAGs
[2025-04-08T09:18:08.899+0000] {logging_mixin.py:149} INFO - [2025-04-08T09:18:08.899+0000] {dag.py:3490} INFO - Setting next_dagrun for example_weekday_branch_operator to 2025-04-07T00:00:00+00:00, run_after=2025-04-08T00:00:00+00:00
[2025-04-08T09:18:08.922+0000] {processor.py:179} INFO - Processing /home/airflow/.local/lib/python3.7/site-packages/airflow/example_dags/example_branch_day_of_week_operator.py took 0.105 seconds
[2025-04-08T09:18:39.485+0000] {processor.py:157} INFO - Started process (PID=1324) to work on /home/airflow/.local/lib/python3.7/site-packages/airflow/example_dags/example_branch_day_of_week_operator.py
[2025-04-08T09:18:39.486+0000] {processor.py:826} INFO - Processing file /home/airflow/.local/lib/python3.7/site-packages/airflow/example_dags/example_branch_day_of_week_operator.py for tasks to queue
[2025-04-08T09:18:39.486+0000] {logging_mixin.py:149} INFO - [2025-04-08T09:18:39.486+0000] {dagbag.py:541} INFO - Filling up the DagBag from /home/airflow/.local/lib/python3.7/site-packages/airflow/example_dags/example_branch_day_of_week_operator.py
[2025-04-08T09:18:39.493+0000] {processor.py:836} INFO - DAG(s) dict_keys(['example_weekday_branch_operator']) retrieved from /home/airflow/.local/lib/python3.7/site-packages/airflow/example_dags/example_branch_day_of_week_operator.py
[2025-04-08T09:18:39.520+0000] {logging_mixin.py:149} INFO - [2025-04-08T09:18:39.520+0000] {dag.py:2726} INFO - Sync 1 DAGs
[2025-04-08T09:18:39.549+0000] {logging_mixin.py:149} INFO - [2025-04-08T09:18:39.548+0000] {dag.py:3490} INFO - Setting next_dagrun for example_weekday_branch_operator to 2025-04-07T00:00:00+00:00, run_after=2025-04-08T00:00:00+00:00
[2025-04-08T09:18:39.569+0000] {processor.py:179} INFO - Processing /home/airflow/.local/lib/python3.7/site-packages/airflow/example_dags/example_branch_day_of_week_operator.py took 0.087 seconds
