[2025-04-08T09:11:55.912+0000] {processor.py:157} INFO - Started process (PID=72) to work on /home/airflow/.local/lib/python3.7/site-packages/airflow/example_dags/example_short_circuit_decorator.py
[2025-04-08T09:11:55.913+0000] {processor.py:826} INFO - Processing file /home/airflow/.local/lib/python3.7/site-packages/airflow/example_dags/example_short_circuit_decorator.py for tasks to queue
[2025-04-08T09:11:55.914+0000] {logging_mixin.py:149} INFO - [2025-04-08T09:11:55.914+0000] {dagbag.py:541} INFO - Filling up the DagBag from /home/airflow/.local/lib/python3.7/site-packages/airflow/example_dags/example_short_circuit_decorator.py
[2025-04-08T09:11:55.924+0000] {processor.py:836} INFO - DAG(s) dict_keys(['example_short_circuit_decorator']) retrieved from /home/airflow/.local/lib/python3.7/site-packages/airflow/example_dags/example_short_circuit_decorator.py
[2025-04-08T09:11:55.959+0000] {logging_mixin.py:149} INFO - [2025-04-08T09:11:55.958+0000] {dag.py:2726} INFO - Sync 1 DAGs
[2025-04-08T09:11:55.989+0000] {logging_mixin.py:149} INFO - [2025-04-08T09:11:55.988+0000] {dag.py:3490} INFO - Setting next_dagrun for example_short_circuit_decorator to 2025-04-07T09:11:55.988546+00:00, run_after=2025-04-08T09:11:55.988546+00:00
[2025-04-08T09:11:56.015+0000] {processor.py:179} INFO - Processing /home/airflow/.local/lib/python3.7/site-packages/airflow/example_dags/example_short_circuit_decorator.py took 0.106 seconds
[2025-04-08T09:12:26.921+0000] {processor.py:157} INFO - Started process (PID=199) to work on /home/airflow/.local/lib/python3.7/site-packages/airflow/example_dags/example_short_circuit_decorator.py
[2025-04-08T09:12:26.922+0000] {processor.py:826} INFO - Processing file /home/airflow/.local/lib/python3.7/site-packages/airflow/example_dags/example_short_circuit_decorator.py for tasks to queue
[2025-04-08T09:12:26.923+0000] {logging_mixin.py:149} INFO - [2025-04-08T09:12:26.923+0000] {dagbag.py:541} INFO - Filling up the DagBag from /home/airflow/.local/lib/python3.7/site-packages/airflow/example_dags/example_short_circuit_decorator.py
[2025-04-08T09:12:26.932+0000] {processor.py:836} INFO - DAG(s) dict_keys(['example_short_circuit_decorator']) retrieved from /home/airflow/.local/lib/python3.7/site-packages/airflow/example_dags/example_short_circuit_decorator.py
[2025-04-08T09:12:26.964+0000] {logging_mixin.py:149} INFO - [2025-04-08T09:12:26.963+0000] {dag.py:2726} INFO - Sync 1 DAGs
[2025-04-08T09:12:26.991+0000] {logging_mixin.py:149} INFO - [2025-04-08T09:12:26.991+0000] {dag.py:3490} INFO - Setting next_dagrun for example_short_circuit_decorator to 2025-04-07T09:12:26.991309+00:00, run_after=2025-04-08T09:12:26.991309+00:00
[2025-04-08T09:12:27.013+0000] {processor.py:179} INFO - Processing /home/airflow/.local/lib/python3.7/site-packages/airflow/example_dags/example_short_circuit_decorator.py took 0.096 seconds
[2025-04-08T09:12:58.006+0000] {processor.py:157} INFO - Started process (PID=297) to work on /home/airflow/.local/lib/python3.7/site-packages/airflow/example_dags/example_short_circuit_decorator.py
[2025-04-08T09:12:58.007+0000] {processor.py:826} INFO - Processing file /home/airflow/.local/lib/python3.7/site-packages/airflow/example_dags/example_short_circuit_decorator.py for tasks to queue
[2025-04-08T09:12:58.008+0000] {logging_mixin.py:149} INFO - [2025-04-08T09:12:58.008+0000] {dagbag.py:541} INFO - Filling up the DagBag from /home/airflow/.local/lib/python3.7/site-packages/airflow/example_dags/example_short_circuit_decorator.py
[2025-04-08T09:12:58.017+0000] {processor.py:836} INFO - DAG(s) dict_keys(['example_short_circuit_decorator']) retrieved from /home/airflow/.local/lib/python3.7/site-packages/airflow/example_dags/example_short_circuit_decorator.py
[2025-04-08T09:12:58.045+0000] {logging_mixin.py:149} INFO - [2025-04-08T09:12:58.045+0000] {dag.py:2726} INFO - Sync 1 DAGs
[2025-04-08T09:12:58.189+0000] {logging_mixin.py:149} INFO - [2025-04-08T09:12:58.189+0000] {dag.py:3490} INFO - Setting next_dagrun for example_short_circuit_decorator to 2025-04-07T09:12:58.189097+00:00, run_after=2025-04-08T09:12:58.189097+00:00
[2025-04-08T09:12:58.209+0000] {processor.py:179} INFO - Processing /home/airflow/.local/lib/python3.7/site-packages/airflow/example_dags/example_short_circuit_decorator.py took 0.208 seconds
[2025-04-08T09:13:29.178+0000] {processor.py:157} INFO - Started process (PID=388) to work on /home/airflow/.local/lib/python3.7/site-packages/airflow/example_dags/example_short_circuit_decorator.py
[2025-04-08T09:13:29.179+0000] {processor.py:826} INFO - Processing file /home/airflow/.local/lib/python3.7/site-packages/airflow/example_dags/example_short_circuit_decorator.py for tasks to queue
[2025-04-08T09:13:29.180+0000] {logging_mixin.py:149} INFO - [2025-04-08T09:13:29.180+0000] {dagbag.py:541} INFO - Filling up the DagBag from /home/airflow/.local/lib/python3.7/site-packages/airflow/example_dags/example_short_circuit_decorator.py
[2025-04-08T09:13:29.189+0000] {processor.py:836} INFO - DAG(s) dict_keys(['example_short_circuit_decorator']) retrieved from /home/airflow/.local/lib/python3.7/site-packages/airflow/example_dags/example_short_circuit_decorator.py
[2025-04-08T09:13:29.220+0000] {logging_mixin.py:149} INFO - [2025-04-08T09:13:29.220+0000] {dag.py:2726} INFO - Sync 1 DAGs
[2025-04-08T09:13:29.249+0000] {logging_mixin.py:149} INFO - [2025-04-08T09:13:29.249+0000] {dag.py:3490} INFO - Setting next_dagrun for example_short_circuit_decorator to 2025-04-07T09:13:29.249242+00:00, run_after=2025-04-08T09:13:29.249242+00:00
[2025-04-08T09:13:29.276+0000] {processor.py:179} INFO - Processing /home/airflow/.local/lib/python3.7/site-packages/airflow/example_dags/example_short_circuit_decorator.py took 0.101 seconds
[2025-04-08T09:13:59.776+0000] {processor.py:157} INFO - Started process (PID=478) to work on /home/airflow/.local/lib/python3.7/site-packages/airflow/example_dags/example_short_circuit_decorator.py
[2025-04-08T09:13:59.777+0000] {processor.py:826} INFO - Processing file /home/airflow/.local/lib/python3.7/site-packages/airflow/example_dags/example_short_circuit_decorator.py for tasks to queue
[2025-04-08T09:13:59.779+0000] {logging_mixin.py:149} INFO - [2025-04-08T09:13:59.778+0000] {dagbag.py:541} INFO - Filling up the DagBag from /home/airflow/.local/lib/python3.7/site-packages/airflow/example_dags/example_short_circuit_decorator.py
[2025-04-08T09:13:59.790+0000] {processor.py:836} INFO - DAG(s) dict_keys(['example_short_circuit_decorator']) retrieved from /home/airflow/.local/lib/python3.7/site-packages/airflow/example_dags/example_short_circuit_decorator.py
[2025-04-08T09:13:59.817+0000] {logging_mixin.py:149} INFO - [2025-04-08T09:13:59.817+0000] {dag.py:2726} INFO - Sync 1 DAGs
[2025-04-08T09:13:59.843+0000] {logging_mixin.py:149} INFO - [2025-04-08T09:13:59.843+0000] {dag.py:3490} INFO - Setting next_dagrun for example_short_circuit_decorator to 2025-04-07T09:13:59.843307+00:00, run_after=2025-04-08T09:13:59.843307+00:00
[2025-04-08T09:13:59.865+0000] {processor.py:179} INFO - Processing /home/airflow/.local/lib/python3.7/site-packages/airflow/example_dags/example_short_circuit_decorator.py took 0.092 seconds
[2025-04-08T09:14:31.034+0000] {processor.py:157} INFO - Started process (PID=570) to work on /home/airflow/.local/lib/python3.7/site-packages/airflow/example_dags/example_short_circuit_decorator.py
[2025-04-08T09:14:31.034+0000] {processor.py:826} INFO - Processing file /home/airflow/.local/lib/python3.7/site-packages/airflow/example_dags/example_short_circuit_decorator.py for tasks to queue
[2025-04-08T09:14:31.035+0000] {logging_mixin.py:149} INFO - [2025-04-08T09:14:31.035+0000] {dagbag.py:541} INFO - Filling up the DagBag from /home/airflow/.local/lib/python3.7/site-packages/airflow/example_dags/example_short_circuit_decorator.py
[2025-04-08T09:14:31.045+0000] {processor.py:836} INFO - DAG(s) dict_keys(['example_short_circuit_decorator']) retrieved from /home/airflow/.local/lib/python3.7/site-packages/airflow/example_dags/example_short_circuit_decorator.py
[2025-04-08T09:14:31.076+0000] {logging_mixin.py:149} INFO - [2025-04-08T09:14:31.076+0000] {dag.py:2726} INFO - Sync 1 DAGs
[2025-04-08T09:14:31.103+0000] {logging_mixin.py:149} INFO - [2025-04-08T09:14:31.102+0000] {dag.py:3490} INFO - Setting next_dagrun for example_short_circuit_decorator to 2025-04-07T09:14:31.102448+00:00, run_after=2025-04-08T09:14:31.102448+00:00
[2025-04-08T09:14:31.124+0000] {processor.py:179} INFO - Processing /home/airflow/.local/lib/python3.7/site-packages/airflow/example_dags/example_short_circuit_decorator.py took 0.094 seconds
[2025-04-08T09:15:02.526+0000] {processor.py:157} INFO - Started process (PID=661) to work on /home/airflow/.local/lib/python3.7/site-packages/airflow/example_dags/example_short_circuit_decorator.py
[2025-04-08T09:15:02.528+0000] {processor.py:826} INFO - Processing file /home/airflow/.local/lib/python3.7/site-packages/airflow/example_dags/example_short_circuit_decorator.py for tasks to queue
[2025-04-08T09:15:02.528+0000] {logging_mixin.py:149} INFO - [2025-04-08T09:15:02.528+0000] {dagbag.py:541} INFO - Filling up the DagBag from /home/airflow/.local/lib/python3.7/site-packages/airflow/example_dags/example_short_circuit_decorator.py
[2025-04-08T09:15:02.539+0000] {processor.py:836} INFO - DAG(s) dict_keys(['example_short_circuit_decorator']) retrieved from /home/airflow/.local/lib/python3.7/site-packages/airflow/example_dags/example_short_circuit_decorator.py
[2025-04-08T09:15:02.566+0000] {logging_mixin.py:149} INFO - [2025-04-08T09:15:02.565+0000] {dag.py:2726} INFO - Sync 1 DAGs
[2025-04-08T09:15:02.591+0000] {logging_mixin.py:149} INFO - [2025-04-08T09:15:02.590+0000] {dag.py:3490} INFO - Setting next_dagrun for example_short_circuit_decorator to 2025-04-07T09:15:02.590740+00:00, run_after=2025-04-08T09:15:02.590740+00:00
[2025-04-08T09:15:02.613+0000] {processor.py:179} INFO - Processing /home/airflow/.local/lib/python3.7/site-packages/airflow/example_dags/example_short_circuit_decorator.py took 0.090 seconds
[2025-04-08T09:15:33.672+0000] {processor.py:157} INFO - Started process (PID=752) to work on /home/airflow/.local/lib/python3.7/site-packages/airflow/example_dags/example_short_circuit_decorator.py
[2025-04-08T09:15:33.673+0000] {processor.py:826} INFO - Processing file /home/airflow/.local/lib/python3.7/site-packages/airflow/example_dags/example_short_circuit_decorator.py for tasks to queue
[2025-04-08T09:15:33.674+0000] {logging_mixin.py:149} INFO - [2025-04-08T09:15:33.674+0000] {dagbag.py:541} INFO - Filling up the DagBag from /home/airflow/.local/lib/python3.7/site-packages/airflow/example_dags/example_short_circuit_decorator.py
[2025-04-08T09:15:33.683+0000] {processor.py:836} INFO - DAG(s) dict_keys(['example_short_circuit_decorator']) retrieved from /home/airflow/.local/lib/python3.7/site-packages/airflow/example_dags/example_short_circuit_decorator.py
[2025-04-08T09:15:33.710+0000] {logging_mixin.py:149} INFO - [2025-04-08T09:15:33.710+0000] {dag.py:2726} INFO - Sync 1 DAGs
[2025-04-08T09:15:33.735+0000] {logging_mixin.py:149} INFO - [2025-04-08T09:15:33.735+0000] {dag.py:3490} INFO - Setting next_dagrun for example_short_circuit_decorator to 2025-04-07T09:15:33.735290+00:00, run_after=2025-04-08T09:15:33.735290+00:00
[2025-04-08T09:15:33.756+0000] {processor.py:179} INFO - Processing /home/airflow/.local/lib/python3.7/site-packages/airflow/example_dags/example_short_circuit_decorator.py took 0.087 seconds
[2025-04-08T09:16:04.856+0000] {processor.py:157} INFO - Started process (PID=843) to work on /home/airflow/.local/lib/python3.7/site-packages/airflow/example_dags/example_short_circuit_decorator.py
[2025-04-08T09:16:04.857+0000] {processor.py:826} INFO - Processing file /home/airflow/.local/lib/python3.7/site-packages/airflow/example_dags/example_short_circuit_decorator.py for tasks to queue
[2025-04-08T09:16:04.858+0000] {logging_mixin.py:149} INFO - [2025-04-08T09:16:04.857+0000] {dagbag.py:541} INFO - Filling up the DagBag from /home/airflow/.local/lib/python3.7/site-packages/airflow/example_dags/example_short_circuit_decorator.py
[2025-04-08T09:16:04.867+0000] {processor.py:836} INFO - DAG(s) dict_keys(['example_short_circuit_decorator']) retrieved from /home/airflow/.local/lib/python3.7/site-packages/airflow/example_dags/example_short_circuit_decorator.py
[2025-04-08T09:16:04.895+0000] {logging_mixin.py:149} INFO - [2025-04-08T09:16:04.895+0000] {dag.py:2726} INFO - Sync 1 DAGs
[2025-04-08T09:16:04.921+0000] {logging_mixin.py:149} INFO - [2025-04-08T09:16:04.921+0000] {dag.py:3490} INFO - Setting next_dagrun for example_short_circuit_decorator to 2025-04-07T09:16:04.921446+00:00, run_after=2025-04-08T09:16:04.921446+00:00
[2025-04-08T09:16:04.943+0000] {processor.py:179} INFO - Processing /home/airflow/.local/lib/python3.7/site-packages/airflow/example_dags/example_short_circuit_decorator.py took 0.091 seconds
[2025-04-08T09:16:35.465+0000] {processor.py:157} INFO - Started process (PID=934) to work on /home/airflow/.local/lib/python3.7/site-packages/airflow/example_dags/example_short_circuit_decorator.py
[2025-04-08T09:16:35.466+0000] {processor.py:826} INFO - Processing file /home/airflow/.local/lib/python3.7/site-packages/airflow/example_dags/example_short_circuit_decorator.py for tasks to queue
[2025-04-08T09:16:35.466+0000] {logging_mixin.py:149} INFO - [2025-04-08T09:16:35.466+0000] {dagbag.py:541} INFO - Filling up the DagBag from /home/airflow/.local/lib/python3.7/site-packages/airflow/example_dags/example_short_circuit_decorator.py
[2025-04-08T09:16:35.476+0000] {processor.py:836} INFO - DAG(s) dict_keys(['example_short_circuit_decorator']) retrieved from /home/airflow/.local/lib/python3.7/site-packages/airflow/example_dags/example_short_circuit_decorator.py
[2025-04-08T09:16:35.504+0000] {logging_mixin.py:149} INFO - [2025-04-08T09:16:35.504+0000] {dag.py:2726} INFO - Sync 1 DAGs
[2025-04-08T09:16:35.530+0000] {logging_mixin.py:149} INFO - [2025-04-08T09:16:35.530+0000] {dag.py:3490} INFO - Setting next_dagrun for example_short_circuit_decorator to 2025-04-07T09:16:35.530313+00:00, run_after=2025-04-08T09:16:35.530313+00:00
[2025-04-08T09:16:35.552+0000] {processor.py:179} INFO - Processing /home/airflow/.local/lib/python3.7/site-packages/airflow/example_dags/example_short_circuit_decorator.py took 0.090 seconds
[2025-04-08T09:17:05.724+0000] {processor.py:157} INFO - Started process (PID=1012) to work on /home/airflow/.local/lib/python3.7/site-packages/airflow/example_dags/example_short_circuit_decorator.py
[2025-04-08T09:17:05.725+0000] {processor.py:826} INFO - Processing file /home/airflow/.local/lib/python3.7/site-packages/airflow/example_dags/example_short_circuit_decorator.py for tasks to queue
[2025-04-08T09:17:05.726+0000] {logging_mixin.py:149} INFO - [2025-04-08T09:17:05.726+0000] {dagbag.py:541} INFO - Filling up the DagBag from /home/airflow/.local/lib/python3.7/site-packages/airflow/example_dags/example_short_circuit_decorator.py
[2025-04-08T09:17:05.739+0000] {processor.py:836} INFO - DAG(s) dict_keys(['example_short_circuit_decorator']) retrieved from /home/airflow/.local/lib/python3.7/site-packages/airflow/example_dags/example_short_circuit_decorator.py
[2025-04-08T09:17:05.768+0000] {logging_mixin.py:149} INFO - [2025-04-08T09:17:05.768+0000] {dag.py:2726} INFO - Sync 1 DAGs
[2025-04-08T09:17:05.795+0000] {logging_mixin.py:149} INFO - [2025-04-08T09:17:05.795+0000] {dag.py:3490} INFO - Setting next_dagrun for example_short_circuit_decorator to 2025-04-07T09:17:05.794908+00:00, run_after=2025-04-08T09:17:05.794908+00:00
[2025-04-08T09:17:05.819+0000] {processor.py:179} INFO - Processing /home/airflow/.local/lib/python3.7/site-packages/airflow/example_dags/example_short_circuit_decorator.py took 0.099 seconds
[2025-04-08T09:17:35.883+0000] {processor.py:157} INFO - Started process (PID=1090) to work on /home/airflow/.local/lib/python3.7/site-packages/airflow/example_dags/example_short_circuit_decorator.py
[2025-04-08T09:17:35.884+0000] {processor.py:826} INFO - Processing file /home/airflow/.local/lib/python3.7/site-packages/airflow/example_dags/example_short_circuit_decorator.py for tasks to queue
[2025-04-08T09:17:35.885+0000] {logging_mixin.py:149} INFO - [2025-04-08T09:17:35.885+0000] {dagbag.py:541} INFO - Filling up the DagBag from /home/airflow/.local/lib/python3.7/site-packages/airflow/example_dags/example_short_circuit_decorator.py
[2025-04-08T09:17:35.894+0000] {processor.py:836} INFO - DAG(s) dict_keys(['example_short_circuit_decorator']) retrieved from /home/airflow/.local/lib/python3.7/site-packages/airflow/example_dags/example_short_circuit_decorator.py
[2025-04-08T09:17:35.920+0000] {logging_mixin.py:149} INFO - [2025-04-08T09:17:35.919+0000] {dag.py:2726} INFO - Sync 1 DAGs
[2025-04-08T09:17:35.949+0000] {logging_mixin.py:149} INFO - [2025-04-08T09:17:35.949+0000] {dag.py:3490} INFO - Setting next_dagrun for example_short_circuit_decorator to 2025-04-07T09:17:35.949001+00:00, run_after=2025-04-08T09:17:35.949001+00:00
[2025-04-08T09:17:35.981+0000] {processor.py:179} INFO - Processing /home/airflow/.local/lib/python3.7/site-packages/airflow/example_dags/example_short_circuit_decorator.py took 0.102 seconds
[2025-04-08T09:18:06.361+0000] {processor.py:157} INFO - Started process (PID=1181) to work on /home/airflow/.local/lib/python3.7/site-packages/airflow/example_dags/example_short_circuit_decorator.py
[2025-04-08T09:18:06.363+0000] {processor.py:826} INFO - Processing file /home/airflow/.local/lib/python3.7/site-packages/airflow/example_dags/example_short_circuit_decorator.py for tasks to queue
[2025-04-08T09:18:06.363+0000] {logging_mixin.py:149} INFO - [2025-04-08T09:18:06.363+0000] {dagbag.py:541} INFO - Filling up the DagBag from /home/airflow/.local/lib/python3.7/site-packages/airflow/example_dags/example_short_circuit_decorator.py
[2025-04-08T09:18:06.373+0000] {processor.py:836} INFO - DAG(s) dict_keys(['example_short_circuit_decorator']) retrieved from /home/airflow/.local/lib/python3.7/site-packages/airflow/example_dags/example_short_circuit_decorator.py
[2025-04-08T09:18:06.402+0000] {logging_mixin.py:149} INFO - [2025-04-08T09:18:06.401+0000] {dag.py:2726} INFO - Sync 1 DAGs
[2025-04-08T09:18:06.433+0000] {logging_mixin.py:149} INFO - [2025-04-08T09:18:06.433+0000] {dag.py:3490} INFO - Setting next_dagrun for example_short_circuit_decorator to 2025-04-07T09:18:06.433184+00:00, run_after=2025-04-08T09:18:06.433184+00:00
[2025-04-08T09:18:06.457+0000] {processor.py:179} INFO - Processing /home/airflow/.local/lib/python3.7/site-packages/airflow/example_dags/example_short_circuit_decorator.py took 0.100 seconds
[2025-04-08T09:18:36.923+0000] {processor.py:157} INFO - Started process (PID=1272) to work on /home/airflow/.local/lib/python3.7/site-packages/airflow/example_dags/example_short_circuit_decorator.py
[2025-04-08T09:18:36.924+0000] {processor.py:826} INFO - Processing file /home/airflow/.local/lib/python3.7/site-packages/airflow/example_dags/example_short_circuit_decorator.py for tasks to queue
[2025-04-08T09:18:36.925+0000] {logging_mixin.py:149} INFO - [2025-04-08T09:18:36.925+0000] {dagbag.py:541} INFO - Filling up the DagBag from /home/airflow/.local/lib/python3.7/site-packages/airflow/example_dags/example_short_circuit_decorator.py
[2025-04-08T09:18:36.934+0000] {processor.py:836} INFO - DAG(s) dict_keys(['example_short_circuit_decorator']) retrieved from /home/airflow/.local/lib/python3.7/site-packages/airflow/example_dags/example_short_circuit_decorator.py
[2025-04-08T09:18:36.963+0000] {logging_mixin.py:149} INFO - [2025-04-08T09:18:36.963+0000] {dag.py:2726} INFO - Sync 1 DAGs
[2025-04-08T09:18:36.992+0000] {logging_mixin.py:149} INFO - [2025-04-08T09:18:36.991+0000] {dag.py:3490} INFO - Setting next_dagrun for example_short_circuit_decorator to 2025-04-07T09:18:36.991474+00:00, run_after=2025-04-08T09:18:36.991474+00:00
[2025-04-08T09:18:37.016+0000] {processor.py:179} INFO - Processing /home/airflow/.local/lib/python3.7/site-packages/airflow/example_dags/example_short_circuit_decorator.py took 0.097 seconds
