[2025-04-08T09:11:59.845+0000] {processor.py:157} INFO - Started process (PID=114) to work on /home/airflow/.local/lib/python3.7/site-packages/airflow/example_dags/example_sla_dag.py
[2025-04-08T09:11:59.846+0000] {processor.py:826} INFO - Processing file /home/airflow/.local/lib/python3.7/site-packages/airflow/example_dags/example_sla_dag.py for tasks to queue
[2025-04-08T09:11:59.847+0000] {logging_mixin.py:149} INFO - [2025-04-08T09:11:59.847+0000] {dagbag.py:541} INFO - Filling up the DagBag from /home/airflow/.local/lib/python3.7/site-packages/airflow/example_dags/example_sla_dag.py
[2025-04-08T09:11:59.854+0000] {processor.py:836} INFO - DAG(s) dict_keys(['example_sla_dag']) retrieved from /home/airflow/.local/lib/python3.7/site-packages/airflow/example_dags/example_sla_dag.py
[2025-04-08T09:11:59.881+0000] {logging_mixin.py:149} INFO - [2025-04-08T09:11:59.881+0000] {dag.py:2726} INFO - Sync 1 DAGs
[2025-04-08T09:11:59.917+0000] {logging_mixin.py:149} INFO - [2025-04-08T09:11:59.917+0000] {dag.py:3490} INFO - Setting next_dagrun for example_sla_dag to 2025-04-08T09:08:00+00:00, run_after=2025-04-08T09:10:00+00:00
[2025-04-08T09:11:59.946+0000] {processor.py:179} INFO - Processing /home/airflow/.local/lib/python3.7/site-packages/airflow/example_dags/example_sla_dag.py took 0.104 seconds
[2025-04-08T09:12:30.664+0000] {processor.py:157} INFO - Started process (PID=241) to work on /home/airflow/.local/lib/python3.7/site-packages/airflow/example_dags/example_sla_dag.py
[2025-04-08T09:12:30.665+0000] {processor.py:826} INFO - Processing file /home/airflow/.local/lib/python3.7/site-packages/airflow/example_dags/example_sla_dag.py for tasks to queue
[2025-04-08T09:12:30.666+0000] {logging_mixin.py:149} INFO - [2025-04-08T09:12:30.666+0000] {dagbag.py:541} INFO - Filling up the DagBag from /home/airflow/.local/lib/python3.7/site-packages/airflow/example_dags/example_sla_dag.py
[2025-04-08T09:12:30.675+0000] {processor.py:836} INFO - DAG(s) dict_keys(['example_sla_dag']) retrieved from /home/airflow/.local/lib/python3.7/site-packages/airflow/example_dags/example_sla_dag.py
[2025-04-08T09:12:30.701+0000] {logging_mixin.py:149} INFO - [2025-04-08T09:12:30.701+0000] {dag.py:2726} INFO - Sync 1 DAGs
[2025-04-08T09:12:30.734+0000] {logging_mixin.py:149} INFO - [2025-04-08T09:12:30.734+0000] {dag.py:3490} INFO - Setting next_dagrun for example_sla_dag to 2025-04-08T09:10:00+00:00, run_after=2025-04-08T09:12:00+00:00
[2025-04-08T09:12:30.887+0000] {processor.py:179} INFO - Processing /home/airflow/.local/lib/python3.7/site-packages/airflow/example_dags/example_sla_dag.py took 0.228 seconds
[2025-04-08T09:13:02.364+0000] {processor.py:157} INFO - Started process (PID=332) to work on /home/airflow/.local/lib/python3.7/site-packages/airflow/example_dags/example_sla_dag.py
[2025-04-08T09:13:02.365+0000] {processor.py:826} INFO - Processing file /home/airflow/.local/lib/python3.7/site-packages/airflow/example_dags/example_sla_dag.py for tasks to queue
[2025-04-08T09:13:02.366+0000] {logging_mixin.py:149} INFO - [2025-04-08T09:13:02.366+0000] {dagbag.py:541} INFO - Filling up the DagBag from /home/airflow/.local/lib/python3.7/site-packages/airflow/example_dags/example_sla_dag.py
[2025-04-08T09:13:02.375+0000] {processor.py:836} INFO - DAG(s) dict_keys(['example_sla_dag']) retrieved from /home/airflow/.local/lib/python3.7/site-packages/airflow/example_dags/example_sla_dag.py
[2025-04-08T09:13:02.510+0000] {logging_mixin.py:149} INFO - [2025-04-08T09:13:02.510+0000] {dag.py:2726} INFO - Sync 1 DAGs
[2025-04-08T09:13:02.538+0000] {logging_mixin.py:149} INFO - [2025-04-08T09:13:02.538+0000] {dag.py:3490} INFO - Setting next_dagrun for example_sla_dag to 2025-04-08T09:10:00+00:00, run_after=2025-04-08T09:12:00+00:00
[2025-04-08T09:13:02.559+0000] {processor.py:179} INFO - Processing /home/airflow/.local/lib/python3.7/site-packages/airflow/example_dags/example_sla_dag.py took 0.198 seconds
[2025-04-08T09:13:32.749+0000] {processor.py:157} INFO - Started process (PID=423) to work on /home/airflow/.local/lib/python3.7/site-packages/airflow/example_dags/example_sla_dag.py
[2025-04-08T09:13:32.750+0000] {processor.py:826} INFO - Processing file /home/airflow/.local/lib/python3.7/site-packages/airflow/example_dags/example_sla_dag.py for tasks to queue
[2025-04-08T09:13:32.751+0000] {logging_mixin.py:149} INFO - [2025-04-08T09:13:32.751+0000] {dagbag.py:541} INFO - Filling up the DagBag from /home/airflow/.local/lib/python3.7/site-packages/airflow/example_dags/example_sla_dag.py
[2025-04-08T09:13:32.760+0000] {processor.py:836} INFO - DAG(s) dict_keys(['example_sla_dag']) retrieved from /home/airflow/.local/lib/python3.7/site-packages/airflow/example_dags/example_sla_dag.py
[2025-04-08T09:13:32.786+0000] {logging_mixin.py:149} INFO - [2025-04-08T09:13:32.786+0000] {dag.py:2726} INFO - Sync 1 DAGs
[2025-04-08T09:13:32.818+0000] {logging_mixin.py:149} INFO - [2025-04-08T09:13:32.818+0000] {dag.py:3490} INFO - Setting next_dagrun for example_sla_dag to 2025-04-08T09:10:00+00:00, run_after=2025-04-08T09:12:00+00:00
[2025-04-08T09:13:32.840+0000] {processor.py:179} INFO - Processing /home/airflow/.local/lib/python3.7/site-packages/airflow/example_dags/example_sla_dag.py took 0.095 seconds
[2025-04-08T09:14:03.038+0000] {processor.py:157} INFO - Started process (PID=514) to work on /home/airflow/.local/lib/python3.7/site-packages/airflow/example_dags/example_sla_dag.py
[2025-04-08T09:14:03.039+0000] {processor.py:826} INFO - Processing file /home/airflow/.local/lib/python3.7/site-packages/airflow/example_dags/example_sla_dag.py for tasks to queue
[2025-04-08T09:14:03.040+0000] {logging_mixin.py:149} INFO - [2025-04-08T09:14:03.040+0000] {dagbag.py:541} INFO - Filling up the DagBag from /home/airflow/.local/lib/python3.7/site-packages/airflow/example_dags/example_sla_dag.py
[2025-04-08T09:14:03.048+0000] {processor.py:836} INFO - DAG(s) dict_keys(['example_sla_dag']) retrieved from /home/airflow/.local/lib/python3.7/site-packages/airflow/example_dags/example_sla_dag.py
[2025-04-08T09:14:03.073+0000] {logging_mixin.py:149} INFO - [2025-04-08T09:14:03.072+0000] {dag.py:2726} INFO - Sync 1 DAGs
[2025-04-08T09:14:03.104+0000] {logging_mixin.py:149} INFO - [2025-04-08T09:14:03.104+0000] {dag.py:3490} INFO - Setting next_dagrun for example_sla_dag to 2025-04-08T09:12:00+00:00, run_after=2025-04-08T09:14:00+00:00
[2025-04-08T09:14:03.128+0000] {processor.py:179} INFO - Processing /home/airflow/.local/lib/python3.7/site-packages/airflow/example_dags/example_sla_dag.py took 0.094 seconds
[2025-04-08T09:14:33.406+0000] {processor.py:157} INFO - Started process (PID=605) to work on /home/airflow/.local/lib/python3.7/site-packages/airflow/example_dags/example_sla_dag.py
[2025-04-08T09:14:33.407+0000] {processor.py:826} INFO - Processing file /home/airflow/.local/lib/python3.7/site-packages/airflow/example_dags/example_sla_dag.py for tasks to queue
[2025-04-08T09:14:33.408+0000] {logging_mixin.py:149} INFO - [2025-04-08T09:14:33.408+0000] {dagbag.py:541} INFO - Filling up the DagBag from /home/airflow/.local/lib/python3.7/site-packages/airflow/example_dags/example_sla_dag.py
[2025-04-08T09:14:33.416+0000] {processor.py:836} INFO - DAG(s) dict_keys(['example_sla_dag']) retrieved from /home/airflow/.local/lib/python3.7/site-packages/airflow/example_dags/example_sla_dag.py
[2025-04-08T09:14:33.442+0000] {logging_mixin.py:149} INFO - [2025-04-08T09:14:33.441+0000] {dag.py:2726} INFO - Sync 1 DAGs
[2025-04-08T09:14:33.469+0000] {logging_mixin.py:149} INFO - [2025-04-08T09:14:33.469+0000] {dag.py:3490} INFO - Setting next_dagrun for example_sla_dag to 2025-04-08T09:12:00+00:00, run_after=2025-04-08T09:14:00+00:00
[2025-04-08T09:14:33.489+0000] {processor.py:179} INFO - Processing /home/airflow/.local/lib/python3.7/site-packages/airflow/example_dags/example_sla_dag.py took 0.086 seconds
[2025-04-08T09:15:04.534+0000] {processor.py:157} INFO - Started process (PID=696) to work on /home/airflow/.local/lib/python3.7/site-packages/airflow/example_dags/example_sla_dag.py
[2025-04-08T09:15:04.535+0000] {processor.py:826} INFO - Processing file /home/airflow/.local/lib/python3.7/site-packages/airflow/example_dags/example_sla_dag.py for tasks to queue
[2025-04-08T09:15:04.536+0000] {logging_mixin.py:149} INFO - [2025-04-08T09:15:04.535+0000] {dagbag.py:541} INFO - Filling up the DagBag from /home/airflow/.local/lib/python3.7/site-packages/airflow/example_dags/example_sla_dag.py
[2025-04-08T09:15:04.544+0000] {processor.py:836} INFO - DAG(s) dict_keys(['example_sla_dag']) retrieved from /home/airflow/.local/lib/python3.7/site-packages/airflow/example_dags/example_sla_dag.py
[2025-04-08T09:15:04.570+0000] {logging_mixin.py:149} INFO - [2025-04-08T09:15:04.570+0000] {dag.py:2726} INFO - Sync 1 DAGs
[2025-04-08T09:15:04.598+0000] {logging_mixin.py:149} INFO - [2025-04-08T09:15:04.598+0000] {dag.py:3490} INFO - Setting next_dagrun for example_sla_dag to 2025-04-08T09:12:00+00:00, run_after=2025-04-08T09:14:00+00:00
[2025-04-08T09:15:04.618+0000] {processor.py:179} INFO - Processing /home/airflow/.local/lib/python3.7/site-packages/airflow/example_dags/example_sla_dag.py took 0.087 seconds
[2025-04-08T09:15:35.761+0000] {processor.py:157} INFO - Started process (PID=787) to work on /home/airflow/.local/lib/python3.7/site-packages/airflow/example_dags/example_sla_dag.py
[2025-04-08T09:15:35.763+0000] {processor.py:826} INFO - Processing file /home/airflow/.local/lib/python3.7/site-packages/airflow/example_dags/example_sla_dag.py for tasks to queue
[2025-04-08T09:15:35.763+0000] {logging_mixin.py:149} INFO - [2025-04-08T09:15:35.763+0000] {dagbag.py:541} INFO - Filling up the DagBag from /home/airflow/.local/lib/python3.7/site-packages/airflow/example_dags/example_sla_dag.py
[2025-04-08T09:15:35.772+0000] {processor.py:836} INFO - DAG(s) dict_keys(['example_sla_dag']) retrieved from /home/airflow/.local/lib/python3.7/site-packages/airflow/example_dags/example_sla_dag.py
[2025-04-08T09:15:35.796+0000] {logging_mixin.py:149} INFO - [2025-04-08T09:15:35.796+0000] {dag.py:2726} INFO - Sync 1 DAGs
[2025-04-08T09:15:35.826+0000] {logging_mixin.py:149} INFO - [2025-04-08T09:15:35.826+0000] {dag.py:3490} INFO - Setting next_dagrun for example_sla_dag to 2025-04-08T09:12:00+00:00, run_after=2025-04-08T09:14:00+00:00
[2025-04-08T09:15:35.845+0000] {processor.py:179} INFO - Processing /home/airflow/.local/lib/python3.7/site-packages/airflow/example_dags/example_sla_dag.py took 0.087 seconds
[2025-04-08T09:16:07.233+0000] {processor.py:157} INFO - Started process (PID=878) to work on /home/airflow/.local/lib/python3.7/site-packages/airflow/example_dags/example_sla_dag.py
[2025-04-08T09:16:07.234+0000] {processor.py:826} INFO - Processing file /home/airflow/.local/lib/python3.7/site-packages/airflow/example_dags/example_sla_dag.py for tasks to queue
[2025-04-08T09:16:07.235+0000] {logging_mixin.py:149} INFO - [2025-04-08T09:16:07.234+0000] {dagbag.py:541} INFO - Filling up the DagBag from /home/airflow/.local/lib/python3.7/site-packages/airflow/example_dags/example_sla_dag.py
[2025-04-08T09:16:07.243+0000] {processor.py:836} INFO - DAG(s) dict_keys(['example_sla_dag']) retrieved from /home/airflow/.local/lib/python3.7/site-packages/airflow/example_dags/example_sla_dag.py
[2025-04-08T09:16:07.270+0000] {logging_mixin.py:149} INFO - [2025-04-08T09:16:07.270+0000] {dag.py:2726} INFO - Sync 1 DAGs
[2025-04-08T09:16:07.299+0000] {logging_mixin.py:149} INFO - [2025-04-08T09:16:07.299+0000] {dag.py:3490} INFO - Setting next_dagrun for example_sla_dag to 2025-04-08T09:14:00+00:00, run_after=2025-04-08T09:16:00+00:00
[2025-04-08T09:16:07.322+0000] {processor.py:179} INFO - Processing /home/airflow/.local/lib/python3.7/site-packages/airflow/example_dags/example_sla_dag.py took 0.093 seconds
[2025-04-08T09:16:37.828+0000] {processor.py:157} INFO - Started process (PID=969) to work on /home/airflow/.local/lib/python3.7/site-packages/airflow/example_dags/example_sla_dag.py
[2025-04-08T09:16:37.829+0000] {processor.py:826} INFO - Processing file /home/airflow/.local/lib/python3.7/site-packages/airflow/example_dags/example_sla_dag.py for tasks to queue
[2025-04-08T09:16:37.829+0000] {logging_mixin.py:149} INFO - [2025-04-08T09:16:37.829+0000] {dagbag.py:541} INFO - Filling up the DagBag from /home/airflow/.local/lib/python3.7/site-packages/airflow/example_dags/example_sla_dag.py
[2025-04-08T09:16:37.838+0000] {processor.py:836} INFO - DAG(s) dict_keys(['example_sla_dag']) retrieved from /home/airflow/.local/lib/python3.7/site-packages/airflow/example_dags/example_sla_dag.py
[2025-04-08T09:16:37.864+0000] {logging_mixin.py:149} INFO - [2025-04-08T09:16:37.863+0000] {dag.py:2726} INFO - Sync 1 DAGs
[2025-04-08T09:16:37.897+0000] {logging_mixin.py:149} INFO - [2025-04-08T09:16:37.897+0000] {dag.py:3490} INFO - Setting next_dagrun for example_sla_dag to 2025-04-08T09:14:00+00:00, run_after=2025-04-08T09:16:00+00:00
[2025-04-08T09:16:37.919+0000] {processor.py:179} INFO - Processing /home/airflow/.local/lib/python3.7/site-packages/airflow/example_dags/example_sla_dag.py took 0.095 seconds
[2025-04-08T09:17:08.258+0000] {processor.py:157} INFO - Started process (PID=1060) to work on /home/airflow/.local/lib/python3.7/site-packages/airflow/example_dags/example_sla_dag.py
[2025-04-08T09:17:08.259+0000] {processor.py:826} INFO - Processing file /home/airflow/.local/lib/python3.7/site-packages/airflow/example_dags/example_sla_dag.py for tasks to queue
[2025-04-08T09:17:08.260+0000] {logging_mixin.py:149} INFO - [2025-04-08T09:17:08.260+0000] {dagbag.py:541} INFO - Filling up the DagBag from /home/airflow/.local/lib/python3.7/site-packages/airflow/example_dags/example_sla_dag.py
[2025-04-08T09:17:08.268+0000] {processor.py:836} INFO - DAG(s) dict_keys(['example_sla_dag']) retrieved from /home/airflow/.local/lib/python3.7/site-packages/airflow/example_dags/example_sla_dag.py
[2025-04-08T09:17:08.291+0000] {logging_mixin.py:149} INFO - [2025-04-08T09:17:08.291+0000] {dag.py:2726} INFO - Sync 1 DAGs
[2025-04-08T09:17:08.319+0000] {logging_mixin.py:149} INFO - [2025-04-08T09:17:08.318+0000] {dag.py:3490} INFO - Setting next_dagrun for example_sla_dag to 2025-04-08T09:14:00+00:00, run_after=2025-04-08T09:16:00+00:00
[2025-04-08T09:17:08.339+0000] {processor.py:179} INFO - Processing /home/airflow/.local/lib/python3.7/site-packages/airflow/example_dags/example_sla_dag.py took 0.084 seconds
[2025-04-08T09:17:38.811+0000] {processor.py:157} INFO - Started process (PID=1151) to work on /home/airflow/.local/lib/python3.7/site-packages/airflow/example_dags/example_sla_dag.py
[2025-04-08T09:17:38.813+0000] {processor.py:826} INFO - Processing file /home/airflow/.local/lib/python3.7/site-packages/airflow/example_dags/example_sla_dag.py for tasks to queue
[2025-04-08T09:17:38.813+0000] {logging_mixin.py:149} INFO - [2025-04-08T09:17:38.813+0000] {dagbag.py:541} INFO - Filling up the DagBag from /home/airflow/.local/lib/python3.7/site-packages/airflow/example_dags/example_sla_dag.py
[2025-04-08T09:17:38.823+0000] {processor.py:836} INFO - DAG(s) dict_keys(['example_sla_dag']) retrieved from /home/airflow/.local/lib/python3.7/site-packages/airflow/example_dags/example_sla_dag.py
[2025-04-08T09:17:38.849+0000] {logging_mixin.py:149} INFO - [2025-04-08T09:17:38.849+0000] {dag.py:2726} INFO - Sync 1 DAGs
[2025-04-08T09:17:38.882+0000] {logging_mixin.py:149} INFO - [2025-04-08T09:17:38.882+0000] {dag.py:3490} INFO - Setting next_dagrun for example_sla_dag to 2025-04-08T09:14:00+00:00, run_after=2025-04-08T09:16:00+00:00
[2025-04-08T09:17:38.906+0000] {processor.py:179} INFO - Processing /home/airflow/.local/lib/python3.7/site-packages/airflow/example_dags/example_sla_dag.py took 0.098 seconds
[2025-04-08T09:18:09.411+0000] {processor.py:157} INFO - Started process (PID=1242) to work on /home/airflow/.local/lib/python3.7/site-packages/airflow/example_dags/example_sla_dag.py
[2025-04-08T09:18:09.412+0000] {processor.py:826} INFO - Processing file /home/airflow/.local/lib/python3.7/site-packages/airflow/example_dags/example_sla_dag.py for tasks to queue
[2025-04-08T09:18:09.413+0000] {logging_mixin.py:149} INFO - [2025-04-08T09:18:09.413+0000] {dagbag.py:541} INFO - Filling up the DagBag from /home/airflow/.local/lib/python3.7/site-packages/airflow/example_dags/example_sla_dag.py
[2025-04-08T09:18:09.421+0000] {processor.py:836} INFO - DAG(s) dict_keys(['example_sla_dag']) retrieved from /home/airflow/.local/lib/python3.7/site-packages/airflow/example_dags/example_sla_dag.py
[2025-04-08T09:18:09.446+0000] {logging_mixin.py:149} INFO - [2025-04-08T09:18:09.446+0000] {dag.py:2726} INFO - Sync 1 DAGs
[2025-04-08T09:18:09.480+0000] {logging_mixin.py:149} INFO - [2025-04-08T09:18:09.480+0000] {dag.py:3490} INFO - Setting next_dagrun for example_sla_dag to 2025-04-08T09:16:00+00:00, run_after=2025-04-08T09:18:00+00:00
[2025-04-08T09:18:09.502+0000] {processor.py:179} INFO - Processing /home/airflow/.local/lib/python3.7/site-packages/airflow/example_dags/example_sla_dag.py took 0.094 seconds
[2025-04-08T09:18:40.048+0000] {processor.py:157} INFO - Started process (PID=1333) to work on /home/airflow/.local/lib/python3.7/site-packages/airflow/example_dags/example_sla_dag.py
[2025-04-08T09:18:40.049+0000] {processor.py:826} INFO - Processing file /home/airflow/.local/lib/python3.7/site-packages/airflow/example_dags/example_sla_dag.py for tasks to queue
[2025-04-08T09:18:40.050+0000] {logging_mixin.py:149} INFO - [2025-04-08T09:18:40.050+0000] {dagbag.py:541} INFO - Filling up the DagBag from /home/airflow/.local/lib/python3.7/site-packages/airflow/example_dags/example_sla_dag.py
[2025-04-08T09:18:40.060+0000] {processor.py:836} INFO - DAG(s) dict_keys(['example_sla_dag']) retrieved from /home/airflow/.local/lib/python3.7/site-packages/airflow/example_dags/example_sla_dag.py
[2025-04-08T09:18:40.087+0000] {logging_mixin.py:149} INFO - [2025-04-08T09:18:40.087+0000] {dag.py:2726} INFO - Sync 1 DAGs
[2025-04-08T09:18:40.119+0000] {logging_mixin.py:149} INFO - [2025-04-08T09:18:40.118+0000] {dag.py:3490} INFO - Setting next_dagrun for example_sla_dag to 2025-04-08T09:16:00+00:00, run_after=2025-04-08T09:18:00+00:00
[2025-04-08T09:18:40.139+0000] {processor.py:179} INFO - Processing /home/airflow/.local/lib/python3.7/site-packages/airflow/example_dags/example_sla_dag.py took 0.094 seconds
