[2025-04-08T09:11:59.779+0000] {processor.py:157} INFO - Started process (PID=113) to work on /home/airflow/.local/lib/python3.7/site-packages/airflow/example_dags/example_complex.py
[2025-04-08T09:11:59.780+0000] {processor.py:826} INFO - Processing file /home/airflow/.local/lib/python3.7/site-packages/airflow/example_dags/example_complex.py for tasks to queue
[2025-04-08T09:11:59.781+0000] {logging_mixin.py:149} INFO - [2025-04-08T09:11:59.781+0000] {dagbag.py:541} INFO - Filling up the DagBag from /home/airflow/.local/lib/python3.7/site-packages/airflow/example_dags/example_complex.py
[2025-04-08T09:11:59.795+0000] {logging_mixin.py:149} INFO - [2025-04-08T09:11:59.795+0000] {taskmixin.py:211} WARNING - Dependency <Task(BashOperator): create_entry_group>, delete_entry_group already registered for DAG: example_complex
[2025-04-08T09:11:59.796+0000] {logging_mixin.py:149} INFO - [2025-04-08T09:11:59.796+0000] {taskmixin.py:211} WARNING - Dependency <Task(BashOperator): delete_entry_group>, create_entry_group already registered for DAG: example_complex
[2025-04-08T09:11:59.796+0000] {logging_mixin.py:149} INFO - [2025-04-08T09:11:59.796+0000] {taskmixin.py:211} WARNING - Dependency <Task(BashOperator): create_entry_gcs>, delete_entry already registered for DAG: example_complex
[2025-04-08T09:11:59.796+0000] {logging_mixin.py:149} INFO - [2025-04-08T09:11:59.796+0000] {taskmixin.py:211} WARNING - Dependency <Task(BashOperator): delete_entry>, create_entry_gcs already registered for DAG: example_complex
[2025-04-08T09:11:59.797+0000] {logging_mixin.py:149} INFO - [2025-04-08T09:11:59.796+0000] {taskmixin.py:211} WARNING - Dependency <Task(BashOperator): create_tag>, delete_tag already registered for DAG: example_complex
[2025-04-08T09:11:59.797+0000] {logging_mixin.py:149} INFO - [2025-04-08T09:11:59.797+0000] {taskmixin.py:211} WARNING - Dependency <Task(BashOperator): delete_tag>, create_tag already registered for DAG: example_complex
[2025-04-08T09:11:59.799+0000] {processor.py:836} INFO - DAG(s) dict_keys(['example_complex']) retrieved from /home/airflow/.local/lib/python3.7/site-packages/airflow/example_dags/example_complex.py
[2025-04-08T09:11:59.838+0000] {logging_mixin.py:149} INFO - [2025-04-08T09:11:59.838+0000] {dag.py:2726} INFO - Sync 1 DAGs
[2025-04-08T09:11:59.865+0000] {logging_mixin.py:149} INFO - [2025-04-08T09:11:59.865+0000] {dag.py:3490} INFO - Setting next_dagrun for example_complex to None, run_after=None
[2025-04-08T09:11:59.887+0000] {processor.py:179} INFO - Processing /home/airflow/.local/lib/python3.7/site-packages/airflow/example_dags/example_complex.py took 0.111 seconds
[2025-04-08T09:12:30.649+0000] {processor.py:157} INFO - Started process (PID=240) to work on /home/airflow/.local/lib/python3.7/site-packages/airflow/example_dags/example_complex.py
[2025-04-08T09:12:30.650+0000] {processor.py:826} INFO - Processing file /home/airflow/.local/lib/python3.7/site-packages/airflow/example_dags/example_complex.py for tasks to queue
[2025-04-08T09:12:30.651+0000] {logging_mixin.py:149} INFO - [2025-04-08T09:12:30.650+0000] {dagbag.py:541} INFO - Filling up the DagBag from /home/airflow/.local/lib/python3.7/site-packages/airflow/example_dags/example_complex.py
[2025-04-08T09:12:30.662+0000] {logging_mixin.py:149} INFO - [2025-04-08T09:12:30.661+0000] {taskmixin.py:211} WARNING - Dependency <Task(BashOperator): create_entry_group>, delete_entry_group already registered for DAG: example_complex
[2025-04-08T09:12:30.662+0000] {logging_mixin.py:149} INFO - [2025-04-08T09:12:30.662+0000] {taskmixin.py:211} WARNING - Dependency <Task(BashOperator): delete_entry_group>, create_entry_group already registered for DAG: example_complex
[2025-04-08T09:12:30.663+0000] {logging_mixin.py:149} INFO - [2025-04-08T09:12:30.662+0000] {taskmixin.py:211} WARNING - Dependency <Task(BashOperator): create_entry_gcs>, delete_entry already registered for DAG: example_complex
[2025-04-08T09:12:30.663+0000] {logging_mixin.py:149} INFO - [2025-04-08T09:12:30.663+0000] {taskmixin.py:211} WARNING - Dependency <Task(BashOperator): delete_entry>, create_entry_gcs already registered for DAG: example_complex
[2025-04-08T09:12:30.663+0000] {logging_mixin.py:149} INFO - [2025-04-08T09:12:30.663+0000] {taskmixin.py:211} WARNING - Dependency <Task(BashOperator): create_tag>, delete_tag already registered for DAG: example_complex
[2025-04-08T09:12:30.663+0000] {logging_mixin.py:149} INFO - [2025-04-08T09:12:30.663+0000] {taskmixin.py:211} WARNING - Dependency <Task(BashOperator): delete_tag>, create_tag already registered for DAG: example_complex
[2025-04-08T09:12:30.665+0000] {processor.py:836} INFO - DAG(s) dict_keys(['example_complex']) retrieved from /home/airflow/.local/lib/python3.7/site-packages/airflow/example_dags/example_complex.py
[2025-04-08T09:12:30.702+0000] {logging_mixin.py:149} INFO - [2025-04-08T09:12:30.701+0000] {dag.py:2726} INFO - Sync 1 DAGs
[2025-04-08T09:12:30.731+0000] {logging_mixin.py:149} INFO - [2025-04-08T09:12:30.731+0000] {dag.py:3490} INFO - Setting next_dagrun for example_complex to None, run_after=None
[2025-04-08T09:12:30.889+0000] {processor.py:179} INFO - Processing /home/airflow/.local/lib/python3.7/site-packages/airflow/example_dags/example_complex.py took 0.244 seconds
[2025-04-08T09:13:02.359+0000] {processor.py:157} INFO - Started process (PID=331) to work on /home/airflow/.local/lib/python3.7/site-packages/airflow/example_dags/example_complex.py
[2025-04-08T09:13:02.361+0000] {processor.py:826} INFO - Processing file /home/airflow/.local/lib/python3.7/site-packages/airflow/example_dags/example_complex.py for tasks to queue
[2025-04-08T09:13:02.361+0000] {logging_mixin.py:149} INFO - [2025-04-08T09:13:02.361+0000] {dagbag.py:541} INFO - Filling up the DagBag from /home/airflow/.local/lib/python3.7/site-packages/airflow/example_dags/example_complex.py
[2025-04-08T09:13:02.371+0000] {logging_mixin.py:149} INFO - [2025-04-08T09:13:02.371+0000] {taskmixin.py:211} WARNING - Dependency <Task(BashOperator): create_entry_group>, delete_entry_group already registered for DAG: example_complex
[2025-04-08T09:13:02.372+0000] {logging_mixin.py:149} INFO - [2025-04-08T09:13:02.372+0000] {taskmixin.py:211} WARNING - Dependency <Task(BashOperator): delete_entry_group>, create_entry_group already registered for DAG: example_complex
[2025-04-08T09:13:02.372+0000] {logging_mixin.py:149} INFO - [2025-04-08T09:13:02.372+0000] {taskmixin.py:211} WARNING - Dependency <Task(BashOperator): create_entry_gcs>, delete_entry already registered for DAG: example_complex
[2025-04-08T09:13:02.372+0000] {logging_mixin.py:149} INFO - [2025-04-08T09:13:02.372+0000] {taskmixin.py:211} WARNING - Dependency <Task(BashOperator): delete_entry>, create_entry_gcs already registered for DAG: example_complex
[2025-04-08T09:13:02.372+0000] {logging_mixin.py:149} INFO - [2025-04-08T09:13:02.372+0000] {taskmixin.py:211} WARNING - Dependency <Task(BashOperator): create_tag>, delete_tag already registered for DAG: example_complex
[2025-04-08T09:13:02.372+0000] {logging_mixin.py:149} INFO - [2025-04-08T09:13:02.372+0000] {taskmixin.py:211} WARNING - Dependency <Task(BashOperator): delete_tag>, create_tag already registered for DAG: example_complex
[2025-04-08T09:13:02.374+0000] {processor.py:836} INFO - DAG(s) dict_keys(['example_complex']) retrieved from /home/airflow/.local/lib/python3.7/site-packages/airflow/example_dags/example_complex.py
[2025-04-08T09:13:02.523+0000] {logging_mixin.py:149} INFO - [2025-04-08T09:13:02.523+0000] {dag.py:2726} INFO - Sync 1 DAGs
[2025-04-08T09:13:02.547+0000] {logging_mixin.py:149} INFO - [2025-04-08T09:13:02.547+0000] {dag.py:3490} INFO - Setting next_dagrun for example_complex to None, run_after=None
[2025-04-08T09:13:02.568+0000] {processor.py:179} INFO - Processing /home/airflow/.local/lib/python3.7/site-packages/airflow/example_dags/example_complex.py took 0.212 seconds
[2025-04-08T09:13:32.707+0000] {processor.py:157} INFO - Started process (PID=422) to work on /home/airflow/.local/lib/python3.7/site-packages/airflow/example_dags/example_complex.py
[2025-04-08T09:13:32.709+0000] {processor.py:826} INFO - Processing file /home/airflow/.local/lib/python3.7/site-packages/airflow/example_dags/example_complex.py for tasks to queue
[2025-04-08T09:13:32.710+0000] {logging_mixin.py:149} INFO - [2025-04-08T09:13:32.709+0000] {dagbag.py:541} INFO - Filling up the DagBag from /home/airflow/.local/lib/python3.7/site-packages/airflow/example_dags/example_complex.py
[2025-04-08T09:13:32.721+0000] {logging_mixin.py:149} INFO - [2025-04-08T09:13:32.721+0000] {taskmixin.py:211} WARNING - Dependency <Task(BashOperator): create_entry_group>, delete_entry_group already registered for DAG: example_complex
[2025-04-08T09:13:32.721+0000] {logging_mixin.py:149} INFO - [2025-04-08T09:13:32.721+0000] {taskmixin.py:211} WARNING - Dependency <Task(BashOperator): delete_entry_group>, create_entry_group already registered for DAG: example_complex
[2025-04-08T09:13:32.722+0000] {logging_mixin.py:149} INFO - [2025-04-08T09:13:32.721+0000] {taskmixin.py:211} WARNING - Dependency <Task(BashOperator): create_entry_gcs>, delete_entry already registered for DAG: example_complex
[2025-04-08T09:13:32.722+0000] {logging_mixin.py:149} INFO - [2025-04-08T09:13:32.722+0000] {taskmixin.py:211} WARNING - Dependency <Task(BashOperator): delete_entry>, create_entry_gcs already registered for DAG: example_complex
[2025-04-08T09:13:32.722+0000] {logging_mixin.py:149} INFO - [2025-04-08T09:13:32.722+0000] {taskmixin.py:211} WARNING - Dependency <Task(BashOperator): create_tag>, delete_tag already registered for DAG: example_complex
[2025-04-08T09:13:32.722+0000] {logging_mixin.py:149} INFO - [2025-04-08T09:13:32.722+0000] {taskmixin.py:211} WARNING - Dependency <Task(BashOperator): delete_tag>, create_tag already registered for DAG: example_complex
[2025-04-08T09:13:32.724+0000] {processor.py:836} INFO - DAG(s) dict_keys(['example_complex']) retrieved from /home/airflow/.local/lib/python3.7/site-packages/airflow/example_dags/example_complex.py
[2025-04-08T09:13:32.765+0000] {logging_mixin.py:149} INFO - [2025-04-08T09:13:32.764+0000] {dag.py:2726} INFO - Sync 1 DAGs
[2025-04-08T09:13:32.793+0000] {logging_mixin.py:149} INFO - [2025-04-08T09:13:32.793+0000] {dag.py:3490} INFO - Setting next_dagrun for example_complex to None, run_after=None
[2025-04-08T09:13:32.818+0000] {processor.py:179} INFO - Processing /home/airflow/.local/lib/python3.7/site-packages/airflow/example_dags/example_complex.py took 0.114 seconds
[2025-04-08T09:14:02.996+0000] {processor.py:157} INFO - Started process (PID=513) to work on /home/airflow/.local/lib/python3.7/site-packages/airflow/example_dags/example_complex.py
[2025-04-08T09:14:02.997+0000] {processor.py:826} INFO - Processing file /home/airflow/.local/lib/python3.7/site-packages/airflow/example_dags/example_complex.py for tasks to queue
[2025-04-08T09:14:02.998+0000] {logging_mixin.py:149} INFO - [2025-04-08T09:14:02.998+0000] {dagbag.py:541} INFO - Filling up the DagBag from /home/airflow/.local/lib/python3.7/site-packages/airflow/example_dags/example_complex.py
[2025-04-08T09:14:03.008+0000] {logging_mixin.py:149} INFO - [2025-04-08T09:14:03.008+0000] {taskmixin.py:211} WARNING - Dependency <Task(BashOperator): create_entry_group>, delete_entry_group already registered for DAG: example_complex
[2025-04-08T09:14:03.008+0000] {logging_mixin.py:149} INFO - [2025-04-08T09:14:03.008+0000] {taskmixin.py:211} WARNING - Dependency <Task(BashOperator): delete_entry_group>, create_entry_group already registered for DAG: example_complex
[2025-04-08T09:14:03.008+0000] {logging_mixin.py:149} INFO - [2025-04-08T09:14:03.008+0000] {taskmixin.py:211} WARNING - Dependency <Task(BashOperator): create_entry_gcs>, delete_entry already registered for DAG: example_complex
[2025-04-08T09:14:03.008+0000] {logging_mixin.py:149} INFO - [2025-04-08T09:14:03.008+0000] {taskmixin.py:211} WARNING - Dependency <Task(BashOperator): delete_entry>, create_entry_gcs already registered for DAG: example_complex
[2025-04-08T09:14:03.009+0000] {logging_mixin.py:149} INFO - [2025-04-08T09:14:03.009+0000] {taskmixin.py:211} WARNING - Dependency <Task(BashOperator): create_tag>, delete_tag already registered for DAG: example_complex
[2025-04-08T09:14:03.009+0000] {logging_mixin.py:149} INFO - [2025-04-08T09:14:03.009+0000] {taskmixin.py:211} WARNING - Dependency <Task(BashOperator): delete_tag>, create_tag already registered for DAG: example_complex
[2025-04-08T09:14:03.010+0000] {processor.py:836} INFO - DAG(s) dict_keys(['example_complex']) retrieved from /home/airflow/.local/lib/python3.7/site-packages/airflow/example_dags/example_complex.py
[2025-04-08T09:14:03.049+0000] {logging_mixin.py:149} INFO - [2025-04-08T09:14:03.048+0000] {dag.py:2726} INFO - Sync 1 DAGs
[2025-04-08T09:14:03.077+0000] {logging_mixin.py:149} INFO - [2025-04-08T09:14:03.077+0000] {dag.py:3490} INFO - Setting next_dagrun for example_complex to None, run_after=None
[2025-04-08T09:14:03.099+0000] {processor.py:179} INFO - Processing /home/airflow/.local/lib/python3.7/site-packages/airflow/example_dags/example_complex.py took 0.106 seconds
[2025-04-08T09:14:33.345+0000] {processor.py:157} INFO - Started process (PID=604) to work on /home/airflow/.local/lib/python3.7/site-packages/airflow/example_dags/example_complex.py
[2025-04-08T09:14:33.346+0000] {processor.py:826} INFO - Processing file /home/airflow/.local/lib/python3.7/site-packages/airflow/example_dags/example_complex.py for tasks to queue
[2025-04-08T09:14:33.346+0000] {logging_mixin.py:149} INFO - [2025-04-08T09:14:33.346+0000] {dagbag.py:541} INFO - Filling up the DagBag from /home/airflow/.local/lib/python3.7/site-packages/airflow/example_dags/example_complex.py
[2025-04-08T09:14:33.357+0000] {logging_mixin.py:149} INFO - [2025-04-08T09:14:33.356+0000] {taskmixin.py:211} WARNING - Dependency <Task(BashOperator): create_entry_group>, delete_entry_group already registered for DAG: example_complex
[2025-04-08T09:14:33.357+0000] {logging_mixin.py:149} INFO - [2025-04-08T09:14:33.357+0000] {taskmixin.py:211} WARNING - Dependency <Task(BashOperator): delete_entry_group>, create_entry_group already registered for DAG: example_complex
[2025-04-08T09:14:33.357+0000] {logging_mixin.py:149} INFO - [2025-04-08T09:14:33.357+0000] {taskmixin.py:211} WARNING - Dependency <Task(BashOperator): create_entry_gcs>, delete_entry already registered for DAG: example_complex
[2025-04-08T09:14:33.357+0000] {logging_mixin.py:149} INFO - [2025-04-08T09:14:33.357+0000] {taskmixin.py:211} WARNING - Dependency <Task(BashOperator): delete_entry>, create_entry_gcs already registered for DAG: example_complex
[2025-04-08T09:14:33.357+0000] {logging_mixin.py:149} INFO - [2025-04-08T09:14:33.357+0000] {taskmixin.py:211} WARNING - Dependency <Task(BashOperator): create_tag>, delete_tag already registered for DAG: example_complex
[2025-04-08T09:14:33.358+0000] {logging_mixin.py:149} INFO - [2025-04-08T09:14:33.358+0000] {taskmixin.py:211} WARNING - Dependency <Task(BashOperator): delete_tag>, create_tag already registered for DAG: example_complex
[2025-04-08T09:14:33.359+0000] {processor.py:836} INFO - DAG(s) dict_keys(['example_complex']) retrieved from /home/airflow/.local/lib/python3.7/site-packages/airflow/example_dags/example_complex.py
[2025-04-08T09:14:33.394+0000] {logging_mixin.py:149} INFO - [2025-04-08T09:14:33.394+0000] {dag.py:2726} INFO - Sync 1 DAGs
[2025-04-08T09:14:33.419+0000] {logging_mixin.py:149} INFO - [2025-04-08T09:14:33.418+0000] {dag.py:3490} INFO - Setting next_dagrun for example_complex to None, run_after=None
[2025-04-08T09:14:33.438+0000] {processor.py:179} INFO - Processing /home/airflow/.local/lib/python3.7/site-packages/airflow/example_dags/example_complex.py took 0.096 seconds
[2025-04-08T09:15:04.505+0000] {processor.py:157} INFO - Started process (PID=695) to work on /home/airflow/.local/lib/python3.7/site-packages/airflow/example_dags/example_complex.py
[2025-04-08T09:15:04.506+0000] {processor.py:826} INFO - Processing file /home/airflow/.local/lib/python3.7/site-packages/airflow/example_dags/example_complex.py for tasks to queue
[2025-04-08T09:15:04.507+0000] {logging_mixin.py:149} INFO - [2025-04-08T09:15:04.507+0000] {dagbag.py:541} INFO - Filling up the DagBag from /home/airflow/.local/lib/python3.7/site-packages/airflow/example_dags/example_complex.py
[2025-04-08T09:15:04.517+0000] {logging_mixin.py:149} INFO - [2025-04-08T09:15:04.517+0000] {taskmixin.py:211} WARNING - Dependency <Task(BashOperator): create_entry_group>, delete_entry_group already registered for DAG: example_complex
[2025-04-08T09:15:04.517+0000] {logging_mixin.py:149} INFO - [2025-04-08T09:15:04.517+0000] {taskmixin.py:211} WARNING - Dependency <Task(BashOperator): delete_entry_group>, create_entry_group already registered for DAG: example_complex
[2025-04-08T09:15:04.517+0000] {logging_mixin.py:149} INFO - [2025-04-08T09:15:04.517+0000] {taskmixin.py:211} WARNING - Dependency <Task(BashOperator): create_entry_gcs>, delete_entry already registered for DAG: example_complex
[2025-04-08T09:15:04.517+0000] {logging_mixin.py:149} INFO - [2025-04-08T09:15:04.517+0000] {taskmixin.py:211} WARNING - Dependency <Task(BashOperator): delete_entry>, create_entry_gcs already registered for DAG: example_complex
[2025-04-08T09:15:04.518+0000] {logging_mixin.py:149} INFO - [2025-04-08T09:15:04.518+0000] {taskmixin.py:211} WARNING - Dependency <Task(BashOperator): create_tag>, delete_tag already registered for DAG: example_complex
[2025-04-08T09:15:04.518+0000] {logging_mixin.py:149} INFO - [2025-04-08T09:15:04.518+0000] {taskmixin.py:211} WARNING - Dependency <Task(BashOperator): delete_tag>, create_tag already registered for DAG: example_complex
[2025-04-08T09:15:04.519+0000] {processor.py:836} INFO - DAG(s) dict_keys(['example_complex']) retrieved from /home/airflow/.local/lib/python3.7/site-packages/airflow/example_dags/example_complex.py
[2025-04-08T09:15:04.553+0000] {logging_mixin.py:149} INFO - [2025-04-08T09:15:04.552+0000] {dag.py:2726} INFO - Sync 1 DAGs
[2025-04-08T09:15:04.578+0000] {logging_mixin.py:149} INFO - [2025-04-08T09:15:04.577+0000] {dag.py:3490} INFO - Setting next_dagrun for example_complex to None, run_after=None
[2025-04-08T09:15:04.598+0000] {processor.py:179} INFO - Processing /home/airflow/.local/lib/python3.7/site-packages/airflow/example_dags/example_complex.py took 0.096 seconds
[2025-04-08T09:15:35.744+0000] {processor.py:157} INFO - Started process (PID=786) to work on /home/airflow/.local/lib/python3.7/site-packages/airflow/example_dags/example_complex.py
[2025-04-08T09:15:35.745+0000] {processor.py:826} INFO - Processing file /home/airflow/.local/lib/python3.7/site-packages/airflow/example_dags/example_complex.py for tasks to queue
[2025-04-08T09:15:35.746+0000] {logging_mixin.py:149} INFO - [2025-04-08T09:15:35.746+0000] {dagbag.py:541} INFO - Filling up the DagBag from /home/airflow/.local/lib/python3.7/site-packages/airflow/example_dags/example_complex.py
[2025-04-08T09:15:35.755+0000] {logging_mixin.py:149} INFO - [2025-04-08T09:15:35.755+0000] {taskmixin.py:211} WARNING - Dependency <Task(BashOperator): create_entry_group>, delete_entry_group already registered for DAG: example_complex
[2025-04-08T09:15:35.755+0000] {logging_mixin.py:149} INFO - [2025-04-08T09:15:35.755+0000] {taskmixin.py:211} WARNING - Dependency <Task(BashOperator): delete_entry_group>, create_entry_group already registered for DAG: example_complex
[2025-04-08T09:15:35.755+0000] {logging_mixin.py:149} INFO - [2025-04-08T09:15:35.755+0000] {taskmixin.py:211} WARNING - Dependency <Task(BashOperator): create_entry_gcs>, delete_entry already registered for DAG: example_complex
[2025-04-08T09:15:35.756+0000] {logging_mixin.py:149} INFO - [2025-04-08T09:15:35.755+0000] {taskmixin.py:211} WARNING - Dependency <Task(BashOperator): delete_entry>, create_entry_gcs already registered for DAG: example_complex
[2025-04-08T09:15:35.756+0000] {logging_mixin.py:149} INFO - [2025-04-08T09:15:35.756+0000] {taskmixin.py:211} WARNING - Dependency <Task(BashOperator): create_tag>, delete_tag already registered for DAG: example_complex
[2025-04-08T09:15:35.756+0000] {logging_mixin.py:149} INFO - [2025-04-08T09:15:35.756+0000] {taskmixin.py:211} WARNING - Dependency <Task(BashOperator): delete_tag>, create_tag already registered for DAG: example_complex
[2025-04-08T09:15:35.758+0000] {processor.py:836} INFO - DAG(s) dict_keys(['example_complex']) retrieved from /home/airflow/.local/lib/python3.7/site-packages/airflow/example_dags/example_complex.py
[2025-04-08T09:15:35.793+0000] {logging_mixin.py:149} INFO - [2025-04-08T09:15:35.793+0000] {dag.py:2726} INFO - Sync 1 DAGs
[2025-04-08T09:15:35.822+0000] {logging_mixin.py:149} INFO - [2025-04-08T09:15:35.822+0000] {dag.py:3490} INFO - Setting next_dagrun for example_complex to None, run_after=None
[2025-04-08T09:15:35.841+0000] {processor.py:179} INFO - Processing /home/airflow/.local/lib/python3.7/site-packages/airflow/example_dags/example_complex.py took 0.100 seconds
[2025-04-08T09:16:07.115+0000] {processor.py:157} INFO - Started process (PID=877) to work on /home/airflow/.local/lib/python3.7/site-packages/airflow/example_dags/example_complex.py
[2025-04-08T09:16:07.116+0000] {processor.py:826} INFO - Processing file /home/airflow/.local/lib/python3.7/site-packages/airflow/example_dags/example_complex.py for tasks to queue
[2025-04-08T09:16:07.116+0000] {logging_mixin.py:149} INFO - [2025-04-08T09:16:07.116+0000] {dagbag.py:541} INFO - Filling up the DagBag from /home/airflow/.local/lib/python3.7/site-packages/airflow/example_dags/example_complex.py
[2025-04-08T09:16:07.126+0000] {logging_mixin.py:149} INFO - [2025-04-08T09:16:07.126+0000] {taskmixin.py:211} WARNING - Dependency <Task(BashOperator): create_entry_group>, delete_entry_group already registered for DAG: example_complex
[2025-04-08T09:16:07.126+0000] {logging_mixin.py:149} INFO - [2025-04-08T09:16:07.126+0000] {taskmixin.py:211} WARNING - Dependency <Task(BashOperator): delete_entry_group>, create_entry_group already registered for DAG: example_complex
[2025-04-08T09:16:07.126+0000] {logging_mixin.py:149} INFO - [2025-04-08T09:16:07.126+0000] {taskmixin.py:211} WARNING - Dependency <Task(BashOperator): create_entry_gcs>, delete_entry already registered for DAG: example_complex
[2025-04-08T09:16:07.126+0000] {logging_mixin.py:149} INFO - [2025-04-08T09:16:07.126+0000] {taskmixin.py:211} WARNING - Dependency <Task(BashOperator): delete_entry>, create_entry_gcs already registered for DAG: example_complex
[2025-04-08T09:16:07.127+0000] {logging_mixin.py:149} INFO - [2025-04-08T09:16:07.127+0000] {taskmixin.py:211} WARNING - Dependency <Task(BashOperator): create_tag>, delete_tag already registered for DAG: example_complex
[2025-04-08T09:16:07.127+0000] {logging_mixin.py:149} INFO - [2025-04-08T09:16:07.127+0000] {taskmixin.py:211} WARNING - Dependency <Task(BashOperator): delete_tag>, create_tag already registered for DAG: example_complex
[2025-04-08T09:16:07.128+0000] {processor.py:836} INFO - DAG(s) dict_keys(['example_complex']) retrieved from /home/airflow/.local/lib/python3.7/site-packages/airflow/example_dags/example_complex.py
[2025-04-08T09:16:07.162+0000] {logging_mixin.py:149} INFO - [2025-04-08T09:16:07.162+0000] {dag.py:2726} INFO - Sync 1 DAGs
[2025-04-08T09:16:07.186+0000] {logging_mixin.py:149} INFO - [2025-04-08T09:16:07.186+0000] {dag.py:3490} INFO - Setting next_dagrun for example_complex to None, run_after=None
[2025-04-08T09:16:07.211+0000] {processor.py:179} INFO - Processing /home/airflow/.local/lib/python3.7/site-packages/airflow/example_dags/example_complex.py took 0.100 seconds
[2025-04-08T09:16:37.815+0000] {processor.py:157} INFO - Started process (PID=968) to work on /home/airflow/.local/lib/python3.7/site-packages/airflow/example_dags/example_complex.py
[2025-04-08T09:16:37.816+0000] {processor.py:826} INFO - Processing file /home/airflow/.local/lib/python3.7/site-packages/airflow/example_dags/example_complex.py for tasks to queue
[2025-04-08T09:16:37.817+0000] {logging_mixin.py:149} INFO - [2025-04-08T09:16:37.817+0000] {dagbag.py:541} INFO - Filling up the DagBag from /home/airflow/.local/lib/python3.7/site-packages/airflow/example_dags/example_complex.py
[2025-04-08T09:16:37.828+0000] {logging_mixin.py:149} INFO - [2025-04-08T09:16:37.827+0000] {taskmixin.py:211} WARNING - Dependency <Task(BashOperator): create_entry_group>, delete_entry_group already registered for DAG: example_complex
[2025-04-08T09:16:37.828+0000] {logging_mixin.py:149} INFO - [2025-04-08T09:16:37.828+0000] {taskmixin.py:211} WARNING - Dependency <Task(BashOperator): delete_entry_group>, create_entry_group already registered for DAG: example_complex
[2025-04-08T09:16:37.828+0000] {logging_mixin.py:149} INFO - [2025-04-08T09:16:37.828+0000] {taskmixin.py:211} WARNING - Dependency <Task(BashOperator): create_entry_gcs>, delete_entry already registered for DAG: example_complex
[2025-04-08T09:16:37.828+0000] {logging_mixin.py:149} INFO - [2025-04-08T09:16:37.828+0000] {taskmixin.py:211} WARNING - Dependency <Task(BashOperator): delete_entry>, create_entry_gcs already registered for DAG: example_complex
[2025-04-08T09:16:37.829+0000] {logging_mixin.py:149} INFO - [2025-04-08T09:16:37.829+0000] {taskmixin.py:211} WARNING - Dependency <Task(BashOperator): create_tag>, delete_tag already registered for DAG: example_complex
[2025-04-08T09:16:37.829+0000] {logging_mixin.py:149} INFO - [2025-04-08T09:16:37.829+0000] {taskmixin.py:211} WARNING - Dependency <Task(BashOperator): delete_tag>, create_tag already registered for DAG: example_complex
[2025-04-08T09:16:37.830+0000] {processor.py:836} INFO - DAG(s) dict_keys(['example_complex']) retrieved from /home/airflow/.local/lib/python3.7/site-packages/airflow/example_dags/example_complex.py
[2025-04-08T09:16:37.865+0000] {logging_mixin.py:149} INFO - [2025-04-08T09:16:37.865+0000] {dag.py:2726} INFO - Sync 1 DAGs
[2025-04-08T09:16:37.890+0000] {logging_mixin.py:149} INFO - [2025-04-08T09:16:37.889+0000] {dag.py:3490} INFO - Setting next_dagrun for example_complex to None, run_after=None
[2025-04-08T09:16:37.914+0000] {processor.py:179} INFO - Processing /home/airflow/.local/lib/python3.7/site-packages/airflow/example_dags/example_complex.py took 0.103 seconds
[2025-04-08T09:17:08.154+0000] {processor.py:157} INFO - Started process (PID=1059) to work on /home/airflow/.local/lib/python3.7/site-packages/airflow/example_dags/example_complex.py
[2025-04-08T09:17:08.155+0000] {processor.py:826} INFO - Processing file /home/airflow/.local/lib/python3.7/site-packages/airflow/example_dags/example_complex.py for tasks to queue
[2025-04-08T09:17:08.156+0000] {logging_mixin.py:149} INFO - [2025-04-08T09:17:08.156+0000] {dagbag.py:541} INFO - Filling up the DagBag from /home/airflow/.local/lib/python3.7/site-packages/airflow/example_dags/example_complex.py
[2025-04-08T09:17:08.166+0000] {logging_mixin.py:149} INFO - [2025-04-08T09:17:08.166+0000] {taskmixin.py:211} WARNING - Dependency <Task(BashOperator): create_entry_group>, delete_entry_group already registered for DAG: example_complex
[2025-04-08T09:17:08.167+0000] {logging_mixin.py:149} INFO - [2025-04-08T09:17:08.167+0000] {taskmixin.py:211} WARNING - Dependency <Task(BashOperator): delete_entry_group>, create_entry_group already registered for DAG: example_complex
[2025-04-08T09:17:08.167+0000] {logging_mixin.py:149} INFO - [2025-04-08T09:17:08.167+0000] {taskmixin.py:211} WARNING - Dependency <Task(BashOperator): create_entry_gcs>, delete_entry already registered for DAG: example_complex
[2025-04-08T09:17:08.167+0000] {logging_mixin.py:149} INFO - [2025-04-08T09:17:08.167+0000] {taskmixin.py:211} WARNING - Dependency <Task(BashOperator): delete_entry>, create_entry_gcs already registered for DAG: example_complex
[2025-04-08T09:17:08.167+0000] {logging_mixin.py:149} INFO - [2025-04-08T09:17:08.167+0000] {taskmixin.py:211} WARNING - Dependency <Task(BashOperator): create_tag>, delete_tag already registered for DAG: example_complex
[2025-04-08T09:17:08.167+0000] {logging_mixin.py:149} INFO - [2025-04-08T09:17:08.167+0000] {taskmixin.py:211} WARNING - Dependency <Task(BashOperator): delete_tag>, create_tag already registered for DAG: example_complex
[2025-04-08T09:17:08.169+0000] {processor.py:836} INFO - DAG(s) dict_keys(['example_complex']) retrieved from /home/airflow/.local/lib/python3.7/site-packages/airflow/example_dags/example_complex.py
[2025-04-08T09:17:08.204+0000] {logging_mixin.py:149} INFO - [2025-04-08T09:17:08.204+0000] {dag.py:2726} INFO - Sync 1 DAGs
[2025-04-08T09:17:08.229+0000] {logging_mixin.py:149} INFO - [2025-04-08T09:17:08.229+0000] {dag.py:3490} INFO - Setting next_dagrun for example_complex to None, run_after=None
[2025-04-08T09:17:08.250+0000] {processor.py:179} INFO - Processing /home/airflow/.local/lib/python3.7/site-packages/airflow/example_dags/example_complex.py took 0.099 seconds
[2025-04-08T09:17:38.730+0000] {processor.py:157} INFO - Started process (PID=1150) to work on /home/airflow/.local/lib/python3.7/site-packages/airflow/example_dags/example_complex.py
[2025-04-08T09:17:38.731+0000] {processor.py:826} INFO - Processing file /home/airflow/.local/lib/python3.7/site-packages/airflow/example_dags/example_complex.py for tasks to queue
[2025-04-08T09:17:38.732+0000] {logging_mixin.py:149} INFO - [2025-04-08T09:17:38.732+0000] {dagbag.py:541} INFO - Filling up the DagBag from /home/airflow/.local/lib/python3.7/site-packages/airflow/example_dags/example_complex.py
[2025-04-08T09:17:38.750+0000] {logging_mixin.py:149} INFO - [2025-04-08T09:17:38.750+0000] {taskmixin.py:211} WARNING - Dependency <Task(BashOperator): create_entry_group>, delete_entry_group already registered for DAG: example_complex
[2025-04-08T09:17:38.751+0000] {logging_mixin.py:149} INFO - [2025-04-08T09:17:38.750+0000] {taskmixin.py:211} WARNING - Dependency <Task(BashOperator): delete_entry_group>, create_entry_group already registered for DAG: example_complex
[2025-04-08T09:17:38.751+0000] {logging_mixin.py:149} INFO - [2025-04-08T09:17:38.751+0000] {taskmixin.py:211} WARNING - Dependency <Task(BashOperator): create_entry_gcs>, delete_entry already registered for DAG: example_complex
[2025-04-08T09:17:38.751+0000] {logging_mixin.py:149} INFO - [2025-04-08T09:17:38.751+0000] {taskmixin.py:211} WARNING - Dependency <Task(BashOperator): delete_entry>, create_entry_gcs already registered for DAG: example_complex
[2025-04-08T09:17:38.752+0000] {logging_mixin.py:149} INFO - [2025-04-08T09:17:38.752+0000] {taskmixin.py:211} WARNING - Dependency <Task(BashOperator): create_tag>, delete_tag already registered for DAG: example_complex
[2025-04-08T09:17:38.752+0000] {logging_mixin.py:149} INFO - [2025-04-08T09:17:38.752+0000] {taskmixin.py:211} WARNING - Dependency <Task(BashOperator): delete_tag>, create_tag already registered for DAG: example_complex
[2025-04-08T09:17:38.754+0000] {processor.py:836} INFO - DAG(s) dict_keys(['example_complex']) retrieved from /home/airflow/.local/lib/python3.7/site-packages/airflow/example_dags/example_complex.py
[2025-04-08T09:17:38.795+0000] {logging_mixin.py:149} INFO - [2025-04-08T09:17:38.795+0000] {dag.py:2726} INFO - Sync 1 DAGs
[2025-04-08T09:17:38.825+0000] {logging_mixin.py:149} INFO - [2025-04-08T09:17:38.825+0000] {dag.py:3490} INFO - Setting next_dagrun for example_complex to None, run_after=None
[2025-04-08T09:17:38.849+0000] {processor.py:179} INFO - Processing /home/airflow/.local/lib/python3.7/site-packages/airflow/example_dags/example_complex.py took 0.123 seconds
[2025-04-08T09:18:09.324+0000] {processor.py:157} INFO - Started process (PID=1241) to work on /home/airflow/.local/lib/python3.7/site-packages/airflow/example_dags/example_complex.py
[2025-04-08T09:18:09.325+0000] {processor.py:826} INFO - Processing file /home/airflow/.local/lib/python3.7/site-packages/airflow/example_dags/example_complex.py for tasks to queue
[2025-04-08T09:18:09.326+0000] {logging_mixin.py:149} INFO - [2025-04-08T09:18:09.326+0000] {dagbag.py:541} INFO - Filling up the DagBag from /home/airflow/.local/lib/python3.7/site-packages/airflow/example_dags/example_complex.py
[2025-04-08T09:18:09.338+0000] {logging_mixin.py:149} INFO - [2025-04-08T09:18:09.338+0000] {taskmixin.py:211} WARNING - Dependency <Task(BashOperator): create_entry_group>, delete_entry_group already registered for DAG: example_complex
[2025-04-08T09:18:09.339+0000] {logging_mixin.py:149} INFO - [2025-04-08T09:18:09.339+0000] {taskmixin.py:211} WARNING - Dependency <Task(BashOperator): delete_entry_group>, create_entry_group already registered for DAG: example_complex
[2025-04-08T09:18:09.339+0000] {logging_mixin.py:149} INFO - [2025-04-08T09:18:09.339+0000] {taskmixin.py:211} WARNING - Dependency <Task(BashOperator): create_entry_gcs>, delete_entry already registered for DAG: example_complex
[2025-04-08T09:18:09.339+0000] {logging_mixin.py:149} INFO - [2025-04-08T09:18:09.339+0000] {taskmixin.py:211} WARNING - Dependency <Task(BashOperator): delete_entry>, create_entry_gcs already registered for DAG: example_complex
[2025-04-08T09:18:09.340+0000] {logging_mixin.py:149} INFO - [2025-04-08T09:18:09.339+0000] {taskmixin.py:211} WARNING - Dependency <Task(BashOperator): create_tag>, delete_tag already registered for DAG: example_complex
[2025-04-08T09:18:09.340+0000] {logging_mixin.py:149} INFO - [2025-04-08T09:18:09.340+0000] {taskmixin.py:211} WARNING - Dependency <Task(BashOperator): delete_tag>, create_tag already registered for DAG: example_complex
[2025-04-08T09:18:09.342+0000] {processor.py:836} INFO - DAG(s) dict_keys(['example_complex']) retrieved from /home/airflow/.local/lib/python3.7/site-packages/airflow/example_dags/example_complex.py
[2025-04-08T09:18:09.379+0000] {logging_mixin.py:149} INFO - [2025-04-08T09:18:09.379+0000] {dag.py:2726} INFO - Sync 1 DAGs
[2025-04-08T09:18:09.405+0000] {logging_mixin.py:149} INFO - [2025-04-08T09:18:09.405+0000] {dag.py:3490} INFO - Setting next_dagrun for example_complex to None, run_after=None
[2025-04-08T09:18:09.426+0000] {processor.py:179} INFO - Processing /home/airflow/.local/lib/python3.7/site-packages/airflow/example_dags/example_complex.py took 0.107 seconds
[2025-04-08T09:18:40.026+0000] {processor.py:157} INFO - Started process (PID=1332) to work on /home/airflow/.local/lib/python3.7/site-packages/airflow/example_dags/example_complex.py
[2025-04-08T09:18:40.027+0000] {processor.py:826} INFO - Processing file /home/airflow/.local/lib/python3.7/site-packages/airflow/example_dags/example_complex.py for tasks to queue
[2025-04-08T09:18:40.028+0000] {logging_mixin.py:149} INFO - [2025-04-08T09:18:40.028+0000] {dagbag.py:541} INFO - Filling up the DagBag from /home/airflow/.local/lib/python3.7/site-packages/airflow/example_dags/example_complex.py
[2025-04-08T09:18:40.042+0000] {logging_mixin.py:149} INFO - [2025-04-08T09:18:40.042+0000] {taskmixin.py:211} WARNING - Dependency <Task(BashOperator): create_entry_group>, delete_entry_group already registered for DAG: example_complex
[2025-04-08T09:18:40.042+0000] {logging_mixin.py:149} INFO - [2025-04-08T09:18:40.042+0000] {taskmixin.py:211} WARNING - Dependency <Task(BashOperator): delete_entry_group>, create_entry_group already registered for DAG: example_complex
[2025-04-08T09:18:40.043+0000] {logging_mixin.py:149} INFO - [2025-04-08T09:18:40.043+0000] {taskmixin.py:211} WARNING - Dependency <Task(BashOperator): create_entry_gcs>, delete_entry already registered for DAG: example_complex
[2025-04-08T09:18:40.043+0000] {logging_mixin.py:149} INFO - [2025-04-08T09:18:40.043+0000] {taskmixin.py:211} WARNING - Dependency <Task(BashOperator): delete_entry>, create_entry_gcs already registered for DAG: example_complex
[2025-04-08T09:18:40.043+0000] {logging_mixin.py:149} INFO - [2025-04-08T09:18:40.043+0000] {taskmixin.py:211} WARNING - Dependency <Task(BashOperator): create_tag>, delete_tag already registered for DAG: example_complex
[2025-04-08T09:18:40.043+0000] {logging_mixin.py:149} INFO - [2025-04-08T09:18:40.043+0000] {taskmixin.py:211} WARNING - Dependency <Task(BashOperator): delete_tag>, create_tag already registered for DAG: example_complex
[2025-04-08T09:18:40.045+0000] {processor.py:836} INFO - DAG(s) dict_keys(['example_complex']) retrieved from /home/airflow/.local/lib/python3.7/site-packages/airflow/example_dags/example_complex.py
[2025-04-08T09:18:40.081+0000] {logging_mixin.py:149} INFO - [2025-04-08T09:18:40.080+0000] {dag.py:2726} INFO - Sync 1 DAGs
[2025-04-08T09:18:40.105+0000] {logging_mixin.py:149} INFO - [2025-04-08T09:18:40.105+0000] {dag.py:3490} INFO - Setting next_dagrun for example_complex to None, run_after=None
[2025-04-08T09:18:40.128+0000] {processor.py:179} INFO - Processing /home/airflow/.local/lib/python3.7/site-packages/airflow/example_dags/example_complex.py took 0.105 seconds
