[2025-04-08T09:11:56.854+0000] {processor.py:157} INFO - Started process (PID=84) to work on /home/airflow/.local/lib/python3.7/site-packages/airflow/example_dags/example_branch_python_dop_operator_3.py
[2025-04-08T09:11:56.857+0000] {processor.py:826} INFO - Processing file /home/airflow/.local/lib/python3.7/site-packages/airflow/example_dags/example_branch_python_dop_operator_3.py for tasks to queue
[2025-04-08T09:11:56.860+0000] {logging_mixin.py:149} INFO - [2025-04-08T09:11:56.859+0000] {dagbag.py:541} INFO - Filling up the DagBag from /home/airflow/.local/lib/python3.7/site-packages/airflow/example_dags/example_branch_python_dop_operator_3.py
[2025-04-08T09:11:56.889+0000] {processor.py:836} INFO - DAG(s) dict_keys(['example_branch_dop_operator_v3']) retrieved from /home/airflow/.local/lib/python3.7/site-packages/airflow/example_dags/example_branch_python_dop_operator_3.py
[2025-04-08T09:11:56.960+0000] {logging_mixin.py:149} INFO - [2025-04-08T09:11:56.959+0000] {dag.py:2726} INFO - Sync 1 DAGs
[2025-04-08T09:11:57.016+0000] {logging_mixin.py:149} INFO - [2025-04-08T09:11:57.016+0000] {dag.py:3490} INFO - Setting next_dagrun for example_branch_dop_operator_v3 to 2025-04-08T09:10:00+00:00, run_after=2025-04-08T09:11:00+00:00
[2025-04-08T09:11:57.051+0000] {processor.py:179} INFO - Processing /home/airflow/.local/lib/python3.7/site-packages/airflow/example_dags/example_branch_python_dop_operator_3.py took 0.205 seconds
[2025-04-08T09:12:27.631+0000] {processor.py:157} INFO - Started process (PID=217) to work on /home/airflow/.local/lib/python3.7/site-packages/airflow/example_dags/example_branch_python_dop_operator_3.py
[2025-04-08T09:12:27.632+0000] {processor.py:826} INFO - Processing file /home/airflow/.local/lib/python3.7/site-packages/airflow/example_dags/example_branch_python_dop_operator_3.py for tasks to queue
[2025-04-08T09:12:27.633+0000] {logging_mixin.py:149} INFO - [2025-04-08T09:12:27.633+0000] {dagbag.py:541} INFO - Filling up the DagBag from /home/airflow/.local/lib/python3.7/site-packages/airflow/example_dags/example_branch_python_dop_operator_3.py
[2025-04-08T09:12:27.642+0000] {processor.py:836} INFO - DAG(s) dict_keys(['example_branch_dop_operator_v3']) retrieved from /home/airflow/.local/lib/python3.7/site-packages/airflow/example_dags/example_branch_python_dop_operator_3.py
[2025-04-08T09:12:27.669+0000] {logging_mixin.py:149} INFO - [2025-04-08T09:12:27.669+0000] {dag.py:2726} INFO - Sync 1 DAGs
[2025-04-08T09:12:27.703+0000] {logging_mixin.py:149} INFO - [2025-04-08T09:12:27.702+0000] {dag.py:3490} INFO - Setting next_dagrun for example_branch_dop_operator_v3 to 2025-04-08T09:11:00+00:00, run_after=2025-04-08T09:12:00+00:00
[2025-04-08T09:12:27.728+0000] {processor.py:179} INFO - Processing /home/airflow/.local/lib/python3.7/site-packages/airflow/example_dags/example_branch_python_dop_operator_3.py took 0.101 seconds
[2025-04-08T09:12:59.484+0000] {processor.py:157} INFO - Started process (PID=308) to work on /home/airflow/.local/lib/python3.7/site-packages/airflow/example_dags/example_branch_python_dop_operator_3.py
[2025-04-08T09:12:59.485+0000] {processor.py:826} INFO - Processing file /home/airflow/.local/lib/python3.7/site-packages/airflow/example_dags/example_branch_python_dop_operator_3.py for tasks to queue
[2025-04-08T09:12:59.486+0000] {logging_mixin.py:149} INFO - [2025-04-08T09:12:59.486+0000] {dagbag.py:541} INFO - Filling up the DagBag from /home/airflow/.local/lib/python3.7/site-packages/airflow/example_dags/example_branch_python_dop_operator_3.py
[2025-04-08T09:12:59.494+0000] {processor.py:836} INFO - DAG(s) dict_keys(['example_branch_dop_operator_v3']) retrieved from /home/airflow/.local/lib/python3.7/site-packages/airflow/example_dags/example_branch_python_dop_operator_3.py
[2025-04-08T09:12:59.522+0000] {logging_mixin.py:149} INFO - [2025-04-08T09:12:59.522+0000] {dag.py:2726} INFO - Sync 1 DAGs
[2025-04-08T09:12:59.669+0000] {logging_mixin.py:149} INFO - [2025-04-08T09:12:59.669+0000] {dag.py:3490} INFO - Setting next_dagrun for example_branch_dop_operator_v3 to 2025-04-08T09:11:00+00:00, run_after=2025-04-08T09:12:00+00:00
[2025-04-08T09:12:59.693+0000] {processor.py:179} INFO - Processing /home/airflow/.local/lib/python3.7/site-packages/airflow/example_dags/example_branch_python_dop_operator_3.py took 0.212 seconds
[2025-04-08T09:13:29.943+0000] {processor.py:157} INFO - Started process (PID=399) to work on /home/airflow/.local/lib/python3.7/site-packages/airflow/example_dags/example_branch_python_dop_operator_3.py
[2025-04-08T09:13:29.944+0000] {processor.py:826} INFO - Processing file /home/airflow/.local/lib/python3.7/site-packages/airflow/example_dags/example_branch_python_dop_operator_3.py for tasks to queue
[2025-04-08T09:13:29.945+0000] {logging_mixin.py:149} INFO - [2025-04-08T09:13:29.945+0000] {dagbag.py:541} INFO - Filling up the DagBag from /home/airflow/.local/lib/python3.7/site-packages/airflow/example_dags/example_branch_python_dop_operator_3.py
[2025-04-08T09:13:29.954+0000] {processor.py:836} INFO - DAG(s) dict_keys(['example_branch_dop_operator_v3']) retrieved from /home/airflow/.local/lib/python3.7/site-packages/airflow/example_dags/example_branch_python_dop_operator_3.py
[2025-04-08T09:13:29.984+0000] {logging_mixin.py:149} INFO - [2025-04-08T09:13:29.984+0000] {dag.py:2726} INFO - Sync 1 DAGs
[2025-04-08T09:13:30.024+0000] {logging_mixin.py:149} INFO - [2025-04-08T09:13:30.024+0000] {dag.py:3490} INFO - Setting next_dagrun for example_branch_dop_operator_v3 to 2025-04-08T09:12:00+00:00, run_after=2025-04-08T09:13:00+00:00
[2025-04-08T09:13:30.051+0000] {processor.py:179} INFO - Processing /home/airflow/.local/lib/python3.7/site-packages/airflow/example_dags/example_branch_python_dop_operator_3.py took 0.112 seconds
[2025-04-08T09:14:00.470+0000] {processor.py:157} INFO - Started process (PID=490) to work on /home/airflow/.local/lib/python3.7/site-packages/airflow/example_dags/example_branch_python_dop_operator_3.py
[2025-04-08T09:14:00.471+0000] {processor.py:826} INFO - Processing file /home/airflow/.local/lib/python3.7/site-packages/airflow/example_dags/example_branch_python_dop_operator_3.py for tasks to queue
[2025-04-08T09:14:00.472+0000] {logging_mixin.py:149} INFO - [2025-04-08T09:14:00.472+0000] {dagbag.py:541} INFO - Filling up the DagBag from /home/airflow/.local/lib/python3.7/site-packages/airflow/example_dags/example_branch_python_dop_operator_3.py
[2025-04-08T09:14:00.481+0000] {processor.py:836} INFO - DAG(s) dict_keys(['example_branch_dop_operator_v3']) retrieved from /home/airflow/.local/lib/python3.7/site-packages/airflow/example_dags/example_branch_python_dop_operator_3.py
[2025-04-08T09:14:00.507+0000] {logging_mixin.py:149} INFO - [2025-04-08T09:14:00.507+0000] {dag.py:2726} INFO - Sync 1 DAGs
[2025-04-08T09:14:00.537+0000] {logging_mixin.py:149} INFO - [2025-04-08T09:14:00.536+0000] {dag.py:3490} INFO - Setting next_dagrun for example_branch_dop_operator_v3 to 2025-04-08T09:13:00+00:00, run_after=2025-04-08T09:14:00+00:00
[2025-04-08T09:14:00.558+0000] {processor.py:179} INFO - Processing /home/airflow/.local/lib/python3.7/site-packages/airflow/example_dags/example_branch_python_dop_operator_3.py took 0.091 seconds
[2025-04-08T09:14:31.711+0000] {processor.py:157} INFO - Started process (PID=581) to work on /home/airflow/.local/lib/python3.7/site-packages/airflow/example_dags/example_branch_python_dop_operator_3.py
[2025-04-08T09:14:31.712+0000] {processor.py:826} INFO - Processing file /home/airflow/.local/lib/python3.7/site-packages/airflow/example_dags/example_branch_python_dop_operator_3.py for tasks to queue
[2025-04-08T09:14:31.712+0000] {logging_mixin.py:149} INFO - [2025-04-08T09:14:31.712+0000] {dagbag.py:541} INFO - Filling up the DagBag from /home/airflow/.local/lib/python3.7/site-packages/airflow/example_dags/example_branch_python_dop_operator_3.py
[2025-04-08T09:14:31.721+0000] {processor.py:836} INFO - DAG(s) dict_keys(['example_branch_dop_operator_v3']) retrieved from /home/airflow/.local/lib/python3.7/site-packages/airflow/example_dags/example_branch_python_dop_operator_3.py
[2025-04-08T09:14:31.748+0000] {logging_mixin.py:149} INFO - [2025-04-08T09:14:31.747+0000] {dag.py:2726} INFO - Sync 1 DAGs
[2025-04-08T09:14:31.776+0000] {logging_mixin.py:149} INFO - [2025-04-08T09:14:31.776+0000] {dag.py:3490} INFO - Setting next_dagrun for example_branch_dop_operator_v3 to 2025-04-08T09:13:00+00:00, run_after=2025-04-08T09:14:00+00:00
[2025-04-08T09:14:31.796+0000] {processor.py:179} INFO - Processing /home/airflow/.local/lib/python3.7/site-packages/airflow/example_dags/example_branch_python_dop_operator_3.py took 0.089 seconds
[2025-04-08T09:15:03.085+0000] {processor.py:157} INFO - Started process (PID=672) to work on /home/airflow/.local/lib/python3.7/site-packages/airflow/example_dags/example_branch_python_dop_operator_3.py
[2025-04-08T09:15:03.086+0000] {processor.py:826} INFO - Processing file /home/airflow/.local/lib/python3.7/site-packages/airflow/example_dags/example_branch_python_dop_operator_3.py for tasks to queue
[2025-04-08T09:15:03.086+0000] {logging_mixin.py:149} INFO - [2025-04-08T09:15:03.086+0000] {dagbag.py:541} INFO - Filling up the DagBag from /home/airflow/.local/lib/python3.7/site-packages/airflow/example_dags/example_branch_python_dop_operator_3.py
[2025-04-08T09:15:03.094+0000] {processor.py:836} INFO - DAG(s) dict_keys(['example_branch_dop_operator_v3']) retrieved from /home/airflow/.local/lib/python3.7/site-packages/airflow/example_dags/example_branch_python_dop_operator_3.py
[2025-04-08T09:15:03.120+0000] {logging_mixin.py:149} INFO - [2025-04-08T09:15:03.120+0000] {dag.py:2726} INFO - Sync 1 DAGs
[2025-04-08T09:15:03.149+0000] {logging_mixin.py:149} INFO - [2025-04-08T09:15:03.149+0000] {dag.py:3490} INFO - Setting next_dagrun for example_branch_dop_operator_v3 to 2025-04-08T09:14:00+00:00, run_after=2025-04-08T09:15:00+00:00
[2025-04-08T09:15:03.171+0000] {processor.py:179} INFO - Processing /home/airflow/.local/lib/python3.7/site-packages/airflow/example_dags/example_branch_python_dop_operator_3.py took 0.089 seconds
[2025-04-08T09:15:34.253+0000] {processor.py:157} INFO - Started process (PID=764) to work on /home/airflow/.local/lib/python3.7/site-packages/airflow/example_dags/example_branch_python_dop_operator_3.py
[2025-04-08T09:15:34.254+0000] {processor.py:826} INFO - Processing file /home/airflow/.local/lib/python3.7/site-packages/airflow/example_dags/example_branch_python_dop_operator_3.py for tasks to queue
[2025-04-08T09:15:34.254+0000] {logging_mixin.py:149} INFO - [2025-04-08T09:15:34.254+0000] {dagbag.py:541} INFO - Filling up the DagBag from /home/airflow/.local/lib/python3.7/site-packages/airflow/example_dags/example_branch_python_dop_operator_3.py
[2025-04-08T09:15:34.262+0000] {processor.py:836} INFO - DAG(s) dict_keys(['example_branch_dop_operator_v3']) retrieved from /home/airflow/.local/lib/python3.7/site-packages/airflow/example_dags/example_branch_python_dop_operator_3.py
[2025-04-08T09:15:34.288+0000] {logging_mixin.py:149} INFO - [2025-04-08T09:15:34.288+0000] {dag.py:2726} INFO - Sync 1 DAGs
[2025-04-08T09:15:34.317+0000] {logging_mixin.py:149} INFO - [2025-04-08T09:15:34.317+0000] {dag.py:3490} INFO - Setting next_dagrun for example_branch_dop_operator_v3 to 2025-04-08T09:14:00+00:00, run_after=2025-04-08T09:15:00+00:00
[2025-04-08T09:15:34.339+0000] {processor.py:179} INFO - Processing /home/airflow/.local/lib/python3.7/site-packages/airflow/example_dags/example_branch_python_dop_operator_3.py took 0.090 seconds
[2025-04-08T09:16:05.483+0000] {processor.py:157} INFO - Started process (PID=854) to work on /home/airflow/.local/lib/python3.7/site-packages/airflow/example_dags/example_branch_python_dop_operator_3.py
[2025-04-08T09:16:05.484+0000] {processor.py:826} INFO - Processing file /home/airflow/.local/lib/python3.7/site-packages/airflow/example_dags/example_branch_python_dop_operator_3.py for tasks to queue
[2025-04-08T09:16:05.485+0000] {logging_mixin.py:149} INFO - [2025-04-08T09:16:05.485+0000] {dagbag.py:541} INFO - Filling up the DagBag from /home/airflow/.local/lib/python3.7/site-packages/airflow/example_dags/example_branch_python_dop_operator_3.py
[2025-04-08T09:16:05.493+0000] {processor.py:836} INFO - DAG(s) dict_keys(['example_branch_dop_operator_v3']) retrieved from /home/airflow/.local/lib/python3.7/site-packages/airflow/example_dags/example_branch_python_dop_operator_3.py
[2025-04-08T09:16:05.520+0000] {logging_mixin.py:149} INFO - [2025-04-08T09:16:05.519+0000] {dag.py:2726} INFO - Sync 1 DAGs
[2025-04-08T09:16:05.552+0000] {logging_mixin.py:149} INFO - [2025-04-08T09:16:05.551+0000] {dag.py:3490} INFO - Setting next_dagrun for example_branch_dop_operator_v3 to 2025-04-08T09:15:00+00:00, run_after=2025-04-08T09:16:00+00:00
[2025-04-08T09:16:05.574+0000] {processor.py:179} INFO - Processing /home/airflow/.local/lib/python3.7/site-packages/airflow/example_dags/example_branch_python_dop_operator_3.py took 0.095 seconds
[2025-04-08T09:16:36.173+0000] {processor.py:157} INFO - Started process (PID=946) to work on /home/airflow/.local/lib/python3.7/site-packages/airflow/example_dags/example_branch_python_dop_operator_3.py
[2025-04-08T09:16:36.174+0000] {processor.py:826} INFO - Processing file /home/airflow/.local/lib/python3.7/site-packages/airflow/example_dags/example_branch_python_dop_operator_3.py for tasks to queue
[2025-04-08T09:16:36.175+0000] {logging_mixin.py:149} INFO - [2025-04-08T09:16:36.175+0000] {dagbag.py:541} INFO - Filling up the DagBag from /home/airflow/.local/lib/python3.7/site-packages/airflow/example_dags/example_branch_python_dop_operator_3.py
[2025-04-08T09:16:36.183+0000] {processor.py:836} INFO - DAG(s) dict_keys(['example_branch_dop_operator_v3']) retrieved from /home/airflow/.local/lib/python3.7/site-packages/airflow/example_dags/example_branch_python_dop_operator_3.py
[2025-04-08T09:16:36.211+0000] {logging_mixin.py:149} INFO - [2025-04-08T09:16:36.211+0000] {dag.py:2726} INFO - Sync 1 DAGs
[2025-04-08T09:16:36.244+0000] {logging_mixin.py:149} INFO - [2025-04-08T09:16:36.243+0000] {dag.py:3490} INFO - Setting next_dagrun for example_branch_dop_operator_v3 to 2025-04-08T09:15:00+00:00, run_after=2025-04-08T09:16:00+00:00
[2025-04-08T09:16:36.270+0000] {processor.py:179} INFO - Processing /home/airflow/.local/lib/python3.7/site-packages/airflow/example_dags/example_branch_python_dop_operator_3.py took 0.101 seconds
[2025-04-08T09:17:06.710+0000] {processor.py:157} INFO - Started process (PID=1037) to work on /home/airflow/.local/lib/python3.7/site-packages/airflow/example_dags/example_branch_python_dop_operator_3.py
[2025-04-08T09:17:06.711+0000] {processor.py:826} INFO - Processing file /home/airflow/.local/lib/python3.7/site-packages/airflow/example_dags/example_branch_python_dop_operator_3.py for tasks to queue
[2025-04-08T09:17:06.712+0000] {logging_mixin.py:149} INFO - [2025-04-08T09:17:06.712+0000] {dagbag.py:541} INFO - Filling up the DagBag from /home/airflow/.local/lib/python3.7/site-packages/airflow/example_dags/example_branch_python_dop_operator_3.py
[2025-04-08T09:17:06.720+0000] {processor.py:836} INFO - DAG(s) dict_keys(['example_branch_dop_operator_v3']) retrieved from /home/airflow/.local/lib/python3.7/site-packages/airflow/example_dags/example_branch_python_dop_operator_3.py
[2025-04-08T09:17:06.745+0000] {logging_mixin.py:149} INFO - [2025-04-08T09:17:06.745+0000] {dag.py:2726} INFO - Sync 1 DAGs
[2025-04-08T09:17:06.776+0000] {logging_mixin.py:149} INFO - [2025-04-08T09:17:06.776+0000] {dag.py:3490} INFO - Setting next_dagrun for example_branch_dop_operator_v3 to 2025-04-08T09:16:00+00:00, run_after=2025-04-08T09:17:00+00:00
[2025-04-08T09:17:06.800+0000] {processor.py:179} INFO - Processing /home/airflow/.local/lib/python3.7/site-packages/airflow/example_dags/example_branch_python_dop_operator_3.py took 0.094 seconds
[2025-04-08T09:17:37.192+0000] {processor.py:157} INFO - Started process (PID=1128) to work on /home/airflow/.local/lib/python3.7/site-packages/airflow/example_dags/example_branch_python_dop_operator_3.py
[2025-04-08T09:17:37.193+0000] {processor.py:826} INFO - Processing file /home/airflow/.local/lib/python3.7/site-packages/airflow/example_dags/example_branch_python_dop_operator_3.py for tasks to queue
[2025-04-08T09:17:37.194+0000] {logging_mixin.py:149} INFO - [2025-04-08T09:17:37.194+0000] {dagbag.py:541} INFO - Filling up the DagBag from /home/airflow/.local/lib/python3.7/site-packages/airflow/example_dags/example_branch_python_dop_operator_3.py
[2025-04-08T09:17:37.203+0000] {processor.py:836} INFO - DAG(s) dict_keys(['example_branch_dop_operator_v3']) retrieved from /home/airflow/.local/lib/python3.7/site-packages/airflow/example_dags/example_branch_python_dop_operator_3.py
[2025-04-08T09:17:37.227+0000] {logging_mixin.py:149} INFO - [2025-04-08T09:17:37.227+0000] {dag.py:2726} INFO - Sync 1 DAGs
[2025-04-08T09:17:37.259+0000] {logging_mixin.py:149} INFO - [2025-04-08T09:17:37.259+0000] {dag.py:3490} INFO - Setting next_dagrun for example_branch_dop_operator_v3 to 2025-04-08T09:16:00+00:00, run_after=2025-04-08T09:17:00+00:00
[2025-04-08T09:17:37.284+0000] {processor.py:179} INFO - Processing /home/airflow/.local/lib/python3.7/site-packages/airflow/example_dags/example_branch_python_dop_operator_3.py took 0.096 seconds
[2025-04-08T09:18:07.795+0000] {processor.py:157} INFO - Started process (PID=1219) to work on /home/airflow/.local/lib/python3.7/site-packages/airflow/example_dags/example_branch_python_dop_operator_3.py
[2025-04-08T09:18:07.796+0000] {processor.py:826} INFO - Processing file /home/airflow/.local/lib/python3.7/site-packages/airflow/example_dags/example_branch_python_dop_operator_3.py for tasks to queue
[2025-04-08T09:18:07.797+0000] {logging_mixin.py:149} INFO - [2025-04-08T09:18:07.797+0000] {dagbag.py:541} INFO - Filling up the DagBag from /home/airflow/.local/lib/python3.7/site-packages/airflow/example_dags/example_branch_python_dop_operator_3.py
[2025-04-08T09:18:07.806+0000] {processor.py:836} INFO - DAG(s) dict_keys(['example_branch_dop_operator_v3']) retrieved from /home/airflow/.local/lib/python3.7/site-packages/airflow/example_dags/example_branch_python_dop_operator_3.py
[2025-04-08T09:18:07.831+0000] {logging_mixin.py:149} INFO - [2025-04-08T09:18:07.831+0000] {dag.py:2726} INFO - Sync 1 DAGs
[2025-04-08T09:18:07.860+0000] {logging_mixin.py:149} INFO - [2025-04-08T09:18:07.860+0000] {dag.py:3490} INFO - Setting next_dagrun for example_branch_dop_operator_v3 to 2025-04-08T09:17:00+00:00, run_after=2025-04-08T09:18:00+00:00
[2025-04-08T09:18:07.882+0000] {processor.py:179} INFO - Processing /home/airflow/.local/lib/python3.7/site-packages/airflow/example_dags/example_branch_python_dop_operator_3.py took 0.093 seconds
[2025-04-08T09:18:38.333+0000] {processor.py:157} INFO - Started process (PID=1309) to work on /home/airflow/.local/lib/python3.7/site-packages/airflow/example_dags/example_branch_python_dop_operator_3.py
[2025-04-08T09:18:38.334+0000] {processor.py:826} INFO - Processing file /home/airflow/.local/lib/python3.7/site-packages/airflow/example_dags/example_branch_python_dop_operator_3.py for tasks to queue
[2025-04-08T09:18:38.335+0000] {logging_mixin.py:149} INFO - [2025-04-08T09:18:38.335+0000] {dagbag.py:541} INFO - Filling up the DagBag from /home/airflow/.local/lib/python3.7/site-packages/airflow/example_dags/example_branch_python_dop_operator_3.py
[2025-04-08T09:18:38.346+0000] {processor.py:836} INFO - DAG(s) dict_keys(['example_branch_dop_operator_v3']) retrieved from /home/airflow/.local/lib/python3.7/site-packages/airflow/example_dags/example_branch_python_dop_operator_3.py
[2025-04-08T09:18:38.372+0000] {logging_mixin.py:149} INFO - [2025-04-08T09:18:38.372+0000] {dag.py:2726} INFO - Sync 1 DAGs
[2025-04-08T09:18:38.404+0000] {logging_mixin.py:149} INFO - [2025-04-08T09:18:38.404+0000] {dag.py:3490} INFO - Setting next_dagrun for example_branch_dop_operator_v3 to 2025-04-08T09:17:00+00:00, run_after=2025-04-08T09:18:00+00:00
[2025-04-08T09:18:38.426+0000] {processor.py:179} INFO - Processing /home/airflow/.local/lib/python3.7/site-packages/airflow/example_dags/example_branch_python_dop_operator_3.py took 0.096 seconds
