[2025-04-08T09:11:56.269+0000] {processor.py:157} INFO - Started process (PID=77) to work on /home/airflow/.local/lib/python3.7/site-packages/airflow/example_dags/example_dag_decorator.py
[2025-04-08T09:11:56.271+0000] {processor.py:826} INFO - Processing file /home/airflow/.local/lib/python3.7/site-packages/airflow/example_dags/example_dag_decorator.py for tasks to queue
[2025-04-08T09:11:56.272+0000] {logging_mixin.py:149} INFO - [2025-04-08T09:11:56.272+0000] {dagbag.py:541} INFO - Filling up the DagBag from /home/airflow/.local/lib/python3.7/site-packages/airflow/example_dags/example_dag_decorator.py
[2025-04-08T09:11:56.288+0000] {logging_mixin.py:149} INFO - [2025-04-08T09:11:56.287+0000] {taskmixin.py:211} WARNING - Dependency <Task(_PythonDecoratedOperator): prepare_email>, send_email already registered for DAG: example_dag_decorator
[2025-04-08T09:11:56.288+0000] {logging_mixin.py:149} INFO - [2025-04-08T09:11:56.288+0000] {taskmixin.py:211} WARNING - Dependency <Task(EmailOperator): send_email>, prepare_email already registered for DAG: example_dag_decorator
[2025-04-08T09:11:56.313+0000] {processor.py:836} INFO - DAG(s) dict_keys(['example_dag_decorator']) retrieved from /home/airflow/.local/lib/python3.7/site-packages/airflow/example_dags/example_dag_decorator.py
[2025-04-08T09:11:56.420+0000] {logging_mixin.py:149} INFO - [2025-04-08T09:11:56.419+0000] {dag.py:2726} INFO - Sync 1 DAGs
[2025-04-08T09:11:56.452+0000] {logging_mixin.py:149} INFO - [2025-04-08T09:11:56.451+0000] {dag.py:3490} INFO - Setting next_dagrun for example_dag_decorator to None, run_after=None
[2025-04-08T09:11:56.481+0000] {processor.py:179} INFO - Processing /home/airflow/.local/lib/python3.7/site-packages/airflow/example_dags/example_dag_decorator.py took 0.215 seconds
[2025-04-08T09:12:27.189+0000] {processor.py:157} INFO - Started process (PID=211) to work on /home/airflow/.local/lib/python3.7/site-packages/airflow/example_dags/example_dag_decorator.py
[2025-04-08T09:12:27.191+0000] {processor.py:826} INFO - Processing file /home/airflow/.local/lib/python3.7/site-packages/airflow/example_dags/example_dag_decorator.py for tasks to queue
[2025-04-08T09:12:27.191+0000] {logging_mixin.py:149} INFO - [2025-04-08T09:12:27.191+0000] {dagbag.py:541} INFO - Filling up the DagBag from /home/airflow/.local/lib/python3.7/site-packages/airflow/example_dags/example_dag_decorator.py
[2025-04-08T09:12:27.199+0000] {logging_mixin.py:149} INFO - [2025-04-08T09:12:27.199+0000] {taskmixin.py:211} WARNING - Dependency <Task(_PythonDecoratedOperator): prepare_email>, send_email already registered for DAG: example_dag_decorator
[2025-04-08T09:12:27.199+0000] {logging_mixin.py:149} INFO - [2025-04-08T09:12:27.199+0000] {taskmixin.py:211} WARNING - Dependency <Task(EmailOperator): send_email>, prepare_email already registered for DAG: example_dag_decorator
[2025-04-08T09:12:27.208+0000] {processor.py:836} INFO - DAG(s) dict_keys(['example_dag_decorator']) retrieved from /home/airflow/.local/lib/python3.7/site-packages/airflow/example_dags/example_dag_decorator.py
[2025-04-08T09:12:27.279+0000] {logging_mixin.py:149} INFO - [2025-04-08T09:12:27.278+0000] {dag.py:2726} INFO - Sync 1 DAGs
[2025-04-08T09:12:27.428+0000] {logging_mixin.py:149} INFO - [2025-04-08T09:12:27.428+0000] {dag.py:3490} INFO - Setting next_dagrun for example_dag_decorator to None, run_after=None
[2025-04-08T09:12:27.451+0000] {processor.py:179} INFO - Processing /home/airflow/.local/lib/python3.7/site-packages/airflow/example_dags/example_dag_decorator.py took 0.266 seconds
[2025-04-08T09:12:58.757+0000] {processor.py:157} INFO - Started process (PID=302) to work on /home/airflow/.local/lib/python3.7/site-packages/airflow/example_dags/example_dag_decorator.py
[2025-04-08T09:12:58.758+0000] {processor.py:826} INFO - Processing file /home/airflow/.local/lib/python3.7/site-packages/airflow/example_dags/example_dag_decorator.py for tasks to queue
[2025-04-08T09:12:58.759+0000] {logging_mixin.py:149} INFO - [2025-04-08T09:12:58.758+0000] {dagbag.py:541} INFO - Filling up the DagBag from /home/airflow/.local/lib/python3.7/site-packages/airflow/example_dags/example_dag_decorator.py
[2025-04-08T09:12:58.771+0000] {logging_mixin.py:149} INFO - [2025-04-08T09:12:58.771+0000] {taskmixin.py:211} WARNING - Dependency <Task(_PythonDecoratedOperator): prepare_email>, send_email already registered for DAG: example_dag_decorator
[2025-04-08T09:12:58.772+0000] {logging_mixin.py:149} INFO - [2025-04-08T09:12:58.772+0000] {taskmixin.py:211} WARNING - Dependency <Task(EmailOperator): send_email>, prepare_email already registered for DAG: example_dag_decorator
[2025-04-08T09:12:58.788+0000] {processor.py:836} INFO - DAG(s) dict_keys(['example_dag_decorator']) retrieved from /home/airflow/.local/lib/python3.7/site-packages/airflow/example_dags/example_dag_decorator.py
[2025-04-08T09:12:58.989+0000] {logging_mixin.py:149} INFO - [2025-04-08T09:12:58.989+0000] {dag.py:2726} INFO - Sync 1 DAGs
[2025-04-08T09:12:59.015+0000] {logging_mixin.py:149} INFO - [2025-04-08T09:12:59.015+0000] {dag.py:3490} INFO - Setting next_dagrun for example_dag_decorator to None, run_after=None
[2025-04-08T09:12:59.040+0000] {processor.py:179} INFO - Processing /home/airflow/.local/lib/python3.7/site-packages/airflow/example_dags/example_dag_decorator.py took 0.289 seconds
[2025-04-08T09:13:29.562+0000] {processor.py:157} INFO - Started process (PID=393) to work on /home/airflow/.local/lib/python3.7/site-packages/airflow/example_dags/example_dag_decorator.py
[2025-04-08T09:13:29.563+0000] {processor.py:826} INFO - Processing file /home/airflow/.local/lib/python3.7/site-packages/airflow/example_dags/example_dag_decorator.py for tasks to queue
[2025-04-08T09:13:29.564+0000] {logging_mixin.py:149} INFO - [2025-04-08T09:13:29.564+0000] {dagbag.py:541} INFO - Filling up the DagBag from /home/airflow/.local/lib/python3.7/site-packages/airflow/example_dags/example_dag_decorator.py
[2025-04-08T09:13:29.571+0000] {logging_mixin.py:149} INFO - [2025-04-08T09:13:29.571+0000] {taskmixin.py:211} WARNING - Dependency <Task(_PythonDecoratedOperator): prepare_email>, send_email already registered for DAG: example_dag_decorator
[2025-04-08T09:13:29.571+0000] {logging_mixin.py:149} INFO - [2025-04-08T09:13:29.571+0000] {taskmixin.py:211} WARNING - Dependency <Task(EmailOperator): send_email>, prepare_email already registered for DAG: example_dag_decorator
[2025-04-08T09:13:29.580+0000] {processor.py:836} INFO - DAG(s) dict_keys(['example_dag_decorator']) retrieved from /home/airflow/.local/lib/python3.7/site-packages/airflow/example_dags/example_dag_decorator.py
[2025-04-08T09:13:29.650+0000] {logging_mixin.py:149} INFO - [2025-04-08T09:13:29.650+0000] {dag.py:2726} INFO - Sync 1 DAGs
[2025-04-08T09:13:29.678+0000] {logging_mixin.py:149} INFO - [2025-04-08T09:13:29.677+0000] {dag.py:3490} INFO - Setting next_dagrun for example_dag_decorator to None, run_after=None
[2025-04-08T09:13:29.704+0000] {processor.py:179} INFO - Processing /home/airflow/.local/lib/python3.7/site-packages/airflow/example_dags/example_dag_decorator.py took 0.145 seconds
[2025-04-08T09:14:00.137+0000] {processor.py:157} INFO - Started process (PID=484) to work on /home/airflow/.local/lib/python3.7/site-packages/airflow/example_dags/example_dag_decorator.py
[2025-04-08T09:14:00.138+0000] {processor.py:826} INFO - Processing file /home/airflow/.local/lib/python3.7/site-packages/airflow/example_dags/example_dag_decorator.py for tasks to queue
[2025-04-08T09:14:00.139+0000] {logging_mixin.py:149} INFO - [2025-04-08T09:14:00.138+0000] {dagbag.py:541} INFO - Filling up the DagBag from /home/airflow/.local/lib/python3.7/site-packages/airflow/example_dags/example_dag_decorator.py
[2025-04-08T09:14:00.145+0000] {logging_mixin.py:149} INFO - [2025-04-08T09:14:00.144+0000] {taskmixin.py:211} WARNING - Dependency <Task(_PythonDecoratedOperator): prepare_email>, send_email already registered for DAG: example_dag_decorator
[2025-04-08T09:14:00.145+0000] {logging_mixin.py:149} INFO - [2025-04-08T09:14:00.145+0000] {taskmixin.py:211} WARNING - Dependency <Task(EmailOperator): send_email>, prepare_email already registered for DAG: example_dag_decorator
[2025-04-08T09:14:00.153+0000] {processor.py:836} INFO - DAG(s) dict_keys(['example_dag_decorator']) retrieved from /home/airflow/.local/lib/python3.7/site-packages/airflow/example_dags/example_dag_decorator.py
[2025-04-08T09:14:00.217+0000] {logging_mixin.py:149} INFO - [2025-04-08T09:14:00.217+0000] {dag.py:2726} INFO - Sync 1 DAGs
[2025-04-08T09:14:00.241+0000] {logging_mixin.py:149} INFO - [2025-04-08T09:14:00.241+0000] {dag.py:3490} INFO - Setting next_dagrun for example_dag_decorator to None, run_after=None
[2025-04-08T09:14:00.264+0000] {processor.py:179} INFO - Processing /home/airflow/.local/lib/python3.7/site-packages/airflow/example_dags/example_dag_decorator.py took 0.131 seconds
[2025-04-08T09:14:31.297+0000] {processor.py:157} INFO - Started process (PID=575) to work on /home/airflow/.local/lib/python3.7/site-packages/airflow/example_dags/example_dag_decorator.py
[2025-04-08T09:14:31.297+0000] {processor.py:826} INFO - Processing file /home/airflow/.local/lib/python3.7/site-packages/airflow/example_dags/example_dag_decorator.py for tasks to queue
[2025-04-08T09:14:31.298+0000] {logging_mixin.py:149} INFO - [2025-04-08T09:14:31.298+0000] {dagbag.py:541} INFO - Filling up the DagBag from /home/airflow/.local/lib/python3.7/site-packages/airflow/example_dags/example_dag_decorator.py
[2025-04-08T09:14:31.305+0000] {logging_mixin.py:149} INFO - [2025-04-08T09:14:31.305+0000] {taskmixin.py:211} WARNING - Dependency <Task(_PythonDecoratedOperator): prepare_email>, send_email already registered for DAG: example_dag_decorator
[2025-04-08T09:14:31.305+0000] {logging_mixin.py:149} INFO - [2025-04-08T09:14:31.305+0000] {taskmixin.py:211} WARNING - Dependency <Task(EmailOperator): send_email>, prepare_email already registered for DAG: example_dag_decorator
[2025-04-08T09:14:31.314+0000] {processor.py:836} INFO - DAG(s) dict_keys(['example_dag_decorator']) retrieved from /home/airflow/.local/lib/python3.7/site-packages/airflow/example_dags/example_dag_decorator.py
[2025-04-08T09:14:31.392+0000] {logging_mixin.py:149} INFO - [2025-04-08T09:14:31.392+0000] {dag.py:2726} INFO - Sync 1 DAGs
[2025-04-08T09:14:31.421+0000] {logging_mixin.py:149} INFO - [2025-04-08T09:14:31.421+0000] {dag.py:3490} INFO - Setting next_dagrun for example_dag_decorator to None, run_after=None
[2025-04-08T09:14:31.450+0000] {processor.py:179} INFO - Processing /home/airflow/.local/lib/python3.7/site-packages/airflow/example_dags/example_dag_decorator.py took 0.157 seconds
[2025-04-08T09:15:02.740+0000] {processor.py:157} INFO - Started process (PID=666) to work on /home/airflow/.local/lib/python3.7/site-packages/airflow/example_dags/example_dag_decorator.py
[2025-04-08T09:15:02.741+0000] {processor.py:826} INFO - Processing file /home/airflow/.local/lib/python3.7/site-packages/airflow/example_dags/example_dag_decorator.py for tasks to queue
[2025-04-08T09:15:02.742+0000] {logging_mixin.py:149} INFO - [2025-04-08T09:15:02.742+0000] {dagbag.py:541} INFO - Filling up the DagBag from /home/airflow/.local/lib/python3.7/site-packages/airflow/example_dags/example_dag_decorator.py
[2025-04-08T09:15:02.748+0000] {logging_mixin.py:149} INFO - [2025-04-08T09:15:02.748+0000] {taskmixin.py:211} WARNING - Dependency <Task(_PythonDecoratedOperator): prepare_email>, send_email already registered for DAG: example_dag_decorator
[2025-04-08T09:15:02.748+0000] {logging_mixin.py:149} INFO - [2025-04-08T09:15:02.748+0000] {taskmixin.py:211} WARNING - Dependency <Task(EmailOperator): send_email>, prepare_email already registered for DAG: example_dag_decorator
[2025-04-08T09:15:02.756+0000] {processor.py:836} INFO - DAG(s) dict_keys(['example_dag_decorator']) retrieved from /home/airflow/.local/lib/python3.7/site-packages/airflow/example_dags/example_dag_decorator.py
[2025-04-08T09:15:02.821+0000] {logging_mixin.py:149} INFO - [2025-04-08T09:15:02.821+0000] {dag.py:2726} INFO - Sync 1 DAGs
[2025-04-08T09:15:02.843+0000] {logging_mixin.py:149} INFO - [2025-04-08T09:15:02.842+0000] {dag.py:3490} INFO - Setting next_dagrun for example_dag_decorator to None, run_after=None
[2025-04-08T09:15:02.865+0000] {processor.py:179} INFO - Processing /home/airflow/.local/lib/python3.7/site-packages/airflow/example_dags/example_dag_decorator.py took 0.128 seconds
[2025-04-08T09:15:33.881+0000] {processor.py:157} INFO - Started process (PID=757) to work on /home/airflow/.local/lib/python3.7/site-packages/airflow/example_dags/example_dag_decorator.py
[2025-04-08T09:15:33.882+0000] {processor.py:826} INFO - Processing file /home/airflow/.local/lib/python3.7/site-packages/airflow/example_dags/example_dag_decorator.py for tasks to queue
[2025-04-08T09:15:33.883+0000] {logging_mixin.py:149} INFO - [2025-04-08T09:15:33.882+0000] {dagbag.py:541} INFO - Filling up the DagBag from /home/airflow/.local/lib/python3.7/site-packages/airflow/example_dags/example_dag_decorator.py
[2025-04-08T09:15:33.889+0000] {logging_mixin.py:149} INFO - [2025-04-08T09:15:33.889+0000] {taskmixin.py:211} WARNING - Dependency <Task(_PythonDecoratedOperator): prepare_email>, send_email already registered for DAG: example_dag_decorator
[2025-04-08T09:15:33.889+0000] {logging_mixin.py:149} INFO - [2025-04-08T09:15:33.889+0000] {taskmixin.py:211} WARNING - Dependency <Task(EmailOperator): send_email>, prepare_email already registered for DAG: example_dag_decorator
[2025-04-08T09:15:33.898+0000] {processor.py:836} INFO - DAG(s) dict_keys(['example_dag_decorator']) retrieved from /home/airflow/.local/lib/python3.7/site-packages/airflow/example_dags/example_dag_decorator.py
[2025-04-08T09:15:33.964+0000] {logging_mixin.py:149} INFO - [2025-04-08T09:15:33.964+0000] {dag.py:2726} INFO - Sync 1 DAGs
[2025-04-08T09:15:33.988+0000] {logging_mixin.py:149} INFO - [2025-04-08T09:15:33.988+0000] {dag.py:3490} INFO - Setting next_dagrun for example_dag_decorator to None, run_after=None
[2025-04-08T09:15:34.011+0000] {processor.py:179} INFO - Processing /home/airflow/.local/lib/python3.7/site-packages/airflow/example_dags/example_dag_decorator.py took 0.133 seconds
[2025-04-08T09:16:05.115+0000] {processor.py:157} INFO - Started process (PID=848) to work on /home/airflow/.local/lib/python3.7/site-packages/airflow/example_dags/example_dag_decorator.py
[2025-04-08T09:16:05.116+0000] {processor.py:826} INFO - Processing file /home/airflow/.local/lib/python3.7/site-packages/airflow/example_dags/example_dag_decorator.py for tasks to queue
[2025-04-08T09:16:05.117+0000] {logging_mixin.py:149} INFO - [2025-04-08T09:16:05.117+0000] {dagbag.py:541} INFO - Filling up the DagBag from /home/airflow/.local/lib/python3.7/site-packages/airflow/example_dags/example_dag_decorator.py
[2025-04-08T09:16:05.124+0000] {logging_mixin.py:149} INFO - [2025-04-08T09:16:05.123+0000] {taskmixin.py:211} WARNING - Dependency <Task(_PythonDecoratedOperator): prepare_email>, send_email already registered for DAG: example_dag_decorator
[2025-04-08T09:16:05.124+0000] {logging_mixin.py:149} INFO - [2025-04-08T09:16:05.124+0000] {taskmixin.py:211} WARNING - Dependency <Task(EmailOperator): send_email>, prepare_email already registered for DAG: example_dag_decorator
[2025-04-08T09:16:05.132+0000] {processor.py:836} INFO - DAG(s) dict_keys(['example_dag_decorator']) retrieved from /home/airflow/.local/lib/python3.7/site-packages/airflow/example_dags/example_dag_decorator.py
[2025-04-08T09:16:05.198+0000] {logging_mixin.py:149} INFO - [2025-04-08T09:16:05.198+0000] {dag.py:2726} INFO - Sync 1 DAGs
[2025-04-08T09:16:05.223+0000] {logging_mixin.py:149} INFO - [2025-04-08T09:16:05.222+0000] {dag.py:3490} INFO - Setting next_dagrun for example_dag_decorator to None, run_after=None
[2025-04-08T09:16:05.247+0000] {processor.py:179} INFO - Processing /home/airflow/.local/lib/python3.7/site-packages/airflow/example_dags/example_dag_decorator.py took 0.137 seconds
[2025-04-08T09:16:35.827+0000] {processor.py:157} INFO - Started process (PID=939) to work on /home/airflow/.local/lib/python3.7/site-packages/airflow/example_dags/example_dag_decorator.py
[2025-04-08T09:16:35.828+0000] {processor.py:826} INFO - Processing file /home/airflow/.local/lib/python3.7/site-packages/airflow/example_dags/example_dag_decorator.py for tasks to queue
[2025-04-08T09:16:35.829+0000] {logging_mixin.py:149} INFO - [2025-04-08T09:16:35.829+0000] {dagbag.py:541} INFO - Filling up the DagBag from /home/airflow/.local/lib/python3.7/site-packages/airflow/example_dags/example_dag_decorator.py
[2025-04-08T09:16:35.835+0000] {logging_mixin.py:149} INFO - [2025-04-08T09:16:35.835+0000] {taskmixin.py:211} WARNING - Dependency <Task(_PythonDecoratedOperator): prepare_email>, send_email already registered for DAG: example_dag_decorator
[2025-04-08T09:16:35.835+0000] {logging_mixin.py:149} INFO - [2025-04-08T09:16:35.835+0000] {taskmixin.py:211} WARNING - Dependency <Task(EmailOperator): send_email>, prepare_email already registered for DAG: example_dag_decorator
[2025-04-08T09:16:35.843+0000] {processor.py:836} INFO - DAG(s) dict_keys(['example_dag_decorator']) retrieved from /home/airflow/.local/lib/python3.7/site-packages/airflow/example_dags/example_dag_decorator.py
[2025-04-08T09:16:35.907+0000] {logging_mixin.py:149} INFO - [2025-04-08T09:16:35.907+0000] {dag.py:2726} INFO - Sync 1 DAGs
[2025-04-08T09:16:35.930+0000] {logging_mixin.py:149} INFO - [2025-04-08T09:16:35.930+0000] {dag.py:3490} INFO - Setting next_dagrun for example_dag_decorator to None, run_after=None
[2025-04-08T09:16:35.951+0000] {processor.py:179} INFO - Processing /home/airflow/.local/lib/python3.7/site-packages/airflow/example_dags/example_dag_decorator.py took 0.127 seconds
[2025-04-08T09:17:06.256+0000] {processor.py:157} INFO - Started process (PID=1030) to work on /home/airflow/.local/lib/python3.7/site-packages/airflow/example_dags/example_dag_decorator.py
[2025-04-08T09:17:06.257+0000] {processor.py:826} INFO - Processing file /home/airflow/.local/lib/python3.7/site-packages/airflow/example_dags/example_dag_decorator.py for tasks to queue
[2025-04-08T09:17:06.257+0000] {logging_mixin.py:149} INFO - [2025-04-08T09:17:06.257+0000] {dagbag.py:541} INFO - Filling up the DagBag from /home/airflow/.local/lib/python3.7/site-packages/airflow/example_dags/example_dag_decorator.py
[2025-04-08T09:17:06.263+0000] {logging_mixin.py:149} INFO - [2025-04-08T09:17:06.263+0000] {taskmixin.py:211} WARNING - Dependency <Task(_PythonDecoratedOperator): prepare_email>, send_email already registered for DAG: example_dag_decorator
[2025-04-08T09:17:06.264+0000] {logging_mixin.py:149} INFO - [2025-04-08T09:17:06.263+0000] {taskmixin.py:211} WARNING - Dependency <Task(EmailOperator): send_email>, prepare_email already registered for DAG: example_dag_decorator
[2025-04-08T09:17:06.271+0000] {processor.py:836} INFO - DAG(s) dict_keys(['example_dag_decorator']) retrieved from /home/airflow/.local/lib/python3.7/site-packages/airflow/example_dags/example_dag_decorator.py
[2025-04-08T09:17:06.341+0000] {logging_mixin.py:149} INFO - [2025-04-08T09:17:06.341+0000] {dag.py:2726} INFO - Sync 1 DAGs
[2025-04-08T09:17:06.365+0000] {logging_mixin.py:149} INFO - [2025-04-08T09:17:06.364+0000] {dag.py:3490} INFO - Setting next_dagrun for example_dag_decorator to None, run_after=None
[2025-04-08T09:17:06.387+0000] {processor.py:179} INFO - Processing /home/airflow/.local/lib/python3.7/site-packages/airflow/example_dags/example_dag_decorator.py took 0.135 seconds
[2025-04-08T09:17:36.767+0000] {processor.py:157} INFO - Started process (PID=1121) to work on /home/airflow/.local/lib/python3.7/site-packages/airflow/example_dags/example_dag_decorator.py
[2025-04-08T09:17:36.768+0000] {processor.py:826} INFO - Processing file /home/airflow/.local/lib/python3.7/site-packages/airflow/example_dags/example_dag_decorator.py for tasks to queue
[2025-04-08T09:17:36.769+0000] {logging_mixin.py:149} INFO - [2025-04-08T09:17:36.769+0000] {dagbag.py:541} INFO - Filling up the DagBag from /home/airflow/.local/lib/python3.7/site-packages/airflow/example_dags/example_dag_decorator.py
[2025-04-08T09:17:36.778+0000] {logging_mixin.py:149} INFO - [2025-04-08T09:17:36.777+0000] {taskmixin.py:211} WARNING - Dependency <Task(_PythonDecoratedOperator): prepare_email>, send_email already registered for DAG: example_dag_decorator
[2025-04-08T09:17:36.778+0000] {logging_mixin.py:149} INFO - [2025-04-08T09:17:36.778+0000] {taskmixin.py:211} WARNING - Dependency <Task(EmailOperator): send_email>, prepare_email already registered for DAG: example_dag_decorator
[2025-04-08T09:17:36.787+0000] {processor.py:836} INFO - DAG(s) dict_keys(['example_dag_decorator']) retrieved from /home/airflow/.local/lib/python3.7/site-packages/airflow/example_dags/example_dag_decorator.py
[2025-04-08T09:17:36.856+0000] {logging_mixin.py:149} INFO - [2025-04-08T09:17:36.856+0000] {dag.py:2726} INFO - Sync 1 DAGs
[2025-04-08T09:17:36.880+0000] {logging_mixin.py:149} INFO - [2025-04-08T09:17:36.880+0000] {dag.py:3490} INFO - Setting next_dagrun for example_dag_decorator to None, run_after=None
[2025-04-08T09:17:36.906+0000] {processor.py:179} INFO - Processing /home/airflow/.local/lib/python3.7/site-packages/airflow/example_dags/example_dag_decorator.py took 0.142 seconds
[2025-04-08T09:18:07.376+0000] {processor.py:157} INFO - Started process (PID=1212) to work on /home/airflow/.local/lib/python3.7/site-packages/airflow/example_dags/example_dag_decorator.py
[2025-04-08T09:18:07.377+0000] {processor.py:826} INFO - Processing file /home/airflow/.local/lib/python3.7/site-packages/airflow/example_dags/example_dag_decorator.py for tasks to queue
[2025-04-08T09:18:07.378+0000] {logging_mixin.py:149} INFO - [2025-04-08T09:18:07.378+0000] {dagbag.py:541} INFO - Filling up the DagBag from /home/airflow/.local/lib/python3.7/site-packages/airflow/example_dags/example_dag_decorator.py
[2025-04-08T09:18:07.385+0000] {logging_mixin.py:149} INFO - [2025-04-08T09:18:07.385+0000] {taskmixin.py:211} WARNING - Dependency <Task(_PythonDecoratedOperator): prepare_email>, send_email already registered for DAG: example_dag_decorator
[2025-04-08T09:18:07.385+0000] {logging_mixin.py:149} INFO - [2025-04-08T09:18:07.385+0000] {taskmixin.py:211} WARNING - Dependency <Task(EmailOperator): send_email>, prepare_email already registered for DAG: example_dag_decorator
[2025-04-08T09:18:07.393+0000] {processor.py:836} INFO - DAG(s) dict_keys(['example_dag_decorator']) retrieved from /home/airflow/.local/lib/python3.7/site-packages/airflow/example_dags/example_dag_decorator.py
[2025-04-08T09:18:07.459+0000] {logging_mixin.py:149} INFO - [2025-04-08T09:18:07.459+0000] {dag.py:2726} INFO - Sync 1 DAGs
[2025-04-08T09:18:07.483+0000] {logging_mixin.py:149} INFO - [2025-04-08T09:18:07.483+0000] {dag.py:3490} INFO - Setting next_dagrun for example_dag_decorator to None, run_after=None
[2025-04-08T09:18:07.507+0000] {processor.py:179} INFO - Processing /home/airflow/.local/lib/python3.7/site-packages/airflow/example_dags/example_dag_decorator.py took 0.134 seconds
[2025-04-08T09:18:37.941+0000] {processor.py:157} INFO - Started process (PID=1303) to work on /home/airflow/.local/lib/python3.7/site-packages/airflow/example_dags/example_dag_decorator.py
[2025-04-08T09:18:37.942+0000] {processor.py:826} INFO - Processing file /home/airflow/.local/lib/python3.7/site-packages/airflow/example_dags/example_dag_decorator.py for tasks to queue
[2025-04-08T09:18:37.943+0000] {logging_mixin.py:149} INFO - [2025-04-08T09:18:37.943+0000] {dagbag.py:541} INFO - Filling up the DagBag from /home/airflow/.local/lib/python3.7/site-packages/airflow/example_dags/example_dag_decorator.py
[2025-04-08T09:18:37.950+0000] {logging_mixin.py:149} INFO - [2025-04-08T09:18:37.950+0000] {taskmixin.py:211} WARNING - Dependency <Task(_PythonDecoratedOperator): prepare_email>, send_email already registered for DAG: example_dag_decorator
[2025-04-08T09:18:37.950+0000] {logging_mixin.py:149} INFO - [2025-04-08T09:18:37.950+0000] {taskmixin.py:211} WARNING - Dependency <Task(EmailOperator): send_email>, prepare_email already registered for DAG: example_dag_decorator
[2025-04-08T09:18:37.960+0000] {processor.py:836} INFO - DAG(s) dict_keys(['example_dag_decorator']) retrieved from /home/airflow/.local/lib/python3.7/site-packages/airflow/example_dags/example_dag_decorator.py
[2025-04-08T09:18:38.025+0000] {logging_mixin.py:149} INFO - [2025-04-08T09:18:38.025+0000] {dag.py:2726} INFO - Sync 1 DAGs
[2025-04-08T09:18:38.049+0000] {logging_mixin.py:149} INFO - [2025-04-08T09:18:38.049+0000] {dag.py:3490} INFO - Setting next_dagrun for example_dag_decorator to None, run_after=None
[2025-04-08T09:18:38.072+0000] {processor.py:179} INFO - Processing /home/airflow/.local/lib/python3.7/site-packages/airflow/example_dags/example_dag_decorator.py took 0.135 seconds
