[2025-04-08T09:11:59.018+0000] {processor.py:157} INFO - Started process (PID=103) to work on /home/airflow/.local/lib/python3.7/site-packages/airflow/example_dags/example_branch_datetime_operator.py
[2025-04-08T09:11:59.020+0000] {processor.py:826} INFO - Processing file /home/airflow/.local/lib/python3.7/site-packages/airflow/example_dags/example_branch_datetime_operator.py for tasks to queue
[2025-04-08T09:11:59.021+0000] {logging_mixin.py:149} INFO - [2025-04-08T09:11:59.020+0000] {dagbag.py:541} INFO - Filling up the DagBag from /home/airflow/.local/lib/python3.7/site-packages/airflow/example_dags/example_branch_datetime_operator.py
[2025-04-08T09:11:59.034+0000] {processor.py:836} INFO - DAG(s) dict_keys(['example_branch_datetime_operator', 'example_branch_datetime_operator_2', 'example_branch_datetime_operator_3']) retrieved from /home/airflow/.local/lib/python3.7/site-packages/airflow/example_dags/example_branch_datetime_operator.py
[2025-04-08T09:11:59.074+0000] {logging_mixin.py:149} INFO - [2025-04-08T09:11:59.074+0000] {dag.py:2726} INFO - Sync 3 DAGs
[2025-04-08T09:11:59.108+0000] {logging_mixin.py:149} INFO - [2025-04-08T09:11:59.108+0000] {dag.py:3490} INFO - Setting next_dagrun for example_branch_datetime_operator to 2025-04-07T00:00:00+00:00, run_after=2025-04-08T00:00:00+00:00
[2025-04-08T09:11:59.115+0000] {logging_mixin.py:149} INFO - [2025-04-08T09:11:59.114+0000] {dag.py:3490} INFO - Setting next_dagrun for example_branch_datetime_operator_2 to 2025-04-07T00:00:00+00:00, run_after=2025-04-08T00:00:00+00:00
[2025-04-08T09:11:59.119+0000] {logging_mixin.py:149} INFO - [2025-04-08T09:11:59.118+0000] {dag.py:3490} INFO - Setting next_dagrun for example_branch_datetime_operator_3 to 2025-04-07T00:00:00+00:00, run_after=2025-04-08T00:00:00+00:00
[2025-04-08T09:11:59.143+0000] {processor.py:179} INFO - Processing /home/airflow/.local/lib/python3.7/site-packages/airflow/example_dags/example_branch_datetime_operator.py took 0.133 seconds
[2025-04-08T09:12:29.916+0000] {processor.py:157} INFO - Started process (PID=230) to work on /home/airflow/.local/lib/python3.7/site-packages/airflow/example_dags/example_branch_datetime_operator.py
[2025-04-08T09:12:29.917+0000] {processor.py:826} INFO - Processing file /home/airflow/.local/lib/python3.7/site-packages/airflow/example_dags/example_branch_datetime_operator.py for tasks to queue
[2025-04-08T09:12:29.918+0000] {logging_mixin.py:149} INFO - [2025-04-08T09:12:29.918+0000] {dagbag.py:541} INFO - Filling up the DagBag from /home/airflow/.local/lib/python3.7/site-packages/airflow/example_dags/example_branch_datetime_operator.py
[2025-04-08T09:12:29.929+0000] {processor.py:836} INFO - DAG(s) dict_keys(['example_branch_datetime_operator', 'example_branch_datetime_operator_2', 'example_branch_datetime_operator_3']) retrieved from /home/airflow/.local/lib/python3.7/site-packages/airflow/example_dags/example_branch_datetime_operator.py
[2025-04-08T09:12:29.966+0000] {logging_mixin.py:149} INFO - [2025-04-08T09:12:29.965+0000] {dag.py:2726} INFO - Sync 3 DAGs
[2025-04-08T09:12:29.996+0000] {logging_mixin.py:149} INFO - [2025-04-08T09:12:29.995+0000] {dag.py:3490} INFO - Setting next_dagrun for example_branch_datetime_operator to 2025-04-07T00:00:00+00:00, run_after=2025-04-08T00:00:00+00:00
[2025-04-08T09:12:30.001+0000] {logging_mixin.py:149} INFO - [2025-04-08T09:12:30.001+0000] {dag.py:3490} INFO - Setting next_dagrun for example_branch_datetime_operator_2 to 2025-04-07T00:00:00+00:00, run_after=2025-04-08T00:00:00+00:00
[2025-04-08T09:12:30.004+0000] {logging_mixin.py:149} INFO - [2025-04-08T09:12:30.003+0000] {dag.py:3490} INFO - Setting next_dagrun for example_branch_datetime_operator_3 to 2025-04-07T00:00:00+00:00, run_after=2025-04-08T00:00:00+00:00
[2025-04-08T09:12:30.025+0000] {processor.py:179} INFO - Processing /home/airflow/.local/lib/python3.7/site-packages/airflow/example_dags/example_branch_datetime_operator.py took 0.112 seconds
[2025-04-08T09:13:01.037+0000] {processor.py:157} INFO - Started process (PID=321) to work on /home/airflow/.local/lib/python3.7/site-packages/airflow/example_dags/example_branch_datetime_operator.py
[2025-04-08T09:13:01.038+0000] {processor.py:826} INFO - Processing file /home/airflow/.local/lib/python3.7/site-packages/airflow/example_dags/example_branch_datetime_operator.py for tasks to queue
[2025-04-08T09:13:01.039+0000] {logging_mixin.py:149} INFO - [2025-04-08T09:13:01.038+0000] {dagbag.py:541} INFO - Filling up the DagBag from /home/airflow/.local/lib/python3.7/site-packages/airflow/example_dags/example_branch_datetime_operator.py
[2025-04-08T09:13:01.048+0000] {processor.py:836} INFO - DAG(s) dict_keys(['example_branch_datetime_operator_3', 'example_branch_datetime_operator', 'example_branch_datetime_operator_2']) retrieved from /home/airflow/.local/lib/python3.7/site-packages/airflow/example_dags/example_branch_datetime_operator.py
[2025-04-08T09:13:01.199+0000] {logging_mixin.py:149} INFO - [2025-04-08T09:13:01.199+0000] {dag.py:2726} INFO - Sync 3 DAGs
[2025-04-08T09:13:01.224+0000] {logging_mixin.py:149} INFO - [2025-04-08T09:13:01.224+0000] {dag.py:3490} INFO - Setting next_dagrun for example_branch_datetime_operator to 2025-04-07T00:00:00+00:00, run_after=2025-04-08T00:00:00+00:00
[2025-04-08T09:13:01.229+0000] {logging_mixin.py:149} INFO - [2025-04-08T09:13:01.229+0000] {dag.py:3490} INFO - Setting next_dagrun for example_branch_datetime_operator_2 to 2025-04-07T00:00:00+00:00, run_after=2025-04-08T00:00:00+00:00
[2025-04-08T09:13:01.232+0000] {logging_mixin.py:149} INFO - [2025-04-08T09:13:01.232+0000] {dag.py:3490} INFO - Setting next_dagrun for example_branch_datetime_operator_3 to 2025-04-07T00:00:00+00:00, run_after=2025-04-08T00:00:00+00:00
[2025-04-08T09:13:01.250+0000] {processor.py:179} INFO - Processing /home/airflow/.local/lib/python3.7/site-packages/airflow/example_dags/example_branch_datetime_operator.py took 0.217 seconds
[2025-04-08T09:13:31.967+0000] {processor.py:157} INFO - Started process (PID=412) to work on /home/airflow/.local/lib/python3.7/site-packages/airflow/example_dags/example_branch_datetime_operator.py
[2025-04-08T09:13:31.968+0000] {processor.py:826} INFO - Processing file /home/airflow/.local/lib/python3.7/site-packages/airflow/example_dags/example_branch_datetime_operator.py for tasks to queue
[2025-04-08T09:13:31.968+0000] {logging_mixin.py:149} INFO - [2025-04-08T09:13:31.968+0000] {dagbag.py:541} INFO - Filling up the DagBag from /home/airflow/.local/lib/python3.7/site-packages/airflow/example_dags/example_branch_datetime_operator.py
[2025-04-08T09:13:31.979+0000] {processor.py:836} INFO - DAG(s) dict_keys(['example_branch_datetime_operator', 'example_branch_datetime_operator_3', 'example_branch_datetime_operator_2']) retrieved from /home/airflow/.local/lib/python3.7/site-packages/airflow/example_dags/example_branch_datetime_operator.py
[2025-04-08T09:13:32.020+0000] {logging_mixin.py:149} INFO - [2025-04-08T09:13:32.020+0000] {dag.py:2726} INFO - Sync 3 DAGs
[2025-04-08T09:13:32.053+0000] {logging_mixin.py:149} INFO - [2025-04-08T09:13:32.053+0000] {dag.py:3490} INFO - Setting next_dagrun for example_branch_datetime_operator to 2025-04-07T00:00:00+00:00, run_after=2025-04-08T00:00:00+00:00
[2025-04-08T09:13:32.061+0000] {logging_mixin.py:149} INFO - [2025-04-08T09:13:32.061+0000] {dag.py:3490} INFO - Setting next_dagrun for example_branch_datetime_operator_2 to 2025-04-07T00:00:00+00:00, run_after=2025-04-08T00:00:00+00:00
[2025-04-08T09:13:32.065+0000] {logging_mixin.py:149} INFO - [2025-04-08T09:13:32.065+0000] {dag.py:3490} INFO - Setting next_dagrun for example_branch_datetime_operator_3 to 2025-04-07T00:00:00+00:00, run_after=2025-04-08T00:00:00+00:00
[2025-04-08T09:13:32.085+0000] {processor.py:179} INFO - Processing /home/airflow/.local/lib/python3.7/site-packages/airflow/example_dags/example_branch_datetime_operator.py took 0.122 seconds
[2025-04-08T09:14:02.338+0000] {processor.py:157} INFO - Started process (PID=503) to work on /home/airflow/.local/lib/python3.7/site-packages/airflow/example_dags/example_branch_datetime_operator.py
[2025-04-08T09:14:02.339+0000] {processor.py:826} INFO - Processing file /home/airflow/.local/lib/python3.7/site-packages/airflow/example_dags/example_branch_datetime_operator.py for tasks to queue
[2025-04-08T09:14:02.340+0000] {logging_mixin.py:149} INFO - [2025-04-08T09:14:02.340+0000] {dagbag.py:541} INFO - Filling up the DagBag from /home/airflow/.local/lib/python3.7/site-packages/airflow/example_dags/example_branch_datetime_operator.py
[2025-04-08T09:14:02.350+0000] {processor.py:836} INFO - DAG(s) dict_keys(['example_branch_datetime_operator_2', 'example_branch_datetime_operator_3', 'example_branch_datetime_operator']) retrieved from /home/airflow/.local/lib/python3.7/site-packages/airflow/example_dags/example_branch_datetime_operator.py
[2025-04-08T09:14:02.386+0000] {logging_mixin.py:149} INFO - [2025-04-08T09:14:02.386+0000] {dag.py:2726} INFO - Sync 3 DAGs
[2025-04-08T09:14:02.414+0000] {logging_mixin.py:149} INFO - [2025-04-08T09:14:02.413+0000] {dag.py:3490} INFO - Setting next_dagrun for example_branch_datetime_operator to 2025-04-07T00:00:00+00:00, run_after=2025-04-08T00:00:00+00:00
[2025-04-08T09:14:02.419+0000] {logging_mixin.py:149} INFO - [2025-04-08T09:14:02.419+0000] {dag.py:3490} INFO - Setting next_dagrun for example_branch_datetime_operator_2 to 2025-04-07T00:00:00+00:00, run_after=2025-04-08T00:00:00+00:00
[2025-04-08T09:14:02.423+0000] {logging_mixin.py:149} INFO - [2025-04-08T09:14:02.423+0000] {dag.py:3490} INFO - Setting next_dagrun for example_branch_datetime_operator_3 to 2025-04-07T00:00:00+00:00, run_after=2025-04-08T00:00:00+00:00
[2025-04-08T09:14:02.446+0000] {processor.py:179} INFO - Processing /home/airflow/.local/lib/python3.7/site-packages/airflow/example_dags/example_branch_datetime_operator.py took 0.112 seconds
[2025-04-08T09:14:32.699+0000] {processor.py:157} INFO - Started process (PID=594) to work on /home/airflow/.local/lib/python3.7/site-packages/airflow/example_dags/example_branch_datetime_operator.py
[2025-04-08T09:14:32.700+0000] {processor.py:826} INFO - Processing file /home/airflow/.local/lib/python3.7/site-packages/airflow/example_dags/example_branch_datetime_operator.py for tasks to queue
[2025-04-08T09:14:32.701+0000] {logging_mixin.py:149} INFO - [2025-04-08T09:14:32.700+0000] {dagbag.py:541} INFO - Filling up the DagBag from /home/airflow/.local/lib/python3.7/site-packages/airflow/example_dags/example_branch_datetime_operator.py
[2025-04-08T09:14:32.709+0000] {processor.py:836} INFO - DAG(s) dict_keys(['example_branch_datetime_operator_3', 'example_branch_datetime_operator', 'example_branch_datetime_operator_2']) retrieved from /home/airflow/.local/lib/python3.7/site-packages/airflow/example_dags/example_branch_datetime_operator.py
[2025-04-08T09:14:32.744+0000] {logging_mixin.py:149} INFO - [2025-04-08T09:14:32.744+0000] {dag.py:2726} INFO - Sync 3 DAGs
[2025-04-08T09:14:32.772+0000] {logging_mixin.py:149} INFO - [2025-04-08T09:14:32.772+0000] {dag.py:3490} INFO - Setting next_dagrun for example_branch_datetime_operator to 2025-04-07T00:00:00+00:00, run_after=2025-04-08T00:00:00+00:00
[2025-04-08T09:14:32.777+0000] {logging_mixin.py:149} INFO - [2025-04-08T09:14:32.777+0000] {dag.py:3490} INFO - Setting next_dagrun for example_branch_datetime_operator_2 to 2025-04-07T00:00:00+00:00, run_after=2025-04-08T00:00:00+00:00
[2025-04-08T09:14:32.780+0000] {logging_mixin.py:149} INFO - [2025-04-08T09:14:32.780+0000] {dag.py:3490} INFO - Setting next_dagrun for example_branch_datetime_operator_3 to 2025-04-07T00:00:00+00:00, run_after=2025-04-08T00:00:00+00:00
[2025-04-08T09:14:32.800+0000] {processor.py:179} INFO - Processing /home/airflow/.local/lib/python3.7/site-packages/airflow/example_dags/example_branch_datetime_operator.py took 0.104 seconds
[2025-04-08T09:15:03.989+0000] {processor.py:157} INFO - Started process (PID=685) to work on /home/airflow/.local/lib/python3.7/site-packages/airflow/example_dags/example_branch_datetime_operator.py
[2025-04-08T09:15:03.990+0000] {processor.py:826} INFO - Processing file /home/airflow/.local/lib/python3.7/site-packages/airflow/example_dags/example_branch_datetime_operator.py for tasks to queue
[2025-04-08T09:15:03.990+0000] {logging_mixin.py:149} INFO - [2025-04-08T09:15:03.990+0000] {dagbag.py:541} INFO - Filling up the DagBag from /home/airflow/.local/lib/python3.7/site-packages/airflow/example_dags/example_branch_datetime_operator.py
[2025-04-08T09:15:04.000+0000] {processor.py:836} INFO - DAG(s) dict_keys(['example_branch_datetime_operator', 'example_branch_datetime_operator_3', 'example_branch_datetime_operator_2']) retrieved from /home/airflow/.local/lib/python3.7/site-packages/airflow/example_dags/example_branch_datetime_operator.py
[2025-04-08T09:15:04.032+0000] {logging_mixin.py:149} INFO - [2025-04-08T09:15:04.032+0000] {dag.py:2726} INFO - Sync 3 DAGs
[2025-04-08T09:15:04.058+0000] {logging_mixin.py:149} INFO - [2025-04-08T09:15:04.058+0000] {dag.py:3490} INFO - Setting next_dagrun for example_branch_datetime_operator to 2025-04-07T00:00:00+00:00, run_after=2025-04-08T00:00:00+00:00
[2025-04-08T09:15:04.063+0000] {logging_mixin.py:149} INFO - [2025-04-08T09:15:04.063+0000] {dag.py:3490} INFO - Setting next_dagrun for example_branch_datetime_operator_2 to 2025-04-07T00:00:00+00:00, run_after=2025-04-08T00:00:00+00:00
[2025-04-08T09:15:04.066+0000] {logging_mixin.py:149} INFO - [2025-04-08T09:15:04.065+0000] {dag.py:3490} INFO - Setting next_dagrun for example_branch_datetime_operator_3 to 2025-04-07T00:00:00+00:00, run_after=2025-04-08T00:00:00+00:00
[2025-04-08T09:15:04.084+0000] {processor.py:179} INFO - Processing /home/airflow/.local/lib/python3.7/site-packages/airflow/example_dags/example_branch_datetime_operator.py took 0.099 seconds
[2025-04-08T09:15:35.138+0000] {processor.py:157} INFO - Started process (PID=776) to work on /home/airflow/.local/lib/python3.7/site-packages/airflow/example_dags/example_branch_datetime_operator.py
[2025-04-08T09:15:35.139+0000] {processor.py:826} INFO - Processing file /home/airflow/.local/lib/python3.7/site-packages/airflow/example_dags/example_branch_datetime_operator.py for tasks to queue
[2025-04-08T09:15:35.140+0000] {logging_mixin.py:149} INFO - [2025-04-08T09:15:35.140+0000] {dagbag.py:541} INFO - Filling up the DagBag from /home/airflow/.local/lib/python3.7/site-packages/airflow/example_dags/example_branch_datetime_operator.py
[2025-04-08T09:15:35.148+0000] {processor.py:836} INFO - DAG(s) dict_keys(['example_branch_datetime_operator', 'example_branch_datetime_operator_2', 'example_branch_datetime_operator_3']) retrieved from /home/airflow/.local/lib/python3.7/site-packages/airflow/example_dags/example_branch_datetime_operator.py
[2025-04-08T09:15:35.181+0000] {logging_mixin.py:149} INFO - [2025-04-08T09:15:35.181+0000] {dag.py:2726} INFO - Sync 3 DAGs
[2025-04-08T09:15:35.207+0000] {logging_mixin.py:149} INFO - [2025-04-08T09:15:35.206+0000] {dag.py:3490} INFO - Setting next_dagrun for example_branch_datetime_operator to 2025-04-07T00:00:00+00:00, run_after=2025-04-08T00:00:00+00:00
[2025-04-08T09:15:35.212+0000] {logging_mixin.py:149} INFO - [2025-04-08T09:15:35.212+0000] {dag.py:3490} INFO - Setting next_dagrun for example_branch_datetime_operator_2 to 2025-04-07T00:00:00+00:00, run_after=2025-04-08T00:00:00+00:00
[2025-04-08T09:15:35.215+0000] {logging_mixin.py:149} INFO - [2025-04-08T09:15:35.215+0000] {dag.py:3490} INFO - Setting next_dagrun for example_branch_datetime_operator_3 to 2025-04-07T00:00:00+00:00, run_after=2025-04-08T00:00:00+00:00
[2025-04-08T09:15:35.234+0000] {processor.py:179} INFO - Processing /home/airflow/.local/lib/python3.7/site-packages/airflow/example_dags/example_branch_datetime_operator.py took 0.099 seconds
[2025-04-08T09:16:06.471+0000] {processor.py:157} INFO - Started process (PID=867) to work on /home/airflow/.local/lib/python3.7/site-packages/airflow/example_dags/example_branch_datetime_operator.py
[2025-04-08T09:16:06.472+0000] {processor.py:826} INFO - Processing file /home/airflow/.local/lib/python3.7/site-packages/airflow/example_dags/example_branch_datetime_operator.py for tasks to queue
[2025-04-08T09:16:06.473+0000] {logging_mixin.py:149} INFO - [2025-04-08T09:16:06.473+0000] {dagbag.py:541} INFO - Filling up the DagBag from /home/airflow/.local/lib/python3.7/site-packages/airflow/example_dags/example_branch_datetime_operator.py
[2025-04-08T09:16:06.482+0000] {processor.py:836} INFO - DAG(s) dict_keys(['example_branch_datetime_operator_2', 'example_branch_datetime_operator', 'example_branch_datetime_operator_3']) retrieved from /home/airflow/.local/lib/python3.7/site-packages/airflow/example_dags/example_branch_datetime_operator.py
[2025-04-08T09:16:06.516+0000] {logging_mixin.py:149} INFO - [2025-04-08T09:16:06.516+0000] {dag.py:2726} INFO - Sync 3 DAGs
[2025-04-08T09:16:06.542+0000] {logging_mixin.py:149} INFO - [2025-04-08T09:16:06.542+0000] {dag.py:3490} INFO - Setting next_dagrun for example_branch_datetime_operator to 2025-04-07T00:00:00+00:00, run_after=2025-04-08T00:00:00+00:00
[2025-04-08T09:16:06.547+0000] {logging_mixin.py:149} INFO - [2025-04-08T09:16:06.547+0000] {dag.py:3490} INFO - Setting next_dagrun for example_branch_datetime_operator_2 to 2025-04-07T00:00:00+00:00, run_after=2025-04-08T00:00:00+00:00
[2025-04-08T09:16:06.550+0000] {logging_mixin.py:149} INFO - [2025-04-08T09:16:06.549+0000] {dag.py:3490} INFO - Setting next_dagrun for example_branch_datetime_operator_3 to 2025-04-07T00:00:00+00:00, run_after=2025-04-08T00:00:00+00:00
[2025-04-08T09:16:06.569+0000] {processor.py:179} INFO - Processing /home/airflow/.local/lib/python3.7/site-packages/airflow/example_dags/example_branch_datetime_operator.py took 0.101 seconds
[2025-04-08T09:16:37.132+0000] {processor.py:157} INFO - Started process (PID=958) to work on /home/airflow/.local/lib/python3.7/site-packages/airflow/example_dags/example_branch_datetime_operator.py
[2025-04-08T09:16:37.133+0000] {processor.py:826} INFO - Processing file /home/airflow/.local/lib/python3.7/site-packages/airflow/example_dags/example_branch_datetime_operator.py for tasks to queue
[2025-04-08T09:16:37.134+0000] {logging_mixin.py:149} INFO - [2025-04-08T09:16:37.134+0000] {dagbag.py:541} INFO - Filling up the DagBag from /home/airflow/.local/lib/python3.7/site-packages/airflow/example_dags/example_branch_datetime_operator.py
[2025-04-08T09:16:37.143+0000] {processor.py:836} INFO - DAG(s) dict_keys(['example_branch_datetime_operator_2', 'example_branch_datetime_operator', 'example_branch_datetime_operator_3']) retrieved from /home/airflow/.local/lib/python3.7/site-packages/airflow/example_dags/example_branch_datetime_operator.py
[2025-04-08T09:16:37.177+0000] {logging_mixin.py:149} INFO - [2025-04-08T09:16:37.177+0000] {dag.py:2726} INFO - Sync 3 DAGs
[2025-04-08T09:16:37.207+0000] {logging_mixin.py:149} INFO - [2025-04-08T09:16:37.207+0000] {dag.py:3490} INFO - Setting next_dagrun for example_branch_datetime_operator to 2025-04-07T00:00:00+00:00, run_after=2025-04-08T00:00:00+00:00
[2025-04-08T09:16:37.213+0000] {logging_mixin.py:149} INFO - [2025-04-08T09:16:37.213+0000] {dag.py:3490} INFO - Setting next_dagrun for example_branch_datetime_operator_2 to 2025-04-07T00:00:00+00:00, run_after=2025-04-08T00:00:00+00:00
[2025-04-08T09:16:37.216+0000] {logging_mixin.py:149} INFO - [2025-04-08T09:16:37.216+0000] {dag.py:3490} INFO - Setting next_dagrun for example_branch_datetime_operator_3 to 2025-04-07T00:00:00+00:00, run_after=2025-04-08T00:00:00+00:00
[2025-04-08T09:16:37.237+0000] {processor.py:179} INFO - Processing /home/airflow/.local/lib/python3.7/site-packages/airflow/example_dags/example_branch_datetime_operator.py took 0.108 seconds
[2025-04-08T09:17:07.571+0000] {processor.py:157} INFO - Started process (PID=1049) to work on /home/airflow/.local/lib/python3.7/site-packages/airflow/example_dags/example_branch_datetime_operator.py
[2025-04-08T09:17:07.573+0000] {processor.py:826} INFO - Processing file /home/airflow/.local/lib/python3.7/site-packages/airflow/example_dags/example_branch_datetime_operator.py for tasks to queue
[2025-04-08T09:17:07.574+0000] {logging_mixin.py:149} INFO - [2025-04-08T09:17:07.573+0000] {dagbag.py:541} INFO - Filling up the DagBag from /home/airflow/.local/lib/python3.7/site-packages/airflow/example_dags/example_branch_datetime_operator.py
[2025-04-08T09:17:07.584+0000] {processor.py:836} INFO - DAG(s) dict_keys(['example_branch_datetime_operator', 'example_branch_datetime_operator_3', 'example_branch_datetime_operator_2']) retrieved from /home/airflow/.local/lib/python3.7/site-packages/airflow/example_dags/example_branch_datetime_operator.py
[2025-04-08T09:17:07.624+0000] {logging_mixin.py:149} INFO - [2025-04-08T09:17:07.624+0000] {dag.py:2726} INFO - Sync 3 DAGs
[2025-04-08T09:17:07.659+0000] {logging_mixin.py:149} INFO - [2025-04-08T09:17:07.659+0000] {dag.py:3490} INFO - Setting next_dagrun for example_branch_datetime_operator to 2025-04-07T00:00:00+00:00, run_after=2025-04-08T00:00:00+00:00
[2025-04-08T09:17:07.665+0000] {logging_mixin.py:149} INFO - [2025-04-08T09:17:07.665+0000] {dag.py:3490} INFO - Setting next_dagrun for example_branch_datetime_operator_2 to 2025-04-07T00:00:00+00:00, run_after=2025-04-08T00:00:00+00:00
[2025-04-08T09:17:07.668+0000] {logging_mixin.py:149} INFO - [2025-04-08T09:17:07.668+0000] {dag.py:3490} INFO - Setting next_dagrun for example_branch_datetime_operator_3 to 2025-04-07T00:00:00+00:00, run_after=2025-04-08T00:00:00+00:00
[2025-04-08T09:17:07.687+0000] {processor.py:179} INFO - Processing /home/airflow/.local/lib/python3.7/site-packages/airflow/example_dags/example_branch_datetime_operator.py took 0.119 seconds
[2025-04-08T09:17:38.135+0000] {processor.py:157} INFO - Started process (PID=1140) to work on /home/airflow/.local/lib/python3.7/site-packages/airflow/example_dags/example_branch_datetime_operator.py
[2025-04-08T09:17:38.136+0000] {processor.py:826} INFO - Processing file /home/airflow/.local/lib/python3.7/site-packages/airflow/example_dags/example_branch_datetime_operator.py for tasks to queue
[2025-04-08T09:17:38.137+0000] {logging_mixin.py:149} INFO - [2025-04-08T09:17:38.137+0000] {dagbag.py:541} INFO - Filling up the DagBag from /home/airflow/.local/lib/python3.7/site-packages/airflow/example_dags/example_branch_datetime_operator.py
[2025-04-08T09:17:38.146+0000] {processor.py:836} INFO - DAG(s) dict_keys(['example_branch_datetime_operator_2', 'example_branch_datetime_operator', 'example_branch_datetime_operator_3']) retrieved from /home/airflow/.local/lib/python3.7/site-packages/airflow/example_dags/example_branch_datetime_operator.py
[2025-04-08T09:17:38.180+0000] {logging_mixin.py:149} INFO - [2025-04-08T09:17:38.180+0000] {dag.py:2726} INFO - Sync 3 DAGs
[2025-04-08T09:17:38.209+0000] {logging_mixin.py:149} INFO - [2025-04-08T09:17:38.208+0000] {dag.py:3490} INFO - Setting next_dagrun for example_branch_datetime_operator to 2025-04-07T00:00:00+00:00, run_after=2025-04-08T00:00:00+00:00
[2025-04-08T09:17:38.214+0000] {logging_mixin.py:149} INFO - [2025-04-08T09:17:38.214+0000] {dag.py:3490} INFO - Setting next_dagrun for example_branch_datetime_operator_2 to 2025-04-07T00:00:00+00:00, run_after=2025-04-08T00:00:00+00:00
[2025-04-08T09:17:38.219+0000] {logging_mixin.py:149} INFO - [2025-04-08T09:17:38.218+0000] {dag.py:3490} INFO - Setting next_dagrun for example_branch_datetime_operator_3 to 2025-04-07T00:00:00+00:00, run_after=2025-04-08T00:00:00+00:00
[2025-04-08T09:17:38.242+0000] {processor.py:179} INFO - Processing /home/airflow/.local/lib/python3.7/site-packages/airflow/example_dags/example_branch_datetime_operator.py took 0.110 seconds
[2025-04-08T09:18:08.666+0000] {processor.py:157} INFO - Started process (PID=1231) to work on /home/airflow/.local/lib/python3.7/site-packages/airflow/example_dags/example_branch_datetime_operator.py
[2025-04-08T09:18:08.667+0000] {processor.py:826} INFO - Processing file /home/airflow/.local/lib/python3.7/site-packages/airflow/example_dags/example_branch_datetime_operator.py for tasks to queue
[2025-04-08T09:18:08.668+0000] {logging_mixin.py:149} INFO - [2025-04-08T09:18:08.668+0000] {dagbag.py:541} INFO - Filling up the DagBag from /home/airflow/.local/lib/python3.7/site-packages/airflow/example_dags/example_branch_datetime_operator.py
[2025-04-08T09:18:08.677+0000] {processor.py:836} INFO - DAG(s) dict_keys(['example_branch_datetime_operator_2', 'example_branch_datetime_operator_3', 'example_branch_datetime_operator']) retrieved from /home/airflow/.local/lib/python3.7/site-packages/airflow/example_dags/example_branch_datetime_operator.py
[2025-04-08T09:18:08.713+0000] {logging_mixin.py:149} INFO - [2025-04-08T09:18:08.713+0000] {dag.py:2726} INFO - Sync 3 DAGs
[2025-04-08T09:18:08.748+0000] {logging_mixin.py:149} INFO - [2025-04-08T09:18:08.747+0000] {dag.py:3490} INFO - Setting next_dagrun for example_branch_datetime_operator to 2025-04-07T00:00:00+00:00, run_after=2025-04-08T00:00:00+00:00
[2025-04-08T09:18:08.755+0000] {logging_mixin.py:149} INFO - [2025-04-08T09:18:08.755+0000] {dag.py:3490} INFO - Setting next_dagrun for example_branch_datetime_operator_2 to 2025-04-07T00:00:00+00:00, run_after=2025-04-08T00:00:00+00:00
[2025-04-08T09:18:08.759+0000] {logging_mixin.py:149} INFO - [2025-04-08T09:18:08.759+0000] {dag.py:3490} INFO - Setting next_dagrun for example_branch_datetime_operator_3 to 2025-04-07T00:00:00+00:00, run_after=2025-04-08T00:00:00+00:00
[2025-04-08T09:18:08.781+0000] {processor.py:179} INFO - Processing /home/airflow/.local/lib/python3.7/site-packages/airflow/example_dags/example_branch_datetime_operator.py took 0.118 seconds
[2025-04-08T09:18:39.361+0000] {processor.py:157} INFO - Started process (PID=1322) to work on /home/airflow/.local/lib/python3.7/site-packages/airflow/example_dags/example_branch_datetime_operator.py
[2025-04-08T09:18:39.363+0000] {processor.py:826} INFO - Processing file /home/airflow/.local/lib/python3.7/site-packages/airflow/example_dags/example_branch_datetime_operator.py for tasks to queue
[2025-04-08T09:18:39.363+0000] {logging_mixin.py:149} INFO - [2025-04-08T09:18:39.363+0000] {dagbag.py:541} INFO - Filling up the DagBag from /home/airflow/.local/lib/python3.7/site-packages/airflow/example_dags/example_branch_datetime_operator.py
[2025-04-08T09:18:39.373+0000] {processor.py:836} INFO - DAG(s) dict_keys(['example_branch_datetime_operator_2', 'example_branch_datetime_operator', 'example_branch_datetime_operator_3']) retrieved from /home/airflow/.local/lib/python3.7/site-packages/airflow/example_dags/example_branch_datetime_operator.py
[2025-04-08T09:18:39.409+0000] {logging_mixin.py:149} INFO - [2025-04-08T09:18:39.409+0000] {dag.py:2726} INFO - Sync 3 DAGs
[2025-04-08T09:18:39.437+0000] {logging_mixin.py:149} INFO - [2025-04-08T09:18:39.437+0000] {dag.py:3490} INFO - Setting next_dagrun for example_branch_datetime_operator to 2025-04-07T00:00:00+00:00, run_after=2025-04-08T00:00:00+00:00
[2025-04-08T09:18:39.443+0000] {logging_mixin.py:149} INFO - [2025-04-08T09:18:39.443+0000] {dag.py:3490} INFO - Setting next_dagrun for example_branch_datetime_operator_2 to 2025-04-07T00:00:00+00:00, run_after=2025-04-08T00:00:00+00:00
[2025-04-08T09:18:39.445+0000] {logging_mixin.py:149} INFO - [2025-04-08T09:18:39.445+0000] {dag.py:3490} INFO - Setting next_dagrun for example_branch_datetime_operator_3 to 2025-04-07T00:00:00+00:00, run_after=2025-04-08T00:00:00+00:00
[2025-04-08T09:18:39.466+0000] {processor.py:179} INFO - Processing /home/airflow/.local/lib/python3.7/site-packages/airflow/example_dags/example_branch_datetime_operator.py took 0.109 seconds
