[2025-04-08T09:11:59.599+0000] {processor.py:157} INFO - Started process (PID=110) to work on /home/airflow/.local/lib/python3.7/site-packages/airflow/example_dags/example_sensors.py
[2025-04-08T09:11:59.600+0000] {processor.py:826} INFO - Processing file /home/airflow/.local/lib/python3.7/site-packages/airflow/example_dags/example_sensors.py for tasks to queue
[2025-04-08T09:11:59.601+0000] {logging_mixin.py:149} INFO - [2025-04-08T09:11:59.601+0000] {dagbag.py:541} INFO - Filling up the DagBag from /home/airflow/.local/lib/python3.7/site-packages/airflow/example_dags/example_sensors.py
[2025-04-08T09:11:59.611+0000] {processor.py:836} INFO - DAG(s) dict_keys(['example_sensors']) retrieved from /home/airflow/.local/lib/python3.7/site-packages/airflow/example_dags/example_sensors.py
[2025-04-08T09:11:59.643+0000] {logging_mixin.py:149} INFO - [2025-04-08T09:11:59.642+0000] {dag.py:2726} INFO - Sync 1 DAGs
[2025-04-08T09:11:59.677+0000] {logging_mixin.py:149} INFO - [2025-04-08T09:11:59.677+0000] {dag.py:3490} INFO - Setting next_dagrun for example_sensors to None, run_after=None
[2025-04-08T09:11:59.705+0000] {processor.py:179} INFO - Processing /home/airflow/.local/lib/python3.7/site-packages/airflow/example_dags/example_sensors.py took 0.110 seconds
[2025-04-08T09:12:30.396+0000] {processor.py:157} INFO - Started process (PID=237) to work on /home/airflow/.local/lib/python3.7/site-packages/airflow/example_dags/example_sensors.py
[2025-04-08T09:12:30.397+0000] {processor.py:826} INFO - Processing file /home/airflow/.local/lib/python3.7/site-packages/airflow/example_dags/example_sensors.py for tasks to queue
[2025-04-08T09:12:30.398+0000] {logging_mixin.py:149} INFO - [2025-04-08T09:12:30.398+0000] {dagbag.py:541} INFO - Filling up the DagBag from /home/airflow/.local/lib/python3.7/site-packages/airflow/example_dags/example_sensors.py
[2025-04-08T09:12:30.409+0000] {processor.py:836} INFO - DAG(s) dict_keys(['example_sensors']) retrieved from /home/airflow/.local/lib/python3.7/site-packages/airflow/example_dags/example_sensors.py
[2025-04-08T09:12:30.448+0000] {logging_mixin.py:149} INFO - [2025-04-08T09:12:30.448+0000] {dag.py:2726} INFO - Sync 1 DAGs
[2025-04-08T09:12:30.482+0000] {logging_mixin.py:149} INFO - [2025-04-08T09:12:30.482+0000] {dag.py:3490} INFO - Setting next_dagrun for example_sensors to None, run_after=None
[2025-04-08T09:12:30.637+0000] {processor.py:179} INFO - Processing /home/airflow/.local/lib/python3.7/site-packages/airflow/example_dags/example_sensors.py took 0.245 seconds
[2025-04-08T09:13:01.936+0000] {processor.py:157} INFO - Started process (PID=328) to work on /home/airflow/.local/lib/python3.7/site-packages/airflow/example_dags/example_sensors.py
[2025-04-08T09:13:01.937+0000] {processor.py:826} INFO - Processing file /home/airflow/.local/lib/python3.7/site-packages/airflow/example_dags/example_sensors.py for tasks to queue
[2025-04-08T09:13:01.938+0000] {logging_mixin.py:149} INFO - [2025-04-08T09:13:01.938+0000] {dagbag.py:541} INFO - Filling up the DagBag from /home/airflow/.local/lib/python3.7/site-packages/airflow/example_dags/example_sensors.py
[2025-04-08T09:13:01.947+0000] {processor.py:836} INFO - DAG(s) dict_keys(['example_sensors']) retrieved from /home/airflow/.local/lib/python3.7/site-packages/airflow/example_dags/example_sensors.py
[2025-04-08T09:13:02.091+0000] {logging_mixin.py:149} INFO - [2025-04-08T09:13:02.091+0000] {dag.py:2726} INFO - Sync 1 DAGs
[2025-04-08T09:13:02.113+0000] {logging_mixin.py:149} INFO - [2025-04-08T09:13:02.113+0000] {dag.py:3490} INFO - Setting next_dagrun for example_sensors to None, run_after=None
[2025-04-08T09:13:02.133+0000] {processor.py:179} INFO - Processing /home/airflow/.local/lib/python3.7/site-packages/airflow/example_dags/example_sensors.py took 0.200 seconds
[2025-04-08T09:13:32.511+0000] {processor.py:157} INFO - Started process (PID=419) to work on /home/airflow/.local/lib/python3.7/site-packages/airflow/example_dags/example_sensors.py
[2025-04-08T09:13:32.512+0000] {processor.py:826} INFO - Processing file /home/airflow/.local/lib/python3.7/site-packages/airflow/example_dags/example_sensors.py for tasks to queue
[2025-04-08T09:13:32.513+0000] {logging_mixin.py:149} INFO - [2025-04-08T09:13:32.513+0000] {dagbag.py:541} INFO - Filling up the DagBag from /home/airflow/.local/lib/python3.7/site-packages/airflow/example_dags/example_sensors.py
[2025-04-08T09:13:32.524+0000] {processor.py:836} INFO - DAG(s) dict_keys(['example_sensors']) retrieved from /home/airflow/.local/lib/python3.7/site-packages/airflow/example_dags/example_sensors.py
[2025-04-08T09:13:32.557+0000] {logging_mixin.py:149} INFO - [2025-04-08T09:13:32.557+0000] {dag.py:2726} INFO - Sync 1 DAGs
[2025-04-08T09:13:32.588+0000] {logging_mixin.py:149} INFO - [2025-04-08T09:13:32.587+0000] {dag.py:3490} INFO - Setting next_dagrun for example_sensors to None, run_after=None
[2025-04-08T09:13:32.612+0000] {processor.py:179} INFO - Processing /home/airflow/.local/lib/python3.7/site-packages/airflow/example_dags/example_sensors.py took 0.104 seconds
[2025-04-08T09:14:02.820+0000] {processor.py:157} INFO - Started process (PID=510) to work on /home/airflow/.local/lib/python3.7/site-packages/airflow/example_dags/example_sensors.py
[2025-04-08T09:14:02.821+0000] {processor.py:826} INFO - Processing file /home/airflow/.local/lib/python3.7/site-packages/airflow/example_dags/example_sensors.py for tasks to queue
[2025-04-08T09:14:02.822+0000] {logging_mixin.py:149} INFO - [2025-04-08T09:14:02.822+0000] {dagbag.py:541} INFO - Filling up the DagBag from /home/airflow/.local/lib/python3.7/site-packages/airflow/example_dags/example_sensors.py
[2025-04-08T09:14:02.831+0000] {processor.py:836} INFO - DAG(s) dict_keys(['example_sensors']) retrieved from /home/airflow/.local/lib/python3.7/site-packages/airflow/example_dags/example_sensors.py
[2025-04-08T09:14:02.863+0000] {logging_mixin.py:149} INFO - [2025-04-08T09:14:02.863+0000] {dag.py:2726} INFO - Sync 1 DAGs
[2025-04-08T09:14:02.891+0000] {logging_mixin.py:149} INFO - [2025-04-08T09:14:02.891+0000] {dag.py:3490} INFO - Setting next_dagrun for example_sensors to None, run_after=None
[2025-04-08T09:14:02.912+0000] {processor.py:179} INFO - Processing /home/airflow/.local/lib/python3.7/site-packages/airflow/example_dags/example_sensors.py took 0.095 seconds
[2025-04-08T09:14:33.201+0000] {processor.py:157} INFO - Started process (PID=601) to work on /home/airflow/.local/lib/python3.7/site-packages/airflow/example_dags/example_sensors.py
[2025-04-08T09:14:33.202+0000] {processor.py:826} INFO - Processing file /home/airflow/.local/lib/python3.7/site-packages/airflow/example_dags/example_sensors.py for tasks to queue
[2025-04-08T09:14:33.203+0000] {logging_mixin.py:149} INFO - [2025-04-08T09:14:33.203+0000] {dagbag.py:541} INFO - Filling up the DagBag from /home/airflow/.local/lib/python3.7/site-packages/airflow/example_dags/example_sensors.py
[2025-04-08T09:14:33.213+0000] {processor.py:836} INFO - DAG(s) dict_keys(['example_sensors']) retrieved from /home/airflow/.local/lib/python3.7/site-packages/airflow/example_dags/example_sensors.py
[2025-04-08T09:14:33.241+0000] {logging_mixin.py:149} INFO - [2025-04-08T09:14:33.241+0000] {dag.py:2726} INFO - Sync 1 DAGs
[2025-04-08T09:14:33.267+0000] {logging_mixin.py:149} INFO - [2025-04-08T09:14:33.267+0000] {dag.py:3490} INFO - Setting next_dagrun for example_sensors to None, run_after=None
[2025-04-08T09:14:33.288+0000] {processor.py:179} INFO - Processing /home/airflow/.local/lib/python3.7/site-packages/airflow/example_dags/example_sensors.py took 0.090 seconds
[2025-04-08T09:15:04.331+0000] {processor.py:157} INFO - Started process (PID=692) to work on /home/airflow/.local/lib/python3.7/site-packages/airflow/example_dags/example_sensors.py
[2025-04-08T09:15:04.332+0000] {processor.py:826} INFO - Processing file /home/airflow/.local/lib/python3.7/site-packages/airflow/example_dags/example_sensors.py for tasks to queue
[2025-04-08T09:15:04.332+0000] {logging_mixin.py:149} INFO - [2025-04-08T09:15:04.332+0000] {dagbag.py:541} INFO - Filling up the DagBag from /home/airflow/.local/lib/python3.7/site-packages/airflow/example_dags/example_sensors.py
[2025-04-08T09:15:04.343+0000] {processor.py:836} INFO - DAG(s) dict_keys(['example_sensors']) retrieved from /home/airflow/.local/lib/python3.7/site-packages/airflow/example_dags/example_sensors.py
[2025-04-08T09:15:04.373+0000] {logging_mixin.py:149} INFO - [2025-04-08T09:15:04.373+0000] {dag.py:2726} INFO - Sync 1 DAGs
[2025-04-08T09:15:04.397+0000] {logging_mixin.py:149} INFO - [2025-04-08T09:15:04.397+0000] {dag.py:3490} INFO - Setting next_dagrun for example_sensors to None, run_after=None
[2025-04-08T09:15:04.418+0000] {processor.py:179} INFO - Processing /home/airflow/.local/lib/python3.7/site-packages/airflow/example_dags/example_sensors.py took 0.091 seconds
[2025-04-08T09:15:35.553+0000] {processor.py:157} INFO - Started process (PID=783) to work on /home/airflow/.local/lib/python3.7/site-packages/airflow/example_dags/example_sensors.py
[2025-04-08T09:15:35.554+0000] {processor.py:826} INFO - Processing file /home/airflow/.local/lib/python3.7/site-packages/airflow/example_dags/example_sensors.py for tasks to queue
[2025-04-08T09:15:35.555+0000] {logging_mixin.py:149} INFO - [2025-04-08T09:15:35.555+0000] {dagbag.py:541} INFO - Filling up the DagBag from /home/airflow/.local/lib/python3.7/site-packages/airflow/example_dags/example_sensors.py
[2025-04-08T09:15:35.564+0000] {processor.py:836} INFO - DAG(s) dict_keys(['example_sensors']) retrieved from /home/airflow/.local/lib/python3.7/site-packages/airflow/example_dags/example_sensors.py
[2025-04-08T09:15:35.593+0000] {logging_mixin.py:149} INFO - [2025-04-08T09:15:35.593+0000] {dag.py:2726} INFO - Sync 1 DAGs
[2025-04-08T09:15:35.620+0000] {logging_mixin.py:149} INFO - [2025-04-08T09:15:35.620+0000] {dag.py:3490} INFO - Setting next_dagrun for example_sensors to None, run_after=None
[2025-04-08T09:15:35.640+0000] {processor.py:179} INFO - Processing /home/airflow/.local/lib/python3.7/site-packages/airflow/example_dags/example_sensors.py took 0.090 seconds
[2025-04-08T09:16:06.913+0000] {processor.py:157} INFO - Started process (PID=874) to work on /home/airflow/.local/lib/python3.7/site-packages/airflow/example_dags/example_sensors.py
[2025-04-08T09:16:06.914+0000] {processor.py:826} INFO - Processing file /home/airflow/.local/lib/python3.7/site-packages/airflow/example_dags/example_sensors.py for tasks to queue
[2025-04-08T09:16:06.915+0000] {logging_mixin.py:149} INFO - [2025-04-08T09:16:06.915+0000] {dagbag.py:541} INFO - Filling up the DagBag from /home/airflow/.local/lib/python3.7/site-packages/airflow/example_dags/example_sensors.py
[2025-04-08T09:16:06.925+0000] {processor.py:836} INFO - DAG(s) dict_keys(['example_sensors']) retrieved from /home/airflow/.local/lib/python3.7/site-packages/airflow/example_dags/example_sensors.py
[2025-04-08T09:16:06.953+0000] {logging_mixin.py:149} INFO - [2025-04-08T09:16:06.953+0000] {dag.py:2726} INFO - Sync 1 DAGs
[2025-04-08T09:16:06.980+0000] {logging_mixin.py:149} INFO - [2025-04-08T09:16:06.980+0000] {dag.py:3490} INFO - Setting next_dagrun for example_sensors to None, run_after=None
[2025-04-08T09:16:07.002+0000] {processor.py:179} INFO - Processing /home/airflow/.local/lib/python3.7/site-packages/airflow/example_dags/example_sensors.py took 0.092 seconds
[2025-04-08T09:16:37.597+0000] {processor.py:157} INFO - Started process (PID=965) to work on /home/airflow/.local/lib/python3.7/site-packages/airflow/example_dags/example_sensors.py
[2025-04-08T09:16:37.598+0000] {processor.py:826} INFO - Processing file /home/airflow/.local/lib/python3.7/site-packages/airflow/example_dags/example_sensors.py for tasks to queue
[2025-04-08T09:16:37.599+0000] {logging_mixin.py:149} INFO - [2025-04-08T09:16:37.598+0000] {dagbag.py:541} INFO - Filling up the DagBag from /home/airflow/.local/lib/python3.7/site-packages/airflow/example_dags/example_sensors.py
[2025-04-08T09:16:37.609+0000] {processor.py:836} INFO - DAG(s) dict_keys(['example_sensors']) retrieved from /home/airflow/.local/lib/python3.7/site-packages/airflow/example_dags/example_sensors.py
[2025-04-08T09:16:37.643+0000] {logging_mixin.py:149} INFO - [2025-04-08T09:16:37.643+0000] {dag.py:2726} INFO - Sync 1 DAGs
[2025-04-08T09:16:37.672+0000] {logging_mixin.py:149} INFO - [2025-04-08T09:16:37.671+0000] {dag.py:3490} INFO - Setting next_dagrun for example_sensors to None, run_after=None
[2025-04-08T09:16:37.695+0000] {processor.py:179} INFO - Processing /home/airflow/.local/lib/python3.7/site-packages/airflow/example_dags/example_sensors.py took 0.102 seconds
[2025-04-08T09:17:08.022+0000] {processor.py:157} INFO - Started process (PID=1056) to work on /home/airflow/.local/lib/python3.7/site-packages/airflow/example_dags/example_sensors.py
[2025-04-08T09:17:08.023+0000] {processor.py:826} INFO - Processing file /home/airflow/.local/lib/python3.7/site-packages/airflow/example_dags/example_sensors.py for tasks to queue
[2025-04-08T09:17:08.024+0000] {logging_mixin.py:149} INFO - [2025-04-08T09:17:08.024+0000] {dagbag.py:541} INFO - Filling up the DagBag from /home/airflow/.local/lib/python3.7/site-packages/airflow/example_dags/example_sensors.py
[2025-04-08T09:17:08.033+0000] {processor.py:836} INFO - DAG(s) dict_keys(['example_sensors']) retrieved from /home/airflow/.local/lib/python3.7/site-packages/airflow/example_dags/example_sensors.py
[2025-04-08T09:17:08.062+0000] {logging_mixin.py:149} INFO - [2025-04-08T09:17:08.062+0000] {dag.py:2726} INFO - Sync 1 DAGs
[2025-04-08T09:17:08.089+0000] {logging_mixin.py:149} INFO - [2025-04-08T09:17:08.089+0000] {dag.py:3490} INFO - Setting next_dagrun for example_sensors to None, run_after=None
[2025-04-08T09:17:08.112+0000] {processor.py:179} INFO - Processing /home/airflow/.local/lib/python3.7/site-packages/airflow/example_dags/example_sensors.py took 0.093 seconds
[2025-04-08T09:17:38.589+0000] {processor.py:157} INFO - Started process (PID=1147) to work on /home/airflow/.local/lib/python3.7/site-packages/airflow/example_dags/example_sensors.py
[2025-04-08T09:17:38.590+0000] {processor.py:826} INFO - Processing file /home/airflow/.local/lib/python3.7/site-packages/airflow/example_dags/example_sensors.py for tasks to queue
[2025-04-08T09:17:38.591+0000] {logging_mixin.py:149} INFO - [2025-04-08T09:17:38.591+0000] {dagbag.py:541} INFO - Filling up the DagBag from /home/airflow/.local/lib/python3.7/site-packages/airflow/example_dags/example_sensors.py
[2025-04-08T09:17:38.602+0000] {processor.py:836} INFO - DAG(s) dict_keys(['example_sensors']) retrieved from /home/airflow/.local/lib/python3.7/site-packages/airflow/example_dags/example_sensors.py
[2025-04-08T09:17:38.633+0000] {logging_mixin.py:149} INFO - [2025-04-08T09:17:38.632+0000] {dag.py:2726} INFO - Sync 1 DAGs
[2025-04-08T09:17:38.667+0000] {logging_mixin.py:149} INFO - [2025-04-08T09:17:38.666+0000] {dag.py:3490} INFO - Setting next_dagrun for example_sensors to None, run_after=None
[2025-04-08T09:17:38.688+0000] {processor.py:179} INFO - Processing /home/airflow/.local/lib/python3.7/site-packages/airflow/example_dags/example_sensors.py took 0.102 seconds
[2025-04-08T09:18:09.184+0000] {processor.py:157} INFO - Started process (PID=1238) to work on /home/airflow/.local/lib/python3.7/site-packages/airflow/example_dags/example_sensors.py
[2025-04-08T09:18:09.185+0000] {processor.py:826} INFO - Processing file /home/airflow/.local/lib/python3.7/site-packages/airflow/example_dags/example_sensors.py for tasks to queue
[2025-04-08T09:18:09.186+0000] {logging_mixin.py:149} INFO - [2025-04-08T09:18:09.186+0000] {dagbag.py:541} INFO - Filling up the DagBag from /home/airflow/.local/lib/python3.7/site-packages/airflow/example_dags/example_sensors.py
[2025-04-08T09:18:09.196+0000] {processor.py:836} INFO - DAG(s) dict_keys(['example_sensors']) retrieved from /home/airflow/.local/lib/python3.7/site-packages/airflow/example_dags/example_sensors.py
[2025-04-08T09:18:09.227+0000] {logging_mixin.py:149} INFO - [2025-04-08T09:18:09.227+0000] {dag.py:2726} INFO - Sync 1 DAGs
[2025-04-08T09:18:09.260+0000] {logging_mixin.py:149} INFO - [2025-04-08T09:18:09.260+0000] {dag.py:3490} INFO - Setting next_dagrun for example_sensors to None, run_after=None
[2025-04-08T09:18:09.285+0000] {processor.py:179} INFO - Processing /home/airflow/.local/lib/python3.7/site-packages/airflow/example_dags/example_sensors.py took 0.105 seconds
[2025-04-08T09:18:39.818+0000] {processor.py:157} INFO - Started process (PID=1329) to work on /home/airflow/.local/lib/python3.7/site-packages/airflow/example_dags/example_sensors.py
[2025-04-08T09:18:39.819+0000] {processor.py:826} INFO - Processing file /home/airflow/.local/lib/python3.7/site-packages/airflow/example_dags/example_sensors.py for tasks to queue
[2025-04-08T09:18:39.820+0000] {logging_mixin.py:149} INFO - [2025-04-08T09:18:39.820+0000] {dagbag.py:541} INFO - Filling up the DagBag from /home/airflow/.local/lib/python3.7/site-packages/airflow/example_dags/example_sensors.py
[2025-04-08T09:18:39.831+0000] {processor.py:836} INFO - DAG(s) dict_keys(['example_sensors']) retrieved from /home/airflow/.local/lib/python3.7/site-packages/airflow/example_dags/example_sensors.py
[2025-04-08T09:18:39.862+0000] {logging_mixin.py:149} INFO - [2025-04-08T09:18:39.861+0000] {dag.py:2726} INFO - Sync 1 DAGs
[2025-04-08T09:18:39.888+0000] {logging_mixin.py:149} INFO - [2025-04-08T09:18:39.888+0000] {dag.py:3490} INFO - Setting next_dagrun for example_sensors to None, run_after=None
[2025-04-08T09:18:39.911+0000] {processor.py:179} INFO - Processing /home/airflow/.local/lib/python3.7/site-packages/airflow/example_dags/example_sensors.py took 0.096 seconds
