[2025-04-08T09:11:59.729+0000] {processor.py:157} INFO - Started process (PID=112) to work on /home/airflow/.local/lib/python3.7/site-packages/airflow/example_dags/example_trigger_target_dag.py
[2025-04-08T09:11:59.730+0000] {processor.py:826} INFO - Processing file /home/airflow/.local/lib/python3.7/site-packages/airflow/example_dags/example_trigger_target_dag.py for tasks to queue
[2025-04-08T09:11:59.731+0000] {logging_mixin.py:149} INFO - [2025-04-08T09:11:59.731+0000] {dagbag.py:541} INFO - Filling up the DagBag from /home/airflow/.local/lib/python3.7/site-packages/airflow/example_dags/example_trigger_target_dag.py
[2025-04-08T09:11:59.738+0000] {processor.py:836} INFO - DAG(s) dict_keys(['example_trigger_target_dag']) retrieved from /home/airflow/.local/lib/python3.7/site-packages/airflow/example_dags/example_trigger_target_dag.py
[2025-04-08T09:11:59.767+0000] {logging_mixin.py:149} INFO - [2025-04-08T09:11:59.767+0000] {dag.py:2726} INFO - Sync 1 DAGs
[2025-04-08T09:11:59.803+0000] {logging_mixin.py:149} INFO - [2025-04-08T09:11:59.802+0000] {dag.py:3490} INFO - Setting next_dagrun for example_trigger_target_dag to None, run_after=None
[2025-04-08T09:11:59.825+0000] {processor.py:179} INFO - Processing /home/airflow/.local/lib/python3.7/site-packages/airflow/example_dags/example_trigger_target_dag.py took 0.100 seconds
[2025-04-08T09:12:30.538+0000] {processor.py:157} INFO - Started process (PID=239) to work on /home/airflow/.local/lib/python3.7/site-packages/airflow/example_dags/example_trigger_target_dag.py
[2025-04-08T09:12:30.539+0000] {processor.py:826} INFO - Processing file /home/airflow/.local/lib/python3.7/site-packages/airflow/example_dags/example_trigger_target_dag.py for tasks to queue
[2025-04-08T09:12:30.540+0000] {logging_mixin.py:149} INFO - [2025-04-08T09:12:30.539+0000] {dagbag.py:541} INFO - Filling up the DagBag from /home/airflow/.local/lib/python3.7/site-packages/airflow/example_dags/example_trigger_target_dag.py
[2025-04-08T09:12:30.545+0000] {processor.py:836} INFO - DAG(s) dict_keys(['example_trigger_target_dag']) retrieved from /home/airflow/.local/lib/python3.7/site-packages/airflow/example_dags/example_trigger_target_dag.py
[2025-04-08T09:12:30.572+0000] {logging_mixin.py:149} INFO - [2025-04-08T09:12:30.572+0000] {dag.py:2726} INFO - Sync 1 DAGs
[2025-04-08T09:12:30.604+0000] {logging_mixin.py:149} INFO - [2025-04-08T09:12:30.603+0000] {dag.py:3490} INFO - Setting next_dagrun for example_trigger_target_dag to None, run_after=None
[2025-04-08T09:12:30.629+0000] {processor.py:179} INFO - Processing /home/airflow/.local/lib/python3.7/site-packages/airflow/example_dags/example_trigger_target_dag.py took 0.095 seconds
[2025-04-08T09:13:02.156+0000] {processor.py:157} INFO - Started process (PID=330) to work on /home/airflow/.local/lib/python3.7/site-packages/airflow/example_dags/example_trigger_target_dag.py
[2025-04-08T09:13:02.158+0000] {processor.py:826} INFO - Processing file /home/airflow/.local/lib/python3.7/site-packages/airflow/example_dags/example_trigger_target_dag.py for tasks to queue
[2025-04-08T09:13:02.159+0000] {logging_mixin.py:149} INFO - [2025-04-08T09:13:02.158+0000] {dagbag.py:541} INFO - Filling up the DagBag from /home/airflow/.local/lib/python3.7/site-packages/airflow/example_dags/example_trigger_target_dag.py
[2025-04-08T09:13:02.166+0000] {processor.py:836} INFO - DAG(s) dict_keys(['example_trigger_target_dag']) retrieved from /home/airflow/.local/lib/python3.7/site-packages/airflow/example_dags/example_trigger_target_dag.py
[2025-04-08T09:13:02.297+0000] {logging_mixin.py:149} INFO - [2025-04-08T09:13:02.296+0000] {dag.py:2726} INFO - Sync 1 DAGs
[2025-04-08T09:13:02.318+0000] {logging_mixin.py:149} INFO - [2025-04-08T09:13:02.318+0000] {dag.py:3490} INFO - Setting next_dagrun for example_trigger_target_dag to None, run_after=None
[2025-04-08T09:13:02.337+0000] {processor.py:179} INFO - Processing /home/airflow/.local/lib/python3.7/site-packages/airflow/example_dags/example_trigger_target_dag.py took 0.184 seconds
[2025-04-08T09:13:32.634+0000] {processor.py:157} INFO - Started process (PID=421) to work on /home/airflow/.local/lib/python3.7/site-packages/airflow/example_dags/example_trigger_target_dag.py
[2025-04-08T09:13:32.636+0000] {processor.py:826} INFO - Processing file /home/airflow/.local/lib/python3.7/site-packages/airflow/example_dags/example_trigger_target_dag.py for tasks to queue
[2025-04-08T09:13:32.637+0000] {logging_mixin.py:149} INFO - [2025-04-08T09:13:32.636+0000] {dagbag.py:541} INFO - Filling up the DagBag from /home/airflow/.local/lib/python3.7/site-packages/airflow/example_dags/example_trigger_target_dag.py
[2025-04-08T09:13:32.643+0000] {processor.py:836} INFO - DAG(s) dict_keys(['example_trigger_target_dag']) retrieved from /home/airflow/.local/lib/python3.7/site-packages/airflow/example_dags/example_trigger_target_dag.py
[2025-04-08T09:13:32.670+0000] {logging_mixin.py:149} INFO - [2025-04-08T09:13:32.670+0000] {dag.py:2726} INFO - Sync 1 DAGs
[2025-04-08T09:13:32.701+0000] {logging_mixin.py:149} INFO - [2025-04-08T09:13:32.700+0000] {dag.py:3490} INFO - Setting next_dagrun for example_trigger_target_dag to None, run_after=None
[2025-04-08T09:13:32.723+0000] {processor.py:179} INFO - Processing /home/airflow/.local/lib/python3.7/site-packages/airflow/example_dags/example_trigger_target_dag.py took 0.092 seconds
[2025-04-08T09:14:02.931+0000] {processor.py:157} INFO - Started process (PID=512) to work on /home/airflow/.local/lib/python3.7/site-packages/airflow/example_dags/example_trigger_target_dag.py
[2025-04-08T09:14:02.932+0000] {processor.py:826} INFO - Processing file /home/airflow/.local/lib/python3.7/site-packages/airflow/example_dags/example_trigger_target_dag.py for tasks to queue
[2025-04-08T09:14:02.933+0000] {logging_mixin.py:149} INFO - [2025-04-08T09:14:02.933+0000] {dagbag.py:541} INFO - Filling up the DagBag from /home/airflow/.local/lib/python3.7/site-packages/airflow/example_dags/example_trigger_target_dag.py
[2025-04-08T09:14:02.938+0000] {processor.py:836} INFO - DAG(s) dict_keys(['example_trigger_target_dag']) retrieved from /home/airflow/.local/lib/python3.7/site-packages/airflow/example_dags/example_trigger_target_dag.py
[2025-04-08T09:14:02.964+0000] {logging_mixin.py:149} INFO - [2025-04-08T09:14:02.964+0000] {dag.py:2726} INFO - Sync 1 DAGs
[2025-04-08T09:14:02.994+0000] {logging_mixin.py:149} INFO - [2025-04-08T09:14:02.993+0000] {dag.py:3490} INFO - Setting next_dagrun for example_trigger_target_dag to None, run_after=None
[2025-04-08T09:14:03.016+0000] {processor.py:179} INFO - Processing /home/airflow/.local/lib/python3.7/site-packages/airflow/example_dags/example_trigger_target_dag.py took 0.088 seconds
[2025-04-08T09:14:33.308+0000] {processor.py:157} INFO - Started process (PID=603) to work on /home/airflow/.local/lib/python3.7/site-packages/airflow/example_dags/example_trigger_target_dag.py
[2025-04-08T09:14:33.309+0000] {processor.py:826} INFO - Processing file /home/airflow/.local/lib/python3.7/site-packages/airflow/example_dags/example_trigger_target_dag.py for tasks to queue
[2025-04-08T09:14:33.310+0000] {logging_mixin.py:149} INFO - [2025-04-08T09:14:33.310+0000] {dagbag.py:541} INFO - Filling up the DagBag from /home/airflow/.local/lib/python3.7/site-packages/airflow/example_dags/example_trigger_target_dag.py
[2025-04-08T09:14:33.315+0000] {processor.py:836} INFO - DAG(s) dict_keys(['example_trigger_target_dag']) retrieved from /home/airflow/.local/lib/python3.7/site-packages/airflow/example_dags/example_trigger_target_dag.py
[2025-04-08T09:14:33.339+0000] {logging_mixin.py:149} INFO - [2025-04-08T09:14:33.339+0000] {dag.py:2726} INFO - Sync 1 DAGs
[2025-04-08T09:14:33.366+0000] {logging_mixin.py:149} INFO - [2025-04-08T09:14:33.366+0000] {dag.py:3490} INFO - Setting next_dagrun for example_trigger_target_dag to None, run_after=None
[2025-04-08T09:14:33.386+0000] {processor.py:179} INFO - Processing /home/airflow/.local/lib/python3.7/site-packages/airflow/example_dags/example_trigger_target_dag.py took 0.081 seconds
[2025-04-08T09:15:04.438+0000] {processor.py:157} INFO - Started process (PID=694) to work on /home/airflow/.local/lib/python3.7/site-packages/airflow/example_dags/example_trigger_target_dag.py
[2025-04-08T09:15:04.439+0000] {processor.py:826} INFO - Processing file /home/airflow/.local/lib/python3.7/site-packages/airflow/example_dags/example_trigger_target_dag.py for tasks to queue
[2025-04-08T09:15:04.439+0000] {logging_mixin.py:149} INFO - [2025-04-08T09:15:04.439+0000] {dagbag.py:541} INFO - Filling up the DagBag from /home/airflow/.local/lib/python3.7/site-packages/airflow/example_dags/example_trigger_target_dag.py
[2025-04-08T09:15:04.445+0000] {processor.py:836} INFO - DAG(s) dict_keys(['example_trigger_target_dag']) retrieved from /home/airflow/.local/lib/python3.7/site-packages/airflow/example_dags/example_trigger_target_dag.py
[2025-04-08T09:15:04.468+0000] {logging_mixin.py:149} INFO - [2025-04-08T09:15:04.468+0000] {dag.py:2726} INFO - Sync 1 DAGs
[2025-04-08T09:15:04.492+0000] {logging_mixin.py:149} INFO - [2025-04-08T09:15:04.492+0000] {dag.py:3490} INFO - Setting next_dagrun for example_trigger_target_dag to None, run_after=None
[2025-04-08T09:15:04.513+0000] {processor.py:179} INFO - Processing /home/airflow/.local/lib/python3.7/site-packages/airflow/example_dags/example_trigger_target_dag.py took 0.078 seconds
[2025-04-08T09:15:35.661+0000] {processor.py:157} INFO - Started process (PID=785) to work on /home/airflow/.local/lib/python3.7/site-packages/airflow/example_dags/example_trigger_target_dag.py
[2025-04-08T09:15:35.662+0000] {processor.py:826} INFO - Processing file /home/airflow/.local/lib/python3.7/site-packages/airflow/example_dags/example_trigger_target_dag.py for tasks to queue
[2025-04-08T09:15:35.662+0000] {logging_mixin.py:149} INFO - [2025-04-08T09:15:35.662+0000] {dagbag.py:541} INFO - Filling up the DagBag from /home/airflow/.local/lib/python3.7/site-packages/airflow/example_dags/example_trigger_target_dag.py
[2025-04-08T09:15:35.668+0000] {processor.py:836} INFO - DAG(s) dict_keys(['example_trigger_target_dag']) retrieved from /home/airflow/.local/lib/python3.7/site-packages/airflow/example_dags/example_trigger_target_dag.py
[2025-04-08T09:15:35.693+0000] {logging_mixin.py:149} INFO - [2025-04-08T09:15:35.693+0000] {dag.py:2726} INFO - Sync 1 DAGs
[2025-04-08T09:15:35.720+0000] {logging_mixin.py:149} INFO - [2025-04-08T09:15:35.720+0000] {dag.py:3490} INFO - Setting next_dagrun for example_trigger_target_dag to None, run_after=None
[2025-04-08T09:15:35.741+0000] {processor.py:179} INFO - Processing /home/airflow/.local/lib/python3.7/site-packages/airflow/example_dags/example_trigger_target_dag.py took 0.083 seconds
[2025-04-08T09:16:07.025+0000] {processor.py:157} INFO - Started process (PID=876) to work on /home/airflow/.local/lib/python3.7/site-packages/airflow/example_dags/example_trigger_target_dag.py
[2025-04-08T09:16:07.026+0000] {processor.py:826} INFO - Processing file /home/airflow/.local/lib/python3.7/site-packages/airflow/example_dags/example_trigger_target_dag.py for tasks to queue
[2025-04-08T09:16:07.027+0000] {logging_mixin.py:149} INFO - [2025-04-08T09:16:07.027+0000] {dagbag.py:541} INFO - Filling up the DagBag from /home/airflow/.local/lib/python3.7/site-packages/airflow/example_dags/example_trigger_target_dag.py
[2025-04-08T09:16:07.032+0000] {processor.py:836} INFO - DAG(s) dict_keys(['example_trigger_target_dag']) retrieved from /home/airflow/.local/lib/python3.7/site-packages/airflow/example_dags/example_trigger_target_dag.py
[2025-04-08T09:16:07.056+0000] {logging_mixin.py:149} INFO - [2025-04-08T09:16:07.056+0000] {dag.py:2726} INFO - Sync 1 DAGs
[2025-04-08T09:16:07.081+0000] {logging_mixin.py:149} INFO - [2025-04-08T09:16:07.081+0000] {dag.py:3490} INFO - Setting next_dagrun for example_trigger_target_dag to None, run_after=None
[2025-04-08T09:16:07.102+0000] {processor.py:179} INFO - Processing /home/airflow/.local/lib/python3.7/site-packages/airflow/example_dags/example_trigger_target_dag.py took 0.081 seconds
[2025-04-08T09:16:37.719+0000] {processor.py:157} INFO - Started process (PID=967) to work on /home/airflow/.local/lib/python3.7/site-packages/airflow/example_dags/example_trigger_target_dag.py
[2025-04-08T09:16:37.720+0000] {processor.py:826} INFO - Processing file /home/airflow/.local/lib/python3.7/site-packages/airflow/example_dags/example_trigger_target_dag.py for tasks to queue
[2025-04-08T09:16:37.721+0000] {logging_mixin.py:149} INFO - [2025-04-08T09:16:37.721+0000] {dagbag.py:541} INFO - Filling up the DagBag from /home/airflow/.local/lib/python3.7/site-packages/airflow/example_dags/example_trigger_target_dag.py
[2025-04-08T09:16:37.727+0000] {processor.py:836} INFO - DAG(s) dict_keys(['example_trigger_target_dag']) retrieved from /home/airflow/.local/lib/python3.7/site-packages/airflow/example_dags/example_trigger_target_dag.py
[2025-04-08T09:16:37.754+0000] {logging_mixin.py:149} INFO - [2025-04-08T09:16:37.754+0000] {dag.py:2726} INFO - Sync 1 DAGs
[2025-04-08T09:16:37.782+0000] {logging_mixin.py:149} INFO - [2025-04-08T09:16:37.782+0000] {dag.py:3490} INFO - Setting next_dagrun for example_trigger_target_dag to None, run_after=None
[2025-04-08T09:16:37.805+0000] {processor.py:179} INFO - Processing /home/airflow/.local/lib/python3.7/site-packages/airflow/example_dags/example_trigger_target_dag.py took 0.090 seconds
[2025-04-08T09:17:08.133+0000] {processor.py:157} INFO - Started process (PID=1058) to work on /home/airflow/.local/lib/python3.7/site-packages/airflow/example_dags/example_trigger_target_dag.py
[2025-04-08T09:17:08.134+0000] {processor.py:826} INFO - Processing file /home/airflow/.local/lib/python3.7/site-packages/airflow/example_dags/example_trigger_target_dag.py for tasks to queue
[2025-04-08T09:17:08.135+0000] {logging_mixin.py:149} INFO - [2025-04-08T09:17:08.134+0000] {dagbag.py:541} INFO - Filling up the DagBag from /home/airflow/.local/lib/python3.7/site-packages/airflow/example_dags/example_trigger_target_dag.py
[2025-04-08T09:17:08.140+0000] {processor.py:836} INFO - DAG(s) dict_keys(['example_trigger_target_dag']) retrieved from /home/airflow/.local/lib/python3.7/site-packages/airflow/example_dags/example_trigger_target_dag.py
[2025-04-08T09:17:08.164+0000] {logging_mixin.py:149} INFO - [2025-04-08T09:17:08.164+0000] {dag.py:2726} INFO - Sync 1 DAGs
[2025-04-08T09:17:08.190+0000] {logging_mixin.py:149} INFO - [2025-04-08T09:17:08.190+0000] {dag.py:3490} INFO - Setting next_dagrun for example_trigger_target_dag to None, run_after=None
[2025-04-08T09:17:08.238+0000] {processor.py:179} INFO - Processing /home/airflow/.local/lib/python3.7/site-packages/airflow/example_dags/example_trigger_target_dag.py took 0.108 seconds
[2025-04-08T09:17:38.711+0000] {processor.py:157} INFO - Started process (PID=1149) to work on /home/airflow/.local/lib/python3.7/site-packages/airflow/example_dags/example_trigger_target_dag.py
[2025-04-08T09:17:38.712+0000] {processor.py:826} INFO - Processing file /home/airflow/.local/lib/python3.7/site-packages/airflow/example_dags/example_trigger_target_dag.py for tasks to queue
[2025-04-08T09:17:38.713+0000] {logging_mixin.py:149} INFO - [2025-04-08T09:17:38.713+0000] {dagbag.py:541} INFO - Filling up the DagBag from /home/airflow/.local/lib/python3.7/site-packages/airflow/example_dags/example_trigger_target_dag.py
[2025-04-08T09:17:38.719+0000] {processor.py:836} INFO - DAG(s) dict_keys(['example_trigger_target_dag']) retrieved from /home/airflow/.local/lib/python3.7/site-packages/airflow/example_dags/example_trigger_target_dag.py
[2025-04-08T09:17:38.743+0000] {logging_mixin.py:149} INFO - [2025-04-08T09:17:38.743+0000] {dag.py:2726} INFO - Sync 1 DAGs
[2025-04-08T09:17:38.768+0000] {logging_mixin.py:149} INFO - [2025-04-08T09:17:38.768+0000] {dag.py:3490} INFO - Setting next_dagrun for example_trigger_target_dag to None, run_after=None
[2025-04-08T09:17:38.790+0000] {processor.py:179} INFO - Processing /home/airflow/.local/lib/python3.7/site-packages/airflow/example_dags/example_trigger_target_dag.py took 0.083 seconds
[2025-04-08T09:18:09.307+0000] {processor.py:157} INFO - Started process (PID=1240) to work on /home/airflow/.local/lib/python3.7/site-packages/airflow/example_dags/example_trigger_target_dag.py
[2025-04-08T09:18:09.309+0000] {processor.py:826} INFO - Processing file /home/airflow/.local/lib/python3.7/site-packages/airflow/example_dags/example_trigger_target_dag.py for tasks to queue
[2025-04-08T09:18:09.310+0000] {logging_mixin.py:149} INFO - [2025-04-08T09:18:09.309+0000] {dagbag.py:541} INFO - Filling up the DagBag from /home/airflow/.local/lib/python3.7/site-packages/airflow/example_dags/example_trigger_target_dag.py
[2025-04-08T09:18:09.316+0000] {processor.py:836} INFO - DAG(s) dict_keys(['example_trigger_target_dag']) retrieved from /home/airflow/.local/lib/python3.7/site-packages/airflow/example_dags/example_trigger_target_dag.py
[2025-04-08T09:18:09.339+0000] {logging_mixin.py:149} INFO - [2025-04-08T09:18:09.339+0000] {dag.py:2726} INFO - Sync 1 DAGs
[2025-04-08T09:18:09.369+0000] {logging_mixin.py:149} INFO - [2025-04-08T09:18:09.369+0000] {dag.py:3490} INFO - Setting next_dagrun for example_trigger_target_dag to None, run_after=None
[2025-04-08T09:18:09.390+0000] {processor.py:179} INFO - Processing /home/airflow/.local/lib/python3.7/site-packages/airflow/example_dags/example_trigger_target_dag.py took 0.087 seconds
[2025-04-08T09:18:39.937+0000] {processor.py:157} INFO - Started process (PID=1331) to work on /home/airflow/.local/lib/python3.7/site-packages/airflow/example_dags/example_trigger_target_dag.py
[2025-04-08T09:18:39.938+0000] {processor.py:826} INFO - Processing file /home/airflow/.local/lib/python3.7/site-packages/airflow/example_dags/example_trigger_target_dag.py for tasks to queue
[2025-04-08T09:18:39.939+0000] {logging_mixin.py:149} INFO - [2025-04-08T09:18:39.939+0000] {dagbag.py:541} INFO - Filling up the DagBag from /home/airflow/.local/lib/python3.7/site-packages/airflow/example_dags/example_trigger_target_dag.py
[2025-04-08T09:18:39.944+0000] {processor.py:836} INFO - DAG(s) dict_keys(['example_trigger_target_dag']) retrieved from /home/airflow/.local/lib/python3.7/site-packages/airflow/example_dags/example_trigger_target_dag.py
[2025-04-08T09:18:39.972+0000] {logging_mixin.py:149} INFO - [2025-04-08T09:18:39.972+0000] {dag.py:2726} INFO - Sync 1 DAGs
[2025-04-08T09:18:40.001+0000] {logging_mixin.py:149} INFO - [2025-04-08T09:18:40.001+0000] {dag.py:3490} INFO - Setting next_dagrun for example_trigger_target_dag to None, run_after=None
[2025-04-08T09:18:40.024+0000] {processor.py:179} INFO - Processing /home/airflow/.local/lib/python3.7/site-packages/airflow/example_dags/example_trigger_target_dag.py took 0.091 seconds
