[2025-04-08T09:11:56.141+0000] {processor.py:157} INFO - Started process (PID=75) to work on /home/airflow/.local/lib/python3.7/site-packages/airflow/example_dags/example_external_task_marker_dag.py
[2025-04-08T09:11:56.142+0000] {processor.py:826} INFO - Processing file /home/airflow/.local/lib/python3.7/site-packages/airflow/example_dags/example_external_task_marker_dag.py for tasks to queue
[2025-04-08T09:11:56.142+0000] {logging_mixin.py:149} INFO - [2025-04-08T09:11:56.142+0000] {dagbag.py:541} INFO - Filling up the DagBag from /home/airflow/.local/lib/python3.7/site-packages/airflow/example_dags/example_external_task_marker_dag.py
[2025-04-08T09:11:56.151+0000] {processor.py:836} INFO - DAG(s) dict_keys(['example_external_task_marker_parent', 'example_external_task_marker_child']) retrieved from /home/airflow/.local/lib/python3.7/site-packages/airflow/example_dags/example_external_task_marker_dag.py
[2025-04-08T09:11:56.185+0000] {logging_mixin.py:149} INFO - [2025-04-08T09:11:56.185+0000] {dag.py:2726} INFO - Sync 2 DAGs
[2025-04-08T09:11:56.218+0000] {logging_mixin.py:149} INFO - [2025-04-08T09:11:56.217+0000] {dag.py:3490} INFO - Setting next_dagrun for example_external_task_marker_child to None, run_after=None
[2025-04-08T09:11:56.222+0000] {logging_mixin.py:149} INFO - [2025-04-08T09:11:56.222+0000] {dag.py:3490} INFO - Setting next_dagrun for example_external_task_marker_parent to None, run_after=None
[2025-04-08T09:11:56.248+0000] {processor.py:179} INFO - Processing /home/airflow/.local/lib/python3.7/site-packages/airflow/example_dags/example_external_task_marker_dag.py took 0.111 seconds
[2025-04-08T09:12:27.077+0000] {processor.py:157} INFO - Started process (PID=209) to work on /home/airflow/.local/lib/python3.7/site-packages/airflow/example_dags/example_external_task_marker_dag.py
[2025-04-08T09:12:27.078+0000] {processor.py:826} INFO - Processing file /home/airflow/.local/lib/python3.7/site-packages/airflow/example_dags/example_external_task_marker_dag.py for tasks to queue
[2025-04-08T09:12:27.079+0000] {logging_mixin.py:149} INFO - [2025-04-08T09:12:27.079+0000] {dagbag.py:541} INFO - Filling up the DagBag from /home/airflow/.local/lib/python3.7/site-packages/airflow/example_dags/example_external_task_marker_dag.py
[2025-04-08T09:12:27.085+0000] {processor.py:836} INFO - DAG(s) dict_keys(['example_external_task_marker_child', 'example_external_task_marker_parent']) retrieved from /home/airflow/.local/lib/python3.7/site-packages/airflow/example_dags/example_external_task_marker_dag.py
[2025-04-08T09:12:27.117+0000] {logging_mixin.py:149} INFO - [2025-04-08T09:12:27.117+0000] {dag.py:2726} INFO - Sync 2 DAGs
[2025-04-08T09:12:27.143+0000] {logging_mixin.py:149} INFO - [2025-04-08T09:12:27.142+0000] {dag.py:3490} INFO - Setting next_dagrun for example_external_task_marker_child to None, run_after=None
[2025-04-08T09:12:27.147+0000] {logging_mixin.py:149} INFO - [2025-04-08T09:12:27.147+0000] {dag.py:3490} INFO - Setting next_dagrun for example_external_task_marker_parent to None, run_after=None
[2025-04-08T09:12:27.166+0000] {processor.py:179} INFO - Processing /home/airflow/.local/lib/python3.7/site-packages/airflow/example_dags/example_external_task_marker_dag.py took 0.092 seconds
[2025-04-08T09:12:58.502+0000] {processor.py:157} INFO - Started process (PID=300) to work on /home/airflow/.local/lib/python3.7/site-packages/airflow/example_dags/example_external_task_marker_dag.py
[2025-04-08T09:12:58.503+0000] {processor.py:826} INFO - Processing file /home/airflow/.local/lib/python3.7/site-packages/airflow/example_dags/example_external_task_marker_dag.py for tasks to queue
[2025-04-08T09:12:58.503+0000] {logging_mixin.py:149} INFO - [2025-04-08T09:12:58.503+0000] {dagbag.py:541} INFO - Filling up the DagBag from /home/airflow/.local/lib/python3.7/site-packages/airflow/example_dags/example_external_task_marker_dag.py
[2025-04-08T09:12:58.509+0000] {processor.py:836} INFO - DAG(s) dict_keys(['example_external_task_marker_child', 'example_external_task_marker_parent']) retrieved from /home/airflow/.local/lib/python3.7/site-packages/airflow/example_dags/example_external_task_marker_dag.py
[2025-04-08T09:12:58.539+0000] {logging_mixin.py:149} INFO - [2025-04-08T09:12:58.539+0000] {dag.py:2726} INFO - Sync 2 DAGs
[2025-04-08T09:12:58.686+0000] {logging_mixin.py:149} INFO - [2025-04-08T09:12:58.686+0000] {dag.py:3490} INFO - Setting next_dagrun for example_external_task_marker_child to None, run_after=None
[2025-04-08T09:12:58.692+0000] {logging_mixin.py:149} INFO - [2025-04-08T09:12:58.692+0000] {dag.py:3490} INFO - Setting next_dagrun for example_external_task_marker_parent to None, run_after=None
[2025-04-08T09:12:58.719+0000] {processor.py:179} INFO - Processing /home/airflow/.local/lib/python3.7/site-packages/airflow/example_dags/example_external_task_marker_dag.py took 0.220 seconds
[2025-04-08T09:13:29.449+0000] {processor.py:157} INFO - Started process (PID=391) to work on /home/airflow/.local/lib/python3.7/site-packages/airflow/example_dags/example_external_task_marker_dag.py
[2025-04-08T09:13:29.451+0000] {processor.py:826} INFO - Processing file /home/airflow/.local/lib/python3.7/site-packages/airflow/example_dags/example_external_task_marker_dag.py for tasks to queue
[2025-04-08T09:13:29.451+0000] {logging_mixin.py:149} INFO - [2025-04-08T09:13:29.451+0000] {dagbag.py:541} INFO - Filling up the DagBag from /home/airflow/.local/lib/python3.7/site-packages/airflow/example_dags/example_external_task_marker_dag.py
[2025-04-08T09:13:29.457+0000] {processor.py:836} INFO - DAG(s) dict_keys(['example_external_task_marker_parent', 'example_external_task_marker_child']) retrieved from /home/airflow/.local/lib/python3.7/site-packages/airflow/example_dags/example_external_task_marker_dag.py
[2025-04-08T09:13:29.486+0000] {logging_mixin.py:149} INFO - [2025-04-08T09:13:29.486+0000] {dag.py:2726} INFO - Sync 2 DAGs
[2025-04-08T09:13:29.515+0000] {logging_mixin.py:149} INFO - [2025-04-08T09:13:29.514+0000] {dag.py:3490} INFO - Setting next_dagrun for example_external_task_marker_child to None, run_after=None
[2025-04-08T09:13:29.519+0000] {logging_mixin.py:149} INFO - [2025-04-08T09:13:29.519+0000] {dag.py:3490} INFO - Setting next_dagrun for example_external_task_marker_parent to None, run_after=None
[2025-04-08T09:13:29.539+0000] {processor.py:179} INFO - Processing /home/airflow/.local/lib/python3.7/site-packages/airflow/example_dags/example_external_task_marker_dag.py took 0.093 seconds
[2025-04-08T09:14:00.031+0000] {processor.py:157} INFO - Started process (PID=482) to work on /home/airflow/.local/lib/python3.7/site-packages/airflow/example_dags/example_external_task_marker_dag.py
[2025-04-08T09:14:00.032+0000] {processor.py:826} INFO - Processing file /home/airflow/.local/lib/python3.7/site-packages/airflow/example_dags/example_external_task_marker_dag.py for tasks to queue
[2025-04-08T09:14:00.033+0000] {logging_mixin.py:149} INFO - [2025-04-08T09:14:00.033+0000] {dagbag.py:541} INFO - Filling up the DagBag from /home/airflow/.local/lib/python3.7/site-packages/airflow/example_dags/example_external_task_marker_dag.py
[2025-04-08T09:14:00.038+0000] {processor.py:836} INFO - DAG(s) dict_keys(['example_external_task_marker_parent', 'example_external_task_marker_child']) retrieved from /home/airflow/.local/lib/python3.7/site-packages/airflow/example_dags/example_external_task_marker_dag.py
[2025-04-08T09:14:00.068+0000] {logging_mixin.py:149} INFO - [2025-04-08T09:14:00.067+0000] {dag.py:2726} INFO - Sync 2 DAGs
[2025-04-08T09:14:00.094+0000] {logging_mixin.py:149} INFO - [2025-04-08T09:14:00.094+0000] {dag.py:3490} INFO - Setting next_dagrun for example_external_task_marker_child to None, run_after=None
[2025-04-08T09:14:00.098+0000] {logging_mixin.py:149} INFO - [2025-04-08T09:14:00.098+0000] {dag.py:3490} INFO - Setting next_dagrun for example_external_task_marker_parent to None, run_after=None
[2025-04-08T09:14:00.116+0000] {processor.py:179} INFO - Processing /home/airflow/.local/lib/python3.7/site-packages/airflow/example_dags/example_external_task_marker_dag.py took 0.088 seconds
[2025-04-08T09:14:31.185+0000] {processor.py:157} INFO - Started process (PID=573) to work on /home/airflow/.local/lib/python3.7/site-packages/airflow/example_dags/example_external_task_marker_dag.py
[2025-04-08T09:14:31.186+0000] {processor.py:826} INFO - Processing file /home/airflow/.local/lib/python3.7/site-packages/airflow/example_dags/example_external_task_marker_dag.py for tasks to queue
[2025-04-08T09:14:31.187+0000] {logging_mixin.py:149} INFO - [2025-04-08T09:14:31.186+0000] {dagbag.py:541} INFO - Filling up the DagBag from /home/airflow/.local/lib/python3.7/site-packages/airflow/example_dags/example_external_task_marker_dag.py
[2025-04-08T09:14:31.193+0000] {processor.py:836} INFO - DAG(s) dict_keys(['example_external_task_marker_child', 'example_external_task_marker_parent']) retrieved from /home/airflow/.local/lib/python3.7/site-packages/airflow/example_dags/example_external_task_marker_dag.py
[2025-04-08T09:14:31.226+0000] {logging_mixin.py:149} INFO - [2025-04-08T09:14:31.226+0000] {dag.py:2726} INFO - Sync 2 DAGs
[2025-04-08T09:14:31.252+0000] {logging_mixin.py:149} INFO - [2025-04-08T09:14:31.252+0000] {dag.py:3490} INFO - Setting next_dagrun for example_external_task_marker_child to None, run_after=None
[2025-04-08T09:14:31.256+0000] {logging_mixin.py:149} INFO - [2025-04-08T09:14:31.256+0000] {dag.py:3490} INFO - Setting next_dagrun for example_external_task_marker_parent to None, run_after=None
[2025-04-08T09:14:31.275+0000] {processor.py:179} INFO - Processing /home/airflow/.local/lib/python3.7/site-packages/airflow/example_dags/example_external_task_marker_dag.py took 0.093 seconds
[2025-04-08T09:15:02.633+0000] {processor.py:157} INFO - Started process (PID=664) to work on /home/airflow/.local/lib/python3.7/site-packages/airflow/example_dags/example_external_task_marker_dag.py
[2025-04-08T09:15:02.635+0000] {processor.py:826} INFO - Processing file /home/airflow/.local/lib/python3.7/site-packages/airflow/example_dags/example_external_task_marker_dag.py for tasks to queue
[2025-04-08T09:15:02.635+0000] {logging_mixin.py:149} INFO - [2025-04-08T09:15:02.635+0000] {dagbag.py:541} INFO - Filling up the DagBag from /home/airflow/.local/lib/python3.7/site-packages/airflow/example_dags/example_external_task_marker_dag.py
[2025-04-08T09:15:02.641+0000] {processor.py:836} INFO - DAG(s) dict_keys(['example_external_task_marker_child', 'example_external_task_marker_parent']) retrieved from /home/airflow/.local/lib/python3.7/site-packages/airflow/example_dags/example_external_task_marker_dag.py
[2025-04-08T09:15:02.671+0000] {logging_mixin.py:149} INFO - [2025-04-08T09:15:02.671+0000] {dag.py:2726} INFO - Sync 2 DAGs
[2025-04-08T09:15:02.699+0000] {logging_mixin.py:149} INFO - [2025-04-08T09:15:02.698+0000] {dag.py:3490} INFO - Setting next_dagrun for example_external_task_marker_child to None, run_after=None
[2025-04-08T09:15:02.703+0000] {logging_mixin.py:149} INFO - [2025-04-08T09:15:02.703+0000] {dag.py:3490} INFO - Setting next_dagrun for example_external_task_marker_parent to None, run_after=None
[2025-04-08T09:15:02.720+0000] {processor.py:179} INFO - Processing /home/airflow/.local/lib/python3.7/site-packages/airflow/example_dags/example_external_task_marker_dag.py took 0.090 seconds
[2025-04-08T09:15:33.775+0000] {processor.py:157} INFO - Started process (PID=755) to work on /home/airflow/.local/lib/python3.7/site-packages/airflow/example_dags/example_external_task_marker_dag.py
[2025-04-08T09:15:33.777+0000] {processor.py:826} INFO - Processing file /home/airflow/.local/lib/python3.7/site-packages/airflow/example_dags/example_external_task_marker_dag.py for tasks to queue
[2025-04-08T09:15:33.777+0000] {logging_mixin.py:149} INFO - [2025-04-08T09:15:33.777+0000] {dagbag.py:541} INFO - Filling up the DagBag from /home/airflow/.local/lib/python3.7/site-packages/airflow/example_dags/example_external_task_marker_dag.py
[2025-04-08T09:15:33.784+0000] {processor.py:836} INFO - DAG(s) dict_keys(['example_external_task_marker_parent', 'example_external_task_marker_child']) retrieved from /home/airflow/.local/lib/python3.7/site-packages/airflow/example_dags/example_external_task_marker_dag.py
[2025-04-08T09:15:33.814+0000] {logging_mixin.py:149} INFO - [2025-04-08T09:15:33.813+0000] {dag.py:2726} INFO - Sync 2 DAGs
[2025-04-08T09:15:33.839+0000] {logging_mixin.py:149} INFO - [2025-04-08T09:15:33.839+0000] {dag.py:3490} INFO - Setting next_dagrun for example_external_task_marker_child to None, run_after=None
[2025-04-08T09:15:33.843+0000] {logging_mixin.py:149} INFO - [2025-04-08T09:15:33.843+0000] {dag.py:3490} INFO - Setting next_dagrun for example_external_task_marker_parent to None, run_after=None
[2025-04-08T09:15:33.861+0000] {processor.py:179} INFO - Processing /home/airflow/.local/lib/python3.7/site-packages/airflow/example_dags/example_external_task_marker_dag.py took 0.089 seconds
[2025-04-08T09:16:05.001+0000] {processor.py:157} INFO - Started process (PID=846) to work on /home/airflow/.local/lib/python3.7/site-packages/airflow/example_dags/example_external_task_marker_dag.py
[2025-04-08T09:16:05.002+0000] {processor.py:826} INFO - Processing file /home/airflow/.local/lib/python3.7/site-packages/airflow/example_dags/example_external_task_marker_dag.py for tasks to queue
[2025-04-08T09:16:05.003+0000] {logging_mixin.py:149} INFO - [2025-04-08T09:16:05.003+0000] {dagbag.py:541} INFO - Filling up the DagBag from /home/airflow/.local/lib/python3.7/site-packages/airflow/example_dags/example_external_task_marker_dag.py
[2025-04-08T09:16:05.009+0000] {processor.py:836} INFO - DAG(s) dict_keys(['example_external_task_marker_child', 'example_external_task_marker_parent']) retrieved from /home/airflow/.local/lib/python3.7/site-packages/airflow/example_dags/example_external_task_marker_dag.py
[2025-04-08T09:16:05.037+0000] {logging_mixin.py:149} INFO - [2025-04-08T09:16:05.037+0000] {dag.py:2726} INFO - Sync 2 DAGs
[2025-04-08T09:16:05.062+0000] {logging_mixin.py:149} INFO - [2025-04-08T09:16:05.062+0000] {dag.py:3490} INFO - Setting next_dagrun for example_external_task_marker_child to None, run_after=None
[2025-04-08T09:16:05.066+0000] {logging_mixin.py:149} INFO - [2025-04-08T09:16:05.066+0000] {dag.py:3490} INFO - Setting next_dagrun for example_external_task_marker_parent to None, run_after=None
[2025-04-08T09:16:05.087+0000] {processor.py:179} INFO - Processing /home/airflow/.local/lib/python3.7/site-packages/airflow/example_dags/example_external_task_marker_dag.py took 0.089 seconds
[2025-04-08T09:16:35.718+0000] {processor.py:157} INFO - Started process (PID=937) to work on /home/airflow/.local/lib/python3.7/site-packages/airflow/example_dags/example_external_task_marker_dag.py
[2025-04-08T09:16:35.719+0000] {processor.py:826} INFO - Processing file /home/airflow/.local/lib/python3.7/site-packages/airflow/example_dags/example_external_task_marker_dag.py for tasks to queue
[2025-04-08T09:16:35.720+0000] {logging_mixin.py:149} INFO - [2025-04-08T09:16:35.720+0000] {dagbag.py:541} INFO - Filling up the DagBag from /home/airflow/.local/lib/python3.7/site-packages/airflow/example_dags/example_external_task_marker_dag.py
[2025-04-08T09:16:35.727+0000] {processor.py:836} INFO - DAG(s) dict_keys(['example_external_task_marker_child', 'example_external_task_marker_parent']) retrieved from /home/airflow/.local/lib/python3.7/site-packages/airflow/example_dags/example_external_task_marker_dag.py
[2025-04-08T09:16:35.754+0000] {logging_mixin.py:149} INFO - [2025-04-08T09:16:35.754+0000] {dag.py:2726} INFO - Sync 2 DAGs
[2025-04-08T09:16:35.783+0000] {logging_mixin.py:149} INFO - [2025-04-08T09:16:35.783+0000] {dag.py:3490} INFO - Setting next_dagrun for example_external_task_marker_child to None, run_after=None
[2025-04-08T09:16:35.787+0000] {logging_mixin.py:149} INFO - [2025-04-08T09:16:35.786+0000] {dag.py:3490} INFO - Setting next_dagrun for example_external_task_marker_parent to None, run_after=None
[2025-04-08T09:16:35.805+0000] {processor.py:179} INFO - Processing /home/airflow/.local/lib/python3.7/site-packages/airflow/example_dags/example_external_task_marker_dag.py took 0.091 seconds
[2025-04-08T09:17:06.042+0000] {processor.py:157} INFO - Started process (PID=1027) to work on /home/airflow/.local/lib/python3.7/site-packages/airflow/example_dags/example_external_task_marker_dag.py
[2025-04-08T09:17:06.043+0000] {processor.py:826} INFO - Processing file /home/airflow/.local/lib/python3.7/site-packages/airflow/example_dags/example_external_task_marker_dag.py for tasks to queue
[2025-04-08T09:17:06.044+0000] {logging_mixin.py:149} INFO - [2025-04-08T09:17:06.044+0000] {dagbag.py:541} INFO - Filling up the DagBag from /home/airflow/.local/lib/python3.7/site-packages/airflow/example_dags/example_external_task_marker_dag.py
[2025-04-08T09:17:06.049+0000] {processor.py:836} INFO - DAG(s) dict_keys(['example_external_task_marker_child', 'example_external_task_marker_parent']) retrieved from /home/airflow/.local/lib/python3.7/site-packages/airflow/example_dags/example_external_task_marker_dag.py
[2025-04-08T09:17:06.078+0000] {logging_mixin.py:149} INFO - [2025-04-08T09:17:06.078+0000] {dag.py:2726} INFO - Sync 2 DAGs
[2025-04-08T09:17:06.105+0000] {logging_mixin.py:149} INFO - [2025-04-08T09:17:06.105+0000] {dag.py:3490} INFO - Setting next_dagrun for example_external_task_marker_child to None, run_after=None
[2025-04-08T09:17:06.109+0000] {logging_mixin.py:149} INFO - [2025-04-08T09:17:06.109+0000] {dag.py:3490} INFO - Setting next_dagrun for example_external_task_marker_parent to None, run_after=None
[2025-04-08T09:17:06.129+0000] {processor.py:179} INFO - Processing /home/airflow/.local/lib/python3.7/site-packages/airflow/example_dags/example_external_task_marker_dag.py took 0.091 seconds
[2025-04-08T09:17:36.534+0000] {processor.py:157} INFO - Started process (PID=1118) to work on /home/airflow/.local/lib/python3.7/site-packages/airflow/example_dags/example_external_task_marker_dag.py
[2025-04-08T09:17:36.536+0000] {processor.py:826} INFO - Processing file /home/airflow/.local/lib/python3.7/site-packages/airflow/example_dags/example_external_task_marker_dag.py for tasks to queue
[2025-04-08T09:17:36.536+0000] {logging_mixin.py:149} INFO - [2025-04-08T09:17:36.536+0000] {dagbag.py:541} INFO - Filling up the DagBag from /home/airflow/.local/lib/python3.7/site-packages/airflow/example_dags/example_external_task_marker_dag.py
[2025-04-08T09:17:36.542+0000] {processor.py:836} INFO - DAG(s) dict_keys(['example_external_task_marker_child', 'example_external_task_marker_parent']) retrieved from /home/airflow/.local/lib/python3.7/site-packages/airflow/example_dags/example_external_task_marker_dag.py
[2025-04-08T09:17:36.572+0000] {logging_mixin.py:149} INFO - [2025-04-08T09:17:36.572+0000] {dag.py:2726} INFO - Sync 2 DAGs
[2025-04-08T09:17:36.598+0000] {logging_mixin.py:149} INFO - [2025-04-08T09:17:36.598+0000] {dag.py:3490} INFO - Setting next_dagrun for example_external_task_marker_child to None, run_after=None
[2025-04-08T09:17:36.602+0000] {logging_mixin.py:149} INFO - [2025-04-08T09:17:36.601+0000] {dag.py:3490} INFO - Setting next_dagrun for example_external_task_marker_parent to None, run_after=None
[2025-04-08T09:17:36.624+0000] {processor.py:179} INFO - Processing /home/airflow/.local/lib/python3.7/site-packages/airflow/example_dags/example_external_task_marker_dag.py took 0.094 seconds
[2025-04-08T09:18:07.153+0000] {processor.py:157} INFO - Started process (PID=1209) to work on /home/airflow/.local/lib/python3.7/site-packages/airflow/example_dags/example_external_task_marker_dag.py
[2025-04-08T09:18:07.155+0000] {processor.py:826} INFO - Processing file /home/airflow/.local/lib/python3.7/site-packages/airflow/example_dags/example_external_task_marker_dag.py for tasks to queue
[2025-04-08T09:18:07.156+0000] {logging_mixin.py:149} INFO - [2025-04-08T09:18:07.156+0000] {dagbag.py:541} INFO - Filling up the DagBag from /home/airflow/.local/lib/python3.7/site-packages/airflow/example_dags/example_external_task_marker_dag.py
[2025-04-08T09:18:07.163+0000] {processor.py:836} INFO - DAG(s) dict_keys(['example_external_task_marker_child', 'example_external_task_marker_parent']) retrieved from /home/airflow/.local/lib/python3.7/site-packages/airflow/example_dags/example_external_task_marker_dag.py
[2025-04-08T09:18:07.193+0000] {logging_mixin.py:149} INFO - [2025-04-08T09:18:07.193+0000] {dag.py:2726} INFO - Sync 2 DAGs
[2025-04-08T09:18:07.220+0000] {logging_mixin.py:149} INFO - [2025-04-08T09:18:07.220+0000] {dag.py:3490} INFO - Setting next_dagrun for example_external_task_marker_child to None, run_after=None
[2025-04-08T09:18:07.224+0000] {logging_mixin.py:149} INFO - [2025-04-08T09:18:07.224+0000] {dag.py:3490} INFO - Setting next_dagrun for example_external_task_marker_parent to None, run_after=None
[2025-04-08T09:18:07.245+0000] {processor.py:179} INFO - Processing /home/airflow/.local/lib/python3.7/site-packages/airflow/example_dags/example_external_task_marker_dag.py took 0.095 seconds
[2025-04-08T09:18:37.708+0000] {processor.py:157} INFO - Started process (PID=1300) to work on /home/airflow/.local/lib/python3.7/site-packages/airflow/example_dags/example_external_task_marker_dag.py
[2025-04-08T09:18:37.710+0000] {processor.py:826} INFO - Processing file /home/airflow/.local/lib/python3.7/site-packages/airflow/example_dags/example_external_task_marker_dag.py for tasks to queue
[2025-04-08T09:18:37.711+0000] {logging_mixin.py:149} INFO - [2025-04-08T09:18:37.710+0000] {dagbag.py:541} INFO - Filling up the DagBag from /home/airflow/.local/lib/python3.7/site-packages/airflow/example_dags/example_external_task_marker_dag.py
[2025-04-08T09:18:37.716+0000] {processor.py:836} INFO - DAG(s) dict_keys(['example_external_task_marker_child', 'example_external_task_marker_parent']) retrieved from /home/airflow/.local/lib/python3.7/site-packages/airflow/example_dags/example_external_task_marker_dag.py
[2025-04-08T09:18:37.751+0000] {logging_mixin.py:149} INFO - [2025-04-08T09:18:37.751+0000] {dag.py:2726} INFO - Sync 2 DAGs
[2025-04-08T09:18:37.782+0000] {logging_mixin.py:149} INFO - [2025-04-08T09:18:37.782+0000] {dag.py:3490} INFO - Setting next_dagrun for example_external_task_marker_child to None, run_after=None
[2025-04-08T09:18:37.786+0000] {logging_mixin.py:149} INFO - [2025-04-08T09:18:37.786+0000] {dag.py:3490} INFO - Setting next_dagrun for example_external_task_marker_parent to None, run_after=None
[2025-04-08T09:18:37.808+0000] {processor.py:179} INFO - Processing /home/airflow/.local/lib/python3.7/site-packages/airflow/example_dags/example_external_task_marker_dag.py took 0.102 seconds
