[2025-04-08T09:11:56.218+0000] {processor.py:157} INFO - Started process (PID=76) to work on /home/airflow/.local/lib/python3.7/site-packages/airflow/example_dags/example_xcomargs.py
[2025-04-08T09:11:56.220+0000] {processor.py:826} INFO - Processing file /home/airflow/.local/lib/python3.7/site-packages/airflow/example_dags/example_xcomargs.py for tasks to queue
[2025-04-08T09:11:56.222+0000] {logging_mixin.py:149} INFO - [2025-04-08T09:11:56.221+0000] {dagbag.py:541} INFO - Filling up the DagBag from /home/airflow/.local/lib/python3.7/site-packages/airflow/example_dags/example_xcomargs.py
[2025-04-08T09:11:56.240+0000] {processor.py:836} INFO - DAG(s) dict_keys(['example_xcom_args_with_operators', 'example_xcom_args']) retrieved from /home/airflow/.local/lib/python3.7/site-packages/airflow/example_dags/example_xcomargs.py
[2025-04-08T09:11:56.279+0000] {logging_mixin.py:149} INFO - [2025-04-08T09:11:56.279+0000] {dag.py:2726} INFO - Sync 2 DAGs
[2025-04-08T09:11:56.320+0000] {logging_mixin.py:149} INFO - [2025-04-08T09:11:56.320+0000] {dag.py:3490} INFO - Setting next_dagrun for example_xcom_args to None, run_after=None
[2025-04-08T09:11:56.325+0000] {logging_mixin.py:149} INFO - [2025-04-08T09:11:56.325+0000] {dag.py:3490} INFO - Setting next_dagrun for example_xcom_args_with_operators to None, run_after=None
[2025-04-08T09:11:56.348+0000] {processor.py:179} INFO - Processing /home/airflow/.local/lib/python3.7/site-packages/airflow/example_dags/example_xcomargs.py took 0.142 seconds
[2025-04-08T09:12:27.176+0000] {processor.py:157} INFO - Started process (PID=210) to work on /home/airflow/.local/lib/python3.7/site-packages/airflow/example_dags/example_xcomargs.py
[2025-04-08T09:12:27.177+0000] {processor.py:826} INFO - Processing file /home/airflow/.local/lib/python3.7/site-packages/airflow/example_dags/example_xcomargs.py for tasks to queue
[2025-04-08T09:12:27.178+0000] {logging_mixin.py:149} INFO - [2025-04-08T09:12:27.177+0000] {dagbag.py:541} INFO - Filling up the DagBag from /home/airflow/.local/lib/python3.7/site-packages/airflow/example_dags/example_xcomargs.py
[2025-04-08T09:12:27.186+0000] {processor.py:836} INFO - DAG(s) dict_keys(['example_xcom_args', 'example_xcom_args_with_operators']) retrieved from /home/airflow/.local/lib/python3.7/site-packages/airflow/example_dags/example_xcomargs.py
[2025-04-08T09:12:27.218+0000] {logging_mixin.py:149} INFO - [2025-04-08T09:12:27.218+0000] {dag.py:2726} INFO - Sync 2 DAGs
[2025-04-08T09:12:27.245+0000] {logging_mixin.py:149} INFO - [2025-04-08T09:12:27.245+0000] {dag.py:3490} INFO - Setting next_dagrun for example_xcom_args to None, run_after=None
[2025-04-08T09:12:27.248+0000] {logging_mixin.py:149} INFO - [2025-04-08T09:12:27.248+0000] {dag.py:3490} INFO - Setting next_dagrun for example_xcom_args_with_operators to None, run_after=None
[2025-04-08T09:12:27.268+0000] {processor.py:179} INFO - Processing /home/airflow/.local/lib/python3.7/site-packages/airflow/example_dags/example_xcomargs.py took 0.095 seconds
[2025-04-08T09:12:58.508+0000] {processor.py:157} INFO - Started process (PID=301) to work on /home/airflow/.local/lib/python3.7/site-packages/airflow/example_dags/example_xcomargs.py
[2025-04-08T09:12:58.509+0000] {processor.py:826} INFO - Processing file /home/airflow/.local/lib/python3.7/site-packages/airflow/example_dags/example_xcomargs.py for tasks to queue
[2025-04-08T09:12:58.510+0000] {logging_mixin.py:149} INFO - [2025-04-08T09:12:58.510+0000] {dagbag.py:541} INFO - Filling up the DagBag from /home/airflow/.local/lib/python3.7/site-packages/airflow/example_dags/example_xcomargs.py
[2025-04-08T09:12:58.518+0000] {processor.py:836} INFO - DAG(s) dict_keys(['example_xcom_args', 'example_xcom_args_with_operators']) retrieved from /home/airflow/.local/lib/python3.7/site-packages/airflow/example_dags/example_xcomargs.py
[2025-04-08T09:12:58.551+0000] {logging_mixin.py:149} INFO - [2025-04-08T09:12:58.550+0000] {dag.py:2726} INFO - Sync 2 DAGs
[2025-04-08T09:12:58.716+0000] {logging_mixin.py:149} INFO - [2025-04-08T09:12:58.715+0000] {dag.py:3490} INFO - Setting next_dagrun for example_xcom_args to None, run_after=None
[2025-04-08T09:12:58.721+0000] {logging_mixin.py:149} INFO - [2025-04-08T09:12:58.721+0000] {dag.py:3490} INFO - Setting next_dagrun for example_xcom_args_with_operators to None, run_after=None
[2025-04-08T09:12:58.757+0000] {processor.py:179} INFO - Processing /home/airflow/.local/lib/python3.7/site-packages/airflow/example_dags/example_xcomargs.py took 0.253 seconds
[2025-04-08T09:13:29.457+0000] {processor.py:157} INFO - Started process (PID=392) to work on /home/airflow/.local/lib/python3.7/site-packages/airflow/example_dags/example_xcomargs.py
[2025-04-08T09:13:29.458+0000] {processor.py:826} INFO - Processing file /home/airflow/.local/lib/python3.7/site-packages/airflow/example_dags/example_xcomargs.py for tasks to queue
[2025-04-08T09:13:29.459+0000] {logging_mixin.py:149} INFO - [2025-04-08T09:13:29.459+0000] {dagbag.py:541} INFO - Filling up the DagBag from /home/airflow/.local/lib/python3.7/site-packages/airflow/example_dags/example_xcomargs.py
[2025-04-08T09:13:29.468+0000] {processor.py:836} INFO - DAG(s) dict_keys(['example_xcom_args_with_operators', 'example_xcom_args']) retrieved from /home/airflow/.local/lib/python3.7/site-packages/airflow/example_dags/example_xcomargs.py
[2025-04-08T09:13:29.500+0000] {logging_mixin.py:149} INFO - [2025-04-08T09:13:29.499+0000] {dag.py:2726} INFO - Sync 2 DAGs
[2025-04-08T09:13:29.529+0000] {logging_mixin.py:149} INFO - [2025-04-08T09:13:29.529+0000] {dag.py:3490} INFO - Setting next_dagrun for example_xcom_args to None, run_after=None
[2025-04-08T09:13:29.533+0000] {logging_mixin.py:149} INFO - [2025-04-08T09:13:29.533+0000] {dag.py:3490} INFO - Setting next_dagrun for example_xcom_args_with_operators to None, run_after=None
[2025-04-08T09:13:29.556+0000] {processor.py:179} INFO - Processing /home/airflow/.local/lib/python3.7/site-packages/airflow/example_dags/example_xcomargs.py took 0.103 seconds
[2025-04-08T09:14:00.044+0000] {processor.py:157} INFO - Started process (PID=483) to work on /home/airflow/.local/lib/python3.7/site-packages/airflow/example_dags/example_xcomargs.py
[2025-04-08T09:14:00.046+0000] {processor.py:826} INFO - Processing file /home/airflow/.local/lib/python3.7/site-packages/airflow/example_dags/example_xcomargs.py for tasks to queue
[2025-04-08T09:14:00.047+0000] {logging_mixin.py:149} INFO - [2025-04-08T09:14:00.047+0000] {dagbag.py:541} INFO - Filling up the DagBag from /home/airflow/.local/lib/python3.7/site-packages/airflow/example_dags/example_xcomargs.py
[2025-04-08T09:14:00.056+0000] {processor.py:836} INFO - DAG(s) dict_keys(['example_xcom_args_with_operators', 'example_xcom_args']) retrieved from /home/airflow/.local/lib/python3.7/site-packages/airflow/example_dags/example_xcomargs.py
[2025-04-08T09:14:00.085+0000] {logging_mixin.py:149} INFO - [2025-04-08T09:14:00.085+0000] {dag.py:2726} INFO - Sync 2 DAGs
[2025-04-08T09:14:00.110+0000] {logging_mixin.py:149} INFO - [2025-04-08T09:14:00.109+0000] {dag.py:3490} INFO - Setting next_dagrun for example_xcom_args to None, run_after=None
[2025-04-08T09:14:00.113+0000] {logging_mixin.py:149} INFO - [2025-04-08T09:14:00.113+0000] {dag.py:3490} INFO - Setting next_dagrun for example_xcom_args_with_operators to None, run_after=None
[2025-04-08T09:14:00.133+0000] {processor.py:179} INFO - Processing /home/airflow/.local/lib/python3.7/site-packages/airflow/example_dags/example_xcomargs.py took 0.093 seconds
[2025-04-08T09:14:31.283+0000] {processor.py:157} INFO - Started process (PID=574) to work on /home/airflow/.local/lib/python3.7/site-packages/airflow/example_dags/example_xcomargs.py
[2025-04-08T09:14:31.284+0000] {processor.py:826} INFO - Processing file /home/airflow/.local/lib/python3.7/site-packages/airflow/example_dags/example_xcomargs.py for tasks to queue
[2025-04-08T09:14:31.284+0000] {logging_mixin.py:149} INFO - [2025-04-08T09:14:31.284+0000] {dagbag.py:541} INFO - Filling up the DagBag from /home/airflow/.local/lib/python3.7/site-packages/airflow/example_dags/example_xcomargs.py
[2025-04-08T09:14:31.292+0000] {processor.py:836} INFO - DAG(s) dict_keys(['example_xcom_args', 'example_xcom_args_with_operators']) retrieved from /home/airflow/.local/lib/python3.7/site-packages/airflow/example_dags/example_xcomargs.py
[2025-04-08T09:14:31.320+0000] {logging_mixin.py:149} INFO - [2025-04-08T09:14:31.320+0000] {dag.py:2726} INFO - Sync 2 DAGs
[2025-04-08T09:14:31.348+0000] {logging_mixin.py:149} INFO - [2025-04-08T09:14:31.347+0000] {dag.py:3490} INFO - Setting next_dagrun for example_xcom_args to None, run_after=None
[2025-04-08T09:14:31.353+0000] {logging_mixin.py:149} INFO - [2025-04-08T09:14:31.352+0000] {dag.py:3490} INFO - Setting next_dagrun for example_xcom_args_with_operators to None, run_after=None
[2025-04-08T09:14:31.374+0000] {processor.py:179} INFO - Processing /home/airflow/.local/lib/python3.7/site-packages/airflow/example_dags/example_xcomargs.py took 0.094 seconds
[2025-04-08T09:15:02.682+0000] {processor.py:157} INFO - Started process (PID=665) to work on /home/airflow/.local/lib/python3.7/site-packages/airflow/example_dags/example_xcomargs.py
[2025-04-08T09:15:02.683+0000] {processor.py:826} INFO - Processing file /home/airflow/.local/lib/python3.7/site-packages/airflow/example_dags/example_xcomargs.py for tasks to queue
[2025-04-08T09:15:02.684+0000] {logging_mixin.py:149} INFO - [2025-04-08T09:15:02.684+0000] {dagbag.py:541} INFO - Filling up the DagBag from /home/airflow/.local/lib/python3.7/site-packages/airflow/example_dags/example_xcomargs.py
[2025-04-08T09:15:02.692+0000] {processor.py:836} INFO - DAG(s) dict_keys(['example_xcom_args', 'example_xcom_args_with_operators']) retrieved from /home/airflow/.local/lib/python3.7/site-packages/airflow/example_dags/example_xcomargs.py
[2025-04-08T09:15:02.721+0000] {logging_mixin.py:149} INFO - [2025-04-08T09:15:02.720+0000] {dag.py:2726} INFO - Sync 2 DAGs
[2025-04-08T09:15:02.745+0000] {logging_mixin.py:149} INFO - [2025-04-08T09:15:02.745+0000] {dag.py:3490} INFO - Setting next_dagrun for example_xcom_args to None, run_after=None
[2025-04-08T09:15:02.751+0000] {logging_mixin.py:149} INFO - [2025-04-08T09:15:02.751+0000] {dag.py:3490} INFO - Setting next_dagrun for example_xcom_args_with_operators to None, run_after=None
[2025-04-08T09:15:02.770+0000] {processor.py:179} INFO - Processing /home/airflow/.local/lib/python3.7/site-packages/airflow/example_dags/example_xcomargs.py took 0.092 seconds
[2025-04-08T09:15:33.827+0000] {processor.py:157} INFO - Started process (PID=756) to work on /home/airflow/.local/lib/python3.7/site-packages/airflow/example_dags/example_xcomargs.py
[2025-04-08T09:15:33.828+0000] {processor.py:826} INFO - Processing file /home/airflow/.local/lib/python3.7/site-packages/airflow/example_dags/example_xcomargs.py for tasks to queue
[2025-04-08T09:15:33.829+0000] {logging_mixin.py:149} INFO - [2025-04-08T09:15:33.829+0000] {dagbag.py:541} INFO - Filling up the DagBag from /home/airflow/.local/lib/python3.7/site-packages/airflow/example_dags/example_xcomargs.py
[2025-04-08T09:15:33.837+0000] {processor.py:836} INFO - DAG(s) dict_keys(['example_xcom_args_with_operators', 'example_xcom_args']) retrieved from /home/airflow/.local/lib/python3.7/site-packages/airflow/example_dags/example_xcomargs.py
[2025-04-08T09:15:33.866+0000] {logging_mixin.py:149} INFO - [2025-04-08T09:15:33.865+0000] {dag.py:2726} INFO - Sync 2 DAGs
[2025-04-08T09:15:33.893+0000] {logging_mixin.py:149} INFO - [2025-04-08T09:15:33.892+0000] {dag.py:3490} INFO - Setting next_dagrun for example_xcom_args to None, run_after=None
[2025-04-08T09:15:33.897+0000] {logging_mixin.py:149} INFO - [2025-04-08T09:15:33.896+0000] {dag.py:3490} INFO - Setting next_dagrun for example_xcom_args_with_operators to None, run_after=None
[2025-04-08T09:15:33.918+0000] {processor.py:179} INFO - Processing /home/airflow/.local/lib/python3.7/site-packages/airflow/example_dags/example_xcomargs.py took 0.094 seconds
[2025-04-08T09:16:05.106+0000] {processor.py:157} INFO - Started process (PID=847) to work on /home/airflow/.local/lib/python3.7/site-packages/airflow/example_dags/example_xcomargs.py
[2025-04-08T09:16:05.107+0000] {processor.py:826} INFO - Processing file /home/airflow/.local/lib/python3.7/site-packages/airflow/example_dags/example_xcomargs.py for tasks to queue
[2025-04-08T09:16:05.108+0000] {logging_mixin.py:149} INFO - [2025-04-08T09:16:05.108+0000] {dagbag.py:541} INFO - Filling up the DagBag from /home/airflow/.local/lib/python3.7/site-packages/airflow/example_dags/example_xcomargs.py
[2025-04-08T09:16:05.117+0000] {processor.py:836} INFO - DAG(s) dict_keys(['example_xcom_args', 'example_xcom_args_with_operators']) retrieved from /home/airflow/.local/lib/python3.7/site-packages/airflow/example_dags/example_xcomargs.py
[2025-04-08T09:16:05.149+0000] {logging_mixin.py:149} INFO - [2025-04-08T09:16:05.149+0000] {dag.py:2726} INFO - Sync 2 DAGs
[2025-04-08T09:16:05.174+0000] {logging_mixin.py:149} INFO - [2025-04-08T09:16:05.173+0000] {dag.py:3490} INFO - Setting next_dagrun for example_xcom_args to None, run_after=None
[2025-04-08T09:16:05.178+0000] {logging_mixin.py:149} INFO - [2025-04-08T09:16:05.178+0000] {dag.py:3490} INFO - Setting next_dagrun for example_xcom_args_with_operators to None, run_after=None
[2025-04-08T09:16:05.198+0000] {processor.py:179} INFO - Processing /home/airflow/.local/lib/python3.7/site-packages/airflow/example_dags/example_xcomargs.py took 0.094 seconds
[2025-04-08T09:16:35.739+0000] {processor.py:157} INFO - Started process (PID=938) to work on /home/airflow/.local/lib/python3.7/site-packages/airflow/example_dags/example_xcomargs.py
[2025-04-08T09:16:35.740+0000] {processor.py:826} INFO - Processing file /home/airflow/.local/lib/python3.7/site-packages/airflow/example_dags/example_xcomargs.py for tasks to queue
[2025-04-08T09:16:35.741+0000] {logging_mixin.py:149} INFO - [2025-04-08T09:16:35.741+0000] {dagbag.py:541} INFO - Filling up the DagBag from /home/airflow/.local/lib/python3.7/site-packages/airflow/example_dags/example_xcomargs.py
[2025-04-08T09:16:35.748+0000] {processor.py:836} INFO - DAG(s) dict_keys(['example_xcom_args', 'example_xcom_args_with_operators']) retrieved from /home/airflow/.local/lib/python3.7/site-packages/airflow/example_dags/example_xcomargs.py
[2025-04-08T09:16:35.779+0000] {logging_mixin.py:149} INFO - [2025-04-08T09:16:35.779+0000] {dag.py:2726} INFO - Sync 2 DAGs
[2025-04-08T09:16:35.804+0000] {logging_mixin.py:149} INFO - [2025-04-08T09:16:35.804+0000] {dag.py:3490} INFO - Setting next_dagrun for example_xcom_args to None, run_after=None
[2025-04-08T09:16:35.808+0000] {logging_mixin.py:149} INFO - [2025-04-08T09:16:35.808+0000] {dag.py:3490} INFO - Setting next_dagrun for example_xcom_args_with_operators to None, run_after=None
[2025-04-08T09:16:35.828+0000] {processor.py:179} INFO - Processing /home/airflow/.local/lib/python3.7/site-packages/airflow/example_dags/example_xcomargs.py took 0.093 seconds
[2025-04-08T09:17:06.149+0000] {processor.py:157} INFO - Started process (PID=1029) to work on /home/airflow/.local/lib/python3.7/site-packages/airflow/example_dags/example_xcomargs.py
[2025-04-08T09:17:06.150+0000] {processor.py:826} INFO - Processing file /home/airflow/.local/lib/python3.7/site-packages/airflow/example_dags/example_xcomargs.py for tasks to queue
[2025-04-08T09:17:06.150+0000] {logging_mixin.py:149} INFO - [2025-04-08T09:17:06.150+0000] {dagbag.py:541} INFO - Filling up the DagBag from /home/airflow/.local/lib/python3.7/site-packages/airflow/example_dags/example_xcomargs.py
[2025-04-08T09:17:06.158+0000] {processor.py:836} INFO - DAG(s) dict_keys(['example_xcom_args', 'example_xcom_args_with_operators']) retrieved from /home/airflow/.local/lib/python3.7/site-packages/airflow/example_dags/example_xcomargs.py
[2025-04-08T09:17:06.186+0000] {logging_mixin.py:149} INFO - [2025-04-08T09:17:06.186+0000] {dag.py:2726} INFO - Sync 2 DAGs
[2025-04-08T09:17:06.212+0000] {logging_mixin.py:149} INFO - [2025-04-08T09:17:06.212+0000] {dag.py:3490} INFO - Setting next_dagrun for example_xcom_args to None, run_after=None
[2025-04-08T09:17:06.216+0000] {logging_mixin.py:149} INFO - [2025-04-08T09:17:06.215+0000] {dag.py:3490} INFO - Setting next_dagrun for example_xcom_args_with_operators to None, run_after=None
[2025-04-08T09:17:06.234+0000] {processor.py:179} INFO - Processing /home/airflow/.local/lib/python3.7/site-packages/airflow/example_dags/example_xcomargs.py took 0.088 seconds
[2025-04-08T09:17:36.646+0000] {processor.py:157} INFO - Started process (PID=1120) to work on /home/airflow/.local/lib/python3.7/site-packages/airflow/example_dags/example_xcomargs.py
[2025-04-08T09:17:36.647+0000] {processor.py:826} INFO - Processing file /home/airflow/.local/lib/python3.7/site-packages/airflow/example_dags/example_xcomargs.py for tasks to queue
[2025-04-08T09:17:36.648+0000] {logging_mixin.py:149} INFO - [2025-04-08T09:17:36.647+0000] {dagbag.py:541} INFO - Filling up the DagBag from /home/airflow/.local/lib/python3.7/site-packages/airflow/example_dags/example_xcomargs.py
[2025-04-08T09:17:36.655+0000] {processor.py:836} INFO - DAG(s) dict_keys(['example_xcom_args_with_operators', 'example_xcom_args']) retrieved from /home/airflow/.local/lib/python3.7/site-packages/airflow/example_dags/example_xcomargs.py
[2025-04-08T09:17:36.688+0000] {logging_mixin.py:149} INFO - [2025-04-08T09:17:36.688+0000] {dag.py:2726} INFO - Sync 2 DAGs
[2025-04-08T09:17:36.717+0000] {logging_mixin.py:149} INFO - [2025-04-08T09:17:36.717+0000] {dag.py:3490} INFO - Setting next_dagrun for example_xcom_args to None, run_after=None
[2025-04-08T09:17:36.722+0000] {logging_mixin.py:149} INFO - [2025-04-08T09:17:36.722+0000] {dag.py:3490} INFO - Setting next_dagrun for example_xcom_args_with_operators to None, run_after=None
[2025-04-08T09:17:36.745+0000] {processor.py:179} INFO - Processing /home/airflow/.local/lib/python3.7/site-packages/airflow/example_dags/example_xcomargs.py took 0.103 seconds
[2025-04-08T09:18:07.265+0000] {processor.py:157} INFO - Started process (PID=1211) to work on /home/airflow/.local/lib/python3.7/site-packages/airflow/example_dags/example_xcomargs.py
[2025-04-08T09:18:07.266+0000] {processor.py:826} INFO - Processing file /home/airflow/.local/lib/python3.7/site-packages/airflow/example_dags/example_xcomargs.py for tasks to queue
[2025-04-08T09:18:07.266+0000] {logging_mixin.py:149} INFO - [2025-04-08T09:18:07.266+0000] {dagbag.py:541} INFO - Filling up the DagBag from /home/airflow/.local/lib/python3.7/site-packages/airflow/example_dags/example_xcomargs.py
[2025-04-08T09:18:07.274+0000] {processor.py:836} INFO - DAG(s) dict_keys(['example_xcom_args', 'example_xcom_args_with_operators']) retrieved from /home/airflow/.local/lib/python3.7/site-packages/airflow/example_dags/example_xcomargs.py
[2025-04-08T09:18:07.306+0000] {logging_mixin.py:149} INFO - [2025-04-08T09:18:07.305+0000] {dag.py:2726} INFO - Sync 2 DAGs
[2025-04-08T09:18:07.332+0000] {logging_mixin.py:149} INFO - [2025-04-08T09:18:07.332+0000] {dag.py:3490} INFO - Setting next_dagrun for example_xcom_args to None, run_after=None
[2025-04-08T09:18:07.337+0000] {logging_mixin.py:149} INFO - [2025-04-08T09:18:07.337+0000] {dag.py:3490} INFO - Setting next_dagrun for example_xcom_args_with_operators to None, run_after=None
[2025-04-08T09:18:07.356+0000] {processor.py:179} INFO - Processing /home/airflow/.local/lib/python3.7/site-packages/airflow/example_dags/example_xcomargs.py took 0.094 seconds
[2025-04-08T09:18:37.828+0000] {processor.py:157} INFO - Started process (PID=1302) to work on /home/airflow/.local/lib/python3.7/site-packages/airflow/example_dags/example_xcomargs.py
[2025-04-08T09:18:37.829+0000] {processor.py:826} INFO - Processing file /home/airflow/.local/lib/python3.7/site-packages/airflow/example_dags/example_xcomargs.py for tasks to queue
[2025-04-08T09:18:37.830+0000] {logging_mixin.py:149} INFO - [2025-04-08T09:18:37.830+0000] {dagbag.py:541} INFO - Filling up the DagBag from /home/airflow/.local/lib/python3.7/site-packages/airflow/example_dags/example_xcomargs.py
[2025-04-08T09:18:37.838+0000] {processor.py:836} INFO - DAG(s) dict_keys(['example_xcom_args', 'example_xcom_args_with_operators']) retrieved from /home/airflow/.local/lib/python3.7/site-packages/airflow/example_dags/example_xcomargs.py
[2025-04-08T09:18:37.868+0000] {logging_mixin.py:149} INFO - [2025-04-08T09:18:37.868+0000] {dag.py:2726} INFO - Sync 2 DAGs
[2025-04-08T09:18:37.896+0000] {logging_mixin.py:149} INFO - [2025-04-08T09:18:37.896+0000] {dag.py:3490} INFO - Setting next_dagrun for example_xcom_args to None, run_after=None
[2025-04-08T09:18:37.900+0000] {logging_mixin.py:149} INFO - [2025-04-08T09:18:37.900+0000] {dag.py:3490} INFO - Setting next_dagrun for example_xcom_args_with_operators to None, run_after=None
[2025-04-08T09:18:37.922+0000] {processor.py:179} INFO - Processing /home/airflow/.local/lib/python3.7/site-packages/airflow/example_dags/example_xcomargs.py took 0.097 seconds
