[2025-04-08T09:12:00.030+0000] {processor.py:157} INFO - Started process (PID=117) to work on /home/airflow/.local/lib/python3.7/site-packages/airflow/example_dags/example_task_group.py
[2025-04-08T09:12:00.031+0000] {processor.py:826} INFO - Processing file /home/airflow/.local/lib/python3.7/site-packages/airflow/example_dags/example_task_group.py for tasks to queue
[2025-04-08T09:12:00.032+0000] {logging_mixin.py:149} INFO - [2025-04-08T09:12:00.032+0000] {dagbag.py:541} INFO - Filling up the DagBag from /home/airflow/.local/lib/python3.7/site-packages/airflow/example_dags/example_task_group.py
[2025-04-08T09:12:00.041+0000] {processor.py:836} INFO - DAG(s) dict_keys(['example_task_group']) retrieved from /home/airflow/.local/lib/python3.7/site-packages/airflow/example_dags/example_task_group.py
[2025-04-08T09:12:00.066+0000] {logging_mixin.py:149} INFO - [2025-04-08T09:12:00.066+0000] {dag.py:2726} INFO - Sync 1 DAGs
[2025-04-08T09:12:00.097+0000] {logging_mixin.py:149} INFO - [2025-04-08T09:12:00.096+0000] {dag.py:3490} INFO - Setting next_dagrun for example_task_group to 2025-04-07T09:12:00.096229+00:00, run_after=2025-04-08T09:12:00.096229+00:00
[2025-04-08T09:12:00.121+0000] {processor.py:179} INFO - Processing /home/airflow/.local/lib/python3.7/site-packages/airflow/example_dags/example_task_group.py took 0.094 seconds
[2025-04-08T09:12:31.160+0000] {processor.py:157} INFO - Started process (PID=244) to work on /home/airflow/.local/lib/python3.7/site-packages/airflow/example_dags/example_task_group.py
[2025-04-08T09:12:31.161+0000] {processor.py:826} INFO - Processing file /home/airflow/.local/lib/python3.7/site-packages/airflow/example_dags/example_task_group.py for tasks to queue
[2025-04-08T09:12:31.162+0000] {logging_mixin.py:149} INFO - [2025-04-08T09:12:31.162+0000] {dagbag.py:541} INFO - Filling up the DagBag from /home/airflow/.local/lib/python3.7/site-packages/airflow/example_dags/example_task_group.py
[2025-04-08T09:12:31.170+0000] {processor.py:836} INFO - DAG(s) dict_keys(['example_task_group']) retrieved from /home/airflow/.local/lib/python3.7/site-packages/airflow/example_dags/example_task_group.py
[2025-04-08T09:12:31.197+0000] {logging_mixin.py:149} INFO - [2025-04-08T09:12:31.196+0000] {dag.py:2726} INFO - Sync 1 DAGs
[2025-04-08T09:12:31.226+0000] {logging_mixin.py:149} INFO - [2025-04-08T09:12:31.225+0000] {dag.py:3490} INFO - Setting next_dagrun for example_task_group to 2025-04-07T09:12:31.225680+00:00, run_after=2025-04-08T09:12:31.225680+00:00
[2025-04-08T09:12:31.384+0000] {processor.py:179} INFO - Processing /home/airflow/.local/lib/python3.7/site-packages/airflow/example_dags/example_task_group.py took 0.228 seconds
[2025-04-08T09:13:02.800+0000] {processor.py:157} INFO - Started process (PID=335) to work on /home/airflow/.local/lib/python3.7/site-packages/airflow/example_dags/example_task_group.py
[2025-04-08T09:13:02.802+0000] {processor.py:826} INFO - Processing file /home/airflow/.local/lib/python3.7/site-packages/airflow/example_dags/example_task_group.py for tasks to queue
[2025-04-08T09:13:02.802+0000] {logging_mixin.py:149} INFO - [2025-04-08T09:13:02.802+0000] {dagbag.py:541} INFO - Filling up the DagBag from /home/airflow/.local/lib/python3.7/site-packages/airflow/example_dags/example_task_group.py
[2025-04-08T09:13:02.811+0000] {processor.py:836} INFO - DAG(s) dict_keys(['example_task_group']) retrieved from /home/airflow/.local/lib/python3.7/site-packages/airflow/example_dags/example_task_group.py
[2025-04-08T09:13:02.956+0000] {logging_mixin.py:149} INFO - [2025-04-08T09:13:02.956+0000] {dag.py:2726} INFO - Sync 1 DAGs
[2025-04-08T09:13:02.979+0000] {logging_mixin.py:149} INFO - [2025-04-08T09:13:02.979+0000] {dag.py:3490} INFO - Setting next_dagrun for example_task_group to 2025-04-07T09:13:02.979476+00:00, run_after=2025-04-08T09:13:02.979476+00:00
[2025-04-08T09:13:02.997+0000] {processor.py:179} INFO - Processing /home/airflow/.local/lib/python3.7/site-packages/airflow/example_dags/example_task_group.py took 0.200 seconds
[2025-04-08T09:13:33.964+0000] {processor.py:157} INFO - Started process (PID=426) to work on /home/airflow/.local/lib/python3.7/site-packages/airflow/example_dags/example_task_group.py
[2025-04-08T09:13:33.965+0000] {processor.py:826} INFO - Processing file /home/airflow/.local/lib/python3.7/site-packages/airflow/example_dags/example_task_group.py for tasks to queue
[2025-04-08T09:13:33.965+0000] {logging_mixin.py:149} INFO - [2025-04-08T09:13:33.965+0000] {dagbag.py:541} INFO - Filling up the DagBag from /home/airflow/.local/lib/python3.7/site-packages/airflow/example_dags/example_task_group.py
[2025-04-08T09:13:33.973+0000] {processor.py:836} INFO - DAG(s) dict_keys(['example_task_group']) retrieved from /home/airflow/.local/lib/python3.7/site-packages/airflow/example_dags/example_task_group.py
[2025-04-08T09:13:33.999+0000] {logging_mixin.py:149} INFO - [2025-04-08T09:13:33.999+0000] {dag.py:2726} INFO - Sync 1 DAGs
[2025-04-08T09:13:34.024+0000] {logging_mixin.py:149} INFO - [2025-04-08T09:13:34.024+0000] {dag.py:3490} INFO - Setting next_dagrun for example_task_group to 2025-04-07T09:13:34.023745+00:00, run_after=2025-04-08T09:13:34.023745+00:00
[2025-04-08T09:13:34.044+0000] {processor.py:179} INFO - Processing /home/airflow/.local/lib/python3.7/site-packages/airflow/example_dags/example_task_group.py took 0.083 seconds
[2025-04-08T09:14:04.236+0000] {processor.py:157} INFO - Started process (PID=517) to work on /home/airflow/.local/lib/python3.7/site-packages/airflow/example_dags/example_task_group.py
[2025-04-08T09:14:04.238+0000] {processor.py:826} INFO - Processing file /home/airflow/.local/lib/python3.7/site-packages/airflow/example_dags/example_task_group.py for tasks to queue
[2025-04-08T09:14:04.238+0000] {logging_mixin.py:149} INFO - [2025-04-08T09:14:04.238+0000] {dagbag.py:541} INFO - Filling up the DagBag from /home/airflow/.local/lib/python3.7/site-packages/airflow/example_dags/example_task_group.py
[2025-04-08T09:14:04.246+0000] {processor.py:836} INFO - DAG(s) dict_keys(['example_task_group']) retrieved from /home/airflow/.local/lib/python3.7/site-packages/airflow/example_dags/example_task_group.py
[2025-04-08T09:14:04.271+0000] {logging_mixin.py:149} INFO - [2025-04-08T09:14:04.271+0000] {dag.py:2726} INFO - Sync 1 DAGs
[2025-04-08T09:14:04.298+0000] {logging_mixin.py:149} INFO - [2025-04-08T09:14:04.298+0000] {dag.py:3490} INFO - Setting next_dagrun for example_task_group to 2025-04-07T09:14:04.298353+00:00, run_after=2025-04-08T09:14:04.298353+00:00
[2025-04-08T09:14:04.319+0000] {processor.py:179} INFO - Processing /home/airflow/.local/lib/python3.7/site-packages/airflow/example_dags/example_task_group.py took 0.086 seconds
[2025-04-08T09:14:34.568+0000] {processor.py:157} INFO - Started process (PID=608) to work on /home/airflow/.local/lib/python3.7/site-packages/airflow/example_dags/example_task_group.py
[2025-04-08T09:14:34.568+0000] {processor.py:826} INFO - Processing file /home/airflow/.local/lib/python3.7/site-packages/airflow/example_dags/example_task_group.py for tasks to queue
[2025-04-08T09:14:34.569+0000] {logging_mixin.py:149} INFO - [2025-04-08T09:14:34.569+0000] {dagbag.py:541} INFO - Filling up the DagBag from /home/airflow/.local/lib/python3.7/site-packages/airflow/example_dags/example_task_group.py
[2025-04-08T09:14:34.578+0000] {processor.py:836} INFO - DAG(s) dict_keys(['example_task_group']) retrieved from /home/airflow/.local/lib/python3.7/site-packages/airflow/example_dags/example_task_group.py
[2025-04-08T09:14:34.605+0000] {logging_mixin.py:149} INFO - [2025-04-08T09:14:34.605+0000] {dag.py:2726} INFO - Sync 1 DAGs
[2025-04-08T09:14:34.633+0000] {logging_mixin.py:149} INFO - [2025-04-08T09:14:34.633+0000] {dag.py:3490} INFO - Setting next_dagrun for example_task_group to 2025-04-07T09:14:34.632879+00:00, run_after=2025-04-08T09:14:34.632879+00:00
[2025-04-08T09:14:34.656+0000] {processor.py:179} INFO - Processing /home/airflow/.local/lib/python3.7/site-packages/airflow/example_dags/example_task_group.py took 0.092 seconds
[2025-04-08T09:15:04.720+0000] {processor.py:157} INFO - Started process (PID=699) to work on /home/airflow/.local/lib/python3.7/site-packages/airflow/example_dags/example_task_group.py
[2025-04-08T09:15:04.721+0000] {processor.py:826} INFO - Processing file /home/airflow/.local/lib/python3.7/site-packages/airflow/example_dags/example_task_group.py for tasks to queue
[2025-04-08T09:15:04.722+0000] {logging_mixin.py:149} INFO - [2025-04-08T09:15:04.722+0000] {dagbag.py:541} INFO - Filling up the DagBag from /home/airflow/.local/lib/python3.7/site-packages/airflow/example_dags/example_task_group.py
[2025-04-08T09:15:04.730+0000] {processor.py:836} INFO - DAG(s) dict_keys(['example_task_group']) retrieved from /home/airflow/.local/lib/python3.7/site-packages/airflow/example_dags/example_task_group.py
[2025-04-08T09:15:04.757+0000] {logging_mixin.py:149} INFO - [2025-04-08T09:15:04.757+0000] {dag.py:2726} INFO - Sync 1 DAGs
[2025-04-08T09:15:04.782+0000] {logging_mixin.py:149} INFO - [2025-04-08T09:15:04.782+0000] {dag.py:3490} INFO - Setting next_dagrun for example_task_group to 2025-04-07T09:15:04.782380+00:00, run_after=2025-04-08T09:15:04.782380+00:00
[2025-04-08T09:15:04.803+0000] {processor.py:179} INFO - Processing /home/airflow/.local/lib/python3.7/site-packages/airflow/example_dags/example_task_group.py took 0.086 seconds
[2025-04-08T09:15:35.968+0000] {processor.py:157} INFO - Started process (PID=790) to work on /home/airflow/.local/lib/python3.7/site-packages/airflow/example_dags/example_task_group.py
[2025-04-08T09:15:35.969+0000] {processor.py:826} INFO - Processing file /home/airflow/.local/lib/python3.7/site-packages/airflow/example_dags/example_task_group.py for tasks to queue
[2025-04-08T09:15:35.970+0000] {logging_mixin.py:149} INFO - [2025-04-08T09:15:35.969+0000] {dagbag.py:541} INFO - Filling up the DagBag from /home/airflow/.local/lib/python3.7/site-packages/airflow/example_dags/example_task_group.py
[2025-04-08T09:15:35.977+0000] {processor.py:836} INFO - DAG(s) dict_keys(['example_task_group']) retrieved from /home/airflow/.local/lib/python3.7/site-packages/airflow/example_dags/example_task_group.py
[2025-04-08T09:15:36.003+0000] {logging_mixin.py:149} INFO - [2025-04-08T09:15:36.003+0000] {dag.py:2726} INFO - Sync 1 DAGs
[2025-04-08T09:15:36.030+0000] {logging_mixin.py:149} INFO - [2025-04-08T09:15:36.030+0000] {dag.py:3490} INFO - Setting next_dagrun for example_task_group to 2025-04-07T09:15:36.030351+00:00, run_after=2025-04-08T09:15:36.030351+00:00
[2025-04-08T09:15:36.052+0000] {processor.py:179} INFO - Processing /home/airflow/.local/lib/python3.7/site-packages/airflow/example_dags/example_task_group.py took 0.087 seconds
[2025-04-08T09:16:07.359+0000] {processor.py:157} INFO - Started process (PID=881) to work on /home/airflow/.local/lib/python3.7/site-packages/airflow/example_dags/example_task_group.py
[2025-04-08T09:16:07.360+0000] {processor.py:826} INFO - Processing file /home/airflow/.local/lib/python3.7/site-packages/airflow/example_dags/example_task_group.py for tasks to queue
[2025-04-08T09:16:07.360+0000] {logging_mixin.py:149} INFO - [2025-04-08T09:16:07.360+0000] {dagbag.py:541} INFO - Filling up the DagBag from /home/airflow/.local/lib/python3.7/site-packages/airflow/example_dags/example_task_group.py
[2025-04-08T09:16:07.369+0000] {processor.py:836} INFO - DAG(s) dict_keys(['example_task_group']) retrieved from /home/airflow/.local/lib/python3.7/site-packages/airflow/example_dags/example_task_group.py
[2025-04-08T09:16:07.398+0000] {logging_mixin.py:149} INFO - [2025-04-08T09:16:07.398+0000] {dag.py:2726} INFO - Sync 1 DAGs
[2025-04-08T09:16:07.424+0000] {logging_mixin.py:149} INFO - [2025-04-08T09:16:07.424+0000] {dag.py:3490} INFO - Setting next_dagrun for example_task_group to 2025-04-07T09:16:07.424513+00:00, run_after=2025-04-08T09:16:07.424513+00:00
[2025-04-08T09:16:07.449+0000] {processor.py:179} INFO - Processing /home/airflow/.local/lib/python3.7/site-packages/airflow/example_dags/example_task_group.py took 0.094 seconds
[2025-04-08T09:16:38.048+0000] {processor.py:157} INFO - Started process (PID=972) to work on /home/airflow/.local/lib/python3.7/site-packages/airflow/example_dags/example_task_group.py
[2025-04-08T09:16:38.049+0000] {processor.py:826} INFO - Processing file /home/airflow/.local/lib/python3.7/site-packages/airflow/example_dags/example_task_group.py for tasks to queue
[2025-04-08T09:16:38.050+0000] {logging_mixin.py:149} INFO - [2025-04-08T09:16:38.050+0000] {dagbag.py:541} INFO - Filling up the DagBag from /home/airflow/.local/lib/python3.7/site-packages/airflow/example_dags/example_task_group.py
[2025-04-08T09:16:38.059+0000] {processor.py:836} INFO - DAG(s) dict_keys(['example_task_group']) retrieved from /home/airflow/.local/lib/python3.7/site-packages/airflow/example_dags/example_task_group.py
[2025-04-08T09:16:38.085+0000] {logging_mixin.py:149} INFO - [2025-04-08T09:16:38.085+0000] {dag.py:2726} INFO - Sync 1 DAGs
[2025-04-08T09:16:38.111+0000] {logging_mixin.py:149} INFO - [2025-04-08T09:16:38.111+0000] {dag.py:3490} INFO - Setting next_dagrun for example_task_group to 2025-04-07T09:16:38.111246+00:00, run_after=2025-04-08T09:16:38.111246+00:00
[2025-04-08T09:16:38.135+0000] {processor.py:179} INFO - Processing /home/airflow/.local/lib/python3.7/site-packages/airflow/example_dags/example_task_group.py took 0.092 seconds
[2025-04-08T09:17:08.384+0000] {processor.py:157} INFO - Started process (PID=1063) to work on /home/airflow/.local/lib/python3.7/site-packages/airflow/example_dags/example_task_group.py
[2025-04-08T09:17:08.386+0000] {processor.py:826} INFO - Processing file /home/airflow/.local/lib/python3.7/site-packages/airflow/example_dags/example_task_group.py for tasks to queue
[2025-04-08T09:17:08.386+0000] {logging_mixin.py:149} INFO - [2025-04-08T09:17:08.386+0000] {dagbag.py:541} INFO - Filling up the DagBag from /home/airflow/.local/lib/python3.7/site-packages/airflow/example_dags/example_task_group.py
[2025-04-08T09:17:08.394+0000] {processor.py:836} INFO - DAG(s) dict_keys(['example_task_group']) retrieved from /home/airflow/.local/lib/python3.7/site-packages/airflow/example_dags/example_task_group.py
[2025-04-08T09:17:08.420+0000] {logging_mixin.py:149} INFO - [2025-04-08T09:17:08.420+0000] {dag.py:2726} INFO - Sync 1 DAGs
[2025-04-08T09:17:08.447+0000] {logging_mixin.py:149} INFO - [2025-04-08T09:17:08.447+0000] {dag.py:3490} INFO - Setting next_dagrun for example_task_group to 2025-04-07T09:17:08.446824+00:00, run_after=2025-04-08T09:17:08.446824+00:00
[2025-04-08T09:17:08.468+0000] {processor.py:179} INFO - Processing /home/airflow/.local/lib/python3.7/site-packages/airflow/example_dags/example_task_group.py took 0.088 seconds
[2025-04-08T09:17:39.022+0000] {processor.py:157} INFO - Started process (PID=1154) to work on /home/airflow/.local/lib/python3.7/site-packages/airflow/example_dags/example_task_group.py
[2025-04-08T09:17:39.023+0000] {processor.py:826} INFO - Processing file /home/airflow/.local/lib/python3.7/site-packages/airflow/example_dags/example_task_group.py for tasks to queue
[2025-04-08T09:17:39.024+0000] {logging_mixin.py:149} INFO - [2025-04-08T09:17:39.024+0000] {dagbag.py:541} INFO - Filling up the DagBag from /home/airflow/.local/lib/python3.7/site-packages/airflow/example_dags/example_task_group.py
[2025-04-08T09:17:39.034+0000] {processor.py:836} INFO - DAG(s) dict_keys(['example_task_group']) retrieved from /home/airflow/.local/lib/python3.7/site-packages/airflow/example_dags/example_task_group.py
[2025-04-08T09:17:39.061+0000] {logging_mixin.py:149} INFO - [2025-04-08T09:17:39.060+0000] {dag.py:2726} INFO - Sync 1 DAGs
[2025-04-08T09:17:39.092+0000] {logging_mixin.py:149} INFO - [2025-04-08T09:17:39.092+0000] {dag.py:3490} INFO - Setting next_dagrun for example_task_group to 2025-04-07T09:17:39.091987+00:00, run_after=2025-04-08T09:17:39.091987+00:00
[2025-04-08T09:17:39.114+0000] {processor.py:179} INFO - Processing /home/airflow/.local/lib/python3.7/site-packages/airflow/example_dags/example_task_group.py took 0.098 seconds
[2025-04-08T09:18:09.566+0000] {processor.py:157} INFO - Started process (PID=1245) to work on /home/airflow/.local/lib/python3.7/site-packages/airflow/example_dags/example_task_group.py
[2025-04-08T09:18:09.567+0000] {processor.py:826} INFO - Processing file /home/airflow/.local/lib/python3.7/site-packages/airflow/example_dags/example_task_group.py for tasks to queue
[2025-04-08T09:18:09.568+0000] {logging_mixin.py:149} INFO - [2025-04-08T09:18:09.567+0000] {dagbag.py:541} INFO - Filling up the DagBag from /home/airflow/.local/lib/python3.7/site-packages/airflow/example_dags/example_task_group.py
[2025-04-08T09:18:09.575+0000] {processor.py:836} INFO - DAG(s) dict_keys(['example_task_group']) retrieved from /home/airflow/.local/lib/python3.7/site-packages/airflow/example_dags/example_task_group.py
[2025-04-08T09:18:09.603+0000] {logging_mixin.py:149} INFO - [2025-04-08T09:18:09.602+0000] {dag.py:2726} INFO - Sync 1 DAGs
[2025-04-08T09:18:09.631+0000] {logging_mixin.py:149} INFO - [2025-04-08T09:18:09.630+0000] {dag.py:3490} INFO - Setting next_dagrun for example_task_group to 2025-04-07T09:18:09.630678+00:00, run_after=2025-04-08T09:18:09.630678+00:00
[2025-04-08T09:18:09.654+0000] {processor.py:179} INFO - Processing /home/airflow/.local/lib/python3.7/site-packages/airflow/example_dags/example_task_group.py took 0.092 seconds
[2025-04-08T09:18:40.260+0000] {processor.py:157} INFO - Started process (PID=1336) to work on /home/airflow/.local/lib/python3.7/site-packages/airflow/example_dags/example_task_group.py
[2025-04-08T09:18:40.261+0000] {processor.py:826} INFO - Processing file /home/airflow/.local/lib/python3.7/site-packages/airflow/example_dags/example_task_group.py for tasks to queue
[2025-04-08T09:18:40.262+0000] {logging_mixin.py:149} INFO - [2025-04-08T09:18:40.262+0000] {dagbag.py:541} INFO - Filling up the DagBag from /home/airflow/.local/lib/python3.7/site-packages/airflow/example_dags/example_task_group.py
[2025-04-08T09:18:40.270+0000] {processor.py:836} INFO - DAG(s) dict_keys(['example_task_group']) retrieved from /home/airflow/.local/lib/python3.7/site-packages/airflow/example_dags/example_task_group.py
[2025-04-08T09:18:40.298+0000] {logging_mixin.py:149} INFO - [2025-04-08T09:18:40.298+0000] {dag.py:2726} INFO - Sync 1 DAGs
[2025-04-08T09:18:40.327+0000] {logging_mixin.py:149} INFO - [2025-04-08T09:18:40.327+0000] {dag.py:3490} INFO - Setting next_dagrun for example_task_group to 2025-04-07T09:18:40.327074+00:00, run_after=2025-04-08T09:18:40.327074+00:00
[2025-04-08T09:18:40.350+0000] {processor.py:179} INFO - Processing /home/airflow/.local/lib/python3.7/site-packages/airflow/example_dags/example_task_group.py took 0.093 seconds
