[2025-04-08T09:11:58.131+0000] {processor.py:157} INFO - Started process (PID=98) to work on /home/airflow/.local/lib/python3.7/site-packages/airflow/example_dags/example_bash_operator.py
[2025-04-08T09:11:58.132+0000] {processor.py:826} INFO - Processing file /home/airflow/.local/lib/python3.7/site-packages/airflow/example_dags/example_bash_operator.py for tasks to queue
[2025-04-08T09:11:58.133+0000] {logging_mixin.py:149} INFO - [2025-04-08T09:11:58.132+0000] {dagbag.py:541} INFO - Filling up the DagBag from /home/airflow/.local/lib/python3.7/site-packages/airflow/example_dags/example_bash_operator.py
[2025-04-08T09:11:58.153+0000] {processor.py:836} INFO - DAG(s) dict_keys(['example_bash_operator']) retrieved from /home/airflow/.local/lib/python3.7/site-packages/airflow/example_dags/example_bash_operator.py
[2025-04-08T09:11:58.210+0000] {logging_mixin.py:149} INFO - [2025-04-08T09:11:58.210+0000] {dag.py:2726} INFO - Sync 1 DAGs
[2025-04-08T09:11:58.250+0000] {logging_mixin.py:149} INFO - [2025-04-08T09:11:58.249+0000] {dag.py:3490} INFO - Setting next_dagrun for example_bash_operator to 2025-04-07T00:00:00+00:00, run_after=2025-04-08T00:00:00+00:00
[2025-04-08T09:11:58.284+0000] {processor.py:179} INFO - Processing /home/airflow/.local/lib/python3.7/site-packages/airflow/example_dags/example_bash_operator.py took 0.156 seconds
[2025-04-08T09:12:29.315+0000] {processor.py:157} INFO - Started process (PID=225) to work on /home/airflow/.local/lib/python3.7/site-packages/airflow/example_dags/example_bash_operator.py
[2025-04-08T09:12:29.316+0000] {processor.py:826} INFO - Processing file /home/airflow/.local/lib/python3.7/site-packages/airflow/example_dags/example_bash_operator.py for tasks to queue
[2025-04-08T09:12:29.317+0000] {logging_mixin.py:149} INFO - [2025-04-08T09:12:29.317+0000] {dagbag.py:541} INFO - Filling up the DagBag from /home/airflow/.local/lib/python3.7/site-packages/airflow/example_dags/example_bash_operator.py
[2025-04-08T09:12:29.331+0000] {processor.py:836} INFO - DAG(s) dict_keys(['example_bash_operator']) retrieved from /home/airflow/.local/lib/python3.7/site-packages/airflow/example_dags/example_bash_operator.py
[2025-04-08T09:12:29.371+0000] {logging_mixin.py:149} INFO - [2025-04-08T09:12:29.371+0000] {dag.py:2726} INFO - Sync 1 DAGs
[2025-04-08T09:12:29.397+0000] {logging_mixin.py:149} INFO - [2025-04-08T09:12:29.397+0000] {dag.py:3490} INFO - Setting next_dagrun for example_bash_operator to 2025-04-07T00:00:00+00:00, run_after=2025-04-08T00:00:00+00:00
[2025-04-08T09:12:29.420+0000] {processor.py:179} INFO - Processing /home/airflow/.local/lib/python3.7/site-packages/airflow/example_dags/example_bash_operator.py took 0.108 seconds
[2025-04-08T09:13:00.342+0000] {processor.py:157} INFO - Started process (PID=316) to work on /home/airflow/.local/lib/python3.7/site-packages/airflow/example_dags/example_bash_operator.py
[2025-04-08T09:13:00.343+0000] {processor.py:826} INFO - Processing file /home/airflow/.local/lib/python3.7/site-packages/airflow/example_dags/example_bash_operator.py for tasks to queue
[2025-04-08T09:13:00.344+0000] {logging_mixin.py:149} INFO - [2025-04-08T09:13:00.343+0000] {dagbag.py:541} INFO - Filling up the DagBag from /home/airflow/.local/lib/python3.7/site-packages/airflow/example_dags/example_bash_operator.py
[2025-04-08T09:13:00.362+0000] {processor.py:836} INFO - DAG(s) dict_keys(['example_bash_operator']) retrieved from /home/airflow/.local/lib/python3.7/site-packages/airflow/example_dags/example_bash_operator.py
[2025-04-08T09:13:00.513+0000] {logging_mixin.py:149} INFO - [2025-04-08T09:13:00.512+0000] {dag.py:2726} INFO - Sync 1 DAGs
[2025-04-08T09:13:00.536+0000] {logging_mixin.py:149} INFO - [2025-04-08T09:13:00.536+0000] {dag.py:3490} INFO - Setting next_dagrun for example_bash_operator to 2025-04-07T00:00:00+00:00, run_after=2025-04-08T00:00:00+00:00
[2025-04-08T09:13:00.556+0000] {processor.py:179} INFO - Processing /home/airflow/.local/lib/python3.7/site-packages/airflow/example_dags/example_bash_operator.py took 0.218 seconds
[2025-04-08T09:13:31.615+0000] {processor.py:157} INFO - Started process (PID=407) to work on /home/airflow/.local/lib/python3.7/site-packages/airflow/example_dags/example_bash_operator.py
[2025-04-08T09:13:31.616+0000] {processor.py:826} INFO - Processing file /home/airflow/.local/lib/python3.7/site-packages/airflow/example_dags/example_bash_operator.py for tasks to queue
[2025-04-08T09:13:31.617+0000] {logging_mixin.py:149} INFO - [2025-04-08T09:13:31.617+0000] {dagbag.py:541} INFO - Filling up the DagBag from /home/airflow/.local/lib/python3.7/site-packages/airflow/example_dags/example_bash_operator.py
[2025-04-08T09:13:31.635+0000] {processor.py:836} INFO - DAG(s) dict_keys(['example_bash_operator']) retrieved from /home/airflow/.local/lib/python3.7/site-packages/airflow/example_dags/example_bash_operator.py
[2025-04-08T09:13:31.688+0000] {logging_mixin.py:149} INFO - [2025-04-08T09:13:31.688+0000] {dag.py:2726} INFO - Sync 1 DAGs
[2025-04-08T09:13:31.733+0000] {logging_mixin.py:149} INFO - [2025-04-08T09:13:31.732+0000] {dag.py:3490} INFO - Setting next_dagrun for example_bash_operator to 2025-04-07T00:00:00+00:00, run_after=2025-04-08T00:00:00+00:00
[2025-04-08T09:13:31.759+0000] {processor.py:179} INFO - Processing /home/airflow/.local/lib/python3.7/site-packages/airflow/example_dags/example_bash_operator.py took 0.148 seconds
[2025-04-08T09:14:02.025+0000] {processor.py:157} INFO - Started process (PID=498) to work on /home/airflow/.local/lib/python3.7/site-packages/airflow/example_dags/example_bash_operator.py
[2025-04-08T09:14:02.026+0000] {processor.py:826} INFO - Processing file /home/airflow/.local/lib/python3.7/site-packages/airflow/example_dags/example_bash_operator.py for tasks to queue
[2025-04-08T09:14:02.027+0000] {logging_mixin.py:149} INFO - [2025-04-08T09:14:02.027+0000] {dagbag.py:541} INFO - Filling up the DagBag from /home/airflow/.local/lib/python3.7/site-packages/airflow/example_dags/example_bash_operator.py
[2025-04-08T09:14:02.040+0000] {processor.py:836} INFO - DAG(s) dict_keys(['example_bash_operator']) retrieved from /home/airflow/.local/lib/python3.7/site-packages/airflow/example_dags/example_bash_operator.py
[2025-04-08T09:14:02.079+0000] {logging_mixin.py:149} INFO - [2025-04-08T09:14:02.079+0000] {dag.py:2726} INFO - Sync 1 DAGs
[2025-04-08T09:14:02.105+0000] {logging_mixin.py:149} INFO - [2025-04-08T09:14:02.105+0000] {dag.py:3490} INFO - Setting next_dagrun for example_bash_operator to 2025-04-07T00:00:00+00:00, run_after=2025-04-08T00:00:00+00:00
[2025-04-08T09:14:02.130+0000] {processor.py:179} INFO - Processing /home/airflow/.local/lib/python3.7/site-packages/airflow/example_dags/example_bash_operator.py took 0.108 seconds
[2025-04-08T09:14:32.279+0000] {processor.py:157} INFO - Started process (PID=589) to work on /home/airflow/.local/lib/python3.7/site-packages/airflow/example_dags/example_bash_operator.py
[2025-04-08T09:14:32.280+0000] {processor.py:826} INFO - Processing file /home/airflow/.local/lib/python3.7/site-packages/airflow/example_dags/example_bash_operator.py for tasks to queue
[2025-04-08T09:14:32.280+0000] {logging_mixin.py:149} INFO - [2025-04-08T09:14:32.280+0000] {dagbag.py:541} INFO - Filling up the DagBag from /home/airflow/.local/lib/python3.7/site-packages/airflow/example_dags/example_bash_operator.py
[2025-04-08T09:14:32.297+0000] {processor.py:836} INFO - DAG(s) dict_keys(['example_bash_operator']) retrieved from /home/airflow/.local/lib/python3.7/site-packages/airflow/example_dags/example_bash_operator.py
[2025-04-08T09:14:32.340+0000] {logging_mixin.py:149} INFO - [2025-04-08T09:14:32.339+0000] {dag.py:2726} INFO - Sync 1 DAGs
[2025-04-08T09:14:32.371+0000] {logging_mixin.py:149} INFO - [2025-04-08T09:14:32.371+0000] {dag.py:3490} INFO - Setting next_dagrun for example_bash_operator to 2025-04-07T00:00:00+00:00, run_after=2025-04-08T00:00:00+00:00
[2025-04-08T09:14:32.394+0000] {processor.py:179} INFO - Processing /home/airflow/.local/lib/python3.7/site-packages/airflow/example_dags/example_bash_operator.py took 0.119 seconds
[2025-04-08T09:15:03.573+0000] {processor.py:157} INFO - Started process (PID=680) to work on /home/airflow/.local/lib/python3.7/site-packages/airflow/example_dags/example_bash_operator.py
[2025-04-08T09:15:03.574+0000] {processor.py:826} INFO - Processing file /home/airflow/.local/lib/python3.7/site-packages/airflow/example_dags/example_bash_operator.py for tasks to queue
[2025-04-08T09:15:03.575+0000] {logging_mixin.py:149} INFO - [2025-04-08T09:15:03.575+0000] {dagbag.py:541} INFO - Filling up the DagBag from /home/airflow/.local/lib/python3.7/site-packages/airflow/example_dags/example_bash_operator.py
[2025-04-08T09:15:03.590+0000] {processor.py:836} INFO - DAG(s) dict_keys(['example_bash_operator']) retrieved from /home/airflow/.local/lib/python3.7/site-packages/airflow/example_dags/example_bash_operator.py
[2025-04-08T09:15:03.631+0000] {logging_mixin.py:149} INFO - [2025-04-08T09:15:03.630+0000] {dag.py:2726} INFO - Sync 1 DAGs
[2025-04-08T09:15:03.659+0000] {logging_mixin.py:149} INFO - [2025-04-08T09:15:03.658+0000] {dag.py:3490} INFO - Setting next_dagrun for example_bash_operator to 2025-04-07T00:00:00+00:00, run_after=2025-04-08T00:00:00+00:00
[2025-04-08T09:15:03.681+0000] {processor.py:179} INFO - Processing /home/airflow/.local/lib/python3.7/site-packages/airflow/example_dags/example_bash_operator.py took 0.111 seconds
[2025-04-08T09:15:34.734+0000] {processor.py:157} INFO - Started process (PID=771) to work on /home/airflow/.local/lib/python3.7/site-packages/airflow/example_dags/example_bash_operator.py
[2025-04-08T09:15:34.735+0000] {processor.py:826} INFO - Processing file /home/airflow/.local/lib/python3.7/site-packages/airflow/example_dags/example_bash_operator.py for tasks to queue
[2025-04-08T09:15:34.735+0000] {logging_mixin.py:149} INFO - [2025-04-08T09:15:34.735+0000] {dagbag.py:541} INFO - Filling up the DagBag from /home/airflow/.local/lib/python3.7/site-packages/airflow/example_dags/example_bash_operator.py
[2025-04-08T09:15:34.749+0000] {processor.py:836} INFO - DAG(s) dict_keys(['example_bash_operator']) retrieved from /home/airflow/.local/lib/python3.7/site-packages/airflow/example_dags/example_bash_operator.py
[2025-04-08T09:15:34.784+0000] {logging_mixin.py:149} INFO - [2025-04-08T09:15:34.784+0000] {dag.py:2726} INFO - Sync 1 DAGs
[2025-04-08T09:15:34.810+0000] {logging_mixin.py:149} INFO - [2025-04-08T09:15:34.809+0000] {dag.py:3490} INFO - Setting next_dagrun for example_bash_operator to 2025-04-07T00:00:00+00:00, run_after=2025-04-08T00:00:00+00:00
[2025-04-08T09:15:34.829+0000] {processor.py:179} INFO - Processing /home/airflow/.local/lib/python3.7/site-packages/airflow/example_dags/example_bash_operator.py took 0.099 seconds
[2025-04-08T09:16:06.025+0000] {processor.py:157} INFO - Started process (PID=862) to work on /home/airflow/.local/lib/python3.7/site-packages/airflow/example_dags/example_bash_operator.py
[2025-04-08T09:16:06.026+0000] {processor.py:826} INFO - Processing file /home/airflow/.local/lib/python3.7/site-packages/airflow/example_dags/example_bash_operator.py for tasks to queue
[2025-04-08T09:16:06.026+0000] {logging_mixin.py:149} INFO - [2025-04-08T09:16:06.026+0000] {dagbag.py:541} INFO - Filling up the DagBag from /home/airflow/.local/lib/python3.7/site-packages/airflow/example_dags/example_bash_operator.py
[2025-04-08T09:16:06.041+0000] {processor.py:836} INFO - DAG(s) dict_keys(['example_bash_operator']) retrieved from /home/airflow/.local/lib/python3.7/site-packages/airflow/example_dags/example_bash_operator.py
[2025-04-08T09:16:06.083+0000] {logging_mixin.py:149} INFO - [2025-04-08T09:16:06.083+0000] {dag.py:2726} INFO - Sync 1 DAGs
[2025-04-08T09:16:06.114+0000] {logging_mixin.py:149} INFO - [2025-04-08T09:16:06.114+0000] {dag.py:3490} INFO - Setting next_dagrun for example_bash_operator to 2025-04-07T00:00:00+00:00, run_after=2025-04-08T00:00:00+00:00
[2025-04-08T09:16:06.135+0000] {processor.py:179} INFO - Processing /home/airflow/.local/lib/python3.7/site-packages/airflow/example_dags/example_bash_operator.py took 0.114 seconds
[2025-04-08T09:16:36.697+0000] {processor.py:157} INFO - Started process (PID=953) to work on /home/airflow/.local/lib/python3.7/site-packages/airflow/example_dags/example_bash_operator.py
[2025-04-08T09:16:36.698+0000] {processor.py:826} INFO - Processing file /home/airflow/.local/lib/python3.7/site-packages/airflow/example_dags/example_bash_operator.py for tasks to queue
[2025-04-08T09:16:36.699+0000] {logging_mixin.py:149} INFO - [2025-04-08T09:16:36.699+0000] {dagbag.py:541} INFO - Filling up the DagBag from /home/airflow/.local/lib/python3.7/site-packages/airflow/example_dags/example_bash_operator.py
[2025-04-08T09:16:36.713+0000] {processor.py:836} INFO - DAG(s) dict_keys(['example_bash_operator']) retrieved from /home/airflow/.local/lib/python3.7/site-packages/airflow/example_dags/example_bash_operator.py
[2025-04-08T09:16:36.756+0000] {logging_mixin.py:149} INFO - [2025-04-08T09:16:36.756+0000] {dag.py:2726} INFO - Sync 1 DAGs
[2025-04-08T09:16:36.782+0000] {logging_mixin.py:149} INFO - [2025-04-08T09:16:36.782+0000] {dag.py:3490} INFO - Setting next_dagrun for example_bash_operator to 2025-04-07T00:00:00+00:00, run_after=2025-04-08T00:00:00+00:00
[2025-04-08T09:16:36.803+0000] {processor.py:179} INFO - Processing /home/airflow/.local/lib/python3.7/site-packages/airflow/example_dags/example_bash_operator.py took 0.110 seconds
[2025-04-08T09:17:07.195+0000] {processor.py:157} INFO - Started process (PID=1044) to work on /home/airflow/.local/lib/python3.7/site-packages/airflow/example_dags/example_bash_operator.py
[2025-04-08T09:17:07.196+0000] {processor.py:826} INFO - Processing file /home/airflow/.local/lib/python3.7/site-packages/airflow/example_dags/example_bash_operator.py for tasks to queue
[2025-04-08T09:17:07.196+0000] {logging_mixin.py:149} INFO - [2025-04-08T09:17:07.196+0000] {dagbag.py:541} INFO - Filling up the DagBag from /home/airflow/.local/lib/python3.7/site-packages/airflow/example_dags/example_bash_operator.py
[2025-04-08T09:17:07.212+0000] {processor.py:836} INFO - DAG(s) dict_keys(['example_bash_operator']) retrieved from /home/airflow/.local/lib/python3.7/site-packages/airflow/example_dags/example_bash_operator.py
[2025-04-08T09:17:07.252+0000] {logging_mixin.py:149} INFO - [2025-04-08T09:17:07.252+0000] {dag.py:2726} INFO - Sync 1 DAGs
[2025-04-08T09:17:07.280+0000] {logging_mixin.py:149} INFO - [2025-04-08T09:17:07.280+0000] {dag.py:3490} INFO - Setting next_dagrun for example_bash_operator to 2025-04-07T00:00:00+00:00, run_after=2025-04-08T00:00:00+00:00
[2025-04-08T09:17:07.303+0000] {processor.py:179} INFO - Processing /home/airflow/.local/lib/python3.7/site-packages/airflow/example_dags/example_bash_operator.py took 0.112 seconds
[2025-04-08T09:17:37.713+0000] {processor.py:157} INFO - Started process (PID=1135) to work on /home/airflow/.local/lib/python3.7/site-packages/airflow/example_dags/example_bash_operator.py
[2025-04-08T09:17:37.714+0000] {processor.py:826} INFO - Processing file /home/airflow/.local/lib/python3.7/site-packages/airflow/example_dags/example_bash_operator.py for tasks to queue
[2025-04-08T09:17:37.715+0000] {logging_mixin.py:149} INFO - [2025-04-08T09:17:37.715+0000] {dagbag.py:541} INFO - Filling up the DagBag from /home/airflow/.local/lib/python3.7/site-packages/airflow/example_dags/example_bash_operator.py
[2025-04-08T09:17:37.730+0000] {processor.py:836} INFO - DAG(s) dict_keys(['example_bash_operator']) retrieved from /home/airflow/.local/lib/python3.7/site-packages/airflow/example_dags/example_bash_operator.py
[2025-04-08T09:17:37.766+0000] {logging_mixin.py:149} INFO - [2025-04-08T09:17:37.766+0000] {dag.py:2726} INFO - Sync 1 DAGs
[2025-04-08T09:17:37.796+0000] {logging_mixin.py:149} INFO - [2025-04-08T09:17:37.796+0000] {dag.py:3490} INFO - Setting next_dagrun for example_bash_operator to 2025-04-07T00:00:00+00:00, run_after=2025-04-08T00:00:00+00:00
[2025-04-08T09:17:37.818+0000] {processor.py:179} INFO - Processing /home/airflow/.local/lib/python3.7/site-packages/airflow/example_dags/example_bash_operator.py took 0.108 seconds
[2025-04-08T09:18:08.299+0000] {processor.py:157} INFO - Started process (PID=1226) to work on /home/airflow/.local/lib/python3.7/site-packages/airflow/example_dags/example_bash_operator.py
[2025-04-08T09:18:08.300+0000] {processor.py:826} INFO - Processing file /home/airflow/.local/lib/python3.7/site-packages/airflow/example_dags/example_bash_operator.py for tasks to queue
[2025-04-08T09:18:08.301+0000] {logging_mixin.py:149} INFO - [2025-04-08T09:18:08.301+0000] {dagbag.py:541} INFO - Filling up the DagBag from /home/airflow/.local/lib/python3.7/site-packages/airflow/example_dags/example_bash_operator.py
[2025-04-08T09:18:08.318+0000] {processor.py:836} INFO - DAG(s) dict_keys(['example_bash_operator']) retrieved from /home/airflow/.local/lib/python3.7/site-packages/airflow/example_dags/example_bash_operator.py
[2025-04-08T09:18:08.357+0000] {logging_mixin.py:149} INFO - [2025-04-08T09:18:08.357+0000] {dag.py:2726} INFO - Sync 1 DAGs
[2025-04-08T09:18:08.382+0000] {logging_mixin.py:149} INFO - [2025-04-08T09:18:08.382+0000] {dag.py:3490} INFO - Setting next_dagrun for example_bash_operator to 2025-04-07T00:00:00+00:00, run_after=2025-04-08T00:00:00+00:00
[2025-04-08T09:18:08.403+0000] {processor.py:179} INFO - Processing /home/airflow/.local/lib/python3.7/site-packages/airflow/example_dags/example_bash_operator.py took 0.108 seconds
[2025-04-08T09:18:38.874+0000] {processor.py:157} INFO - Started process (PID=1317) to work on /home/airflow/.local/lib/python3.7/site-packages/airflow/example_dags/example_bash_operator.py
[2025-04-08T09:18:38.876+0000] {processor.py:826} INFO - Processing file /home/airflow/.local/lib/python3.7/site-packages/airflow/example_dags/example_bash_operator.py for tasks to queue
[2025-04-08T09:18:38.876+0000] {logging_mixin.py:149} INFO - [2025-04-08T09:18:38.876+0000] {dagbag.py:541} INFO - Filling up the DagBag from /home/airflow/.local/lib/python3.7/site-packages/airflow/example_dags/example_bash_operator.py
[2025-04-08T09:18:38.891+0000] {processor.py:836} INFO - DAG(s) dict_keys(['example_bash_operator']) retrieved from /home/airflow/.local/lib/python3.7/site-packages/airflow/example_dags/example_bash_operator.py
[2025-04-08T09:18:38.931+0000] {logging_mixin.py:149} INFO - [2025-04-08T09:18:38.931+0000] {dag.py:2726} INFO - Sync 1 DAGs
[2025-04-08T09:18:38.964+0000] {logging_mixin.py:149} INFO - [2025-04-08T09:18:38.964+0000] {dag.py:3490} INFO - Setting next_dagrun for example_bash_operator to 2025-04-07T00:00:00+00:00, run_after=2025-04-08T00:00:00+00:00
[2025-04-08T09:18:38.997+0000] {processor.py:179} INFO - Processing /home/airflow/.local/lib/python3.7/site-packages/airflow/example_dags/example_bash_operator.py took 0.126 seconds
