[2025-04-08T09:12:00.091+0000] {processor.py:157} INFO - Started process (PID=118) to work on /home/airflow/.local/lib/python3.7/site-packages/airflow/example_dags/tutorial_dag.py
[2025-04-08T09:12:00.092+0000] {processor.py:826} INFO - Processing file /home/airflow/.local/lib/python3.7/site-packages/airflow/example_dags/tutorial_dag.py for tasks to queue
[2025-04-08T09:12:00.093+0000] {logging_mixin.py:149} INFO - [2025-04-08T09:12:00.093+0000] {dagbag.py:541} INFO - Filling up the DagBag from /home/airflow/.local/lib/python3.7/site-packages/airflow/example_dags/tutorial_dag.py
[2025-04-08T09:12:00.099+0000] {processor.py:836} INFO - DAG(s) dict_keys(['tutorial_dag']) retrieved from /home/airflow/.local/lib/python3.7/site-packages/airflow/example_dags/tutorial_dag.py
[2025-04-08T09:12:00.127+0000] {logging_mixin.py:149} INFO - [2025-04-08T09:12:00.126+0000] {dag.py:2726} INFO - Sync 1 DAGs
[2025-04-08T09:12:00.166+0000] {logging_mixin.py:149} INFO - [2025-04-08T09:12:00.166+0000] {dag.py:3490} INFO - Setting next_dagrun for tutorial_dag to None, run_after=None
[2025-04-08T09:12:00.202+0000] {processor.py:179} INFO - Processing /home/airflow/.local/lib/python3.7/site-packages/airflow/example_dags/tutorial_dag.py took 0.114 seconds
[2025-04-08T09:12:31.422+0000] {processor.py:157} INFO - Started process (PID=245) to work on /home/airflow/.local/lib/python3.7/site-packages/airflow/example_dags/tutorial_dag.py
[2025-04-08T09:12:31.423+0000] {processor.py:826} INFO - Processing file /home/airflow/.local/lib/python3.7/site-packages/airflow/example_dags/tutorial_dag.py for tasks to queue
[2025-04-08T09:12:31.424+0000] {logging_mixin.py:149} INFO - [2025-04-08T09:12:31.424+0000] {dagbag.py:541} INFO - Filling up the DagBag from /home/airflow/.local/lib/python3.7/site-packages/airflow/example_dags/tutorial_dag.py
[2025-04-08T09:12:31.429+0000] {processor.py:836} INFO - DAG(s) dict_keys(['tutorial_dag']) retrieved from /home/airflow/.local/lib/python3.7/site-packages/airflow/example_dags/tutorial_dag.py
[2025-04-08T09:12:31.459+0000] {logging_mixin.py:149} INFO - [2025-04-08T09:12:31.459+0000] {dag.py:2726} INFO - Sync 1 DAGs
[2025-04-08T09:12:31.487+0000] {logging_mixin.py:149} INFO - [2025-04-08T09:12:31.487+0000] {dag.py:3490} INFO - Setting next_dagrun for tutorial_dag to None, run_after=None
[2025-04-08T09:12:31.652+0000] {processor.py:179} INFO - Processing /home/airflow/.local/lib/python3.7/site-packages/airflow/example_dags/tutorial_dag.py took 0.234 seconds
[2025-04-08T09:13:02.812+0000] {processor.py:157} INFO - Started process (PID=336) to work on /home/airflow/.local/lib/python3.7/site-packages/airflow/example_dags/tutorial_dag.py
[2025-04-08T09:13:02.813+0000] {processor.py:826} INFO - Processing file /home/airflow/.local/lib/python3.7/site-packages/airflow/example_dags/tutorial_dag.py for tasks to queue
[2025-04-08T09:13:02.814+0000] {logging_mixin.py:149} INFO - [2025-04-08T09:13:02.813+0000] {dagbag.py:541} INFO - Filling up the DagBag from /home/airflow/.local/lib/python3.7/site-packages/airflow/example_dags/tutorial_dag.py
[2025-04-08T09:13:02.822+0000] {processor.py:836} INFO - DAG(s) dict_keys(['tutorial_dag']) retrieved from /home/airflow/.local/lib/python3.7/site-packages/airflow/example_dags/tutorial_dag.py
[2025-04-08T09:13:02.968+0000] {logging_mixin.py:149} INFO - [2025-04-08T09:13:02.967+0000] {dag.py:2726} INFO - Sync 1 DAGs
[2025-04-08T09:13:02.992+0000] {logging_mixin.py:149} INFO - [2025-04-08T09:13:02.991+0000] {dag.py:3490} INFO - Setting next_dagrun for tutorial_dag to None, run_after=None
[2025-04-08T09:13:03.010+0000] {processor.py:179} INFO - Processing /home/airflow/.local/lib/python3.7/site-packages/airflow/example_dags/tutorial_dag.py took 0.202 seconds
[2025-04-08T09:13:33.970+0000] {processor.py:157} INFO - Started process (PID=427) to work on /home/airflow/.local/lib/python3.7/site-packages/airflow/example_dags/tutorial_dag.py
[2025-04-08T09:13:33.971+0000] {processor.py:826} INFO - Processing file /home/airflow/.local/lib/python3.7/site-packages/airflow/example_dags/tutorial_dag.py for tasks to queue
[2025-04-08T09:13:33.972+0000] {logging_mixin.py:149} INFO - [2025-04-08T09:13:33.972+0000] {dagbag.py:541} INFO - Filling up the DagBag from /home/airflow/.local/lib/python3.7/site-packages/airflow/example_dags/tutorial_dag.py
[2025-04-08T09:13:33.977+0000] {processor.py:836} INFO - DAG(s) dict_keys(['tutorial_dag']) retrieved from /home/airflow/.local/lib/python3.7/site-packages/airflow/example_dags/tutorial_dag.py
[2025-04-08T09:13:34.003+0000] {logging_mixin.py:149} INFO - [2025-04-08T09:13:34.002+0000] {dag.py:2726} INFO - Sync 1 DAGs
[2025-04-08T09:13:34.028+0000] {logging_mixin.py:149} INFO - [2025-04-08T09:13:34.028+0000] {dag.py:3490} INFO - Setting next_dagrun for tutorial_dag to None, run_after=None
[2025-04-08T09:13:34.050+0000] {processor.py:179} INFO - Processing /home/airflow/.local/lib/python3.7/site-packages/airflow/example_dags/tutorial_dag.py took 0.083 seconds
[2025-04-08T09:14:04.243+0000] {processor.py:157} INFO - Started process (PID=518) to work on /home/airflow/.local/lib/python3.7/site-packages/airflow/example_dags/tutorial_dag.py
[2025-04-08T09:14:04.244+0000] {processor.py:826} INFO - Processing file /home/airflow/.local/lib/python3.7/site-packages/airflow/example_dags/tutorial_dag.py for tasks to queue
[2025-04-08T09:14:04.244+0000] {logging_mixin.py:149} INFO - [2025-04-08T09:14:04.244+0000] {dagbag.py:541} INFO - Filling up the DagBag from /home/airflow/.local/lib/python3.7/site-packages/airflow/example_dags/tutorial_dag.py
[2025-04-08T09:14:04.249+0000] {processor.py:836} INFO - DAG(s) dict_keys(['tutorial_dag']) retrieved from /home/airflow/.local/lib/python3.7/site-packages/airflow/example_dags/tutorial_dag.py
[2025-04-08T09:14:04.274+0000] {logging_mixin.py:149} INFO - [2025-04-08T09:14:04.273+0000] {dag.py:2726} INFO - Sync 1 DAGs
[2025-04-08T09:14:04.298+0000] {logging_mixin.py:149} INFO - [2025-04-08T09:14:04.298+0000] {dag.py:3490} INFO - Setting next_dagrun for tutorial_dag to None, run_after=None
[2025-04-08T09:14:04.319+0000] {processor.py:179} INFO - Processing /home/airflow/.local/lib/python3.7/site-packages/airflow/example_dags/tutorial_dag.py took 0.080 seconds
[2025-04-08T09:14:34.575+0000] {processor.py:157} INFO - Started process (PID=609) to work on /home/airflow/.local/lib/python3.7/site-packages/airflow/example_dags/tutorial_dag.py
[2025-04-08T09:14:34.576+0000] {processor.py:826} INFO - Processing file /home/airflow/.local/lib/python3.7/site-packages/airflow/example_dags/tutorial_dag.py for tasks to queue
[2025-04-08T09:14:34.577+0000] {logging_mixin.py:149} INFO - [2025-04-08T09:14:34.576+0000] {dagbag.py:541} INFO - Filling up the DagBag from /home/airflow/.local/lib/python3.7/site-packages/airflow/example_dags/tutorial_dag.py
[2025-04-08T09:14:34.582+0000] {processor.py:836} INFO - DAG(s) dict_keys(['tutorial_dag']) retrieved from /home/airflow/.local/lib/python3.7/site-packages/airflow/example_dags/tutorial_dag.py
[2025-04-08T09:14:34.608+0000] {logging_mixin.py:149} INFO - [2025-04-08T09:14:34.608+0000] {dag.py:2726} INFO - Sync 1 DAGs
[2025-04-08T09:14:34.633+0000] {logging_mixin.py:149} INFO - [2025-04-08T09:14:34.633+0000] {dag.py:3490} INFO - Setting next_dagrun for tutorial_dag to None, run_after=None
[2025-04-08T09:14:34.656+0000] {processor.py:179} INFO - Processing /home/airflow/.local/lib/python3.7/site-packages/airflow/example_dags/tutorial_dag.py took 0.084 seconds
[2025-04-08T09:15:04.752+0000] {processor.py:157} INFO - Started process (PID=700) to work on /home/airflow/.local/lib/python3.7/site-packages/airflow/example_dags/tutorial_dag.py
[2025-04-08T09:15:04.754+0000] {processor.py:826} INFO - Processing file /home/airflow/.local/lib/python3.7/site-packages/airflow/example_dags/tutorial_dag.py for tasks to queue
[2025-04-08T09:15:04.754+0000] {logging_mixin.py:149} INFO - [2025-04-08T09:15:04.754+0000] {dagbag.py:541} INFO - Filling up the DagBag from /home/airflow/.local/lib/python3.7/site-packages/airflow/example_dags/tutorial_dag.py
[2025-04-08T09:15:04.759+0000] {processor.py:836} INFO - DAG(s) dict_keys(['tutorial_dag']) retrieved from /home/airflow/.local/lib/python3.7/site-packages/airflow/example_dags/tutorial_dag.py
[2025-04-08T09:15:04.784+0000] {logging_mixin.py:149} INFO - [2025-04-08T09:15:04.784+0000] {dag.py:2726} INFO - Sync 1 DAGs
[2025-04-08T09:15:04.809+0000] {logging_mixin.py:149} INFO - [2025-04-08T09:15:04.809+0000] {dag.py:3490} INFO - Setting next_dagrun for tutorial_dag to None, run_after=None
[2025-04-08T09:15:04.830+0000] {processor.py:179} INFO - Processing /home/airflow/.local/lib/python3.7/site-packages/airflow/example_dags/tutorial_dag.py took 0.081 seconds
[2025-04-08T09:15:36.071+0000] {processor.py:157} INFO - Started process (PID=791) to work on /home/airflow/.local/lib/python3.7/site-packages/airflow/example_dags/tutorial_dag.py
[2025-04-08T09:15:36.072+0000] {processor.py:826} INFO - Processing file /home/airflow/.local/lib/python3.7/site-packages/airflow/example_dags/tutorial_dag.py for tasks to queue
[2025-04-08T09:15:36.072+0000] {logging_mixin.py:149} INFO - [2025-04-08T09:15:36.072+0000] {dagbag.py:541} INFO - Filling up the DagBag from /home/airflow/.local/lib/python3.7/site-packages/airflow/example_dags/tutorial_dag.py
[2025-04-08T09:15:36.077+0000] {processor.py:836} INFO - DAG(s) dict_keys(['tutorial_dag']) retrieved from /home/airflow/.local/lib/python3.7/site-packages/airflow/example_dags/tutorial_dag.py
[2025-04-08T09:15:36.102+0000] {logging_mixin.py:149} INFO - [2025-04-08T09:15:36.102+0000] {dag.py:2726} INFO - Sync 1 DAGs
[2025-04-08T09:15:36.128+0000] {logging_mixin.py:149} INFO - [2025-04-08T09:15:36.127+0000] {dag.py:3490} INFO - Setting next_dagrun for tutorial_dag to None, run_after=None
[2025-04-08T09:15:36.148+0000] {processor.py:179} INFO - Processing /home/airflow/.local/lib/python3.7/site-packages/airflow/example_dags/tutorial_dag.py took 0.080 seconds
[2025-04-08T09:16:07.462+0000] {processor.py:157} INFO - Started process (PID=882) to work on /home/airflow/.local/lib/python3.7/site-packages/airflow/example_dags/tutorial_dag.py
[2025-04-08T09:16:07.463+0000] {processor.py:826} INFO - Processing file /home/airflow/.local/lib/python3.7/site-packages/airflow/example_dags/tutorial_dag.py for tasks to queue
[2025-04-08T09:16:07.464+0000] {logging_mixin.py:149} INFO - [2025-04-08T09:16:07.464+0000] {dagbag.py:541} INFO - Filling up the DagBag from /home/airflow/.local/lib/python3.7/site-packages/airflow/example_dags/tutorial_dag.py
[2025-04-08T09:16:07.468+0000] {processor.py:836} INFO - DAG(s) dict_keys(['tutorial_dag']) retrieved from /home/airflow/.local/lib/python3.7/site-packages/airflow/example_dags/tutorial_dag.py
[2025-04-08T09:16:07.493+0000] {logging_mixin.py:149} INFO - [2025-04-08T09:16:07.493+0000] {dag.py:2726} INFO - Sync 1 DAGs
[2025-04-08T09:16:07.518+0000] {logging_mixin.py:149} INFO - [2025-04-08T09:16:07.518+0000] {dag.py:3490} INFO - Setting next_dagrun for tutorial_dag to None, run_after=None
[2025-04-08T09:16:07.542+0000] {processor.py:179} INFO - Processing /home/airflow/.local/lib/python3.7/site-packages/airflow/example_dags/tutorial_dag.py took 0.084 seconds
[2025-04-08T09:16:38.154+0000] {processor.py:157} INFO - Started process (PID=973) to work on /home/airflow/.local/lib/python3.7/site-packages/airflow/example_dags/tutorial_dag.py
[2025-04-08T09:16:38.155+0000] {processor.py:826} INFO - Processing file /home/airflow/.local/lib/python3.7/site-packages/airflow/example_dags/tutorial_dag.py for tasks to queue
[2025-04-08T09:16:38.156+0000] {logging_mixin.py:149} INFO - [2025-04-08T09:16:38.156+0000] {dagbag.py:541} INFO - Filling up the DagBag from /home/airflow/.local/lib/python3.7/site-packages/airflow/example_dags/tutorial_dag.py
[2025-04-08T09:16:38.161+0000] {processor.py:836} INFO - DAG(s) dict_keys(['tutorial_dag']) retrieved from /home/airflow/.local/lib/python3.7/site-packages/airflow/example_dags/tutorial_dag.py
[2025-04-08T09:16:38.188+0000] {logging_mixin.py:149} INFO - [2025-04-08T09:16:38.188+0000] {dag.py:2726} INFO - Sync 1 DAGs
[2025-04-08T09:16:38.216+0000] {logging_mixin.py:149} INFO - [2025-04-08T09:16:38.215+0000] {dag.py:3490} INFO - Setting next_dagrun for tutorial_dag to None, run_after=None
[2025-04-08T09:16:38.237+0000] {processor.py:179} INFO - Processing /home/airflow/.local/lib/python3.7/site-packages/airflow/example_dags/tutorial_dag.py took 0.086 seconds
[2025-04-08T09:17:08.476+0000] {processor.py:157} INFO - Started process (PID=1064) to work on /home/airflow/.local/lib/python3.7/site-packages/airflow/example_dags/tutorial_dag.py
[2025-04-08T09:17:08.477+0000] {processor.py:826} INFO - Processing file /home/airflow/.local/lib/python3.7/site-packages/airflow/example_dags/tutorial_dag.py for tasks to queue
[2025-04-08T09:17:08.478+0000] {logging_mixin.py:149} INFO - [2025-04-08T09:17:08.477+0000] {dagbag.py:541} INFO - Filling up the DagBag from /home/airflow/.local/lib/python3.7/site-packages/airflow/example_dags/tutorial_dag.py
[2025-04-08T09:17:08.482+0000] {processor.py:836} INFO - DAG(s) dict_keys(['tutorial_dag']) retrieved from /home/airflow/.local/lib/python3.7/site-packages/airflow/example_dags/tutorial_dag.py
[2025-04-08T09:17:08.509+0000] {logging_mixin.py:149} INFO - [2025-04-08T09:17:08.509+0000] {dag.py:2726} INFO - Sync 1 DAGs
[2025-04-08T09:17:08.539+0000] {logging_mixin.py:149} INFO - [2025-04-08T09:17:08.538+0000] {dag.py:3490} INFO - Setting next_dagrun for tutorial_dag to None, run_after=None
[2025-04-08T09:17:08.560+0000] {processor.py:179} INFO - Processing /home/airflow/.local/lib/python3.7/site-packages/airflow/example_dags/tutorial_dag.py took 0.088 seconds
[2025-04-08T09:17:39.085+0000] {processor.py:157} INFO - Started process (PID=1155) to work on /home/airflow/.local/lib/python3.7/site-packages/airflow/example_dags/tutorial_dag.py
[2025-04-08T09:17:39.087+0000] {processor.py:826} INFO - Processing file /home/airflow/.local/lib/python3.7/site-packages/airflow/example_dags/tutorial_dag.py for tasks to queue
[2025-04-08T09:17:39.087+0000] {logging_mixin.py:149} INFO - [2025-04-08T09:17:39.087+0000] {dagbag.py:541} INFO - Filling up the DagBag from /home/airflow/.local/lib/python3.7/site-packages/airflow/example_dags/tutorial_dag.py
[2025-04-08T09:17:39.092+0000] {processor.py:836} INFO - DAG(s) dict_keys(['tutorial_dag']) retrieved from /home/airflow/.local/lib/python3.7/site-packages/airflow/example_dags/tutorial_dag.py
[2025-04-08T09:17:39.118+0000] {logging_mixin.py:149} INFO - [2025-04-08T09:17:39.118+0000] {dag.py:2726} INFO - Sync 1 DAGs
[2025-04-08T09:17:39.146+0000] {logging_mixin.py:149} INFO - [2025-04-08T09:17:39.146+0000] {dag.py:3490} INFO - Setting next_dagrun for tutorial_dag to None, run_after=None
[2025-04-08T09:17:39.168+0000] {processor.py:179} INFO - Processing /home/airflow/.local/lib/python3.7/site-packages/airflow/example_dags/tutorial_dag.py took 0.086 seconds
[2025-04-08T09:18:09.643+0000] {processor.py:157} INFO - Started process (PID=1246) to work on /home/airflow/.local/lib/python3.7/site-packages/airflow/example_dags/tutorial_dag.py
[2025-04-08T09:18:09.644+0000] {processor.py:826} INFO - Processing file /home/airflow/.local/lib/python3.7/site-packages/airflow/example_dags/tutorial_dag.py for tasks to queue
[2025-04-08T09:18:09.645+0000] {logging_mixin.py:149} INFO - [2025-04-08T09:18:09.645+0000] {dagbag.py:541} INFO - Filling up the DagBag from /home/airflow/.local/lib/python3.7/site-packages/airflow/example_dags/tutorial_dag.py
[2025-04-08T09:18:09.650+0000] {processor.py:836} INFO - DAG(s) dict_keys(['tutorial_dag']) retrieved from /home/airflow/.local/lib/python3.7/site-packages/airflow/example_dags/tutorial_dag.py
[2025-04-08T09:18:09.677+0000] {logging_mixin.py:149} INFO - [2025-04-08T09:18:09.677+0000] {dag.py:2726} INFO - Sync 1 DAGs
[2025-04-08T09:18:09.706+0000] {logging_mixin.py:149} INFO - [2025-04-08T09:18:09.706+0000] {dag.py:3490} INFO - Setting next_dagrun for tutorial_dag to None, run_after=None
[2025-04-08T09:18:09.727+0000] {processor.py:179} INFO - Processing /home/airflow/.local/lib/python3.7/site-packages/airflow/example_dags/tutorial_dag.py took 0.088 seconds
[2025-04-08T09:18:40.285+0000] {processor.py:157} INFO - Started process (PID=1337) to work on /home/airflow/.local/lib/python3.7/site-packages/airflow/example_dags/tutorial_dag.py
[2025-04-08T09:18:40.286+0000] {processor.py:826} INFO - Processing file /home/airflow/.local/lib/python3.7/site-packages/airflow/example_dags/tutorial_dag.py for tasks to queue
[2025-04-08T09:18:40.287+0000] {logging_mixin.py:149} INFO - [2025-04-08T09:18:40.287+0000] {dagbag.py:541} INFO - Filling up the DagBag from /home/airflow/.local/lib/python3.7/site-packages/airflow/example_dags/tutorial_dag.py
[2025-04-08T09:18:40.292+0000] {processor.py:836} INFO - DAG(s) dict_keys(['tutorial_dag']) retrieved from /home/airflow/.local/lib/python3.7/site-packages/airflow/example_dags/tutorial_dag.py
[2025-04-08T09:18:40.318+0000] {logging_mixin.py:149} INFO - [2025-04-08T09:18:40.318+0000] {dag.py:2726} INFO - Sync 1 DAGs
[2025-04-08T09:18:40.345+0000] {logging_mixin.py:149} INFO - [2025-04-08T09:18:40.345+0000] {dag.py:3490} INFO - Setting next_dagrun for tutorial_dag to None, run_after=None
[2025-04-08T09:18:40.369+0000] {processor.py:179} INFO - Processing /home/airflow/.local/lib/python3.7/site-packages/airflow/example_dags/tutorial_dag.py took 0.087 seconds
