[2025-03-11T15:29:16.007+0000] {taskinstance.py:1103} INFO - Dependencies all met for dep_context=non-requeueable deps ti=<TaskInstance: file_watcher_dag.wait_for_new_file scheduled__2025-03-11T15:28:44.613291+00:00 [queued]>
[2025-03-11T15:29:16.016+0000] {taskinstance.py:1103} INFO - Dependencies all met for dep_context=requeueable deps ti=<TaskInstance: file_watcher_dag.wait_for_new_file scheduled__2025-03-11T15:28:44.613291+00:00 [queued]>
[2025-03-11T15:29:16.016+0000] {taskinstance.py:1308} INFO - Starting attempt 1 of 1
[2025-03-11T15:29:16.030+0000] {taskinstance.py:1327} INFO - Executing <Task(FileSensor): wait_for_new_file> on 2025-03-11 15:28:44.613291+00:00
[2025-03-11T15:29:16.039+0000] {standard_task_runner.py:57} INFO - Started process 1206 to run task
[2025-03-11T15:29:16.043+0000] {standard_task_runner.py:84} INFO - Running: ['***', 'tasks', 'run', 'file_watcher_dag', 'wait_for_new_file', 'scheduled__2025-03-11T15:28:44.613291+00:00', '--job-id', '326', '--raw', '--subdir', 'DAGS_FOLDER/watch.py', '--cfg-path', '/tmp/tmp_v70sc39']
[2025-03-11T15:29:16.046+0000] {standard_task_runner.py:85} INFO - Job 326: Subtask wait_for_new_file
[2025-03-11T15:29:16.097+0000] {task_command.py:410} INFO - Running <TaskInstance: file_watcher_dag.wait_for_new_file scheduled__2025-03-11T15:28:44.613291+00:00 [running]> on host 72a7cd2d8042
[2025-03-11T15:29:16.204+0000] {taskinstance.py:1547} INFO - Exporting env vars: AIRFLOW_CTX_DAG_OWNER='***' AIRFLOW_CTX_DAG_ID='file_watcher_dag' AIRFLOW_CTX_TASK_ID='wait_for_new_file' AIRFLOW_CTX_EXECUTION_DATE='2025-03-11T15:28:44.613291+00:00' AIRFLOW_CTX_TRY_NUMBER='1' AIRFLOW_CTX_DAG_RUN_ID='scheduled__2025-03-11T15:28:44.613291+00:00'
[2025-03-11T15:29:16.215+0000] {base.py:73} INFO - Using connection ID 'fs_default' for task execution.
[2025-03-11T15:29:16.215+0000] {filesystem.py:64} INFO - Poking for file /opt/***/dags/data/Vente.csv
[2025-03-11T15:29:26.233+0000] {base.py:73} INFO - Using connection ID 'fs_default' for task execution.
[2025-03-11T15:29:26.234+0000] {filesystem.py:64} INFO - Poking for file /opt/***/dags/data/Vente.csv
[2025-03-11T15:29:36.245+0000] {base.py:73} INFO - Using connection ID 'fs_default' for task execution.
[2025-03-11T15:29:36.245+0000] {filesystem.py:64} INFO - Poking for file /opt/***/dags/data/Vente.csv
[2025-03-11T15:29:36.246+0000] {taskinstance.py:1824} ERROR - Task failed with exception
Traceback (most recent call last):
  File "/home/airflow/.local/lib/python3.7/site-packages/airflow/sensors/base.py", line 242, in execute
    raise AirflowSensorTimeout(message)
airflow.exceptions.AirflowSensorTimeout: Sensor has timed out; run duration of 20.04026295100266 seconds exceeds the specified timeout of 20.
[2025-03-11T15:29:36.260+0000] {taskinstance.py:1350} INFO - Immediate failure requested. Marking task as FAILED. dag_id=file_watcher_dag, task_id=wait_for_new_file, execution_date=20250311T152844, start_date=20250311T152916, end_date=20250311T152936
[2025-03-11T15:29:36.311+0000] {standard_task_runner.py:109} ERROR - Failed to execute job 326 for task wait_for_new_file (Sensor has timed out; run duration of 20.04026295100266 seconds exceeds the specified timeout of 20.; 1206)
[2025-03-11T15:29:36.334+0000] {local_task_job_runner.py:225} INFO - Task exited with return code 1
[2025-03-11T15:29:36.387+0000] {taskinstance.py:2651} INFO - 0 downstream tasks scheduled from follow-on schedule check
