[2025-03-11T14:32:42.243+0000] {taskinstance.py:1103} INFO - Dependencies all met for dep_context=non-requeueable deps ti=<TaskInstance: csv_etl.wait_for_file manual__2025-03-11T14:32:39.947066+00:00 [queued]>
[2025-03-11T14:32:42.574+0000] {taskinstance.py:1103} INFO - Dependencies all met for dep_context=requeueable deps ti=<TaskInstance: csv_etl.wait_for_file manual__2025-03-11T14:32:39.947066+00:00 [queued]>
[2025-03-11T14:32:42.575+0000] {taskinstance.py:1308} INFO - Starting attempt 1 of 1
[2025-03-11T14:32:42.597+0000] {taskinstance.py:1327} INFO - Executing <Task(PythonSensor): wait_for_file> on 2025-03-11 14:32:39.947066+00:00
[2025-03-11T14:32:42.607+0000] {standard_task_runner.py:57} INFO - Started process 1689 to run task
[2025-03-11T14:32:42.624+0000] {standard_task_runner.py:84} INFO - Running: ['***', 'tasks', 'run', 'csv_etl', 'wait_for_file', 'manual__2025-03-11T14:32:39.947066+00:00', '--job-id', '148', '--raw', '--subdir', 'DAGS_FOLDER/etl2.py', '--cfg-path', '/tmp/tmp7_d278r4']
[2025-03-11T14:32:42.625+0000] {standard_task_runner.py:85} INFO - Job 148: Subtask wait_for_file
[2025-03-11T14:32:42.920+0000] {task_command.py:410} INFO - Running <TaskInstance: csv_etl.wait_for_file manual__2025-03-11T14:32:39.947066+00:00 [running]> on host 72a7cd2d8042
[2025-03-11T14:32:43.114+0000] {taskinstance.py:1547} INFO - Exporting env vars: AIRFLOW_CTX_DAG_OWNER='***' AIRFLOW_CTX_DAG_ID='csv_etl' AIRFLOW_CTX_TASK_ID='wait_for_file' AIRFLOW_CTX_EXECUTION_DATE='2025-03-11T14:32:39.947066+00:00' AIRFLOW_CTX_TRY_NUMBER='1' AIRFLOW_CTX_DAG_RUN_ID='manual__2025-03-11T14:32:39.947066+00:00'
[2025-03-11T14:32:43.134+0000] {python.py:72} INFO - Poking callable: <function check_file_modified at 0x7f4d08d68b90>
[2025-03-11T14:32:53.138+0000] {python.py:72} INFO - Poking callable: <function check_file_modified at 0x7f4d08d68b90>
[2025-03-11T14:33:03.148+0000] {python.py:72} INFO - Poking callable: <function check_file_modified at 0x7f4d08d68b90>
[2025-03-11T14:33:13.157+0000] {python.py:72} INFO - Poking callable: <function check_file_modified at 0x7f4d08d68b90>
[2025-03-11T14:33:23.161+0000] {python.py:72} INFO - Poking callable: <function check_file_modified at 0x7f4d08d68b90>
[2025-03-11T14:33:33.167+0000] {python.py:72} INFO - Poking callable: <function check_file_modified at 0x7f4d08d68b90>
[2025-03-11T14:33:43.172+0000] {python.py:72} INFO - Poking callable: <function check_file_modified at 0x7f4d08d68b90>
[2025-03-11T14:33:53.183+0000] {python.py:72} INFO - Poking callable: <function check_file_modified at 0x7f4d08d68b90>
[2025-03-11T14:34:03.192+0000] {python.py:72} INFO - Poking callable: <function check_file_modified at 0x7f4d08d68b90>
[2025-03-11T14:34:13.205+0000] {python.py:72} INFO - Poking callable: <function check_file_modified at 0x7f4d08d68b90>
[2025-03-11T14:34:23.214+0000] {python.py:72} INFO - Poking callable: <function check_file_modified at 0x7f4d08d68b90>
[2025-03-11T14:34:33.224+0000] {python.py:72} INFO - Poking callable: <function check_file_modified at 0x7f4d08d68b90>
[2025-03-11T14:34:43.234+0000] {python.py:72} INFO - Poking callable: <function check_file_modified at 0x7f4d08d68b90>
[2025-03-11T14:34:53.243+0000] {python.py:72} INFO - Poking callable: <function check_file_modified at 0x7f4d08d68b90>
[2025-03-11T14:34:53.963+0000] {local_task_job_runner.py:292} WARNING - State of this instance has been externally set to None. Terminating instance.
[2025-03-11T14:34:53.965+0000] {process_utils.py:135} INFO - Sending Signals.SIGTERM to group 1689. PIDs of all processes in the group: [1689]
[2025-03-11T14:34:53.965+0000] {process_utils.py:86} INFO - Sending the signal Signals.SIGTERM to group 1689
[2025-03-11T14:34:53.965+0000] {taskinstance.py:1517} ERROR - Received SIGTERM. Terminating subprocesses.
[2025-03-11T14:34:53.975+0000] {taskinstance.py:1824} ERROR - Task failed with exception
Traceback (most recent call last):
  File "/home/airflow/.local/lib/python3.7/site-packages/airflow/sensors/base.py", line 253, in execute
    time.sleep(self._get_next_poke_interval(started_at, run_duration, try_number))
  File "/home/airflow/.local/lib/python3.7/site-packages/airflow/models/taskinstance.py", line 1519, in signal_handler
    raise AirflowException("Task received SIGTERM signal")
airflow.exceptions.AirflowException: Task received SIGTERM signal
[2025-03-11T14:34:53.982+0000] {taskinstance.py:1350} INFO - Marking task as FAILED. dag_id=csv_etl, task_id=wait_for_file, execution_date=20250311T143239, start_date=20250311T143242, end_date=20250311T143453
[2025-03-11T14:34:53.995+0000] {standard_task_runner.py:109} ERROR - Failed to execute job 148 for task wait_for_file ((psycopg2.errors.ForeignKeyViolation) insert or update on table "task_fail" violates foreign key constraint "task_fail_ti_fkey"
DETAIL:  Key (dag_id, task_id, run_id, map_index)=(csv_etl, wait_for_file, manual__2025-03-11T14:32:39.947066+00:00, -1) is not present in table "task_instance".

[SQL: INSERT INTO task_fail (task_id, dag_id, run_id, map_index, start_date, end_date, duration) VALUES (%(task_id)s, %(dag_id)s, %(run_id)s, %(map_index)s, %(start_date)s, %(end_date)s, %(duration)s) RETURNING task_fail.id]
[parameters: {'task_id': 'wait_for_file', 'dag_id': 'csv_etl', 'run_id': 'manual__2025-03-11T14:32:39.947066+00:00', 'map_index': -1, 'start_date': datetime.datetime(2025, 3, 11, 14, 32, 42, 244557, tzinfo=Timezone('UTC')), 'end_date': datetime.datetime(2025, 3, 11, 14, 34, 53, 981993, tzinfo=Timezone('UTC')), 'duration': 131}]
(Background on this error at: https://sqlalche.me/e/14/gkpj); 1689)
[2025-03-11T14:34:54.017+0000] {process_utils.py:79} INFO - Process psutil.Process(pid=1689, status='terminated', exitcode=1, started='14:32:41') (1689) terminated with exit code 1
