[2025-04-08T09:11:57.099+0000] {processor.py:157} INFO - Started process (PID=92) to work on /home/airflow/.local/lib/python3.7/site-packages/airflow/example_dags/example_latest_only_with_trigger.py
[2025-04-08T09:11:57.102+0000] {processor.py:826} INFO - Processing file /home/airflow/.local/lib/python3.7/site-packages/airflow/example_dags/example_latest_only_with_trigger.py for tasks to queue
[2025-04-08T09:11:57.104+0000] {logging_mixin.py:149} INFO - [2025-04-08T09:11:57.103+0000] {dagbag.py:541} INFO - Filling up the DagBag from /home/airflow/.local/lib/python3.7/site-packages/airflow/example_dags/example_latest_only_with_trigger.py
[2025-04-08T09:11:57.133+0000] {processor.py:836} INFO - DAG(s) dict_keys(['latest_only_with_trigger']) retrieved from /home/airflow/.local/lib/python3.7/site-packages/airflow/example_dags/example_latest_only_with_trigger.py
[2025-04-08T09:11:57.185+0000] {logging_mixin.py:149} INFO - [2025-04-08T09:11:57.184+0000] {dag.py:2726} INFO - Sync 1 DAGs
[2025-04-08T09:11:57.246+0000] {logging_mixin.py:149} INFO - [2025-04-08T09:11:57.245+0000] {dag.py:3490} INFO - Setting next_dagrun for latest_only_with_trigger to 2025-04-08T05:11:57.244523+00:00, run_after=2025-04-08T09:11:57.244523+00:00
[2025-04-08T09:11:57.286+0000] {processor.py:179} INFO - Processing /home/airflow/.local/lib/python3.7/site-packages/airflow/example_dags/example_latest_only_with_trigger.py took 0.210 seconds
[2025-04-08T09:12:27.690+0000] {processor.py:157} INFO - Started process (PID=218) to work on /home/airflow/.local/lib/python3.7/site-packages/airflow/example_dags/example_latest_only_with_trigger.py
[2025-04-08T09:12:27.691+0000] {processor.py:826} INFO - Processing file /home/airflow/.local/lib/python3.7/site-packages/airflow/example_dags/example_latest_only_with_trigger.py for tasks to queue
[2025-04-08T09:12:27.692+0000] {logging_mixin.py:149} INFO - [2025-04-08T09:12:27.692+0000] {dagbag.py:541} INFO - Filling up the DagBag from /home/airflow/.local/lib/python3.7/site-packages/airflow/example_dags/example_latest_only_with_trigger.py
[2025-04-08T09:12:27.699+0000] {processor.py:836} INFO - DAG(s) dict_keys(['latest_only_with_trigger']) retrieved from /home/airflow/.local/lib/python3.7/site-packages/airflow/example_dags/example_latest_only_with_trigger.py
[2025-04-08T09:12:27.727+0000] {logging_mixin.py:149} INFO - [2025-04-08T09:12:27.727+0000] {dag.py:2726} INFO - Sync 1 DAGs
[2025-04-08T09:12:27.755+0000] {logging_mixin.py:149} INFO - [2025-04-08T09:12:27.755+0000] {dag.py:3490} INFO - Setting next_dagrun for latest_only_with_trigger to 2025-04-08T05:12:27.754880+00:00, run_after=2025-04-08T09:12:27.754880+00:00
[2025-04-08T09:12:27.777+0000] {processor.py:179} INFO - Processing /home/airflow/.local/lib/python3.7/site-packages/airflow/example_dags/example_latest_only_with_trigger.py took 0.090 seconds
[2025-04-08T09:12:59.503+0000] {processor.py:157} INFO - Started process (PID=309) to work on /home/airflow/.local/lib/python3.7/site-packages/airflow/example_dags/example_latest_only_with_trigger.py
[2025-04-08T09:12:59.505+0000] {processor.py:826} INFO - Processing file /home/airflow/.local/lib/python3.7/site-packages/airflow/example_dags/example_latest_only_with_trigger.py for tasks to queue
[2025-04-08T09:12:59.505+0000] {logging_mixin.py:149} INFO - [2025-04-08T09:12:59.505+0000] {dagbag.py:541} INFO - Filling up the DagBag from /home/airflow/.local/lib/python3.7/site-packages/airflow/example_dags/example_latest_only_with_trigger.py
[2025-04-08T09:12:59.513+0000] {processor.py:836} INFO - DAG(s) dict_keys(['latest_only_with_trigger']) retrieved from /home/airflow/.local/lib/python3.7/site-packages/airflow/example_dags/example_latest_only_with_trigger.py
[2025-04-08T09:12:59.539+0000] {logging_mixin.py:149} INFO - [2025-04-08T09:12:59.539+0000] {dag.py:2726} INFO - Sync 1 DAGs
[2025-04-08T09:12:59.679+0000] {logging_mixin.py:149} INFO - [2025-04-08T09:12:59.679+0000] {dag.py:3490} INFO - Setting next_dagrun for latest_only_with_trigger to 2025-04-08T05:12:59.679197+00:00, run_after=2025-04-08T09:12:59.679197+00:00
[2025-04-08T09:12:59.701+0000] {processor.py:179} INFO - Processing /home/airflow/.local/lib/python3.7/site-packages/airflow/example_dags/example_latest_only_with_trigger.py took 0.201 seconds
[2025-04-08T09:13:29.983+0000] {processor.py:157} INFO - Started process (PID=400) to work on /home/airflow/.local/lib/python3.7/site-packages/airflow/example_dags/example_latest_only_with_trigger.py
[2025-04-08T09:13:29.984+0000] {processor.py:826} INFO - Processing file /home/airflow/.local/lib/python3.7/site-packages/airflow/example_dags/example_latest_only_with_trigger.py for tasks to queue
[2025-04-08T09:13:29.985+0000] {logging_mixin.py:149} INFO - [2025-04-08T09:13:29.985+0000] {dagbag.py:541} INFO - Filling up the DagBag from /home/airflow/.local/lib/python3.7/site-packages/airflow/example_dags/example_latest_only_with_trigger.py
[2025-04-08T09:13:29.993+0000] {processor.py:836} INFO - DAG(s) dict_keys(['latest_only_with_trigger']) retrieved from /home/airflow/.local/lib/python3.7/site-packages/airflow/example_dags/example_latest_only_with_trigger.py
[2025-04-08T09:13:30.021+0000] {logging_mixin.py:149} INFO - [2025-04-08T09:13:30.021+0000] {dag.py:2726} INFO - Sync 1 DAGs
[2025-04-08T09:13:30.051+0000] {logging_mixin.py:149} INFO - [2025-04-08T09:13:30.051+0000] {dag.py:3490} INFO - Setting next_dagrun for latest_only_with_trigger to 2025-04-08T05:13:30.050753+00:00, run_after=2025-04-08T09:13:30.050753+00:00
[2025-04-08T09:13:30.077+0000] {processor.py:179} INFO - Processing /home/airflow/.local/lib/python3.7/site-packages/airflow/example_dags/example_latest_only_with_trigger.py took 0.099 seconds
[2025-04-08T09:14:00.482+0000] {processor.py:157} INFO - Started process (PID=491) to work on /home/airflow/.local/lib/python3.7/site-packages/airflow/example_dags/example_latest_only_with_trigger.py
[2025-04-08T09:14:00.483+0000] {processor.py:826} INFO - Processing file /home/airflow/.local/lib/python3.7/site-packages/airflow/example_dags/example_latest_only_with_trigger.py for tasks to queue
[2025-04-08T09:14:00.484+0000] {logging_mixin.py:149} INFO - [2025-04-08T09:14:00.484+0000] {dagbag.py:541} INFO - Filling up the DagBag from /home/airflow/.local/lib/python3.7/site-packages/airflow/example_dags/example_latest_only_with_trigger.py
[2025-04-08T09:14:00.490+0000] {processor.py:836} INFO - DAG(s) dict_keys(['latest_only_with_trigger']) retrieved from /home/airflow/.local/lib/python3.7/site-packages/airflow/example_dags/example_latest_only_with_trigger.py
[2025-04-08T09:14:00.514+0000] {logging_mixin.py:149} INFO - [2025-04-08T09:14:00.514+0000] {dag.py:2726} INFO - Sync 1 DAGs
[2025-04-08T09:14:00.541+0000] {logging_mixin.py:149} INFO - [2025-04-08T09:14:00.541+0000] {dag.py:3490} INFO - Setting next_dagrun for latest_only_with_trigger to 2025-04-08T05:14:00.541045+00:00, run_after=2025-04-08T09:14:00.541045+00:00
[2025-04-08T09:14:00.563+0000] {processor.py:179} INFO - Processing /home/airflow/.local/lib/python3.7/site-packages/airflow/example_dags/example_latest_only_with_trigger.py took 0.085 seconds
[2025-04-08T09:14:31.763+0000] {processor.py:157} INFO - Started process (PID=582) to work on /home/airflow/.local/lib/python3.7/site-packages/airflow/example_dags/example_latest_only_with_trigger.py
[2025-04-08T09:14:31.763+0000] {processor.py:826} INFO - Processing file /home/airflow/.local/lib/python3.7/site-packages/airflow/example_dags/example_latest_only_with_trigger.py for tasks to queue
[2025-04-08T09:14:31.764+0000] {logging_mixin.py:149} INFO - [2025-04-08T09:14:31.764+0000] {dagbag.py:541} INFO - Filling up the DagBag from /home/airflow/.local/lib/python3.7/site-packages/airflow/example_dags/example_latest_only_with_trigger.py
[2025-04-08T09:14:31.770+0000] {processor.py:836} INFO - DAG(s) dict_keys(['latest_only_with_trigger']) retrieved from /home/airflow/.local/lib/python3.7/site-packages/airflow/example_dags/example_latest_only_with_trigger.py
[2025-04-08T09:14:31.795+0000] {logging_mixin.py:149} INFO - [2025-04-08T09:14:31.795+0000] {dag.py:2726} INFO - Sync 1 DAGs
[2025-04-08T09:14:31.824+0000] {logging_mixin.py:149} INFO - [2025-04-08T09:14:31.823+0000] {dag.py:3490} INFO - Setting next_dagrun for latest_only_with_trigger to 2025-04-08T05:14:31.823718+00:00, run_after=2025-04-08T09:14:31.823718+00:00
[2025-04-08T09:14:31.846+0000] {processor.py:179} INFO - Processing /home/airflow/.local/lib/python3.7/site-packages/airflow/example_dags/example_latest_only_with_trigger.py took 0.087 seconds
[2025-04-08T09:15:03.098+0000] {processor.py:157} INFO - Started process (PID=673) to work on /home/airflow/.local/lib/python3.7/site-packages/airflow/example_dags/example_latest_only_with_trigger.py
[2025-04-08T09:15:03.100+0000] {processor.py:826} INFO - Processing file /home/airflow/.local/lib/python3.7/site-packages/airflow/example_dags/example_latest_only_with_trigger.py for tasks to queue
[2025-04-08T09:15:03.100+0000] {logging_mixin.py:149} INFO - [2025-04-08T09:15:03.100+0000] {dagbag.py:541} INFO - Filling up the DagBag from /home/airflow/.local/lib/python3.7/site-packages/airflow/example_dags/example_latest_only_with_trigger.py
[2025-04-08T09:15:03.107+0000] {processor.py:836} INFO - DAG(s) dict_keys(['latest_only_with_trigger']) retrieved from /home/airflow/.local/lib/python3.7/site-packages/airflow/example_dags/example_latest_only_with_trigger.py
[2025-04-08T09:15:03.133+0000] {logging_mixin.py:149} INFO - [2025-04-08T09:15:03.132+0000] {dag.py:2726} INFO - Sync 1 DAGs
[2025-04-08T09:15:03.161+0000] {logging_mixin.py:149} INFO - [2025-04-08T09:15:03.161+0000] {dag.py:3490} INFO - Setting next_dagrun for latest_only_with_trigger to 2025-04-08T05:15:03.160956+00:00, run_after=2025-04-08T09:15:03.160956+00:00
[2025-04-08T09:15:03.183+0000] {processor.py:179} INFO - Processing /home/airflow/.local/lib/python3.7/site-packages/airflow/example_dags/example_latest_only_with_trigger.py took 0.089 seconds
[2025-04-08T09:15:34.359+0000] {processor.py:157} INFO - Started process (PID=765) to work on /home/airflow/.local/lib/python3.7/site-packages/airflow/example_dags/example_latest_only_with_trigger.py
[2025-04-08T09:15:34.360+0000] {processor.py:826} INFO - Processing file /home/airflow/.local/lib/python3.7/site-packages/airflow/example_dags/example_latest_only_with_trigger.py for tasks to queue
[2025-04-08T09:15:34.361+0000] {logging_mixin.py:149} INFO - [2025-04-08T09:15:34.360+0000] {dagbag.py:541} INFO - Filling up the DagBag from /home/airflow/.local/lib/python3.7/site-packages/airflow/example_dags/example_latest_only_with_trigger.py
[2025-04-08T09:15:34.367+0000] {processor.py:836} INFO - DAG(s) dict_keys(['latest_only_with_trigger']) retrieved from /home/airflow/.local/lib/python3.7/site-packages/airflow/example_dags/example_latest_only_with_trigger.py
[2025-04-08T09:15:34.394+0000] {logging_mixin.py:149} INFO - [2025-04-08T09:15:34.393+0000] {dag.py:2726} INFO - Sync 1 DAGs
[2025-04-08T09:15:34.419+0000] {logging_mixin.py:149} INFO - [2025-04-08T09:15:34.419+0000] {dag.py:3490} INFO - Setting next_dagrun for latest_only_with_trigger to 2025-04-08T05:15:34.419487+00:00, run_after=2025-04-08T09:15:34.419487+00:00
[2025-04-08T09:15:34.439+0000] {processor.py:179} INFO - Processing /home/airflow/.local/lib/python3.7/site-packages/airflow/example_dags/example_latest_only_with_trigger.py took 0.084 seconds
[2025-04-08T09:16:05.598+0000] {processor.py:157} INFO - Started process (PID=856) to work on /home/airflow/.local/lib/python3.7/site-packages/airflow/example_dags/example_latest_only_with_trigger.py
[2025-04-08T09:16:05.599+0000] {processor.py:826} INFO - Processing file /home/airflow/.local/lib/python3.7/site-packages/airflow/example_dags/example_latest_only_with_trigger.py for tasks to queue
[2025-04-08T09:16:05.600+0000] {logging_mixin.py:149} INFO - [2025-04-08T09:16:05.599+0000] {dagbag.py:541} INFO - Filling up the DagBag from /home/airflow/.local/lib/python3.7/site-packages/airflow/example_dags/example_latest_only_with_trigger.py
[2025-04-08T09:16:05.606+0000] {processor.py:836} INFO - DAG(s) dict_keys(['latest_only_with_trigger']) retrieved from /home/airflow/.local/lib/python3.7/site-packages/airflow/example_dags/example_latest_only_with_trigger.py
[2025-04-08T09:16:05.633+0000] {logging_mixin.py:149} INFO - [2025-04-08T09:16:05.633+0000] {dag.py:2726} INFO - Sync 1 DAGs
[2025-04-08T09:16:05.664+0000] {logging_mixin.py:149} INFO - [2025-04-08T09:16:05.664+0000] {dag.py:3490} INFO - Setting next_dagrun for latest_only_with_trigger to 2025-04-08T05:16:05.664485+00:00, run_after=2025-04-08T09:16:05.664485+00:00
[2025-04-08T09:16:05.688+0000] {processor.py:179} INFO - Processing /home/airflow/.local/lib/python3.7/site-packages/airflow/example_dags/example_latest_only_with_trigger.py took 0.094 seconds
[2025-04-08T09:16:36.292+0000] {processor.py:157} INFO - Started process (PID=947) to work on /home/airflow/.local/lib/python3.7/site-packages/airflow/example_dags/example_latest_only_with_trigger.py
[2025-04-08T09:16:36.293+0000] {processor.py:826} INFO - Processing file /home/airflow/.local/lib/python3.7/site-packages/airflow/example_dags/example_latest_only_with_trigger.py for tasks to queue
[2025-04-08T09:16:36.293+0000] {logging_mixin.py:149} INFO - [2025-04-08T09:16:36.293+0000] {dagbag.py:541} INFO - Filling up the DagBag from /home/airflow/.local/lib/python3.7/site-packages/airflow/example_dags/example_latest_only_with_trigger.py
[2025-04-08T09:16:36.301+0000] {processor.py:836} INFO - DAG(s) dict_keys(['latest_only_with_trigger']) retrieved from /home/airflow/.local/lib/python3.7/site-packages/airflow/example_dags/example_latest_only_with_trigger.py
[2025-04-08T09:16:36.331+0000] {logging_mixin.py:149} INFO - [2025-04-08T09:16:36.331+0000] {dag.py:2726} INFO - Sync 1 DAGs
[2025-04-08T09:16:36.359+0000] {logging_mixin.py:149} INFO - [2025-04-08T09:16:36.358+0000] {dag.py:3490} INFO - Setting next_dagrun for latest_only_with_trigger to 2025-04-08T05:16:36.358547+00:00, run_after=2025-04-08T09:16:36.358547+00:00
[2025-04-08T09:16:36.381+0000] {processor.py:179} INFO - Processing /home/airflow/.local/lib/python3.7/site-packages/airflow/example_dags/example_latest_only_with_trigger.py took 0.093 seconds
[2025-04-08T09:17:06.821+0000] {processor.py:157} INFO - Started process (PID=1038) to work on /home/airflow/.local/lib/python3.7/site-packages/airflow/example_dags/example_latest_only_with_trigger.py
[2025-04-08T09:17:06.822+0000] {processor.py:826} INFO - Processing file /home/airflow/.local/lib/python3.7/site-packages/airflow/example_dags/example_latest_only_with_trigger.py for tasks to queue
[2025-04-08T09:17:06.823+0000] {logging_mixin.py:149} INFO - [2025-04-08T09:17:06.823+0000] {dagbag.py:541} INFO - Filling up the DagBag from /home/airflow/.local/lib/python3.7/site-packages/airflow/example_dags/example_latest_only_with_trigger.py
[2025-04-08T09:17:06.830+0000] {processor.py:836} INFO - DAG(s) dict_keys(['latest_only_with_trigger']) retrieved from /home/airflow/.local/lib/python3.7/site-packages/airflow/example_dags/example_latest_only_with_trigger.py
[2025-04-08T09:17:06.858+0000] {logging_mixin.py:149} INFO - [2025-04-08T09:17:06.858+0000] {dag.py:2726} INFO - Sync 1 DAGs
[2025-04-08T09:17:06.888+0000] {logging_mixin.py:149} INFO - [2025-04-08T09:17:06.888+0000] {dag.py:3490} INFO - Setting next_dagrun for latest_only_with_trigger to 2025-04-08T05:17:06.887820+00:00, run_after=2025-04-08T09:17:06.887820+00:00
[2025-04-08T09:17:06.910+0000] {processor.py:179} INFO - Processing /home/airflow/.local/lib/python3.7/site-packages/airflow/example_dags/example_latest_only_with_trigger.py took 0.092 seconds
[2025-04-08T09:17:37.307+0000] {processor.py:157} INFO - Started process (PID=1129) to work on /home/airflow/.local/lib/python3.7/site-packages/airflow/example_dags/example_latest_only_with_trigger.py
[2025-04-08T09:17:37.308+0000] {processor.py:826} INFO - Processing file /home/airflow/.local/lib/python3.7/site-packages/airflow/example_dags/example_latest_only_with_trigger.py for tasks to queue
[2025-04-08T09:17:37.308+0000] {logging_mixin.py:149} INFO - [2025-04-08T09:17:37.308+0000] {dagbag.py:541} INFO - Filling up the DagBag from /home/airflow/.local/lib/python3.7/site-packages/airflow/example_dags/example_latest_only_with_trigger.py
[2025-04-08T09:17:37.315+0000] {processor.py:836} INFO - DAG(s) dict_keys(['latest_only_with_trigger']) retrieved from /home/airflow/.local/lib/python3.7/site-packages/airflow/example_dags/example_latest_only_with_trigger.py
[2025-04-08T09:17:37.341+0000] {logging_mixin.py:149} INFO - [2025-04-08T09:17:37.341+0000] {dag.py:2726} INFO - Sync 1 DAGs
[2025-04-08T09:17:37.370+0000] {logging_mixin.py:149} INFO - [2025-04-08T09:17:37.370+0000] {dag.py:3490} INFO - Setting next_dagrun for latest_only_with_trigger to 2025-04-08T05:17:37.369917+00:00, run_after=2025-04-08T09:17:37.369917+00:00
[2025-04-08T09:17:37.397+0000] {processor.py:179} INFO - Processing /home/airflow/.local/lib/python3.7/site-packages/airflow/example_dags/example_latest_only_with_trigger.py took 0.093 seconds
[2025-04-08T09:18:07.903+0000] {processor.py:157} INFO - Started process (PID=1220) to work on /home/airflow/.local/lib/python3.7/site-packages/airflow/example_dags/example_latest_only_with_trigger.py
[2025-04-08T09:18:07.904+0000] {processor.py:826} INFO - Processing file /home/airflow/.local/lib/python3.7/site-packages/airflow/example_dags/example_latest_only_with_trigger.py for tasks to queue
[2025-04-08T09:18:07.905+0000] {logging_mixin.py:149} INFO - [2025-04-08T09:18:07.905+0000] {dagbag.py:541} INFO - Filling up the DagBag from /home/airflow/.local/lib/python3.7/site-packages/airflow/example_dags/example_latest_only_with_trigger.py
[2025-04-08T09:18:07.913+0000] {processor.py:836} INFO - DAG(s) dict_keys(['latest_only_with_trigger']) retrieved from /home/airflow/.local/lib/python3.7/site-packages/airflow/example_dags/example_latest_only_with_trigger.py
[2025-04-08T09:18:07.942+0000] {logging_mixin.py:149} INFO - [2025-04-08T09:18:07.942+0000] {dag.py:2726} INFO - Sync 1 DAGs
[2025-04-08T09:18:07.975+0000] {logging_mixin.py:149} INFO - [2025-04-08T09:18:07.975+0000] {dag.py:3490} INFO - Setting next_dagrun for latest_only_with_trigger to 2025-04-08T05:18:07.975418+00:00, run_after=2025-04-08T09:18:07.975418+00:00
[2025-04-08T09:18:07.998+0000] {processor.py:179} INFO - Processing /home/airflow/.local/lib/python3.7/site-packages/airflow/example_dags/example_latest_only_with_trigger.py took 0.099 seconds
[2025-04-08T09:18:38.358+0000] {processor.py:157} INFO - Started process (PID=1310) to work on /home/airflow/.local/lib/python3.7/site-packages/airflow/example_dags/example_latest_only_with_trigger.py
[2025-04-08T09:18:38.359+0000] {processor.py:826} INFO - Processing file /home/airflow/.local/lib/python3.7/site-packages/airflow/example_dags/example_latest_only_with_trigger.py for tasks to queue
[2025-04-08T09:18:38.360+0000] {logging_mixin.py:149} INFO - [2025-04-08T09:18:38.360+0000] {dagbag.py:541} INFO - Filling up the DagBag from /home/airflow/.local/lib/python3.7/site-packages/airflow/example_dags/example_latest_only_with_trigger.py
[2025-04-08T09:18:38.366+0000] {processor.py:836} INFO - DAG(s) dict_keys(['latest_only_with_trigger']) retrieved from /home/airflow/.local/lib/python3.7/site-packages/airflow/example_dags/example_latest_only_with_trigger.py
[2025-04-08T09:18:38.394+0000] {logging_mixin.py:149} INFO - [2025-04-08T09:18:38.393+0000] {dag.py:2726} INFO - Sync 1 DAGs
[2025-04-08T09:18:38.424+0000] {logging_mixin.py:149} INFO - [2025-04-08T09:18:38.424+0000] {dag.py:3490} INFO - Setting next_dagrun for latest_only_with_trigger to 2025-04-08T05:18:38.424261+00:00, run_after=2025-04-08T09:18:38.424261+00:00
[2025-04-08T09:18:38.446+0000] {processor.py:179} INFO - Processing /home/airflow/.local/lib/python3.7/site-packages/airflow/example_dags/example_latest_only_with_trigger.py took 0.092 seconds
