[2025-04-08T09:11:59.907+0000] {processor.py:157} INFO - Started process (PID=115) to work on /home/airflow/.local/lib/python3.7/site-packages/airflow/example_dags/example_nested_branch_dag.py
[2025-04-08T09:11:59.908+0000] {processor.py:826} INFO - Processing file /home/airflow/.local/lib/python3.7/site-packages/airflow/example_dags/example_nested_branch_dag.py for tasks to queue
[2025-04-08T09:11:59.909+0000] {logging_mixin.py:149} INFO - [2025-04-08T09:11:59.909+0000] {dagbag.py:541} INFO - Filling up the DagBag from /home/airflow/.local/lib/python3.7/site-packages/airflow/example_dags/example_nested_branch_dag.py
[2025-04-08T09:11:59.922+0000] {processor.py:836} INFO - DAG(s) dict_keys(['example_nested_branch_dag']) retrieved from /home/airflow/.local/lib/python3.7/site-packages/airflow/example_dags/example_nested_branch_dag.py
[2025-04-08T09:11:59.956+0000] {logging_mixin.py:149} INFO - [2025-04-08T09:11:59.956+0000] {dag.py:2726} INFO - Sync 1 DAGs
[2025-04-08T09:11:59.986+0000] {logging_mixin.py:149} INFO - [2025-04-08T09:11:59.986+0000] {dag.py:3490} INFO - Setting next_dagrun for example_nested_branch_dag to 2025-04-07T00:00:00+00:00, run_after=2025-04-08T00:00:00+00:00
[2025-04-08T09:12:00.011+0000] {processor.py:179} INFO - Processing /home/airflow/.local/lib/python3.7/site-packages/airflow/example_dags/example_nested_branch_dag.py took 0.107 seconds
[2025-04-08T09:12:30.911+0000] {processor.py:157} INFO - Started process (PID=242) to work on /home/airflow/.local/lib/python3.7/site-packages/airflow/example_dags/example_nested_branch_dag.py
[2025-04-08T09:12:30.912+0000] {processor.py:826} INFO - Processing file /home/airflow/.local/lib/python3.7/site-packages/airflow/example_dags/example_nested_branch_dag.py for tasks to queue
[2025-04-08T09:12:30.913+0000] {logging_mixin.py:149} INFO - [2025-04-08T09:12:30.913+0000] {dagbag.py:541} INFO - Filling up the DagBag from /home/airflow/.local/lib/python3.7/site-packages/airflow/example_dags/example_nested_branch_dag.py
[2025-04-08T09:12:30.923+0000] {processor.py:836} INFO - DAG(s) dict_keys(['example_nested_branch_dag']) retrieved from /home/airflow/.local/lib/python3.7/site-packages/airflow/example_dags/example_nested_branch_dag.py
[2025-04-08T09:12:30.954+0000] {logging_mixin.py:149} INFO - [2025-04-08T09:12:30.954+0000] {dag.py:2726} INFO - Sync 1 DAGs
[2025-04-08T09:12:30.988+0000] {logging_mixin.py:149} INFO - [2025-04-08T09:12:30.988+0000] {dag.py:3490} INFO - Setting next_dagrun for example_nested_branch_dag to 2025-04-07T00:00:00+00:00, run_after=2025-04-08T00:00:00+00:00
[2025-04-08T09:12:31.132+0000] {processor.py:179} INFO - Processing /home/airflow/.local/lib/python3.7/site-packages/airflow/example_dags/example_nested_branch_dag.py took 0.224 seconds
[2025-04-08T09:13:02.582+0000] {processor.py:157} INFO - Started process (PID=333) to work on /home/airflow/.local/lib/python3.7/site-packages/airflow/example_dags/example_nested_branch_dag.py
[2025-04-08T09:13:02.583+0000] {processor.py:826} INFO - Processing file /home/airflow/.local/lib/python3.7/site-packages/airflow/example_dags/example_nested_branch_dag.py for tasks to queue
[2025-04-08T09:13:02.584+0000] {logging_mixin.py:149} INFO - [2025-04-08T09:13:02.584+0000] {dagbag.py:541} INFO - Filling up the DagBag from /home/airflow/.local/lib/python3.7/site-packages/airflow/example_dags/example_nested_branch_dag.py
[2025-04-08T09:13:02.594+0000] {processor.py:836} INFO - DAG(s) dict_keys(['example_nested_branch_dag']) retrieved from /home/airflow/.local/lib/python3.7/site-packages/airflow/example_dags/example_nested_branch_dag.py
[2025-04-08T09:13:02.735+0000] {logging_mixin.py:149} INFO - [2025-04-08T09:13:02.735+0000] {dag.py:2726} INFO - Sync 1 DAGs
[2025-04-08T09:13:02.760+0000] {logging_mixin.py:149} INFO - [2025-04-08T09:13:02.760+0000] {dag.py:3490} INFO - Setting next_dagrun for example_nested_branch_dag to 2025-04-07T00:00:00+00:00, run_after=2025-04-08T00:00:00+00:00
[2025-04-08T09:13:02.779+0000] {processor.py:179} INFO - Processing /home/airflow/.local/lib/python3.7/site-packages/airflow/example_dags/example_nested_branch_dag.py took 0.200 seconds
[2025-04-08T09:13:32.840+0000] {processor.py:157} INFO - Started process (PID=424) to work on /home/airflow/.local/lib/python3.7/site-packages/airflow/example_dags/example_nested_branch_dag.py
[2025-04-08T09:13:32.841+0000] {processor.py:826} INFO - Processing file /home/airflow/.local/lib/python3.7/site-packages/airflow/example_dags/example_nested_branch_dag.py for tasks to queue
[2025-04-08T09:13:32.842+0000] {logging_mixin.py:149} INFO - [2025-04-08T09:13:32.842+0000] {dagbag.py:541} INFO - Filling up the DagBag from /home/airflow/.local/lib/python3.7/site-packages/airflow/example_dags/example_nested_branch_dag.py
[2025-04-08T09:13:32.853+0000] {processor.py:836} INFO - DAG(s) dict_keys(['example_nested_branch_dag']) retrieved from /home/airflow/.local/lib/python3.7/site-packages/airflow/example_dags/example_nested_branch_dag.py
[2025-04-08T09:13:32.882+0000] {logging_mixin.py:149} INFO - [2025-04-08T09:13:32.881+0000] {dag.py:2726} INFO - Sync 1 DAGs
[2025-04-08T09:13:32.913+0000] {logging_mixin.py:149} INFO - [2025-04-08T09:13:32.913+0000] {dag.py:3490} INFO - Setting next_dagrun for example_nested_branch_dag to 2025-04-07T00:00:00+00:00, run_after=2025-04-08T00:00:00+00:00
[2025-04-08T09:13:32.937+0000] {processor.py:179} INFO - Processing /home/airflow/.local/lib/python3.7/site-packages/airflow/example_dags/example_nested_branch_dag.py took 0.100 seconds
[2025-04-08T09:14:03.121+0000] {processor.py:157} INFO - Started process (PID=515) to work on /home/airflow/.local/lib/python3.7/site-packages/airflow/example_dags/example_nested_branch_dag.py
[2025-04-08T09:14:03.122+0000] {processor.py:826} INFO - Processing file /home/airflow/.local/lib/python3.7/site-packages/airflow/example_dags/example_nested_branch_dag.py for tasks to queue
[2025-04-08T09:14:03.122+0000] {logging_mixin.py:149} INFO - [2025-04-08T09:14:03.122+0000] {dagbag.py:541} INFO - Filling up the DagBag from /home/airflow/.local/lib/python3.7/site-packages/airflow/example_dags/example_nested_branch_dag.py
[2025-04-08T09:14:03.135+0000] {processor.py:836} INFO - DAG(s) dict_keys(['example_nested_branch_dag']) retrieved from /home/airflow/.local/lib/python3.7/site-packages/airflow/example_dags/example_nested_branch_dag.py
[2025-04-08T09:14:03.161+0000] {logging_mixin.py:149} INFO - [2025-04-08T09:14:03.161+0000] {dag.py:2726} INFO - Sync 1 DAGs
[2025-04-08T09:14:03.191+0000] {logging_mixin.py:149} INFO - [2025-04-08T09:14:03.191+0000] {dag.py:3490} INFO - Setting next_dagrun for example_nested_branch_dag to 2025-04-07T00:00:00+00:00, run_after=2025-04-08T00:00:00+00:00
[2025-04-08T09:14:03.212+0000] {processor.py:179} INFO - Processing /home/airflow/.local/lib/python3.7/site-packages/airflow/example_dags/example_nested_branch_dag.py took 0.095 seconds
[2025-04-08T09:14:33.458+0000] {processor.py:157} INFO - Started process (PID=606) to work on /home/airflow/.local/lib/python3.7/site-packages/airflow/example_dags/example_nested_branch_dag.py
[2025-04-08T09:14:33.459+0000] {processor.py:826} INFO - Processing file /home/airflow/.local/lib/python3.7/site-packages/airflow/example_dags/example_nested_branch_dag.py for tasks to queue
[2025-04-08T09:14:33.460+0000] {logging_mixin.py:149} INFO - [2025-04-08T09:14:33.460+0000] {dagbag.py:541} INFO - Filling up the DagBag from /home/airflow/.local/lib/python3.7/site-packages/airflow/example_dags/example_nested_branch_dag.py
[2025-04-08T09:14:33.469+0000] {processor.py:836} INFO - DAG(s) dict_keys(['example_nested_branch_dag']) retrieved from /home/airflow/.local/lib/python3.7/site-packages/airflow/example_dags/example_nested_branch_dag.py
[2025-04-08T09:14:33.495+0000] {logging_mixin.py:149} INFO - [2025-04-08T09:14:33.495+0000] {dag.py:2726} INFO - Sync 1 DAGs
[2025-04-08T09:14:33.522+0000] {logging_mixin.py:149} INFO - [2025-04-08T09:14:33.522+0000] {dag.py:3490} INFO - Setting next_dagrun for example_nested_branch_dag to 2025-04-07T00:00:00+00:00, run_after=2025-04-08T00:00:00+00:00
[2025-04-08T09:14:33.543+0000] {processor.py:179} INFO - Processing /home/airflow/.local/lib/python3.7/site-packages/airflow/example_dags/example_nested_branch_dag.py took 0.088 seconds
[2025-04-08T09:15:04.618+0000] {processor.py:157} INFO - Started process (PID=697) to work on /home/airflow/.local/lib/python3.7/site-packages/airflow/example_dags/example_nested_branch_dag.py
[2025-04-08T09:15:04.619+0000] {processor.py:826} INFO - Processing file /home/airflow/.local/lib/python3.7/site-packages/airflow/example_dags/example_nested_branch_dag.py for tasks to queue
[2025-04-08T09:15:04.620+0000] {logging_mixin.py:149} INFO - [2025-04-08T09:15:04.620+0000] {dagbag.py:541} INFO - Filling up the DagBag from /home/airflow/.local/lib/python3.7/site-packages/airflow/example_dags/example_nested_branch_dag.py
[2025-04-08T09:15:04.629+0000] {processor.py:836} INFO - DAG(s) dict_keys(['example_nested_branch_dag']) retrieved from /home/airflow/.local/lib/python3.7/site-packages/airflow/example_dags/example_nested_branch_dag.py
[2025-04-08T09:15:04.656+0000] {logging_mixin.py:149} INFO - [2025-04-08T09:15:04.655+0000] {dag.py:2726} INFO - Sync 1 DAGs
[2025-04-08T09:15:04.681+0000] {logging_mixin.py:149} INFO - [2025-04-08T09:15:04.681+0000] {dag.py:3490} INFO - Setting next_dagrun for example_nested_branch_dag to 2025-04-07T00:00:00+00:00, run_after=2025-04-08T00:00:00+00:00
[2025-04-08T09:15:04.700+0000] {processor.py:179} INFO - Processing /home/airflow/.local/lib/python3.7/site-packages/airflow/example_dags/example_nested_branch_dag.py took 0.085 seconds
[2025-04-08T09:15:35.860+0000] {processor.py:157} INFO - Started process (PID=788) to work on /home/airflow/.local/lib/python3.7/site-packages/airflow/example_dags/example_nested_branch_dag.py
[2025-04-08T09:15:35.861+0000] {processor.py:826} INFO - Processing file /home/airflow/.local/lib/python3.7/site-packages/airflow/example_dags/example_nested_branch_dag.py for tasks to queue
[2025-04-08T09:15:35.862+0000] {logging_mixin.py:149} INFO - [2025-04-08T09:15:35.861+0000] {dagbag.py:541} INFO - Filling up the DagBag from /home/airflow/.local/lib/python3.7/site-packages/airflow/example_dags/example_nested_branch_dag.py
[2025-04-08T09:15:35.871+0000] {processor.py:836} INFO - DAG(s) dict_keys(['example_nested_branch_dag']) retrieved from /home/airflow/.local/lib/python3.7/site-packages/airflow/example_dags/example_nested_branch_dag.py
[2025-04-08T09:15:35.897+0000] {logging_mixin.py:149} INFO - [2025-04-08T09:15:35.897+0000] {dag.py:2726} INFO - Sync 1 DAGs
[2025-04-08T09:15:35.923+0000] {logging_mixin.py:149} INFO - [2025-04-08T09:15:35.923+0000] {dag.py:3490} INFO - Setting next_dagrun for example_nested_branch_dag to 2025-04-07T00:00:00+00:00, run_after=2025-04-08T00:00:00+00:00
[2025-04-08T09:15:35.943+0000] {processor.py:179} INFO - Processing /home/airflow/.local/lib/python3.7/site-packages/airflow/example_dags/example_nested_branch_dag.py took 0.086 seconds
[2025-04-08T09:16:07.240+0000] {processor.py:157} INFO - Started process (PID=879) to work on /home/airflow/.local/lib/python3.7/site-packages/airflow/example_dags/example_nested_branch_dag.py
[2025-04-08T09:16:07.241+0000] {processor.py:826} INFO - Processing file /home/airflow/.local/lib/python3.7/site-packages/airflow/example_dags/example_nested_branch_dag.py for tasks to queue
[2025-04-08T09:16:07.241+0000] {logging_mixin.py:149} INFO - [2025-04-08T09:16:07.241+0000] {dagbag.py:541} INFO - Filling up the DagBag from /home/airflow/.local/lib/python3.7/site-packages/airflow/example_dags/example_nested_branch_dag.py
[2025-04-08T09:16:07.252+0000] {processor.py:836} INFO - DAG(s) dict_keys(['example_nested_branch_dag']) retrieved from /home/airflow/.local/lib/python3.7/site-packages/airflow/example_dags/example_nested_branch_dag.py
[2025-04-08T09:16:07.282+0000] {logging_mixin.py:149} INFO - [2025-04-08T09:16:07.281+0000] {dag.py:2726} INFO - Sync 1 DAGs
[2025-04-08T09:16:07.312+0000] {logging_mixin.py:149} INFO - [2025-04-08T09:16:07.312+0000] {dag.py:3490} INFO - Setting next_dagrun for example_nested_branch_dag to 2025-04-07T00:00:00+00:00, run_after=2025-04-08T00:00:00+00:00
[2025-04-08T09:16:07.335+0000] {processor.py:179} INFO - Processing /home/airflow/.local/lib/python3.7/site-packages/airflow/example_dags/example_nested_branch_dag.py took 0.099 seconds
[2025-04-08T09:16:37.933+0000] {processor.py:157} INFO - Started process (PID=970) to work on /home/airflow/.local/lib/python3.7/site-packages/airflow/example_dags/example_nested_branch_dag.py
[2025-04-08T09:16:37.934+0000] {processor.py:826} INFO - Processing file /home/airflow/.local/lib/python3.7/site-packages/airflow/example_dags/example_nested_branch_dag.py for tasks to queue
[2025-04-08T09:16:37.935+0000] {logging_mixin.py:149} INFO - [2025-04-08T09:16:37.935+0000] {dagbag.py:541} INFO - Filling up the DagBag from /home/airflow/.local/lib/python3.7/site-packages/airflow/example_dags/example_nested_branch_dag.py
[2025-04-08T09:16:37.945+0000] {processor.py:836} INFO - DAG(s) dict_keys(['example_nested_branch_dag']) retrieved from /home/airflow/.local/lib/python3.7/site-packages/airflow/example_dags/example_nested_branch_dag.py
[2025-04-08T09:16:37.970+0000] {logging_mixin.py:149} INFO - [2025-04-08T09:16:37.970+0000] {dag.py:2726} INFO - Sync 1 DAGs
[2025-04-08T09:16:37.996+0000] {logging_mixin.py:149} INFO - [2025-04-08T09:16:37.996+0000] {dag.py:3490} INFO - Setting next_dagrun for example_nested_branch_dag to 2025-04-07T00:00:00+00:00, run_after=2025-04-08T00:00:00+00:00
[2025-04-08T09:16:38.019+0000] {processor.py:179} INFO - Processing /home/airflow/.local/lib/python3.7/site-packages/airflow/example_dags/example_nested_branch_dag.py took 0.089 seconds
[2025-04-08T09:17:08.273+0000] {processor.py:157} INFO - Started process (PID=1061) to work on /home/airflow/.local/lib/python3.7/site-packages/airflow/example_dags/example_nested_branch_dag.py
[2025-04-08T09:17:08.274+0000] {processor.py:826} INFO - Processing file /home/airflow/.local/lib/python3.7/site-packages/airflow/example_dags/example_nested_branch_dag.py for tasks to queue
[2025-04-08T09:17:08.275+0000] {logging_mixin.py:149} INFO - [2025-04-08T09:17:08.275+0000] {dagbag.py:541} INFO - Filling up the DagBag from /home/airflow/.local/lib/python3.7/site-packages/airflow/example_dags/example_nested_branch_dag.py
[2025-04-08T09:17:08.285+0000] {processor.py:836} INFO - DAG(s) dict_keys(['example_nested_branch_dag']) retrieved from /home/airflow/.local/lib/python3.7/site-packages/airflow/example_dags/example_nested_branch_dag.py
[2025-04-08T09:17:08.313+0000] {logging_mixin.py:149} INFO - [2025-04-08T09:17:08.313+0000] {dag.py:2726} INFO - Sync 1 DAGs
[2025-04-08T09:17:08.340+0000] {logging_mixin.py:149} INFO - [2025-04-08T09:17:08.340+0000] {dag.py:3490} INFO - Setting next_dagrun for example_nested_branch_dag to 2025-04-07T00:00:00+00:00, run_after=2025-04-08T00:00:00+00:00
[2025-04-08T09:17:08.361+0000] {processor.py:179} INFO - Processing /home/airflow/.local/lib/python3.7/site-packages/airflow/example_dags/example_nested_branch_dag.py took 0.092 seconds
[2025-04-08T09:17:38.873+0000] {processor.py:157} INFO - Started process (PID=1152) to work on /home/airflow/.local/lib/python3.7/site-packages/airflow/example_dags/example_nested_branch_dag.py
[2025-04-08T09:17:38.874+0000] {processor.py:826} INFO - Processing file /home/airflow/.local/lib/python3.7/site-packages/airflow/example_dags/example_nested_branch_dag.py for tasks to queue
[2025-04-08T09:17:38.874+0000] {logging_mixin.py:149} INFO - [2025-04-08T09:17:38.874+0000] {dagbag.py:541} INFO - Filling up the DagBag from /home/airflow/.local/lib/python3.7/site-packages/airflow/example_dags/example_nested_branch_dag.py
[2025-04-08T09:17:38.885+0000] {processor.py:836} INFO - DAG(s) dict_keys(['example_nested_branch_dag']) retrieved from /home/airflow/.local/lib/python3.7/site-packages/airflow/example_dags/example_nested_branch_dag.py
[2025-04-08T09:17:38.914+0000] {logging_mixin.py:149} INFO - [2025-04-08T09:17:38.914+0000] {dag.py:2726} INFO - Sync 1 DAGs
[2025-04-08T09:17:38.956+0000] {logging_mixin.py:149} INFO - [2025-04-08T09:17:38.956+0000] {dag.py:3490} INFO - Setting next_dagrun for example_nested_branch_dag to 2025-04-07T00:00:00+00:00, run_after=2025-04-08T00:00:00+00:00
[2025-04-08T09:17:38.993+0000] {processor.py:179} INFO - Processing /home/airflow/.local/lib/python3.7/site-packages/airflow/example_dags/example_nested_branch_dag.py took 0.123 seconds
[2025-04-08T09:18:09.450+0000] {processor.py:157} INFO - Started process (PID=1243) to work on /home/airflow/.local/lib/python3.7/site-packages/airflow/example_dags/example_nested_branch_dag.py
[2025-04-08T09:18:09.451+0000] {processor.py:826} INFO - Processing file /home/airflow/.local/lib/python3.7/site-packages/airflow/example_dags/example_nested_branch_dag.py for tasks to queue
[2025-04-08T09:18:09.452+0000] {logging_mixin.py:149} INFO - [2025-04-08T09:18:09.452+0000] {dagbag.py:541} INFO - Filling up the DagBag from /home/airflow/.local/lib/python3.7/site-packages/airflow/example_dags/example_nested_branch_dag.py
[2025-04-08T09:18:09.462+0000] {processor.py:836} INFO - DAG(s) dict_keys(['example_nested_branch_dag']) retrieved from /home/airflow/.local/lib/python3.7/site-packages/airflow/example_dags/example_nested_branch_dag.py
[2025-04-08T09:18:09.489+0000] {logging_mixin.py:149} INFO - [2025-04-08T09:18:09.489+0000] {dag.py:2726} INFO - Sync 1 DAGs
[2025-04-08T09:18:09.520+0000] {logging_mixin.py:149} INFO - [2025-04-08T09:18:09.520+0000] {dag.py:3490} INFO - Setting next_dagrun for example_nested_branch_dag to 2025-04-07T00:00:00+00:00, run_after=2025-04-08T00:00:00+00:00
[2025-04-08T09:18:09.542+0000] {processor.py:179} INFO - Processing /home/airflow/.local/lib/python3.7/site-packages/airflow/example_dags/example_nested_branch_dag.py took 0.096 seconds
[2025-04-08T09:18:40.149+0000] {processor.py:157} INFO - Started process (PID=1334) to work on /home/airflow/.local/lib/python3.7/site-packages/airflow/example_dags/example_nested_branch_dag.py
[2025-04-08T09:18:40.150+0000] {processor.py:826} INFO - Processing file /home/airflow/.local/lib/python3.7/site-packages/airflow/example_dags/example_nested_branch_dag.py for tasks to queue
[2025-04-08T09:18:40.150+0000] {logging_mixin.py:149} INFO - [2025-04-08T09:18:40.150+0000] {dagbag.py:541} INFO - Filling up the DagBag from /home/airflow/.local/lib/python3.7/site-packages/airflow/example_dags/example_nested_branch_dag.py
[2025-04-08T09:18:40.161+0000] {processor.py:836} INFO - DAG(s) dict_keys(['example_nested_branch_dag']) retrieved from /home/airflow/.local/lib/python3.7/site-packages/airflow/example_dags/example_nested_branch_dag.py
[2025-04-08T09:18:40.187+0000] {logging_mixin.py:149} INFO - [2025-04-08T09:18:40.187+0000] {dag.py:2726} INFO - Sync 1 DAGs
[2025-04-08T09:18:40.216+0000] {logging_mixin.py:149} INFO - [2025-04-08T09:18:40.215+0000] {dag.py:3490} INFO - Setting next_dagrun for example_nested_branch_dag to 2025-04-07T00:00:00+00:00, run_after=2025-04-08T00:00:00+00:00
[2025-04-08T09:18:40.238+0000] {processor.py:179} INFO - Processing /home/airflow/.local/lib/python3.7/site-packages/airflow/example_dags/example_nested_branch_dag.py took 0.092 seconds
