[2025-04-08T09:11:59.526+0000] {processor.py:157} INFO - Started process (PID=109) to work on /home/airflow/.local/lib/python3.7/site-packages/airflow/example_dags/example_latest_only.py
[2025-04-08T09:11:59.527+0000] {processor.py:826} INFO - Processing file /home/airflow/.local/lib/python3.7/site-packages/airflow/example_dags/example_latest_only.py for tasks to queue
[2025-04-08T09:11:59.528+0000] {logging_mixin.py:149} INFO - [2025-04-08T09:11:59.527+0000] {dagbag.py:541} INFO - Filling up the DagBag from /home/airflow/.local/lib/python3.7/site-packages/airflow/example_dags/example_latest_only.py
[2025-04-08T09:11:59.534+0000] {processor.py:836} INFO - DAG(s) dict_keys(['latest_only']) retrieved from /home/airflow/.local/lib/python3.7/site-packages/airflow/example_dags/example_latest_only.py
[2025-04-08T09:11:59.562+0000] {logging_mixin.py:149} INFO - [2025-04-08T09:11:59.562+0000] {dag.py:2726} INFO - Sync 1 DAGs
[2025-04-08T09:11:59.597+0000] {logging_mixin.py:149} INFO - [2025-04-08T09:11:59.597+0000] {dag.py:3490} INFO - Setting next_dagrun for latest_only to 2025-04-08T05:11:59.597245+00:00, run_after=2025-04-08T09:11:59.597245+00:00
[2025-04-08T09:11:59.623+0000] {processor.py:179} INFO - Processing /home/airflow/.local/lib/python3.7/site-packages/airflow/example_dags/example_latest_only.py took 0.101 seconds
[2025-04-08T09:12:30.303+0000] {processor.py:157} INFO - Started process (PID=236) to work on /home/airflow/.local/lib/python3.7/site-packages/airflow/example_dags/example_latest_only.py
[2025-04-08T09:12:30.304+0000] {processor.py:826} INFO - Processing file /home/airflow/.local/lib/python3.7/site-packages/airflow/example_dags/example_latest_only.py for tasks to queue
[2025-04-08T09:12:30.305+0000] {logging_mixin.py:149} INFO - [2025-04-08T09:12:30.305+0000] {dagbag.py:541} INFO - Filling up the DagBag from /home/airflow/.local/lib/python3.7/site-packages/airflow/example_dags/example_latest_only.py
[2025-04-08T09:12:30.312+0000] {processor.py:836} INFO - DAG(s) dict_keys(['latest_only']) retrieved from /home/airflow/.local/lib/python3.7/site-packages/airflow/example_dags/example_latest_only.py
[2025-04-08T09:12:30.338+0000] {logging_mixin.py:149} INFO - [2025-04-08T09:12:30.338+0000] {dag.py:2726} INFO - Sync 1 DAGs
[2025-04-08T09:12:30.364+0000] {logging_mixin.py:149} INFO - [2025-04-08T09:12:30.364+0000] {dag.py:3490} INFO - Setting next_dagrun for latest_only to 2025-04-08T05:12:30.364320+00:00, run_after=2025-04-08T09:12:30.364320+00:00
[2025-04-08T09:12:30.388+0000] {processor.py:179} INFO - Processing /home/airflow/.local/lib/python3.7/site-packages/airflow/example_dags/example_latest_only.py took 0.089 seconds
[2025-04-08T09:13:01.739+0000] {processor.py:157} INFO - Started process (PID=327) to work on /home/airflow/.local/lib/python3.7/site-packages/airflow/example_dags/example_latest_only.py
[2025-04-08T09:13:01.741+0000] {processor.py:826} INFO - Processing file /home/airflow/.local/lib/python3.7/site-packages/airflow/example_dags/example_latest_only.py for tasks to queue
[2025-04-08T09:13:01.741+0000] {logging_mixin.py:149} INFO - [2025-04-08T09:13:01.741+0000] {dagbag.py:541} INFO - Filling up the DagBag from /home/airflow/.local/lib/python3.7/site-packages/airflow/example_dags/example_latest_only.py
[2025-04-08T09:13:01.746+0000] {processor.py:836} INFO - DAG(s) dict_keys(['latest_only']) retrieved from /home/airflow/.local/lib/python3.7/site-packages/airflow/example_dags/example_latest_only.py
[2025-04-08T09:13:01.880+0000] {logging_mixin.py:149} INFO - [2025-04-08T09:13:01.880+0000] {dag.py:2726} INFO - Sync 1 DAGs
[2025-04-08T09:13:01.903+0000] {logging_mixin.py:149} INFO - [2025-04-08T09:13:01.903+0000] {dag.py:3490} INFO - Setting next_dagrun for latest_only to 2025-04-08T05:13:01.903560+00:00, run_after=2025-04-08T09:13:01.903560+00:00
[2025-04-08T09:13:01.924+0000] {processor.py:179} INFO - Processing /home/airflow/.local/lib/python3.7/site-packages/airflow/example_dags/example_latest_only.py took 0.188 seconds
[2025-04-08T09:13:32.478+0000] {processor.py:157} INFO - Started process (PID=418) to work on /home/airflow/.local/lib/python3.7/site-packages/airflow/example_dags/example_latest_only.py
[2025-04-08T09:13:32.479+0000] {processor.py:826} INFO - Processing file /home/airflow/.local/lib/python3.7/site-packages/airflow/example_dags/example_latest_only.py for tasks to queue
[2025-04-08T09:13:32.480+0000] {logging_mixin.py:149} INFO - [2025-04-08T09:13:32.480+0000] {dagbag.py:541} INFO - Filling up the DagBag from /home/airflow/.local/lib/python3.7/site-packages/airflow/example_dags/example_latest_only.py
[2025-04-08T09:13:32.486+0000] {processor.py:836} INFO - DAG(s) dict_keys(['latest_only']) retrieved from /home/airflow/.local/lib/python3.7/site-packages/airflow/example_dags/example_latest_only.py
[2025-04-08T09:13:32.512+0000] {logging_mixin.py:149} INFO - [2025-04-08T09:13:32.512+0000] {dag.py:2726} INFO - Sync 1 DAGs
[2025-04-08T09:13:32.543+0000] {logging_mixin.py:149} INFO - [2025-04-08T09:13:32.542+0000] {dag.py:3490} INFO - Setting next_dagrun for latest_only to 2025-04-08T05:13:32.542626+00:00, run_after=2025-04-08T09:13:32.542626+00:00
[2025-04-08T09:13:32.566+0000] {processor.py:179} INFO - Processing /home/airflow/.local/lib/python3.7/site-packages/airflow/example_dags/example_latest_only.py took 0.092 seconds
[2025-04-08T09:14:02.799+0000] {processor.py:157} INFO - Started process (PID=509) to work on /home/airflow/.local/lib/python3.7/site-packages/airflow/example_dags/example_latest_only.py
[2025-04-08T09:14:02.800+0000] {processor.py:826} INFO - Processing file /home/airflow/.local/lib/python3.7/site-packages/airflow/example_dags/example_latest_only.py for tasks to queue
[2025-04-08T09:14:02.800+0000] {logging_mixin.py:149} INFO - [2025-04-08T09:14:02.800+0000] {dagbag.py:541} INFO - Filling up the DagBag from /home/airflow/.local/lib/python3.7/site-packages/airflow/example_dags/example_latest_only.py
[2025-04-08T09:14:02.806+0000] {processor.py:836} INFO - DAG(s) dict_keys(['latest_only']) retrieved from /home/airflow/.local/lib/python3.7/site-packages/airflow/example_dags/example_latest_only.py
[2025-04-08T09:14:02.827+0000] {logging_mixin.py:149} INFO - [2025-04-08T09:14:02.827+0000] {dag.py:2726} INFO - Sync 1 DAGs
[2025-04-08T09:14:02.854+0000] {logging_mixin.py:149} INFO - [2025-04-08T09:14:02.854+0000] {dag.py:3490} INFO - Setting next_dagrun for latest_only to 2025-04-08T05:14:02.854078+00:00, run_after=2025-04-08T09:14:02.854078+00:00
[2025-04-08T09:14:02.875+0000] {processor.py:179} INFO - Processing /home/airflow/.local/lib/python3.7/site-packages/airflow/example_dags/example_latest_only.py took 0.080 seconds
[2025-04-08T09:14:33.141+0000] {processor.py:157} INFO - Started process (PID=600) to work on /home/airflow/.local/lib/python3.7/site-packages/airflow/example_dags/example_latest_only.py
[2025-04-08T09:14:33.142+0000] {processor.py:826} INFO - Processing file /home/airflow/.local/lib/python3.7/site-packages/airflow/example_dags/example_latest_only.py for tasks to queue
[2025-04-08T09:14:33.143+0000] {logging_mixin.py:149} INFO - [2025-04-08T09:14:33.143+0000] {dagbag.py:541} INFO - Filling up the DagBag from /home/airflow/.local/lib/python3.7/site-packages/airflow/example_dags/example_latest_only.py
[2025-04-08T09:14:33.149+0000] {processor.py:836} INFO - DAG(s) dict_keys(['latest_only']) retrieved from /home/airflow/.local/lib/python3.7/site-packages/airflow/example_dags/example_latest_only.py
[2025-04-08T09:14:33.174+0000] {logging_mixin.py:149} INFO - [2025-04-08T09:14:33.173+0000] {dag.py:2726} INFO - Sync 1 DAGs
[2025-04-08T09:14:33.199+0000] {logging_mixin.py:149} INFO - [2025-04-08T09:14:33.199+0000] {dag.py:3490} INFO - Setting next_dagrun for latest_only to 2025-04-08T05:14:33.199227+00:00, run_after=2025-04-08T09:14:33.199227+00:00
[2025-04-08T09:14:33.220+0000] {processor.py:179} INFO - Processing /home/airflow/.local/lib/python3.7/site-packages/airflow/example_dags/example_latest_only.py took 0.082 seconds
[2025-04-08T09:15:04.305+0000] {processor.py:157} INFO - Started process (PID=691) to work on /home/airflow/.local/lib/python3.7/site-packages/airflow/example_dags/example_latest_only.py
[2025-04-08T09:15:04.306+0000] {processor.py:826} INFO - Processing file /home/airflow/.local/lib/python3.7/site-packages/airflow/example_dags/example_latest_only.py for tasks to queue
[2025-04-08T09:15:04.307+0000] {logging_mixin.py:149} INFO - [2025-04-08T09:15:04.307+0000] {dagbag.py:541} INFO - Filling up the DagBag from /home/airflow/.local/lib/python3.7/site-packages/airflow/example_dags/example_latest_only.py
[2025-04-08T09:15:04.313+0000] {processor.py:836} INFO - DAG(s) dict_keys(['latest_only']) retrieved from /home/airflow/.local/lib/python3.7/site-packages/airflow/example_dags/example_latest_only.py
[2025-04-08T09:15:04.337+0000] {logging_mixin.py:149} INFO - [2025-04-08T09:15:04.336+0000] {dag.py:2726} INFO - Sync 1 DAGs
[2025-04-08T09:15:04.365+0000] {logging_mixin.py:149} INFO - [2025-04-08T09:15:04.365+0000] {dag.py:3490} INFO - Setting next_dagrun for latest_only to 2025-04-08T05:15:04.364944+00:00, run_after=2025-04-08T09:15:04.364944+00:00
[2025-04-08T09:15:04.386+0000] {processor.py:179} INFO - Processing /home/airflow/.local/lib/python3.7/site-packages/airflow/example_dags/example_latest_only.py took 0.085 seconds
[2025-04-08T09:15:35.546+0000] {processor.py:157} INFO - Started process (PID=782) to work on /home/airflow/.local/lib/python3.7/site-packages/airflow/example_dags/example_latest_only.py
[2025-04-08T09:15:35.547+0000] {processor.py:826} INFO - Processing file /home/airflow/.local/lib/python3.7/site-packages/airflow/example_dags/example_latest_only.py for tasks to queue
[2025-04-08T09:15:35.547+0000] {logging_mixin.py:149} INFO - [2025-04-08T09:15:35.547+0000] {dagbag.py:541} INFO - Filling up the DagBag from /home/airflow/.local/lib/python3.7/site-packages/airflow/example_dags/example_latest_only.py
[2025-04-08T09:15:35.553+0000] {processor.py:836} INFO - DAG(s) dict_keys(['latest_only']) retrieved from /home/airflow/.local/lib/python3.7/site-packages/airflow/example_dags/example_latest_only.py
[2025-04-08T09:15:35.577+0000] {logging_mixin.py:149} INFO - [2025-04-08T09:15:35.577+0000] {dag.py:2726} INFO - Sync 1 DAGs
[2025-04-08T09:15:35.603+0000] {logging_mixin.py:149} INFO - [2025-04-08T09:15:35.602+0000] {dag.py:3490} INFO - Setting next_dagrun for latest_only to 2025-04-08T05:15:35.602732+00:00, run_after=2025-04-08T09:15:35.602732+00:00
[2025-04-08T09:15:35.624+0000] {processor.py:179} INFO - Processing /home/airflow/.local/lib/python3.7/site-packages/airflow/example_dags/example_latest_only.py took 0.081 seconds
[2025-04-08T09:16:06.907+0000] {processor.py:157} INFO - Started process (PID=873) to work on /home/airflow/.local/lib/python3.7/site-packages/airflow/example_dags/example_latest_only.py
[2025-04-08T09:16:06.908+0000] {processor.py:826} INFO - Processing file /home/airflow/.local/lib/python3.7/site-packages/airflow/example_dags/example_latest_only.py for tasks to queue
[2025-04-08T09:16:06.909+0000] {logging_mixin.py:149} INFO - [2025-04-08T09:16:06.909+0000] {dagbag.py:541} INFO - Filling up the DagBag from /home/airflow/.local/lib/python3.7/site-packages/airflow/example_dags/example_latest_only.py
[2025-04-08T09:16:06.915+0000] {processor.py:836} INFO - DAG(s) dict_keys(['latest_only']) retrieved from /home/airflow/.local/lib/python3.7/site-packages/airflow/example_dags/example_latest_only.py
[2025-04-08T09:16:06.941+0000] {logging_mixin.py:149} INFO - [2025-04-08T09:16:06.941+0000] {dag.py:2726} INFO - Sync 1 DAGs
[2025-04-08T09:16:06.970+0000] {logging_mixin.py:149} INFO - [2025-04-08T09:16:06.969+0000] {dag.py:3490} INFO - Setting next_dagrun for latest_only to 2025-04-08T05:16:06.969721+00:00, run_after=2025-04-08T09:16:06.969721+00:00
[2025-04-08T09:16:06.991+0000] {processor.py:179} INFO - Processing /home/airflow/.local/lib/python3.7/site-packages/airflow/example_dags/example_latest_only.py took 0.087 seconds
[2025-04-08T09:16:37.589+0000] {processor.py:157} INFO - Started process (PID=964) to work on /home/airflow/.local/lib/python3.7/site-packages/airflow/example_dags/example_latest_only.py
[2025-04-08T09:16:37.590+0000] {processor.py:826} INFO - Processing file /home/airflow/.local/lib/python3.7/site-packages/airflow/example_dags/example_latest_only.py for tasks to queue
[2025-04-08T09:16:37.591+0000] {logging_mixin.py:149} INFO - [2025-04-08T09:16:37.591+0000] {dagbag.py:541} INFO - Filling up the DagBag from /home/airflow/.local/lib/python3.7/site-packages/airflow/example_dags/example_latest_only.py
[2025-04-08T09:16:37.598+0000] {processor.py:836} INFO - DAG(s) dict_keys(['latest_only']) retrieved from /home/airflow/.local/lib/python3.7/site-packages/airflow/example_dags/example_latest_only.py
[2025-04-08T09:16:37.626+0000] {logging_mixin.py:149} INFO - [2025-04-08T09:16:37.625+0000] {dag.py:2726} INFO - Sync 1 DAGs
[2025-04-08T09:16:37.657+0000] {logging_mixin.py:149} INFO - [2025-04-08T09:16:37.657+0000] {dag.py:3490} INFO - Setting next_dagrun for latest_only to 2025-04-08T05:16:37.657179+00:00, run_after=2025-04-08T09:16:37.657179+00:00
[2025-04-08T09:16:37.679+0000] {processor.py:179} INFO - Processing /home/airflow/.local/lib/python3.7/site-packages/airflow/example_dags/example_latest_only.py took 0.093 seconds
[2025-04-08T09:17:07.939+0000] {processor.py:157} INFO - Started process (PID=1055) to work on /home/airflow/.local/lib/python3.7/site-packages/airflow/example_dags/example_latest_only.py
[2025-04-08T09:17:07.940+0000] {processor.py:826} INFO - Processing file /home/airflow/.local/lib/python3.7/site-packages/airflow/example_dags/example_latest_only.py for tasks to queue
[2025-04-08T09:17:07.941+0000] {logging_mixin.py:149} INFO - [2025-04-08T09:17:07.940+0000] {dagbag.py:541} INFO - Filling up the DagBag from /home/airflow/.local/lib/python3.7/site-packages/airflow/example_dags/example_latest_only.py
[2025-04-08T09:17:07.946+0000] {processor.py:836} INFO - DAG(s) dict_keys(['latest_only']) retrieved from /home/airflow/.local/lib/python3.7/site-packages/airflow/example_dags/example_latest_only.py
[2025-04-08T09:17:07.971+0000] {logging_mixin.py:149} INFO - [2025-04-08T09:17:07.970+0000] {dag.py:2726} INFO - Sync 1 DAGs
[2025-04-08T09:17:07.998+0000] {logging_mixin.py:149} INFO - [2025-04-08T09:17:07.998+0000] {dag.py:3490} INFO - Setting next_dagrun for latest_only to 2025-04-08T05:17:07.997804+00:00, run_after=2025-04-08T09:17:07.997804+00:00
[2025-04-08T09:17:08.020+0000] {processor.py:179} INFO - Processing /home/airflow/.local/lib/python3.7/site-packages/airflow/example_dags/example_latest_only.py took 0.084 seconds
[2025-04-08T09:17:38.511+0000] {processor.py:157} INFO - Started process (PID=1146) to work on /home/airflow/.local/lib/python3.7/site-packages/airflow/example_dags/example_latest_only.py
[2025-04-08T09:17:38.512+0000] {processor.py:826} INFO - Processing file /home/airflow/.local/lib/python3.7/site-packages/airflow/example_dags/example_latest_only.py for tasks to queue
[2025-04-08T09:17:38.512+0000] {logging_mixin.py:149} INFO - [2025-04-08T09:17:38.512+0000] {dagbag.py:541} INFO - Filling up the DagBag from /home/airflow/.local/lib/python3.7/site-packages/airflow/example_dags/example_latest_only.py
[2025-04-08T09:17:38.519+0000] {processor.py:836} INFO - DAG(s) dict_keys(['latest_only']) retrieved from /home/airflow/.local/lib/python3.7/site-packages/airflow/example_dags/example_latest_only.py
[2025-04-08T09:17:38.544+0000] {logging_mixin.py:149} INFO - [2025-04-08T09:17:38.544+0000] {dag.py:2726} INFO - Sync 1 DAGs
[2025-04-08T09:17:38.571+0000] {logging_mixin.py:149} INFO - [2025-04-08T09:17:38.571+0000] {dag.py:3490} INFO - Setting next_dagrun for latest_only to 2025-04-08T05:17:38.571059+00:00, run_after=2025-04-08T09:17:38.571059+00:00
[2025-04-08T09:17:38.594+0000] {processor.py:179} INFO - Processing /home/airflow/.local/lib/python3.7/site-packages/airflow/example_dags/example_latest_only.py took 0.087 seconds
[2025-04-08T09:18:09.089+0000] {processor.py:157} INFO - Started process (PID=1237) to work on /home/airflow/.local/lib/python3.7/site-packages/airflow/example_dags/example_latest_only.py
[2025-04-08T09:18:09.090+0000] {processor.py:826} INFO - Processing file /home/airflow/.local/lib/python3.7/site-packages/airflow/example_dags/example_latest_only.py for tasks to queue
[2025-04-08T09:18:09.091+0000] {logging_mixin.py:149} INFO - [2025-04-08T09:18:09.091+0000] {dagbag.py:541} INFO - Filling up the DagBag from /home/airflow/.local/lib/python3.7/site-packages/airflow/example_dags/example_latest_only.py
[2025-04-08T09:18:09.098+0000] {processor.py:836} INFO - DAG(s) dict_keys(['latest_only']) retrieved from /home/airflow/.local/lib/python3.7/site-packages/airflow/example_dags/example_latest_only.py
[2025-04-08T09:18:09.125+0000] {logging_mixin.py:149} INFO - [2025-04-08T09:18:09.125+0000] {dag.py:2726} INFO - Sync 1 DAGs
[2025-04-08T09:18:09.157+0000] {logging_mixin.py:149} INFO - [2025-04-08T09:18:09.157+0000] {dag.py:3490} INFO - Setting next_dagrun for latest_only to 2025-04-08T05:18:09.157068+00:00, run_after=2025-04-08T09:18:09.157068+00:00
[2025-04-08T09:18:09.180+0000] {processor.py:179} INFO - Processing /home/airflow/.local/lib/python3.7/site-packages/airflow/example_dags/example_latest_only.py took 0.096 seconds
[2025-04-08T09:18:39.810+0000] {processor.py:157} INFO - Started process (PID=1328) to work on /home/airflow/.local/lib/python3.7/site-packages/airflow/example_dags/example_latest_only.py
[2025-04-08T09:18:39.811+0000] {processor.py:826} INFO - Processing file /home/airflow/.local/lib/python3.7/site-packages/airflow/example_dags/example_latest_only.py for tasks to queue
[2025-04-08T09:18:39.812+0000] {logging_mixin.py:149} INFO - [2025-04-08T09:18:39.812+0000] {dagbag.py:541} INFO - Filling up the DagBag from /home/airflow/.local/lib/python3.7/site-packages/airflow/example_dags/example_latest_only.py
[2025-04-08T09:18:39.817+0000] {processor.py:836} INFO - DAG(s) dict_keys(['latest_only']) retrieved from /home/airflow/.local/lib/python3.7/site-packages/airflow/example_dags/example_latest_only.py
[2025-04-08T09:18:39.845+0000] {logging_mixin.py:149} INFO - [2025-04-08T09:18:39.844+0000] {dag.py:2726} INFO - Sync 1 DAGs
[2025-04-08T09:18:39.870+0000] {logging_mixin.py:149} INFO - [2025-04-08T09:18:39.870+0000] {dag.py:3490} INFO - Setting next_dagrun for latest_only to 2025-04-08T05:18:39.870292+00:00, run_after=2025-04-08T09:18:39.870292+00:00
[2025-04-08T09:18:39.896+0000] {processor.py:179} INFO - Processing /home/airflow/.local/lib/python3.7/site-packages/airflow/example_dags/example_latest_only.py took 0.089 seconds
