[2025-04-08T09:11:59.968+0000] {processor.py:157} INFO - Started process (PID=116) to work on /home/airflow/.local/lib/python3.7/site-packages/airflow/example_dags/example_task_group_decorator.py
[2025-04-08T09:11:59.969+0000] {processor.py:826} INFO - Processing file /home/airflow/.local/lib/python3.7/site-packages/airflow/example_dags/example_task_group_decorator.py for tasks to queue
[2025-04-08T09:11:59.970+0000] {logging_mixin.py:149} INFO - [2025-04-08T09:11:59.970+0000] {dagbag.py:541} INFO - Filling up the DagBag from /home/airflow/.local/lib/python3.7/site-packages/airflow/example_dags/example_task_group_decorator.py
[2025-04-08T09:11:59.985+0000] {processor.py:836} INFO - DAG(s) dict_keys(['example_task_group_decorator']) retrieved from /home/airflow/.local/lib/python3.7/site-packages/airflow/example_dags/example_task_group_decorator.py
[2025-04-08T09:12:00.020+0000] {logging_mixin.py:149} INFO - [2025-04-08T09:12:00.020+0000] {dag.py:2726} INFO - Sync 1 DAGs
[2025-04-08T09:12:00.050+0000] {logging_mixin.py:149} INFO - [2025-04-08T09:12:00.050+0000] {dag.py:3490} INFO - Setting next_dagrun for example_task_group_decorator to 2025-04-07T09:12:00.050095+00:00, run_after=2025-04-08T09:12:00.050095+00:00
[2025-04-08T09:12:00.072+0000] {processor.py:179} INFO - Processing /home/airflow/.local/lib/python3.7/site-packages/airflow/example_dags/example_task_group_decorator.py took 0.108 seconds
[2025-04-08T09:12:31.154+0000] {processor.py:157} INFO - Started process (PID=243) to work on /home/airflow/.local/lib/python3.7/site-packages/airflow/example_dags/example_task_group_decorator.py
[2025-04-08T09:12:31.155+0000] {processor.py:826} INFO - Processing file /home/airflow/.local/lib/python3.7/site-packages/airflow/example_dags/example_task_group_decorator.py for tasks to queue
[2025-04-08T09:12:31.156+0000] {logging_mixin.py:149} INFO - [2025-04-08T09:12:31.155+0000] {dagbag.py:541} INFO - Filling up the DagBag from /home/airflow/.local/lib/python3.7/site-packages/airflow/example_dags/example_task_group_decorator.py
[2025-04-08T09:12:31.169+0000] {processor.py:836} INFO - DAG(s) dict_keys(['example_task_group_decorator']) retrieved from /home/airflow/.local/lib/python3.7/site-packages/airflow/example_dags/example_task_group_decorator.py
[2025-04-08T09:12:31.200+0000] {logging_mixin.py:149} INFO - [2025-04-08T09:12:31.200+0000] {dag.py:2726} INFO - Sync 1 DAGs
[2025-04-08T09:12:31.230+0000] {logging_mixin.py:149} INFO - [2025-04-08T09:12:31.229+0000] {dag.py:3490} INFO - Setting next_dagrun for example_task_group_decorator to 2025-04-07T09:12:31.229643+00:00, run_after=2025-04-08T09:12:31.229643+00:00
[2025-04-08T09:12:31.384+0000] {processor.py:179} INFO - Processing /home/airflow/.local/lib/python3.7/site-packages/airflow/example_dags/example_task_group_decorator.py took 0.234 seconds
[2025-04-08T09:13:02.593+0000] {processor.py:157} INFO - Started process (PID=334) to work on /home/airflow/.local/lib/python3.7/site-packages/airflow/example_dags/example_task_group_decorator.py
[2025-04-08T09:13:02.594+0000] {processor.py:826} INFO - Processing file /home/airflow/.local/lib/python3.7/site-packages/airflow/example_dags/example_task_group_decorator.py for tasks to queue
[2025-04-08T09:13:02.595+0000] {logging_mixin.py:149} INFO - [2025-04-08T09:13:02.595+0000] {dagbag.py:541} INFO - Filling up the DagBag from /home/airflow/.local/lib/python3.7/site-packages/airflow/example_dags/example_task_group_decorator.py
[2025-04-08T09:13:02.723+0000] {processor.py:836} INFO - DAG(s) dict_keys(['example_task_group_decorator']) retrieved from /home/airflow/.local/lib/python3.7/site-packages/airflow/example_dags/example_task_group_decorator.py
[2025-04-08T09:13:02.747+0000] {logging_mixin.py:149} INFO - [2025-04-08T09:13:02.747+0000] {dag.py:2726} INFO - Sync 1 DAGs
[2025-04-08T09:13:02.769+0000] {logging_mixin.py:149} INFO - [2025-04-08T09:13:02.769+0000] {dag.py:3490} INFO - Setting next_dagrun for example_task_group_decorator to 2025-04-07T09:13:02.769046+00:00, run_after=2025-04-08T09:13:02.769046+00:00
[2025-04-08T09:13:02.788+0000] {processor.py:179} INFO - Processing /home/airflow/.local/lib/python3.7/site-packages/airflow/example_dags/example_task_group_decorator.py took 0.198 seconds
[2025-04-08T09:13:32.865+0000] {processor.py:157} INFO - Started process (PID=425) to work on /home/airflow/.local/lib/python3.7/site-packages/airflow/example_dags/example_task_group_decorator.py
[2025-04-08T09:13:32.866+0000] {processor.py:826} INFO - Processing file /home/airflow/.local/lib/python3.7/site-packages/airflow/example_dags/example_task_group_decorator.py for tasks to queue
[2025-04-08T09:13:32.867+0000] {logging_mixin.py:149} INFO - [2025-04-08T09:13:32.867+0000] {dagbag.py:541} INFO - Filling up the DagBag from /home/airflow/.local/lib/python3.7/site-packages/airflow/example_dags/example_task_group_decorator.py
[2025-04-08T09:13:32.883+0000] {processor.py:836} INFO - DAG(s) dict_keys(['example_task_group_decorator']) retrieved from /home/airflow/.local/lib/python3.7/site-packages/airflow/example_dags/example_task_group_decorator.py
[2025-04-08T09:13:32.916+0000] {logging_mixin.py:149} INFO - [2025-04-08T09:13:32.915+0000] {dag.py:2726} INFO - Sync 1 DAGs
[2025-04-08T09:13:32.944+0000] {logging_mixin.py:149} INFO - [2025-04-08T09:13:32.944+0000] {dag.py:3490} INFO - Setting next_dagrun for example_task_group_decorator to 2025-04-07T09:13:32.944143+00:00, run_after=2025-04-08T09:13:32.944143+00:00
[2025-04-08T09:13:32.969+0000] {processor.py:179} INFO - Processing /home/airflow/.local/lib/python3.7/site-packages/airflow/example_dags/example_task_group_decorator.py took 0.107 seconds
[2025-04-08T09:14:03.148+0000] {processor.py:157} INFO - Started process (PID=516) to work on /home/airflow/.local/lib/python3.7/site-packages/airflow/example_dags/example_task_group_decorator.py
[2025-04-08T09:14:03.149+0000] {processor.py:826} INFO - Processing file /home/airflow/.local/lib/python3.7/site-packages/airflow/example_dags/example_task_group_decorator.py for tasks to queue
[2025-04-08T09:14:03.150+0000] {logging_mixin.py:149} INFO - [2025-04-08T09:14:03.150+0000] {dagbag.py:541} INFO - Filling up the DagBag from /home/airflow/.local/lib/python3.7/site-packages/airflow/example_dags/example_task_group_decorator.py
[2025-04-08T09:14:03.163+0000] {processor.py:836} INFO - DAG(s) dict_keys(['example_task_group_decorator']) retrieved from /home/airflow/.local/lib/python3.7/site-packages/airflow/example_dags/example_task_group_decorator.py
[2025-04-08T09:14:03.195+0000] {logging_mixin.py:149} INFO - [2025-04-08T09:14:03.195+0000] {dag.py:2726} INFO - Sync 1 DAGs
[2025-04-08T09:14:03.222+0000] {logging_mixin.py:149} INFO - [2025-04-08T09:14:03.222+0000] {dag.py:3490} INFO - Setting next_dagrun for example_task_group_decorator to 2025-04-07T09:14:03.222515+00:00, run_after=2025-04-08T09:14:03.222515+00:00
[2025-04-08T09:14:03.244+0000] {processor.py:179} INFO - Processing /home/airflow/.local/lib/python3.7/site-packages/airflow/example_dags/example_task_group_decorator.py took 0.098 seconds
[2025-04-08T09:14:33.510+0000] {processor.py:157} INFO - Started process (PID=607) to work on /home/airflow/.local/lib/python3.7/site-packages/airflow/example_dags/example_task_group_decorator.py
[2025-04-08T09:14:33.511+0000] {processor.py:826} INFO - Processing file /home/airflow/.local/lib/python3.7/site-packages/airflow/example_dags/example_task_group_decorator.py for tasks to queue
[2025-04-08T09:14:33.511+0000] {logging_mixin.py:149} INFO - [2025-04-08T09:14:33.511+0000] {dagbag.py:541} INFO - Filling up the DagBag from /home/airflow/.local/lib/python3.7/site-packages/airflow/example_dags/example_task_group_decorator.py
[2025-04-08T09:14:33.525+0000] {processor.py:836} INFO - DAG(s) dict_keys(['example_task_group_decorator']) retrieved from /home/airflow/.local/lib/python3.7/site-packages/airflow/example_dags/example_task_group_decorator.py
[2025-04-08T09:14:33.553+0000] {logging_mixin.py:149} INFO - [2025-04-08T09:14:33.553+0000] {dag.py:2726} INFO - Sync 1 DAGs
[2025-04-08T09:14:33.577+0000] {logging_mixin.py:149} INFO - [2025-04-08T09:14:33.577+0000] {dag.py:3490} INFO - Setting next_dagrun for example_task_group_decorator to 2025-04-07T09:14:33.576941+00:00, run_after=2025-04-08T09:14:33.576941+00:00
[2025-04-08T09:14:33.597+0000] {processor.py:179} INFO - Processing /home/airflow/.local/lib/python3.7/site-packages/airflow/example_dags/example_task_group_decorator.py took 0.090 seconds
[2025-04-08T09:15:04.641+0000] {processor.py:157} INFO - Started process (PID=698) to work on /home/airflow/.local/lib/python3.7/site-packages/airflow/example_dags/example_task_group_decorator.py
[2025-04-08T09:15:04.642+0000] {processor.py:826} INFO - Processing file /home/airflow/.local/lib/python3.7/site-packages/airflow/example_dags/example_task_group_decorator.py for tasks to queue
[2025-04-08T09:15:04.643+0000] {logging_mixin.py:149} INFO - [2025-04-08T09:15:04.643+0000] {dagbag.py:541} INFO - Filling up the DagBag from /home/airflow/.local/lib/python3.7/site-packages/airflow/example_dags/example_task_group_decorator.py
[2025-04-08T09:15:04.657+0000] {processor.py:836} INFO - DAG(s) dict_keys(['example_task_group_decorator']) retrieved from /home/airflow/.local/lib/python3.7/site-packages/airflow/example_dags/example_task_group_decorator.py
[2025-04-08T09:15:04.685+0000] {logging_mixin.py:149} INFO - [2025-04-08T09:15:04.685+0000] {dag.py:2726} INFO - Sync 1 DAGs
[2025-04-08T09:15:04.712+0000] {logging_mixin.py:149} INFO - [2025-04-08T09:15:04.711+0000] {dag.py:3490} INFO - Setting next_dagrun for example_task_group_decorator to 2025-04-07T09:15:04.711580+00:00, run_after=2025-04-08T09:15:04.711580+00:00
[2025-04-08T09:15:04.733+0000] {processor.py:179} INFO - Processing /home/airflow/.local/lib/python3.7/site-packages/airflow/example_dags/example_task_group_decorator.py took 0.095 seconds
[2025-04-08T09:15:35.962+0000] {processor.py:157} INFO - Started process (PID=789) to work on /home/airflow/.local/lib/python3.7/site-packages/airflow/example_dags/example_task_group_decorator.py
[2025-04-08T09:15:35.963+0000] {processor.py:826} INFO - Processing file /home/airflow/.local/lib/python3.7/site-packages/airflow/example_dags/example_task_group_decorator.py for tasks to queue
[2025-04-08T09:15:35.964+0000] {logging_mixin.py:149} INFO - [2025-04-08T09:15:35.964+0000] {dagbag.py:541} INFO - Filling up the DagBag from /home/airflow/.local/lib/python3.7/site-packages/airflow/example_dags/example_task_group_decorator.py
[2025-04-08T09:15:35.977+0000] {processor.py:836} INFO - DAG(s) dict_keys(['example_task_group_decorator']) retrieved from /home/airflow/.local/lib/python3.7/site-packages/airflow/example_dags/example_task_group_decorator.py
[2025-04-08T09:15:36.006+0000] {logging_mixin.py:149} INFO - [2025-04-08T09:15:36.006+0000] {dag.py:2726} INFO - Sync 1 DAGs
[2025-04-08T09:15:36.033+0000] {logging_mixin.py:149} INFO - [2025-04-08T09:15:36.032+0000] {dag.py:3490} INFO - Setting next_dagrun for example_task_group_decorator to 2025-04-07T09:15:36.032683+00:00, run_after=2025-04-08T09:15:36.032683+00:00
[2025-04-08T09:15:36.053+0000] {processor.py:179} INFO - Processing /home/airflow/.local/lib/python3.7/site-packages/airflow/example_dags/example_task_group_decorator.py took 0.095 seconds
[2025-04-08T09:16:07.345+0000] {processor.py:157} INFO - Started process (PID=880) to work on /home/airflow/.local/lib/python3.7/site-packages/airflow/example_dags/example_task_group_decorator.py
[2025-04-08T09:16:07.346+0000] {processor.py:826} INFO - Processing file /home/airflow/.local/lib/python3.7/site-packages/airflow/example_dags/example_task_group_decorator.py for tasks to queue
[2025-04-08T09:16:07.347+0000] {logging_mixin.py:149} INFO - [2025-04-08T09:16:07.347+0000] {dagbag.py:541} INFO - Filling up the DagBag from /home/airflow/.local/lib/python3.7/site-packages/airflow/example_dags/example_task_group_decorator.py
[2025-04-08T09:16:07.363+0000] {processor.py:836} INFO - DAG(s) dict_keys(['example_task_group_decorator']) retrieved from /home/airflow/.local/lib/python3.7/site-packages/airflow/example_dags/example_task_group_decorator.py
[2025-04-08T09:16:07.393+0000] {logging_mixin.py:149} INFO - [2025-04-08T09:16:07.393+0000] {dag.py:2726} INFO - Sync 1 DAGs
[2025-04-08T09:16:07.418+0000] {logging_mixin.py:149} INFO - [2025-04-08T09:16:07.418+0000] {dag.py:3490} INFO - Setting next_dagrun for example_task_group_decorator to 2025-04-07T09:16:07.418341+00:00, run_after=2025-04-08T09:16:07.418341+00:00
[2025-04-08T09:16:07.442+0000] {processor.py:179} INFO - Processing /home/airflow/.local/lib/python3.7/site-packages/airflow/example_dags/example_task_group_decorator.py took 0.101 seconds
[2025-04-08T09:16:38.040+0000] {processor.py:157} INFO - Started process (PID=971) to work on /home/airflow/.local/lib/python3.7/site-packages/airflow/example_dags/example_task_group_decorator.py
[2025-04-08T09:16:38.041+0000] {processor.py:826} INFO - Processing file /home/airflow/.local/lib/python3.7/site-packages/airflow/example_dags/example_task_group_decorator.py for tasks to queue
[2025-04-08T09:16:38.042+0000] {logging_mixin.py:149} INFO - [2025-04-08T09:16:38.041+0000] {dagbag.py:541} INFO - Filling up the DagBag from /home/airflow/.local/lib/python3.7/site-packages/airflow/example_dags/example_task_group_decorator.py
[2025-04-08T09:16:38.055+0000] {processor.py:836} INFO - DAG(s) dict_keys(['example_task_group_decorator']) retrieved from /home/airflow/.local/lib/python3.7/site-packages/airflow/example_dags/example_task_group_decorator.py
[2025-04-08T09:16:38.084+0000] {logging_mixin.py:149} INFO - [2025-04-08T09:16:38.084+0000] {dag.py:2726} INFO - Sync 1 DAGs
[2025-04-08T09:16:38.110+0000] {logging_mixin.py:149} INFO - [2025-04-08T09:16:38.110+0000] {dag.py:3490} INFO - Setting next_dagrun for example_task_group_decorator to 2025-04-07T09:16:38.110102+00:00, run_after=2025-04-08T09:16:38.110102+00:00
[2025-04-08T09:16:38.133+0000] {processor.py:179} INFO - Processing /home/airflow/.local/lib/python3.7/site-packages/airflow/example_dags/example_task_group_decorator.py took 0.097 seconds
[2025-04-08T09:17:08.360+0000] {processor.py:157} INFO - Started process (PID=1062) to work on /home/airflow/.local/lib/python3.7/site-packages/airflow/example_dags/example_task_group_decorator.py
[2025-04-08T09:17:08.361+0000] {processor.py:826} INFO - Processing file /home/airflow/.local/lib/python3.7/site-packages/airflow/example_dags/example_task_group_decorator.py for tasks to queue
[2025-04-08T09:17:08.362+0000] {logging_mixin.py:149} INFO - [2025-04-08T09:17:08.362+0000] {dagbag.py:541} INFO - Filling up the DagBag from /home/airflow/.local/lib/python3.7/site-packages/airflow/example_dags/example_task_group_decorator.py
[2025-04-08T09:17:08.376+0000] {processor.py:836} INFO - DAG(s) dict_keys(['example_task_group_decorator']) retrieved from /home/airflow/.local/lib/python3.7/site-packages/airflow/example_dags/example_task_group_decorator.py
[2025-04-08T09:17:08.404+0000] {logging_mixin.py:149} INFO - [2025-04-08T09:17:08.404+0000] {dag.py:2726} INFO - Sync 1 DAGs
[2025-04-08T09:17:08.432+0000] {logging_mixin.py:149} INFO - [2025-04-08T09:17:08.432+0000] {dag.py:3490} INFO - Setting next_dagrun for example_task_group_decorator to 2025-04-07T09:17:08.431925+00:00, run_after=2025-04-08T09:17:08.431925+00:00
[2025-04-08T09:17:08.453+0000] {processor.py:179} INFO - Processing /home/airflow/.local/lib/python3.7/site-packages/airflow/example_dags/example_task_group_decorator.py took 0.096 seconds
[2025-04-08T09:17:38.934+0000] {processor.py:157} INFO - Started process (PID=1153) to work on /home/airflow/.local/lib/python3.7/site-packages/airflow/example_dags/example_task_group_decorator.py
[2025-04-08T09:17:38.935+0000] {processor.py:826} INFO - Processing file /home/airflow/.local/lib/python3.7/site-packages/airflow/example_dags/example_task_group_decorator.py for tasks to queue
[2025-04-08T09:17:38.936+0000] {logging_mixin.py:149} INFO - [2025-04-08T09:17:38.936+0000] {dagbag.py:541} INFO - Filling up the DagBag from /home/airflow/.local/lib/python3.7/site-packages/airflow/example_dags/example_task_group_decorator.py
[2025-04-08T09:17:38.956+0000] {processor.py:836} INFO - DAG(s) dict_keys(['example_task_group_decorator']) retrieved from /home/airflow/.local/lib/python3.7/site-packages/airflow/example_dags/example_task_group_decorator.py
[2025-04-08T09:17:39.004+0000] {logging_mixin.py:149} INFO - [2025-04-08T09:17:39.004+0000] {dag.py:2726} INFO - Sync 1 DAGs
[2025-04-08T09:17:39.038+0000] {logging_mixin.py:149} INFO - [2025-04-08T09:17:39.038+0000] {dag.py:3490} INFO - Setting next_dagrun for example_task_group_decorator to 2025-04-07T09:17:39.038144+00:00, run_after=2025-04-08T09:17:39.038144+00:00
[2025-04-08T09:17:39.061+0000] {processor.py:179} INFO - Processing /home/airflow/.local/lib/python3.7/site-packages/airflow/example_dags/example_task_group_decorator.py took 0.132 seconds
[2025-04-08T09:18:09.524+0000] {processor.py:157} INFO - Started process (PID=1244) to work on /home/airflow/.local/lib/python3.7/site-packages/airflow/example_dags/example_task_group_decorator.py
[2025-04-08T09:18:09.525+0000] {processor.py:826} INFO - Processing file /home/airflow/.local/lib/python3.7/site-packages/airflow/example_dags/example_task_group_decorator.py for tasks to queue
[2025-04-08T09:18:09.525+0000] {logging_mixin.py:149} INFO - [2025-04-08T09:18:09.525+0000] {dagbag.py:541} INFO - Filling up the DagBag from /home/airflow/.local/lib/python3.7/site-packages/airflow/example_dags/example_task_group_decorator.py
[2025-04-08T09:18:09.539+0000] {processor.py:836} INFO - DAG(s) dict_keys(['example_task_group_decorator']) retrieved from /home/airflow/.local/lib/python3.7/site-packages/airflow/example_dags/example_task_group_decorator.py
[2025-04-08T09:18:09.570+0000] {logging_mixin.py:149} INFO - [2025-04-08T09:18:09.570+0000] {dag.py:2726} INFO - Sync 1 DAGs
[2025-04-08T09:18:09.598+0000] {logging_mixin.py:149} INFO - [2025-04-08T09:18:09.598+0000] {dag.py:3490} INFO - Setting next_dagrun for example_task_group_decorator to 2025-04-07T09:18:09.597697+00:00, run_after=2025-04-08T09:18:09.597697+00:00
[2025-04-08T09:18:09.622+0000] {processor.py:179} INFO - Processing /home/airflow/.local/lib/python3.7/site-packages/airflow/example_dags/example_task_group_decorator.py took 0.101 seconds
[2025-04-08T09:18:40.163+0000] {processor.py:157} INFO - Started process (PID=1335) to work on /home/airflow/.local/lib/python3.7/site-packages/airflow/example_dags/example_task_group_decorator.py
[2025-04-08T09:18:40.164+0000] {processor.py:826} INFO - Processing file /home/airflow/.local/lib/python3.7/site-packages/airflow/example_dags/example_task_group_decorator.py for tasks to queue
[2025-04-08T09:18:40.165+0000] {logging_mixin.py:149} INFO - [2025-04-08T09:18:40.164+0000] {dagbag.py:541} INFO - Filling up the DagBag from /home/airflow/.local/lib/python3.7/site-packages/airflow/example_dags/example_task_group_decorator.py
[2025-04-08T09:18:40.183+0000] {processor.py:836} INFO - DAG(s) dict_keys(['example_task_group_decorator']) retrieved from /home/airflow/.local/lib/python3.7/site-packages/airflow/example_dags/example_task_group_decorator.py
[2025-04-08T09:18:40.213+0000] {logging_mixin.py:149} INFO - [2025-04-08T09:18:40.213+0000] {dag.py:2726} INFO - Sync 1 DAGs
[2025-04-08T09:18:40.240+0000] {logging_mixin.py:149} INFO - [2025-04-08T09:18:40.239+0000] {dag.py:3490} INFO - Setting next_dagrun for example_task_group_decorator to 2025-04-07T09:18:40.239619+00:00, run_after=2025-04-08T09:18:40.239619+00:00
[2025-04-08T09:18:40.263+0000] {processor.py:179} INFO - Processing /home/airflow/.local/lib/python3.7/site-packages/airflow/example_dags/example_task_group_decorator.py took 0.103 seconds
