[2025-03-11T15:19:15.719+0000] {taskinstance.py:1103} INFO - Dependencies all met for dep_context=non-requeueable deps ti=<TaskInstance: file_watcher_dag.wait_for_new_file scheduled__2025-03-11T15:18:44.613291+00:00 [queued]>
[2025-03-11T15:19:15.726+0000] {taskinstance.py:1103} INFO - Dependencies all met for dep_context=requeueable deps ti=<TaskInstance: file_watcher_dag.wait_for_new_file scheduled__2025-03-11T15:18:44.613291+00:00 [queued]>
[2025-03-11T15:19:15.726+0000] {taskinstance.py:1308} INFO - Starting attempt 1 of 1
[2025-03-11T15:19:15.738+0000] {taskinstance.py:1327} INFO - Executing <Task(FileSensor): wait_for_new_file> on 2025-03-11 15:18:44.613291+00:00
[2025-03-11T15:19:15.745+0000] {standard_task_runner.py:57} INFO - Started process 975 to run task
[2025-03-11T15:19:15.748+0000] {standard_task_runner.py:84} INFO - Running: ['***', 'tasks', 'run', 'file_watcher_dag', 'wait_for_new_file', 'scheduled__2025-03-11T15:18:44.613291+00:00', '--job-id', '306', '--raw', '--subdir', 'DAGS_FOLDER/watch.py', '--cfg-path', '/tmp/tmplgikbeez']
[2025-03-11T15:19:15.750+0000] {standard_task_runner.py:85} INFO - Job 306: Subtask wait_for_new_file
[2025-03-11T15:19:15.790+0000] {task_command.py:410} INFO - Running <TaskInstance: file_watcher_dag.wait_for_new_file scheduled__2025-03-11T15:18:44.613291+00:00 [running]> on host 72a7cd2d8042
[2025-03-11T15:19:15.866+0000] {taskinstance.py:1547} INFO - Exporting env vars: AIRFLOW_CTX_DAG_OWNER='***' AIRFLOW_CTX_DAG_ID='file_watcher_dag' AIRFLOW_CTX_TASK_ID='wait_for_new_file' AIRFLOW_CTX_EXECUTION_DATE='2025-03-11T15:18:44.613291+00:00' AIRFLOW_CTX_TRY_NUMBER='1' AIRFLOW_CTX_DAG_RUN_ID='scheduled__2025-03-11T15:18:44.613291+00:00'
[2025-03-11T15:19:15.875+0000] {base.py:73} INFO - Using connection ID 'fs_default' for task execution.
[2025-03-11T15:19:15.875+0000] {filesystem.py:64} INFO - Poking for file /opt/***/dags/data/Vente.csv
[2025-03-11T15:19:25.891+0000] {base.py:73} INFO - Using connection ID 'fs_default' for task execution.
[2025-03-11T15:19:25.892+0000] {filesystem.py:64} INFO - Poking for file /opt/***/dags/data/Vente.csv
[2025-03-11T15:19:35.908+0000] {base.py:73} INFO - Using connection ID 'fs_default' for task execution.
[2025-03-11T15:19:35.908+0000] {filesystem.py:64} INFO - Poking for file /opt/***/dags/data/Vente.csv
[2025-03-11T15:19:35.909+0000] {taskinstance.py:1824} ERROR - Task failed with exception
Traceback (most recent call last):
  File "/home/airflow/.local/lib/python3.7/site-packages/airflow/sensors/base.py", line 242, in execute
    raise AirflowSensorTimeout(message)
airflow.exceptions.AirflowSensorTimeout: Sensor has timed out; run duration of 20.041181674001564 seconds exceeds the specified timeout of 20.
[2025-03-11T15:19:35.916+0000] {taskinstance.py:1350} INFO - Immediate failure requested. Marking task as FAILED. dag_id=file_watcher_dag, task_id=wait_for_new_file, execution_date=20250311T151844, start_date=20250311T151915, end_date=20250311T151935
[2025-03-11T15:19:35.926+0000] {standard_task_runner.py:109} ERROR - Failed to execute job 306 for task wait_for_new_file (Sensor has timed out; run duration of 20.041181674001564 seconds exceeds the specified timeout of 20.; 975)
[2025-03-11T15:19:35.935+0000] {local_task_job_runner.py:225} INFO - Task exited with return code 1
[2025-03-11T15:19:35.960+0000] {taskinstance.py:2651} INFO - 0 downstream tasks scheduled from follow-on schedule check
