[2025-03-11T15:23:15.696+0000] {taskinstance.py:1103} INFO - Dependencies all met for dep_context=non-requeueable deps ti=<TaskInstance: file_watcher_dag.wait_for_new_file scheduled__2025-03-11T15:22:44.613291+00:00 [queued]>
[2025-03-11T15:23:15.704+0000] {taskinstance.py:1103} INFO - Dependencies all met for dep_context=requeueable deps ti=<TaskInstance: file_watcher_dag.wait_for_new_file scheduled__2025-03-11T15:22:44.613291+00:00 [queued]>
[2025-03-11T15:23:15.704+0000] {taskinstance.py:1308} INFO - Starting attempt 1 of 1
[2025-03-11T15:23:15.716+0000] {taskinstance.py:1327} INFO - Executing <Task(FileSensor): wait_for_new_file> on 2025-03-11 15:22:44.613291+00:00
[2025-03-11T15:23:15.723+0000] {standard_task_runner.py:57} INFO - Started process 1062 to run task
[2025-03-11T15:23:15.726+0000] {standard_task_runner.py:84} INFO - Running: ['***', 'tasks', 'run', 'file_watcher_dag', 'wait_for_new_file', 'scheduled__2025-03-11T15:22:44.613291+00:00', '--job-id', '314', '--raw', '--subdir', 'DAGS_FOLDER/watch.py', '--cfg-path', '/tmp/tmpk5_1wn4j']
[2025-03-11T15:23:15.729+0000] {standard_task_runner.py:85} INFO - Job 314: Subtask wait_for_new_file
[2025-03-11T15:23:15.770+0000] {task_command.py:410} INFO - Running <TaskInstance: file_watcher_dag.wait_for_new_file scheduled__2025-03-11T15:22:44.613291+00:00 [running]> on host 72a7cd2d8042
[2025-03-11T15:23:15.847+0000] {taskinstance.py:1547} INFO - Exporting env vars: AIRFLOW_CTX_DAG_OWNER='***' AIRFLOW_CTX_DAG_ID='file_watcher_dag' AIRFLOW_CTX_TASK_ID='wait_for_new_file' AIRFLOW_CTX_EXECUTION_DATE='2025-03-11T15:22:44.613291+00:00' AIRFLOW_CTX_TRY_NUMBER='1' AIRFLOW_CTX_DAG_RUN_ID='scheduled__2025-03-11T15:22:44.613291+00:00'
[2025-03-11T15:23:15.855+0000] {base.py:73} INFO - Using connection ID 'fs_default' for task execution.
[2025-03-11T15:23:15.855+0000] {filesystem.py:64} INFO - Poking for file /opt/***/dags/data/Vente.csv
[2025-03-11T15:23:25.871+0000] {base.py:73} INFO - Using connection ID 'fs_default' for task execution.
[2025-03-11T15:23:25.871+0000] {filesystem.py:64} INFO - Poking for file /opt/***/dags/data/Vente.csv
[2025-03-11T15:23:35.881+0000] {base.py:73} INFO - Using connection ID 'fs_default' for task execution.
[2025-03-11T15:23:35.881+0000] {filesystem.py:64} INFO - Poking for file /opt/***/dags/data/Vente.csv
[2025-03-11T15:23:35.881+0000] {taskinstance.py:1824} ERROR - Task failed with exception
Traceback (most recent call last):
  File "/home/airflow/.local/lib/python3.7/site-packages/airflow/sensors/base.py", line 242, in execute
    raise AirflowSensorTimeout(message)
airflow.exceptions.AirflowSensorTimeout: Sensor has timed out; run duration of 20.033567686001334 seconds exceeds the specified timeout of 20.
[2025-03-11T15:23:35.888+0000] {taskinstance.py:1350} INFO - Immediate failure requested. Marking task as FAILED. dag_id=file_watcher_dag, task_id=wait_for_new_file, execution_date=20250311T152244, start_date=20250311T152315, end_date=20250311T152335
[2025-03-11T15:23:35.899+0000] {standard_task_runner.py:109} ERROR - Failed to execute job 314 for task wait_for_new_file (Sensor has timed out; run duration of 20.033567686001334 seconds exceeds the specified timeout of 20.; 1062)
[2025-03-11T15:23:35.912+0000] {local_task_job_runner.py:225} INFO - Task exited with return code 1
[2025-03-11T15:23:35.937+0000] {taskinstance.py:2651} INFO - 0 downstream tasks scheduled from follow-on schedule check
