[2025-03-11T15:02:04.032+0000] {taskinstance.py:1103} INFO - Dependencies all met for dep_context=non-requeueable deps ti=<TaskInstance: file_watcher_dag.wait_for_new_file scheduled__2025-03-11T15:01:32.491521+00:00 [queued]>
[2025-03-11T15:02:04.043+0000] {taskinstance.py:1103} INFO - Dependencies all met for dep_context=requeueable deps ti=<TaskInstance: file_watcher_dag.wait_for_new_file scheduled__2025-03-11T15:01:32.491521+00:00 [queued]>
[2025-03-11T15:02:04.043+0000] {taskinstance.py:1308} INFO - Starting attempt 1 of 1
[2025-03-11T15:02:04.060+0000] {taskinstance.py:1327} INFO - Executing <Task(FileSensor): wait_for_new_file> on 2025-03-11 15:01:32.491521+00:00
[2025-03-11T15:02:04.067+0000] {standard_task_runner.py:57} INFO - Started process 267 to run task
[2025-03-11T15:02:04.071+0000] {standard_task_runner.py:84} INFO - Running: ['***', 'tasks', 'run', 'file_watcher_dag', 'wait_for_new_file', 'scheduled__2025-03-11T15:01:32.491521+00:00', '--job-id', '169', '--raw', '--subdir', 'DAGS_FOLDER/watch.py', '--cfg-path', '/tmp/tmpadtzstpy']
[2025-03-11T15:02:04.076+0000] {standard_task_runner.py:85} INFO - Job 169: Subtask wait_for_new_file
[2025-03-11T15:02:04.148+0000] {task_command.py:410} INFO - Running <TaskInstance: file_watcher_dag.wait_for_new_file scheduled__2025-03-11T15:01:32.491521+00:00 [running]> on host 72a7cd2d8042
[2025-03-11T15:02:04.270+0000] {taskinstance.py:1547} INFO - Exporting env vars: AIRFLOW_CTX_DAG_OWNER='***' AIRFLOW_CTX_DAG_ID='file_watcher_dag' AIRFLOW_CTX_TASK_ID='wait_for_new_file' AIRFLOW_CTX_EXECUTION_DATE='2025-03-11T15:01:32.491521+00:00' AIRFLOW_CTX_TRY_NUMBER='1' AIRFLOW_CTX_DAG_RUN_ID='scheduled__2025-03-11T15:01:32.491521+00:00'
[2025-03-11T15:02:04.283+0000] {base.py:73} INFO - Using connection ID 'fs_default' for task execution.
[2025-03-11T15:02:04.283+0000] {filesystem.py:64} INFO - Poking for file /opt/***/dags/data/Vente.csv
[2025-03-11T15:02:14.299+0000] {base.py:73} INFO - Using connection ID 'fs_default' for task execution.
[2025-03-11T15:02:14.300+0000] {filesystem.py:64} INFO - Poking for file /opt/***/dags/data/Vente.csv
[2025-03-11T15:02:24.311+0000] {base.py:73} INFO - Using connection ID 'fs_default' for task execution.
[2025-03-11T15:02:24.312+0000] {filesystem.py:64} INFO - Poking for file /opt/***/dags/data/Vente.csv
[2025-03-11T15:02:34.321+0000] {base.py:73} INFO - Using connection ID 'fs_default' for task execution.
[2025-03-11T15:02:34.321+0000] {filesystem.py:64} INFO - Poking for file /opt/***/dags/data/Vente.csv
[2025-03-11T15:02:44.329+0000] {base.py:73} INFO - Using connection ID 'fs_default' for task execution.
[2025-03-11T15:02:44.329+0000] {filesystem.py:64} INFO - Poking for file /opt/***/dags/data/Vente.csv
[2025-03-11T15:02:54.342+0000] {base.py:73} INFO - Using connection ID 'fs_default' for task execution.
[2025-03-11T15:02:54.343+0000] {filesystem.py:64} INFO - Poking for file /opt/***/dags/data/Vente.csv
[2025-03-11T15:03:04.363+0000] {base.py:73} INFO - Using connection ID 'fs_default' for task execution.
[2025-03-11T15:03:04.363+0000] {filesystem.py:64} INFO - Poking for file /opt/***/dags/data/Vente.csv
[2025-03-11T15:03:14.379+0000] {base.py:73} INFO - Using connection ID 'fs_default' for task execution.
[2025-03-11T15:03:14.379+0000] {filesystem.py:64} INFO - Poking for file /opt/***/dags/data/Vente.csv
[2025-03-11T15:03:24.399+0000] {base.py:73} INFO - Using connection ID 'fs_default' for task execution.
[2025-03-11T15:03:24.399+0000] {filesystem.py:64} INFO - Poking for file /opt/***/dags/data/Vente.csv
[2025-03-11T15:03:34.408+0000] {base.py:73} INFO - Using connection ID 'fs_default' for task execution.
[2025-03-11T15:03:34.409+0000] {filesystem.py:64} INFO - Poking for file /opt/***/dags/data/Vente.csv
[2025-03-11T15:03:44.423+0000] {base.py:73} INFO - Using connection ID 'fs_default' for task execution.
[2025-03-11T15:03:44.424+0000] {filesystem.py:64} INFO - Poking for file /opt/***/dags/data/Vente.csv
[2025-03-11T15:03:54.436+0000] {base.py:73} INFO - Using connection ID 'fs_default' for task execution.
[2025-03-11T15:03:54.437+0000] {filesystem.py:64} INFO - Poking for file /opt/***/dags/data/Vente.csv
[2025-03-11T15:04:04.454+0000] {base.py:73} INFO - Using connection ID 'fs_default' for task execution.
[2025-03-11T15:04:04.454+0000] {filesystem.py:64} INFO - Poking for file /opt/***/dags/data/Vente.csv
[2025-03-11T15:04:04.454+0000] {filesystem.py:69} INFO - Found File /opt/***/dags/data/Vente.csv last modified: 20241115130222
[2025-03-11T15:04:04.455+0000] {base.py:255} INFO - Success criteria met. Exiting.
[2025-03-11T15:04:04.466+0000] {taskinstance.py:1350} INFO - Marking task as SUCCESS. dag_id=file_watcher_dag, task_id=wait_for_new_file, execution_date=20250311T150132, start_date=20250311T150204, end_date=20250311T150404
[2025-03-11T15:04:04.498+0000] {local_task_job_runner.py:225} INFO - Task exited with return code 0
[2025-03-11T15:04:04.529+0000] {taskinstance.py:2651} INFO - 1 downstream tasks scheduled from follow-on schedule check
