[2025-05-06T14:13:06.496+0000] {taskinstance.py:1103} INFO - Dependencies all met for dep_context=non-requeueable deps ti=<TaskInstance: csv_etl_pipeline.load_task scheduled__2025-05-06T14:12:00+00:00 [queued]>
[2025-05-06T14:13:06.505+0000] {taskinstance.py:1103} INFO - Dependencies all met for dep_context=requeueable deps ti=<TaskInstance: csv_etl_pipeline.load_task scheduled__2025-05-06T14:12:00+00:00 [queued]>
[2025-05-06T14:13:06.505+0000] {taskinstance.py:1308} INFO - Starting attempt 1 of 1
[2025-05-06T14:13:06.518+0000] {taskinstance.py:1327} INFO - Executing <Task(PythonOperator): load_task> on 2025-05-06 14:12:00+00:00
[2025-05-06T14:13:06.525+0000] {standard_task_runner.py:57} INFO - Started process 170 to run task
[2025-05-06T14:13:06.528+0000] {standard_task_runner.py:84} INFO - Running: ['***', 'tasks', 'run', 'csv_etl_pipeline', 'load_task', 'scheduled__2025-05-06T14:12:00+00:00', '--job-id', '12', '--raw', '--subdir', 'DAGS_FOLDER/etl.py', '--cfg-path', '/tmp/tmptxqoi7bg']
[2025-05-06T14:13:06.529+0000] {standard_task_runner.py:85} INFO - Job 12: Subtask load_task
[2025-05-06T14:13:06.577+0000] {task_command.py:410} INFO - Running <TaskInstance: csv_etl_pipeline.load_task scheduled__2025-05-06T14:12:00+00:00 [running]> on host 6750b33ae964
[2025-05-06T14:13:06.651+0000] {taskinstance.py:1547} INFO - Exporting env vars: AIRFLOW_CTX_DAG_OWNER='***' AIRFLOW_CTX_DAG_ID='csv_etl_pipeline' AIRFLOW_CTX_TASK_ID='load_task' AIRFLOW_CTX_EXECUTION_DATE='2025-05-06T14:12:00+00:00' AIRFLOW_CTX_TRY_NUMBER='1' AIRFLOW_CTX_DAG_RUN_ID='scheduled__2025-05-06T14:12:00+00:00'
[2025-05-06T14:13:07.319+0000] {taskinstance.py:1824} ERROR - Task failed with exception
Traceback (most recent call last):
  File "/home/airflow/.local/lib/python3.7/site-packages/airflow/operators/python.py", line 181, in execute
    return_value = self.execute_callable()
  File "/home/airflow/.local/lib/python3.7/site-packages/airflow/operators/python.py", line 198, in execute_callable
    return self.python_callable(*self.op_args, **self.op_kwargs)
  File "/opt/airflow/dags/etl.py", line 44, in load_data
    if df_new.empty:
UnboundLocalError: local variable 'df_new' referenced before assignment
[2025-05-06T14:13:07.329+0000] {taskinstance.py:1350} INFO - Marking task as FAILED. dag_id=csv_etl_pipeline, task_id=load_task, execution_date=20250506T141200, start_date=20250506T141306, end_date=20250506T141307
[2025-05-06T14:13:07.344+0000] {standard_task_runner.py:109} ERROR - Failed to execute job 12 for task load_task (local variable 'df_new' referenced before assignment; 170)
[2025-05-06T14:13:07.381+0000] {local_task_job_runner.py:225} INFO - Task exited with return code 1
[2025-05-06T14:13:07.416+0000] {taskinstance.py:2651} INFO - 0 downstream tasks scheduled from follow-on schedule check
