[2025-03-11T15:02:33.814+0000] {taskinstance.py:1103} INFO - Dependencies all met for dep_context=non-requeueable deps ti=<TaskInstance: file_watcher_dag.wait_for_new_file scheduled__2025-03-11T15:02:02.747622+00:00 [queued]>
[2025-03-11T15:02:33.823+0000] {taskinstance.py:1103} INFO - Dependencies all met for dep_context=requeueable deps ti=<TaskInstance: file_watcher_dag.wait_for_new_file scheduled__2025-03-11T15:02:02.747622+00:00 [queued]>
[2025-03-11T15:02:33.823+0000] {taskinstance.py:1308} INFO - Starting attempt 1 of 1
[2025-03-11T15:02:33.836+0000] {taskinstance.py:1327} INFO - Executing <Task(FileSensor): wait_for_new_file> on 2025-03-11 15:02:02.747622+00:00
[2025-03-11T15:02:33.841+0000] {standard_task_runner.py:57} INFO - Started process 279 to run task
[2025-03-11T15:02:33.845+0000] {standard_task_runner.py:84} INFO - Running: ['***', 'tasks', 'run', 'file_watcher_dag', 'wait_for_new_file', 'scheduled__2025-03-11T15:02:02.747622+00:00', '--job-id', '170', '--raw', '--subdir', 'DAGS_FOLDER/watch.py', '--cfg-path', '/tmp/tmpsdz65fe0']
[2025-03-11T15:02:33.848+0000] {standard_task_runner.py:85} INFO - Job 170: Subtask wait_for_new_file
[2025-03-11T15:02:33.898+0000] {task_command.py:410} INFO - Running <TaskInstance: file_watcher_dag.wait_for_new_file scheduled__2025-03-11T15:02:02.747622+00:00 [running]> on host 72a7cd2d8042
[2025-03-11T15:02:33.989+0000] {taskinstance.py:1547} INFO - Exporting env vars: AIRFLOW_CTX_DAG_OWNER='***' AIRFLOW_CTX_DAG_ID='file_watcher_dag' AIRFLOW_CTX_TASK_ID='wait_for_new_file' AIRFLOW_CTX_EXECUTION_DATE='2025-03-11T15:02:02.747622+00:00' AIRFLOW_CTX_TRY_NUMBER='1' AIRFLOW_CTX_DAG_RUN_ID='scheduled__2025-03-11T15:02:02.747622+00:00'
[2025-03-11T15:02:34.000+0000] {base.py:73} INFO - Using connection ID 'fs_default' for task execution.
[2025-03-11T15:02:34.001+0000] {filesystem.py:64} INFO - Poking for file /opt/***/dags/data/Vente.csv
[2025-03-11T15:02:44.010+0000] {base.py:73} INFO - Using connection ID 'fs_default' for task execution.
[2025-03-11T15:02:44.010+0000] {filesystem.py:64} INFO - Poking for file /opt/***/dags/data/Vente.csv
[2025-03-11T15:02:54.024+0000] {base.py:73} INFO - Using connection ID 'fs_default' for task execution.
[2025-03-11T15:02:54.025+0000] {filesystem.py:64} INFO - Poking for file /opt/***/dags/data/Vente.csv
[2025-03-11T15:03:04.042+0000] {base.py:73} INFO - Using connection ID 'fs_default' for task execution.
[2025-03-11T15:03:04.042+0000] {filesystem.py:64} INFO - Poking for file /opt/***/dags/data/Vente.csv
[2025-03-11T15:03:14.058+0000] {base.py:73} INFO - Using connection ID 'fs_default' for task execution.
[2025-03-11T15:03:14.059+0000] {filesystem.py:64} INFO - Poking for file /opt/***/dags/data/Vente.csv
[2025-03-11T15:03:24.077+0000] {base.py:73} INFO - Using connection ID 'fs_default' for task execution.
[2025-03-11T15:03:24.078+0000] {filesystem.py:64} INFO - Poking for file /opt/***/dags/data/Vente.csv
[2025-03-11T15:03:34.096+0000] {base.py:73} INFO - Using connection ID 'fs_default' for task execution.
[2025-03-11T15:03:34.096+0000] {filesystem.py:64} INFO - Poking for file /opt/***/dags/data/Vente.csv
[2025-03-11T15:03:44.107+0000] {base.py:73} INFO - Using connection ID 'fs_default' for task execution.
[2025-03-11T15:03:44.108+0000] {filesystem.py:64} INFO - Poking for file /opt/***/dags/data/Vente.csv
[2025-03-11T15:03:54.125+0000] {base.py:73} INFO - Using connection ID 'fs_default' for task execution.
[2025-03-11T15:03:54.125+0000] {filesystem.py:64} INFO - Poking for file /opt/***/dags/data/Vente.csv
[2025-03-11T15:04:04.136+0000] {base.py:73} INFO - Using connection ID 'fs_default' for task execution.
[2025-03-11T15:04:04.137+0000] {filesystem.py:64} INFO - Poking for file /opt/***/dags/data/Vente.csv
[2025-03-11T15:04:04.137+0000] {filesystem.py:69} INFO - Found File /opt/***/dags/data/Vente.csv last modified: 20241115130222
[2025-03-11T15:04:04.137+0000] {base.py:255} INFO - Success criteria met. Exiting.
[2025-03-11T15:04:04.155+0000] {taskinstance.py:1350} INFO - Marking task as SUCCESS. dag_id=file_watcher_dag, task_id=wait_for_new_file, execution_date=20250311T150202, start_date=20250311T150233, end_date=20250311T150404
[2025-03-11T15:04:04.191+0000] {local_task_job_runner.py:225} INFO - Task exited with return code 0
[2025-03-11T15:04:04.237+0000] {taskinstance.py:2651} INFO - 1 downstream tasks scheduled from follow-on schedule check
