[2025-03-11T13:58:54.344+0000] {taskinstance.py:1103} INFO - Dependencies all met for dep_context=non-requeueable deps ti=<TaskInstance: csv_etl_pipeline.wait_for_file manual__2025-03-11T13:58:51.450517+00:00 [queued]>
[2025-03-11T13:58:54.358+0000] {taskinstance.py:1103} INFO - Dependencies all met for dep_context=requeueable deps ti=<TaskInstance: csv_etl_pipeline.wait_for_file manual__2025-03-11T13:58:51.450517+00:00 [queued]>
[2025-03-11T13:58:54.359+0000] {taskinstance.py:1308} INFO - Starting attempt 1 of 1
[2025-03-11T13:58:54.382+0000] {taskinstance.py:1327} INFO - Executing <Task(FileSensor): wait_for_file> on 2025-03-11 13:58:51.450517+00:00
[2025-03-11T13:58:54.392+0000] {standard_task_runner.py:57} INFO - Started process 896 to run task
[2025-03-11T13:58:54.397+0000] {standard_task_runner.py:84} INFO - Running: ['***', 'tasks', 'run', 'csv_etl_pipeline', 'wait_for_file', 'manual__2025-03-11T13:58:51.450517+00:00', '--job-id', '76', '--raw', '--subdir', 'DAGS_FOLDER/etl.py', '--cfg-path', '/tmp/tmpe6ircovr']
[2025-03-11T13:58:54.397+0000] {standard_task_runner.py:85} INFO - Job 76: Subtask wait_for_file
[2025-03-11T13:58:54.491+0000] {task_command.py:410} INFO - Running <TaskInstance: csv_etl_pipeline.wait_for_file manual__2025-03-11T13:58:51.450517+00:00 [running]> on host 72a7cd2d8042
[2025-03-11T13:58:54.670+0000] {taskinstance.py:1547} INFO - Exporting env vars: AIRFLOW_CTX_DAG_OWNER='***' AIRFLOW_CTX_DAG_ID='csv_etl_pipeline' AIRFLOW_CTX_TASK_ID='wait_for_file' AIRFLOW_CTX_EXECUTION_DATE='2025-03-11T13:58:51.450517+00:00' AIRFLOW_CTX_TRY_NUMBER='1' AIRFLOW_CTX_DAG_RUN_ID='manual__2025-03-11T13:58:51.450517+00:00'
[2025-03-11T13:58:54.724+0000] {taskinstance.py:1824} ERROR - Task failed with exception
Traceback (most recent call last):
  File "/home/airflow/.local/lib/python3.7/site-packages/airflow/sensors/base.py", line 225, in execute
    raise e
  File "/home/airflow/.local/lib/python3.7/site-packages/airflow/sensors/base.py", line 212, in execute
    poke_return = self.poke(context)
  File "/home/airflow/.local/lib/python3.7/site-packages/airflow/sensors/filesystem.py", line 61, in poke
    hook = FSHook(self.fs_conn_id)
  File "/home/airflow/.local/lib/python3.7/site-packages/airflow/hooks/filesystem.py", line 38, in __init__
    conn = self.get_connection(conn_id)
  File "/home/airflow/.local/lib/python3.7/site-packages/airflow/hooks/base.py", line 72, in get_connection
    conn = Connection.get_connection_from_secrets(conn_id)
  File "/home/airflow/.local/lib/python3.7/site-packages/airflow/models/connection.py", line 434, in get_connection_from_secrets
    raise AirflowNotFoundException(f"The conn_id `{conn_id}` isn't defined")
airflow.exceptions.AirflowNotFoundException: The conn_id `fs_default` isn't defined
[2025-03-11T13:58:54.731+0000] {taskinstance.py:1350} INFO - Marking task as FAILED. dag_id=csv_etl_pipeline, task_id=wait_for_file, execution_date=20250311T135851, start_date=20250311T135854, end_date=20250311T135854
[2025-03-11T13:58:54.754+0000] {standard_task_runner.py:109} ERROR - Failed to execute job 76 for task wait_for_file (The conn_id `fs_default` isn't defined; 896)
[2025-03-11T13:58:54.770+0000] {local_task_job_runner.py:225} INFO - Task exited with return code 1
[2025-03-11T13:58:54.831+0000] {taskinstance.py:2651} INFO - 0 downstream tasks scheduled from follow-on schedule check
