[2025-03-11T14:30:03.126+0000] {taskinstance.py:1103} INFO - Dependencies all met for dep_context=non-requeueable deps ti=<TaskInstance: csv_etl.wait_for_file manual__2025-03-11T14:30:00.790672+00:00 [queued]>
[2025-03-11T14:30:03.149+0000] {taskinstance.py:1103} INFO - Dependencies all met for dep_context=requeueable deps ti=<TaskInstance: csv_etl.wait_for_file manual__2025-03-11T14:30:00.790672+00:00 [queued]>
[2025-03-11T14:30:03.149+0000] {taskinstance.py:1308} INFO - Starting attempt 1 of 1
[2025-03-11T14:30:03.181+0000] {taskinstance.py:1327} INFO - Executing <Task(PythonSensor): wait_for_file> on 2025-03-11 14:30:00.790672+00:00
[2025-03-11T14:30:03.193+0000] {standard_task_runner.py:57} INFO - Started process 1599 to run task
[2025-03-11T14:30:03.199+0000] {standard_task_runner.py:84} INFO - Running: ['***', 'tasks', 'run', 'csv_etl', 'wait_for_file', 'manual__2025-03-11T14:30:00.790672+00:00', '--job-id', '133', '--raw', '--subdir', 'DAGS_FOLDER/etl2.py', '--cfg-path', '/tmp/tmpa6rch86t']
[2025-03-11T14:30:03.200+0000] {standard_task_runner.py:85} INFO - Job 133: Subtask wait_for_file
[2025-03-11T14:30:03.292+0000] {task_command.py:410} INFO - Running <TaskInstance: csv_etl.wait_for_file manual__2025-03-11T14:30:00.790672+00:00 [running]> on host 72a7cd2d8042
[2025-03-11T14:30:03.458+0000] {taskinstance.py:1547} INFO - Exporting env vars: AIRFLOW_CTX_DAG_OWNER='***' AIRFLOW_CTX_DAG_ID='csv_etl' AIRFLOW_CTX_TASK_ID='wait_for_file' AIRFLOW_CTX_EXECUTION_DATE='2025-03-11T14:30:00.790672+00:00' AIRFLOW_CTX_TRY_NUMBER='1' AIRFLOW_CTX_DAG_RUN_ID='manual__2025-03-11T14:30:00.790672+00:00'
[2025-03-11T14:30:03.488+0000] {python.py:72} INFO - Poking callable: <function check_file_modified at 0x7f4d08d674d0>
[2025-03-11T14:30:03.523+0000] {taskinstance.py:1784} INFO - Rescheduling task, marking task as UP_FOR_RESCHEDULE
[2025-03-11T14:30:03.571+0000] {local_task_job_runner.py:225} INFO - Task exited with return code 0
[2025-03-11T14:30:03.613+0000] {taskinstance.py:2651} INFO - 0 downstream tasks scheduled from follow-on schedule check
[2025-03-11T14:30:14.512+0000] {taskinstance.py:1103} INFO - Dependencies all met for dep_context=non-requeueable deps ti=<TaskInstance: csv_etl.wait_for_file manual__2025-03-11T14:30:00.790672+00:00 [queued]>
[2025-03-11T14:30:14.526+0000] {taskinstance.py:1103} INFO - Dependencies all met for dep_context=requeueable deps ti=<TaskInstance: csv_etl.wait_for_file manual__2025-03-11T14:30:00.790672+00:00 [queued]>
[2025-03-11T14:30:14.526+0000] {taskinstance.py:1308} INFO - Starting attempt 1 of 1
[2025-03-11T14:30:14.544+0000] {taskinstance.py:1327} INFO - Executing <Task(PythonSensor): wait_for_file> on 2025-03-11 14:30:00.790672+00:00
[2025-03-11T14:30:14.554+0000] {standard_task_runner.py:57} INFO - Started process 1602 to run task
[2025-03-11T14:30:14.559+0000] {standard_task_runner.py:84} INFO - Running: ['***', 'tasks', 'run', 'csv_etl', 'wait_for_file', 'manual__2025-03-11T14:30:00.790672+00:00', '--job-id', '134', '--raw', '--subdir', 'DAGS_FOLDER/etl2.py', '--cfg-path', '/tmp/tmp9_sa_7uw']
[2025-03-11T14:30:14.560+0000] {standard_task_runner.py:85} INFO - Job 134: Subtask wait_for_file
[2025-03-11T14:30:14.626+0000] {task_command.py:410} INFO - Running <TaskInstance: csv_etl.wait_for_file manual__2025-03-11T14:30:00.790672+00:00 [running]> on host 72a7cd2d8042
[2025-03-11T14:30:14.725+0000] {taskinstance.py:1547} INFO - Exporting env vars: AIRFLOW_CTX_DAG_OWNER='***' AIRFLOW_CTX_DAG_ID='csv_etl' AIRFLOW_CTX_TASK_ID='wait_for_file' AIRFLOW_CTX_EXECUTION_DATE='2025-03-11T14:30:00.790672+00:00' AIRFLOW_CTX_TRY_NUMBER='1' AIRFLOW_CTX_DAG_RUN_ID='manual__2025-03-11T14:30:00.790672+00:00'
[2025-03-11T14:30:14.741+0000] {python.py:72} INFO - Poking callable: <function check_file_modified at 0x7f4d08d674d0>
[2025-03-11T14:30:14.765+0000] {taskinstance.py:1784} INFO - Rescheduling task, marking task as UP_FOR_RESCHEDULE
[2025-03-11T14:30:14.810+0000] {local_task_job_runner.py:225} INFO - Task exited with return code 0
[2025-03-11T14:30:14.842+0000] {taskinstance.py:2651} INFO - 0 downstream tasks scheduled from follow-on schedule check
[2025-03-11T14:30:25.805+0000] {taskinstance.py:1103} INFO - Dependencies all met for dep_context=non-requeueable deps ti=<TaskInstance: csv_etl.wait_for_file manual__2025-03-11T14:30:00.790672+00:00 [queued]>
[2025-03-11T14:30:25.814+0000] {taskinstance.py:1103} INFO - Dependencies all met for dep_context=requeueable deps ti=<TaskInstance: csv_etl.wait_for_file manual__2025-03-11T14:30:00.790672+00:00 [queued]>
[2025-03-11T14:30:25.814+0000] {taskinstance.py:1308} INFO - Starting attempt 1 of 1
[2025-03-11T14:30:25.826+0000] {taskinstance.py:1327} INFO - Executing <Task(PythonSensor): wait_for_file> on 2025-03-11 14:30:00.790672+00:00
[2025-03-11T14:30:25.834+0000] {standard_task_runner.py:57} INFO - Started process 1614 to run task
[2025-03-11T14:30:25.839+0000] {standard_task_runner.py:84} INFO - Running: ['***', 'tasks', 'run', 'csv_etl', 'wait_for_file', 'manual__2025-03-11T14:30:00.790672+00:00', '--job-id', '135', '--raw', '--subdir', 'DAGS_FOLDER/etl2.py', '--cfg-path', '/tmp/tmpv24wua40']
[2025-03-11T14:30:25.840+0000] {standard_task_runner.py:85} INFO - Job 135: Subtask wait_for_file
[2025-03-11T14:30:25.898+0000] {task_command.py:410} INFO - Running <TaskInstance: csv_etl.wait_for_file manual__2025-03-11T14:30:00.790672+00:00 [running]> on host 72a7cd2d8042
[2025-03-11T14:30:25.997+0000] {taskinstance.py:1547} INFO - Exporting env vars: AIRFLOW_CTX_DAG_OWNER='***' AIRFLOW_CTX_DAG_ID='csv_etl' AIRFLOW_CTX_TASK_ID='wait_for_file' AIRFLOW_CTX_EXECUTION_DATE='2025-03-11T14:30:00.790672+00:00' AIRFLOW_CTX_TRY_NUMBER='1' AIRFLOW_CTX_DAG_RUN_ID='manual__2025-03-11T14:30:00.790672+00:00'
[2025-03-11T14:30:26.013+0000] {python.py:72} INFO - Poking callable: <function check_file_modified at 0x7f4d08d674d0>
[2025-03-11T14:30:26.036+0000] {taskinstance.py:1784} INFO - Rescheduling task, marking task as UP_FOR_RESCHEDULE
[2025-03-11T14:30:26.050+0000] {local_task_job_runner.py:225} INFO - Task exited with return code 0
[2025-03-11T14:30:26.094+0000] {taskinstance.py:2651} INFO - 0 downstream tasks scheduled from follow-on schedule check
[2025-03-11T14:30:36.884+0000] {taskinstance.py:1103} INFO - Dependencies all met for dep_context=non-requeueable deps ti=<TaskInstance: csv_etl.wait_for_file manual__2025-03-11T14:30:00.790672+00:00 [queued]>
[2025-03-11T14:30:36.892+0000] {taskinstance.py:1103} INFO - Dependencies all met for dep_context=requeueable deps ti=<TaskInstance: csv_etl.wait_for_file manual__2025-03-11T14:30:00.790672+00:00 [queued]>
[2025-03-11T14:30:36.892+0000] {taskinstance.py:1308} INFO - Starting attempt 1 of 1
[2025-03-11T14:30:36.904+0000] {taskinstance.py:1327} INFO - Executing <Task(PythonSensor): wait_for_file> on 2025-03-11 14:30:00.790672+00:00
[2025-03-11T14:30:36.910+0000] {standard_task_runner.py:57} INFO - Started process 1617 to run task
[2025-03-11T14:30:36.914+0000] {standard_task_runner.py:84} INFO - Running: ['***', 'tasks', 'run', 'csv_etl', 'wait_for_file', 'manual__2025-03-11T14:30:00.790672+00:00', '--job-id', '136', '--raw', '--subdir', 'DAGS_FOLDER/etl2.py', '--cfg-path', '/tmp/tmpux72i7vd']
[2025-03-11T14:30:36.914+0000] {standard_task_runner.py:85} INFO - Job 136: Subtask wait_for_file
[2025-03-11T14:30:36.958+0000] {task_command.py:410} INFO - Running <TaskInstance: csv_etl.wait_for_file manual__2025-03-11T14:30:00.790672+00:00 [running]> on host 72a7cd2d8042
[2025-03-11T14:30:37.039+0000] {taskinstance.py:1547} INFO - Exporting env vars: AIRFLOW_CTX_DAG_OWNER='***' AIRFLOW_CTX_DAG_ID='csv_etl' AIRFLOW_CTX_TASK_ID='wait_for_file' AIRFLOW_CTX_EXECUTION_DATE='2025-03-11T14:30:00.790672+00:00' AIRFLOW_CTX_TRY_NUMBER='1' AIRFLOW_CTX_DAG_RUN_ID='manual__2025-03-11T14:30:00.790672+00:00'
[2025-03-11T14:30:37.051+0000] {python.py:72} INFO - Poking callable: <function check_file_modified at 0x7f4d08d674d0>
[2025-03-11T14:30:37.068+0000] {taskinstance.py:1784} INFO - Rescheduling task, marking task as UP_FOR_RESCHEDULE
[2025-03-11T14:30:37.085+0000] {local_task_job_runner.py:225} INFO - Task exited with return code 0
[2025-03-11T14:30:37.110+0000] {taskinstance.py:2651} INFO - 0 downstream tasks scheduled from follow-on schedule check
[2025-03-11T14:30:48.592+0000] {taskinstance.py:1103} INFO - Dependencies all met for dep_context=non-requeueable deps ti=<TaskInstance: csv_etl.wait_for_file manual__2025-03-11T14:30:00.790672+00:00 [queued]>
[2025-03-11T14:30:48.602+0000] {taskinstance.py:1103} INFO - Dependencies all met for dep_context=requeueable deps ti=<TaskInstance: csv_etl.wait_for_file manual__2025-03-11T14:30:00.790672+00:00 [queued]>
[2025-03-11T14:30:48.602+0000] {taskinstance.py:1308} INFO - Starting attempt 1 of 1
[2025-03-11T14:30:48.614+0000] {taskinstance.py:1327} INFO - Executing <Task(PythonSensor): wait_for_file> on 2025-03-11 14:30:00.790672+00:00
[2025-03-11T14:30:48.622+0000] {standard_task_runner.py:57} INFO - Started process 1620 to run task
[2025-03-11T14:30:48.626+0000] {standard_task_runner.py:84} INFO - Running: ['***', 'tasks', 'run', 'csv_etl', 'wait_for_file', 'manual__2025-03-11T14:30:00.790672+00:00', '--job-id', '137', '--raw', '--subdir', 'DAGS_FOLDER/etl2.py', '--cfg-path', '/tmp/tmpb5o6a12i']
[2025-03-11T14:30:48.627+0000] {standard_task_runner.py:85} INFO - Job 137: Subtask wait_for_file
[2025-03-11T14:30:48.676+0000] {task_command.py:410} INFO - Running <TaskInstance: csv_etl.wait_for_file manual__2025-03-11T14:30:00.790672+00:00 [running]> on host 72a7cd2d8042
[2025-03-11T14:30:48.751+0000] {taskinstance.py:1547} INFO - Exporting env vars: AIRFLOW_CTX_DAG_OWNER='***' AIRFLOW_CTX_DAG_ID='csv_etl' AIRFLOW_CTX_TASK_ID='wait_for_file' AIRFLOW_CTX_EXECUTION_DATE='2025-03-11T14:30:00.790672+00:00' AIRFLOW_CTX_TRY_NUMBER='1' AIRFLOW_CTX_DAG_RUN_ID='manual__2025-03-11T14:30:00.790672+00:00'
[2025-03-11T14:30:48.765+0000] {python.py:72} INFO - Poking callable: <function check_file_modified at 0x7f4d08d674d0>
[2025-03-11T14:30:48.784+0000] {taskinstance.py:1784} INFO - Rescheduling task, marking task as UP_FOR_RESCHEDULE
[2025-03-11T14:30:48.798+0000] {local_task_job_runner.py:225} INFO - Task exited with return code 0
[2025-03-11T14:30:48.828+0000] {taskinstance.py:2651} INFO - 0 downstream tasks scheduled from follow-on schedule check
[2025-03-11T14:31:00.032+0000] {taskinstance.py:1103} INFO - Dependencies all met for dep_context=non-requeueable deps ti=<TaskInstance: csv_etl.wait_for_file manual__2025-03-11T14:30:00.790672+00:00 [queued]>
[2025-03-11T14:31:00.043+0000] {taskinstance.py:1103} INFO - Dependencies all met for dep_context=requeueable deps ti=<TaskInstance: csv_etl.wait_for_file manual__2025-03-11T14:30:00.790672+00:00 [queued]>
[2025-03-11T14:31:00.044+0000] {taskinstance.py:1308} INFO - Starting attempt 1 of 1
[2025-03-11T14:31:00.059+0000] {taskinstance.py:1327} INFO - Executing <Task(PythonSensor): wait_for_file> on 2025-03-11 14:30:00.790672+00:00
[2025-03-11T14:31:00.067+0000] {standard_task_runner.py:57} INFO - Started process 1632 to run task
[2025-03-11T14:31:00.072+0000] {standard_task_runner.py:84} INFO - Running: ['***', 'tasks', 'run', 'csv_etl', 'wait_for_file', 'manual__2025-03-11T14:30:00.790672+00:00', '--job-id', '138', '--raw', '--subdir', 'DAGS_FOLDER/etl2.py', '--cfg-path', '/tmp/tmp112cwlbv']
[2025-03-11T14:31:00.073+0000] {standard_task_runner.py:85} INFO - Job 138: Subtask wait_for_file
[2025-03-11T14:31:00.136+0000] {task_command.py:410} INFO - Running <TaskInstance: csv_etl.wait_for_file manual__2025-03-11T14:30:00.790672+00:00 [running]> on host 72a7cd2d8042
[2025-03-11T14:31:00.228+0000] {taskinstance.py:1547} INFO - Exporting env vars: AIRFLOW_CTX_DAG_OWNER='***' AIRFLOW_CTX_DAG_ID='csv_etl' AIRFLOW_CTX_TASK_ID='wait_for_file' AIRFLOW_CTX_EXECUTION_DATE='2025-03-11T14:30:00.790672+00:00' AIRFLOW_CTX_TRY_NUMBER='1' AIRFLOW_CTX_DAG_RUN_ID='manual__2025-03-11T14:30:00.790672+00:00'
[2025-03-11T14:31:00.247+0000] {python.py:72} INFO - Poking callable: <function check_file_modified at 0x7f4d08d674d0>
[2025-03-11T14:31:00.275+0000] {taskinstance.py:1784} INFO - Rescheduling task, marking task as UP_FOR_RESCHEDULE
[2025-03-11T14:31:00.324+0000] {local_task_job_runner.py:225} INFO - Task exited with return code 0
[2025-03-11T14:31:00.360+0000] {taskinstance.py:2651} INFO - 0 downstream tasks scheduled from follow-on schedule check
[2025-03-11T14:31:11.238+0000] {taskinstance.py:1103} INFO - Dependencies all met for dep_context=non-requeueable deps ti=<TaskInstance: csv_etl.wait_for_file manual__2025-03-11T14:30:00.790672+00:00 [queued]>
[2025-03-11T14:31:11.247+0000] {taskinstance.py:1103} INFO - Dependencies all met for dep_context=requeueable deps ti=<TaskInstance: csv_etl.wait_for_file manual__2025-03-11T14:30:00.790672+00:00 [queued]>
[2025-03-11T14:31:11.247+0000] {taskinstance.py:1308} INFO - Starting attempt 1 of 1
[2025-03-11T14:31:11.259+0000] {taskinstance.py:1327} INFO - Executing <Task(PythonSensor): wait_for_file> on 2025-03-11 14:30:00.790672+00:00
[2025-03-11T14:31:11.265+0000] {standard_task_runner.py:57} INFO - Started process 1635 to run task
[2025-03-11T14:31:11.269+0000] {standard_task_runner.py:84} INFO - Running: ['***', 'tasks', 'run', 'csv_etl', 'wait_for_file', 'manual__2025-03-11T14:30:00.790672+00:00', '--job-id', '139', '--raw', '--subdir', 'DAGS_FOLDER/etl2.py', '--cfg-path', '/tmp/tmpia65hy5n']
[2025-03-11T14:31:11.270+0000] {standard_task_runner.py:85} INFO - Job 139: Subtask wait_for_file
[2025-03-11T14:31:11.314+0000] {task_command.py:410} INFO - Running <TaskInstance: csv_etl.wait_for_file manual__2025-03-11T14:30:00.790672+00:00 [running]> on host 72a7cd2d8042
[2025-03-11T14:31:11.378+0000] {taskinstance.py:1547} INFO - Exporting env vars: AIRFLOW_CTX_DAG_OWNER='***' AIRFLOW_CTX_DAG_ID='csv_etl' AIRFLOW_CTX_TASK_ID='wait_for_file' AIRFLOW_CTX_EXECUTION_DATE='2025-03-11T14:30:00.790672+00:00' AIRFLOW_CTX_TRY_NUMBER='1' AIRFLOW_CTX_DAG_RUN_ID='manual__2025-03-11T14:30:00.790672+00:00'
[2025-03-11T14:31:11.390+0000] {python.py:72} INFO - Poking callable: <function check_file_modified at 0x7f4d08d674d0>
[2025-03-11T14:31:11.407+0000] {taskinstance.py:1784} INFO - Rescheduling task, marking task as UP_FOR_RESCHEDULE
[2025-03-11T14:31:11.441+0000] {local_task_job_runner.py:225} INFO - Task exited with return code 0
[2025-03-11T14:31:11.465+0000] {taskinstance.py:2651} INFO - 0 downstream tasks scheduled from follow-on schedule check
[2025-03-11T14:31:23.209+0000] {taskinstance.py:1103} INFO - Dependencies all met for dep_context=non-requeueable deps ti=<TaskInstance: csv_etl.wait_for_file manual__2025-03-11T14:30:00.790672+00:00 [queued]>
[2025-03-11T14:31:23.230+0000] {taskinstance.py:1103} INFO - Dependencies all met for dep_context=requeueable deps ti=<TaskInstance: csv_etl.wait_for_file manual__2025-03-11T14:30:00.790672+00:00 [queued]>
[2025-03-11T14:31:23.231+0000] {taskinstance.py:1308} INFO - Starting attempt 1 of 1
[2025-03-11T14:31:23.259+0000] {taskinstance.py:1327} INFO - Executing <Task(PythonSensor): wait_for_file> on 2025-03-11 14:30:00.790672+00:00
[2025-03-11T14:31:23.274+0000] {standard_task_runner.py:57} INFO - Started process 1645 to run task
[2025-03-11T14:31:23.280+0000] {standard_task_runner.py:84} INFO - Running: ['***', 'tasks', 'run', 'csv_etl', 'wait_for_file', 'manual__2025-03-11T14:30:00.790672+00:00', '--job-id', '140', '--raw', '--subdir', 'DAGS_FOLDER/etl2.py', '--cfg-path', '/tmp/tmpa0e21qcx']
[2025-03-11T14:31:23.280+0000] {standard_task_runner.py:85} INFO - Job 140: Subtask wait_for_file
[2025-03-11T14:31:23.389+0000] {task_command.py:410} INFO - Running <TaskInstance: csv_etl.wait_for_file manual__2025-03-11T14:30:00.790672+00:00 [running]> on host 72a7cd2d8042
[2025-03-11T14:31:23.510+0000] {taskinstance.py:1547} INFO - Exporting env vars: AIRFLOW_CTX_DAG_OWNER='***' AIRFLOW_CTX_DAG_ID='csv_etl' AIRFLOW_CTX_TASK_ID='wait_for_file' AIRFLOW_CTX_EXECUTION_DATE='2025-03-11T14:30:00.790672+00:00' AIRFLOW_CTX_TRY_NUMBER='1' AIRFLOW_CTX_DAG_RUN_ID='manual__2025-03-11T14:30:00.790672+00:00'
[2025-03-11T14:31:23.530+0000] {python.py:72} INFO - Poking callable: <function check_file_modified at 0x7f4d08d674d0>
[2025-03-11T14:31:23.558+0000] {taskinstance.py:1784} INFO - Rescheduling task, marking task as UP_FOR_RESCHEDULE
[2025-03-11T14:31:23.572+0000] {local_task_job_runner.py:225} INFO - Task exited with return code 0
[2025-03-11T14:31:23.613+0000] {taskinstance.py:2651} INFO - 0 downstream tasks scheduled from follow-on schedule check
[2025-03-11T14:31:34.772+0000] {taskinstance.py:1103} INFO - Dependencies all met for dep_context=non-requeueable deps ti=<TaskInstance: csv_etl.wait_for_file manual__2025-03-11T14:30:00.790672+00:00 [queued]>
[2025-03-11T14:31:34.794+0000] {taskinstance.py:1103} INFO - Dependencies all met for dep_context=requeueable deps ti=<TaskInstance: csv_etl.wait_for_file manual__2025-03-11T14:30:00.790672+00:00 [queued]>
[2025-03-11T14:31:34.795+0000] {taskinstance.py:1308} INFO - Starting attempt 1 of 1
[2025-03-11T14:31:34.816+0000] {taskinstance.py:1327} INFO - Executing <Task(PythonSensor): wait_for_file> on 2025-03-11 14:30:00.790672+00:00
[2025-03-11T14:31:34.827+0000] {standard_task_runner.py:57} INFO - Started process 1650 to run task
[2025-03-11T14:31:34.832+0000] {standard_task_runner.py:84} INFO - Running: ['***', 'tasks', 'run', 'csv_etl', 'wait_for_file', 'manual__2025-03-11T14:30:00.790672+00:00', '--job-id', '141', '--raw', '--subdir', 'DAGS_FOLDER/etl2.py', '--cfg-path', '/tmp/tmpdrot6h3_']
[2025-03-11T14:31:34.833+0000] {standard_task_runner.py:85} INFO - Job 141: Subtask wait_for_file
[2025-03-11T14:31:34.901+0000] {task_command.py:410} INFO - Running <TaskInstance: csv_etl.wait_for_file manual__2025-03-11T14:30:00.790672+00:00 [running]> on host 72a7cd2d8042
[2025-03-11T14:31:35.015+0000] {taskinstance.py:1547} INFO - Exporting env vars: AIRFLOW_CTX_DAG_OWNER='***' AIRFLOW_CTX_DAG_ID='csv_etl' AIRFLOW_CTX_TASK_ID='wait_for_file' AIRFLOW_CTX_EXECUTION_DATE='2025-03-11T14:30:00.790672+00:00' AIRFLOW_CTX_TRY_NUMBER='1' AIRFLOW_CTX_DAG_RUN_ID='manual__2025-03-11T14:30:00.790672+00:00'
[2025-03-11T14:31:35.034+0000] {python.py:72} INFO - Poking callable: <function check_file_modified at 0x7f4d08d674d0>
[2025-03-11T14:31:35.061+0000] {taskinstance.py:1784} INFO - Rescheduling task, marking task as UP_FOR_RESCHEDULE
[2025-03-11T14:31:35.084+0000] {local_task_job_runner.py:225} INFO - Task exited with return code 0
[2025-03-11T14:31:35.126+0000] {taskinstance.py:2651} INFO - 0 downstream tasks scheduled from follow-on schedule check
[2025-03-11T14:31:45.992+0000] {taskinstance.py:1103} INFO - Dependencies all met for dep_context=non-requeueable deps ti=<TaskInstance: csv_etl.wait_for_file manual__2025-03-11T14:30:00.790672+00:00 [queued]>
[2025-03-11T14:31:46.002+0000] {taskinstance.py:1103} INFO - Dependencies all met for dep_context=requeueable deps ti=<TaskInstance: csv_etl.wait_for_file manual__2025-03-11T14:30:00.790672+00:00 [queued]>
[2025-03-11T14:31:46.003+0000] {taskinstance.py:1308} INFO - Starting attempt 1 of 1
[2025-03-11T14:31:46.019+0000] {taskinstance.py:1327} INFO - Executing <Task(PythonSensor): wait_for_file> on 2025-03-11 14:30:00.790672+00:00
[2025-03-11T14:31:46.027+0000] {standard_task_runner.py:57} INFO - Started process 1653 to run task
[2025-03-11T14:31:46.032+0000] {standard_task_runner.py:84} INFO - Running: ['***', 'tasks', 'run', 'csv_etl', 'wait_for_file', 'manual__2025-03-11T14:30:00.790672+00:00', '--job-id', '142', '--raw', '--subdir', 'DAGS_FOLDER/etl2.py', '--cfg-path', '/tmp/tmpd6g0jaw0']
[2025-03-11T14:31:46.032+0000] {standard_task_runner.py:85} INFO - Job 142: Subtask wait_for_file
[2025-03-11T14:31:46.085+0000] {task_command.py:410} INFO - Running <TaskInstance: csv_etl.wait_for_file manual__2025-03-11T14:30:00.790672+00:00 [running]> on host 72a7cd2d8042
[2025-03-11T14:31:46.166+0000] {taskinstance.py:1547} INFO - Exporting env vars: AIRFLOW_CTX_DAG_OWNER='***' AIRFLOW_CTX_DAG_ID='csv_etl' AIRFLOW_CTX_TASK_ID='wait_for_file' AIRFLOW_CTX_EXECUTION_DATE='2025-03-11T14:30:00.790672+00:00' AIRFLOW_CTX_TRY_NUMBER='1' AIRFLOW_CTX_DAG_RUN_ID='manual__2025-03-11T14:30:00.790672+00:00'
[2025-03-11T14:31:46.180+0000] {python.py:72} INFO - Poking callable: <function check_file_modified at 0x7f4d08d674d0>
[2025-03-11T14:31:46.199+0000] {taskinstance.py:1784} INFO - Rescheduling task, marking task as UP_FOR_RESCHEDULE
[2025-03-11T14:31:46.243+0000] {local_task_job_runner.py:225} INFO - Task exited with return code 0
[2025-03-11T14:31:46.269+0000] {taskinstance.py:2651} INFO - 0 downstream tasks scheduled from follow-on schedule check
[2025-03-11T14:31:58.287+0000] {taskinstance.py:1103} INFO - Dependencies all met for dep_context=non-requeueable deps ti=<TaskInstance: csv_etl.wait_for_file manual__2025-03-11T14:30:00.790672+00:00 [queued]>
[2025-03-11T14:31:58.300+0000] {taskinstance.py:1103} INFO - Dependencies all met for dep_context=requeueable deps ti=<TaskInstance: csv_etl.wait_for_file manual__2025-03-11T14:30:00.790672+00:00 [queued]>
[2025-03-11T14:31:58.301+0000] {taskinstance.py:1308} INFO - Starting attempt 1 of 1
[2025-03-11T14:31:58.324+0000] {taskinstance.py:1327} INFO - Executing <Task(PythonSensor): wait_for_file> on 2025-03-11 14:30:00.790672+00:00
[2025-03-11T14:31:58.334+0000] {standard_task_runner.py:57} INFO - Started process 1665 to run task
[2025-03-11T14:31:58.341+0000] {standard_task_runner.py:84} INFO - Running: ['***', 'tasks', 'run', 'csv_etl', 'wait_for_file', 'manual__2025-03-11T14:30:00.790672+00:00', '--job-id', '143', '--raw', '--subdir', 'DAGS_FOLDER/etl2.py', '--cfg-path', '/tmp/tmpnudecf31']
[2025-03-11T14:31:58.342+0000] {standard_task_runner.py:85} INFO - Job 143: Subtask wait_for_file
[2025-03-11T14:31:58.411+0000] {task_command.py:410} INFO - Running <TaskInstance: csv_etl.wait_for_file manual__2025-03-11T14:30:00.790672+00:00 [running]> on host 72a7cd2d8042
[2025-03-11T14:31:58.509+0000] {taskinstance.py:1547} INFO - Exporting env vars: AIRFLOW_CTX_DAG_OWNER='***' AIRFLOW_CTX_DAG_ID='csv_etl' AIRFLOW_CTX_TASK_ID='wait_for_file' AIRFLOW_CTX_EXECUTION_DATE='2025-03-11T14:30:00.790672+00:00' AIRFLOW_CTX_TRY_NUMBER='1' AIRFLOW_CTX_DAG_RUN_ID='manual__2025-03-11T14:30:00.790672+00:00'
[2025-03-11T14:31:58.528+0000] {python.py:72} INFO - Poking callable: <function check_file_modified at 0x7f4d08d674d0>
[2025-03-11T14:31:58.553+0000] {taskinstance.py:1784} INFO - Rescheduling task, marking task as UP_FOR_RESCHEDULE
[2025-03-11T14:31:58.591+0000] {local_task_job_runner.py:225} INFO - Task exited with return code 0
[2025-03-11T14:31:58.624+0000] {taskinstance.py:2651} INFO - 0 downstream tasks scheduled from follow-on schedule check
[2025-03-11T14:32:10.212+0000] {taskinstance.py:1103} INFO - Dependencies all met for dep_context=non-requeueable deps ti=<TaskInstance: csv_etl.wait_for_file manual__2025-03-11T14:30:00.790672+00:00 [queued]>
[2025-03-11T14:32:10.221+0000] {taskinstance.py:1103} INFO - Dependencies all met for dep_context=requeueable deps ti=<TaskInstance: csv_etl.wait_for_file manual__2025-03-11T14:30:00.790672+00:00 [queued]>
[2025-03-11T14:32:10.221+0000] {taskinstance.py:1308} INFO - Starting attempt 1 of 1
[2025-03-11T14:32:10.232+0000] {taskinstance.py:1327} INFO - Executing <Task(PythonSensor): wait_for_file> on 2025-03-11 14:30:00.790672+00:00
[2025-03-11T14:32:10.239+0000] {standard_task_runner.py:57} INFO - Started process 1668 to run task
[2025-03-11T14:32:10.242+0000] {standard_task_runner.py:84} INFO - Running: ['***', 'tasks', 'run', 'csv_etl', 'wait_for_file', 'manual__2025-03-11T14:30:00.790672+00:00', '--job-id', '144', '--raw', '--subdir', 'DAGS_FOLDER/etl2.py', '--cfg-path', '/tmp/tmpmjcv9l7w']
[2025-03-11T14:32:10.243+0000] {standard_task_runner.py:85} INFO - Job 144: Subtask wait_for_file
[2025-03-11T14:32:10.288+0000] {task_command.py:410} INFO - Running <TaskInstance: csv_etl.wait_for_file manual__2025-03-11T14:30:00.790672+00:00 [running]> on host 72a7cd2d8042
[2025-03-11T14:32:10.352+0000] {taskinstance.py:1547} INFO - Exporting env vars: AIRFLOW_CTX_DAG_OWNER='***' AIRFLOW_CTX_DAG_ID='csv_etl' AIRFLOW_CTX_TASK_ID='wait_for_file' AIRFLOW_CTX_EXECUTION_DATE='2025-03-11T14:30:00.790672+00:00' AIRFLOW_CTX_TRY_NUMBER='1' AIRFLOW_CTX_DAG_RUN_ID='manual__2025-03-11T14:30:00.790672+00:00'
[2025-03-11T14:32:10.364+0000] {python.py:72} INFO - Poking callable: <function check_file_modified at 0x7f4d08d674d0>
[2025-03-11T14:32:10.380+0000] {taskinstance.py:1784} INFO - Rescheduling task, marking task as UP_FOR_RESCHEDULE
[2025-03-11T14:32:10.414+0000] {local_task_job_runner.py:225} INFO - Task exited with return code 0
[2025-03-11T14:32:10.440+0000] {taskinstance.py:2651} INFO - 0 downstream tasks scheduled from follow-on schedule check
[2025-03-11T14:32:21.594+0000] {taskinstance.py:1103} INFO - Dependencies all met for dep_context=non-requeueable deps ti=<TaskInstance: csv_etl.wait_for_file manual__2025-03-11T14:30:00.790672+00:00 [queued]>
[2025-03-11T14:32:21.604+0000] {taskinstance.py:1103} INFO - Dependencies all met for dep_context=requeueable deps ti=<TaskInstance: csv_etl.wait_for_file manual__2025-03-11T14:30:00.790672+00:00 [queued]>
[2025-03-11T14:32:21.604+0000] {taskinstance.py:1308} INFO - Starting attempt 1 of 1
[2025-03-11T14:32:21.619+0000] {taskinstance.py:1327} INFO - Executing <Task(PythonSensor): wait_for_file> on 2025-03-11 14:30:00.790672+00:00
[2025-03-11T14:32:21.626+0000] {standard_task_runner.py:57} INFO - Started process 1671 to run task
[2025-03-11T14:32:21.630+0000] {standard_task_runner.py:84} INFO - Running: ['***', 'tasks', 'run', 'csv_etl', 'wait_for_file', 'manual__2025-03-11T14:30:00.790672+00:00', '--job-id', '145', '--raw', '--subdir', 'DAGS_FOLDER/etl2.py', '--cfg-path', '/tmp/tmpzfw9s0ug']
[2025-03-11T14:32:21.631+0000] {standard_task_runner.py:85} INFO - Job 145: Subtask wait_for_file
[2025-03-11T14:32:21.683+0000] {task_command.py:410} INFO - Running <TaskInstance: csv_etl.wait_for_file manual__2025-03-11T14:30:00.790672+00:00 [running]> on host 72a7cd2d8042
[2025-03-11T14:32:21.767+0000] {taskinstance.py:1547} INFO - Exporting env vars: AIRFLOW_CTX_DAG_OWNER='***' AIRFLOW_CTX_DAG_ID='csv_etl' AIRFLOW_CTX_TASK_ID='wait_for_file' AIRFLOW_CTX_EXECUTION_DATE='2025-03-11T14:30:00.790672+00:00' AIRFLOW_CTX_TRY_NUMBER='1' AIRFLOW_CTX_DAG_RUN_ID='manual__2025-03-11T14:30:00.790672+00:00'
[2025-03-11T14:32:21.782+0000] {python.py:72} INFO - Poking callable: <function check_file_modified at 0x7f4d08d674d0>
[2025-03-11T14:32:21.802+0000] {taskinstance.py:1784} INFO - Rescheduling task, marking task as UP_FOR_RESCHEDULE
[2025-03-11T14:32:21.842+0000] {local_task_job_runner.py:225} INFO - Task exited with return code 0
[2025-03-11T14:32:21.870+0000] {taskinstance.py:2651} INFO - 0 downstream tasks scheduled from follow-on schedule check
[2025-03-11T14:32:33.988+0000] {taskinstance.py:1103} INFO - Dependencies all met for dep_context=non-requeueable deps ti=<TaskInstance: csv_etl.wait_for_file manual__2025-03-11T14:30:00.790672+00:00 [queued]>
[2025-03-11T14:32:33.999+0000] {taskinstance.py:1103} INFO - Dependencies all met for dep_context=requeueable deps ti=<TaskInstance: csv_etl.wait_for_file manual__2025-03-11T14:30:00.790672+00:00 [queued]>
[2025-03-11T14:32:33.999+0000] {taskinstance.py:1308} INFO - Starting attempt 1 of 1
[2025-03-11T14:32:34.015+0000] {taskinstance.py:1327} INFO - Executing <Task(PythonSensor): wait_for_file> on 2025-03-11 14:30:00.790672+00:00
[2025-03-11T14:32:34.023+0000] {standard_task_runner.py:57} INFO - Started process 1683 to run task
[2025-03-11T14:32:34.027+0000] {standard_task_runner.py:84} INFO - Running: ['***', 'tasks', 'run', 'csv_etl', 'wait_for_file', 'manual__2025-03-11T14:30:00.790672+00:00', '--job-id', '146', '--raw', '--subdir', 'DAGS_FOLDER/etl2.py', '--cfg-path', '/tmp/tmpnx3cvppu']
[2025-03-11T14:32:34.027+0000] {standard_task_runner.py:85} INFO - Job 146: Subtask wait_for_file
[2025-03-11T14:32:34.079+0000] {task_command.py:410} INFO - Running <TaskInstance: csv_etl.wait_for_file manual__2025-03-11T14:30:00.790672+00:00 [running]> on host 72a7cd2d8042
[2025-03-11T14:32:34.162+0000] {taskinstance.py:1547} INFO - Exporting env vars: AIRFLOW_CTX_DAG_OWNER='***' AIRFLOW_CTX_DAG_ID='csv_etl' AIRFLOW_CTX_TASK_ID='wait_for_file' AIRFLOW_CTX_EXECUTION_DATE='2025-03-11T14:30:00.790672+00:00' AIRFLOW_CTX_TRY_NUMBER='1' AIRFLOW_CTX_DAG_RUN_ID='manual__2025-03-11T14:30:00.790672+00:00'
[2025-03-11T14:32:34.178+0000] {python.py:72} INFO - Poking callable: <function check_file_modified at 0x7f4d08d674d0>
[2025-03-11T14:32:34.199+0000] {taskinstance.py:1784} INFO - Rescheduling task, marking task as UP_FOR_RESCHEDULE
[2025-03-11T14:32:34.238+0000] {local_task_job_runner.py:225} INFO - Task exited with return code 0
[2025-03-11T14:32:34.269+0000] {taskinstance.py:2651} INFO - 0 downstream tasks scheduled from follow-on schedule check
[2025-03-11T14:32:38.903+0000] {taskinstance.py:1103} INFO - Dependencies all met for dep_context=non-requeueable deps ti=<TaskInstance: csv_etl.wait_for_file manual__2025-03-11T14:30:00.790672+00:00 [queued]>
[2025-03-11T14:32:38.917+0000] {taskinstance.py:1103} INFO - Dependencies all met for dep_context=requeueable deps ti=<TaskInstance: csv_etl.wait_for_file manual__2025-03-11T14:30:00.790672+00:00 [queued]>
[2025-03-11T14:32:38.917+0000] {taskinstance.py:1308} INFO - Starting attempt 1 of 1
[2025-03-11T14:32:38.935+0000] {taskinstance.py:1327} INFO - Executing <Task(PythonSensor): wait_for_file> on 2025-03-11 14:30:00.790672+00:00
[2025-03-11T14:32:38.944+0000] {standard_task_runner.py:57} INFO - Started process 1686 to run task
[2025-03-11T14:32:38.949+0000] {standard_task_runner.py:84} INFO - Running: ['***', 'tasks', 'run', 'csv_etl', 'wait_for_file', 'manual__2025-03-11T14:30:00.790672+00:00', '--job-id', '147', '--raw', '--subdir', 'DAGS_FOLDER/etl2.py', '--cfg-path', '/tmp/tmpx8ogy_zq']
[2025-03-11T14:32:38.950+0000] {standard_task_runner.py:85} INFO - Job 147: Subtask wait_for_file
[2025-03-11T14:32:39.016+0000] {task_command.py:410} INFO - Running <TaskInstance: csv_etl.wait_for_file manual__2025-03-11T14:30:00.790672+00:00 [running]> on host 72a7cd2d8042
[2025-03-11T14:32:39.115+0000] {taskinstance.py:1547} INFO - Exporting env vars: AIRFLOW_CTX_DAG_OWNER='***' AIRFLOW_CTX_DAG_ID='csv_etl' AIRFLOW_CTX_TASK_ID='wait_for_file' AIRFLOW_CTX_EXECUTION_DATE='2025-03-11T14:30:00.790672+00:00' AIRFLOW_CTX_TRY_NUMBER='1' AIRFLOW_CTX_DAG_RUN_ID='manual__2025-03-11T14:30:00.790672+00:00'
[2025-03-11T14:32:39.118+0000] {python.py:72} INFO - Poking callable: <function check_file_modified at 0x7f4d08d674d0>
[2025-03-11T14:32:49.128+0000] {python.py:72} INFO - Poking callable: <function check_file_modified at 0x7f4d08d674d0>
[2025-03-11T14:32:59.138+0000] {python.py:72} INFO - Poking callable: <function check_file_modified at 0x7f4d08d674d0>
[2025-03-11T14:33:09.149+0000] {python.py:72} INFO - Poking callable: <function check_file_modified at 0x7f4d08d674d0>
[2025-03-11T14:33:19.150+0000] {python.py:72} INFO - Poking callable: <function check_file_modified at 0x7f4d08d674d0>
[2025-03-11T14:33:29.160+0000] {python.py:72} INFO - Poking callable: <function check_file_modified at 0x7f4d08d674d0>
[2025-03-11T14:33:39.167+0000] {python.py:72} INFO - Poking callable: <function check_file_modified at 0x7f4d08d674d0>
[2025-03-11T14:33:49.173+0000] {python.py:72} INFO - Poking callable: <function check_file_modified at 0x7f4d08d674d0>
[2025-03-11T14:33:59.183+0000] {python.py:72} INFO - Poking callable: <function check_file_modified at 0x7f4d08d674d0>
[2025-03-11T14:34:09.194+0000] {python.py:72} INFO - Poking callable: <function check_file_modified at 0x7f4d08d674d0>
[2025-03-11T14:34:19.207+0000] {python.py:72} INFO - Poking callable: <function check_file_modified at 0x7f4d08d674d0>
[2025-03-11T14:34:29.214+0000] {python.py:72} INFO - Poking callable: <function check_file_modified at 0x7f4d08d674d0>
[2025-03-11T14:34:39.224+0000] {python.py:72} INFO - Poking callable: <function check_file_modified at 0x7f4d08d674d0>
[2025-03-11T14:34:49.232+0000] {python.py:72} INFO - Poking callable: <function check_file_modified at 0x7f4d08d674d0>
[2025-03-11T14:34:59.243+0000] {python.py:72} INFO - Poking callable: <function check_file_modified at 0x7f4d08d674d0>
[2025-03-11T14:35:09.252+0000] {python.py:72} INFO - Poking callable: <function check_file_modified at 0x7f4d08d674d0>
[2025-03-11T14:35:19.261+0000] {python.py:72} INFO - Poking callable: <function check_file_modified at 0x7f4d08d674d0>
