[2025-05-06T07:35:19.357+0000] {processor.py:157} INFO - Started process (PID=77) to work on /home/airflow/.local/lib/python3.7/site-packages/airflow/example_dags/example_skip_dag.py
[2025-05-06T07:35:19.361+0000] {processor.py:826} INFO - Processing file /home/airflow/.local/lib/python3.7/site-packages/airflow/example_dags/example_skip_dag.py for tasks to queue
[2025-05-06T07:35:19.363+0000] {logging_mixin.py:149} INFO - [2025-05-06T07:35:19.363+0000] {dagbag.py:541} INFO - Filling up the DagBag from /home/airflow/.local/lib/python3.7/site-packages/airflow/example_dags/example_skip_dag.py
[2025-05-06T07:35:19.389+0000] {processor.py:836} INFO - DAG(s) dict_keys(['example_skip_dag']) retrieved from /home/airflow/.local/lib/python3.7/site-packages/airflow/example_dags/example_skip_dag.py
[2025-05-06T07:35:19.421+0000] {logging_mixin.py:149} INFO - [2025-05-06T07:35:19.420+0000] {dag.py:2726} INFO - Sync 1 DAGs
[2025-05-06T07:35:19.471+0000] {logging_mixin.py:149} INFO - [2025-05-06T07:35:19.470+0000] {dag.py:3490} INFO - Setting next_dagrun for example_skip_dag to 2025-05-05T07:35:19.470508+00:00, run_after=2025-05-06T07:35:19.470508+00:00
[2025-05-06T07:35:19.504+0000] {processor.py:179} INFO - Processing /home/airflow/.local/lib/python3.7/site-packages/airflow/example_dags/example_skip_dag.py took 0.157 seconds
[2025-05-06T07:35:50.008+0000] {processor.py:157} INFO - Started process (PID=155) to work on /home/airflow/.local/lib/python3.7/site-packages/airflow/example_dags/example_skip_dag.py
[2025-05-06T07:35:50.009+0000] {processor.py:826} INFO - Processing file /home/airflow/.local/lib/python3.7/site-packages/airflow/example_dags/example_skip_dag.py for tasks to queue
[2025-05-06T07:35:50.009+0000] {logging_mixin.py:149} INFO - [2025-05-06T07:35:50.009+0000] {dagbag.py:541} INFO - Filling up the DagBag from /home/airflow/.local/lib/python3.7/site-packages/airflow/example_dags/example_skip_dag.py
[2025-05-06T07:35:50.016+0000] {processor.py:836} INFO - DAG(s) dict_keys(['example_skip_dag']) retrieved from /home/airflow/.local/lib/python3.7/site-packages/airflow/example_dags/example_skip_dag.py
[2025-05-06T07:35:50.038+0000] {logging_mixin.py:149} INFO - [2025-05-06T07:35:50.038+0000] {dag.py:2726} INFO - Sync 1 DAGs
[2025-05-06T07:35:50.061+0000] {logging_mixin.py:149} INFO - [2025-05-06T07:35:50.061+0000] {dag.py:3490} INFO - Setting next_dagrun for example_skip_dag to 2025-05-05T07:35:50.060920+00:00, run_after=2025-05-06T07:35:50.060920+00:00
[2025-05-06T07:35:50.079+0000] {processor.py:179} INFO - Processing /home/airflow/.local/lib/python3.7/site-packages/airflow/example_dags/example_skip_dag.py took 0.074 seconds
[2025-05-06T07:36:21.000+0000] {processor.py:157} INFO - Started process (PID=232) to work on /home/airflow/.local/lib/python3.7/site-packages/airflow/example_dags/example_skip_dag.py
[2025-05-06T07:36:21.002+0000] {processor.py:826} INFO - Processing file /home/airflow/.local/lib/python3.7/site-packages/airflow/example_dags/example_skip_dag.py for tasks to queue
[2025-05-06T07:36:21.003+0000] {logging_mixin.py:149} INFO - [2025-05-06T07:36:21.003+0000] {dagbag.py:541} INFO - Filling up the DagBag from /home/airflow/.local/lib/python3.7/site-packages/airflow/example_dags/example_skip_dag.py
[2025-05-06T07:36:21.017+0000] {processor.py:836} INFO - DAG(s) dict_keys(['example_skip_dag']) retrieved from /home/airflow/.local/lib/python3.7/site-packages/airflow/example_dags/example_skip_dag.py
[2025-05-06T07:36:21.062+0000] {logging_mixin.py:149} INFO - [2025-05-06T07:36:21.062+0000] {dag.py:2726} INFO - Sync 1 DAGs
[2025-05-06T07:36:21.104+0000] {logging_mixin.py:149} INFO - [2025-05-06T07:36:21.104+0000] {dag.py:3490} INFO - Setting next_dagrun for example_skip_dag to 2025-05-05T07:36:21.104214+00:00, run_after=2025-05-06T07:36:21.104214+00:00
[2025-05-06T07:36:21.139+0000] {processor.py:179} INFO - Processing /home/airflow/.local/lib/python3.7/site-packages/airflow/example_dags/example_skip_dag.py took 0.145 seconds
[2025-05-06T07:36:52.260+0000] {processor.py:157} INFO - Started process (PID=309) to work on /home/airflow/.local/lib/python3.7/site-packages/airflow/example_dags/example_skip_dag.py
[2025-05-06T07:36:52.262+0000] {processor.py:826} INFO - Processing file /home/airflow/.local/lib/python3.7/site-packages/airflow/example_dags/example_skip_dag.py for tasks to queue
[2025-05-06T07:36:52.263+0000] {logging_mixin.py:149} INFO - [2025-05-06T07:36:52.263+0000] {dagbag.py:541} INFO - Filling up the DagBag from /home/airflow/.local/lib/python3.7/site-packages/airflow/example_dags/example_skip_dag.py
[2025-05-06T07:36:52.275+0000] {processor.py:836} INFO - DAG(s) dict_keys(['example_skip_dag']) retrieved from /home/airflow/.local/lib/python3.7/site-packages/airflow/example_dags/example_skip_dag.py
[2025-05-06T07:36:52.329+0000] {logging_mixin.py:149} INFO - [2025-05-06T07:36:52.328+0000] {dag.py:2726} INFO - Sync 1 DAGs
[2025-05-06T07:36:52.385+0000] {logging_mixin.py:149} INFO - [2025-05-06T07:36:52.385+0000] {dag.py:3490} INFO - Setting next_dagrun for example_skip_dag to 2025-05-05T07:36:52.384879+00:00, run_after=2025-05-06T07:36:52.384879+00:00
[2025-05-06T07:36:52.433+0000] {processor.py:179} INFO - Processing /home/airflow/.local/lib/python3.7/site-packages/airflow/example_dags/example_skip_dag.py took 0.178 seconds
[2025-05-06T07:37:23.415+0000] {processor.py:157} INFO - Started process (PID=386) to work on /home/airflow/.local/lib/python3.7/site-packages/airflow/example_dags/example_skip_dag.py
[2025-05-06T07:37:23.417+0000] {processor.py:826} INFO - Processing file /home/airflow/.local/lib/python3.7/site-packages/airflow/example_dags/example_skip_dag.py for tasks to queue
[2025-05-06T07:37:23.418+0000] {logging_mixin.py:149} INFO - [2025-05-06T07:37:23.417+0000] {dagbag.py:541} INFO - Filling up the DagBag from /home/airflow/.local/lib/python3.7/site-packages/airflow/example_dags/example_skip_dag.py
[2025-05-06T07:37:23.427+0000] {processor.py:836} INFO - DAG(s) dict_keys(['example_skip_dag']) retrieved from /home/airflow/.local/lib/python3.7/site-packages/airflow/example_dags/example_skip_dag.py
[2025-05-06T07:37:23.461+0000] {logging_mixin.py:149} INFO - [2025-05-06T07:37:23.461+0000] {dag.py:2726} INFO - Sync 1 DAGs
[2025-05-06T07:37:23.498+0000] {logging_mixin.py:149} INFO - [2025-05-06T07:37:23.497+0000] {dag.py:3490} INFO - Setting next_dagrun for example_skip_dag to 2025-05-05T07:37:23.497565+00:00, run_after=2025-05-06T07:37:23.497565+00:00
[2025-05-06T07:37:23.523+0000] {processor.py:179} INFO - Processing /home/airflow/.local/lib/python3.7/site-packages/airflow/example_dags/example_skip_dag.py took 0.112 seconds
[2025-05-06T07:37:53.656+0000] {processor.py:157} INFO - Started process (PID=463) to work on /home/airflow/.local/lib/python3.7/site-packages/airflow/example_dags/example_skip_dag.py
[2025-05-06T07:37:53.657+0000] {processor.py:826} INFO - Processing file /home/airflow/.local/lib/python3.7/site-packages/airflow/example_dags/example_skip_dag.py for tasks to queue
[2025-05-06T07:37:53.658+0000] {logging_mixin.py:149} INFO - [2025-05-06T07:37:53.657+0000] {dagbag.py:541} INFO - Filling up the DagBag from /home/airflow/.local/lib/python3.7/site-packages/airflow/example_dags/example_skip_dag.py
[2025-05-06T07:37:53.664+0000] {processor.py:836} INFO - DAG(s) dict_keys(['example_skip_dag']) retrieved from /home/airflow/.local/lib/python3.7/site-packages/airflow/example_dags/example_skip_dag.py
[2025-05-06T07:37:53.691+0000] {logging_mixin.py:149} INFO - [2025-05-06T07:37:53.691+0000] {dag.py:2726} INFO - Sync 1 DAGs
[2025-05-06T07:37:53.717+0000] {logging_mixin.py:149} INFO - [2025-05-06T07:37:53.717+0000] {dag.py:3490} INFO - Setting next_dagrun for example_skip_dag to 2025-05-05T07:37:53.717309+00:00, run_after=2025-05-06T07:37:53.717309+00:00
[2025-05-06T07:37:53.739+0000] {processor.py:179} INFO - Processing /home/airflow/.local/lib/python3.7/site-packages/airflow/example_dags/example_skip_dag.py took 0.087 seconds
[2025-05-06T07:38:24.863+0000] {processor.py:157} INFO - Started process (PID=540) to work on /home/airflow/.local/lib/python3.7/site-packages/airflow/example_dags/example_skip_dag.py
[2025-05-06T07:38:24.865+0000] {processor.py:826} INFO - Processing file /home/airflow/.local/lib/python3.7/site-packages/airflow/example_dags/example_skip_dag.py for tasks to queue
[2025-05-06T07:38:24.866+0000] {logging_mixin.py:149} INFO - [2025-05-06T07:38:24.866+0000] {dagbag.py:541} INFO - Filling up the DagBag from /home/airflow/.local/lib/python3.7/site-packages/airflow/example_dags/example_skip_dag.py
[2025-05-06T07:38:24.874+0000] {processor.py:836} INFO - DAG(s) dict_keys(['example_skip_dag']) retrieved from /home/airflow/.local/lib/python3.7/site-packages/airflow/example_dags/example_skip_dag.py
[2025-05-06T07:38:24.906+0000] {logging_mixin.py:149} INFO - [2025-05-06T07:38:24.906+0000] {dag.py:2726} INFO - Sync 1 DAGs
[2025-05-06T07:38:24.936+0000] {logging_mixin.py:149} INFO - [2025-05-06T07:38:24.936+0000] {dag.py:3490} INFO - Setting next_dagrun for example_skip_dag to 2025-05-05T07:38:24.935994+00:00, run_after=2025-05-06T07:38:24.935994+00:00
[2025-05-06T07:38:25.033+0000] {processor.py:179} INFO - Processing /home/airflow/.local/lib/python3.7/site-packages/airflow/example_dags/example_skip_dag.py took 0.174 seconds
[2025-05-06T07:38:55.286+0000] {processor.py:157} INFO - Started process (PID=617) to work on /home/airflow/.local/lib/python3.7/site-packages/airflow/example_dags/example_skip_dag.py
[2025-05-06T07:38:55.286+0000] {processor.py:826} INFO - Processing file /home/airflow/.local/lib/python3.7/site-packages/airflow/example_dags/example_skip_dag.py for tasks to queue
[2025-05-06T07:38:55.287+0000] {logging_mixin.py:149} INFO - [2025-05-06T07:38:55.287+0000] {dagbag.py:541} INFO - Filling up the DagBag from /home/airflow/.local/lib/python3.7/site-packages/airflow/example_dags/example_skip_dag.py
[2025-05-06T07:38:55.293+0000] {processor.py:836} INFO - DAG(s) dict_keys(['example_skip_dag']) retrieved from /home/airflow/.local/lib/python3.7/site-packages/airflow/example_dags/example_skip_dag.py
[2025-05-06T07:38:55.315+0000] {logging_mixin.py:149} INFO - [2025-05-06T07:38:55.315+0000] {dag.py:2726} INFO - Sync 1 DAGs
[2025-05-06T07:38:55.335+0000] {logging_mixin.py:149} INFO - [2025-05-06T07:38:55.335+0000] {dag.py:3490} INFO - Setting next_dagrun for example_skip_dag to 2025-05-05T07:38:55.335057+00:00, run_after=2025-05-06T07:38:55.335057+00:00
[2025-05-06T07:38:55.352+0000] {processor.py:179} INFO - Processing /home/airflow/.local/lib/python3.7/site-packages/airflow/example_dags/example_skip_dag.py took 0.069 seconds
[2025-05-06T07:39:26.250+0000] {processor.py:157} INFO - Started process (PID=694) to work on /home/airflow/.local/lib/python3.7/site-packages/airflow/example_dags/example_skip_dag.py
[2025-05-06T07:39:26.251+0000] {processor.py:826} INFO - Processing file /home/airflow/.local/lib/python3.7/site-packages/airflow/example_dags/example_skip_dag.py for tasks to queue
[2025-05-06T07:39:26.252+0000] {logging_mixin.py:149} INFO - [2025-05-06T07:39:26.252+0000] {dagbag.py:541} INFO - Filling up the DagBag from /home/airflow/.local/lib/python3.7/site-packages/airflow/example_dags/example_skip_dag.py
[2025-05-06T07:39:26.258+0000] {processor.py:836} INFO - DAG(s) dict_keys(['example_skip_dag']) retrieved from /home/airflow/.local/lib/python3.7/site-packages/airflow/example_dags/example_skip_dag.py
[2025-05-06T07:39:26.281+0000] {logging_mixin.py:149} INFO - [2025-05-06T07:39:26.280+0000] {dag.py:2726} INFO - Sync 1 DAGs
[2025-05-06T07:39:26.300+0000] {logging_mixin.py:149} INFO - [2025-05-06T07:39:26.300+0000] {dag.py:3490} INFO - Setting next_dagrun for example_skip_dag to 2025-05-05T07:39:26.300393+00:00, run_after=2025-05-06T07:39:26.300393+00:00
[2025-05-06T07:39:26.318+0000] {processor.py:179} INFO - Processing /home/airflow/.local/lib/python3.7/site-packages/airflow/example_dags/example_skip_dag.py took 0.071 seconds
[2025-05-06T07:39:56.855+0000] {processor.py:157} INFO - Started process (PID=771) to work on /home/airflow/.local/lib/python3.7/site-packages/airflow/example_dags/example_skip_dag.py
[2025-05-06T07:39:56.856+0000] {processor.py:826} INFO - Processing file /home/airflow/.local/lib/python3.7/site-packages/airflow/example_dags/example_skip_dag.py for tasks to queue
[2025-05-06T07:39:56.856+0000] {logging_mixin.py:149} INFO - [2025-05-06T07:39:56.856+0000] {dagbag.py:541} INFO - Filling up the DagBag from /home/airflow/.local/lib/python3.7/site-packages/airflow/example_dags/example_skip_dag.py
[2025-05-06T07:39:56.862+0000] {processor.py:836} INFO - DAG(s) dict_keys(['example_skip_dag']) retrieved from /home/airflow/.local/lib/python3.7/site-packages/airflow/example_dags/example_skip_dag.py
[2025-05-06T07:39:56.884+0000] {logging_mixin.py:149} INFO - [2025-05-06T07:39:56.883+0000] {dag.py:2726} INFO - Sync 1 DAGs
[2025-05-06T07:39:56.903+0000] {logging_mixin.py:149} INFO - [2025-05-06T07:39:56.903+0000] {dag.py:3490} INFO - Setting next_dagrun for example_skip_dag to 2025-05-05T07:39:56.903220+00:00, run_after=2025-05-06T07:39:56.903220+00:00
[2025-05-06T07:39:56.921+0000] {processor.py:179} INFO - Processing /home/airflow/.local/lib/python3.7/site-packages/airflow/example_dags/example_skip_dag.py took 0.069 seconds
[2025-05-06T07:40:27.432+0000] {processor.py:157} INFO - Started process (PID=848) to work on /home/airflow/.local/lib/python3.7/site-packages/airflow/example_dags/example_skip_dag.py
[2025-05-06T07:40:27.433+0000] {processor.py:826} INFO - Processing file /home/airflow/.local/lib/python3.7/site-packages/airflow/example_dags/example_skip_dag.py for tasks to queue
[2025-05-06T07:40:27.434+0000] {logging_mixin.py:149} INFO - [2025-05-06T07:40:27.434+0000] {dagbag.py:541} INFO - Filling up the DagBag from /home/airflow/.local/lib/python3.7/site-packages/airflow/example_dags/example_skip_dag.py
[2025-05-06T07:40:27.439+0000] {processor.py:836} INFO - DAG(s) dict_keys(['example_skip_dag']) retrieved from /home/airflow/.local/lib/python3.7/site-packages/airflow/example_dags/example_skip_dag.py
[2025-05-06T07:40:27.461+0000] {logging_mixin.py:149} INFO - [2025-05-06T07:40:27.461+0000] {dag.py:2726} INFO - Sync 1 DAGs
[2025-05-06T07:40:27.482+0000] {logging_mixin.py:149} INFO - [2025-05-06T07:40:27.482+0000] {dag.py:3490} INFO - Setting next_dagrun for example_skip_dag to 2025-05-05T07:40:27.481920+00:00, run_after=2025-05-06T07:40:27.481920+00:00
[2025-05-06T07:40:27.500+0000] {processor.py:179} INFO - Processing /home/airflow/.local/lib/python3.7/site-packages/airflow/example_dags/example_skip_dag.py took 0.070 seconds
[2025-05-06T07:40:57.890+0000] {processor.py:157} INFO - Started process (PID=925) to work on /home/airflow/.local/lib/python3.7/site-packages/airflow/example_dags/example_skip_dag.py
[2025-05-06T07:40:57.891+0000] {processor.py:826} INFO - Processing file /home/airflow/.local/lib/python3.7/site-packages/airflow/example_dags/example_skip_dag.py for tasks to queue
[2025-05-06T07:40:57.891+0000] {logging_mixin.py:149} INFO - [2025-05-06T07:40:57.891+0000] {dagbag.py:541} INFO - Filling up the DagBag from /home/airflow/.local/lib/python3.7/site-packages/airflow/example_dags/example_skip_dag.py
[2025-05-06T07:40:57.897+0000] {processor.py:836} INFO - DAG(s) dict_keys(['example_skip_dag']) retrieved from /home/airflow/.local/lib/python3.7/site-packages/airflow/example_dags/example_skip_dag.py
[2025-05-06T07:40:57.918+0000] {logging_mixin.py:149} INFO - [2025-05-06T07:40:57.918+0000] {dag.py:2726} INFO - Sync 1 DAGs
[2025-05-06T07:40:57.937+0000] {logging_mixin.py:149} INFO - [2025-05-06T07:40:57.937+0000] {dag.py:3490} INFO - Setting next_dagrun for example_skip_dag to 2025-05-05T07:40:57.937459+00:00, run_after=2025-05-06T07:40:57.937459+00:00
[2025-05-06T07:40:57.955+0000] {processor.py:179} INFO - Processing /home/airflow/.local/lib/python3.7/site-packages/airflow/example_dags/example_skip_dag.py took 0.068 seconds
[2025-05-06T07:41:28.320+0000] {processor.py:157} INFO - Started process (PID=1002) to work on /home/airflow/.local/lib/python3.7/site-packages/airflow/example_dags/example_skip_dag.py
[2025-05-06T07:41:28.321+0000] {processor.py:826} INFO - Processing file /home/airflow/.local/lib/python3.7/site-packages/airflow/example_dags/example_skip_dag.py for tasks to queue
[2025-05-06T07:41:28.322+0000] {logging_mixin.py:149} INFO - [2025-05-06T07:41:28.322+0000] {dagbag.py:541} INFO - Filling up the DagBag from /home/airflow/.local/lib/python3.7/site-packages/airflow/example_dags/example_skip_dag.py
[2025-05-06T07:41:28.327+0000] {processor.py:836} INFO - DAG(s) dict_keys(['example_skip_dag']) retrieved from /home/airflow/.local/lib/python3.7/site-packages/airflow/example_dags/example_skip_dag.py
[2025-05-06T07:41:28.349+0000] {logging_mixin.py:149} INFO - [2025-05-06T07:41:28.349+0000] {dag.py:2726} INFO - Sync 1 DAGs
[2025-05-06T07:41:28.369+0000] {logging_mixin.py:149} INFO - [2025-05-06T07:41:28.369+0000] {dag.py:3490} INFO - Setting next_dagrun for example_skip_dag to 2025-05-05T07:41:28.369224+00:00, run_after=2025-05-06T07:41:28.369224+00:00
[2025-05-06T07:41:28.387+0000] {processor.py:179} INFO - Processing /home/airflow/.local/lib/python3.7/site-packages/airflow/example_dags/example_skip_dag.py took 0.070 seconds
[2025-05-06T07:41:58.923+0000] {processor.py:157} INFO - Started process (PID=1079) to work on /home/airflow/.local/lib/python3.7/site-packages/airflow/example_dags/example_skip_dag.py
[2025-05-06T07:41:58.924+0000] {processor.py:826} INFO - Processing file /home/airflow/.local/lib/python3.7/site-packages/airflow/example_dags/example_skip_dag.py for tasks to queue
[2025-05-06T07:41:58.925+0000] {logging_mixin.py:149} INFO - [2025-05-06T07:41:58.925+0000] {dagbag.py:541} INFO - Filling up the DagBag from /home/airflow/.local/lib/python3.7/site-packages/airflow/example_dags/example_skip_dag.py
[2025-05-06T07:41:58.930+0000] {processor.py:836} INFO - DAG(s) dict_keys(['example_skip_dag']) retrieved from /home/airflow/.local/lib/python3.7/site-packages/airflow/example_dags/example_skip_dag.py
[2025-05-06T07:41:58.952+0000] {logging_mixin.py:149} INFO - [2025-05-06T07:41:58.952+0000] {dag.py:2726} INFO - Sync 1 DAGs
[2025-05-06T07:41:58.972+0000] {logging_mixin.py:149} INFO - [2025-05-06T07:41:58.971+0000] {dag.py:3490} INFO - Setting next_dagrun for example_skip_dag to 2025-05-05T07:41:58.971760+00:00, run_after=2025-05-06T07:41:58.971760+00:00
[2025-05-06T07:41:58.990+0000] {processor.py:179} INFO - Processing /home/airflow/.local/lib/python3.7/site-packages/airflow/example_dags/example_skip_dag.py took 0.069 seconds
[2025-05-06T07:42:30.123+0000] {processor.py:157} INFO - Started process (PID=1156) to work on /home/airflow/.local/lib/python3.7/site-packages/airflow/example_dags/example_skip_dag.py
[2025-05-06T07:42:30.124+0000] {processor.py:826} INFO - Processing file /home/airflow/.local/lib/python3.7/site-packages/airflow/example_dags/example_skip_dag.py for tasks to queue
[2025-05-06T07:42:30.125+0000] {logging_mixin.py:149} INFO - [2025-05-06T07:42:30.125+0000] {dagbag.py:541} INFO - Filling up the DagBag from /home/airflow/.local/lib/python3.7/site-packages/airflow/example_dags/example_skip_dag.py
[2025-05-06T07:42:30.133+0000] {processor.py:836} INFO - DAG(s) dict_keys(['example_skip_dag']) retrieved from /home/airflow/.local/lib/python3.7/site-packages/airflow/example_dags/example_skip_dag.py
[2025-05-06T07:42:30.160+0000] {logging_mixin.py:149} INFO - [2025-05-06T07:42:30.159+0000] {dag.py:2726} INFO - Sync 1 DAGs
[2025-05-06T07:42:30.185+0000] {logging_mixin.py:149} INFO - [2025-05-06T07:42:30.184+0000] {dag.py:3490} INFO - Setting next_dagrun for example_skip_dag to 2025-05-05T07:42:30.184608+00:00, run_after=2025-05-06T07:42:30.184608+00:00
[2025-05-06T07:42:30.207+0000] {processor.py:179} INFO - Processing /home/airflow/.local/lib/python3.7/site-packages/airflow/example_dags/example_skip_dag.py took 0.088 seconds
[2025-05-06T07:43:00.959+0000] {processor.py:157} INFO - Started process (PID=1233) to work on /home/airflow/.local/lib/python3.7/site-packages/airflow/example_dags/example_skip_dag.py
[2025-05-06T07:43:00.960+0000] {processor.py:826} INFO - Processing file /home/airflow/.local/lib/python3.7/site-packages/airflow/example_dags/example_skip_dag.py for tasks to queue
[2025-05-06T07:43:00.961+0000] {logging_mixin.py:149} INFO - [2025-05-06T07:43:00.961+0000] {dagbag.py:541} INFO - Filling up the DagBag from /home/airflow/.local/lib/python3.7/site-packages/airflow/example_dags/example_skip_dag.py
[2025-05-06T07:43:00.966+0000] {processor.py:836} INFO - DAG(s) dict_keys(['example_skip_dag']) retrieved from /home/airflow/.local/lib/python3.7/site-packages/airflow/example_dags/example_skip_dag.py
[2025-05-06T07:43:00.989+0000] {logging_mixin.py:149} INFO - [2025-05-06T07:43:00.988+0000] {dag.py:2726} INFO - Sync 1 DAGs
[2025-05-06T07:43:01.010+0000] {logging_mixin.py:149} INFO - [2025-05-06T07:43:01.010+0000] {dag.py:3490} INFO - Setting next_dagrun for example_skip_dag to 2025-05-05T07:43:01.009957+00:00, run_after=2025-05-06T07:43:01.009957+00:00
[2025-05-06T07:43:01.026+0000] {processor.py:179} INFO - Processing /home/airflow/.local/lib/python3.7/site-packages/airflow/example_dags/example_skip_dag.py took 0.070 seconds
[2025-05-06T07:43:31.473+0000] {processor.py:157} INFO - Started process (PID=1310) to work on /home/airflow/.local/lib/python3.7/site-packages/airflow/example_dags/example_skip_dag.py
[2025-05-06T07:43:31.475+0000] {processor.py:826} INFO - Processing file /home/airflow/.local/lib/python3.7/site-packages/airflow/example_dags/example_skip_dag.py for tasks to queue
[2025-05-06T07:43:31.475+0000] {logging_mixin.py:149} INFO - [2025-05-06T07:43:31.475+0000] {dagbag.py:541} INFO - Filling up the DagBag from /home/airflow/.local/lib/python3.7/site-packages/airflow/example_dags/example_skip_dag.py
[2025-05-06T07:43:31.482+0000] {processor.py:836} INFO - DAG(s) dict_keys(['example_skip_dag']) retrieved from /home/airflow/.local/lib/python3.7/site-packages/airflow/example_dags/example_skip_dag.py
[2025-05-06T07:43:31.503+0000] {logging_mixin.py:149} INFO - [2025-05-06T07:43:31.503+0000] {dag.py:2726} INFO - Sync 1 DAGs
[2025-05-06T07:43:31.523+0000] {logging_mixin.py:149} INFO - [2025-05-06T07:43:31.523+0000] {dag.py:3490} INFO - Setting next_dagrun for example_skip_dag to 2025-05-05T07:43:31.523593+00:00, run_after=2025-05-06T07:43:31.523593+00:00
[2025-05-06T07:43:31.542+0000] {processor.py:179} INFO - Processing /home/airflow/.local/lib/python3.7/site-packages/airflow/example_dags/example_skip_dag.py took 0.072 seconds
[2025-05-06T07:44:02.388+0000] {processor.py:157} INFO - Started process (PID=1386) to work on /home/airflow/.local/lib/python3.7/site-packages/airflow/example_dags/example_skip_dag.py
[2025-05-06T07:44:02.389+0000] {processor.py:826} INFO - Processing file /home/airflow/.local/lib/python3.7/site-packages/airflow/example_dags/example_skip_dag.py for tasks to queue
[2025-05-06T07:44:02.389+0000] {logging_mixin.py:149} INFO - [2025-05-06T07:44:02.389+0000] {dagbag.py:541} INFO - Filling up the DagBag from /home/airflow/.local/lib/python3.7/site-packages/airflow/example_dags/example_skip_dag.py
[2025-05-06T07:44:02.396+0000] {processor.py:836} INFO - DAG(s) dict_keys(['example_skip_dag']) retrieved from /home/airflow/.local/lib/python3.7/site-packages/airflow/example_dags/example_skip_dag.py
[2025-05-06T07:44:02.419+0000] {logging_mixin.py:149} INFO - [2025-05-06T07:44:02.419+0000] {dag.py:2726} INFO - Sync 1 DAGs
[2025-05-06T07:44:02.442+0000] {logging_mixin.py:149} INFO - [2025-05-06T07:44:02.442+0000] {dag.py:3490} INFO - Setting next_dagrun for example_skip_dag to 2025-05-05T07:44:02.441895+00:00, run_after=2025-05-06T07:44:02.441895+00:00
[2025-05-06T07:44:02.462+0000] {processor.py:179} INFO - Processing /home/airflow/.local/lib/python3.7/site-packages/airflow/example_dags/example_skip_dag.py took 0.078 seconds
[2025-05-06T07:44:33.270+0000] {processor.py:157} INFO - Started process (PID=1464) to work on /home/airflow/.local/lib/python3.7/site-packages/airflow/example_dags/example_skip_dag.py
[2025-05-06T07:44:33.272+0000] {processor.py:826} INFO - Processing file /home/airflow/.local/lib/python3.7/site-packages/airflow/example_dags/example_skip_dag.py for tasks to queue
[2025-05-06T07:44:33.273+0000] {logging_mixin.py:149} INFO - [2025-05-06T07:44:33.273+0000] {dagbag.py:541} INFO - Filling up the DagBag from /home/airflow/.local/lib/python3.7/site-packages/airflow/example_dags/example_skip_dag.py
[2025-05-06T07:44:33.285+0000] {processor.py:836} INFO - DAG(s) dict_keys(['example_skip_dag']) retrieved from /home/airflow/.local/lib/python3.7/site-packages/airflow/example_dags/example_skip_dag.py
[2025-05-06T07:44:33.328+0000] {logging_mixin.py:149} INFO - [2025-05-06T07:44:33.328+0000] {dag.py:2726} INFO - Sync 1 DAGs
[2025-05-06T07:44:33.366+0000] {logging_mixin.py:149} INFO - [2025-05-06T07:44:33.366+0000] {dag.py:3490} INFO - Setting next_dagrun for example_skip_dag to 2025-05-05T07:44:33.366229+00:00, run_after=2025-05-06T07:44:33.366229+00:00
[2025-05-06T07:44:33.394+0000] {processor.py:179} INFO - Processing /home/airflow/.local/lib/python3.7/site-packages/airflow/example_dags/example_skip_dag.py took 0.130 seconds
[2025-05-06T07:45:04.041+0000] {processor.py:157} INFO - Started process (PID=1541) to work on /home/airflow/.local/lib/python3.7/site-packages/airflow/example_dags/example_skip_dag.py
[2025-05-06T07:45:04.042+0000] {processor.py:826} INFO - Processing file /home/airflow/.local/lib/python3.7/site-packages/airflow/example_dags/example_skip_dag.py for tasks to queue
[2025-05-06T07:45:04.042+0000] {logging_mixin.py:149} INFO - [2025-05-06T07:45:04.042+0000] {dagbag.py:541} INFO - Filling up the DagBag from /home/airflow/.local/lib/python3.7/site-packages/airflow/example_dags/example_skip_dag.py
[2025-05-06T07:45:04.048+0000] {processor.py:836} INFO - DAG(s) dict_keys(['example_skip_dag']) retrieved from /home/airflow/.local/lib/python3.7/site-packages/airflow/example_dags/example_skip_dag.py
[2025-05-06T07:45:04.069+0000] {logging_mixin.py:149} INFO - [2025-05-06T07:45:04.069+0000] {dag.py:2726} INFO - Sync 1 DAGs
[2025-05-06T07:45:04.091+0000] {logging_mixin.py:149} INFO - [2025-05-06T07:45:04.091+0000] {dag.py:3490} INFO - Setting next_dagrun for example_skip_dag to 2025-05-05T07:45:04.091302+00:00, run_after=2025-05-06T07:45:04.091302+00:00
[2025-05-06T07:45:04.110+0000] {processor.py:179} INFO - Processing /home/airflow/.local/lib/python3.7/site-packages/airflow/example_dags/example_skip_dag.py took 0.072 seconds
[2025-05-06T07:45:34.630+0000] {processor.py:157} INFO - Started process (PID=1618) to work on /home/airflow/.local/lib/python3.7/site-packages/airflow/example_dags/example_skip_dag.py
[2025-05-06T07:45:34.631+0000] {processor.py:826} INFO - Processing file /home/airflow/.local/lib/python3.7/site-packages/airflow/example_dags/example_skip_dag.py for tasks to queue
[2025-05-06T07:45:34.632+0000] {logging_mixin.py:149} INFO - [2025-05-06T07:45:34.632+0000] {dagbag.py:541} INFO - Filling up the DagBag from /home/airflow/.local/lib/python3.7/site-packages/airflow/example_dags/example_skip_dag.py
[2025-05-06T07:45:34.638+0000] {processor.py:836} INFO - DAG(s) dict_keys(['example_skip_dag']) retrieved from /home/airflow/.local/lib/python3.7/site-packages/airflow/example_dags/example_skip_dag.py
[2025-05-06T07:45:34.660+0000] {logging_mixin.py:149} INFO - [2025-05-06T07:45:34.660+0000] {dag.py:2726} INFO - Sync 1 DAGs
[2025-05-06T07:45:34.683+0000] {logging_mixin.py:149} INFO - [2025-05-06T07:45:34.683+0000] {dag.py:3490} INFO - Setting next_dagrun for example_skip_dag to 2025-05-05T07:45:34.683059+00:00, run_after=2025-05-06T07:45:34.683059+00:00
[2025-05-06T07:45:34.701+0000] {processor.py:179} INFO - Processing /home/airflow/.local/lib/python3.7/site-packages/airflow/example_dags/example_skip_dag.py took 0.074 seconds
[2025-05-06T07:46:05.241+0000] {processor.py:157} INFO - Started process (PID=1696) to work on /home/airflow/.local/lib/python3.7/site-packages/airflow/example_dags/example_skip_dag.py
[2025-05-06T07:46:05.242+0000] {processor.py:826} INFO - Processing file /home/airflow/.local/lib/python3.7/site-packages/airflow/example_dags/example_skip_dag.py for tasks to queue
[2025-05-06T07:46:05.243+0000] {logging_mixin.py:149} INFO - [2025-05-06T07:46:05.243+0000] {dagbag.py:541} INFO - Filling up the DagBag from /home/airflow/.local/lib/python3.7/site-packages/airflow/example_dags/example_skip_dag.py
[2025-05-06T07:46:05.248+0000] {processor.py:836} INFO - DAG(s) dict_keys(['example_skip_dag']) retrieved from /home/airflow/.local/lib/python3.7/site-packages/airflow/example_dags/example_skip_dag.py
[2025-05-06T07:46:05.272+0000] {logging_mixin.py:149} INFO - [2025-05-06T07:46:05.272+0000] {dag.py:2726} INFO - Sync 1 DAGs
[2025-05-06T07:46:05.293+0000] {logging_mixin.py:149} INFO - [2025-05-06T07:46:05.293+0000] {dag.py:3490} INFO - Setting next_dagrun for example_skip_dag to 2025-05-05T07:46:05.293508+00:00, run_after=2025-05-06T07:46:05.293508+00:00
[2025-05-06T07:46:05.311+0000] {processor.py:179} INFO - Processing /home/airflow/.local/lib/python3.7/site-packages/airflow/example_dags/example_skip_dag.py took 0.072 seconds
[2025-05-06T07:46:35.820+0000] {processor.py:157} INFO - Started process (PID=1773) to work on /home/airflow/.local/lib/python3.7/site-packages/airflow/example_dags/example_skip_dag.py
[2025-05-06T07:46:35.821+0000] {processor.py:826} INFO - Processing file /home/airflow/.local/lib/python3.7/site-packages/airflow/example_dags/example_skip_dag.py for tasks to queue
[2025-05-06T07:46:35.821+0000] {logging_mixin.py:149} INFO - [2025-05-06T07:46:35.821+0000] {dagbag.py:541} INFO - Filling up the DagBag from /home/airflow/.local/lib/python3.7/site-packages/airflow/example_dags/example_skip_dag.py
[2025-05-06T07:46:35.827+0000] {processor.py:836} INFO - DAG(s) dict_keys(['example_skip_dag']) retrieved from /home/airflow/.local/lib/python3.7/site-packages/airflow/example_dags/example_skip_dag.py
[2025-05-06T07:46:35.850+0000] {logging_mixin.py:149} INFO - [2025-05-06T07:46:35.849+0000] {dag.py:2726} INFO - Sync 1 DAGs
[2025-05-06T07:46:35.869+0000] {logging_mixin.py:149} INFO - [2025-05-06T07:46:35.869+0000] {dag.py:3490} INFO - Setting next_dagrun for example_skip_dag to 2025-05-05T07:46:35.869296+00:00, run_after=2025-05-06T07:46:35.869296+00:00
[2025-05-06T07:46:35.889+0000] {processor.py:179} INFO - Processing /home/airflow/.local/lib/python3.7/site-packages/airflow/example_dags/example_skip_dag.py took 0.072 seconds
[2025-05-06T07:47:06.580+0000] {processor.py:157} INFO - Started process (PID=1850) to work on /home/airflow/.local/lib/python3.7/site-packages/airflow/example_dags/example_skip_dag.py
[2025-05-06T07:47:06.581+0000] {processor.py:826} INFO - Processing file /home/airflow/.local/lib/python3.7/site-packages/airflow/example_dags/example_skip_dag.py for tasks to queue
[2025-05-06T07:47:06.581+0000] {logging_mixin.py:149} INFO - [2025-05-06T07:47:06.581+0000] {dagbag.py:541} INFO - Filling up the DagBag from /home/airflow/.local/lib/python3.7/site-packages/airflow/example_dags/example_skip_dag.py
[2025-05-06T07:47:06.587+0000] {processor.py:836} INFO - DAG(s) dict_keys(['example_skip_dag']) retrieved from /home/airflow/.local/lib/python3.7/site-packages/airflow/example_dags/example_skip_dag.py
[2025-05-06T07:47:06.610+0000] {logging_mixin.py:149} INFO - [2025-05-06T07:47:06.610+0000] {dag.py:2726} INFO - Sync 1 DAGs
[2025-05-06T07:47:06.632+0000] {logging_mixin.py:149} INFO - [2025-05-06T07:47:06.632+0000] {dag.py:3490} INFO - Setting next_dagrun for example_skip_dag to 2025-05-05T07:47:06.632075+00:00, run_after=2025-05-06T07:47:06.632075+00:00
[2025-05-06T07:47:06.650+0000] {processor.py:179} INFO - Processing /home/airflow/.local/lib/python3.7/site-packages/airflow/example_dags/example_skip_dag.py took 0.073 seconds
[2025-05-06T07:47:37.693+0000] {processor.py:157} INFO - Started process (PID=1927) to work on /home/airflow/.local/lib/python3.7/site-packages/airflow/example_dags/example_skip_dag.py
[2025-05-06T07:47:37.694+0000] {processor.py:826} INFO - Processing file /home/airflow/.local/lib/python3.7/site-packages/airflow/example_dags/example_skip_dag.py for tasks to queue
[2025-05-06T07:47:37.695+0000] {logging_mixin.py:149} INFO - [2025-05-06T07:47:37.694+0000] {dagbag.py:541} INFO - Filling up the DagBag from /home/airflow/.local/lib/python3.7/site-packages/airflow/example_dags/example_skip_dag.py
[2025-05-06T07:47:37.701+0000] {processor.py:836} INFO - DAG(s) dict_keys(['example_skip_dag']) retrieved from /home/airflow/.local/lib/python3.7/site-packages/airflow/example_dags/example_skip_dag.py
[2025-05-06T07:47:37.723+0000] {logging_mixin.py:149} INFO - [2025-05-06T07:47:37.723+0000] {dag.py:2726} INFO - Sync 1 DAGs
[2025-05-06T07:47:37.745+0000] {logging_mixin.py:149} INFO - [2025-05-06T07:47:37.745+0000] {dag.py:3490} INFO - Setting next_dagrun for example_skip_dag to 2025-05-05T07:47:37.744984+00:00, run_after=2025-05-06T07:47:37.744984+00:00
[2025-05-06T07:47:37.764+0000] {processor.py:179} INFO - Processing /home/airflow/.local/lib/python3.7/site-packages/airflow/example_dags/example_skip_dag.py took 0.074 seconds
[2025-05-06T07:48:08.359+0000] {processor.py:157} INFO - Started process (PID=2004) to work on /home/airflow/.local/lib/python3.7/site-packages/airflow/example_dags/example_skip_dag.py
[2025-05-06T07:48:08.361+0000] {processor.py:826} INFO - Processing file /home/airflow/.local/lib/python3.7/site-packages/airflow/example_dags/example_skip_dag.py for tasks to queue
[2025-05-06T07:48:08.361+0000] {logging_mixin.py:149} INFO - [2025-05-06T07:48:08.361+0000] {dagbag.py:541} INFO - Filling up the DagBag from /home/airflow/.local/lib/python3.7/site-packages/airflow/example_dags/example_skip_dag.py
[2025-05-06T07:48:08.368+0000] {processor.py:836} INFO - DAG(s) dict_keys(['example_skip_dag']) retrieved from /home/airflow/.local/lib/python3.7/site-packages/airflow/example_dags/example_skip_dag.py
[2025-05-06T07:48:08.390+0000] {logging_mixin.py:149} INFO - [2025-05-06T07:48:08.389+0000] {dag.py:2726} INFO - Sync 1 DAGs
[2025-05-06T07:48:08.412+0000] {logging_mixin.py:149} INFO - [2025-05-06T07:48:08.412+0000] {dag.py:3490} INFO - Setting next_dagrun for example_skip_dag to 2025-05-05T07:48:08.412347+00:00, run_after=2025-05-06T07:48:08.412347+00:00
[2025-05-06T07:48:08.430+0000] {processor.py:179} INFO - Processing /home/airflow/.local/lib/python3.7/site-packages/airflow/example_dags/example_skip_dag.py took 0.073 seconds
[2025-05-06T07:48:39.193+0000] {processor.py:157} INFO - Started process (PID=2081) to work on /home/airflow/.local/lib/python3.7/site-packages/airflow/example_dags/example_skip_dag.py
[2025-05-06T07:48:39.194+0000] {processor.py:826} INFO - Processing file /home/airflow/.local/lib/python3.7/site-packages/airflow/example_dags/example_skip_dag.py for tasks to queue
[2025-05-06T07:48:39.194+0000] {logging_mixin.py:149} INFO - [2025-05-06T07:48:39.194+0000] {dagbag.py:541} INFO - Filling up the DagBag from /home/airflow/.local/lib/python3.7/site-packages/airflow/example_dags/example_skip_dag.py
[2025-05-06T07:48:39.202+0000] {processor.py:836} INFO - DAG(s) dict_keys(['example_skip_dag']) retrieved from /home/airflow/.local/lib/python3.7/site-packages/airflow/example_dags/example_skip_dag.py
[2025-05-06T07:48:39.226+0000] {logging_mixin.py:149} INFO - [2025-05-06T07:48:39.226+0000] {dag.py:2726} INFO - Sync 1 DAGs
[2025-05-06T07:48:39.250+0000] {logging_mixin.py:149} INFO - [2025-05-06T07:48:39.250+0000] {dag.py:3490} INFO - Setting next_dagrun for example_skip_dag to 2025-05-05T07:48:39.250258+00:00, run_after=2025-05-06T07:48:39.250258+00:00
[2025-05-06T07:48:39.269+0000] {processor.py:179} INFO - Processing /home/airflow/.local/lib/python3.7/site-packages/airflow/example_dags/example_skip_dag.py took 0.079 seconds
[2025-05-06T07:49:10.467+0000] {processor.py:157} INFO - Started process (PID=2158) to work on /home/airflow/.local/lib/python3.7/site-packages/airflow/example_dags/example_skip_dag.py
[2025-05-06T07:49:10.468+0000] {processor.py:826} INFO - Processing file /home/airflow/.local/lib/python3.7/site-packages/airflow/example_dags/example_skip_dag.py for tasks to queue
[2025-05-06T07:49:10.469+0000] {logging_mixin.py:149} INFO - [2025-05-06T07:49:10.469+0000] {dagbag.py:541} INFO - Filling up the DagBag from /home/airflow/.local/lib/python3.7/site-packages/airflow/example_dags/example_skip_dag.py
[2025-05-06T07:49:10.475+0000] {processor.py:836} INFO - DAG(s) dict_keys(['example_skip_dag']) retrieved from /home/airflow/.local/lib/python3.7/site-packages/airflow/example_dags/example_skip_dag.py
[2025-05-06T07:49:10.500+0000] {logging_mixin.py:149} INFO - [2025-05-06T07:49:10.500+0000] {dag.py:2726} INFO - Sync 1 DAGs
[2025-05-06T07:49:10.523+0000] {logging_mixin.py:149} INFO - [2025-05-06T07:49:10.523+0000] {dag.py:3490} INFO - Setting next_dagrun for example_skip_dag to 2025-05-05T07:49:10.522954+00:00, run_after=2025-05-06T07:49:10.522954+00:00
[2025-05-06T07:49:10.543+0000] {processor.py:179} INFO - Processing /home/airflow/.local/lib/python3.7/site-packages/airflow/example_dags/example_skip_dag.py took 0.079 seconds
[2025-05-06T07:49:41.517+0000] {processor.py:157} INFO - Started process (PID=2235) to work on /home/airflow/.local/lib/python3.7/site-packages/airflow/example_dags/example_skip_dag.py
[2025-05-06T07:49:41.518+0000] {processor.py:826} INFO - Processing file /home/airflow/.local/lib/python3.7/site-packages/airflow/example_dags/example_skip_dag.py for tasks to queue
[2025-05-06T07:49:41.519+0000] {logging_mixin.py:149} INFO - [2025-05-06T07:49:41.519+0000] {dagbag.py:541} INFO - Filling up the DagBag from /home/airflow/.local/lib/python3.7/site-packages/airflow/example_dags/example_skip_dag.py
[2025-05-06T07:49:41.525+0000] {processor.py:836} INFO - DAG(s) dict_keys(['example_skip_dag']) retrieved from /home/airflow/.local/lib/python3.7/site-packages/airflow/example_dags/example_skip_dag.py
[2025-05-06T07:49:41.547+0000] {logging_mixin.py:149} INFO - [2025-05-06T07:49:41.547+0000] {dag.py:2726} INFO - Sync 1 DAGs
[2025-05-06T07:49:41.567+0000] {logging_mixin.py:149} INFO - [2025-05-06T07:49:41.567+0000] {dag.py:3490} INFO - Setting next_dagrun for example_skip_dag to 2025-05-05T07:49:41.567155+00:00, run_after=2025-05-06T07:49:41.567155+00:00
[2025-05-06T07:49:41.587+0000] {processor.py:179} INFO - Processing /home/airflow/.local/lib/python3.7/site-packages/airflow/example_dags/example_skip_dag.py took 0.072 seconds
[2025-05-06T07:50:12.281+0000] {processor.py:157} INFO - Started process (PID=2312) to work on /home/airflow/.local/lib/python3.7/site-packages/airflow/example_dags/example_skip_dag.py
[2025-05-06T07:50:12.282+0000] {processor.py:826} INFO - Processing file /home/airflow/.local/lib/python3.7/site-packages/airflow/example_dags/example_skip_dag.py for tasks to queue
[2025-05-06T07:50:12.282+0000] {logging_mixin.py:149} INFO - [2025-05-06T07:50:12.282+0000] {dagbag.py:541} INFO - Filling up the DagBag from /home/airflow/.local/lib/python3.7/site-packages/airflow/example_dags/example_skip_dag.py
[2025-05-06T07:50:12.288+0000] {processor.py:836} INFO - DAG(s) dict_keys(['example_skip_dag']) retrieved from /home/airflow/.local/lib/python3.7/site-packages/airflow/example_dags/example_skip_dag.py
[2025-05-06T07:50:12.311+0000] {logging_mixin.py:149} INFO - [2025-05-06T07:50:12.311+0000] {dag.py:2726} INFO - Sync 1 DAGs
[2025-05-06T07:50:12.332+0000] {logging_mixin.py:149} INFO - [2025-05-06T07:50:12.332+0000] {dag.py:3490} INFO - Setting next_dagrun for example_skip_dag to 2025-05-05T07:50:12.331999+00:00, run_after=2025-05-06T07:50:12.331999+00:00
[2025-05-06T07:50:12.349+0000] {processor.py:179} INFO - Processing /home/airflow/.local/lib/python3.7/site-packages/airflow/example_dags/example_skip_dag.py took 0.071 seconds
[2025-05-06T07:50:43.146+0000] {processor.py:157} INFO - Started process (PID=2389) to work on /home/airflow/.local/lib/python3.7/site-packages/airflow/example_dags/example_skip_dag.py
[2025-05-06T07:50:43.147+0000] {processor.py:826} INFO - Processing file /home/airflow/.local/lib/python3.7/site-packages/airflow/example_dags/example_skip_dag.py for tasks to queue
[2025-05-06T07:50:43.147+0000] {logging_mixin.py:149} INFO - [2025-05-06T07:50:43.147+0000] {dagbag.py:541} INFO - Filling up the DagBag from /home/airflow/.local/lib/python3.7/site-packages/airflow/example_dags/example_skip_dag.py
[2025-05-06T07:50:43.155+0000] {processor.py:836} INFO - DAG(s) dict_keys(['example_skip_dag']) retrieved from /home/airflow/.local/lib/python3.7/site-packages/airflow/example_dags/example_skip_dag.py
[2025-05-06T07:50:43.180+0000] {logging_mixin.py:149} INFO - [2025-05-06T07:50:43.180+0000] {dag.py:2726} INFO - Sync 1 DAGs
[2025-05-06T07:50:43.203+0000] {logging_mixin.py:149} INFO - [2025-05-06T07:50:43.203+0000] {dag.py:3490} INFO - Setting next_dagrun for example_skip_dag to 2025-05-05T07:50:43.203090+00:00, run_after=2025-05-06T07:50:43.203090+00:00
[2025-05-06T07:50:43.221+0000] {processor.py:179} INFO - Processing /home/airflow/.local/lib/python3.7/site-packages/airflow/example_dags/example_skip_dag.py took 0.079 seconds
[2025-05-06T07:51:13.642+0000] {processor.py:157} INFO - Started process (PID=2466) to work on /home/airflow/.local/lib/python3.7/site-packages/airflow/example_dags/example_skip_dag.py
[2025-05-06T07:51:13.643+0000] {processor.py:826} INFO - Processing file /home/airflow/.local/lib/python3.7/site-packages/airflow/example_dags/example_skip_dag.py for tasks to queue
[2025-05-06T07:51:13.644+0000] {logging_mixin.py:149} INFO - [2025-05-06T07:51:13.644+0000] {dagbag.py:541} INFO - Filling up the DagBag from /home/airflow/.local/lib/python3.7/site-packages/airflow/example_dags/example_skip_dag.py
[2025-05-06T07:51:13.650+0000] {processor.py:836} INFO - DAG(s) dict_keys(['example_skip_dag']) retrieved from /home/airflow/.local/lib/python3.7/site-packages/airflow/example_dags/example_skip_dag.py
[2025-05-06T07:51:13.673+0000] {logging_mixin.py:149} INFO - [2025-05-06T07:51:13.673+0000] {dag.py:2726} INFO - Sync 1 DAGs
[2025-05-06T07:51:13.694+0000] {logging_mixin.py:149} INFO - [2025-05-06T07:51:13.693+0000] {dag.py:3490} INFO - Setting next_dagrun for example_skip_dag to 2025-05-05T07:51:13.693768+00:00, run_after=2025-05-06T07:51:13.693768+00:00
[2025-05-06T07:51:13.712+0000] {processor.py:179} INFO - Processing /home/airflow/.local/lib/python3.7/site-packages/airflow/example_dags/example_skip_dag.py took 0.072 seconds
[2025-05-06T07:51:44.177+0000] {processor.py:157} INFO - Started process (PID=2543) to work on /home/airflow/.local/lib/python3.7/site-packages/airflow/example_dags/example_skip_dag.py
[2025-05-06T07:51:44.178+0000] {processor.py:826} INFO - Processing file /home/airflow/.local/lib/python3.7/site-packages/airflow/example_dags/example_skip_dag.py for tasks to queue
[2025-05-06T07:51:44.178+0000] {logging_mixin.py:149} INFO - [2025-05-06T07:51:44.178+0000] {dagbag.py:541} INFO - Filling up the DagBag from /home/airflow/.local/lib/python3.7/site-packages/airflow/example_dags/example_skip_dag.py
[2025-05-06T07:51:44.184+0000] {processor.py:836} INFO - DAG(s) dict_keys(['example_skip_dag']) retrieved from /home/airflow/.local/lib/python3.7/site-packages/airflow/example_dags/example_skip_dag.py
[2025-05-06T07:51:44.206+0000] {logging_mixin.py:149} INFO - [2025-05-06T07:51:44.206+0000] {dag.py:2726} INFO - Sync 1 DAGs
[2025-05-06T07:51:44.227+0000] {logging_mixin.py:149} INFO - [2025-05-06T07:51:44.226+0000] {dag.py:3490} INFO - Setting next_dagrun for example_skip_dag to 2025-05-05T07:51:44.226690+00:00, run_after=2025-05-06T07:51:44.226690+00:00
[2025-05-06T07:51:44.245+0000] {processor.py:179} INFO - Processing /home/airflow/.local/lib/python3.7/site-packages/airflow/example_dags/example_skip_dag.py took 0.070 seconds
