[2025-05-06T07:35:17.727+0000] {processor.py:157} INFO - Started process (PID=57) to work on /home/airflow/.local/lib/python3.7/site-packages/airflow/example_dags/example_dag_decorator.py
[2025-05-06T07:35:17.729+0000] {processor.py:826} INFO - Processing file /home/airflow/.local/lib/python3.7/site-packages/airflow/example_dags/example_dag_decorator.py for tasks to queue
[2025-05-06T07:35:17.730+0000] {logging_mixin.py:149} INFO - [2025-05-06T07:35:17.730+0000] {dagbag.py:541} INFO - Filling up the DagBag from /home/airflow/.local/lib/python3.7/site-packages/airflow/example_dags/example_dag_decorator.py
[2025-05-06T07:35:17.738+0000] {logging_mixin.py:149} INFO - [2025-05-06T07:35:17.738+0000] {taskmixin.py:211} WARNING - Dependency <Task(_PythonDecoratedOperator): prepare_email>, send_email already registered for DAG: example_dag_decorator
[2025-05-06T07:35:17.738+0000] {logging_mixin.py:149} INFO - [2025-05-06T07:35:17.738+0000] {taskmixin.py:211} WARNING - Dependency <Task(EmailOperator): send_email>, prepare_email already registered for DAG: example_dag_decorator
[2025-05-06T07:35:17.754+0000] {processor.py:836} INFO - DAG(s) dict_keys(['example_dag_decorator']) retrieved from /home/airflow/.local/lib/python3.7/site-packages/airflow/example_dags/example_dag_decorator.py
[2025-05-06T07:35:17.768+0000] {logging_mixin.py:149} INFO - [2025-05-06T07:35:17.768+0000] {dag.py:2726} INFO - Sync 1 DAGs
[2025-05-06T07:35:17.796+0000] {logging_mixin.py:149} INFO - [2025-05-06T07:35:17.795+0000] {dag.py:3490} INFO - Setting next_dagrun for example_dag_decorator to None, run_after=None
[2025-05-06T07:35:17.822+0000] {processor.py:179} INFO - Processing /home/airflow/.local/lib/python3.7/site-packages/airflow/example_dags/example_dag_decorator.py took 0.101 seconds
[2025-05-06T07:35:47.948+0000] {processor.py:157} INFO - Started process (PID=121) to work on /home/airflow/.local/lib/python3.7/site-packages/airflow/example_dags/example_dag_decorator.py
[2025-05-06T07:35:47.949+0000] {processor.py:826} INFO - Processing file /home/airflow/.local/lib/python3.7/site-packages/airflow/example_dags/example_dag_decorator.py for tasks to queue
[2025-05-06T07:35:47.950+0000] {logging_mixin.py:149} INFO - [2025-05-06T07:35:47.950+0000] {dagbag.py:541} INFO - Filling up the DagBag from /home/airflow/.local/lib/python3.7/site-packages/airflow/example_dags/example_dag_decorator.py
[2025-05-06T07:35:47.956+0000] {logging_mixin.py:149} INFO - [2025-05-06T07:35:47.956+0000] {taskmixin.py:211} WARNING - Dependency <Task(_PythonDecoratedOperator): prepare_email>, send_email already registered for DAG: example_dag_decorator
[2025-05-06T07:35:47.956+0000] {logging_mixin.py:149} INFO - [2025-05-06T07:35:47.956+0000] {taskmixin.py:211} WARNING - Dependency <Task(EmailOperator): send_email>, prepare_email already registered for DAG: example_dag_decorator
[2025-05-06T07:35:47.966+0000] {processor.py:836} INFO - DAG(s) dict_keys(['example_dag_decorator']) retrieved from /home/airflow/.local/lib/python3.7/site-packages/airflow/example_dags/example_dag_decorator.py
[2025-05-06T07:35:48.027+0000] {logging_mixin.py:149} INFO - [2025-05-06T07:35:48.027+0000] {dag.py:2726} INFO - Sync 1 DAGs
[2025-05-06T07:35:48.047+0000] {logging_mixin.py:149} INFO - [2025-05-06T07:35:48.047+0000] {dag.py:3490} INFO - Setting next_dagrun for example_dag_decorator to None, run_after=None
[2025-05-06T07:35:48.067+0000] {processor.py:179} INFO - Processing /home/airflow/.local/lib/python3.7/site-packages/airflow/example_dags/example_dag_decorator.py took 0.122 seconds
[2025-05-06T07:36:18.472+0000] {processor.py:157} INFO - Started process (PID=206) to work on /home/airflow/.local/lib/python3.7/site-packages/airflow/example_dags/example_dag_decorator.py
[2025-05-06T07:36:18.473+0000] {processor.py:826} INFO - Processing file /home/airflow/.local/lib/python3.7/site-packages/airflow/example_dags/example_dag_decorator.py for tasks to queue
[2025-05-06T07:36:18.474+0000] {logging_mixin.py:149} INFO - [2025-05-06T07:36:18.474+0000] {dagbag.py:541} INFO - Filling up the DagBag from /home/airflow/.local/lib/python3.7/site-packages/airflow/example_dags/example_dag_decorator.py
[2025-05-06T07:36:18.480+0000] {logging_mixin.py:149} INFO - [2025-05-06T07:36:18.480+0000] {taskmixin.py:211} WARNING - Dependency <Task(_PythonDecoratedOperator): prepare_email>, send_email already registered for DAG: example_dag_decorator
[2025-05-06T07:36:18.480+0000] {logging_mixin.py:149} INFO - [2025-05-06T07:36:18.480+0000] {taskmixin.py:211} WARNING - Dependency <Task(EmailOperator): send_email>, prepare_email already registered for DAG: example_dag_decorator
[2025-05-06T07:36:18.488+0000] {processor.py:836} INFO - DAG(s) dict_keys(['example_dag_decorator']) retrieved from /home/airflow/.local/lib/python3.7/site-packages/airflow/example_dags/example_dag_decorator.py
[2025-05-06T07:36:18.547+0000] {logging_mixin.py:149} INFO - [2025-05-06T07:36:18.547+0000] {dag.py:2726} INFO - Sync 1 DAGs
[2025-05-06T07:36:18.568+0000] {logging_mixin.py:149} INFO - [2025-05-06T07:36:18.568+0000] {dag.py:3490} INFO - Setting next_dagrun for example_dag_decorator to None, run_after=None
[2025-05-06T07:36:18.591+0000] {processor.py:179} INFO - Processing /home/airflow/.local/lib/python3.7/site-packages/airflow/example_dags/example_dag_decorator.py took 0.122 seconds
[2025-05-06T07:36:49.461+0000] {processor.py:157} INFO - Started process (PID=283) to work on /home/airflow/.local/lib/python3.7/site-packages/airflow/example_dags/example_dag_decorator.py
[2025-05-06T07:36:49.465+0000] {processor.py:826} INFO - Processing file /home/airflow/.local/lib/python3.7/site-packages/airflow/example_dags/example_dag_decorator.py for tasks to queue
[2025-05-06T07:36:49.467+0000] {logging_mixin.py:149} INFO - [2025-05-06T07:36:49.466+0000] {dagbag.py:541} INFO - Filling up the DagBag from /home/airflow/.local/lib/python3.7/site-packages/airflow/example_dags/example_dag_decorator.py
[2025-05-06T07:36:49.487+0000] {logging_mixin.py:149} INFO - [2025-05-06T07:36:49.487+0000] {taskmixin.py:211} WARNING - Dependency <Task(_PythonDecoratedOperator): prepare_email>, send_email already registered for DAG: example_dag_decorator
[2025-05-06T07:36:49.488+0000] {logging_mixin.py:149} INFO - [2025-05-06T07:36:49.488+0000] {taskmixin.py:211} WARNING - Dependency <Task(EmailOperator): send_email>, prepare_email already registered for DAG: example_dag_decorator
[2025-05-06T07:36:49.515+0000] {processor.py:836} INFO - DAG(s) dict_keys(['example_dag_decorator']) retrieved from /home/airflow/.local/lib/python3.7/site-packages/airflow/example_dags/example_dag_decorator.py
[2025-05-06T07:36:49.608+0000] {logging_mixin.py:149} INFO - [2025-05-06T07:36:49.607+0000] {dag.py:2726} INFO - Sync 1 DAGs
[2025-05-06T07:36:49.655+0000] {logging_mixin.py:149} INFO - [2025-05-06T07:36:49.655+0000] {dag.py:3490} INFO - Setting next_dagrun for example_dag_decorator to None, run_after=None
[2025-05-06T07:36:49.694+0000] {processor.py:179} INFO - Processing /home/airflow/.local/lib/python3.7/site-packages/airflow/example_dags/example_dag_decorator.py took 0.244 seconds
[2025-05-06T07:37:19.755+0000] {processor.py:157} INFO - Started process (PID=360) to work on /home/airflow/.local/lib/python3.7/site-packages/airflow/example_dags/example_dag_decorator.py
[2025-05-06T07:37:19.757+0000] {processor.py:826} INFO - Processing file /home/airflow/.local/lib/python3.7/site-packages/airflow/example_dags/example_dag_decorator.py for tasks to queue
[2025-05-06T07:37:19.758+0000] {logging_mixin.py:149} INFO - [2025-05-06T07:37:19.758+0000] {dagbag.py:541} INFO - Filling up the DagBag from /home/airflow/.local/lib/python3.7/site-packages/airflow/example_dags/example_dag_decorator.py
[2025-05-06T07:37:19.765+0000] {logging_mixin.py:149} INFO - [2025-05-06T07:37:19.765+0000] {taskmixin.py:211} WARNING - Dependency <Task(_PythonDecoratedOperator): prepare_email>, send_email already registered for DAG: example_dag_decorator
[2025-05-06T07:37:19.765+0000] {logging_mixin.py:149} INFO - [2025-05-06T07:37:19.765+0000] {taskmixin.py:211} WARNING - Dependency <Task(EmailOperator): send_email>, prepare_email already registered for DAG: example_dag_decorator
[2025-05-06T07:37:19.774+0000] {processor.py:836} INFO - DAG(s) dict_keys(['example_dag_decorator']) retrieved from /home/airflow/.local/lib/python3.7/site-packages/airflow/example_dags/example_dag_decorator.py
[2025-05-06T07:37:19.806+0000] {logging_mixin.py:149} INFO - [2025-05-06T07:37:19.806+0000] {dag.py:2726} INFO - Sync 1 DAGs
[2025-05-06T07:37:19.833+0000] {logging_mixin.py:149} INFO - [2025-05-06T07:37:19.833+0000] {dag.py:3490} INFO - Setting next_dagrun for example_dag_decorator to None, run_after=None
[2025-05-06T07:37:19.855+0000] {processor.py:179} INFO - Processing /home/airflow/.local/lib/python3.7/site-packages/airflow/example_dags/example_dag_decorator.py took 0.103 seconds
[2025-05-06T07:37:50.752+0000] {processor.py:157} INFO - Started process (PID=437) to work on /home/airflow/.local/lib/python3.7/site-packages/airflow/example_dags/example_dag_decorator.py
[2025-05-06T07:37:50.753+0000] {processor.py:826} INFO - Processing file /home/airflow/.local/lib/python3.7/site-packages/airflow/example_dags/example_dag_decorator.py for tasks to queue
[2025-05-06T07:37:50.753+0000] {logging_mixin.py:149} INFO - [2025-05-06T07:37:50.753+0000] {dagbag.py:541} INFO - Filling up the DagBag from /home/airflow/.local/lib/python3.7/site-packages/airflow/example_dags/example_dag_decorator.py
[2025-05-06T07:37:50.758+0000] {logging_mixin.py:149} INFO - [2025-05-06T07:37:50.758+0000] {taskmixin.py:211} WARNING - Dependency <Task(_PythonDecoratedOperator): prepare_email>, send_email already registered for DAG: example_dag_decorator
[2025-05-06T07:37:50.759+0000] {logging_mixin.py:149} INFO - [2025-05-06T07:37:50.759+0000] {taskmixin.py:211} WARNING - Dependency <Task(EmailOperator): send_email>, prepare_email already registered for DAG: example_dag_decorator
[2025-05-06T07:37:50.766+0000] {processor.py:836} INFO - DAG(s) dict_keys(['example_dag_decorator']) retrieved from /home/airflow/.local/lib/python3.7/site-packages/airflow/example_dags/example_dag_decorator.py
[2025-05-06T07:37:50.790+0000] {logging_mixin.py:149} INFO - [2025-05-06T07:37:50.790+0000] {dag.py:2726} INFO - Sync 1 DAGs
[2025-05-06T07:37:50.810+0000] {logging_mixin.py:149} INFO - [2025-05-06T07:37:50.810+0000] {dag.py:3490} INFO - Setting next_dagrun for example_dag_decorator to None, run_after=None
[2025-05-06T07:37:50.831+0000] {processor.py:179} INFO - Processing /home/airflow/.local/lib/python3.7/site-packages/airflow/example_dags/example_dag_decorator.py took 0.082 seconds
[2025-05-06T07:38:21.556+0000] {processor.py:157} INFO - Started process (PID=514) to work on /home/airflow/.local/lib/python3.7/site-packages/airflow/example_dags/example_dag_decorator.py
[2025-05-06T07:38:21.558+0000] {processor.py:826} INFO - Processing file /home/airflow/.local/lib/python3.7/site-packages/airflow/example_dags/example_dag_decorator.py for tasks to queue
[2025-05-06T07:38:21.559+0000] {logging_mixin.py:149} INFO - [2025-05-06T07:38:21.558+0000] {dagbag.py:541} INFO - Filling up the DagBag from /home/airflow/.local/lib/python3.7/site-packages/airflow/example_dags/example_dag_decorator.py
[2025-05-06T07:38:21.566+0000] {logging_mixin.py:149} INFO - [2025-05-06T07:38:21.566+0000] {taskmixin.py:211} WARNING - Dependency <Task(_PythonDecoratedOperator): prepare_email>, send_email already registered for DAG: example_dag_decorator
[2025-05-06T07:38:21.567+0000] {logging_mixin.py:149} INFO - [2025-05-06T07:38:21.567+0000] {taskmixin.py:211} WARNING - Dependency <Task(EmailOperator): send_email>, prepare_email already registered for DAG: example_dag_decorator
[2025-05-06T07:38:21.577+0000] {processor.py:836} INFO - DAG(s) dict_keys(['example_dag_decorator']) retrieved from /home/airflow/.local/lib/python3.7/site-packages/airflow/example_dags/example_dag_decorator.py
[2025-05-06T07:38:21.614+0000] {logging_mixin.py:149} INFO - [2025-05-06T07:38:21.614+0000] {dag.py:2726} INFO - Sync 1 DAGs
[2025-05-06T07:38:21.648+0000] {logging_mixin.py:149} INFO - [2025-05-06T07:38:21.648+0000] {dag.py:3490} INFO - Setting next_dagrun for example_dag_decorator to None, run_after=None
[2025-05-06T07:38:21.676+0000] {processor.py:179} INFO - Processing /home/airflow/.local/lib/python3.7/site-packages/airflow/example_dags/example_dag_decorator.py took 0.124 seconds
[2025-05-06T07:38:52.263+0000] {processor.py:157} INFO - Started process (PID=591) to work on /home/airflow/.local/lib/python3.7/site-packages/airflow/example_dags/example_dag_decorator.py
[2025-05-06T07:38:52.264+0000] {processor.py:826} INFO - Processing file /home/airflow/.local/lib/python3.7/site-packages/airflow/example_dags/example_dag_decorator.py for tasks to queue
[2025-05-06T07:38:52.264+0000] {logging_mixin.py:149} INFO - [2025-05-06T07:38:52.264+0000] {dagbag.py:541} INFO - Filling up the DagBag from /home/airflow/.local/lib/python3.7/site-packages/airflow/example_dags/example_dag_decorator.py
[2025-05-06T07:38:52.270+0000] {logging_mixin.py:149} INFO - [2025-05-06T07:38:52.270+0000] {taskmixin.py:211} WARNING - Dependency <Task(_PythonDecoratedOperator): prepare_email>, send_email already registered for DAG: example_dag_decorator
[2025-05-06T07:38:52.270+0000] {logging_mixin.py:149} INFO - [2025-05-06T07:38:52.270+0000] {taskmixin.py:211} WARNING - Dependency <Task(EmailOperator): send_email>, prepare_email already registered for DAG: example_dag_decorator
[2025-05-06T07:38:52.277+0000] {processor.py:836} INFO - DAG(s) dict_keys(['example_dag_decorator']) retrieved from /home/airflow/.local/lib/python3.7/site-packages/airflow/example_dags/example_dag_decorator.py
[2025-05-06T07:38:52.302+0000] {logging_mixin.py:149} INFO - [2025-05-06T07:38:52.302+0000] {dag.py:2726} INFO - Sync 1 DAGs
[2025-05-06T07:38:52.322+0000] {logging_mixin.py:149} INFO - [2025-05-06T07:38:52.322+0000] {dag.py:3490} INFO - Setting next_dagrun for example_dag_decorator to None, run_after=None
[2025-05-06T07:38:52.339+0000] {processor.py:179} INFO - Processing /home/airflow/.local/lib/python3.7/site-packages/airflow/example_dags/example_dag_decorator.py took 0.079 seconds
[2025-05-06T07:39:22.399+0000] {processor.py:157} INFO - Started process (PID=668) to work on /home/airflow/.local/lib/python3.7/site-packages/airflow/example_dags/example_dag_decorator.py
[2025-05-06T07:39:22.400+0000] {processor.py:826} INFO - Processing file /home/airflow/.local/lib/python3.7/site-packages/airflow/example_dags/example_dag_decorator.py for tasks to queue
[2025-05-06T07:39:22.401+0000] {logging_mixin.py:149} INFO - [2025-05-06T07:39:22.401+0000] {dagbag.py:541} INFO - Filling up the DagBag from /home/airflow/.local/lib/python3.7/site-packages/airflow/example_dags/example_dag_decorator.py
[2025-05-06T07:39:22.406+0000] {logging_mixin.py:149} INFO - [2025-05-06T07:39:22.406+0000] {taskmixin.py:211} WARNING - Dependency <Task(_PythonDecoratedOperator): prepare_email>, send_email already registered for DAG: example_dag_decorator
[2025-05-06T07:39:22.406+0000] {logging_mixin.py:149} INFO - [2025-05-06T07:39:22.406+0000] {taskmixin.py:211} WARNING - Dependency <Task(EmailOperator): send_email>, prepare_email already registered for DAG: example_dag_decorator
[2025-05-06T07:39:22.413+0000] {processor.py:836} INFO - DAG(s) dict_keys(['example_dag_decorator']) retrieved from /home/airflow/.local/lib/python3.7/site-packages/airflow/example_dags/example_dag_decorator.py
[2025-05-06T07:39:22.437+0000] {logging_mixin.py:149} INFO - [2025-05-06T07:39:22.437+0000] {dag.py:2726} INFO - Sync 1 DAGs
[2025-05-06T07:39:22.458+0000] {logging_mixin.py:149} INFO - [2025-05-06T07:39:22.458+0000] {dag.py:3490} INFO - Setting next_dagrun for example_dag_decorator to None, run_after=None
[2025-05-06T07:39:22.475+0000] {processor.py:179} INFO - Processing /home/airflow/.local/lib/python3.7/site-packages/airflow/example_dags/example_dag_decorator.py took 0.078 seconds
[2025-05-06T07:39:52.957+0000] {processor.py:157} INFO - Started process (PID=745) to work on /home/airflow/.local/lib/python3.7/site-packages/airflow/example_dags/example_dag_decorator.py
[2025-05-06T07:39:52.958+0000] {processor.py:826} INFO - Processing file /home/airflow/.local/lib/python3.7/site-packages/airflow/example_dags/example_dag_decorator.py for tasks to queue
[2025-05-06T07:39:52.959+0000] {logging_mixin.py:149} INFO - [2025-05-06T07:39:52.958+0000] {dagbag.py:541} INFO - Filling up the DagBag from /home/airflow/.local/lib/python3.7/site-packages/airflow/example_dags/example_dag_decorator.py
[2025-05-06T07:39:52.964+0000] {logging_mixin.py:149} INFO - [2025-05-06T07:39:52.964+0000] {taskmixin.py:211} WARNING - Dependency <Task(_PythonDecoratedOperator): prepare_email>, send_email already registered for DAG: example_dag_decorator
[2025-05-06T07:39:52.964+0000] {logging_mixin.py:149} INFO - [2025-05-06T07:39:52.964+0000] {taskmixin.py:211} WARNING - Dependency <Task(EmailOperator): send_email>, prepare_email already registered for DAG: example_dag_decorator
[2025-05-06T07:39:52.970+0000] {processor.py:836} INFO - DAG(s) dict_keys(['example_dag_decorator']) retrieved from /home/airflow/.local/lib/python3.7/site-packages/airflow/example_dags/example_dag_decorator.py
[2025-05-06T07:39:53.024+0000] {logging_mixin.py:149} INFO - [2025-05-06T07:39:53.023+0000] {dag.py:2726} INFO - Sync 1 DAGs
[2025-05-06T07:39:53.042+0000] {logging_mixin.py:149} INFO - [2025-05-06T07:39:53.041+0000] {dag.py:3490} INFO - Setting next_dagrun for example_dag_decorator to None, run_after=None
[2025-05-06T07:39:53.059+0000] {processor.py:179} INFO - Processing /home/airflow/.local/lib/python3.7/site-packages/airflow/example_dags/example_dag_decorator.py took 0.105 seconds
[2025-05-06T07:40:23.616+0000] {processor.py:157} INFO - Started process (PID=822) to work on /home/airflow/.local/lib/python3.7/site-packages/airflow/example_dags/example_dag_decorator.py
[2025-05-06T07:40:23.617+0000] {processor.py:826} INFO - Processing file /home/airflow/.local/lib/python3.7/site-packages/airflow/example_dags/example_dag_decorator.py for tasks to queue
[2025-05-06T07:40:23.618+0000] {logging_mixin.py:149} INFO - [2025-05-06T07:40:23.618+0000] {dagbag.py:541} INFO - Filling up the DagBag from /home/airflow/.local/lib/python3.7/site-packages/airflow/example_dags/example_dag_decorator.py
[2025-05-06T07:40:23.623+0000] {logging_mixin.py:149} INFO - [2025-05-06T07:40:23.623+0000] {taskmixin.py:211} WARNING - Dependency <Task(_PythonDecoratedOperator): prepare_email>, send_email already registered for DAG: example_dag_decorator
[2025-05-06T07:40:23.624+0000] {logging_mixin.py:149} INFO - [2025-05-06T07:40:23.624+0000] {taskmixin.py:211} WARNING - Dependency <Task(EmailOperator): send_email>, prepare_email already registered for DAG: example_dag_decorator
[2025-05-06T07:40:23.630+0000] {processor.py:836} INFO - DAG(s) dict_keys(['example_dag_decorator']) retrieved from /home/airflow/.local/lib/python3.7/site-packages/airflow/example_dags/example_dag_decorator.py
[2025-05-06T07:40:23.684+0000] {logging_mixin.py:149} INFO - [2025-05-06T07:40:23.684+0000] {dag.py:2726} INFO - Sync 1 DAGs
[2025-05-06T07:40:23.703+0000] {logging_mixin.py:149} INFO - [2025-05-06T07:40:23.703+0000] {dag.py:3490} INFO - Setting next_dagrun for example_dag_decorator to None, run_after=None
[2025-05-06T07:40:23.721+0000] {processor.py:179} INFO - Processing /home/airflow/.local/lib/python3.7/site-packages/airflow/example_dags/example_dag_decorator.py took 0.108 seconds
[2025-05-06T07:40:54.069+0000] {processor.py:157} INFO - Started process (PID=899) to work on /home/airflow/.local/lib/python3.7/site-packages/airflow/example_dags/example_dag_decorator.py
[2025-05-06T07:40:54.070+0000] {processor.py:826} INFO - Processing file /home/airflow/.local/lib/python3.7/site-packages/airflow/example_dags/example_dag_decorator.py for tasks to queue
[2025-05-06T07:40:54.070+0000] {logging_mixin.py:149} INFO - [2025-05-06T07:40:54.070+0000] {dagbag.py:541} INFO - Filling up the DagBag from /home/airflow/.local/lib/python3.7/site-packages/airflow/example_dags/example_dag_decorator.py
[2025-05-06T07:40:54.075+0000] {logging_mixin.py:149} INFO - [2025-05-06T07:40:54.075+0000] {taskmixin.py:211} WARNING - Dependency <Task(_PythonDecoratedOperator): prepare_email>, send_email already registered for DAG: example_dag_decorator
[2025-05-06T07:40:54.076+0000] {logging_mixin.py:149} INFO - [2025-05-06T07:40:54.075+0000] {taskmixin.py:211} WARNING - Dependency <Task(EmailOperator): send_email>, prepare_email already registered for DAG: example_dag_decorator
[2025-05-06T07:40:54.082+0000] {processor.py:836} INFO - DAG(s) dict_keys(['example_dag_decorator']) retrieved from /home/airflow/.local/lib/python3.7/site-packages/airflow/example_dags/example_dag_decorator.py
[2025-05-06T07:40:54.136+0000] {logging_mixin.py:149} INFO - [2025-05-06T07:40:54.136+0000] {dag.py:2726} INFO - Sync 1 DAGs
[2025-05-06T07:40:54.158+0000] {logging_mixin.py:149} INFO - [2025-05-06T07:40:54.157+0000] {dag.py:3490} INFO - Setting next_dagrun for example_dag_decorator to None, run_after=None
[2025-05-06T07:40:54.177+0000] {processor.py:179} INFO - Processing /home/airflow/.local/lib/python3.7/site-packages/airflow/example_dags/example_dag_decorator.py took 0.111 seconds
[2025-05-06T07:41:24.497+0000] {processor.py:157} INFO - Started process (PID=976) to work on /home/airflow/.local/lib/python3.7/site-packages/airflow/example_dags/example_dag_decorator.py
[2025-05-06T07:41:24.498+0000] {processor.py:826} INFO - Processing file /home/airflow/.local/lib/python3.7/site-packages/airflow/example_dags/example_dag_decorator.py for tasks to queue
[2025-05-06T07:41:24.499+0000] {logging_mixin.py:149} INFO - [2025-05-06T07:41:24.498+0000] {dagbag.py:541} INFO - Filling up the DagBag from /home/airflow/.local/lib/python3.7/site-packages/airflow/example_dags/example_dag_decorator.py
[2025-05-06T07:41:24.504+0000] {logging_mixin.py:149} INFO - [2025-05-06T07:41:24.504+0000] {taskmixin.py:211} WARNING - Dependency <Task(_PythonDecoratedOperator): prepare_email>, send_email already registered for DAG: example_dag_decorator
[2025-05-06T07:41:24.504+0000] {logging_mixin.py:149} INFO - [2025-05-06T07:41:24.504+0000] {taskmixin.py:211} WARNING - Dependency <Task(EmailOperator): send_email>, prepare_email already registered for DAG: example_dag_decorator
[2025-05-06T07:41:24.510+0000] {processor.py:836} INFO - DAG(s) dict_keys(['example_dag_decorator']) retrieved from /home/airflow/.local/lib/python3.7/site-packages/airflow/example_dags/example_dag_decorator.py
[2025-05-06T07:41:24.565+0000] {logging_mixin.py:149} INFO - [2025-05-06T07:41:24.565+0000] {dag.py:2726} INFO - Sync 1 DAGs
[2025-05-06T07:41:24.584+0000] {logging_mixin.py:149} INFO - [2025-05-06T07:41:24.584+0000] {dag.py:3490} INFO - Setting next_dagrun for example_dag_decorator to None, run_after=None
[2025-05-06T07:41:24.603+0000] {processor.py:179} INFO - Processing /home/airflow/.local/lib/python3.7/site-packages/airflow/example_dags/example_dag_decorator.py took 0.109 seconds
[2025-05-06T07:41:55.043+0000] {processor.py:157} INFO - Started process (PID=1053) to work on /home/airflow/.local/lib/python3.7/site-packages/airflow/example_dags/example_dag_decorator.py
[2025-05-06T07:41:55.044+0000] {processor.py:826} INFO - Processing file /home/airflow/.local/lib/python3.7/site-packages/airflow/example_dags/example_dag_decorator.py for tasks to queue
[2025-05-06T07:41:55.045+0000] {logging_mixin.py:149} INFO - [2025-05-06T07:41:55.044+0000] {dagbag.py:541} INFO - Filling up the DagBag from /home/airflow/.local/lib/python3.7/site-packages/airflow/example_dags/example_dag_decorator.py
[2025-05-06T07:41:55.050+0000] {logging_mixin.py:149} INFO - [2025-05-06T07:41:55.050+0000] {taskmixin.py:211} WARNING - Dependency <Task(_PythonDecoratedOperator): prepare_email>, send_email already registered for DAG: example_dag_decorator
[2025-05-06T07:41:55.050+0000] {logging_mixin.py:149} INFO - [2025-05-06T07:41:55.050+0000] {taskmixin.py:211} WARNING - Dependency <Task(EmailOperator): send_email>, prepare_email already registered for DAG: example_dag_decorator
[2025-05-06T07:41:55.056+0000] {processor.py:836} INFO - DAG(s) dict_keys(['example_dag_decorator']) retrieved from /home/airflow/.local/lib/python3.7/site-packages/airflow/example_dags/example_dag_decorator.py
[2025-05-06T07:41:55.112+0000] {logging_mixin.py:149} INFO - [2025-05-06T07:41:55.112+0000] {dag.py:2726} INFO - Sync 1 DAGs
[2025-05-06T07:41:55.130+0000] {logging_mixin.py:149} INFO - [2025-05-06T07:41:55.130+0000] {dag.py:3490} INFO - Setting next_dagrun for example_dag_decorator to None, run_after=None
[2025-05-06T07:41:55.149+0000] {processor.py:179} INFO - Processing /home/airflow/.local/lib/python3.7/site-packages/airflow/example_dags/example_dag_decorator.py took 0.109 seconds
[2025-05-06T07:42:25.641+0000] {processor.py:157} INFO - Started process (PID=1130) to work on /home/airflow/.local/lib/python3.7/site-packages/airflow/example_dags/example_dag_decorator.py
[2025-05-06T07:42:25.643+0000] {processor.py:826} INFO - Processing file /home/airflow/.local/lib/python3.7/site-packages/airflow/example_dags/example_dag_decorator.py for tasks to queue
[2025-05-06T07:42:25.645+0000] {logging_mixin.py:149} INFO - [2025-05-06T07:42:25.644+0000] {dagbag.py:541} INFO - Filling up the DagBag from /home/airflow/.local/lib/python3.7/site-packages/airflow/example_dags/example_dag_decorator.py
[2025-05-06T07:42:25.655+0000] {logging_mixin.py:149} INFO - [2025-05-06T07:42:25.654+0000] {taskmixin.py:211} WARNING - Dependency <Task(_PythonDecoratedOperator): prepare_email>, send_email already registered for DAG: example_dag_decorator
[2025-05-06T07:42:25.655+0000] {logging_mixin.py:149} INFO - [2025-05-06T07:42:25.655+0000] {taskmixin.py:211} WARNING - Dependency <Task(EmailOperator): send_email>, prepare_email already registered for DAG: example_dag_decorator
[2025-05-06T07:42:25.666+0000] {processor.py:836} INFO - DAG(s) dict_keys(['example_dag_decorator']) retrieved from /home/airflow/.local/lib/python3.7/site-packages/airflow/example_dags/example_dag_decorator.py
[2025-05-06T07:42:25.751+0000] {logging_mixin.py:149} INFO - [2025-05-06T07:42:25.750+0000] {dag.py:2726} INFO - Sync 1 DAGs
[2025-05-06T07:42:25.797+0000] {logging_mixin.py:149} INFO - [2025-05-06T07:42:25.796+0000] {dag.py:3490} INFO - Setting next_dagrun for example_dag_decorator to None, run_after=None
[2025-05-06T07:42:25.835+0000] {processor.py:179} INFO - Processing /home/airflow/.local/lib/python3.7/site-packages/airflow/example_dags/example_dag_decorator.py took 0.199 seconds
[2025-05-06T07:42:56.069+0000] {processor.py:157} INFO - Started process (PID=1207) to work on /home/airflow/.local/lib/python3.7/site-packages/airflow/example_dags/example_dag_decorator.py
[2025-05-06T07:42:56.071+0000] {processor.py:826} INFO - Processing file /home/airflow/.local/lib/python3.7/site-packages/airflow/example_dags/example_dag_decorator.py for tasks to queue
[2025-05-06T07:42:56.071+0000] {logging_mixin.py:149} INFO - [2025-05-06T07:42:56.071+0000] {dagbag.py:541} INFO - Filling up the DagBag from /home/airflow/.local/lib/python3.7/site-packages/airflow/example_dags/example_dag_decorator.py
[2025-05-06T07:42:56.076+0000] {logging_mixin.py:149} INFO - [2025-05-06T07:42:56.076+0000] {taskmixin.py:211} WARNING - Dependency <Task(_PythonDecoratedOperator): prepare_email>, send_email already registered for DAG: example_dag_decorator
[2025-05-06T07:42:56.076+0000] {logging_mixin.py:149} INFO - [2025-05-06T07:42:56.076+0000] {taskmixin.py:211} WARNING - Dependency <Task(EmailOperator): send_email>, prepare_email already registered for DAG: example_dag_decorator
[2025-05-06T07:42:56.083+0000] {processor.py:836} INFO - DAG(s) dict_keys(['example_dag_decorator']) retrieved from /home/airflow/.local/lib/python3.7/site-packages/airflow/example_dags/example_dag_decorator.py
[2025-05-06T07:42:56.138+0000] {logging_mixin.py:149} INFO - [2025-05-06T07:42:56.138+0000] {dag.py:2726} INFO - Sync 1 DAGs
[2025-05-06T07:42:56.159+0000] {logging_mixin.py:149} INFO - [2025-05-06T07:42:56.159+0000] {dag.py:3490} INFO - Setting next_dagrun for example_dag_decorator to None, run_after=None
[2025-05-06T07:42:56.178+0000] {processor.py:179} INFO - Processing /home/airflow/.local/lib/python3.7/site-packages/airflow/example_dags/example_dag_decorator.py took 0.111 seconds
[2025-05-06T07:43:26.572+0000] {processor.py:157} INFO - Started process (PID=1284) to work on /home/airflow/.local/lib/python3.7/site-packages/airflow/example_dags/example_dag_decorator.py
[2025-05-06T07:43:26.573+0000] {processor.py:826} INFO - Processing file /home/airflow/.local/lib/python3.7/site-packages/airflow/example_dags/example_dag_decorator.py for tasks to queue
[2025-05-06T07:43:26.573+0000] {logging_mixin.py:149} INFO - [2025-05-06T07:43:26.573+0000] {dagbag.py:541} INFO - Filling up the DagBag from /home/airflow/.local/lib/python3.7/site-packages/airflow/example_dags/example_dag_decorator.py
[2025-05-06T07:43:26.579+0000] {logging_mixin.py:149} INFO - [2025-05-06T07:43:26.579+0000] {taskmixin.py:211} WARNING - Dependency <Task(_PythonDecoratedOperator): prepare_email>, send_email already registered for DAG: example_dag_decorator
[2025-05-06T07:43:26.579+0000] {logging_mixin.py:149} INFO - [2025-05-06T07:43:26.579+0000] {taskmixin.py:211} WARNING - Dependency <Task(EmailOperator): send_email>, prepare_email already registered for DAG: example_dag_decorator
[2025-05-06T07:43:26.585+0000] {processor.py:836} INFO - DAG(s) dict_keys(['example_dag_decorator']) retrieved from /home/airflow/.local/lib/python3.7/site-packages/airflow/example_dags/example_dag_decorator.py
[2025-05-06T07:43:26.637+0000] {logging_mixin.py:149} INFO - [2025-05-06T07:43:26.636+0000] {dag.py:2726} INFO - Sync 1 DAGs
[2025-05-06T07:43:26.654+0000] {logging_mixin.py:149} INFO - [2025-05-06T07:43:26.654+0000] {dag.py:3490} INFO - Setting next_dagrun for example_dag_decorator to None, run_after=None
[2025-05-06T07:43:26.672+0000] {processor.py:179} INFO - Processing /home/airflow/.local/lib/python3.7/site-packages/airflow/example_dags/example_dag_decorator.py took 0.103 seconds
[2025-05-06T07:43:57.170+0000] {processor.py:157} INFO - Started process (PID=1361) to work on /home/airflow/.local/lib/python3.7/site-packages/airflow/example_dags/example_dag_decorator.py
[2025-05-06T07:43:57.171+0000] {processor.py:826} INFO - Processing file /home/airflow/.local/lib/python3.7/site-packages/airflow/example_dags/example_dag_decorator.py for tasks to queue
[2025-05-06T07:43:57.171+0000] {logging_mixin.py:149} INFO - [2025-05-06T07:43:57.171+0000] {dagbag.py:541} INFO - Filling up the DagBag from /home/airflow/.local/lib/python3.7/site-packages/airflow/example_dags/example_dag_decorator.py
[2025-05-06T07:43:57.177+0000] {logging_mixin.py:149} INFO - [2025-05-06T07:43:57.176+0000] {taskmixin.py:211} WARNING - Dependency <Task(_PythonDecoratedOperator): prepare_email>, send_email already registered for DAG: example_dag_decorator
[2025-05-06T07:43:57.177+0000] {logging_mixin.py:149} INFO - [2025-05-06T07:43:57.177+0000] {taskmixin.py:211} WARNING - Dependency <Task(EmailOperator): send_email>, prepare_email already registered for DAG: example_dag_decorator
[2025-05-06T07:43:57.183+0000] {processor.py:836} INFO - DAG(s) dict_keys(['example_dag_decorator']) retrieved from /home/airflow/.local/lib/python3.7/site-packages/airflow/example_dags/example_dag_decorator.py
[2025-05-06T07:43:57.248+0000] {logging_mixin.py:149} INFO - [2025-05-06T07:43:57.248+0000] {dag.py:2726} INFO - Sync 1 DAGs
[2025-05-06T07:43:57.274+0000] {logging_mixin.py:149} INFO - [2025-05-06T07:43:57.273+0000] {dag.py:3490} INFO - Setting next_dagrun for example_dag_decorator to None, run_after=None
[2025-05-06T07:43:57.295+0000] {processor.py:179} INFO - Processing /home/airflow/.local/lib/python3.7/site-packages/airflow/example_dags/example_dag_decorator.py took 0.128 seconds
[2025-05-06T07:44:27.836+0000] {processor.py:157} INFO - Started process (PID=1438) to work on /home/airflow/.local/lib/python3.7/site-packages/airflow/example_dags/example_dag_decorator.py
[2025-05-06T07:44:27.837+0000] {processor.py:826} INFO - Processing file /home/airflow/.local/lib/python3.7/site-packages/airflow/example_dags/example_dag_decorator.py for tasks to queue
[2025-05-06T07:44:27.837+0000] {logging_mixin.py:149} INFO - [2025-05-06T07:44:27.837+0000] {dagbag.py:541} INFO - Filling up the DagBag from /home/airflow/.local/lib/python3.7/site-packages/airflow/example_dags/example_dag_decorator.py
[2025-05-06T07:44:27.843+0000] {logging_mixin.py:149} INFO - [2025-05-06T07:44:27.843+0000] {taskmixin.py:211} WARNING - Dependency <Task(_PythonDecoratedOperator): prepare_email>, send_email already registered for DAG: example_dag_decorator
[2025-05-06T07:44:27.843+0000] {logging_mixin.py:149} INFO - [2025-05-06T07:44:27.843+0000] {taskmixin.py:211} WARNING - Dependency <Task(EmailOperator): send_email>, prepare_email already registered for DAG: example_dag_decorator
[2025-05-06T07:44:27.850+0000] {processor.py:836} INFO - DAG(s) dict_keys(['example_dag_decorator']) retrieved from /home/airflow/.local/lib/python3.7/site-packages/airflow/example_dags/example_dag_decorator.py
[2025-05-06T07:44:27.911+0000] {logging_mixin.py:149} INFO - [2025-05-06T07:44:27.911+0000] {dag.py:2726} INFO - Sync 1 DAGs
[2025-05-06T07:44:27.933+0000] {logging_mixin.py:149} INFO - [2025-05-06T07:44:27.933+0000] {dag.py:3490} INFO - Setting next_dagrun for example_dag_decorator to None, run_after=None
[2025-05-06T07:44:27.958+0000] {processor.py:179} INFO - Processing /home/airflow/.local/lib/python3.7/site-packages/airflow/example_dags/example_dag_decorator.py took 0.125 seconds
[2025-05-06T07:44:58.094+0000] {processor.py:157} INFO - Started process (PID=1515) to work on /home/airflow/.local/lib/python3.7/site-packages/airflow/example_dags/example_dag_decorator.py
[2025-05-06T07:44:58.095+0000] {processor.py:826} INFO - Processing file /home/airflow/.local/lib/python3.7/site-packages/airflow/example_dags/example_dag_decorator.py for tasks to queue
[2025-05-06T07:44:58.096+0000] {logging_mixin.py:149} INFO - [2025-05-06T07:44:58.096+0000] {dagbag.py:541} INFO - Filling up the DagBag from /home/airflow/.local/lib/python3.7/site-packages/airflow/example_dags/example_dag_decorator.py
[2025-05-06T07:44:58.101+0000] {logging_mixin.py:149} INFO - [2025-05-06T07:44:58.101+0000] {taskmixin.py:211} WARNING - Dependency <Task(_PythonDecoratedOperator): prepare_email>, send_email already registered for DAG: example_dag_decorator
[2025-05-06T07:44:58.101+0000] {logging_mixin.py:149} INFO - [2025-05-06T07:44:58.101+0000] {taskmixin.py:211} WARNING - Dependency <Task(EmailOperator): send_email>, prepare_email already registered for DAG: example_dag_decorator
[2025-05-06T07:44:58.108+0000] {processor.py:836} INFO - DAG(s) dict_keys(['example_dag_decorator']) retrieved from /home/airflow/.local/lib/python3.7/site-packages/airflow/example_dags/example_dag_decorator.py
[2025-05-06T07:44:58.161+0000] {logging_mixin.py:149} INFO - [2025-05-06T07:44:58.161+0000] {dag.py:2726} INFO - Sync 1 DAGs
[2025-05-06T07:44:58.179+0000] {logging_mixin.py:149} INFO - [2025-05-06T07:44:58.179+0000] {dag.py:3490} INFO - Setting next_dagrun for example_dag_decorator to None, run_after=None
[2025-05-06T07:44:58.196+0000] {processor.py:179} INFO - Processing /home/airflow/.local/lib/python3.7/site-packages/airflow/example_dags/example_dag_decorator.py took 0.104 seconds
[2025-05-06T07:45:28.694+0000] {processor.py:157} INFO - Started process (PID=1592) to work on /home/airflow/.local/lib/python3.7/site-packages/airflow/example_dags/example_dag_decorator.py
[2025-05-06T07:45:28.696+0000] {processor.py:826} INFO - Processing file /home/airflow/.local/lib/python3.7/site-packages/airflow/example_dags/example_dag_decorator.py for tasks to queue
[2025-05-06T07:45:28.696+0000] {logging_mixin.py:149} INFO - [2025-05-06T07:45:28.696+0000] {dagbag.py:541} INFO - Filling up the DagBag from /home/airflow/.local/lib/python3.7/site-packages/airflow/example_dags/example_dag_decorator.py
[2025-05-06T07:45:28.702+0000] {logging_mixin.py:149} INFO - [2025-05-06T07:45:28.701+0000] {taskmixin.py:211} WARNING - Dependency <Task(_PythonDecoratedOperator): prepare_email>, send_email already registered for DAG: example_dag_decorator
[2025-05-06T07:45:28.702+0000] {logging_mixin.py:149} INFO - [2025-05-06T07:45:28.702+0000] {taskmixin.py:211} WARNING - Dependency <Task(EmailOperator): send_email>, prepare_email already registered for DAG: example_dag_decorator
[2025-05-06T07:45:28.708+0000] {processor.py:836} INFO - DAG(s) dict_keys(['example_dag_decorator']) retrieved from /home/airflow/.local/lib/python3.7/site-packages/airflow/example_dags/example_dag_decorator.py
[2025-05-06T07:45:28.764+0000] {logging_mixin.py:149} INFO - [2025-05-06T07:45:28.763+0000] {dag.py:2726} INFO - Sync 1 DAGs
[2025-05-06T07:45:28.781+0000] {logging_mixin.py:149} INFO - [2025-05-06T07:45:28.781+0000] {dag.py:3490} INFO - Setting next_dagrun for example_dag_decorator to None, run_after=None
[2025-05-06T07:45:28.800+0000] {processor.py:179} INFO - Processing /home/airflow/.local/lib/python3.7/site-packages/airflow/example_dags/example_dag_decorator.py took 0.108 seconds
[2025-05-06T07:45:59.360+0000] {processor.py:157} INFO - Started process (PID=1670) to work on /home/airflow/.local/lib/python3.7/site-packages/airflow/example_dags/example_dag_decorator.py
[2025-05-06T07:45:59.361+0000] {processor.py:826} INFO - Processing file /home/airflow/.local/lib/python3.7/site-packages/airflow/example_dags/example_dag_decorator.py for tasks to queue
[2025-05-06T07:45:59.362+0000] {logging_mixin.py:149} INFO - [2025-05-06T07:45:59.362+0000] {dagbag.py:541} INFO - Filling up the DagBag from /home/airflow/.local/lib/python3.7/site-packages/airflow/example_dags/example_dag_decorator.py
[2025-05-06T07:45:59.368+0000] {logging_mixin.py:149} INFO - [2025-05-06T07:45:59.368+0000] {taskmixin.py:211} WARNING - Dependency <Task(_PythonDecoratedOperator): prepare_email>, send_email already registered for DAG: example_dag_decorator
[2025-05-06T07:45:59.368+0000] {logging_mixin.py:149} INFO - [2025-05-06T07:45:59.368+0000] {taskmixin.py:211} WARNING - Dependency <Task(EmailOperator): send_email>, prepare_email already registered for DAG: example_dag_decorator
[2025-05-06T07:45:59.375+0000] {processor.py:836} INFO - DAG(s) dict_keys(['example_dag_decorator']) retrieved from /home/airflow/.local/lib/python3.7/site-packages/airflow/example_dags/example_dag_decorator.py
[2025-05-06T07:45:59.434+0000] {logging_mixin.py:149} INFO - [2025-05-06T07:45:59.434+0000] {dag.py:2726} INFO - Sync 1 DAGs
[2025-05-06T07:45:59.456+0000] {logging_mixin.py:149} INFO - [2025-05-06T07:45:59.456+0000] {dag.py:3490} INFO - Setting next_dagrun for example_dag_decorator to None, run_after=None
[2025-05-06T07:45:59.476+0000] {processor.py:179} INFO - Processing /home/airflow/.local/lib/python3.7/site-packages/airflow/example_dags/example_dag_decorator.py took 0.119 seconds
[2025-05-06T07:46:29.888+0000] {processor.py:157} INFO - Started process (PID=1747) to work on /home/airflow/.local/lib/python3.7/site-packages/airflow/example_dags/example_dag_decorator.py
[2025-05-06T07:46:29.888+0000] {processor.py:826} INFO - Processing file /home/airflow/.local/lib/python3.7/site-packages/airflow/example_dags/example_dag_decorator.py for tasks to queue
[2025-05-06T07:46:29.889+0000] {logging_mixin.py:149} INFO - [2025-05-06T07:46:29.889+0000] {dagbag.py:541} INFO - Filling up the DagBag from /home/airflow/.local/lib/python3.7/site-packages/airflow/example_dags/example_dag_decorator.py
[2025-05-06T07:46:29.896+0000] {logging_mixin.py:149} INFO - [2025-05-06T07:46:29.895+0000] {taskmixin.py:211} WARNING - Dependency <Task(_PythonDecoratedOperator): prepare_email>, send_email already registered for DAG: example_dag_decorator
[2025-05-06T07:46:29.896+0000] {logging_mixin.py:149} INFO - [2025-05-06T07:46:29.896+0000] {taskmixin.py:211} WARNING - Dependency <Task(EmailOperator): send_email>, prepare_email already registered for DAG: example_dag_decorator
[2025-05-06T07:46:29.903+0000] {processor.py:836} INFO - DAG(s) dict_keys(['example_dag_decorator']) retrieved from /home/airflow/.local/lib/python3.7/site-packages/airflow/example_dags/example_dag_decorator.py
[2025-05-06T07:46:29.965+0000] {logging_mixin.py:149} INFO - [2025-05-06T07:46:29.965+0000] {dag.py:2726} INFO - Sync 1 DAGs
[2025-05-06T07:46:29.985+0000] {logging_mixin.py:149} INFO - [2025-05-06T07:46:29.985+0000] {dag.py:3490} INFO - Setting next_dagrun for example_dag_decorator to None, run_after=None
[2025-05-06T07:46:30.002+0000] {processor.py:179} INFO - Processing /home/airflow/.local/lib/python3.7/site-packages/airflow/example_dags/example_dag_decorator.py took 0.118 seconds
[2025-05-06T07:47:00.629+0000] {processor.py:157} INFO - Started process (PID=1824) to work on /home/airflow/.local/lib/python3.7/site-packages/airflow/example_dags/example_dag_decorator.py
[2025-05-06T07:47:00.630+0000] {processor.py:826} INFO - Processing file /home/airflow/.local/lib/python3.7/site-packages/airflow/example_dags/example_dag_decorator.py for tasks to queue
[2025-05-06T07:47:00.630+0000] {logging_mixin.py:149} INFO - [2025-05-06T07:47:00.630+0000] {dagbag.py:541} INFO - Filling up the DagBag from /home/airflow/.local/lib/python3.7/site-packages/airflow/example_dags/example_dag_decorator.py
[2025-05-06T07:47:00.636+0000] {logging_mixin.py:149} INFO - [2025-05-06T07:47:00.636+0000] {taskmixin.py:211} WARNING - Dependency <Task(_PythonDecoratedOperator): prepare_email>, send_email already registered for DAG: example_dag_decorator
[2025-05-06T07:47:00.636+0000] {logging_mixin.py:149} INFO - [2025-05-06T07:47:00.636+0000] {taskmixin.py:211} WARNING - Dependency <Task(EmailOperator): send_email>, prepare_email already registered for DAG: example_dag_decorator
[2025-05-06T07:47:00.643+0000] {processor.py:836} INFO - DAG(s) dict_keys(['example_dag_decorator']) retrieved from /home/airflow/.local/lib/python3.7/site-packages/airflow/example_dags/example_dag_decorator.py
[2025-05-06T07:47:00.698+0000] {logging_mixin.py:149} INFO - [2025-05-06T07:47:00.698+0000] {dag.py:2726} INFO - Sync 1 DAGs
[2025-05-06T07:47:00.716+0000] {logging_mixin.py:149} INFO - [2025-05-06T07:47:00.716+0000] {dag.py:3490} INFO - Setting next_dagrun for example_dag_decorator to None, run_after=None
[2025-05-06T07:47:00.733+0000] {processor.py:179} INFO - Processing /home/airflow/.local/lib/python3.7/site-packages/airflow/example_dags/example_dag_decorator.py took 0.108 seconds
[2025-05-06T07:47:30.773+0000] {processor.py:157} INFO - Started process (PID=1901) to work on /home/airflow/.local/lib/python3.7/site-packages/airflow/example_dags/example_dag_decorator.py
[2025-05-06T07:47:30.774+0000] {processor.py:826} INFO - Processing file /home/airflow/.local/lib/python3.7/site-packages/airflow/example_dags/example_dag_decorator.py for tasks to queue
[2025-05-06T07:47:30.774+0000] {logging_mixin.py:149} INFO - [2025-05-06T07:47:30.774+0000] {dagbag.py:541} INFO - Filling up the DagBag from /home/airflow/.local/lib/python3.7/site-packages/airflow/example_dags/example_dag_decorator.py
[2025-05-06T07:47:30.780+0000] {logging_mixin.py:149} INFO - [2025-05-06T07:47:30.780+0000] {taskmixin.py:211} WARNING - Dependency <Task(_PythonDecoratedOperator): prepare_email>, send_email already registered for DAG: example_dag_decorator
[2025-05-06T07:47:30.780+0000] {logging_mixin.py:149} INFO - [2025-05-06T07:47:30.780+0000] {taskmixin.py:211} WARNING - Dependency <Task(EmailOperator): send_email>, prepare_email already registered for DAG: example_dag_decorator
[2025-05-06T07:47:30.787+0000] {processor.py:836} INFO - DAG(s) dict_keys(['example_dag_decorator']) retrieved from /home/airflow/.local/lib/python3.7/site-packages/airflow/example_dags/example_dag_decorator.py
[2025-05-06T07:47:30.840+0000] {logging_mixin.py:149} INFO - [2025-05-06T07:47:30.840+0000] {dag.py:2726} INFO - Sync 1 DAGs
[2025-05-06T07:47:30.860+0000] {logging_mixin.py:149} INFO - [2025-05-06T07:47:30.860+0000] {dag.py:3490} INFO - Setting next_dagrun for example_dag_decorator to None, run_after=None
[2025-05-06T07:47:30.878+0000] {processor.py:179} INFO - Processing /home/airflow/.local/lib/python3.7/site-packages/airflow/example_dags/example_dag_decorator.py took 0.108 seconds
[2025-05-06T07:48:01.433+0000] {processor.py:157} INFO - Started process (PID=1978) to work on /home/airflow/.local/lib/python3.7/site-packages/airflow/example_dags/example_dag_decorator.py
[2025-05-06T07:48:01.434+0000] {processor.py:826} INFO - Processing file /home/airflow/.local/lib/python3.7/site-packages/airflow/example_dags/example_dag_decorator.py for tasks to queue
[2025-05-06T07:48:01.434+0000] {logging_mixin.py:149} INFO - [2025-05-06T07:48:01.434+0000] {dagbag.py:541} INFO - Filling up the DagBag from /home/airflow/.local/lib/python3.7/site-packages/airflow/example_dags/example_dag_decorator.py
[2025-05-06T07:48:01.440+0000] {logging_mixin.py:149} INFO - [2025-05-06T07:48:01.440+0000] {taskmixin.py:211} WARNING - Dependency <Task(_PythonDecoratedOperator): prepare_email>, send_email already registered for DAG: example_dag_decorator
[2025-05-06T07:48:01.440+0000] {logging_mixin.py:149} INFO - [2025-05-06T07:48:01.440+0000] {taskmixin.py:211} WARNING - Dependency <Task(EmailOperator): send_email>, prepare_email already registered for DAG: example_dag_decorator
[2025-05-06T07:48:01.446+0000] {processor.py:836} INFO - DAG(s) dict_keys(['example_dag_decorator']) retrieved from /home/airflow/.local/lib/python3.7/site-packages/airflow/example_dags/example_dag_decorator.py
[2025-05-06T07:48:01.501+0000] {logging_mixin.py:149} INFO - [2025-05-06T07:48:01.501+0000] {dag.py:2726} INFO - Sync 1 DAGs
[2025-05-06T07:48:01.519+0000] {logging_mixin.py:149} INFO - [2025-05-06T07:48:01.519+0000] {dag.py:3490} INFO - Setting next_dagrun for example_dag_decorator to None, run_after=None
[2025-05-06T07:48:01.536+0000] {processor.py:179} INFO - Processing /home/airflow/.local/lib/python3.7/site-packages/airflow/example_dags/example_dag_decorator.py took 0.106 seconds
[2025-05-06T07:48:32.144+0000] {processor.py:157} INFO - Started process (PID=2055) to work on /home/airflow/.local/lib/python3.7/site-packages/airflow/example_dags/example_dag_decorator.py
[2025-05-06T07:48:32.145+0000] {processor.py:826} INFO - Processing file /home/airflow/.local/lib/python3.7/site-packages/airflow/example_dags/example_dag_decorator.py for tasks to queue
[2025-05-06T07:48:32.145+0000] {logging_mixin.py:149} INFO - [2025-05-06T07:48:32.145+0000] {dagbag.py:541} INFO - Filling up the DagBag from /home/airflow/.local/lib/python3.7/site-packages/airflow/example_dags/example_dag_decorator.py
[2025-05-06T07:48:32.151+0000] {logging_mixin.py:149} INFO - [2025-05-06T07:48:32.151+0000] {taskmixin.py:211} WARNING - Dependency <Task(_PythonDecoratedOperator): prepare_email>, send_email already registered for DAG: example_dag_decorator
[2025-05-06T07:48:32.151+0000] {logging_mixin.py:149} INFO - [2025-05-06T07:48:32.151+0000] {taskmixin.py:211} WARNING - Dependency <Task(EmailOperator): send_email>, prepare_email already registered for DAG: example_dag_decorator
[2025-05-06T07:48:32.158+0000] {processor.py:836} INFO - DAG(s) dict_keys(['example_dag_decorator']) retrieved from /home/airflow/.local/lib/python3.7/site-packages/airflow/example_dags/example_dag_decorator.py
[2025-05-06T07:48:32.209+0000] {logging_mixin.py:149} INFO - [2025-05-06T07:48:32.209+0000] {dag.py:2726} INFO - Sync 1 DAGs
[2025-05-06T07:48:32.227+0000] {logging_mixin.py:149} INFO - [2025-05-06T07:48:32.227+0000] {dag.py:3490} INFO - Setting next_dagrun for example_dag_decorator to None, run_after=None
[2025-05-06T07:48:32.245+0000] {processor.py:179} INFO - Processing /home/airflow/.local/lib/python3.7/site-packages/airflow/example_dags/example_dag_decorator.py took 0.104 seconds
[2025-05-06T07:49:02.360+0000] {processor.py:157} INFO - Started process (PID=2132) to work on /home/airflow/.local/lib/python3.7/site-packages/airflow/example_dags/example_dag_decorator.py
[2025-05-06T07:49:02.361+0000] {processor.py:826} INFO - Processing file /home/airflow/.local/lib/python3.7/site-packages/airflow/example_dags/example_dag_decorator.py for tasks to queue
[2025-05-06T07:49:02.362+0000] {logging_mixin.py:149} INFO - [2025-05-06T07:49:02.362+0000] {dagbag.py:541} INFO - Filling up the DagBag from /home/airflow/.local/lib/python3.7/site-packages/airflow/example_dags/example_dag_decorator.py
[2025-05-06T07:49:02.367+0000] {logging_mixin.py:149} INFO - [2025-05-06T07:49:02.367+0000] {taskmixin.py:211} WARNING - Dependency <Task(_PythonDecoratedOperator): prepare_email>, send_email already registered for DAG: example_dag_decorator
[2025-05-06T07:49:02.367+0000] {logging_mixin.py:149} INFO - [2025-05-06T07:49:02.367+0000] {taskmixin.py:211} WARNING - Dependency <Task(EmailOperator): send_email>, prepare_email already registered for DAG: example_dag_decorator
[2025-05-06T07:49:02.374+0000] {processor.py:836} INFO - DAG(s) dict_keys(['example_dag_decorator']) retrieved from /home/airflow/.local/lib/python3.7/site-packages/airflow/example_dags/example_dag_decorator.py
[2025-05-06T07:49:02.426+0000] {logging_mixin.py:149} INFO - [2025-05-06T07:49:02.426+0000] {dag.py:2726} INFO - Sync 1 DAGs
[2025-05-06T07:49:02.443+0000] {logging_mixin.py:149} INFO - [2025-05-06T07:49:02.443+0000] {dag.py:3490} INFO - Setting next_dagrun for example_dag_decorator to None, run_after=None
[2025-05-06T07:49:02.463+0000] {processor.py:179} INFO - Processing /home/airflow/.local/lib/python3.7/site-packages/airflow/example_dags/example_dag_decorator.py took 0.106 seconds
[2025-05-06T07:49:32.559+0000] {processor.py:157} INFO - Started process (PID=2209) to work on /home/airflow/.local/lib/python3.7/site-packages/airflow/example_dags/example_dag_decorator.py
[2025-05-06T07:49:32.560+0000] {processor.py:826} INFO - Processing file /home/airflow/.local/lib/python3.7/site-packages/airflow/example_dags/example_dag_decorator.py for tasks to queue
[2025-05-06T07:49:32.561+0000] {logging_mixin.py:149} INFO - [2025-05-06T07:49:32.561+0000] {dagbag.py:541} INFO - Filling up the DagBag from /home/airflow/.local/lib/python3.7/site-packages/airflow/example_dags/example_dag_decorator.py
[2025-05-06T07:49:32.567+0000] {logging_mixin.py:149} INFO - [2025-05-06T07:49:32.567+0000] {taskmixin.py:211} WARNING - Dependency <Task(_PythonDecoratedOperator): prepare_email>, send_email already registered for DAG: example_dag_decorator
[2025-05-06T07:49:32.567+0000] {logging_mixin.py:149} INFO - [2025-05-06T07:49:32.567+0000] {taskmixin.py:211} WARNING - Dependency <Task(EmailOperator): send_email>, prepare_email already registered for DAG: example_dag_decorator
[2025-05-06T07:49:32.574+0000] {processor.py:836} INFO - DAG(s) dict_keys(['example_dag_decorator']) retrieved from /home/airflow/.local/lib/python3.7/site-packages/airflow/example_dags/example_dag_decorator.py
[2025-05-06T07:49:32.631+0000] {logging_mixin.py:149} INFO - [2025-05-06T07:49:32.631+0000] {dag.py:2726} INFO - Sync 1 DAGs
[2025-05-06T07:49:32.651+0000] {logging_mixin.py:149} INFO - [2025-05-06T07:49:32.651+0000] {dag.py:3490} INFO - Setting next_dagrun for example_dag_decorator to None, run_after=None
[2025-05-06T07:49:32.679+0000] {processor.py:179} INFO - Processing /home/airflow/.local/lib/python3.7/site-packages/airflow/example_dags/example_dag_decorator.py took 0.124 seconds
[2025-05-06T07:50:03.292+0000] {processor.py:157} INFO - Started process (PID=2286) to work on /home/airflow/.local/lib/python3.7/site-packages/airflow/example_dags/example_dag_decorator.py
[2025-05-06T07:50:03.294+0000] {processor.py:826} INFO - Processing file /home/airflow/.local/lib/python3.7/site-packages/airflow/example_dags/example_dag_decorator.py for tasks to queue
[2025-05-06T07:50:03.294+0000] {logging_mixin.py:149} INFO - [2025-05-06T07:50:03.294+0000] {dagbag.py:541} INFO - Filling up the DagBag from /home/airflow/.local/lib/python3.7/site-packages/airflow/example_dags/example_dag_decorator.py
[2025-05-06T07:50:03.300+0000] {logging_mixin.py:149} INFO - [2025-05-06T07:50:03.300+0000] {taskmixin.py:211} WARNING - Dependency <Task(_PythonDecoratedOperator): prepare_email>, send_email already registered for DAG: example_dag_decorator
[2025-05-06T07:50:03.300+0000] {logging_mixin.py:149} INFO - [2025-05-06T07:50:03.300+0000] {taskmixin.py:211} WARNING - Dependency <Task(EmailOperator): send_email>, prepare_email already registered for DAG: example_dag_decorator
[2025-05-06T07:50:03.306+0000] {processor.py:836} INFO - DAG(s) dict_keys(['example_dag_decorator']) retrieved from /home/airflow/.local/lib/python3.7/site-packages/airflow/example_dags/example_dag_decorator.py
[2025-05-06T07:50:03.359+0000] {logging_mixin.py:149} INFO - [2025-05-06T07:50:03.359+0000] {dag.py:2726} INFO - Sync 1 DAGs
[2025-05-06T07:50:03.378+0000] {logging_mixin.py:149} INFO - [2025-05-06T07:50:03.378+0000] {dag.py:3490} INFO - Setting next_dagrun for example_dag_decorator to None, run_after=None
[2025-05-06T07:50:03.397+0000] {processor.py:179} INFO - Processing /home/airflow/.local/lib/python3.7/site-packages/airflow/example_dags/example_dag_decorator.py took 0.107 seconds
[2025-05-06T07:50:33.962+0000] {processor.py:157} INFO - Started process (PID=2363) to work on /home/airflow/.local/lib/python3.7/site-packages/airflow/example_dags/example_dag_decorator.py
[2025-05-06T07:50:33.963+0000] {processor.py:826} INFO - Processing file /home/airflow/.local/lib/python3.7/site-packages/airflow/example_dags/example_dag_decorator.py for tasks to queue
[2025-05-06T07:50:33.964+0000] {logging_mixin.py:149} INFO - [2025-05-06T07:50:33.964+0000] {dagbag.py:541} INFO - Filling up the DagBag from /home/airflow/.local/lib/python3.7/site-packages/airflow/example_dags/example_dag_decorator.py
[2025-05-06T07:50:33.969+0000] {logging_mixin.py:149} INFO - [2025-05-06T07:50:33.969+0000] {taskmixin.py:211} WARNING - Dependency <Task(_PythonDecoratedOperator): prepare_email>, send_email already registered for DAG: example_dag_decorator
[2025-05-06T07:50:33.969+0000] {logging_mixin.py:149} INFO - [2025-05-06T07:50:33.969+0000] {taskmixin.py:211} WARNING - Dependency <Task(EmailOperator): send_email>, prepare_email already registered for DAG: example_dag_decorator
[2025-05-06T07:50:33.976+0000] {processor.py:836} INFO - DAG(s) dict_keys(['example_dag_decorator']) retrieved from /home/airflow/.local/lib/python3.7/site-packages/airflow/example_dags/example_dag_decorator.py
[2025-05-06T07:50:34.029+0000] {logging_mixin.py:149} INFO - [2025-05-06T07:50:34.029+0000] {dag.py:2726} INFO - Sync 1 DAGs
[2025-05-06T07:50:34.049+0000] {logging_mixin.py:149} INFO - [2025-05-06T07:50:34.048+0000] {dag.py:3490} INFO - Setting next_dagrun for example_dag_decorator to None, run_after=None
[2025-05-06T07:50:34.067+0000] {processor.py:179} INFO - Processing /home/airflow/.local/lib/python3.7/site-packages/airflow/example_dags/example_dag_decorator.py took 0.108 seconds
[2025-05-06T07:51:04.743+0000] {processor.py:157} INFO - Started process (PID=2440) to work on /home/airflow/.local/lib/python3.7/site-packages/airflow/example_dags/example_dag_decorator.py
[2025-05-06T07:51:04.744+0000] {processor.py:826} INFO - Processing file /home/airflow/.local/lib/python3.7/site-packages/airflow/example_dags/example_dag_decorator.py for tasks to queue
[2025-05-06T07:51:04.745+0000] {logging_mixin.py:149} INFO - [2025-05-06T07:51:04.745+0000] {dagbag.py:541} INFO - Filling up the DagBag from /home/airflow/.local/lib/python3.7/site-packages/airflow/example_dags/example_dag_decorator.py
[2025-05-06T07:51:04.754+0000] {logging_mixin.py:149} INFO - [2025-05-06T07:51:04.754+0000] {taskmixin.py:211} WARNING - Dependency <Task(_PythonDecoratedOperator): prepare_email>, send_email already registered for DAG: example_dag_decorator
[2025-05-06T07:51:04.754+0000] {logging_mixin.py:149} INFO - [2025-05-06T07:51:04.754+0000] {taskmixin.py:211} WARNING - Dependency <Task(EmailOperator): send_email>, prepare_email already registered for DAG: example_dag_decorator
[2025-05-06T07:51:04.763+0000] {processor.py:836} INFO - DAG(s) dict_keys(['example_dag_decorator']) retrieved from /home/airflow/.local/lib/python3.7/site-packages/airflow/example_dags/example_dag_decorator.py
[2025-05-06T07:51:04.834+0000] {logging_mixin.py:149} INFO - [2025-05-06T07:51:04.834+0000] {dag.py:2726} INFO - Sync 1 DAGs
[2025-05-06T07:51:04.854+0000] {logging_mixin.py:149} INFO - [2025-05-06T07:51:04.854+0000] {dag.py:3490} INFO - Setting next_dagrun for example_dag_decorator to None, run_after=None
[2025-05-06T07:51:04.877+0000] {processor.py:179} INFO - Processing /home/airflow/.local/lib/python3.7/site-packages/airflow/example_dags/example_dag_decorator.py took 0.138 seconds
[2025-05-06T07:51:35.262+0000] {processor.py:157} INFO - Started process (PID=2517) to work on /home/airflow/.local/lib/python3.7/site-packages/airflow/example_dags/example_dag_decorator.py
[2025-05-06T07:51:35.263+0000] {processor.py:826} INFO - Processing file /home/airflow/.local/lib/python3.7/site-packages/airflow/example_dags/example_dag_decorator.py for tasks to queue
[2025-05-06T07:51:35.263+0000] {logging_mixin.py:149} INFO - [2025-05-06T07:51:35.263+0000] {dagbag.py:541} INFO - Filling up the DagBag from /home/airflow/.local/lib/python3.7/site-packages/airflow/example_dags/example_dag_decorator.py
[2025-05-06T07:51:35.269+0000] {logging_mixin.py:149} INFO - [2025-05-06T07:51:35.269+0000] {taskmixin.py:211} WARNING - Dependency <Task(_PythonDecoratedOperator): prepare_email>, send_email already registered for DAG: example_dag_decorator
[2025-05-06T07:51:35.270+0000] {logging_mixin.py:149} INFO - [2025-05-06T07:51:35.269+0000] {taskmixin.py:211} WARNING - Dependency <Task(EmailOperator): send_email>, prepare_email already registered for DAG: example_dag_decorator
[2025-05-06T07:51:35.276+0000] {processor.py:836} INFO - DAG(s) dict_keys(['example_dag_decorator']) retrieved from /home/airflow/.local/lib/python3.7/site-packages/airflow/example_dags/example_dag_decorator.py
[2025-05-06T07:51:35.336+0000] {logging_mixin.py:149} INFO - [2025-05-06T07:51:35.336+0000] {dag.py:2726} INFO - Sync 1 DAGs
[2025-05-06T07:51:35.355+0000] {logging_mixin.py:149} INFO - [2025-05-06T07:51:35.355+0000] {dag.py:3490} INFO - Setting next_dagrun for example_dag_decorator to None, run_after=None
[2025-05-06T07:51:35.374+0000] {processor.py:179} INFO - Processing /home/airflow/.local/lib/python3.7/site-packages/airflow/example_dags/example_dag_decorator.py took 0.115 seconds
