[2025-05-06T07:35:20.131+0000] {processor.py:157} INFO - Started process (PID=84) to work on /home/airflow/.local/lib/python3.7/site-packages/airflow/example_dags/example_short_circuit_operator.py
[2025-05-06T07:35:20.132+0000] {processor.py:826} INFO - Processing file /home/airflow/.local/lib/python3.7/site-packages/airflow/example_dags/example_short_circuit_operator.py for tasks to queue
[2025-05-06T07:35:20.133+0000] {logging_mixin.py:149} INFO - [2025-05-06T07:35:20.133+0000] {dagbag.py:541} INFO - Filling up the DagBag from /home/airflow/.local/lib/python3.7/site-packages/airflow/example_dags/example_short_circuit_operator.py
[2025-05-06T07:35:20.148+0000] {processor.py:836} INFO - DAG(s) dict_keys(['example_short_circuit_operator']) retrieved from /home/airflow/.local/lib/python3.7/site-packages/airflow/example_dags/example_short_circuit_operator.py
[2025-05-06T07:35:20.167+0000] {logging_mixin.py:149} INFO - [2025-05-06T07:35:20.166+0000] {dag.py:2726} INFO - Sync 1 DAGs
[2025-05-06T07:35:20.204+0000] {logging_mixin.py:149} INFO - [2025-05-06T07:35:20.204+0000] {dag.py:3490} INFO - Setting next_dagrun for example_short_circuit_operator to 2025-05-05T07:35:20.204363+00:00, run_after=2025-05-06T07:35:20.204363+00:00
[2025-05-06T07:35:20.230+0000] {processor.py:179} INFO - Processing /home/airflow/.local/lib/python3.7/site-packages/airflow/example_dags/example_short_circuit_operator.py took 0.103 seconds
[2025-05-06T07:35:50.474+0000] {processor.py:157} INFO - Started process (PID=162) to work on /home/airflow/.local/lib/python3.7/site-packages/airflow/example_dags/example_short_circuit_operator.py
[2025-05-06T07:35:50.475+0000] {processor.py:826} INFO - Processing file /home/airflow/.local/lib/python3.7/site-packages/airflow/example_dags/example_short_circuit_operator.py for tasks to queue
[2025-05-06T07:35:50.476+0000] {logging_mixin.py:149} INFO - [2025-05-06T07:35:50.476+0000] {dagbag.py:541} INFO - Filling up the DagBag from /home/airflow/.local/lib/python3.7/site-packages/airflow/example_dags/example_short_circuit_operator.py
[2025-05-06T07:35:50.484+0000] {processor.py:836} INFO - DAG(s) dict_keys(['example_short_circuit_operator']) retrieved from /home/airflow/.local/lib/python3.7/site-packages/airflow/example_dags/example_short_circuit_operator.py
[2025-05-06T07:35:50.510+0000] {logging_mixin.py:149} INFO - [2025-05-06T07:35:50.510+0000] {dag.py:2726} INFO - Sync 1 DAGs
[2025-05-06T07:35:50.536+0000] {logging_mixin.py:149} INFO - [2025-05-06T07:35:50.536+0000] {dag.py:3490} INFO - Setting next_dagrun for example_short_circuit_operator to 2025-05-05T07:35:50.535872+00:00, run_after=2025-05-06T07:35:50.535872+00:00
[2025-05-06T07:35:50.556+0000] {processor.py:179} INFO - Processing /home/airflow/.local/lib/python3.7/site-packages/airflow/example_dags/example_short_circuit_operator.py took 0.085 seconds
[2025-05-06T07:36:22.000+0000] {processor.py:157} INFO - Started process (PID=239) to work on /home/airflow/.local/lib/python3.7/site-packages/airflow/example_dags/example_short_circuit_operator.py
[2025-05-06T07:36:22.002+0000] {processor.py:826} INFO - Processing file /home/airflow/.local/lib/python3.7/site-packages/airflow/example_dags/example_short_circuit_operator.py for tasks to queue
[2025-05-06T07:36:22.003+0000] {logging_mixin.py:149} INFO - [2025-05-06T07:36:22.003+0000] {dagbag.py:541} INFO - Filling up the DagBag from /home/airflow/.local/lib/python3.7/site-packages/airflow/example_dags/example_short_circuit_operator.py
[2025-05-06T07:36:22.018+0000] {processor.py:836} INFO - DAG(s) dict_keys(['example_short_circuit_operator']) retrieved from /home/airflow/.local/lib/python3.7/site-packages/airflow/example_dags/example_short_circuit_operator.py
[2025-05-06T07:36:22.087+0000] {logging_mixin.py:149} INFO - [2025-05-06T07:36:22.086+0000] {dag.py:2726} INFO - Sync 1 DAGs
[2025-05-06T07:36:22.142+0000] {logging_mixin.py:149} INFO - [2025-05-06T07:36:22.141+0000] {dag.py:3490} INFO - Setting next_dagrun for example_short_circuit_operator to 2025-05-05T07:36:22.141315+00:00, run_after=2025-05-06T07:36:22.141315+00:00
[2025-05-06T07:36:22.184+0000] {processor.py:179} INFO - Processing /home/airflow/.local/lib/python3.7/site-packages/airflow/example_dags/example_short_circuit_operator.py took 0.191 seconds
[2025-05-06T07:36:53.338+0000] {processor.py:157} INFO - Started process (PID=316) to work on /home/airflow/.local/lib/python3.7/site-packages/airflow/example_dags/example_short_circuit_operator.py
[2025-05-06T07:36:53.341+0000] {processor.py:826} INFO - Processing file /home/airflow/.local/lib/python3.7/site-packages/airflow/example_dags/example_short_circuit_operator.py for tasks to queue
[2025-05-06T07:36:53.342+0000] {logging_mixin.py:149} INFO - [2025-05-06T07:36:53.342+0000] {dagbag.py:541} INFO - Filling up the DagBag from /home/airflow/.local/lib/python3.7/site-packages/airflow/example_dags/example_short_circuit_operator.py
[2025-05-06T07:36:53.362+0000] {processor.py:836} INFO - DAG(s) dict_keys(['example_short_circuit_operator']) retrieved from /home/airflow/.local/lib/python3.7/site-packages/airflow/example_dags/example_short_circuit_operator.py
[2025-05-06T07:36:53.439+0000] {logging_mixin.py:149} INFO - [2025-05-06T07:36:53.439+0000] {dag.py:2726} INFO - Sync 1 DAGs
[2025-05-06T07:36:53.518+0000] {logging_mixin.py:149} INFO - [2025-05-06T07:36:53.517+0000] {dag.py:3490} INFO - Setting next_dagrun for example_short_circuit_operator to 2025-05-05T07:36:53.517128+00:00, run_after=2025-05-06T07:36:53.517128+00:00
[2025-05-06T07:36:53.585+0000] {processor.py:179} INFO - Processing /home/airflow/.local/lib/python3.7/site-packages/airflow/example_dags/example_short_circuit_operator.py took 0.254 seconds
[2025-05-06T07:37:24.111+0000] {processor.py:157} INFO - Started process (PID=393) to work on /home/airflow/.local/lib/python3.7/site-packages/airflow/example_dags/example_short_circuit_operator.py
[2025-05-06T07:37:24.112+0000] {processor.py:826} INFO - Processing file /home/airflow/.local/lib/python3.7/site-packages/airflow/example_dags/example_short_circuit_operator.py for tasks to queue
[2025-05-06T07:37:24.113+0000] {logging_mixin.py:149} INFO - [2025-05-06T07:37:24.113+0000] {dagbag.py:541} INFO - Filling up the DagBag from /home/airflow/.local/lib/python3.7/site-packages/airflow/example_dags/example_short_circuit_operator.py
[2025-05-06T07:37:24.122+0000] {processor.py:836} INFO - DAG(s) dict_keys(['example_short_circuit_operator']) retrieved from /home/airflow/.local/lib/python3.7/site-packages/airflow/example_dags/example_short_circuit_operator.py
[2025-05-06T07:37:24.153+0000] {logging_mixin.py:149} INFO - [2025-05-06T07:37:24.153+0000] {dag.py:2726} INFO - Sync 1 DAGs
[2025-05-06T07:37:24.182+0000] {logging_mixin.py:149} INFO - [2025-05-06T07:37:24.181+0000] {dag.py:3490} INFO - Setting next_dagrun for example_short_circuit_operator to 2025-05-05T07:37:24.181699+00:00, run_after=2025-05-06T07:37:24.181699+00:00
[2025-05-06T07:37:24.205+0000] {processor.py:179} INFO - Processing /home/airflow/.local/lib/python3.7/site-packages/airflow/example_dags/example_short_circuit_operator.py took 0.098 seconds
[2025-05-06T07:37:54.236+0000] {processor.py:157} INFO - Started process (PID=470) to work on /home/airflow/.local/lib/python3.7/site-packages/airflow/example_dags/example_short_circuit_operator.py
[2025-05-06T07:37:54.237+0000] {processor.py:826} INFO - Processing file /home/airflow/.local/lib/python3.7/site-packages/airflow/example_dags/example_short_circuit_operator.py for tasks to queue
[2025-05-06T07:37:54.238+0000] {logging_mixin.py:149} INFO - [2025-05-06T07:37:54.238+0000] {dagbag.py:541} INFO - Filling up the DagBag from /home/airflow/.local/lib/python3.7/site-packages/airflow/example_dags/example_short_circuit_operator.py
[2025-05-06T07:37:54.244+0000] {processor.py:836} INFO - DAG(s) dict_keys(['example_short_circuit_operator']) retrieved from /home/airflow/.local/lib/python3.7/site-packages/airflow/example_dags/example_short_circuit_operator.py
[2025-05-06T07:37:54.267+0000] {logging_mixin.py:149} INFO - [2025-05-06T07:37:54.267+0000] {dag.py:2726} INFO - Sync 1 DAGs
[2025-05-06T07:37:54.290+0000] {logging_mixin.py:149} INFO - [2025-05-06T07:37:54.290+0000] {dag.py:3490} INFO - Setting next_dagrun for example_short_circuit_operator to 2025-05-05T07:37:54.290074+00:00, run_after=2025-05-06T07:37:54.290074+00:00
[2025-05-06T07:37:54.307+0000] {processor.py:179} INFO - Processing /home/airflow/.local/lib/python3.7/site-packages/airflow/example_dags/example_short_circuit_operator.py took 0.074 seconds
[2025-05-06T07:38:25.667+0000] {processor.py:157} INFO - Started process (PID=547) to work on /home/airflow/.local/lib/python3.7/site-packages/airflow/example_dags/example_short_circuit_operator.py
[2025-05-06T07:38:25.669+0000] {processor.py:826} INFO - Processing file /home/airflow/.local/lib/python3.7/site-packages/airflow/example_dags/example_short_circuit_operator.py for tasks to queue
[2025-05-06T07:38:25.670+0000] {logging_mixin.py:149} INFO - [2025-05-06T07:38:25.670+0000] {dagbag.py:541} INFO - Filling up the DagBag from /home/airflow/.local/lib/python3.7/site-packages/airflow/example_dags/example_short_circuit_operator.py
[2025-05-06T07:38:25.680+0000] {processor.py:836} INFO - DAG(s) dict_keys(['example_short_circuit_operator']) retrieved from /home/airflow/.local/lib/python3.7/site-packages/airflow/example_dags/example_short_circuit_operator.py
[2025-05-06T07:38:25.715+0000] {logging_mixin.py:149} INFO - [2025-05-06T07:38:25.715+0000] {dag.py:2726} INFO - Sync 1 DAGs
[2025-05-06T07:38:25.747+0000] {logging_mixin.py:149} INFO - [2025-05-06T07:38:25.747+0000] {dag.py:3490} INFO - Setting next_dagrun for example_short_circuit_operator to 2025-05-05T07:38:25.747383+00:00, run_after=2025-05-06T07:38:25.747383+00:00
[2025-05-06T07:38:25.772+0000] {processor.py:179} INFO - Processing /home/airflow/.local/lib/python3.7/site-packages/airflow/example_dags/example_short_circuit_operator.py took 0.108 seconds
[2025-05-06T07:38:55.802+0000] {processor.py:157} INFO - Started process (PID=624) to work on /home/airflow/.local/lib/python3.7/site-packages/airflow/example_dags/example_short_circuit_operator.py
[2025-05-06T07:38:55.803+0000] {processor.py:826} INFO - Processing file /home/airflow/.local/lib/python3.7/site-packages/airflow/example_dags/example_short_circuit_operator.py for tasks to queue
[2025-05-06T07:38:55.803+0000] {logging_mixin.py:149} INFO - [2025-05-06T07:38:55.803+0000] {dagbag.py:541} INFO - Filling up the DagBag from /home/airflow/.local/lib/python3.7/site-packages/airflow/example_dags/example_short_circuit_operator.py
[2025-05-06T07:38:55.810+0000] {processor.py:836} INFO - DAG(s) dict_keys(['example_short_circuit_operator']) retrieved from /home/airflow/.local/lib/python3.7/site-packages/airflow/example_dags/example_short_circuit_operator.py
[2025-05-06T07:38:55.834+0000] {logging_mixin.py:149} INFO - [2025-05-06T07:38:55.833+0000] {dag.py:2726} INFO - Sync 1 DAGs
[2025-05-06T07:38:55.855+0000] {logging_mixin.py:149} INFO - [2025-05-06T07:38:55.855+0000] {dag.py:3490} INFO - Setting next_dagrun for example_short_circuit_operator to 2025-05-05T07:38:55.854819+00:00, run_after=2025-05-06T07:38:55.854819+00:00
[2025-05-06T07:38:55.872+0000] {processor.py:179} INFO - Processing /home/airflow/.local/lib/python3.7/site-packages/airflow/example_dags/example_short_circuit_operator.py took 0.073 seconds
[2025-05-06T07:39:26.820+0000] {processor.py:157} INFO - Started process (PID=701) to work on /home/airflow/.local/lib/python3.7/site-packages/airflow/example_dags/example_short_circuit_operator.py
[2025-05-06T07:39:26.821+0000] {processor.py:826} INFO - Processing file /home/airflow/.local/lib/python3.7/site-packages/airflow/example_dags/example_short_circuit_operator.py for tasks to queue
[2025-05-06T07:39:26.821+0000] {logging_mixin.py:149} INFO - [2025-05-06T07:39:26.821+0000] {dagbag.py:541} INFO - Filling up the DagBag from /home/airflow/.local/lib/python3.7/site-packages/airflow/example_dags/example_short_circuit_operator.py
[2025-05-06T07:39:26.828+0000] {processor.py:836} INFO - DAG(s) dict_keys(['example_short_circuit_operator']) retrieved from /home/airflow/.local/lib/python3.7/site-packages/airflow/example_dags/example_short_circuit_operator.py
[2025-05-06T07:39:26.854+0000] {logging_mixin.py:149} INFO - [2025-05-06T07:39:26.854+0000] {dag.py:2726} INFO - Sync 1 DAGs
[2025-05-06T07:39:26.877+0000] {logging_mixin.py:149} INFO - [2025-05-06T07:39:26.876+0000] {dag.py:3490} INFO - Setting next_dagrun for example_short_circuit_operator to 2025-05-05T07:39:26.876744+00:00, run_after=2025-05-06T07:39:26.876744+00:00
[2025-05-06T07:39:26.892+0000] {processor.py:179} INFO - Processing /home/airflow/.local/lib/python3.7/site-packages/airflow/example_dags/example_short_circuit_operator.py took 0.075 seconds
[2025-05-06T07:39:57.325+0000] {processor.py:157} INFO - Started process (PID=778) to work on /home/airflow/.local/lib/python3.7/site-packages/airflow/example_dags/example_short_circuit_operator.py
[2025-05-06T07:39:57.326+0000] {processor.py:826} INFO - Processing file /home/airflow/.local/lib/python3.7/site-packages/airflow/example_dags/example_short_circuit_operator.py for tasks to queue
[2025-05-06T07:39:57.327+0000] {logging_mixin.py:149} INFO - [2025-05-06T07:39:57.327+0000] {dagbag.py:541} INFO - Filling up the DagBag from /home/airflow/.local/lib/python3.7/site-packages/airflow/example_dags/example_short_circuit_operator.py
[2025-05-06T07:39:57.333+0000] {processor.py:836} INFO - DAG(s) dict_keys(['example_short_circuit_operator']) retrieved from /home/airflow/.local/lib/python3.7/site-packages/airflow/example_dags/example_short_circuit_operator.py
[2025-05-06T07:39:57.357+0000] {logging_mixin.py:149} INFO - [2025-05-06T07:39:57.357+0000] {dag.py:2726} INFO - Sync 1 DAGs
[2025-05-06T07:39:57.378+0000] {logging_mixin.py:149} INFO - [2025-05-06T07:39:57.378+0000] {dag.py:3490} INFO - Setting next_dagrun for example_short_circuit_operator to 2025-05-05T07:39:57.378387+00:00, run_after=2025-05-06T07:39:57.378387+00:00
[2025-05-06T07:39:57.396+0000] {processor.py:179} INFO - Processing /home/airflow/.local/lib/python3.7/site-packages/airflow/example_dags/example_short_circuit_operator.py took 0.073 seconds
[2025-05-06T07:40:27.912+0000] {processor.py:157} INFO - Started process (PID=855) to work on /home/airflow/.local/lib/python3.7/site-packages/airflow/example_dags/example_short_circuit_operator.py
[2025-05-06T07:40:27.913+0000] {processor.py:826} INFO - Processing file /home/airflow/.local/lib/python3.7/site-packages/airflow/example_dags/example_short_circuit_operator.py for tasks to queue
[2025-05-06T07:40:27.913+0000] {logging_mixin.py:149} INFO - [2025-05-06T07:40:27.913+0000] {dagbag.py:541} INFO - Filling up the DagBag from /home/airflow/.local/lib/python3.7/site-packages/airflow/example_dags/example_short_circuit_operator.py
[2025-05-06T07:40:27.920+0000] {processor.py:836} INFO - DAG(s) dict_keys(['example_short_circuit_operator']) retrieved from /home/airflow/.local/lib/python3.7/site-packages/airflow/example_dags/example_short_circuit_operator.py
[2025-05-06T07:40:27.944+0000] {logging_mixin.py:149} INFO - [2025-05-06T07:40:27.944+0000] {dag.py:2726} INFO - Sync 1 DAGs
[2025-05-06T07:40:27.966+0000] {logging_mixin.py:149} INFO - [2025-05-06T07:40:27.966+0000] {dag.py:3490} INFO - Setting next_dagrun for example_short_circuit_operator to 2025-05-05T07:40:27.965294+00:00, run_after=2025-05-06T07:40:27.965294+00:00
[2025-05-06T07:40:27.984+0000] {processor.py:179} INFO - Processing /home/airflow/.local/lib/python3.7/site-packages/airflow/example_dags/example_short_circuit_operator.py took 0.076 seconds
[2025-05-06T07:40:58.336+0000] {processor.py:157} INFO - Started process (PID=932) to work on /home/airflow/.local/lib/python3.7/site-packages/airflow/example_dags/example_short_circuit_operator.py
[2025-05-06T07:40:58.337+0000] {processor.py:826} INFO - Processing file /home/airflow/.local/lib/python3.7/site-packages/airflow/example_dags/example_short_circuit_operator.py for tasks to queue
[2025-05-06T07:40:58.337+0000] {logging_mixin.py:149} INFO - [2025-05-06T07:40:58.337+0000] {dagbag.py:541} INFO - Filling up the DagBag from /home/airflow/.local/lib/python3.7/site-packages/airflow/example_dags/example_short_circuit_operator.py
[2025-05-06T07:40:58.344+0000] {processor.py:836} INFO - DAG(s) dict_keys(['example_short_circuit_operator']) retrieved from /home/airflow/.local/lib/python3.7/site-packages/airflow/example_dags/example_short_circuit_operator.py
[2025-05-06T07:40:58.368+0000] {logging_mixin.py:149} INFO - [2025-05-06T07:40:58.368+0000] {dag.py:2726} INFO - Sync 1 DAGs
[2025-05-06T07:40:58.388+0000] {logging_mixin.py:149} INFO - [2025-05-06T07:40:58.388+0000] {dag.py:3490} INFO - Setting next_dagrun for example_short_circuit_operator to 2025-05-05T07:40:58.388312+00:00, run_after=2025-05-06T07:40:58.388312+00:00
[2025-05-06T07:40:58.408+0000] {processor.py:179} INFO - Processing /home/airflow/.local/lib/python3.7/site-packages/airflow/example_dags/example_short_circuit_operator.py took 0.075 seconds
[2025-05-06T07:41:28.831+0000] {processor.py:157} INFO - Started process (PID=1009) to work on /home/airflow/.local/lib/python3.7/site-packages/airflow/example_dags/example_short_circuit_operator.py
[2025-05-06T07:41:28.832+0000] {processor.py:826} INFO - Processing file /home/airflow/.local/lib/python3.7/site-packages/airflow/example_dags/example_short_circuit_operator.py for tasks to queue
[2025-05-06T07:41:28.833+0000] {logging_mixin.py:149} INFO - [2025-05-06T07:41:28.833+0000] {dagbag.py:541} INFO - Filling up the DagBag from /home/airflow/.local/lib/python3.7/site-packages/airflow/example_dags/example_short_circuit_operator.py
[2025-05-06T07:41:28.840+0000] {processor.py:836} INFO - DAG(s) dict_keys(['example_short_circuit_operator']) retrieved from /home/airflow/.local/lib/python3.7/site-packages/airflow/example_dags/example_short_circuit_operator.py
[2025-05-06T07:41:28.863+0000] {logging_mixin.py:149} INFO - [2025-05-06T07:41:28.862+0000] {dag.py:2726} INFO - Sync 1 DAGs
[2025-05-06T07:41:28.884+0000] {logging_mixin.py:149} INFO - [2025-05-06T07:41:28.884+0000] {dag.py:3490} INFO - Setting next_dagrun for example_short_circuit_operator to 2025-05-05T07:41:28.883921+00:00, run_after=2025-05-06T07:41:28.883921+00:00
[2025-05-06T07:41:28.902+0000] {processor.py:179} INFO - Processing /home/airflow/.local/lib/python3.7/site-packages/airflow/example_dags/example_short_circuit_operator.py took 0.073 seconds
[2025-05-06T07:41:59.393+0000] {processor.py:157} INFO - Started process (PID=1086) to work on /home/airflow/.local/lib/python3.7/site-packages/airflow/example_dags/example_short_circuit_operator.py
[2025-05-06T07:41:59.394+0000] {processor.py:826} INFO - Processing file /home/airflow/.local/lib/python3.7/site-packages/airflow/example_dags/example_short_circuit_operator.py for tasks to queue
[2025-05-06T07:41:59.394+0000] {logging_mixin.py:149} INFO - [2025-05-06T07:41:59.394+0000] {dagbag.py:541} INFO - Filling up the DagBag from /home/airflow/.local/lib/python3.7/site-packages/airflow/example_dags/example_short_circuit_operator.py
[2025-05-06T07:41:59.402+0000] {processor.py:836} INFO - DAG(s) dict_keys(['example_short_circuit_operator']) retrieved from /home/airflow/.local/lib/python3.7/site-packages/airflow/example_dags/example_short_circuit_operator.py
[2025-05-06T07:41:59.424+0000] {logging_mixin.py:149} INFO - [2025-05-06T07:41:59.424+0000] {dag.py:2726} INFO - Sync 1 DAGs
[2025-05-06T07:41:59.445+0000] {logging_mixin.py:149} INFO - [2025-05-06T07:41:59.445+0000] {dag.py:3490} INFO - Setting next_dagrun for example_short_circuit_operator to 2025-05-05T07:41:59.445182+00:00, run_after=2025-05-06T07:41:59.445182+00:00
[2025-05-06T07:41:59.462+0000] {processor.py:179} INFO - Processing /home/airflow/.local/lib/python3.7/site-packages/airflow/example_dags/example_short_circuit_operator.py took 0.072 seconds
[2025-05-06T07:42:30.727+0000] {processor.py:157} INFO - Started process (PID=1163) to work on /home/airflow/.local/lib/python3.7/site-packages/airflow/example_dags/example_short_circuit_operator.py
[2025-05-06T07:42:30.729+0000] {processor.py:826} INFO - Processing file /home/airflow/.local/lib/python3.7/site-packages/airflow/example_dags/example_short_circuit_operator.py for tasks to queue
[2025-05-06T07:42:30.729+0000] {logging_mixin.py:149} INFO - [2025-05-06T07:42:30.729+0000] {dagbag.py:541} INFO - Filling up the DagBag from /home/airflow/.local/lib/python3.7/site-packages/airflow/example_dags/example_short_circuit_operator.py
[2025-05-06T07:42:30.739+0000] {processor.py:836} INFO - DAG(s) dict_keys(['example_short_circuit_operator']) retrieved from /home/airflow/.local/lib/python3.7/site-packages/airflow/example_dags/example_short_circuit_operator.py
[2025-05-06T07:42:30.768+0000] {logging_mixin.py:149} INFO - [2025-05-06T07:42:30.768+0000] {dag.py:2726} INFO - Sync 1 DAGs
[2025-05-06T07:42:30.796+0000] {logging_mixin.py:149} INFO - [2025-05-06T07:42:30.796+0000] {dag.py:3490} INFO - Setting next_dagrun for example_short_circuit_operator to 2025-05-05T07:42:30.796131+00:00, run_after=2025-05-06T07:42:30.796131+00:00
[2025-05-06T07:42:30.821+0000] {processor.py:179} INFO - Processing /home/airflow/.local/lib/python3.7/site-packages/airflow/example_dags/example_short_circuit_operator.py took 0.097 seconds
[2025-05-06T07:43:01.433+0000] {processor.py:157} INFO - Started process (PID=1240) to work on /home/airflow/.local/lib/python3.7/site-packages/airflow/example_dags/example_short_circuit_operator.py
[2025-05-06T07:43:01.434+0000] {processor.py:826} INFO - Processing file /home/airflow/.local/lib/python3.7/site-packages/airflow/example_dags/example_short_circuit_operator.py for tasks to queue
[2025-05-06T07:43:01.434+0000] {logging_mixin.py:149} INFO - [2025-05-06T07:43:01.434+0000] {dagbag.py:541} INFO - Filling up the DagBag from /home/airflow/.local/lib/python3.7/site-packages/airflow/example_dags/example_short_circuit_operator.py
[2025-05-06T07:43:01.441+0000] {processor.py:836} INFO - DAG(s) dict_keys(['example_short_circuit_operator']) retrieved from /home/airflow/.local/lib/python3.7/site-packages/airflow/example_dags/example_short_circuit_operator.py
[2025-05-06T07:43:01.465+0000] {logging_mixin.py:149} INFO - [2025-05-06T07:43:01.465+0000] {dag.py:2726} INFO - Sync 1 DAGs
[2025-05-06T07:43:01.486+0000] {logging_mixin.py:149} INFO - [2025-05-06T07:43:01.485+0000] {dag.py:3490} INFO - Setting next_dagrun for example_short_circuit_operator to 2025-05-05T07:43:01.485715+00:00, run_after=2025-05-06T07:43:01.485715+00:00
[2025-05-06T07:43:01.503+0000] {processor.py:179} INFO - Processing /home/airflow/.local/lib/python3.7/site-packages/airflow/example_dags/example_short_circuit_operator.py took 0.073 seconds
[2025-05-06T07:43:31.962+0000] {processor.py:157} INFO - Started process (PID=1317) to work on /home/airflow/.local/lib/python3.7/site-packages/airflow/example_dags/example_short_circuit_operator.py
[2025-05-06T07:43:31.963+0000] {processor.py:826} INFO - Processing file /home/airflow/.local/lib/python3.7/site-packages/airflow/example_dags/example_short_circuit_operator.py for tasks to queue
[2025-05-06T07:43:31.964+0000] {logging_mixin.py:149} INFO - [2025-05-06T07:43:31.964+0000] {dagbag.py:541} INFO - Filling up the DagBag from /home/airflow/.local/lib/python3.7/site-packages/airflow/example_dags/example_short_circuit_operator.py
[2025-05-06T07:43:31.971+0000] {processor.py:836} INFO - DAG(s) dict_keys(['example_short_circuit_operator']) retrieved from /home/airflow/.local/lib/python3.7/site-packages/airflow/example_dags/example_short_circuit_operator.py
[2025-05-06T07:43:31.994+0000] {logging_mixin.py:149} INFO - [2025-05-06T07:43:31.994+0000] {dag.py:2726} INFO - Sync 1 DAGs
[2025-05-06T07:43:32.015+0000] {logging_mixin.py:149} INFO - [2025-05-06T07:43:32.015+0000] {dag.py:3490} INFO - Setting next_dagrun for example_short_circuit_operator to 2025-05-05T07:43:32.015076+00:00, run_after=2025-05-06T07:43:32.015076+00:00
[2025-05-06T07:43:32.033+0000] {processor.py:179} INFO - Processing /home/airflow/.local/lib/python3.7/site-packages/airflow/example_dags/example_short_circuit_operator.py took 0.074 seconds
[2025-05-06T07:44:03.145+0000] {processor.py:157} INFO - Started process (PID=1394) to work on /home/airflow/.local/lib/python3.7/site-packages/airflow/example_dags/example_short_circuit_operator.py
[2025-05-06T07:44:03.146+0000] {processor.py:826} INFO - Processing file /home/airflow/.local/lib/python3.7/site-packages/airflow/example_dags/example_short_circuit_operator.py for tasks to queue
[2025-05-06T07:44:03.147+0000] {logging_mixin.py:149} INFO - [2025-05-06T07:44:03.147+0000] {dagbag.py:541} INFO - Filling up the DagBag from /home/airflow/.local/lib/python3.7/site-packages/airflow/example_dags/example_short_circuit_operator.py
[2025-05-06T07:44:03.159+0000] {processor.py:836} INFO - DAG(s) dict_keys(['example_short_circuit_operator']) retrieved from /home/airflow/.local/lib/python3.7/site-packages/airflow/example_dags/example_short_circuit_operator.py
[2025-05-06T07:44:03.216+0000] {logging_mixin.py:149} INFO - [2025-05-06T07:44:03.216+0000] {dag.py:2726} INFO - Sync 1 DAGs
[2025-05-06T07:44:03.305+0000] {logging_mixin.py:149} INFO - [2025-05-06T07:44:03.304+0000] {dag.py:3490} INFO - Setting next_dagrun for example_short_circuit_operator to 2025-05-05T07:44:03.304480+00:00, run_after=2025-05-06T07:44:03.304480+00:00
[2025-05-06T07:44:03.353+0000] {processor.py:179} INFO - Processing /home/airflow/.local/lib/python3.7/site-packages/airflow/example_dags/example_short_circuit_operator.py took 0.213 seconds
[2025-05-06T07:44:34.128+0000] {processor.py:157} INFO - Started process (PID=1471) to work on /home/airflow/.local/lib/python3.7/site-packages/airflow/example_dags/example_short_circuit_operator.py
[2025-05-06T07:44:34.129+0000] {processor.py:826} INFO - Processing file /home/airflow/.local/lib/python3.7/site-packages/airflow/example_dags/example_short_circuit_operator.py for tasks to queue
[2025-05-06T07:44:34.130+0000] {logging_mixin.py:149} INFO - [2025-05-06T07:44:34.130+0000] {dagbag.py:541} INFO - Filling up the DagBag from /home/airflow/.local/lib/python3.7/site-packages/airflow/example_dags/example_short_circuit_operator.py
[2025-05-06T07:44:34.138+0000] {processor.py:836} INFO - DAG(s) dict_keys(['example_short_circuit_operator']) retrieved from /home/airflow/.local/lib/python3.7/site-packages/airflow/example_dags/example_short_circuit_operator.py
[2025-05-06T07:44:34.169+0000] {logging_mixin.py:149} INFO - [2025-05-06T07:44:34.169+0000] {dag.py:2726} INFO - Sync 1 DAGs
[2025-05-06T07:44:34.196+0000] {logging_mixin.py:149} INFO - [2025-05-06T07:44:34.196+0000] {dag.py:3490} INFO - Setting next_dagrun for example_short_circuit_operator to 2025-05-05T07:44:34.195927+00:00, run_after=2025-05-06T07:44:34.195927+00:00
[2025-05-06T07:44:34.220+0000] {processor.py:179} INFO - Processing /home/airflow/.local/lib/python3.7/site-packages/airflow/example_dags/example_short_circuit_operator.py took 0.096 seconds
[2025-05-06T07:45:04.555+0000] {processor.py:157} INFO - Started process (PID=1548) to work on /home/airflow/.local/lib/python3.7/site-packages/airflow/example_dags/example_short_circuit_operator.py
[2025-05-06T07:45:04.557+0000] {processor.py:826} INFO - Processing file /home/airflow/.local/lib/python3.7/site-packages/airflow/example_dags/example_short_circuit_operator.py for tasks to queue
[2025-05-06T07:45:04.557+0000] {logging_mixin.py:149} INFO - [2025-05-06T07:45:04.557+0000] {dagbag.py:541} INFO - Filling up the DagBag from /home/airflow/.local/lib/python3.7/site-packages/airflow/example_dags/example_short_circuit_operator.py
[2025-05-06T07:45:04.564+0000] {processor.py:836} INFO - DAG(s) dict_keys(['example_short_circuit_operator']) retrieved from /home/airflow/.local/lib/python3.7/site-packages/airflow/example_dags/example_short_circuit_operator.py
[2025-05-06T07:45:04.587+0000] {logging_mixin.py:149} INFO - [2025-05-06T07:45:04.587+0000] {dag.py:2726} INFO - Sync 1 DAGs
[2025-05-06T07:45:04.610+0000] {logging_mixin.py:149} INFO - [2025-05-06T07:45:04.610+0000] {dag.py:3490} INFO - Setting next_dagrun for example_short_circuit_operator to 2025-05-05T07:45:04.610418+00:00, run_after=2025-05-06T07:45:04.610418+00:00
[2025-05-06T07:45:04.628+0000] {processor.py:179} INFO - Processing /home/airflow/.local/lib/python3.7/site-packages/airflow/example_dags/example_short_circuit_operator.py took 0.075 seconds
[2025-05-06T07:45:35.147+0000] {processor.py:157} INFO - Started process (PID=1625) to work on /home/airflow/.local/lib/python3.7/site-packages/airflow/example_dags/example_short_circuit_operator.py
[2025-05-06T07:45:35.148+0000] {processor.py:826} INFO - Processing file /home/airflow/.local/lib/python3.7/site-packages/airflow/example_dags/example_short_circuit_operator.py for tasks to queue
[2025-05-06T07:45:35.148+0000] {logging_mixin.py:149} INFO - [2025-05-06T07:45:35.148+0000] {dagbag.py:541} INFO - Filling up the DagBag from /home/airflow/.local/lib/python3.7/site-packages/airflow/example_dags/example_short_circuit_operator.py
[2025-05-06T07:45:35.156+0000] {processor.py:836} INFO - DAG(s) dict_keys(['example_short_circuit_operator']) retrieved from /home/airflow/.local/lib/python3.7/site-packages/airflow/example_dags/example_short_circuit_operator.py
[2025-05-06T07:45:35.181+0000] {logging_mixin.py:149} INFO - [2025-05-06T07:45:35.181+0000] {dag.py:2726} INFO - Sync 1 DAGs
[2025-05-06T07:45:35.204+0000] {logging_mixin.py:149} INFO - [2025-05-06T07:45:35.204+0000] {dag.py:3490} INFO - Setting next_dagrun for example_short_circuit_operator to 2025-05-05T07:45:35.203802+00:00, run_after=2025-05-06T07:45:35.203802+00:00
[2025-05-06T07:45:35.222+0000] {processor.py:179} INFO - Processing /home/airflow/.local/lib/python3.7/site-packages/airflow/example_dags/example_short_circuit_operator.py took 0.078 seconds
[2025-05-06T07:46:05.722+0000] {processor.py:157} INFO - Started process (PID=1703) to work on /home/airflow/.local/lib/python3.7/site-packages/airflow/example_dags/example_short_circuit_operator.py
[2025-05-06T07:46:05.723+0000] {processor.py:826} INFO - Processing file /home/airflow/.local/lib/python3.7/site-packages/airflow/example_dags/example_short_circuit_operator.py for tasks to queue
[2025-05-06T07:46:05.724+0000] {logging_mixin.py:149} INFO - [2025-05-06T07:46:05.724+0000] {dagbag.py:541} INFO - Filling up the DagBag from /home/airflow/.local/lib/python3.7/site-packages/airflow/example_dags/example_short_circuit_operator.py
[2025-05-06T07:46:05.731+0000] {processor.py:836} INFO - DAG(s) dict_keys(['example_short_circuit_operator']) retrieved from /home/airflow/.local/lib/python3.7/site-packages/airflow/example_dags/example_short_circuit_operator.py
[2025-05-06T07:46:05.754+0000] {logging_mixin.py:149} INFO - [2025-05-06T07:46:05.754+0000] {dag.py:2726} INFO - Sync 1 DAGs
[2025-05-06T07:46:05.776+0000] {logging_mixin.py:149} INFO - [2025-05-06T07:46:05.776+0000] {dag.py:3490} INFO - Setting next_dagrun for example_short_circuit_operator to 2025-05-05T07:46:05.776303+00:00, run_after=2025-05-06T07:46:05.776303+00:00
[2025-05-06T07:46:05.793+0000] {processor.py:179} INFO - Processing /home/airflow/.local/lib/python3.7/site-packages/airflow/example_dags/example_short_circuit_operator.py took 0.073 seconds
[2025-05-06T07:46:36.441+0000] {processor.py:157} INFO - Started process (PID=1780) to work on /home/airflow/.local/lib/python3.7/site-packages/airflow/example_dags/example_short_circuit_operator.py
[2025-05-06T07:46:36.442+0000] {processor.py:826} INFO - Processing file /home/airflow/.local/lib/python3.7/site-packages/airflow/example_dags/example_short_circuit_operator.py for tasks to queue
[2025-05-06T07:46:36.443+0000] {logging_mixin.py:149} INFO - [2025-05-06T07:46:36.443+0000] {dagbag.py:541} INFO - Filling up the DagBag from /home/airflow/.local/lib/python3.7/site-packages/airflow/example_dags/example_short_circuit_operator.py
[2025-05-06T07:46:36.449+0000] {processor.py:836} INFO - DAG(s) dict_keys(['example_short_circuit_operator']) retrieved from /home/airflow/.local/lib/python3.7/site-packages/airflow/example_dags/example_short_circuit_operator.py
[2025-05-06T07:46:36.473+0000] {logging_mixin.py:149} INFO - [2025-05-06T07:46:36.473+0000] {dag.py:2726} INFO - Sync 1 DAGs
[2025-05-06T07:46:36.494+0000] {logging_mixin.py:149} INFO - [2025-05-06T07:46:36.494+0000] {dag.py:3490} INFO - Setting next_dagrun for example_short_circuit_operator to 2025-05-05T07:46:36.493860+00:00, run_after=2025-05-06T07:46:36.493860+00:00
[2025-05-06T07:46:36.511+0000] {processor.py:179} INFO - Processing /home/airflow/.local/lib/python3.7/site-packages/airflow/example_dags/example_short_circuit_operator.py took 0.073 seconds
[2025-05-06T07:47:07.100+0000] {processor.py:157} INFO - Started process (PID=1857) to work on /home/airflow/.local/lib/python3.7/site-packages/airflow/example_dags/example_short_circuit_operator.py
[2025-05-06T07:47:07.101+0000] {processor.py:826} INFO - Processing file /home/airflow/.local/lib/python3.7/site-packages/airflow/example_dags/example_short_circuit_operator.py for tasks to queue
[2025-05-06T07:47:07.101+0000] {logging_mixin.py:149} INFO - [2025-05-06T07:47:07.101+0000] {dagbag.py:541} INFO - Filling up the DagBag from /home/airflow/.local/lib/python3.7/site-packages/airflow/example_dags/example_short_circuit_operator.py
[2025-05-06T07:47:07.109+0000] {processor.py:836} INFO - DAG(s) dict_keys(['example_short_circuit_operator']) retrieved from /home/airflow/.local/lib/python3.7/site-packages/airflow/example_dags/example_short_circuit_operator.py
[2025-05-06T07:47:07.135+0000] {logging_mixin.py:149} INFO - [2025-05-06T07:47:07.134+0000] {dag.py:2726} INFO - Sync 1 DAGs
[2025-05-06T07:47:07.158+0000] {logging_mixin.py:149} INFO - [2025-05-06T07:47:07.158+0000] {dag.py:3490} INFO - Setting next_dagrun for example_short_circuit_operator to 2025-05-05T07:47:07.157963+00:00, run_after=2025-05-06T07:47:07.157963+00:00
[2025-05-06T07:47:07.183+0000] {processor.py:179} INFO - Processing /home/airflow/.local/lib/python3.7/site-packages/airflow/example_dags/example_short_circuit_operator.py took 0.087 seconds
[2025-05-06T07:47:38.198+0000] {processor.py:157} INFO - Started process (PID=1934) to work on /home/airflow/.local/lib/python3.7/site-packages/airflow/example_dags/example_short_circuit_operator.py
[2025-05-06T07:47:38.199+0000] {processor.py:826} INFO - Processing file /home/airflow/.local/lib/python3.7/site-packages/airflow/example_dags/example_short_circuit_operator.py for tasks to queue
[2025-05-06T07:47:38.200+0000] {logging_mixin.py:149} INFO - [2025-05-06T07:47:38.200+0000] {dagbag.py:541} INFO - Filling up the DagBag from /home/airflow/.local/lib/python3.7/site-packages/airflow/example_dags/example_short_circuit_operator.py
[2025-05-06T07:47:38.206+0000] {processor.py:836} INFO - DAG(s) dict_keys(['example_short_circuit_operator']) retrieved from /home/airflow/.local/lib/python3.7/site-packages/airflow/example_dags/example_short_circuit_operator.py
[2025-05-06T07:47:38.234+0000] {logging_mixin.py:149} INFO - [2025-05-06T07:47:38.234+0000] {dag.py:2726} INFO - Sync 1 DAGs
[2025-05-06T07:47:38.256+0000] {logging_mixin.py:149} INFO - [2025-05-06T07:47:38.256+0000] {dag.py:3490} INFO - Setting next_dagrun for example_short_circuit_operator to 2025-05-05T07:47:38.256274+00:00, run_after=2025-05-06T07:47:38.256274+00:00
[2025-05-06T07:47:38.274+0000] {processor.py:179} INFO - Processing /home/airflow/.local/lib/python3.7/site-packages/airflow/example_dags/example_short_circuit_operator.py took 0.078 seconds
[2025-05-06T07:48:08.974+0000] {processor.py:157} INFO - Started process (PID=2011) to work on /home/airflow/.local/lib/python3.7/site-packages/airflow/example_dags/example_short_circuit_operator.py
[2025-05-06T07:48:08.976+0000] {processor.py:826} INFO - Processing file /home/airflow/.local/lib/python3.7/site-packages/airflow/example_dags/example_short_circuit_operator.py for tasks to queue
[2025-05-06T07:48:08.976+0000] {logging_mixin.py:149} INFO - [2025-05-06T07:48:08.976+0000] {dagbag.py:541} INFO - Filling up the DagBag from /home/airflow/.local/lib/python3.7/site-packages/airflow/example_dags/example_short_circuit_operator.py
[2025-05-06T07:48:08.983+0000] {processor.py:836} INFO - DAG(s) dict_keys(['example_short_circuit_operator']) retrieved from /home/airflow/.local/lib/python3.7/site-packages/airflow/example_dags/example_short_circuit_operator.py
[2025-05-06T07:48:09.007+0000] {logging_mixin.py:149} INFO - [2025-05-06T07:48:09.007+0000] {dag.py:2726} INFO - Sync 1 DAGs
[2025-05-06T07:48:09.028+0000] {logging_mixin.py:149} INFO - [2025-05-06T07:48:09.027+0000] {dag.py:3490} INFO - Setting next_dagrun for example_short_circuit_operator to 2025-05-05T07:48:09.027656+00:00, run_after=2025-05-06T07:48:09.027656+00:00
[2025-05-06T07:48:09.046+0000] {processor.py:179} INFO - Processing /home/airflow/.local/lib/python3.7/site-packages/airflow/example_dags/example_short_circuit_operator.py took 0.074 seconds
[2025-05-06T07:48:39.701+0000] {processor.py:157} INFO - Started process (PID=2088) to work on /home/airflow/.local/lib/python3.7/site-packages/airflow/example_dags/example_short_circuit_operator.py
[2025-05-06T07:48:39.703+0000] {processor.py:826} INFO - Processing file /home/airflow/.local/lib/python3.7/site-packages/airflow/example_dags/example_short_circuit_operator.py for tasks to queue
[2025-05-06T07:48:39.703+0000] {logging_mixin.py:149} INFO - [2025-05-06T07:48:39.703+0000] {dagbag.py:541} INFO - Filling up the DagBag from /home/airflow/.local/lib/python3.7/site-packages/airflow/example_dags/example_short_circuit_operator.py
[2025-05-06T07:48:39.711+0000] {processor.py:836} INFO - DAG(s) dict_keys(['example_short_circuit_operator']) retrieved from /home/airflow/.local/lib/python3.7/site-packages/airflow/example_dags/example_short_circuit_operator.py
[2025-05-06T07:48:39.737+0000] {logging_mixin.py:149} INFO - [2025-05-06T07:48:39.737+0000] {dag.py:2726} INFO - Sync 1 DAGs
[2025-05-06T07:48:39.759+0000] {logging_mixin.py:149} INFO - [2025-05-06T07:48:39.759+0000] {dag.py:3490} INFO - Setting next_dagrun for example_short_circuit_operator to 2025-05-05T07:48:39.759454+00:00, run_after=2025-05-06T07:48:39.759454+00:00
[2025-05-06T07:48:39.779+0000] {processor.py:179} INFO - Processing /home/airflow/.local/lib/python3.7/site-packages/airflow/example_dags/example_short_circuit_operator.py took 0.081 seconds
[2025-05-06T07:49:11.006+0000] {processor.py:157} INFO - Started process (PID=2165) to work on /home/airflow/.local/lib/python3.7/site-packages/airflow/example_dags/example_short_circuit_operator.py
[2025-05-06T07:49:11.008+0000] {processor.py:826} INFO - Processing file /home/airflow/.local/lib/python3.7/site-packages/airflow/example_dags/example_short_circuit_operator.py for tasks to queue
[2025-05-06T07:49:11.008+0000] {logging_mixin.py:149} INFO - [2025-05-06T07:49:11.008+0000] {dagbag.py:541} INFO - Filling up the DagBag from /home/airflow/.local/lib/python3.7/site-packages/airflow/example_dags/example_short_circuit_operator.py
[2025-05-06T07:49:11.015+0000] {processor.py:836} INFO - DAG(s) dict_keys(['example_short_circuit_operator']) retrieved from /home/airflow/.local/lib/python3.7/site-packages/airflow/example_dags/example_short_circuit_operator.py
[2025-05-06T07:49:11.041+0000] {logging_mixin.py:149} INFO - [2025-05-06T07:49:11.041+0000] {dag.py:2726} INFO - Sync 1 DAGs
[2025-05-06T07:49:11.064+0000] {logging_mixin.py:149} INFO - [2025-05-06T07:49:11.064+0000] {dag.py:3490} INFO - Setting next_dagrun for example_short_circuit_operator to 2025-05-05T07:49:11.064339+00:00, run_after=2025-05-06T07:49:11.064339+00:00
[2025-05-06T07:49:11.082+0000] {processor.py:179} INFO - Processing /home/airflow/.local/lib/python3.7/site-packages/airflow/example_dags/example_short_circuit_operator.py took 0.079 seconds
[2025-05-06T07:49:42.047+0000] {processor.py:157} INFO - Started process (PID=2242) to work on /home/airflow/.local/lib/python3.7/site-packages/airflow/example_dags/example_short_circuit_operator.py
[2025-05-06T07:49:42.048+0000] {processor.py:826} INFO - Processing file /home/airflow/.local/lib/python3.7/site-packages/airflow/example_dags/example_short_circuit_operator.py for tasks to queue
[2025-05-06T07:49:42.049+0000] {logging_mixin.py:149} INFO - [2025-05-06T07:49:42.048+0000] {dagbag.py:541} INFO - Filling up the DagBag from /home/airflow/.local/lib/python3.7/site-packages/airflow/example_dags/example_short_circuit_operator.py
[2025-05-06T07:49:42.056+0000] {processor.py:836} INFO - DAG(s) dict_keys(['example_short_circuit_operator']) retrieved from /home/airflow/.local/lib/python3.7/site-packages/airflow/example_dags/example_short_circuit_operator.py
[2025-05-06T07:49:42.085+0000] {logging_mixin.py:149} INFO - [2025-05-06T07:49:42.084+0000] {dag.py:2726} INFO - Sync 1 DAGs
[2025-05-06T07:49:42.109+0000] {logging_mixin.py:149} INFO - [2025-05-06T07:49:42.109+0000] {dag.py:3490} INFO - Setting next_dagrun for example_short_circuit_operator to 2025-05-05T07:49:42.109447+00:00, run_after=2025-05-06T07:49:42.109447+00:00
[2025-05-06T07:49:42.129+0000] {processor.py:179} INFO - Processing /home/airflow/.local/lib/python3.7/site-packages/airflow/example_dags/example_short_circuit_operator.py took 0.085 seconds
[2025-05-06T07:50:12.831+0000] {processor.py:157} INFO - Started process (PID=2319) to work on /home/airflow/.local/lib/python3.7/site-packages/airflow/example_dags/example_short_circuit_operator.py
[2025-05-06T07:50:12.832+0000] {processor.py:826} INFO - Processing file /home/airflow/.local/lib/python3.7/site-packages/airflow/example_dags/example_short_circuit_operator.py for tasks to queue
[2025-05-06T07:50:12.833+0000] {logging_mixin.py:149} INFO - [2025-05-06T07:50:12.833+0000] {dagbag.py:541} INFO - Filling up the DagBag from /home/airflow/.local/lib/python3.7/site-packages/airflow/example_dags/example_short_circuit_operator.py
[2025-05-06T07:50:12.840+0000] {processor.py:836} INFO - DAG(s) dict_keys(['example_short_circuit_operator']) retrieved from /home/airflow/.local/lib/python3.7/site-packages/airflow/example_dags/example_short_circuit_operator.py
[2025-05-06T07:50:12.864+0000] {logging_mixin.py:149} INFO - [2025-05-06T07:50:12.863+0000] {dag.py:2726} INFO - Sync 1 DAGs
[2025-05-06T07:50:12.888+0000] {logging_mixin.py:149} INFO - [2025-05-06T07:50:12.888+0000] {dag.py:3490} INFO - Setting next_dagrun for example_short_circuit_operator to 2025-05-05T07:50:12.888040+00:00, run_after=2025-05-06T07:50:12.888040+00:00
[2025-05-06T07:50:12.907+0000] {processor.py:179} INFO - Processing /home/airflow/.local/lib/python3.7/site-packages/airflow/example_dags/example_short_circuit_operator.py took 0.079 seconds
[2025-05-06T07:50:43.616+0000] {processor.py:157} INFO - Started process (PID=2396) to work on /home/airflow/.local/lib/python3.7/site-packages/airflow/example_dags/example_short_circuit_operator.py
[2025-05-06T07:50:43.617+0000] {processor.py:826} INFO - Processing file /home/airflow/.local/lib/python3.7/site-packages/airflow/example_dags/example_short_circuit_operator.py for tasks to queue
[2025-05-06T07:50:43.618+0000] {logging_mixin.py:149} INFO - [2025-05-06T07:50:43.618+0000] {dagbag.py:541} INFO - Filling up the DagBag from /home/airflow/.local/lib/python3.7/site-packages/airflow/example_dags/example_short_circuit_operator.py
[2025-05-06T07:50:43.625+0000] {processor.py:836} INFO - DAG(s) dict_keys(['example_short_circuit_operator']) retrieved from /home/airflow/.local/lib/python3.7/site-packages/airflow/example_dags/example_short_circuit_operator.py
[2025-05-06T07:50:43.651+0000] {logging_mixin.py:149} INFO - [2025-05-06T07:50:43.651+0000] {dag.py:2726} INFO - Sync 1 DAGs
[2025-05-06T07:50:43.672+0000] {logging_mixin.py:149} INFO - [2025-05-06T07:50:43.672+0000] {dag.py:3490} INFO - Setting next_dagrun for example_short_circuit_operator to 2025-05-05T07:50:43.671934+00:00, run_after=2025-05-06T07:50:43.671934+00:00
[2025-05-06T07:50:43.691+0000] {processor.py:179} INFO - Processing /home/airflow/.local/lib/python3.7/site-packages/airflow/example_dags/example_short_circuit_operator.py took 0.078 seconds
[2025-05-06T07:51:14.176+0000] {processor.py:157} INFO - Started process (PID=2473) to work on /home/airflow/.local/lib/python3.7/site-packages/airflow/example_dags/example_short_circuit_operator.py
[2025-05-06T07:51:14.177+0000] {processor.py:826} INFO - Processing file /home/airflow/.local/lib/python3.7/site-packages/airflow/example_dags/example_short_circuit_operator.py for tasks to queue
[2025-05-06T07:51:14.177+0000] {logging_mixin.py:149} INFO - [2025-05-06T07:51:14.177+0000] {dagbag.py:541} INFO - Filling up the DagBag from /home/airflow/.local/lib/python3.7/site-packages/airflow/example_dags/example_short_circuit_operator.py
[2025-05-06T07:51:14.185+0000] {processor.py:836} INFO - DAG(s) dict_keys(['example_short_circuit_operator']) retrieved from /home/airflow/.local/lib/python3.7/site-packages/airflow/example_dags/example_short_circuit_operator.py
[2025-05-06T07:51:14.210+0000] {logging_mixin.py:149} INFO - [2025-05-06T07:51:14.210+0000] {dag.py:2726} INFO - Sync 1 DAGs
[2025-05-06T07:51:14.231+0000] {logging_mixin.py:149} INFO - [2025-05-06T07:51:14.231+0000] {dag.py:3490} INFO - Setting next_dagrun for example_short_circuit_operator to 2025-05-05T07:51:14.230984+00:00, run_after=2025-05-06T07:51:14.230984+00:00
[2025-05-06T07:51:14.249+0000] {processor.py:179} INFO - Processing /home/airflow/.local/lib/python3.7/site-packages/airflow/example_dags/example_short_circuit_operator.py took 0.077 seconds
[2025-05-06T07:51:44.701+0000] {processor.py:157} INFO - Started process (PID=2550) to work on /home/airflow/.local/lib/python3.7/site-packages/airflow/example_dags/example_short_circuit_operator.py
[2025-05-06T07:51:44.702+0000] {processor.py:826} INFO - Processing file /home/airflow/.local/lib/python3.7/site-packages/airflow/example_dags/example_short_circuit_operator.py for tasks to queue
[2025-05-06T07:51:44.703+0000] {logging_mixin.py:149} INFO - [2025-05-06T07:51:44.703+0000] {dagbag.py:541} INFO - Filling up the DagBag from /home/airflow/.local/lib/python3.7/site-packages/airflow/example_dags/example_short_circuit_operator.py
[2025-05-06T07:51:44.710+0000] {processor.py:836} INFO - DAG(s) dict_keys(['example_short_circuit_operator']) retrieved from /home/airflow/.local/lib/python3.7/site-packages/airflow/example_dags/example_short_circuit_operator.py
[2025-05-06T07:51:44.734+0000] {logging_mixin.py:149} INFO - [2025-05-06T07:51:44.733+0000] {dag.py:2726} INFO - Sync 1 DAGs
[2025-05-06T07:51:44.755+0000] {logging_mixin.py:149} INFO - [2025-05-06T07:51:44.755+0000] {dag.py:3490} INFO - Setting next_dagrun for example_short_circuit_operator to 2025-05-05T07:51:44.755352+00:00, run_after=2025-05-06T07:51:44.755352+00:00
[2025-05-06T07:51:44.773+0000] {processor.py:179} INFO - Processing /home/airflow/.local/lib/python3.7/site-packages/airflow/example_dags/example_short_circuit_operator.py took 0.074 seconds
