[2025-05-06T07:35:19.147+0000] {processor.py:157} INFO - Started process (PID=76) to work on /home/airflow/.local/lib/python3.7/site-packages/airflow/example_dags/example_params_ui_tutorial.py
[2025-05-06T07:35:19.149+0000] {processor.py:826} INFO - Processing file /home/airflow/.local/lib/python3.7/site-packages/airflow/example_dags/example_params_ui_tutorial.py for tasks to queue
[2025-05-06T07:35:19.150+0000] {logging_mixin.py:149} INFO - [2025-05-06T07:35:19.150+0000] {dagbag.py:541} INFO - Filling up the DagBag from /home/airflow/.local/lib/python3.7/site-packages/airflow/example_dags/example_params_ui_tutorial.py
[2025-05-06T07:35:19.214+0000] {processor.py:836} INFO - DAG(s) dict_keys(['example_params_ui_tutorial']) retrieved from /home/airflow/.local/lib/python3.7/site-packages/airflow/example_dags/example_params_ui_tutorial.py
[2025-05-06T07:35:19.239+0000] {logging_mixin.py:149} INFO - [2025-05-06T07:35:19.239+0000] {dag.py:2726} INFO - Sync 1 DAGs
[2025-05-06T07:35:19.291+0000] {logging_mixin.py:149} INFO - [2025-05-06T07:35:19.291+0000] {dag.py:3490} INFO - Setting next_dagrun for example_params_ui_tutorial to None, run_after=None
[2025-05-06T07:35:19.323+0000] {processor.py:179} INFO - Processing /home/airflow/.local/lib/python3.7/site-packages/airflow/example_dags/example_params_ui_tutorial.py took 0.181 seconds
[2025-05-06T07:35:49.848+0000] {processor.py:157} INFO - Started process (PID=154) to work on /home/airflow/.local/lib/python3.7/site-packages/airflow/example_dags/example_params_ui_tutorial.py
[2025-05-06T07:35:49.849+0000] {processor.py:826} INFO - Processing file /home/airflow/.local/lib/python3.7/site-packages/airflow/example_dags/example_params_ui_tutorial.py for tasks to queue
[2025-05-06T07:35:49.850+0000] {logging_mixin.py:149} INFO - [2025-05-06T07:35:49.850+0000] {dagbag.py:541} INFO - Filling up the DagBag from /home/airflow/.local/lib/python3.7/site-packages/airflow/example_dags/example_params_ui_tutorial.py
[2025-05-06T07:35:49.887+0000] {processor.py:836} INFO - DAG(s) dict_keys(['example_params_ui_tutorial']) retrieved from /home/airflow/.local/lib/python3.7/site-packages/airflow/example_dags/example_params_ui_tutorial.py
[2025-05-06T07:35:49.951+0000] {logging_mixin.py:149} INFO - [2025-05-06T07:35:49.951+0000] {dag.py:2726} INFO - Sync 1 DAGs
[2025-05-06T07:35:49.974+0000] {logging_mixin.py:149} INFO - [2025-05-06T07:35:49.974+0000] {dag.py:3490} INFO - Setting next_dagrun for example_params_ui_tutorial to None, run_after=None
[2025-05-06T07:35:49.991+0000] {processor.py:179} INFO - Processing /home/airflow/.local/lib/python3.7/site-packages/airflow/example_dags/example_params_ui_tutorial.py took 0.146 seconds
[2025-05-06T07:36:20.719+0000] {processor.py:157} INFO - Started process (PID=231) to work on /home/airflow/.local/lib/python3.7/site-packages/airflow/example_dags/example_params_ui_tutorial.py
[2025-05-06T07:36:20.721+0000] {processor.py:826} INFO - Processing file /home/airflow/.local/lib/python3.7/site-packages/airflow/example_dags/example_params_ui_tutorial.py for tasks to queue
[2025-05-06T07:36:20.721+0000] {logging_mixin.py:149} INFO - [2025-05-06T07:36:20.721+0000] {dagbag.py:541} INFO - Filling up the DagBag from /home/airflow/.local/lib/python3.7/site-packages/airflow/example_dags/example_params_ui_tutorial.py
[2025-05-06T07:36:20.786+0000] {processor.py:836} INFO - DAG(s) dict_keys(['example_params_ui_tutorial']) retrieved from /home/airflow/.local/lib/python3.7/site-packages/airflow/example_dags/example_params_ui_tutorial.py
[2025-05-06T07:36:20.889+0000] {logging_mixin.py:149} INFO - [2025-05-06T07:36:20.889+0000] {dag.py:2726} INFO - Sync 1 DAGs
[2025-05-06T07:36:20.933+0000] {logging_mixin.py:149} INFO - [2025-05-06T07:36:20.933+0000] {dag.py:3490} INFO - Setting next_dagrun for example_params_ui_tutorial to None, run_after=None
[2025-05-06T07:36:20.968+0000] {processor.py:179} INFO - Processing /home/airflow/.local/lib/python3.7/site-packages/airflow/example_dags/example_params_ui_tutorial.py took 0.253 seconds
[2025-05-06T07:36:51.954+0000] {processor.py:157} INFO - Started process (PID=308) to work on /home/airflow/.local/lib/python3.7/site-packages/airflow/example_dags/example_params_ui_tutorial.py
[2025-05-06T07:36:51.955+0000] {processor.py:826} INFO - Processing file /home/airflow/.local/lib/python3.7/site-packages/airflow/example_dags/example_params_ui_tutorial.py for tasks to queue
[2025-05-06T07:36:51.956+0000] {logging_mixin.py:149} INFO - [2025-05-06T07:36:51.956+0000] {dagbag.py:541} INFO - Filling up the DagBag from /home/airflow/.local/lib/python3.7/site-packages/airflow/example_dags/example_params_ui_tutorial.py
[2025-05-06T07:36:52.034+0000] {processor.py:836} INFO - DAG(s) dict_keys(['example_params_ui_tutorial']) retrieved from /home/airflow/.local/lib/python3.7/site-packages/airflow/example_dags/example_params_ui_tutorial.py
[2025-05-06T07:36:52.153+0000] {logging_mixin.py:149} INFO - [2025-05-06T07:36:52.153+0000] {dag.py:2726} INFO - Sync 1 DAGs
[2025-05-06T07:36:52.196+0000] {logging_mixin.py:149} INFO - [2025-05-06T07:36:52.195+0000] {dag.py:3490} INFO - Setting next_dagrun for example_params_ui_tutorial to None, run_after=None
[2025-05-06T07:36:52.232+0000] {processor.py:179} INFO - Processing /home/airflow/.local/lib/python3.7/site-packages/airflow/example_dags/example_params_ui_tutorial.py took 0.283 seconds
[2025-05-06T07:37:23.154+0000] {processor.py:157} INFO - Started process (PID=385) to work on /home/airflow/.local/lib/python3.7/site-packages/airflow/example_dags/example_params_ui_tutorial.py
[2025-05-06T07:37:23.156+0000] {processor.py:826} INFO - Processing file /home/airflow/.local/lib/python3.7/site-packages/airflow/example_dags/example_params_ui_tutorial.py for tasks to queue
[2025-05-06T07:37:23.157+0000] {logging_mixin.py:149} INFO - [2025-05-06T07:37:23.156+0000] {dagbag.py:541} INFO - Filling up the DagBag from /home/airflow/.local/lib/python3.7/site-packages/airflow/example_dags/example_params_ui_tutorial.py
[2025-05-06T07:37:23.214+0000] {processor.py:836} INFO - DAG(s) dict_keys(['example_params_ui_tutorial']) retrieved from /home/airflow/.local/lib/python3.7/site-packages/airflow/example_dags/example_params_ui_tutorial.py
[2025-05-06T07:37:23.324+0000] {logging_mixin.py:149} INFO - [2025-05-06T07:37:23.324+0000] {dag.py:2726} INFO - Sync 1 DAGs
[2025-05-06T07:37:23.360+0000] {logging_mixin.py:149} INFO - [2025-05-06T07:37:23.360+0000] {dag.py:3490} INFO - Setting next_dagrun for example_params_ui_tutorial to None, run_after=None
[2025-05-06T07:37:23.389+0000] {processor.py:179} INFO - Processing /home/airflow/.local/lib/python3.7/site-packages/airflow/example_dags/example_params_ui_tutorial.py took 0.240 seconds
[2025-05-06T07:37:53.475+0000] {processor.py:157} INFO - Started process (PID=461) to work on /home/airflow/.local/lib/python3.7/site-packages/airflow/example_dags/example_params_ui_tutorial.py
[2025-05-06T07:37:53.476+0000] {processor.py:826} INFO - Processing file /home/airflow/.local/lib/python3.7/site-packages/airflow/example_dags/example_params_ui_tutorial.py for tasks to queue
[2025-05-06T07:37:53.477+0000] {logging_mixin.py:149} INFO - [2025-05-06T07:37:53.477+0000] {dagbag.py:541} INFO - Filling up the DagBag from /home/airflow/.local/lib/python3.7/site-packages/airflow/example_dags/example_params_ui_tutorial.py
[2025-05-06T07:37:53.518+0000] {processor.py:836} INFO - DAG(s) dict_keys(['example_params_ui_tutorial']) retrieved from /home/airflow/.local/lib/python3.7/site-packages/airflow/example_dags/example_params_ui_tutorial.py
[2025-05-06T07:37:53.583+0000] {logging_mixin.py:149} INFO - [2025-05-06T07:37:53.583+0000] {dag.py:2726} INFO - Sync 1 DAGs
[2025-05-06T07:37:53.611+0000] {logging_mixin.py:149} INFO - [2025-05-06T07:37:53.611+0000] {dag.py:3490} INFO - Setting next_dagrun for example_params_ui_tutorial to None, run_after=None
[2025-05-06T07:37:53.635+0000] {processor.py:179} INFO - Processing /home/airflow/.local/lib/python3.7/site-packages/airflow/example_dags/example_params_ui_tutorial.py took 0.163 seconds
[2025-05-06T07:38:24.798+0000] {processor.py:157} INFO - Started process (PID=539) to work on /home/airflow/.local/lib/python3.7/site-packages/airflow/example_dags/example_params_ui_tutorial.py
[2025-05-06T07:38:24.800+0000] {processor.py:826} INFO - Processing file /home/airflow/.local/lib/python3.7/site-packages/airflow/example_dags/example_params_ui_tutorial.py for tasks to queue
[2025-05-06T07:38:24.801+0000] {logging_mixin.py:149} INFO - [2025-05-06T07:38:24.801+0000] {dagbag.py:541} INFO - Filling up the DagBag from /home/airflow/.local/lib/python3.7/site-packages/airflow/example_dags/example_params_ui_tutorial.py
[2025-05-06T07:38:24.851+0000] {processor.py:836} INFO - DAG(s) dict_keys(['example_params_ui_tutorial']) retrieved from /home/airflow/.local/lib/python3.7/site-packages/airflow/example_dags/example_params_ui_tutorial.py
[2025-05-06T07:38:24.930+0000] {logging_mixin.py:149} INFO - [2025-05-06T07:38:24.930+0000] {dag.py:2726} INFO - Sync 1 DAGs
[2025-05-06T07:38:24.958+0000] {logging_mixin.py:149} INFO - [2025-05-06T07:38:24.958+0000] {dag.py:3490} INFO - Setting next_dagrun for example_params_ui_tutorial to None, run_after=None
[2025-05-06T07:38:25.034+0000] {processor.py:179} INFO - Processing /home/airflow/.local/lib/python3.7/site-packages/airflow/example_dags/example_params_ui_tutorial.py took 0.240 seconds
[2025-05-06T07:38:55.281+0000] {processor.py:157} INFO - Started process (PID=616) to work on /home/airflow/.local/lib/python3.7/site-packages/airflow/example_dags/example_params_ui_tutorial.py
[2025-05-06T07:38:55.282+0000] {processor.py:826} INFO - Processing file /home/airflow/.local/lib/python3.7/site-packages/airflow/example_dags/example_params_ui_tutorial.py for tasks to queue
[2025-05-06T07:38:55.282+0000] {logging_mixin.py:149} INFO - [2025-05-06T07:38:55.282+0000] {dagbag.py:541} INFO - Filling up the DagBag from /home/airflow/.local/lib/python3.7/site-packages/airflow/example_dags/example_params_ui_tutorial.py
[2025-05-06T07:38:55.316+0000] {processor.py:836} INFO - DAG(s) dict_keys(['example_params_ui_tutorial']) retrieved from /home/airflow/.local/lib/python3.7/site-packages/airflow/example_dags/example_params_ui_tutorial.py
[2025-05-06T07:38:55.371+0000] {logging_mixin.py:149} INFO - [2025-05-06T07:38:55.371+0000] {dag.py:2726} INFO - Sync 1 DAGs
[2025-05-06T07:38:55.391+0000] {logging_mixin.py:149} INFO - [2025-05-06T07:38:55.391+0000] {dag.py:3490} INFO - Setting next_dagrun for example_params_ui_tutorial to None, run_after=None
[2025-05-06T07:38:55.408+0000] {processor.py:179} INFO - Processing /home/airflow/.local/lib/python3.7/site-packages/airflow/example_dags/example_params_ui_tutorial.py took 0.130 seconds
[2025-05-06T07:39:26.185+0000] {processor.py:157} INFO - Started process (PID=693) to work on /home/airflow/.local/lib/python3.7/site-packages/airflow/example_dags/example_params_ui_tutorial.py
[2025-05-06T07:39:26.186+0000] {processor.py:826} INFO - Processing file /home/airflow/.local/lib/python3.7/site-packages/airflow/example_dags/example_params_ui_tutorial.py for tasks to queue
[2025-05-06T07:39:26.187+0000] {logging_mixin.py:149} INFO - [2025-05-06T07:39:26.187+0000] {dagbag.py:541} INFO - Filling up the DagBag from /home/airflow/.local/lib/python3.7/site-packages/airflow/example_dags/example_params_ui_tutorial.py
[2025-05-06T07:39:26.220+0000] {processor.py:836} INFO - DAG(s) dict_keys(['example_params_ui_tutorial']) retrieved from /home/airflow/.local/lib/python3.7/site-packages/airflow/example_dags/example_params_ui_tutorial.py
[2025-05-06T07:39:26.277+0000] {logging_mixin.py:149} INFO - [2025-05-06T07:39:26.277+0000] {dag.py:2726} INFO - Sync 1 DAGs
[2025-05-06T07:39:26.297+0000] {logging_mixin.py:149} INFO - [2025-05-06T07:39:26.297+0000] {dag.py:3490} INFO - Setting next_dagrun for example_params_ui_tutorial to None, run_after=None
[2025-05-06T07:39:26.313+0000] {processor.py:179} INFO - Processing /home/airflow/.local/lib/python3.7/site-packages/airflow/example_dags/example_params_ui_tutorial.py took 0.130 seconds
[2025-05-06T07:39:56.850+0000] {processor.py:157} INFO - Started process (PID=770) to work on /home/airflow/.local/lib/python3.7/site-packages/airflow/example_dags/example_params_ui_tutorial.py
[2025-05-06T07:39:56.851+0000] {processor.py:826} INFO - Processing file /home/airflow/.local/lib/python3.7/site-packages/airflow/example_dags/example_params_ui_tutorial.py for tasks to queue
[2025-05-06T07:39:56.852+0000] {logging_mixin.py:149} INFO - [2025-05-06T07:39:56.852+0000] {dagbag.py:541} INFO - Filling up the DagBag from /home/airflow/.local/lib/python3.7/site-packages/airflow/example_dags/example_params_ui_tutorial.py
[2025-05-06T07:39:56.885+0000] {processor.py:836} INFO - DAG(s) dict_keys(['example_params_ui_tutorial']) retrieved from /home/airflow/.local/lib/python3.7/site-packages/airflow/example_dags/example_params_ui_tutorial.py
[2025-05-06T07:39:56.941+0000] {logging_mixin.py:149} INFO - [2025-05-06T07:39:56.941+0000] {dag.py:2726} INFO - Sync 1 DAGs
[2025-05-06T07:39:56.961+0000] {logging_mixin.py:149} INFO - [2025-05-06T07:39:56.961+0000] {dag.py:3490} INFO - Setting next_dagrun for example_params_ui_tutorial to None, run_after=None
[2025-05-06T07:39:56.978+0000] {processor.py:179} INFO - Processing /home/airflow/.local/lib/python3.7/site-packages/airflow/example_dags/example_params_ui_tutorial.py took 0.131 seconds
[2025-05-06T07:40:27.428+0000] {processor.py:157} INFO - Started process (PID=847) to work on /home/airflow/.local/lib/python3.7/site-packages/airflow/example_dags/example_params_ui_tutorial.py
[2025-05-06T07:40:27.429+0000] {processor.py:826} INFO - Processing file /home/airflow/.local/lib/python3.7/site-packages/airflow/example_dags/example_params_ui_tutorial.py for tasks to queue
[2025-05-06T07:40:27.429+0000] {logging_mixin.py:149} INFO - [2025-05-06T07:40:27.429+0000] {dagbag.py:541} INFO - Filling up the DagBag from /home/airflow/.local/lib/python3.7/site-packages/airflow/example_dags/example_params_ui_tutorial.py
[2025-05-06T07:40:27.463+0000] {processor.py:836} INFO - DAG(s) dict_keys(['example_params_ui_tutorial']) retrieved from /home/airflow/.local/lib/python3.7/site-packages/airflow/example_dags/example_params_ui_tutorial.py
[2025-05-06T07:40:27.520+0000] {logging_mixin.py:149} INFO - [2025-05-06T07:40:27.520+0000] {dag.py:2726} INFO - Sync 1 DAGs
[2025-05-06T07:40:27.540+0000] {logging_mixin.py:149} INFO - [2025-05-06T07:40:27.540+0000] {dag.py:3490} INFO - Setting next_dagrun for example_params_ui_tutorial to None, run_after=None
[2025-05-06T07:40:27.558+0000] {processor.py:179} INFO - Processing /home/airflow/.local/lib/python3.7/site-packages/airflow/example_dags/example_params_ui_tutorial.py took 0.133 seconds
[2025-05-06T07:40:57.860+0000] {processor.py:157} INFO - Started process (PID=924) to work on /home/airflow/.local/lib/python3.7/site-packages/airflow/example_dags/example_params_ui_tutorial.py
[2025-05-06T07:40:57.861+0000] {processor.py:826} INFO - Processing file /home/airflow/.local/lib/python3.7/site-packages/airflow/example_dags/example_params_ui_tutorial.py for tasks to queue
[2025-05-06T07:40:57.861+0000] {logging_mixin.py:149} INFO - [2025-05-06T07:40:57.861+0000] {dagbag.py:541} INFO - Filling up the DagBag from /home/airflow/.local/lib/python3.7/site-packages/airflow/example_dags/example_params_ui_tutorial.py
[2025-05-06T07:40:57.897+0000] {processor.py:836} INFO - DAG(s) dict_keys(['example_params_ui_tutorial']) retrieved from /home/airflow/.local/lib/python3.7/site-packages/airflow/example_dags/example_params_ui_tutorial.py
[2025-05-06T07:40:57.949+0000] {logging_mixin.py:149} INFO - [2025-05-06T07:40:57.949+0000] {dag.py:2726} INFO - Sync 1 DAGs
[2025-05-06T07:40:57.971+0000] {logging_mixin.py:149} INFO - [2025-05-06T07:40:57.971+0000] {dag.py:3490} INFO - Setting next_dagrun for example_params_ui_tutorial to None, run_after=None
[2025-05-06T07:40:57.987+0000] {processor.py:179} INFO - Processing /home/airflow/.local/lib/python3.7/site-packages/airflow/example_dags/example_params_ui_tutorial.py took 0.131 seconds
[2025-05-06T07:41:28.250+0000] {processor.py:157} INFO - Started process (PID=1001) to work on /home/airflow/.local/lib/python3.7/site-packages/airflow/example_dags/example_params_ui_tutorial.py
[2025-05-06T07:41:28.251+0000] {processor.py:826} INFO - Processing file /home/airflow/.local/lib/python3.7/site-packages/airflow/example_dags/example_params_ui_tutorial.py for tasks to queue
[2025-05-06T07:41:28.251+0000] {logging_mixin.py:149} INFO - [2025-05-06T07:41:28.251+0000] {dagbag.py:541} INFO - Filling up the DagBag from /home/airflow/.local/lib/python3.7/site-packages/airflow/example_dags/example_params_ui_tutorial.py
[2025-05-06T07:41:28.286+0000] {processor.py:836} INFO - DAG(s) dict_keys(['example_params_ui_tutorial']) retrieved from /home/airflow/.local/lib/python3.7/site-packages/airflow/example_dags/example_params_ui_tutorial.py
[2025-05-06T07:41:28.342+0000] {logging_mixin.py:149} INFO - [2025-05-06T07:41:28.341+0000] {dag.py:2726} INFO - Sync 1 DAGs
[2025-05-06T07:41:28.361+0000] {logging_mixin.py:149} INFO - [2025-05-06T07:41:28.361+0000] {dag.py:3490} INFO - Setting next_dagrun for example_params_ui_tutorial to None, run_after=None
[2025-05-06T07:41:28.377+0000] {processor.py:179} INFO - Processing /home/airflow/.local/lib/python3.7/site-packages/airflow/example_dags/example_params_ui_tutorial.py took 0.131 seconds
[2025-05-06T07:41:58.919+0000] {processor.py:157} INFO - Started process (PID=1078) to work on /home/airflow/.local/lib/python3.7/site-packages/airflow/example_dags/example_params_ui_tutorial.py
[2025-05-06T07:41:58.920+0000] {processor.py:826} INFO - Processing file /home/airflow/.local/lib/python3.7/site-packages/airflow/example_dags/example_params_ui_tutorial.py for tasks to queue
[2025-05-06T07:41:58.921+0000] {logging_mixin.py:149} INFO - [2025-05-06T07:41:58.921+0000] {dagbag.py:541} INFO - Filling up the DagBag from /home/airflow/.local/lib/python3.7/site-packages/airflow/example_dags/example_params_ui_tutorial.py
[2025-05-06T07:41:58.954+0000] {processor.py:836} INFO - DAG(s) dict_keys(['example_params_ui_tutorial']) retrieved from /home/airflow/.local/lib/python3.7/site-packages/airflow/example_dags/example_params_ui_tutorial.py
[2025-05-06T07:41:59.010+0000] {logging_mixin.py:149} INFO - [2025-05-06T07:41:59.010+0000] {dag.py:2726} INFO - Sync 1 DAGs
[2025-05-06T07:41:59.030+0000] {logging_mixin.py:149} INFO - [2025-05-06T07:41:59.030+0000] {dag.py:3490} INFO - Setting next_dagrun for example_params_ui_tutorial to None, run_after=None
[2025-05-06T07:41:59.047+0000] {processor.py:179} INFO - Processing /home/airflow/.local/lib/python3.7/site-packages/airflow/example_dags/example_params_ui_tutorial.py took 0.131 seconds
[2025-05-06T07:42:30.117+0000] {processor.py:157} INFO - Started process (PID=1155) to work on /home/airflow/.local/lib/python3.7/site-packages/airflow/example_dags/example_params_ui_tutorial.py
[2025-05-06T07:42:30.119+0000] {processor.py:826} INFO - Processing file /home/airflow/.local/lib/python3.7/site-packages/airflow/example_dags/example_params_ui_tutorial.py for tasks to queue
[2025-05-06T07:42:30.119+0000] {logging_mixin.py:149} INFO - [2025-05-06T07:42:30.119+0000] {dagbag.py:541} INFO - Filling up the DagBag from /home/airflow/.local/lib/python3.7/site-packages/airflow/example_dags/example_params_ui_tutorial.py
[2025-05-06T07:42:30.159+0000] {processor.py:836} INFO - DAG(s) dict_keys(['example_params_ui_tutorial']) retrieved from /home/airflow/.local/lib/python3.7/site-packages/airflow/example_dags/example_params_ui_tutorial.py
[2025-05-06T07:42:30.228+0000] {logging_mixin.py:149} INFO - [2025-05-06T07:42:30.228+0000] {dag.py:2726} INFO - Sync 1 DAGs
[2025-05-06T07:42:30.254+0000] {logging_mixin.py:149} INFO - [2025-05-06T07:42:30.254+0000] {dag.py:3490} INFO - Setting next_dagrun for example_params_ui_tutorial to None, run_after=None
[2025-05-06T07:42:30.275+0000] {processor.py:179} INFO - Processing /home/airflow/.local/lib/python3.7/site-packages/airflow/example_dags/example_params_ui_tutorial.py took 0.161 seconds
[2025-05-06T07:43:00.955+0000] {processor.py:157} INFO - Started process (PID=1232) to work on /home/airflow/.local/lib/python3.7/site-packages/airflow/example_dags/example_params_ui_tutorial.py
[2025-05-06T07:43:00.956+0000] {processor.py:826} INFO - Processing file /home/airflow/.local/lib/python3.7/site-packages/airflow/example_dags/example_params_ui_tutorial.py for tasks to queue
[2025-05-06T07:43:00.956+0000] {logging_mixin.py:149} INFO - [2025-05-06T07:43:00.956+0000] {dagbag.py:541} INFO - Filling up the DagBag from /home/airflow/.local/lib/python3.7/site-packages/airflow/example_dags/example_params_ui_tutorial.py
[2025-05-06T07:43:00.990+0000] {processor.py:836} INFO - DAG(s) dict_keys(['example_params_ui_tutorial']) retrieved from /home/airflow/.local/lib/python3.7/site-packages/airflow/example_dags/example_params_ui_tutorial.py
[2025-05-06T07:43:01.046+0000] {logging_mixin.py:149} INFO - [2025-05-06T07:43:01.046+0000] {dag.py:2726} INFO - Sync 1 DAGs
[2025-05-06T07:43:01.066+0000] {logging_mixin.py:149} INFO - [2025-05-06T07:43:01.066+0000] {dag.py:3490} INFO - Setting next_dagrun for example_params_ui_tutorial to None, run_after=None
[2025-05-06T07:43:01.084+0000] {processor.py:179} INFO - Processing /home/airflow/.local/lib/python3.7/site-packages/airflow/example_dags/example_params_ui_tutorial.py took 0.132 seconds
[2025-05-06T07:43:31.467+0000] {processor.py:157} INFO - Started process (PID=1309) to work on /home/airflow/.local/lib/python3.7/site-packages/airflow/example_dags/example_params_ui_tutorial.py
[2025-05-06T07:43:31.468+0000] {processor.py:826} INFO - Processing file /home/airflow/.local/lib/python3.7/site-packages/airflow/example_dags/example_params_ui_tutorial.py for tasks to queue
[2025-05-06T07:43:31.469+0000] {logging_mixin.py:149} INFO - [2025-05-06T07:43:31.469+0000] {dagbag.py:541} INFO - Filling up the DagBag from /home/airflow/.local/lib/python3.7/site-packages/airflow/example_dags/example_params_ui_tutorial.py
[2025-05-06T07:43:31.505+0000] {processor.py:836} INFO - DAG(s) dict_keys(['example_params_ui_tutorial']) retrieved from /home/airflow/.local/lib/python3.7/site-packages/airflow/example_dags/example_params_ui_tutorial.py
[2025-05-06T07:43:31.561+0000] {logging_mixin.py:149} INFO - [2025-05-06T07:43:31.561+0000] {dag.py:2726} INFO - Sync 1 DAGs
[2025-05-06T07:43:31.584+0000] {logging_mixin.py:149} INFO - [2025-05-06T07:43:31.583+0000] {dag.py:3490} INFO - Setting next_dagrun for example_params_ui_tutorial to None, run_after=None
[2025-05-06T07:43:31.601+0000] {processor.py:179} INFO - Processing /home/airflow/.local/lib/python3.7/site-packages/airflow/example_dags/example_params_ui_tutorial.py took 0.137 seconds
[2025-05-06T07:44:02.480+0000] {processor.py:157} INFO - Started process (PID=1387) to work on /home/airflow/.local/lib/python3.7/site-packages/airflow/example_dags/example_params_ui_tutorial.py
[2025-05-06T07:44:02.481+0000] {processor.py:826} INFO - Processing file /home/airflow/.local/lib/python3.7/site-packages/airflow/example_dags/example_params_ui_tutorial.py for tasks to queue
[2025-05-06T07:44:02.482+0000] {logging_mixin.py:149} INFO - [2025-05-06T07:44:02.482+0000] {dagbag.py:541} INFO - Filling up the DagBag from /home/airflow/.local/lib/python3.7/site-packages/airflow/example_dags/example_params_ui_tutorial.py
[2025-05-06T07:44:02.532+0000] {processor.py:836} INFO - DAG(s) dict_keys(['example_params_ui_tutorial']) retrieved from /home/airflow/.local/lib/python3.7/site-packages/airflow/example_dags/example_params_ui_tutorial.py
[2025-05-06T07:44:02.600+0000] {logging_mixin.py:149} INFO - [2025-05-06T07:44:02.600+0000] {dag.py:2726} INFO - Sync 1 DAGs
[2025-05-06T07:44:02.626+0000] {logging_mixin.py:149} INFO - [2025-05-06T07:44:02.625+0000] {dag.py:3490} INFO - Setting next_dagrun for example_params_ui_tutorial to None, run_after=None
[2025-05-06T07:44:02.648+0000] {processor.py:179} INFO - Processing /home/airflow/.local/lib/python3.7/site-packages/airflow/example_dags/example_params_ui_tutorial.py took 0.171 seconds
[2025-05-06T07:44:33.136+0000] {processor.py:157} INFO - Started process (PID=1463) to work on /home/airflow/.local/lib/python3.7/site-packages/airflow/example_dags/example_params_ui_tutorial.py
[2025-05-06T07:44:33.139+0000] {processor.py:826} INFO - Processing file /home/airflow/.local/lib/python3.7/site-packages/airflow/example_dags/example_params_ui_tutorial.py for tasks to queue
[2025-05-06T07:44:33.141+0000] {logging_mixin.py:149} INFO - [2025-05-06T07:44:33.141+0000] {dagbag.py:541} INFO - Filling up the DagBag from /home/airflow/.local/lib/python3.7/site-packages/airflow/example_dags/example_params_ui_tutorial.py
[2025-05-06T07:44:33.231+0000] {processor.py:836} INFO - DAG(s) dict_keys(['example_params_ui_tutorial']) retrieved from /home/airflow/.local/lib/python3.7/site-packages/airflow/example_dags/example_params_ui_tutorial.py
[2025-05-06T07:44:33.343+0000] {logging_mixin.py:149} INFO - [2025-05-06T07:44:33.342+0000] {dag.py:2726} INFO - Sync 1 DAGs
[2025-05-06T07:44:33.380+0000] {logging_mixin.py:149} INFO - [2025-05-06T07:44:33.380+0000] {dag.py:3490} INFO - Setting next_dagrun for example_params_ui_tutorial to None, run_after=None
[2025-05-06T07:44:33.411+0000] {processor.py:179} INFO - Processing /home/airflow/.local/lib/python3.7/site-packages/airflow/example_dags/example_params_ui_tutorial.py took 0.283 seconds
[2025-05-06T07:45:04.036+0000] {processor.py:157} INFO - Started process (PID=1540) to work on /home/airflow/.local/lib/python3.7/site-packages/airflow/example_dags/example_params_ui_tutorial.py
[2025-05-06T07:45:04.037+0000] {processor.py:826} INFO - Processing file /home/airflow/.local/lib/python3.7/site-packages/airflow/example_dags/example_params_ui_tutorial.py for tasks to queue
[2025-05-06T07:45:04.038+0000] {logging_mixin.py:149} INFO - [2025-05-06T07:45:04.038+0000] {dagbag.py:541} INFO - Filling up the DagBag from /home/airflow/.local/lib/python3.7/site-packages/airflow/example_dags/example_params_ui_tutorial.py
[2025-05-06T07:45:04.071+0000] {processor.py:836} INFO - DAG(s) dict_keys(['example_params_ui_tutorial']) retrieved from /home/airflow/.local/lib/python3.7/site-packages/airflow/example_dags/example_params_ui_tutorial.py
[2025-05-06T07:45:04.132+0000] {logging_mixin.py:149} INFO - [2025-05-06T07:45:04.132+0000] {dag.py:2726} INFO - Sync 1 DAGs
[2025-05-06T07:45:04.153+0000] {logging_mixin.py:149} INFO - [2025-05-06T07:45:04.153+0000] {dag.py:3490} INFO - Setting next_dagrun for example_params_ui_tutorial to None, run_after=None
[2025-05-06T07:45:04.169+0000] {processor.py:179} INFO - Processing /home/airflow/.local/lib/python3.7/site-packages/airflow/example_dags/example_params_ui_tutorial.py took 0.136 seconds
[2025-05-06T07:45:34.562+0000] {processor.py:157} INFO - Started process (PID=1617) to work on /home/airflow/.local/lib/python3.7/site-packages/airflow/example_dags/example_params_ui_tutorial.py
[2025-05-06T07:45:34.563+0000] {processor.py:826} INFO - Processing file /home/airflow/.local/lib/python3.7/site-packages/airflow/example_dags/example_params_ui_tutorial.py for tasks to queue
[2025-05-06T07:45:34.563+0000] {logging_mixin.py:149} INFO - [2025-05-06T07:45:34.563+0000] {dagbag.py:541} INFO - Filling up the DagBag from /home/airflow/.local/lib/python3.7/site-packages/airflow/example_dags/example_params_ui_tutorial.py
[2025-05-06T07:45:34.597+0000] {processor.py:836} INFO - DAG(s) dict_keys(['example_params_ui_tutorial']) retrieved from /home/airflow/.local/lib/python3.7/site-packages/airflow/example_dags/example_params_ui_tutorial.py
[2025-05-06T07:45:34.652+0000] {logging_mixin.py:149} INFO - [2025-05-06T07:45:34.652+0000] {dag.py:2726} INFO - Sync 1 DAGs
[2025-05-06T07:45:34.671+0000] {logging_mixin.py:149} INFO - [2025-05-06T07:45:34.671+0000] {dag.py:3490} INFO - Setting next_dagrun for example_params_ui_tutorial to None, run_after=None
[2025-05-06T07:45:34.691+0000] {processor.py:179} INFO - Processing /home/airflow/.local/lib/python3.7/site-packages/airflow/example_dags/example_params_ui_tutorial.py took 0.132 seconds
[2025-05-06T07:46:05.237+0000] {processor.py:157} INFO - Started process (PID=1695) to work on /home/airflow/.local/lib/python3.7/site-packages/airflow/example_dags/example_params_ui_tutorial.py
[2025-05-06T07:46:05.238+0000] {processor.py:826} INFO - Processing file /home/airflow/.local/lib/python3.7/site-packages/airflow/example_dags/example_params_ui_tutorial.py for tasks to queue
[2025-05-06T07:46:05.239+0000] {logging_mixin.py:149} INFO - [2025-05-06T07:46:05.238+0000] {dagbag.py:541} INFO - Filling up the DagBag from /home/airflow/.local/lib/python3.7/site-packages/airflow/example_dags/example_params_ui_tutorial.py
[2025-05-06T07:46:05.274+0000] {processor.py:836} INFO - DAG(s) dict_keys(['example_params_ui_tutorial']) retrieved from /home/airflow/.local/lib/python3.7/site-packages/airflow/example_dags/example_params_ui_tutorial.py
[2025-05-06T07:46:05.330+0000] {logging_mixin.py:149} INFO - [2025-05-06T07:46:05.330+0000] {dag.py:2726} INFO - Sync 1 DAGs
[2025-05-06T07:46:05.350+0000] {logging_mixin.py:149} INFO - [2025-05-06T07:46:05.350+0000] {dag.py:3490} INFO - Setting next_dagrun for example_params_ui_tutorial to None, run_after=None
[2025-05-06T07:46:05.366+0000] {processor.py:179} INFO - Processing /home/airflow/.local/lib/python3.7/site-packages/airflow/example_dags/example_params_ui_tutorial.py took 0.132 seconds
[2025-05-06T07:46:35.753+0000] {processor.py:157} INFO - Started process (PID=1772) to work on /home/airflow/.local/lib/python3.7/site-packages/airflow/example_dags/example_params_ui_tutorial.py
[2025-05-06T07:46:35.754+0000] {processor.py:826} INFO - Processing file /home/airflow/.local/lib/python3.7/site-packages/airflow/example_dags/example_params_ui_tutorial.py for tasks to queue
[2025-05-06T07:46:35.754+0000] {logging_mixin.py:149} INFO - [2025-05-06T07:46:35.754+0000] {dagbag.py:541} INFO - Filling up the DagBag from /home/airflow/.local/lib/python3.7/site-packages/airflow/example_dags/example_params_ui_tutorial.py
[2025-05-06T07:46:35.787+0000] {processor.py:836} INFO - DAG(s) dict_keys(['example_params_ui_tutorial']) retrieved from /home/airflow/.local/lib/python3.7/site-packages/airflow/example_dags/example_params_ui_tutorial.py
[2025-05-06T07:46:35.842+0000] {logging_mixin.py:149} INFO - [2025-05-06T07:46:35.841+0000] {dag.py:2726} INFO - Sync 1 DAGs
[2025-05-06T07:46:35.862+0000] {logging_mixin.py:149} INFO - [2025-05-06T07:46:35.862+0000] {dag.py:3490} INFO - Setting next_dagrun for example_params_ui_tutorial to None, run_after=None
[2025-05-06T07:46:35.880+0000] {processor.py:179} INFO - Processing /home/airflow/.local/lib/python3.7/site-packages/airflow/example_dags/example_params_ui_tutorial.py took 0.130 seconds
[2025-05-06T07:47:06.508+0000] {processor.py:157} INFO - Started process (PID=1849) to work on /home/airflow/.local/lib/python3.7/site-packages/airflow/example_dags/example_params_ui_tutorial.py
[2025-05-06T07:47:06.509+0000] {processor.py:826} INFO - Processing file /home/airflow/.local/lib/python3.7/site-packages/airflow/example_dags/example_params_ui_tutorial.py for tasks to queue
[2025-05-06T07:47:06.509+0000] {logging_mixin.py:149} INFO - [2025-05-06T07:47:06.509+0000] {dagbag.py:541} INFO - Filling up the DagBag from /home/airflow/.local/lib/python3.7/site-packages/airflow/example_dags/example_params_ui_tutorial.py
[2025-05-06T07:47:06.545+0000] {processor.py:836} INFO - DAG(s) dict_keys(['example_params_ui_tutorial']) retrieved from /home/airflow/.local/lib/python3.7/site-packages/airflow/example_dags/example_params_ui_tutorial.py
[2025-05-06T07:47:06.602+0000] {logging_mixin.py:149} INFO - [2025-05-06T07:47:06.602+0000] {dag.py:2726} INFO - Sync 1 DAGs
[2025-05-06T07:47:06.622+0000] {logging_mixin.py:149} INFO - [2025-05-06T07:47:06.622+0000] {dag.py:3490} INFO - Setting next_dagrun for example_params_ui_tutorial to None, run_after=None
[2025-05-06T07:47:06.641+0000] {processor.py:179} INFO - Processing /home/airflow/.local/lib/python3.7/site-packages/airflow/example_dags/example_params_ui_tutorial.py took 0.136 seconds
[2025-05-06T07:47:37.620+0000] {processor.py:157} INFO - Started process (PID=1926) to work on /home/airflow/.local/lib/python3.7/site-packages/airflow/example_dags/example_params_ui_tutorial.py
[2025-05-06T07:47:37.621+0000] {processor.py:826} INFO - Processing file /home/airflow/.local/lib/python3.7/site-packages/airflow/example_dags/example_params_ui_tutorial.py for tasks to queue
[2025-05-06T07:47:37.621+0000] {logging_mixin.py:149} INFO - [2025-05-06T07:47:37.621+0000] {dagbag.py:541} INFO - Filling up the DagBag from /home/airflow/.local/lib/python3.7/site-packages/airflow/example_dags/example_params_ui_tutorial.py
[2025-05-06T07:47:37.658+0000] {processor.py:836} INFO - DAG(s) dict_keys(['example_params_ui_tutorial']) retrieved from /home/airflow/.local/lib/python3.7/site-packages/airflow/example_dags/example_params_ui_tutorial.py
[2025-05-06T07:47:37.717+0000] {logging_mixin.py:149} INFO - [2025-05-06T07:47:37.717+0000] {dag.py:2726} INFO - Sync 1 DAGs
[2025-05-06T07:47:37.739+0000] {logging_mixin.py:149} INFO - [2025-05-06T07:47:37.739+0000] {dag.py:3490} INFO - Setting next_dagrun for example_params_ui_tutorial to None, run_after=None
[2025-05-06T07:47:37.757+0000] {processor.py:179} INFO - Processing /home/airflow/.local/lib/python3.7/site-packages/airflow/example_dags/example_params_ui_tutorial.py took 0.141 seconds
[2025-05-06T07:48:08.288+0000] {processor.py:157} INFO - Started process (PID=2003) to work on /home/airflow/.local/lib/python3.7/site-packages/airflow/example_dags/example_params_ui_tutorial.py
[2025-05-06T07:48:08.290+0000] {processor.py:826} INFO - Processing file /home/airflow/.local/lib/python3.7/site-packages/airflow/example_dags/example_params_ui_tutorial.py for tasks to queue
[2025-05-06T07:48:08.291+0000] {logging_mixin.py:149} INFO - [2025-05-06T07:48:08.290+0000] {dagbag.py:541} INFO - Filling up the DagBag from /home/airflow/.local/lib/python3.7/site-packages/airflow/example_dags/example_params_ui_tutorial.py
[2025-05-06T07:48:08.325+0000] {processor.py:836} INFO - DAG(s) dict_keys(['example_params_ui_tutorial']) retrieved from /home/airflow/.local/lib/python3.7/site-packages/airflow/example_dags/example_params_ui_tutorial.py
[2025-05-06T07:48:08.389+0000] {logging_mixin.py:149} INFO - [2025-05-06T07:48:08.389+0000] {dag.py:2726} INFO - Sync 1 DAGs
[2025-05-06T07:48:08.412+0000] {logging_mixin.py:149} INFO - [2025-05-06T07:48:08.412+0000] {dag.py:3490} INFO - Setting next_dagrun for example_params_ui_tutorial to None, run_after=None
[2025-05-06T07:48:08.428+0000] {processor.py:179} INFO - Processing /home/airflow/.local/lib/python3.7/site-packages/airflow/example_dags/example_params_ui_tutorial.py took 0.142 seconds
[2025-05-06T07:48:39.162+0000] {processor.py:157} INFO - Started process (PID=2080) to work on /home/airflow/.local/lib/python3.7/site-packages/airflow/example_dags/example_params_ui_tutorial.py
[2025-05-06T07:48:39.163+0000] {processor.py:826} INFO - Processing file /home/airflow/.local/lib/python3.7/site-packages/airflow/example_dags/example_params_ui_tutorial.py for tasks to queue
[2025-05-06T07:48:39.163+0000] {logging_mixin.py:149} INFO - [2025-05-06T07:48:39.163+0000] {dagbag.py:541} INFO - Filling up the DagBag from /home/airflow/.local/lib/python3.7/site-packages/airflow/example_dags/example_params_ui_tutorial.py
[2025-05-06T07:48:39.202+0000] {processor.py:836} INFO - DAG(s) dict_keys(['example_params_ui_tutorial']) retrieved from /home/airflow/.local/lib/python3.7/site-packages/airflow/example_dags/example_params_ui_tutorial.py
[2025-05-06T07:48:39.264+0000] {logging_mixin.py:149} INFO - [2025-05-06T07:48:39.264+0000] {dag.py:2726} INFO - Sync 1 DAGs
[2025-05-06T07:48:39.292+0000] {logging_mixin.py:149} INFO - [2025-05-06T07:48:39.292+0000] {dag.py:3490} INFO - Setting next_dagrun for example_params_ui_tutorial to None, run_after=None
[2025-05-06T07:48:39.312+0000] {processor.py:179} INFO - Processing /home/airflow/.local/lib/python3.7/site-packages/airflow/example_dags/example_params_ui_tutorial.py took 0.153 seconds
[2025-05-06T07:49:10.463+0000] {processor.py:157} INFO - Started process (PID=2157) to work on /home/airflow/.local/lib/python3.7/site-packages/airflow/example_dags/example_params_ui_tutorial.py
[2025-05-06T07:49:10.464+0000] {processor.py:826} INFO - Processing file /home/airflow/.local/lib/python3.7/site-packages/airflow/example_dags/example_params_ui_tutorial.py for tasks to queue
[2025-05-06T07:49:10.464+0000] {logging_mixin.py:149} INFO - [2025-05-06T07:49:10.464+0000] {dagbag.py:541} INFO - Filling up the DagBag from /home/airflow/.local/lib/python3.7/site-packages/airflow/example_dags/example_params_ui_tutorial.py
[2025-05-06T07:49:10.501+0000] {processor.py:836} INFO - DAG(s) dict_keys(['example_params_ui_tutorial']) retrieved from /home/airflow/.local/lib/python3.7/site-packages/airflow/example_dags/example_params_ui_tutorial.py
[2025-05-06T07:49:10.564+0000] {logging_mixin.py:149} INFO - [2025-05-06T07:49:10.563+0000] {dag.py:2726} INFO - Sync 1 DAGs
[2025-05-06T07:49:10.586+0000] {logging_mixin.py:149} INFO - [2025-05-06T07:49:10.585+0000] {dag.py:3490} INFO - Setting next_dagrun for example_params_ui_tutorial to None, run_after=None
[2025-05-06T07:49:10.605+0000] {processor.py:179} INFO - Processing /home/airflow/.local/lib/python3.7/site-packages/airflow/example_dags/example_params_ui_tutorial.py took 0.145 seconds
[2025-05-06T07:49:41.454+0000] {processor.py:157} INFO - Started process (PID=2234) to work on /home/airflow/.local/lib/python3.7/site-packages/airflow/example_dags/example_params_ui_tutorial.py
[2025-05-06T07:49:41.455+0000] {processor.py:826} INFO - Processing file /home/airflow/.local/lib/python3.7/site-packages/airflow/example_dags/example_params_ui_tutorial.py for tasks to queue
[2025-05-06T07:49:41.456+0000] {logging_mixin.py:149} INFO - [2025-05-06T07:49:41.455+0000] {dagbag.py:541} INFO - Filling up the DagBag from /home/airflow/.local/lib/python3.7/site-packages/airflow/example_dags/example_params_ui_tutorial.py
[2025-05-06T07:49:41.488+0000] {processor.py:836} INFO - DAG(s) dict_keys(['example_params_ui_tutorial']) retrieved from /home/airflow/.local/lib/python3.7/site-packages/airflow/example_dags/example_params_ui_tutorial.py
[2025-05-06T07:49:41.542+0000] {logging_mixin.py:149} INFO - [2025-05-06T07:49:41.542+0000] {dag.py:2726} INFO - Sync 1 DAGs
[2025-05-06T07:49:41.562+0000] {logging_mixin.py:149} INFO - [2025-05-06T07:49:41.562+0000] {dag.py:3490} INFO - Setting next_dagrun for example_params_ui_tutorial to None, run_after=None
[2025-05-06T07:49:41.579+0000] {processor.py:179} INFO - Processing /home/airflow/.local/lib/python3.7/site-packages/airflow/example_dags/example_params_ui_tutorial.py took 0.128 seconds
[2025-05-06T07:50:12.276+0000] {processor.py:157} INFO - Started process (PID=2311) to work on /home/airflow/.local/lib/python3.7/site-packages/airflow/example_dags/example_params_ui_tutorial.py
[2025-05-06T07:50:12.277+0000] {processor.py:826} INFO - Processing file /home/airflow/.local/lib/python3.7/site-packages/airflow/example_dags/example_params_ui_tutorial.py for tasks to queue
[2025-05-06T07:50:12.278+0000] {logging_mixin.py:149} INFO - [2025-05-06T07:50:12.278+0000] {dagbag.py:541} INFO - Filling up the DagBag from /home/airflow/.local/lib/python3.7/site-packages/airflow/example_dags/example_params_ui_tutorial.py
[2025-05-06T07:50:12.313+0000] {processor.py:836} INFO - DAG(s) dict_keys(['example_params_ui_tutorial']) retrieved from /home/airflow/.local/lib/python3.7/site-packages/airflow/example_dags/example_params_ui_tutorial.py
[2025-05-06T07:50:12.368+0000] {logging_mixin.py:149} INFO - [2025-05-06T07:50:12.368+0000] {dag.py:2726} INFO - Sync 1 DAGs
[2025-05-06T07:50:12.390+0000] {logging_mixin.py:149} INFO - [2025-05-06T07:50:12.390+0000] {dag.py:3490} INFO - Setting next_dagrun for example_params_ui_tutorial to None, run_after=None
[2025-05-06T07:50:12.407+0000] {processor.py:179} INFO - Processing /home/airflow/.local/lib/python3.7/site-packages/airflow/example_dags/example_params_ui_tutorial.py took 0.133 seconds
[2025-05-06T07:50:43.049+0000] {processor.py:157} INFO - Started process (PID=2388) to work on /home/airflow/.local/lib/python3.7/site-packages/airflow/example_dags/example_params_ui_tutorial.py
[2025-05-06T07:50:43.050+0000] {processor.py:826} INFO - Processing file /home/airflow/.local/lib/python3.7/site-packages/airflow/example_dags/example_params_ui_tutorial.py for tasks to queue
[2025-05-06T07:50:43.051+0000] {logging_mixin.py:149} INFO - [2025-05-06T07:50:43.051+0000] {dagbag.py:541} INFO - Filling up the DagBag from /home/airflow/.local/lib/python3.7/site-packages/airflow/example_dags/example_params_ui_tutorial.py
[2025-05-06T07:50:43.087+0000] {processor.py:836} INFO - DAG(s) dict_keys(['example_params_ui_tutorial']) retrieved from /home/airflow/.local/lib/python3.7/site-packages/airflow/example_dags/example_params_ui_tutorial.py
[2025-05-06T07:50:43.146+0000] {logging_mixin.py:149} INFO - [2025-05-06T07:50:43.146+0000] {dag.py:2726} INFO - Sync 1 DAGs
[2025-05-06T07:50:43.173+0000] {logging_mixin.py:149} INFO - [2025-05-06T07:50:43.173+0000] {dag.py:3490} INFO - Setting next_dagrun for example_params_ui_tutorial to None, run_after=None
[2025-05-06T07:50:43.190+0000] {processor.py:179} INFO - Processing /home/airflow/.local/lib/python3.7/site-packages/airflow/example_dags/example_params_ui_tutorial.py took 0.145 seconds
[2025-05-06T07:51:13.437+0000] {processor.py:157} INFO - Started process (PID=2453) to work on /home/airflow/.local/lib/python3.7/site-packages/airflow/example_dags/example_params_ui_tutorial.py
[2025-05-06T07:51:13.438+0000] {processor.py:826} INFO - Processing file /home/airflow/.local/lib/python3.7/site-packages/airflow/example_dags/example_params_ui_tutorial.py for tasks to queue
[2025-05-06T07:51:13.439+0000] {logging_mixin.py:149} INFO - [2025-05-06T07:51:13.439+0000] {dagbag.py:541} INFO - Filling up the DagBag from /home/airflow/.local/lib/python3.7/site-packages/airflow/example_dags/example_params_ui_tutorial.py
[2025-05-06T07:51:13.504+0000] {processor.py:836} INFO - DAG(s) dict_keys(['example_params_ui_tutorial']) retrieved from /home/airflow/.local/lib/python3.7/site-packages/airflow/example_dags/example_params_ui_tutorial.py
[2025-05-06T07:51:13.584+0000] {logging_mixin.py:149} INFO - [2025-05-06T07:51:13.584+0000] {dag.py:2726} INFO - Sync 1 DAGs
[2025-05-06T07:51:13.605+0000] {logging_mixin.py:149} INFO - [2025-05-06T07:51:13.605+0000] {dag.py:3490} INFO - Setting next_dagrun for example_params_ui_tutorial to None, run_after=None
[2025-05-06T07:51:13.624+0000] {processor.py:179} INFO - Processing /home/airflow/.local/lib/python3.7/site-packages/airflow/example_dags/example_params_ui_tutorial.py took 0.190 seconds
[2025-05-06T07:51:43.974+0000] {processor.py:157} INFO - Started process (PID=2530) to work on /home/airflow/.local/lib/python3.7/site-packages/airflow/example_dags/example_params_ui_tutorial.py
[2025-05-06T07:51:43.975+0000] {processor.py:826} INFO - Processing file /home/airflow/.local/lib/python3.7/site-packages/airflow/example_dags/example_params_ui_tutorial.py for tasks to queue
[2025-05-06T07:51:43.975+0000] {logging_mixin.py:149} INFO - [2025-05-06T07:51:43.975+0000] {dagbag.py:541} INFO - Filling up the DagBag from /home/airflow/.local/lib/python3.7/site-packages/airflow/example_dags/example_params_ui_tutorial.py
[2025-05-06T07:51:44.049+0000] {processor.py:836} INFO - DAG(s) dict_keys(['example_params_ui_tutorial']) retrieved from /home/airflow/.local/lib/python3.7/site-packages/airflow/example_dags/example_params_ui_tutorial.py
[2025-05-06T07:51:44.122+0000] {logging_mixin.py:149} INFO - [2025-05-06T07:51:44.122+0000] {dag.py:2726} INFO - Sync 1 DAGs
[2025-05-06T07:51:44.142+0000] {logging_mixin.py:149} INFO - [2025-05-06T07:51:44.142+0000] {dag.py:3490} INFO - Setting next_dagrun for example_params_ui_tutorial to None, run_after=None
[2025-05-06T07:51:44.160+0000] {processor.py:179} INFO - Processing /home/airflow/.local/lib/python3.7/site-packages/airflow/example_dags/example_params_ui_tutorial.py took 0.189 seconds
