[2025-05-06T07:35:20.797+0000] {processor.py:157} INFO - Started process (PID=91) to work on /home/airflow/.local/lib/python3.7/site-packages/airflow/example_dags/example_xcom.py
[2025-05-06T07:35:20.798+0000] {processor.py:826} INFO - Processing file /home/airflow/.local/lib/python3.7/site-packages/airflow/example_dags/example_xcom.py for tasks to queue
[2025-05-06T07:35:20.799+0000] {logging_mixin.py:149} INFO - [2025-05-06T07:35:20.799+0000] {dagbag.py:541} INFO - Filling up the DagBag from /home/airflow/.local/lib/python3.7/site-packages/airflow/example_dags/example_xcom.py
[2025-05-06T07:35:20.808+0000] {processor.py:836} INFO - DAG(s) dict_keys(['example_xcom']) retrieved from /home/airflow/.local/lib/python3.7/site-packages/airflow/example_dags/example_xcom.py
[2025-05-06T07:35:20.826+0000] {logging_mixin.py:149} INFO - [2025-05-06T07:35:20.826+0000] {dag.py:2726} INFO - Sync 1 DAGs
[2025-05-06T07:35:20.886+0000] {logging_mixin.py:149} INFO - [2025-05-06T07:35:20.884+0000] {dag.py:3490} INFO - Setting next_dagrun for example_xcom to 2021-01-01T00:00:00+00:00, run_after=2021-01-01T00:00:00+00:00
[2025-05-06T07:35:20.938+0000] {processor.py:179} INFO - Processing /home/airflow/.local/lib/python3.7/site-packages/airflow/example_dags/example_xcom.py took 0.145 seconds
[2025-05-06T07:35:51.022+0000] {processor.py:157} INFO - Started process (PID=169) to work on /home/airflow/.local/lib/python3.7/site-packages/airflow/example_dags/example_xcom.py
[2025-05-06T07:35:51.024+0000] {processor.py:826} INFO - Processing file /home/airflow/.local/lib/python3.7/site-packages/airflow/example_dags/example_xcom.py for tasks to queue
[2025-05-06T07:35:51.024+0000] {logging_mixin.py:149} INFO - [2025-05-06T07:35:51.024+0000] {dagbag.py:541} INFO - Filling up the DagBag from /home/airflow/.local/lib/python3.7/site-packages/airflow/example_dags/example_xcom.py
[2025-05-06T07:35:51.031+0000] {processor.py:836} INFO - DAG(s) dict_keys(['example_xcom']) retrieved from /home/airflow/.local/lib/python3.7/site-packages/airflow/example_dags/example_xcom.py
[2025-05-06T07:35:51.058+0000] {logging_mixin.py:149} INFO - [2025-05-06T07:35:51.058+0000] {dag.py:2726} INFO - Sync 1 DAGs
[2025-05-06T07:35:51.085+0000] {logging_mixin.py:149} INFO - [2025-05-06T07:35:51.084+0000] {dag.py:3490} INFO - Setting next_dagrun for example_xcom to 2021-01-01T00:00:00+00:00, run_after=2021-01-01T00:00:00+00:00
[2025-05-06T07:35:51.107+0000] {processor.py:179} INFO - Processing /home/airflow/.local/lib/python3.7/site-packages/airflow/example_dags/example_xcom.py took 0.088 seconds
[2025-05-06T07:36:23.062+0000] {processor.py:157} INFO - Started process (PID=246) to work on /home/airflow/.local/lib/python3.7/site-packages/airflow/example_dags/example_xcom.py
[2025-05-06T07:36:23.065+0000] {processor.py:826} INFO - Processing file /home/airflow/.local/lib/python3.7/site-packages/airflow/example_dags/example_xcom.py for tasks to queue
[2025-05-06T07:36:23.066+0000] {logging_mixin.py:149} INFO - [2025-05-06T07:36:23.066+0000] {dagbag.py:541} INFO - Filling up the DagBag from /home/airflow/.local/lib/python3.7/site-packages/airflow/example_dags/example_xcom.py
[2025-05-06T07:36:23.082+0000] {processor.py:836} INFO - DAG(s) dict_keys(['example_xcom']) retrieved from /home/airflow/.local/lib/python3.7/site-packages/airflow/example_dags/example_xcom.py
[2025-05-06T07:36:23.131+0000] {logging_mixin.py:149} INFO - [2025-05-06T07:36:23.130+0000] {dag.py:2726} INFO - Sync 1 DAGs
[2025-05-06T07:36:23.181+0000] {logging_mixin.py:149} INFO - [2025-05-06T07:36:23.181+0000] {dag.py:3490} INFO - Setting next_dagrun for example_xcom to 2021-01-01T00:00:00+00:00, run_after=2021-01-01T00:00:00+00:00
[2025-05-06T07:36:23.219+0000] {processor.py:179} INFO - Processing /home/airflow/.local/lib/python3.7/site-packages/airflow/example_dags/example_xcom.py took 0.165 seconds
[2025-05-06T07:36:54.250+0000] {processor.py:157} INFO - Started process (PID=323) to work on /home/airflow/.local/lib/python3.7/site-packages/airflow/example_dags/example_xcom.py
[2025-05-06T07:36:54.252+0000] {processor.py:826} INFO - Processing file /home/airflow/.local/lib/python3.7/site-packages/airflow/example_dags/example_xcom.py for tasks to queue
[2025-05-06T07:36:54.253+0000] {logging_mixin.py:149} INFO - [2025-05-06T07:36:54.253+0000] {dagbag.py:541} INFO - Filling up the DagBag from /home/airflow/.local/lib/python3.7/site-packages/airflow/example_dags/example_xcom.py
[2025-05-06T07:36:54.269+0000] {processor.py:836} INFO - DAG(s) dict_keys(['example_xcom']) retrieved from /home/airflow/.local/lib/python3.7/site-packages/airflow/example_dags/example_xcom.py
[2025-05-06T07:36:54.325+0000] {logging_mixin.py:149} INFO - [2025-05-06T07:36:54.325+0000] {dag.py:2726} INFO - Sync 1 DAGs
[2025-05-06T07:36:54.381+0000] {logging_mixin.py:149} INFO - [2025-05-06T07:36:54.381+0000] {dag.py:3490} INFO - Setting next_dagrun for example_xcom to 2021-01-01T00:00:00+00:00, run_after=2021-01-01T00:00:00+00:00
[2025-05-06T07:36:54.429+0000] {processor.py:179} INFO - Processing /home/airflow/.local/lib/python3.7/site-packages/airflow/example_dags/example_xcom.py took 0.188 seconds
[2025-05-06T07:37:24.517+0000] {processor.py:157} INFO - Started process (PID=400) to work on /home/airflow/.local/lib/python3.7/site-packages/airflow/example_dags/example_xcom.py
[2025-05-06T07:37:24.519+0000] {processor.py:826} INFO - Processing file /home/airflow/.local/lib/python3.7/site-packages/airflow/example_dags/example_xcom.py for tasks to queue
[2025-05-06T07:37:24.520+0000] {logging_mixin.py:149} INFO - [2025-05-06T07:37:24.520+0000] {dagbag.py:541} INFO - Filling up the DagBag from /home/airflow/.local/lib/python3.7/site-packages/airflow/example_dags/example_xcom.py
[2025-05-06T07:37:24.528+0000] {processor.py:836} INFO - DAG(s) dict_keys(['example_xcom']) retrieved from /home/airflow/.local/lib/python3.7/site-packages/airflow/example_dags/example_xcom.py
[2025-05-06T07:37:24.557+0000] {logging_mixin.py:149} INFO - [2025-05-06T07:37:24.557+0000] {dag.py:2726} INFO - Sync 1 DAGs
[2025-05-06T07:37:24.583+0000] {logging_mixin.py:149} INFO - [2025-05-06T07:37:24.583+0000] {dag.py:3490} INFO - Setting next_dagrun for example_xcom to 2021-01-01T00:00:00+00:00, run_after=2021-01-01T00:00:00+00:00
[2025-05-06T07:37:24.607+0000] {processor.py:179} INFO - Processing /home/airflow/.local/lib/python3.7/site-packages/airflow/example_dags/example_xcom.py took 0.093 seconds
[2025-05-06T07:37:54.650+0000] {processor.py:157} INFO - Started process (PID=477) to work on /home/airflow/.local/lib/python3.7/site-packages/airflow/example_dags/example_xcom.py
[2025-05-06T07:37:54.652+0000] {processor.py:826} INFO - Processing file /home/airflow/.local/lib/python3.7/site-packages/airflow/example_dags/example_xcom.py for tasks to queue
[2025-05-06T07:37:54.652+0000] {logging_mixin.py:149} INFO - [2025-05-06T07:37:54.652+0000] {dagbag.py:541} INFO - Filling up the DagBag from /home/airflow/.local/lib/python3.7/site-packages/airflow/example_dags/example_xcom.py
[2025-05-06T07:37:54.658+0000] {processor.py:836} INFO - DAG(s) dict_keys(['example_xcom']) retrieved from /home/airflow/.local/lib/python3.7/site-packages/airflow/example_dags/example_xcom.py
[2025-05-06T07:37:54.680+0000] {logging_mixin.py:149} INFO - [2025-05-06T07:37:54.680+0000] {dag.py:2726} INFO - Sync 1 DAGs
[2025-05-06T07:37:54.700+0000] {logging_mixin.py:149} INFO - [2025-05-06T07:37:54.700+0000] {dag.py:3490} INFO - Setting next_dagrun for example_xcom to 2021-01-01T00:00:00+00:00, run_after=2021-01-01T00:00:00+00:00
[2025-05-06T07:37:54.718+0000] {processor.py:179} INFO - Processing /home/airflow/.local/lib/python3.7/site-packages/airflow/example_dags/example_xcom.py took 0.070 seconds
[2025-05-06T07:38:26.177+0000] {processor.py:157} INFO - Started process (PID=554) to work on /home/airflow/.local/lib/python3.7/site-packages/airflow/example_dags/example_xcom.py
[2025-05-06T07:38:26.178+0000] {processor.py:826} INFO - Processing file /home/airflow/.local/lib/python3.7/site-packages/airflow/example_dags/example_xcom.py for tasks to queue
[2025-05-06T07:38:26.179+0000] {logging_mixin.py:149} INFO - [2025-05-06T07:38:26.179+0000] {dagbag.py:541} INFO - Filling up the DagBag from /home/airflow/.local/lib/python3.7/site-packages/airflow/example_dags/example_xcom.py
[2025-05-06T07:38:26.188+0000] {processor.py:836} INFO - DAG(s) dict_keys(['example_xcom']) retrieved from /home/airflow/.local/lib/python3.7/site-packages/airflow/example_dags/example_xcom.py
[2025-05-06T07:38:26.222+0000] {logging_mixin.py:149} INFO - [2025-05-06T07:38:26.222+0000] {dag.py:2726} INFO - Sync 1 DAGs
[2025-05-06T07:38:26.253+0000] {logging_mixin.py:149} INFO - [2025-05-06T07:38:26.253+0000] {dag.py:3490} INFO - Setting next_dagrun for example_xcom to 2021-01-01T00:00:00+00:00, run_after=2021-01-01T00:00:00+00:00
[2025-05-06T07:38:26.280+0000] {processor.py:179} INFO - Processing /home/airflow/.local/lib/python3.7/site-packages/airflow/example_dags/example_xcom.py took 0.107 seconds
[2025-05-06T07:38:56.347+0000] {processor.py:157} INFO - Started process (PID=631) to work on /home/airflow/.local/lib/python3.7/site-packages/airflow/example_dags/example_xcom.py
[2025-05-06T07:38:56.348+0000] {processor.py:826} INFO - Processing file /home/airflow/.local/lib/python3.7/site-packages/airflow/example_dags/example_xcom.py for tasks to queue
[2025-05-06T07:38:56.348+0000] {logging_mixin.py:149} INFO - [2025-05-06T07:38:56.348+0000] {dagbag.py:541} INFO - Filling up the DagBag from /home/airflow/.local/lib/python3.7/site-packages/airflow/example_dags/example_xcom.py
[2025-05-06T07:38:56.354+0000] {processor.py:836} INFO - DAG(s) dict_keys(['example_xcom']) retrieved from /home/airflow/.local/lib/python3.7/site-packages/airflow/example_dags/example_xcom.py
[2025-05-06T07:38:56.377+0000] {logging_mixin.py:149} INFO - [2025-05-06T07:38:56.377+0000] {dag.py:2726} INFO - Sync 1 DAGs
[2025-05-06T07:38:56.397+0000] {logging_mixin.py:149} INFO - [2025-05-06T07:38:56.397+0000] {dag.py:3490} INFO - Setting next_dagrun for example_xcom to 2021-01-01T00:00:00+00:00, run_after=2021-01-01T00:00:00+00:00
[2025-05-06T07:38:56.415+0000] {processor.py:179} INFO - Processing /home/airflow/.local/lib/python3.7/site-packages/airflow/example_dags/example_xcom.py took 0.070 seconds
[2025-05-06T07:39:27.131+0000] {processor.py:157} INFO - Started process (PID=708) to work on /home/airflow/.local/lib/python3.7/site-packages/airflow/example_dags/example_xcom.py
[2025-05-06T07:39:27.132+0000] {processor.py:826} INFO - Processing file /home/airflow/.local/lib/python3.7/site-packages/airflow/example_dags/example_xcom.py for tasks to queue
[2025-05-06T07:39:27.132+0000] {logging_mixin.py:149} INFO - [2025-05-06T07:39:27.132+0000] {dagbag.py:541} INFO - Filling up the DagBag from /home/airflow/.local/lib/python3.7/site-packages/airflow/example_dags/example_xcom.py
[2025-05-06T07:39:27.138+0000] {processor.py:836} INFO - DAG(s) dict_keys(['example_xcom']) retrieved from /home/airflow/.local/lib/python3.7/site-packages/airflow/example_dags/example_xcom.py
[2025-05-06T07:39:27.161+0000] {logging_mixin.py:149} INFO - [2025-05-06T07:39:27.161+0000] {dag.py:2726} INFO - Sync 1 DAGs
[2025-05-06T07:39:27.182+0000] {logging_mixin.py:149} INFO - [2025-05-06T07:39:27.182+0000] {dag.py:3490} INFO - Setting next_dagrun for example_xcom to 2021-01-01T00:00:00+00:00, run_after=2021-01-01T00:00:00+00:00
[2025-05-06T07:39:27.199+0000] {processor.py:179} INFO - Processing /home/airflow/.local/lib/python3.7/site-packages/airflow/example_dags/example_xcom.py took 0.071 seconds
[2025-05-06T07:39:57.637+0000] {processor.py:157} INFO - Started process (PID=785) to work on /home/airflow/.local/lib/python3.7/site-packages/airflow/example_dags/example_xcom.py
[2025-05-06T07:39:57.638+0000] {processor.py:826} INFO - Processing file /home/airflow/.local/lib/python3.7/site-packages/airflow/example_dags/example_xcom.py for tasks to queue
[2025-05-06T07:39:57.638+0000] {logging_mixin.py:149} INFO - [2025-05-06T07:39:57.638+0000] {dagbag.py:541} INFO - Filling up the DagBag from /home/airflow/.local/lib/python3.7/site-packages/airflow/example_dags/example_xcom.py
[2025-05-06T07:39:57.645+0000] {processor.py:836} INFO - DAG(s) dict_keys(['example_xcom']) retrieved from /home/airflow/.local/lib/python3.7/site-packages/airflow/example_dags/example_xcom.py
[2025-05-06T07:39:57.666+0000] {logging_mixin.py:149} INFO - [2025-05-06T07:39:57.666+0000] {dag.py:2726} INFO - Sync 1 DAGs
[2025-05-06T07:39:57.688+0000] {logging_mixin.py:149} INFO - [2025-05-06T07:39:57.687+0000] {dag.py:3490} INFO - Setting next_dagrun for example_xcom to 2021-01-01T00:00:00+00:00, run_after=2021-01-01T00:00:00+00:00
[2025-05-06T07:39:57.706+0000] {processor.py:179} INFO - Processing /home/airflow/.local/lib/python3.7/site-packages/airflow/example_dags/example_xcom.py took 0.072 seconds
[2025-05-06T07:40:28.210+0000] {processor.py:157} INFO - Started process (PID=862) to work on /home/airflow/.local/lib/python3.7/site-packages/airflow/example_dags/example_xcom.py
[2025-05-06T07:40:28.211+0000] {processor.py:826} INFO - Processing file /home/airflow/.local/lib/python3.7/site-packages/airflow/example_dags/example_xcom.py for tasks to queue
[2025-05-06T07:40:28.212+0000] {logging_mixin.py:149} INFO - [2025-05-06T07:40:28.212+0000] {dagbag.py:541} INFO - Filling up the DagBag from /home/airflow/.local/lib/python3.7/site-packages/airflow/example_dags/example_xcom.py
[2025-05-06T07:40:28.218+0000] {processor.py:836} INFO - DAG(s) dict_keys(['example_xcom']) retrieved from /home/airflow/.local/lib/python3.7/site-packages/airflow/example_dags/example_xcom.py
[2025-05-06T07:40:28.241+0000] {logging_mixin.py:149} INFO - [2025-05-06T07:40:28.240+0000] {dag.py:2726} INFO - Sync 1 DAGs
[2025-05-06T07:40:28.261+0000] {logging_mixin.py:149} INFO - [2025-05-06T07:40:28.261+0000] {dag.py:3490} INFO - Setting next_dagrun for example_xcom to 2021-01-01T00:00:00+00:00, run_after=2021-01-01T00:00:00+00:00
[2025-05-06T07:40:28.278+0000] {processor.py:179} INFO - Processing /home/airflow/.local/lib/python3.7/site-packages/airflow/example_dags/example_xcom.py took 0.071 seconds
[2025-05-06T07:40:58.657+0000] {processor.py:157} INFO - Started process (PID=939) to work on /home/airflow/.local/lib/python3.7/site-packages/airflow/example_dags/example_xcom.py
[2025-05-06T07:40:58.658+0000] {processor.py:826} INFO - Processing file /home/airflow/.local/lib/python3.7/site-packages/airflow/example_dags/example_xcom.py for tasks to queue
[2025-05-06T07:40:58.658+0000] {logging_mixin.py:149} INFO - [2025-05-06T07:40:58.658+0000] {dagbag.py:541} INFO - Filling up the DagBag from /home/airflow/.local/lib/python3.7/site-packages/airflow/example_dags/example_xcom.py
[2025-05-06T07:40:58.665+0000] {processor.py:836} INFO - DAG(s) dict_keys(['example_xcom']) retrieved from /home/airflow/.local/lib/python3.7/site-packages/airflow/example_dags/example_xcom.py
[2025-05-06T07:40:58.687+0000] {logging_mixin.py:149} INFO - [2025-05-06T07:40:58.687+0000] {dag.py:2726} INFO - Sync 1 DAGs
[2025-05-06T07:40:58.707+0000] {logging_mixin.py:149} INFO - [2025-05-06T07:40:58.707+0000] {dag.py:3490} INFO - Setting next_dagrun for example_xcom to 2021-01-01T00:00:00+00:00, run_after=2021-01-01T00:00:00+00:00
[2025-05-06T07:40:58.724+0000] {processor.py:179} INFO - Processing /home/airflow/.local/lib/python3.7/site-packages/airflow/example_dags/example_xcom.py took 0.070 seconds
[2025-05-06T07:41:29.172+0000] {processor.py:157} INFO - Started process (PID=1016) to work on /home/airflow/.local/lib/python3.7/site-packages/airflow/example_dags/example_xcom.py
[2025-05-06T07:41:29.173+0000] {processor.py:826} INFO - Processing file /home/airflow/.local/lib/python3.7/site-packages/airflow/example_dags/example_xcom.py for tasks to queue
[2025-05-06T07:41:29.174+0000] {logging_mixin.py:149} INFO - [2025-05-06T07:41:29.174+0000] {dagbag.py:541} INFO - Filling up the DagBag from /home/airflow/.local/lib/python3.7/site-packages/airflow/example_dags/example_xcom.py
[2025-05-06T07:41:29.181+0000] {processor.py:836} INFO - DAG(s) dict_keys(['example_xcom']) retrieved from /home/airflow/.local/lib/python3.7/site-packages/airflow/example_dags/example_xcom.py
[2025-05-06T07:41:29.202+0000] {logging_mixin.py:149} INFO - [2025-05-06T07:41:29.202+0000] {dag.py:2726} INFO - Sync 1 DAGs
[2025-05-06T07:41:29.222+0000] {logging_mixin.py:149} INFO - [2025-05-06T07:41:29.222+0000] {dag.py:3490} INFO - Setting next_dagrun for example_xcom to 2021-01-01T00:00:00+00:00, run_after=2021-01-01T00:00:00+00:00
[2025-05-06T07:41:29.240+0000] {processor.py:179} INFO - Processing /home/airflow/.local/lib/python3.7/site-packages/airflow/example_dags/example_xcom.py took 0.071 seconds
[2025-05-06T07:41:59.745+0000] {processor.py:157} INFO - Started process (PID=1093) to work on /home/airflow/.local/lib/python3.7/site-packages/airflow/example_dags/example_xcom.py
[2025-05-06T07:41:59.746+0000] {processor.py:826} INFO - Processing file /home/airflow/.local/lib/python3.7/site-packages/airflow/example_dags/example_xcom.py for tasks to queue
[2025-05-06T07:41:59.746+0000] {logging_mixin.py:149} INFO - [2025-05-06T07:41:59.746+0000] {dagbag.py:541} INFO - Filling up the DagBag from /home/airflow/.local/lib/python3.7/site-packages/airflow/example_dags/example_xcom.py
[2025-05-06T07:41:59.753+0000] {processor.py:836} INFO - DAG(s) dict_keys(['example_xcom']) retrieved from /home/airflow/.local/lib/python3.7/site-packages/airflow/example_dags/example_xcom.py
[2025-05-06T07:41:59.776+0000] {logging_mixin.py:149} INFO - [2025-05-06T07:41:59.776+0000] {dag.py:2726} INFO - Sync 1 DAGs
[2025-05-06T07:41:59.798+0000] {logging_mixin.py:149} INFO - [2025-05-06T07:41:59.798+0000] {dag.py:3490} INFO - Setting next_dagrun for example_xcom to 2021-01-01T00:00:00+00:00, run_after=2021-01-01T00:00:00+00:00
[2025-05-06T07:41:59.816+0000] {processor.py:179} INFO - Processing /home/airflow/.local/lib/python3.7/site-packages/airflow/example_dags/example_xcom.py took 0.075 seconds
[2025-05-06T07:42:31.136+0000] {processor.py:157} INFO - Started process (PID=1170) to work on /home/airflow/.local/lib/python3.7/site-packages/airflow/example_dags/example_xcom.py
[2025-05-06T07:42:31.138+0000] {processor.py:826} INFO - Processing file /home/airflow/.local/lib/python3.7/site-packages/airflow/example_dags/example_xcom.py for tasks to queue
[2025-05-06T07:42:31.138+0000] {logging_mixin.py:149} INFO - [2025-05-06T07:42:31.138+0000] {dagbag.py:541} INFO - Filling up the DagBag from /home/airflow/.local/lib/python3.7/site-packages/airflow/example_dags/example_xcom.py
[2025-05-06T07:42:31.147+0000] {processor.py:836} INFO - DAG(s) dict_keys(['example_xcom']) retrieved from /home/airflow/.local/lib/python3.7/site-packages/airflow/example_dags/example_xcom.py
[2025-05-06T07:42:31.176+0000] {logging_mixin.py:149} INFO - [2025-05-06T07:42:31.176+0000] {dag.py:2726} INFO - Sync 1 DAGs
[2025-05-06T07:42:31.205+0000] {logging_mixin.py:149} INFO - [2025-05-06T07:42:31.205+0000] {dag.py:3490} INFO - Setting next_dagrun for example_xcom to 2021-01-01T00:00:00+00:00, run_after=2021-01-01T00:00:00+00:00
[2025-05-06T07:42:31.229+0000] {processor.py:179} INFO - Processing /home/airflow/.local/lib/python3.7/site-packages/airflow/example_dags/example_xcom.py took 0.097 seconds
[2025-05-06T07:43:01.740+0000] {processor.py:157} INFO - Started process (PID=1247) to work on /home/airflow/.local/lib/python3.7/site-packages/airflow/example_dags/example_xcom.py
[2025-05-06T07:43:01.741+0000] {processor.py:826} INFO - Processing file /home/airflow/.local/lib/python3.7/site-packages/airflow/example_dags/example_xcom.py for tasks to queue
[2025-05-06T07:43:01.742+0000] {logging_mixin.py:149} INFO - [2025-05-06T07:43:01.742+0000] {dagbag.py:541} INFO - Filling up the DagBag from /home/airflow/.local/lib/python3.7/site-packages/airflow/example_dags/example_xcom.py
[2025-05-06T07:43:01.748+0000] {processor.py:836} INFO - DAG(s) dict_keys(['example_xcom']) retrieved from /home/airflow/.local/lib/python3.7/site-packages/airflow/example_dags/example_xcom.py
[2025-05-06T07:43:01.770+0000] {logging_mixin.py:149} INFO - [2025-05-06T07:43:01.770+0000] {dag.py:2726} INFO - Sync 1 DAGs
[2025-05-06T07:43:01.791+0000] {logging_mixin.py:149} INFO - [2025-05-06T07:43:01.791+0000] {dag.py:3490} INFO - Setting next_dagrun for example_xcom to 2021-01-01T00:00:00+00:00, run_after=2021-01-01T00:00:00+00:00
[2025-05-06T07:43:01.809+0000] {processor.py:179} INFO - Processing /home/airflow/.local/lib/python3.7/site-packages/airflow/example_dags/example_xcom.py took 0.071 seconds
[2025-05-06T07:43:32.289+0000] {processor.py:157} INFO - Started process (PID=1324) to work on /home/airflow/.local/lib/python3.7/site-packages/airflow/example_dags/example_xcom.py
[2025-05-06T07:43:32.290+0000] {processor.py:826} INFO - Processing file /home/airflow/.local/lib/python3.7/site-packages/airflow/example_dags/example_xcom.py for tasks to queue
[2025-05-06T07:43:32.291+0000] {logging_mixin.py:149} INFO - [2025-05-06T07:43:32.291+0000] {dagbag.py:541} INFO - Filling up the DagBag from /home/airflow/.local/lib/python3.7/site-packages/airflow/example_dags/example_xcom.py
[2025-05-06T07:43:32.301+0000] {processor.py:836} INFO - DAG(s) dict_keys(['example_xcom']) retrieved from /home/airflow/.local/lib/python3.7/site-packages/airflow/example_dags/example_xcom.py
[2025-05-06T07:43:32.326+0000] {logging_mixin.py:149} INFO - [2025-05-06T07:43:32.326+0000] {dag.py:2726} INFO - Sync 1 DAGs
[2025-05-06T07:43:32.350+0000] {logging_mixin.py:149} INFO - [2025-05-06T07:43:32.350+0000] {dag.py:3490} INFO - Setting next_dagrun for example_xcom to 2021-01-01T00:00:00+00:00, run_after=2021-01-01T00:00:00+00:00
[2025-05-06T07:43:32.372+0000] {processor.py:179} INFO - Processing /home/airflow/.local/lib/python3.7/site-packages/airflow/example_dags/example_xcom.py took 0.087 seconds
[2025-05-06T07:44:03.719+0000] {processor.py:157} INFO - Started process (PID=1401) to work on /home/airflow/.local/lib/python3.7/site-packages/airflow/example_dags/example_xcom.py
[2025-05-06T07:44:03.720+0000] {processor.py:826} INFO - Processing file /home/airflow/.local/lib/python3.7/site-packages/airflow/example_dags/example_xcom.py for tasks to queue
[2025-05-06T07:44:03.721+0000] {logging_mixin.py:149} INFO - [2025-05-06T07:44:03.721+0000] {dagbag.py:541} INFO - Filling up the DagBag from /home/airflow/.local/lib/python3.7/site-packages/airflow/example_dags/example_xcom.py
[2025-05-06T07:44:03.731+0000] {processor.py:836} INFO - DAG(s) dict_keys(['example_xcom']) retrieved from /home/airflow/.local/lib/python3.7/site-packages/airflow/example_dags/example_xcom.py
[2025-05-06T07:44:03.764+0000] {logging_mixin.py:149} INFO - [2025-05-06T07:44:03.764+0000] {dag.py:2726} INFO - Sync 1 DAGs
[2025-05-06T07:44:03.794+0000] {logging_mixin.py:149} INFO - [2025-05-06T07:44:03.793+0000] {dag.py:3490} INFO - Setting next_dagrun for example_xcom to 2021-01-01T00:00:00+00:00, run_after=2021-01-01T00:00:00+00:00
[2025-05-06T07:44:03.818+0000] {processor.py:179} INFO - Processing /home/airflow/.local/lib/python3.7/site-packages/airflow/example_dags/example_xcom.py took 0.104 seconds
[2025-05-06T07:44:34.643+0000] {processor.py:157} INFO - Started process (PID=1478) to work on /home/airflow/.local/lib/python3.7/site-packages/airflow/example_dags/example_xcom.py
[2025-05-06T07:44:34.644+0000] {processor.py:826} INFO - Processing file /home/airflow/.local/lib/python3.7/site-packages/airflow/example_dags/example_xcom.py for tasks to queue
[2025-05-06T07:44:34.645+0000] {logging_mixin.py:149} INFO - [2025-05-06T07:44:34.645+0000] {dagbag.py:541} INFO - Filling up the DagBag from /home/airflow/.local/lib/python3.7/site-packages/airflow/example_dags/example_xcom.py
[2025-05-06T07:44:34.653+0000] {processor.py:836} INFO - DAG(s) dict_keys(['example_xcom']) retrieved from /home/airflow/.local/lib/python3.7/site-packages/airflow/example_dags/example_xcom.py
[2025-05-06T07:44:34.679+0000] {logging_mixin.py:149} INFO - [2025-05-06T07:44:34.679+0000] {dag.py:2726} INFO - Sync 1 DAGs
[2025-05-06T07:44:34.705+0000] {logging_mixin.py:149} INFO - [2025-05-06T07:44:34.705+0000] {dag.py:3490} INFO - Setting next_dagrun for example_xcom to 2021-01-01T00:00:00+00:00, run_after=2021-01-01T00:00:00+00:00
[2025-05-06T07:44:34.725+0000] {processor.py:179} INFO - Processing /home/airflow/.local/lib/python3.7/site-packages/airflow/example_dags/example_xcom.py took 0.086 seconds
[2025-05-06T07:45:04.853+0000] {processor.py:157} INFO - Started process (PID=1555) to work on /home/airflow/.local/lib/python3.7/site-packages/airflow/example_dags/example_xcom.py
[2025-05-06T07:45:04.854+0000] {processor.py:826} INFO - Processing file /home/airflow/.local/lib/python3.7/site-packages/airflow/example_dags/example_xcom.py for tasks to queue
[2025-05-06T07:45:04.854+0000] {logging_mixin.py:149} INFO - [2025-05-06T07:45:04.854+0000] {dagbag.py:541} INFO - Filling up the DagBag from /home/airflow/.local/lib/python3.7/site-packages/airflow/example_dags/example_xcom.py
[2025-05-06T07:45:04.860+0000] {processor.py:836} INFO - DAG(s) dict_keys(['example_xcom']) retrieved from /home/airflow/.local/lib/python3.7/site-packages/airflow/example_dags/example_xcom.py
[2025-05-06T07:45:04.884+0000] {logging_mixin.py:149} INFO - [2025-05-06T07:45:04.884+0000] {dag.py:2726} INFO - Sync 1 DAGs
[2025-05-06T07:45:04.905+0000] {logging_mixin.py:149} INFO - [2025-05-06T07:45:04.905+0000] {dag.py:3490} INFO - Setting next_dagrun for example_xcom to 2021-01-01T00:00:00+00:00, run_after=2021-01-01T00:00:00+00:00
[2025-05-06T07:45:04.923+0000] {processor.py:179} INFO - Processing /home/airflow/.local/lib/python3.7/site-packages/airflow/example_dags/example_xcom.py took 0.073 seconds
[2025-05-06T07:45:35.492+0000] {processor.py:157} INFO - Started process (PID=1632) to work on /home/airflow/.local/lib/python3.7/site-packages/airflow/example_dags/example_xcom.py
[2025-05-06T07:45:35.493+0000] {processor.py:826} INFO - Processing file /home/airflow/.local/lib/python3.7/site-packages/airflow/example_dags/example_xcom.py for tasks to queue
[2025-05-06T07:45:35.493+0000] {logging_mixin.py:149} INFO - [2025-05-06T07:45:35.493+0000] {dagbag.py:541} INFO - Filling up the DagBag from /home/airflow/.local/lib/python3.7/site-packages/airflow/example_dags/example_xcom.py
[2025-05-06T07:45:35.499+0000] {processor.py:836} INFO - DAG(s) dict_keys(['example_xcom']) retrieved from /home/airflow/.local/lib/python3.7/site-packages/airflow/example_dags/example_xcom.py
[2025-05-06T07:45:35.521+0000] {logging_mixin.py:149} INFO - [2025-05-06T07:45:35.521+0000] {dag.py:2726} INFO - Sync 1 DAGs
[2025-05-06T07:45:35.540+0000] {logging_mixin.py:149} INFO - [2025-05-06T07:45:35.540+0000] {dag.py:3490} INFO - Setting next_dagrun for example_xcom to 2021-01-01T00:00:00+00:00, run_after=2021-01-01T00:00:00+00:00
[2025-05-06T07:45:35.557+0000] {processor.py:179} INFO - Processing /home/airflow/.local/lib/python3.7/site-packages/airflow/example_dags/example_xcom.py took 0.068 seconds
[2025-05-06T07:46:06.036+0000] {processor.py:157} INFO - Started process (PID=1710) to work on /home/airflow/.local/lib/python3.7/site-packages/airflow/example_dags/example_xcom.py
[2025-05-06T07:46:06.037+0000] {processor.py:826} INFO - Processing file /home/airflow/.local/lib/python3.7/site-packages/airflow/example_dags/example_xcom.py for tasks to queue
[2025-05-06T07:46:06.037+0000] {logging_mixin.py:149} INFO - [2025-05-06T07:46:06.037+0000] {dagbag.py:541} INFO - Filling up the DagBag from /home/airflow/.local/lib/python3.7/site-packages/airflow/example_dags/example_xcom.py
[2025-05-06T07:46:06.043+0000] {processor.py:836} INFO - DAG(s) dict_keys(['example_xcom']) retrieved from /home/airflow/.local/lib/python3.7/site-packages/airflow/example_dags/example_xcom.py
[2025-05-06T07:46:06.066+0000] {logging_mixin.py:149} INFO - [2025-05-06T07:46:06.066+0000] {dag.py:2726} INFO - Sync 1 DAGs
[2025-05-06T07:46:06.088+0000] {logging_mixin.py:149} INFO - [2025-05-06T07:46:06.088+0000] {dag.py:3490} INFO - Setting next_dagrun for example_xcom to 2021-01-01T00:00:00+00:00, run_after=2021-01-01T00:00:00+00:00
[2025-05-06T07:46:06.105+0000] {processor.py:179} INFO - Processing /home/airflow/.local/lib/python3.7/site-packages/airflow/example_dags/example_xcom.py took 0.072 seconds
[2025-05-06T07:46:36.789+0000] {processor.py:157} INFO - Started process (PID=1787) to work on /home/airflow/.local/lib/python3.7/site-packages/airflow/example_dags/example_xcom.py
[2025-05-06T07:46:36.790+0000] {processor.py:826} INFO - Processing file /home/airflow/.local/lib/python3.7/site-packages/airflow/example_dags/example_xcom.py for tasks to queue
[2025-05-06T07:46:36.790+0000] {logging_mixin.py:149} INFO - [2025-05-06T07:46:36.790+0000] {dagbag.py:541} INFO - Filling up the DagBag from /home/airflow/.local/lib/python3.7/site-packages/airflow/example_dags/example_xcom.py
[2025-05-06T07:46:36.796+0000] {processor.py:836} INFO - DAG(s) dict_keys(['example_xcom']) retrieved from /home/airflow/.local/lib/python3.7/site-packages/airflow/example_dags/example_xcom.py
[2025-05-06T07:46:36.819+0000] {logging_mixin.py:149} INFO - [2025-05-06T07:46:36.818+0000] {dag.py:2726} INFO - Sync 1 DAGs
[2025-05-06T07:46:36.839+0000] {logging_mixin.py:149} INFO - [2025-05-06T07:46:36.838+0000] {dag.py:3490} INFO - Setting next_dagrun for example_xcom to 2021-01-01T00:00:00+00:00, run_after=2021-01-01T00:00:00+00:00
[2025-05-06T07:46:36.857+0000] {processor.py:179} INFO - Processing /home/airflow/.local/lib/python3.7/site-packages/airflow/example_dags/example_xcom.py took 0.071 seconds
[2025-05-06T07:47:07.535+0000] {processor.py:157} INFO - Started process (PID=1864) to work on /home/airflow/.local/lib/python3.7/site-packages/airflow/example_dags/example_xcom.py
[2025-05-06T07:47:07.536+0000] {processor.py:826} INFO - Processing file /home/airflow/.local/lib/python3.7/site-packages/airflow/example_dags/example_xcom.py for tasks to queue
[2025-05-06T07:47:07.537+0000] {logging_mixin.py:149} INFO - [2025-05-06T07:47:07.537+0000] {dagbag.py:541} INFO - Filling up the DagBag from /home/airflow/.local/lib/python3.7/site-packages/airflow/example_dags/example_xcom.py
[2025-05-06T07:47:07.546+0000] {processor.py:836} INFO - DAG(s) dict_keys(['example_xcom']) retrieved from /home/airflow/.local/lib/python3.7/site-packages/airflow/example_dags/example_xcom.py
[2025-05-06T07:47:07.573+0000] {logging_mixin.py:149} INFO - [2025-05-06T07:47:07.573+0000] {dag.py:2726} INFO - Sync 1 DAGs
[2025-05-06T07:47:07.598+0000] {logging_mixin.py:149} INFO - [2025-05-06T07:47:07.598+0000] {dag.py:3490} INFO - Setting next_dagrun for example_xcom to 2021-01-01T00:00:00+00:00, run_after=2021-01-01T00:00:00+00:00
[2025-05-06T07:47:07.620+0000] {processor.py:179} INFO - Processing /home/airflow/.local/lib/python3.7/site-packages/airflow/example_dags/example_xcom.py took 0.089 seconds
[2025-05-06T07:47:38.519+0000] {processor.py:157} INFO - Started process (PID=1941) to work on /home/airflow/.local/lib/python3.7/site-packages/airflow/example_dags/example_xcom.py
[2025-05-06T07:47:38.520+0000] {processor.py:826} INFO - Processing file /home/airflow/.local/lib/python3.7/site-packages/airflow/example_dags/example_xcom.py for tasks to queue
[2025-05-06T07:47:38.520+0000] {logging_mixin.py:149} INFO - [2025-05-06T07:47:38.520+0000] {dagbag.py:541} INFO - Filling up the DagBag from /home/airflow/.local/lib/python3.7/site-packages/airflow/example_dags/example_xcom.py
[2025-05-06T07:47:38.528+0000] {processor.py:836} INFO - DAG(s) dict_keys(['example_xcom']) retrieved from /home/airflow/.local/lib/python3.7/site-packages/airflow/example_dags/example_xcom.py
[2025-05-06T07:47:38.557+0000] {logging_mixin.py:149} INFO - [2025-05-06T07:47:38.557+0000] {dag.py:2726} INFO - Sync 1 DAGs
[2025-05-06T07:47:38.582+0000] {logging_mixin.py:149} INFO - [2025-05-06T07:47:38.582+0000] {dag.py:3490} INFO - Setting next_dagrun for example_xcom to 2021-01-01T00:00:00+00:00, run_after=2021-01-01T00:00:00+00:00
[2025-05-06T07:47:38.603+0000] {processor.py:179} INFO - Processing /home/airflow/.local/lib/python3.7/site-packages/airflow/example_dags/example_xcom.py took 0.088 seconds
[2025-05-06T07:48:09.323+0000] {processor.py:157} INFO - Started process (PID=2018) to work on /home/airflow/.local/lib/python3.7/site-packages/airflow/example_dags/example_xcom.py
[2025-05-06T07:48:09.324+0000] {processor.py:826} INFO - Processing file /home/airflow/.local/lib/python3.7/site-packages/airflow/example_dags/example_xcom.py for tasks to queue
[2025-05-06T07:48:09.325+0000] {logging_mixin.py:149} INFO - [2025-05-06T07:48:09.325+0000] {dagbag.py:541} INFO - Filling up the DagBag from /home/airflow/.local/lib/python3.7/site-packages/airflow/example_dags/example_xcom.py
[2025-05-06T07:48:09.331+0000] {processor.py:836} INFO - DAG(s) dict_keys(['example_xcom']) retrieved from /home/airflow/.local/lib/python3.7/site-packages/airflow/example_dags/example_xcom.py
[2025-05-06T07:48:09.352+0000] {logging_mixin.py:149} INFO - [2025-05-06T07:48:09.352+0000] {dag.py:2726} INFO - Sync 1 DAGs
[2025-05-06T07:48:09.372+0000] {logging_mixin.py:149} INFO - [2025-05-06T07:48:09.372+0000] {dag.py:3490} INFO - Setting next_dagrun for example_xcom to 2021-01-01T00:00:00+00:00, run_after=2021-01-01T00:00:00+00:00
[2025-05-06T07:48:09.390+0000] {processor.py:179} INFO - Processing /home/airflow/.local/lib/python3.7/site-packages/airflow/example_dags/example_xcom.py took 0.069 seconds
[2025-05-06T07:48:40.112+0000] {processor.py:157} INFO - Started process (PID=2095) to work on /home/airflow/.local/lib/python3.7/site-packages/airflow/example_dags/example_xcom.py
[2025-05-06T07:48:40.113+0000] {processor.py:826} INFO - Processing file /home/airflow/.local/lib/python3.7/site-packages/airflow/example_dags/example_xcom.py for tasks to queue
[2025-05-06T07:48:40.114+0000] {logging_mixin.py:149} INFO - [2025-05-06T07:48:40.114+0000] {dagbag.py:541} INFO - Filling up the DagBag from /home/airflow/.local/lib/python3.7/site-packages/airflow/example_dags/example_xcom.py
[2025-05-06T07:48:40.121+0000] {processor.py:836} INFO - DAG(s) dict_keys(['example_xcom']) retrieved from /home/airflow/.local/lib/python3.7/site-packages/airflow/example_dags/example_xcom.py
[2025-05-06T07:48:40.145+0000] {logging_mixin.py:149} INFO - [2025-05-06T07:48:40.145+0000] {dag.py:2726} INFO - Sync 1 DAGs
[2025-05-06T07:48:40.167+0000] {logging_mixin.py:149} INFO - [2025-05-06T07:48:40.167+0000] {dag.py:3490} INFO - Setting next_dagrun for example_xcom to 2021-01-01T00:00:00+00:00, run_after=2021-01-01T00:00:00+00:00
[2025-05-06T07:48:40.189+0000] {processor.py:179} INFO - Processing /home/airflow/.local/lib/python3.7/site-packages/airflow/example_dags/example_xcom.py took 0.079 seconds
[2025-05-06T07:49:11.357+0000] {processor.py:157} INFO - Started process (PID=2172) to work on /home/airflow/.local/lib/python3.7/site-packages/airflow/example_dags/example_xcom.py
[2025-05-06T07:49:11.358+0000] {processor.py:826} INFO - Processing file /home/airflow/.local/lib/python3.7/site-packages/airflow/example_dags/example_xcom.py for tasks to queue
[2025-05-06T07:49:11.358+0000] {logging_mixin.py:149} INFO - [2025-05-06T07:49:11.358+0000] {dagbag.py:541} INFO - Filling up the DagBag from /home/airflow/.local/lib/python3.7/site-packages/airflow/example_dags/example_xcom.py
[2025-05-06T07:49:11.366+0000] {processor.py:836} INFO - DAG(s) dict_keys(['example_xcom']) retrieved from /home/airflow/.local/lib/python3.7/site-packages/airflow/example_dags/example_xcom.py
[2025-05-06T07:49:11.390+0000] {logging_mixin.py:149} INFO - [2025-05-06T07:49:11.390+0000] {dag.py:2726} INFO - Sync 1 DAGs
[2025-05-06T07:49:11.413+0000] {logging_mixin.py:149} INFO - [2025-05-06T07:49:11.412+0000] {dag.py:3490} INFO - Setting next_dagrun for example_xcom to 2021-01-01T00:00:00+00:00, run_after=2021-01-01T00:00:00+00:00
[2025-05-06T07:49:11.432+0000] {processor.py:179} INFO - Processing /home/airflow/.local/lib/python3.7/site-packages/airflow/example_dags/example_xcom.py took 0.079 seconds
[2025-05-06T07:49:42.358+0000] {processor.py:157} INFO - Started process (PID=2249) to work on /home/airflow/.local/lib/python3.7/site-packages/airflow/example_dags/example_xcom.py
[2025-05-06T07:49:42.359+0000] {processor.py:826} INFO - Processing file /home/airflow/.local/lib/python3.7/site-packages/airflow/example_dags/example_xcom.py for tasks to queue
[2025-05-06T07:49:42.360+0000] {logging_mixin.py:149} INFO - [2025-05-06T07:49:42.359+0000] {dagbag.py:541} INFO - Filling up the DagBag from /home/airflow/.local/lib/python3.7/site-packages/airflow/example_dags/example_xcom.py
[2025-05-06T07:49:42.366+0000] {processor.py:836} INFO - DAG(s) dict_keys(['example_xcom']) retrieved from /home/airflow/.local/lib/python3.7/site-packages/airflow/example_dags/example_xcom.py
[2025-05-06T07:49:42.392+0000] {logging_mixin.py:149} INFO - [2025-05-06T07:49:42.392+0000] {dag.py:2726} INFO - Sync 1 DAGs
[2025-05-06T07:49:42.416+0000] {logging_mixin.py:149} INFO - [2025-05-06T07:49:42.416+0000] {dag.py:3490} INFO - Setting next_dagrun for example_xcom to 2021-01-01T00:00:00+00:00, run_after=2021-01-01T00:00:00+00:00
[2025-05-06T07:49:42.434+0000] {processor.py:179} INFO - Processing /home/airflow/.local/lib/python3.7/site-packages/airflow/example_dags/example_xcom.py took 0.079 seconds
[2025-05-06T07:50:13.151+0000] {processor.py:157} INFO - Started process (PID=2326) to work on /home/airflow/.local/lib/python3.7/site-packages/airflow/example_dags/example_xcom.py
[2025-05-06T07:50:13.152+0000] {processor.py:826} INFO - Processing file /home/airflow/.local/lib/python3.7/site-packages/airflow/example_dags/example_xcom.py for tasks to queue
[2025-05-06T07:50:13.153+0000] {logging_mixin.py:149} INFO - [2025-05-06T07:50:13.153+0000] {dagbag.py:541} INFO - Filling up the DagBag from /home/airflow/.local/lib/python3.7/site-packages/airflow/example_dags/example_xcom.py
[2025-05-06T07:50:13.159+0000] {processor.py:836} INFO - DAG(s) dict_keys(['example_xcom']) retrieved from /home/airflow/.local/lib/python3.7/site-packages/airflow/example_dags/example_xcom.py
[2025-05-06T07:50:13.181+0000] {logging_mixin.py:149} INFO - [2025-05-06T07:50:13.181+0000] {dag.py:2726} INFO - Sync 1 DAGs
[2025-05-06T07:50:13.202+0000] {logging_mixin.py:149} INFO - [2025-05-06T07:50:13.202+0000] {dag.py:3490} INFO - Setting next_dagrun for example_xcom to 2021-01-01T00:00:00+00:00, run_after=2021-01-01T00:00:00+00:00
[2025-05-06T07:50:13.220+0000] {processor.py:179} INFO - Processing /home/airflow/.local/lib/python3.7/site-packages/airflow/example_dags/example_xcom.py took 0.072 seconds
[2025-05-06T07:50:43.959+0000] {processor.py:157} INFO - Started process (PID=2403) to work on /home/airflow/.local/lib/python3.7/site-packages/airflow/example_dags/example_xcom.py
[2025-05-06T07:50:43.960+0000] {processor.py:826} INFO - Processing file /home/airflow/.local/lib/python3.7/site-packages/airflow/example_dags/example_xcom.py for tasks to queue
[2025-05-06T07:50:43.961+0000] {logging_mixin.py:149} INFO - [2025-05-06T07:50:43.961+0000] {dagbag.py:541} INFO - Filling up the DagBag from /home/airflow/.local/lib/python3.7/site-packages/airflow/example_dags/example_xcom.py
[2025-05-06T07:50:43.968+0000] {processor.py:836} INFO - DAG(s) dict_keys(['example_xcom']) retrieved from /home/airflow/.local/lib/python3.7/site-packages/airflow/example_dags/example_xcom.py
[2025-05-06T07:50:43.992+0000] {logging_mixin.py:149} INFO - [2025-05-06T07:50:43.991+0000] {dag.py:2726} INFO - Sync 1 DAGs
[2025-05-06T07:50:44.014+0000] {logging_mixin.py:149} INFO - [2025-05-06T07:50:44.014+0000] {dag.py:3490} INFO - Setting next_dagrun for example_xcom to 2021-01-01T00:00:00+00:00, run_after=2021-01-01T00:00:00+00:00
[2025-05-06T07:50:44.034+0000] {processor.py:179} INFO - Processing /home/airflow/.local/lib/python3.7/site-packages/airflow/example_dags/example_xcom.py took 0.078 seconds
[2025-05-06T07:51:14.468+0000] {processor.py:157} INFO - Started process (PID=2480) to work on /home/airflow/.local/lib/python3.7/site-packages/airflow/example_dags/example_xcom.py
[2025-05-06T07:51:14.469+0000] {processor.py:826} INFO - Processing file /home/airflow/.local/lib/python3.7/site-packages/airflow/example_dags/example_xcom.py for tasks to queue
[2025-05-06T07:51:14.470+0000] {logging_mixin.py:149} INFO - [2025-05-06T07:51:14.469+0000] {dagbag.py:541} INFO - Filling up the DagBag from /home/airflow/.local/lib/python3.7/site-packages/airflow/example_dags/example_xcom.py
[2025-05-06T07:51:14.476+0000] {processor.py:836} INFO - DAG(s) dict_keys(['example_xcom']) retrieved from /home/airflow/.local/lib/python3.7/site-packages/airflow/example_dags/example_xcom.py
[2025-05-06T07:51:14.500+0000] {logging_mixin.py:149} INFO - [2025-05-06T07:51:14.499+0000] {dag.py:2726} INFO - Sync 1 DAGs
[2025-05-06T07:51:14.521+0000] {logging_mixin.py:149} INFO - [2025-05-06T07:51:14.520+0000] {dag.py:3490} INFO - Setting next_dagrun for example_xcom to 2021-01-01T00:00:00+00:00, run_after=2021-01-01T00:00:00+00:00
[2025-05-06T07:51:14.538+0000] {processor.py:179} INFO - Processing /home/airflow/.local/lib/python3.7/site-packages/airflow/example_dags/example_xcom.py took 0.073 seconds
[2025-05-06T07:51:45.051+0000] {processor.py:157} INFO - Started process (PID=2557) to work on /home/airflow/.local/lib/python3.7/site-packages/airflow/example_dags/example_xcom.py
[2025-05-06T07:51:45.052+0000] {processor.py:826} INFO - Processing file /home/airflow/.local/lib/python3.7/site-packages/airflow/example_dags/example_xcom.py for tasks to queue
[2025-05-06T07:51:45.053+0000] {logging_mixin.py:149} INFO - [2025-05-06T07:51:45.053+0000] {dagbag.py:541} INFO - Filling up the DagBag from /home/airflow/.local/lib/python3.7/site-packages/airflow/example_dags/example_xcom.py
[2025-05-06T07:51:45.059+0000] {processor.py:836} INFO - DAG(s) dict_keys(['example_xcom']) retrieved from /home/airflow/.local/lib/python3.7/site-packages/airflow/example_dags/example_xcom.py
[2025-05-06T07:51:45.083+0000] {logging_mixin.py:149} INFO - [2025-05-06T07:51:45.083+0000] {dag.py:2726} INFO - Sync 1 DAGs
[2025-05-06T07:51:45.104+0000] {logging_mixin.py:149} INFO - [2025-05-06T07:51:45.104+0000] {dag.py:3490} INFO - Setting next_dagrun for example_xcom to 2021-01-01T00:00:00+00:00, run_after=2021-01-01T00:00:00+00:00
[2025-05-06T07:51:45.122+0000] {processor.py:179} INFO - Processing /home/airflow/.local/lib/python3.7/site-packages/airflow/example_dags/example_xcom.py took 0.074 seconds
