[2025-05-06T07:35:18.578+0000] {processor.py:157} INFO - Started process (PID=72) to work on /home/airflow/.local/lib/python3.7/site-packages/airflow/example_dags/example_latest_only_with_trigger.py
[2025-05-06T07:35:18.580+0000] {processor.py:826} INFO - Processing file /home/airflow/.local/lib/python3.7/site-packages/airflow/example_dags/example_latest_only_with_trigger.py for tasks to queue
[2025-05-06T07:35:18.581+0000] {logging_mixin.py:149} INFO - [2025-05-06T07:35:18.581+0000] {dagbag.py:541} INFO - Filling up the DagBag from /home/airflow/.local/lib/python3.7/site-packages/airflow/example_dags/example_latest_only_with_trigger.py
[2025-05-06T07:35:18.601+0000] {processor.py:836} INFO - DAG(s) dict_keys(['latest_only_with_trigger']) retrieved from /home/airflow/.local/lib/python3.7/site-packages/airflow/example_dags/example_latest_only_with_trigger.py
[2025-05-06T07:35:18.628+0000] {logging_mixin.py:149} INFO - [2025-05-06T07:35:18.627+0000] {dag.py:2726} INFO - Sync 1 DAGs
[2025-05-06T07:35:18.662+0000] {logging_mixin.py:149} INFO - [2025-05-06T07:35:18.662+0000] {dag.py:3490} INFO - Setting next_dagrun for latest_only_with_trigger to 2025-05-06T03:35:18.661480+00:00, run_after=2025-05-06T07:35:18.661480+00:00
[2025-05-06T07:35:18.693+0000] {processor.py:179} INFO - Processing /home/airflow/.local/lib/python3.7/site-packages/airflow/example_dags/example_latest_only_with_trigger.py took 0.123 seconds
[2025-05-06T07:35:49.620+0000] {processor.py:157} INFO - Started process (PID=149) to work on /home/airflow/.local/lib/python3.7/site-packages/airflow/example_dags/example_latest_only_with_trigger.py
[2025-05-06T07:35:49.621+0000] {processor.py:826} INFO - Processing file /home/airflow/.local/lib/python3.7/site-packages/airflow/example_dags/example_latest_only_with_trigger.py for tasks to queue
[2025-05-06T07:35:49.621+0000] {logging_mixin.py:149} INFO - [2025-05-06T07:35:49.621+0000] {dagbag.py:541} INFO - Filling up the DagBag from /home/airflow/.local/lib/python3.7/site-packages/airflow/example_dags/example_latest_only_with_trigger.py
[2025-05-06T07:35:49.628+0000] {processor.py:836} INFO - DAG(s) dict_keys(['latest_only_with_trigger']) retrieved from /home/airflow/.local/lib/python3.7/site-packages/airflow/example_dags/example_latest_only_with_trigger.py
[2025-05-06T07:35:49.656+0000] {logging_mixin.py:149} INFO - [2025-05-06T07:35:49.655+0000] {dag.py:2726} INFO - Sync 1 DAGs
[2025-05-06T07:35:49.684+0000] {logging_mixin.py:149} INFO - [2025-05-06T07:35:49.684+0000] {dag.py:3490} INFO - Setting next_dagrun for latest_only_with_trigger to 2025-05-06T03:35:49.683697+00:00, run_after=2025-05-06T07:35:49.683697+00:00
[2025-05-06T07:35:49.702+0000] {processor.py:179} INFO - Processing /home/airflow/.local/lib/python3.7/site-packages/airflow/example_dags/example_latest_only_with_trigger.py took 0.085 seconds
[2025-05-06T07:36:20.275+0000] {processor.py:157} INFO - Started process (PID=226) to work on /home/airflow/.local/lib/python3.7/site-packages/airflow/example_dags/example_latest_only_with_trigger.py
[2025-05-06T07:36:20.276+0000] {processor.py:826} INFO - Processing file /home/airflow/.local/lib/python3.7/site-packages/airflow/example_dags/example_latest_only_with_trigger.py for tasks to queue
[2025-05-06T07:36:20.277+0000] {logging_mixin.py:149} INFO - [2025-05-06T07:36:20.277+0000] {dagbag.py:541} INFO - Filling up the DagBag from /home/airflow/.local/lib/python3.7/site-packages/airflow/example_dags/example_latest_only_with_trigger.py
[2025-05-06T07:36:20.287+0000] {processor.py:836} INFO - DAG(s) dict_keys(['latest_only_with_trigger']) retrieved from /home/airflow/.local/lib/python3.7/site-packages/airflow/example_dags/example_latest_only_with_trigger.py
[2025-05-06T07:36:20.321+0000] {logging_mixin.py:149} INFO - [2025-05-06T07:36:20.321+0000] {dag.py:2726} INFO - Sync 1 DAGs
[2025-05-06T07:36:20.379+0000] {logging_mixin.py:149} INFO - [2025-05-06T07:36:20.379+0000] {dag.py:3490} INFO - Setting next_dagrun for latest_only_with_trigger to 2025-05-06T03:36:20.378474+00:00, run_after=2025-05-06T07:36:20.378474+00:00
[2025-05-06T07:36:20.413+0000] {processor.py:179} INFO - Processing /home/airflow/.local/lib/python3.7/site-packages/airflow/example_dags/example_latest_only_with_trigger.py took 0.144 seconds
[2025-05-06T07:36:51.569+0000] {processor.py:157} INFO - Started process (PID=303) to work on /home/airflow/.local/lib/python3.7/site-packages/airflow/example_dags/example_latest_only_with_trigger.py
[2025-05-06T07:36:51.570+0000] {processor.py:826} INFO - Processing file /home/airflow/.local/lib/python3.7/site-packages/airflow/example_dags/example_latest_only_with_trigger.py for tasks to queue
[2025-05-06T07:36:51.571+0000] {logging_mixin.py:149} INFO - [2025-05-06T07:36:51.571+0000] {dagbag.py:541} INFO - Filling up the DagBag from /home/airflow/.local/lib/python3.7/site-packages/airflow/example_dags/example_latest_only_with_trigger.py
[2025-05-06T07:36:51.579+0000] {processor.py:836} INFO - DAG(s) dict_keys(['latest_only_with_trigger']) retrieved from /home/airflow/.local/lib/python3.7/site-packages/airflow/example_dags/example_latest_only_with_trigger.py
[2025-05-06T07:36:51.614+0000] {logging_mixin.py:149} INFO - [2025-05-06T07:36:51.614+0000] {dag.py:2726} INFO - Sync 1 DAGs
[2025-05-06T07:36:51.650+0000] {logging_mixin.py:149} INFO - [2025-05-06T07:36:51.650+0000] {dag.py:3490} INFO - Setting next_dagrun for latest_only_with_trigger to 2025-05-06T03:36:51.650171+00:00, run_after=2025-05-06T07:36:51.650171+00:00
[2025-05-06T07:36:51.676+0000] {processor.py:179} INFO - Processing /home/airflow/.local/lib/python3.7/site-packages/airflow/example_dags/example_latest_only_with_trigger.py took 0.112 seconds
[2025-05-06T07:37:22.695+0000] {processor.py:157} INFO - Started process (PID=380) to work on /home/airflow/.local/lib/python3.7/site-packages/airflow/example_dags/example_latest_only_with_trigger.py
[2025-05-06T07:37:22.696+0000] {processor.py:826} INFO - Processing file /home/airflow/.local/lib/python3.7/site-packages/airflow/example_dags/example_latest_only_with_trigger.py for tasks to queue
[2025-05-06T07:37:22.697+0000] {logging_mixin.py:149} INFO - [2025-05-06T07:37:22.697+0000] {dagbag.py:541} INFO - Filling up the DagBag from /home/airflow/.local/lib/python3.7/site-packages/airflow/example_dags/example_latest_only_with_trigger.py
[2025-05-06T07:37:22.707+0000] {processor.py:836} INFO - DAG(s) dict_keys(['latest_only_with_trigger']) retrieved from /home/airflow/.local/lib/python3.7/site-packages/airflow/example_dags/example_latest_only_with_trigger.py
[2025-05-06T07:37:22.753+0000] {logging_mixin.py:149} INFO - [2025-05-06T07:37:22.753+0000] {dag.py:2726} INFO - Sync 1 DAGs
[2025-05-06T07:37:22.816+0000] {logging_mixin.py:149} INFO - [2025-05-06T07:37:22.816+0000] {dag.py:3490} INFO - Setting next_dagrun for latest_only_with_trigger to 2025-05-06T03:37:22.815623+00:00, run_after=2025-05-06T07:37:22.815623+00:00
[2025-05-06T07:37:22.861+0000] {processor.py:179} INFO - Processing /home/airflow/.local/lib/python3.7/site-packages/airflow/example_dags/example_latest_only_with_trigger.py took 0.172 seconds
[2025-05-06T07:37:53.286+0000] {processor.py:157} INFO - Started process (PID=457) to work on /home/airflow/.local/lib/python3.7/site-packages/airflow/example_dags/example_latest_only_with_trigger.py
[2025-05-06T07:37:53.288+0000] {processor.py:826} INFO - Processing file /home/airflow/.local/lib/python3.7/site-packages/airflow/example_dags/example_latest_only_with_trigger.py for tasks to queue
[2025-05-06T07:37:53.288+0000] {logging_mixin.py:149} INFO - [2025-05-06T07:37:53.288+0000] {dagbag.py:541} INFO - Filling up the DagBag from /home/airflow/.local/lib/python3.7/site-packages/airflow/example_dags/example_latest_only_with_trigger.py
[2025-05-06T07:37:53.293+0000] {processor.py:836} INFO - DAG(s) dict_keys(['latest_only_with_trigger']) retrieved from /home/airflow/.local/lib/python3.7/site-packages/airflow/example_dags/example_latest_only_with_trigger.py
[2025-05-06T07:37:53.320+0000] {logging_mixin.py:149} INFO - [2025-05-06T07:37:53.320+0000] {dag.py:2726} INFO - Sync 1 DAGs
[2025-05-06T07:37:53.341+0000] {logging_mixin.py:149} INFO - [2025-05-06T07:37:53.341+0000] {dag.py:3490} INFO - Setting next_dagrun for latest_only_with_trigger to 2025-05-06T03:37:53.340734+00:00, run_after=2025-05-06T07:37:53.340734+00:00
[2025-05-06T07:37:53.364+0000] {processor.py:179} INFO - Processing /home/airflow/.local/lib/python3.7/site-packages/airflow/example_dags/example_latest_only_with_trigger.py took 0.080 seconds
[2025-05-06T07:38:24.561+0000] {processor.py:157} INFO - Started process (PID=535) to work on /home/airflow/.local/lib/python3.7/site-packages/airflow/example_dags/example_latest_only_with_trigger.py
[2025-05-06T07:38:24.562+0000] {processor.py:826} INFO - Processing file /home/airflow/.local/lib/python3.7/site-packages/airflow/example_dags/example_latest_only_with_trigger.py for tasks to queue
[2025-05-06T07:38:24.563+0000] {logging_mixin.py:149} INFO - [2025-05-06T07:38:24.563+0000] {dagbag.py:541} INFO - Filling up the DagBag from /home/airflow/.local/lib/python3.7/site-packages/airflow/example_dags/example_latest_only_with_trigger.py
[2025-05-06T07:38:24.570+0000] {processor.py:836} INFO - DAG(s) dict_keys(['latest_only_with_trigger']) retrieved from /home/airflow/.local/lib/python3.7/site-packages/airflow/example_dags/example_latest_only_with_trigger.py
[2025-05-06T07:38:24.601+0000] {logging_mixin.py:149} INFO - [2025-05-06T07:38:24.601+0000] {dag.py:2726} INFO - Sync 1 DAGs
[2025-05-06T07:38:24.638+0000] {logging_mixin.py:149} INFO - [2025-05-06T07:38:24.638+0000] {dag.py:3490} INFO - Setting next_dagrun for latest_only_with_trigger to 2025-05-06T03:38:24.637775+00:00, run_after=2025-05-06T07:38:24.637775+00:00
[2025-05-06T07:38:24.666+0000] {processor.py:179} INFO - Processing /home/airflow/.local/lib/python3.7/site-packages/airflow/example_dags/example_latest_only_with_trigger.py took 0.110 seconds
[2025-05-06T07:38:55.037+0000] {processor.py:157} INFO - Started process (PID=612) to work on /home/airflow/.local/lib/python3.7/site-packages/airflow/example_dags/example_latest_only_with_trigger.py
[2025-05-06T07:38:55.037+0000] {processor.py:826} INFO - Processing file /home/airflow/.local/lib/python3.7/site-packages/airflow/example_dags/example_latest_only_with_trigger.py for tasks to queue
[2025-05-06T07:38:55.038+0000] {logging_mixin.py:149} INFO - [2025-05-06T07:38:55.038+0000] {dagbag.py:541} INFO - Filling up the DagBag from /home/airflow/.local/lib/python3.7/site-packages/airflow/example_dags/example_latest_only_with_trigger.py
[2025-05-06T07:38:55.043+0000] {processor.py:836} INFO - DAG(s) dict_keys(['latest_only_with_trigger']) retrieved from /home/airflow/.local/lib/python3.7/site-packages/airflow/example_dags/example_latest_only_with_trigger.py
[2025-05-06T07:38:55.064+0000] {logging_mixin.py:149} INFO - [2025-05-06T07:38:55.063+0000] {dag.py:2726} INFO - Sync 1 DAGs
[2025-05-06T07:38:55.085+0000] {logging_mixin.py:149} INFO - [2025-05-06T07:38:55.085+0000] {dag.py:3490} INFO - Setting next_dagrun for latest_only_with_trigger to 2025-05-06T03:38:55.085113+00:00, run_after=2025-05-06T07:38:55.085113+00:00
[2025-05-06T07:38:55.103+0000] {processor.py:179} INFO - Processing /home/airflow/.local/lib/python3.7/site-packages/airflow/example_dags/example_latest_only_with_trigger.py took 0.069 seconds
[2025-05-06T07:39:26.068+0000] {processor.py:157} INFO - Started process (PID=689) to work on /home/airflow/.local/lib/python3.7/site-packages/airflow/example_dags/example_latest_only_with_trigger.py
[2025-05-06T07:39:26.069+0000] {processor.py:826} INFO - Processing file /home/airflow/.local/lib/python3.7/site-packages/airflow/example_dags/example_latest_only_with_trigger.py for tasks to queue
[2025-05-06T07:39:26.070+0000] {logging_mixin.py:149} INFO - [2025-05-06T07:39:26.070+0000] {dagbag.py:541} INFO - Filling up the DagBag from /home/airflow/.local/lib/python3.7/site-packages/airflow/example_dags/example_latest_only_with_trigger.py
[2025-05-06T07:39:26.075+0000] {processor.py:836} INFO - DAG(s) dict_keys(['latest_only_with_trigger']) retrieved from /home/airflow/.local/lib/python3.7/site-packages/airflow/example_dags/example_latest_only_with_trigger.py
[2025-05-06T07:39:26.096+0000] {logging_mixin.py:149} INFO - [2025-05-06T07:39:26.096+0000] {dag.py:2726} INFO - Sync 1 DAGs
[2025-05-06T07:39:26.117+0000] {logging_mixin.py:149} INFO - [2025-05-06T07:39:26.117+0000] {dag.py:3490} INFO - Setting next_dagrun for latest_only_with_trigger to 2025-05-06T03:39:26.117011+00:00, run_after=2025-05-06T07:39:26.117011+00:00
[2025-05-06T07:39:26.136+0000] {processor.py:179} INFO - Processing /home/airflow/.local/lib/python3.7/site-packages/airflow/example_dags/example_latest_only_with_trigger.py took 0.071 seconds
[2025-05-06T07:39:56.663+0000] {processor.py:157} INFO - Started process (PID=766) to work on /home/airflow/.local/lib/python3.7/site-packages/airflow/example_dags/example_latest_only_with_trigger.py
[2025-05-06T07:39:56.664+0000] {processor.py:826} INFO - Processing file /home/airflow/.local/lib/python3.7/site-packages/airflow/example_dags/example_latest_only_with_trigger.py for tasks to queue
[2025-05-06T07:39:56.665+0000] {logging_mixin.py:149} INFO - [2025-05-06T07:39:56.665+0000] {dagbag.py:541} INFO - Filling up the DagBag from /home/airflow/.local/lib/python3.7/site-packages/airflow/example_dags/example_latest_only_with_trigger.py
[2025-05-06T07:39:56.670+0000] {processor.py:836} INFO - DAG(s) dict_keys(['latest_only_with_trigger']) retrieved from /home/airflow/.local/lib/python3.7/site-packages/airflow/example_dags/example_latest_only_with_trigger.py
[2025-05-06T07:39:56.692+0000] {logging_mixin.py:149} INFO - [2025-05-06T07:39:56.691+0000] {dag.py:2726} INFO - Sync 1 DAGs
[2025-05-06T07:39:56.712+0000] {logging_mixin.py:149} INFO - [2025-05-06T07:39:56.711+0000] {dag.py:3490} INFO - Setting next_dagrun for latest_only_with_trigger to 2025-05-06T03:39:56.711671+00:00, run_after=2025-05-06T07:39:56.711671+00:00
[2025-05-06T07:39:56.728+0000] {processor.py:179} INFO - Processing /home/airflow/.local/lib/python3.7/site-packages/airflow/example_dags/example_latest_only_with_trigger.py took 0.068 seconds
[2025-05-06T07:40:27.234+0000] {processor.py:157} INFO - Started process (PID=843) to work on /home/airflow/.local/lib/python3.7/site-packages/airflow/example_dags/example_latest_only_with_trigger.py
[2025-05-06T07:40:27.235+0000] {processor.py:826} INFO - Processing file /home/airflow/.local/lib/python3.7/site-packages/airflow/example_dags/example_latest_only_with_trigger.py for tasks to queue
[2025-05-06T07:40:27.236+0000] {logging_mixin.py:149} INFO - [2025-05-06T07:40:27.236+0000] {dagbag.py:541} INFO - Filling up the DagBag from /home/airflow/.local/lib/python3.7/site-packages/airflow/example_dags/example_latest_only_with_trigger.py
[2025-05-06T07:40:27.241+0000] {processor.py:836} INFO - DAG(s) dict_keys(['latest_only_with_trigger']) retrieved from /home/airflow/.local/lib/python3.7/site-packages/airflow/example_dags/example_latest_only_with_trigger.py
[2025-05-06T07:40:27.263+0000] {logging_mixin.py:149} INFO - [2025-05-06T07:40:27.263+0000] {dag.py:2726} INFO - Sync 1 DAGs
[2025-05-06T07:40:27.283+0000] {logging_mixin.py:149} INFO - [2025-05-06T07:40:27.283+0000] {dag.py:3490} INFO - Setting next_dagrun for latest_only_with_trigger to 2025-05-06T03:40:27.283585+00:00, run_after=2025-05-06T07:40:27.283585+00:00
[2025-05-06T07:40:27.302+0000] {processor.py:179} INFO - Processing /home/airflow/.local/lib/python3.7/site-packages/airflow/example_dags/example_latest_only_with_trigger.py took 0.070 seconds
[2025-05-06T07:40:57.697+0000] {processor.py:157} INFO - Started process (PID=920) to work on /home/airflow/.local/lib/python3.7/site-packages/airflow/example_dags/example_latest_only_with_trigger.py
[2025-05-06T07:40:57.698+0000] {processor.py:826} INFO - Processing file /home/airflow/.local/lib/python3.7/site-packages/airflow/example_dags/example_latest_only_with_trigger.py for tasks to queue
[2025-05-06T07:40:57.699+0000] {logging_mixin.py:149} INFO - [2025-05-06T07:40:57.699+0000] {dagbag.py:541} INFO - Filling up the DagBag from /home/airflow/.local/lib/python3.7/site-packages/airflow/example_dags/example_latest_only_with_trigger.py
[2025-05-06T07:40:57.704+0000] {processor.py:836} INFO - DAG(s) dict_keys(['latest_only_with_trigger']) retrieved from /home/airflow/.local/lib/python3.7/site-packages/airflow/example_dags/example_latest_only_with_trigger.py
[2025-05-06T07:40:57.724+0000] {logging_mixin.py:149} INFO - [2025-05-06T07:40:57.724+0000] {dag.py:2726} INFO - Sync 1 DAGs
[2025-05-06T07:40:57.744+0000] {logging_mixin.py:149} INFO - [2025-05-06T07:40:57.744+0000] {dag.py:3490} INFO - Setting next_dagrun for latest_only_with_trigger to 2025-05-06T03:40:57.744349+00:00, run_after=2025-05-06T07:40:57.744349+00:00
[2025-05-06T07:40:57.758+0000] {processor.py:179} INFO - Processing /home/airflow/.local/lib/python3.7/site-packages/airflow/example_dags/example_latest_only_with_trigger.py took 0.064 seconds
[2025-05-06T07:41:28.128+0000] {processor.py:157} INFO - Started process (PID=997) to work on /home/airflow/.local/lib/python3.7/site-packages/airflow/example_dags/example_latest_only_with_trigger.py
[2025-05-06T07:41:28.129+0000] {processor.py:826} INFO - Processing file /home/airflow/.local/lib/python3.7/site-packages/airflow/example_dags/example_latest_only_with_trigger.py for tasks to queue
[2025-05-06T07:41:28.130+0000] {logging_mixin.py:149} INFO - [2025-05-06T07:41:28.129+0000] {dagbag.py:541} INFO - Filling up the DagBag from /home/airflow/.local/lib/python3.7/site-packages/airflow/example_dags/example_latest_only_with_trigger.py
[2025-05-06T07:41:28.135+0000] {processor.py:836} INFO - DAG(s) dict_keys(['latest_only_with_trigger']) retrieved from /home/airflow/.local/lib/python3.7/site-packages/airflow/example_dags/example_latest_only_with_trigger.py
[2025-05-06T07:41:28.160+0000] {logging_mixin.py:149} INFO - [2025-05-06T07:41:28.160+0000] {dag.py:2726} INFO - Sync 1 DAGs
[2025-05-06T07:41:28.182+0000] {logging_mixin.py:149} INFO - [2025-05-06T07:41:28.182+0000] {dag.py:3490} INFO - Setting next_dagrun for latest_only_with_trigger to 2025-05-06T03:41:28.182663+00:00, run_after=2025-05-06T07:41:28.182663+00:00
[2025-05-06T07:41:28.201+0000] {processor.py:179} INFO - Processing /home/airflow/.local/lib/python3.7/site-packages/airflow/example_dags/example_latest_only_with_trigger.py took 0.076 seconds
[2025-05-06T07:41:58.725+0000] {processor.py:157} INFO - Started process (PID=1074) to work on /home/airflow/.local/lib/python3.7/site-packages/airflow/example_dags/example_latest_only_with_trigger.py
[2025-05-06T07:41:58.726+0000] {processor.py:826} INFO - Processing file /home/airflow/.local/lib/python3.7/site-packages/airflow/example_dags/example_latest_only_with_trigger.py for tasks to queue
[2025-05-06T07:41:58.726+0000] {logging_mixin.py:149} INFO - [2025-05-06T07:41:58.726+0000] {dagbag.py:541} INFO - Filling up the DagBag from /home/airflow/.local/lib/python3.7/site-packages/airflow/example_dags/example_latest_only_with_trigger.py
[2025-05-06T07:41:58.732+0000] {processor.py:836} INFO - DAG(s) dict_keys(['latest_only_with_trigger']) retrieved from /home/airflow/.local/lib/python3.7/site-packages/airflow/example_dags/example_latest_only_with_trigger.py
[2025-05-06T07:41:58.753+0000] {logging_mixin.py:149} INFO - [2025-05-06T07:41:58.753+0000] {dag.py:2726} INFO - Sync 1 DAGs
[2025-05-06T07:41:58.774+0000] {logging_mixin.py:149} INFO - [2025-05-06T07:41:58.774+0000] {dag.py:3490} INFO - Setting next_dagrun for latest_only_with_trigger to 2025-05-06T03:41:58.774560+00:00, run_after=2025-05-06T07:41:58.774560+00:00
[2025-05-06T07:41:58.793+0000] {processor.py:179} INFO - Processing /home/airflow/.local/lib/python3.7/site-packages/airflow/example_dags/example_latest_only_with_trigger.py took 0.071 seconds
[2025-05-06T07:42:29.827+0000] {processor.py:157} INFO - Started process (PID=1151) to work on /home/airflow/.local/lib/python3.7/site-packages/airflow/example_dags/example_latest_only_with_trigger.py
[2025-05-06T07:42:29.829+0000] {processor.py:826} INFO - Processing file /home/airflow/.local/lib/python3.7/site-packages/airflow/example_dags/example_latest_only_with_trigger.py for tasks to queue
[2025-05-06T07:42:29.830+0000] {logging_mixin.py:149} INFO - [2025-05-06T07:42:29.830+0000] {dagbag.py:541} INFO - Filling up the DagBag from /home/airflow/.local/lib/python3.7/site-packages/airflow/example_dags/example_latest_only_with_trigger.py
[2025-05-06T07:42:29.843+0000] {processor.py:836} INFO - DAG(s) dict_keys(['latest_only_with_trigger']) retrieved from /home/airflow/.local/lib/python3.7/site-packages/airflow/example_dags/example_latest_only_with_trigger.py
[2025-05-06T07:42:29.886+0000] {logging_mixin.py:149} INFO - [2025-05-06T07:42:29.885+0000] {dag.py:2726} INFO - Sync 1 DAGs
[2025-05-06T07:42:29.926+0000] {logging_mixin.py:149} INFO - [2025-05-06T07:42:29.926+0000] {dag.py:3490} INFO - Setting next_dagrun for latest_only_with_trigger to 2025-05-06T03:42:29.925666+00:00, run_after=2025-05-06T07:42:29.925666+00:00
[2025-05-06T07:42:29.954+0000] {processor.py:179} INFO - Processing /home/airflow/.local/lib/python3.7/site-packages/airflow/example_dags/example_latest_only_with_trigger.py took 0.133 seconds
[2025-05-06T07:43:00.763+0000] {processor.py:157} INFO - Started process (PID=1228) to work on /home/airflow/.local/lib/python3.7/site-packages/airflow/example_dags/example_latest_only_with_trigger.py
[2025-05-06T07:43:00.764+0000] {processor.py:826} INFO - Processing file /home/airflow/.local/lib/python3.7/site-packages/airflow/example_dags/example_latest_only_with_trigger.py for tasks to queue
[2025-05-06T07:43:00.765+0000] {logging_mixin.py:149} INFO - [2025-05-06T07:43:00.765+0000] {dagbag.py:541} INFO - Filling up the DagBag from /home/airflow/.local/lib/python3.7/site-packages/airflow/example_dags/example_latest_only_with_trigger.py
[2025-05-06T07:43:00.770+0000] {processor.py:836} INFO - DAG(s) dict_keys(['latest_only_with_trigger']) retrieved from /home/airflow/.local/lib/python3.7/site-packages/airflow/example_dags/example_latest_only_with_trigger.py
[2025-05-06T07:43:00.793+0000] {logging_mixin.py:149} INFO - [2025-05-06T07:43:00.792+0000] {dag.py:2726} INFO - Sync 1 DAGs
[2025-05-06T07:43:00.813+0000] {logging_mixin.py:149} INFO - [2025-05-06T07:43:00.813+0000] {dag.py:3490} INFO - Setting next_dagrun for latest_only_with_trigger to 2025-05-06T03:43:00.813047+00:00, run_after=2025-05-06T07:43:00.813047+00:00
[2025-05-06T07:43:00.831+0000] {processor.py:179} INFO - Processing /home/airflow/.local/lib/python3.7/site-packages/airflow/example_dags/example_latest_only_with_trigger.py took 0.071 seconds
[2025-05-06T07:43:31.275+0000] {processor.py:157} INFO - Started process (PID=1305) to work on /home/airflow/.local/lib/python3.7/site-packages/airflow/example_dags/example_latest_only_with_trigger.py
[2025-05-06T07:43:31.276+0000] {processor.py:826} INFO - Processing file /home/airflow/.local/lib/python3.7/site-packages/airflow/example_dags/example_latest_only_with_trigger.py for tasks to queue
[2025-05-06T07:43:31.277+0000] {logging_mixin.py:149} INFO - [2025-05-06T07:43:31.277+0000] {dagbag.py:541} INFO - Filling up the DagBag from /home/airflow/.local/lib/python3.7/site-packages/airflow/example_dags/example_latest_only_with_trigger.py
[2025-05-06T07:43:31.283+0000] {processor.py:836} INFO - DAG(s) dict_keys(['latest_only_with_trigger']) retrieved from /home/airflow/.local/lib/python3.7/site-packages/airflow/example_dags/example_latest_only_with_trigger.py
[2025-05-06T07:43:31.305+0000] {logging_mixin.py:149} INFO - [2025-05-06T07:43:31.305+0000] {dag.py:2726} INFO - Sync 1 DAGs
[2025-05-06T07:43:31.327+0000] {logging_mixin.py:149} INFO - [2025-05-06T07:43:31.327+0000] {dag.py:3490} INFO - Setting next_dagrun for latest_only_with_trigger to 2025-05-06T03:43:31.327177+00:00, run_after=2025-05-06T07:43:31.327177+00:00
[2025-05-06T07:43:31.344+0000] {processor.py:179} INFO - Processing /home/airflow/.local/lib/python3.7/site-packages/airflow/example_dags/example_latest_only_with_trigger.py took 0.072 seconds
[2025-05-06T07:44:02.147+0000] {processor.py:157} INFO - Started process (PID=1382) to work on /home/airflow/.local/lib/python3.7/site-packages/airflow/example_dags/example_latest_only_with_trigger.py
[2025-05-06T07:44:02.148+0000] {processor.py:826} INFO - Processing file /home/airflow/.local/lib/python3.7/site-packages/airflow/example_dags/example_latest_only_with_trigger.py for tasks to queue
[2025-05-06T07:44:02.148+0000] {logging_mixin.py:149} INFO - [2025-05-06T07:44:02.148+0000] {dagbag.py:541} INFO - Filling up the DagBag from /home/airflow/.local/lib/python3.7/site-packages/airflow/example_dags/example_latest_only_with_trigger.py
[2025-05-06T07:44:02.154+0000] {processor.py:836} INFO - DAG(s) dict_keys(['latest_only_with_trigger']) retrieved from /home/airflow/.local/lib/python3.7/site-packages/airflow/example_dags/example_latest_only_with_trigger.py
[2025-05-06T07:44:02.178+0000] {logging_mixin.py:149} INFO - [2025-05-06T07:44:02.178+0000] {dag.py:2726} INFO - Sync 1 DAGs
[2025-05-06T07:44:02.202+0000] {logging_mixin.py:149} INFO - [2025-05-06T07:44:02.201+0000] {dag.py:3490} INFO - Setting next_dagrun for latest_only_with_trigger to 2025-05-06T03:44:02.201558+00:00, run_after=2025-05-06T07:44:02.201558+00:00
[2025-05-06T07:44:02.229+0000] {processor.py:179} INFO - Processing /home/airflow/.local/lib/python3.7/site-packages/airflow/example_dags/example_latest_only_with_trigger.py took 0.085 seconds
[2025-05-06T07:44:32.810+0000] {processor.py:157} INFO - Started process (PID=1459) to work on /home/airflow/.local/lib/python3.7/site-packages/airflow/example_dags/example_latest_only_with_trigger.py
[2025-05-06T07:44:32.812+0000] {processor.py:826} INFO - Processing file /home/airflow/.local/lib/python3.7/site-packages/airflow/example_dags/example_latest_only_with_trigger.py for tasks to queue
[2025-05-06T07:44:32.813+0000] {logging_mixin.py:149} INFO - [2025-05-06T07:44:32.813+0000] {dagbag.py:541} INFO - Filling up the DagBag from /home/airflow/.local/lib/python3.7/site-packages/airflow/example_dags/example_latest_only_with_trigger.py
[2025-05-06T07:44:32.822+0000] {processor.py:836} INFO - DAG(s) dict_keys(['latest_only_with_trigger']) retrieved from /home/airflow/.local/lib/python3.7/site-packages/airflow/example_dags/example_latest_only_with_trigger.py
[2025-05-06T07:44:32.858+0000] {logging_mixin.py:149} INFO - [2025-05-06T07:44:32.858+0000] {dag.py:2726} INFO - Sync 1 DAGs
[2025-05-06T07:44:32.895+0000] {logging_mixin.py:149} INFO - [2025-05-06T07:44:32.894+0000] {dag.py:3490} INFO - Setting next_dagrun for latest_only_with_trigger to 2025-05-06T03:44:32.894394+00:00, run_after=2025-05-06T07:44:32.894394+00:00
[2025-05-06T07:44:32.928+0000] {processor.py:179} INFO - Processing /home/airflow/.local/lib/python3.7/site-packages/airflow/example_dags/example_latest_only_with_trigger.py took 0.123 seconds
[2025-05-06T07:45:03.850+0000] {processor.py:157} INFO - Started process (PID=1536) to work on /home/airflow/.local/lib/python3.7/site-packages/airflow/example_dags/example_latest_only_with_trigger.py
[2025-05-06T07:45:03.851+0000] {processor.py:826} INFO - Processing file /home/airflow/.local/lib/python3.7/site-packages/airflow/example_dags/example_latest_only_with_trigger.py for tasks to queue
[2025-05-06T07:45:03.852+0000] {logging_mixin.py:149} INFO - [2025-05-06T07:45:03.852+0000] {dagbag.py:541} INFO - Filling up the DagBag from /home/airflow/.local/lib/python3.7/site-packages/airflow/example_dags/example_latest_only_with_trigger.py
[2025-05-06T07:45:03.857+0000] {processor.py:836} INFO - DAG(s) dict_keys(['latest_only_with_trigger']) retrieved from /home/airflow/.local/lib/python3.7/site-packages/airflow/example_dags/example_latest_only_with_trigger.py
[2025-05-06T07:45:03.882+0000] {logging_mixin.py:149} INFO - [2025-05-06T07:45:03.881+0000] {dag.py:2726} INFO - Sync 1 DAGs
[2025-05-06T07:45:03.902+0000] {logging_mixin.py:149} INFO - [2025-05-06T07:45:03.902+0000] {dag.py:3490} INFO - Setting next_dagrun for latest_only_with_trigger to 2025-05-06T03:45:03.902650+00:00, run_after=2025-05-06T07:45:03.902650+00:00
[2025-05-06T07:45:03.919+0000] {processor.py:179} INFO - Processing /home/airflow/.local/lib/python3.7/site-packages/airflow/example_dags/example_latest_only_with_trigger.py took 0.071 seconds
[2025-05-06T07:45:34.447+0000] {processor.py:157} INFO - Started process (PID=1613) to work on /home/airflow/.local/lib/python3.7/site-packages/airflow/example_dags/example_latest_only_with_trigger.py
[2025-05-06T07:45:34.448+0000] {processor.py:826} INFO - Processing file /home/airflow/.local/lib/python3.7/site-packages/airflow/example_dags/example_latest_only_with_trigger.py for tasks to queue
[2025-05-06T07:45:34.448+0000] {logging_mixin.py:149} INFO - [2025-05-06T07:45:34.448+0000] {dagbag.py:541} INFO - Filling up the DagBag from /home/airflow/.local/lib/python3.7/site-packages/airflow/example_dags/example_latest_only_with_trigger.py
[2025-05-06T07:45:34.453+0000] {processor.py:836} INFO - DAG(s) dict_keys(['latest_only_with_trigger']) retrieved from /home/airflow/.local/lib/python3.7/site-packages/airflow/example_dags/example_latest_only_with_trigger.py
[2025-05-06T07:45:34.474+0000] {logging_mixin.py:149} INFO - [2025-05-06T07:45:34.474+0000] {dag.py:2726} INFO - Sync 1 DAGs
[2025-05-06T07:45:34.494+0000] {logging_mixin.py:149} INFO - [2025-05-06T07:45:34.494+0000] {dag.py:3490} INFO - Setting next_dagrun for latest_only_with_trigger to 2025-05-06T03:45:34.494591+00:00, run_after=2025-05-06T07:45:34.494591+00:00
[2025-05-06T07:45:34.512+0000] {processor.py:179} INFO - Processing /home/airflow/.local/lib/python3.7/site-packages/airflow/example_dags/example_latest_only_with_trigger.py took 0.069 seconds
[2025-05-06T07:46:05.030+0000] {processor.py:157} INFO - Started process (PID=1691) to work on /home/airflow/.local/lib/python3.7/site-packages/airflow/example_dags/example_latest_only_with_trigger.py
[2025-05-06T07:46:05.032+0000] {processor.py:826} INFO - Processing file /home/airflow/.local/lib/python3.7/site-packages/airflow/example_dags/example_latest_only_with_trigger.py for tasks to queue
[2025-05-06T07:46:05.033+0000] {logging_mixin.py:149} INFO - [2025-05-06T07:46:05.032+0000] {dagbag.py:541} INFO - Filling up the DagBag from /home/airflow/.local/lib/python3.7/site-packages/airflow/example_dags/example_latest_only_with_trigger.py
[2025-05-06T07:46:05.038+0000] {processor.py:836} INFO - DAG(s) dict_keys(['latest_only_with_trigger']) retrieved from /home/airflow/.local/lib/python3.7/site-packages/airflow/example_dags/example_latest_only_with_trigger.py
[2025-05-06T07:46:05.061+0000] {logging_mixin.py:149} INFO - [2025-05-06T07:46:05.061+0000] {dag.py:2726} INFO - Sync 1 DAGs
[2025-05-06T07:46:05.084+0000] {logging_mixin.py:149} INFO - [2025-05-06T07:46:05.083+0000] {dag.py:3490} INFO - Setting next_dagrun for latest_only_with_trigger to 2025-05-06T03:46:05.083755+00:00, run_after=2025-05-06T07:46:05.083755+00:00
[2025-05-06T07:46:05.101+0000] {processor.py:179} INFO - Processing /home/airflow/.local/lib/python3.7/site-packages/airflow/example_dags/example_latest_only_with_trigger.py took 0.074 seconds
[2025-05-06T07:46:35.638+0000] {processor.py:157} INFO - Started process (PID=1768) to work on /home/airflow/.local/lib/python3.7/site-packages/airflow/example_dags/example_latest_only_with_trigger.py
[2025-05-06T07:46:35.639+0000] {processor.py:826} INFO - Processing file /home/airflow/.local/lib/python3.7/site-packages/airflow/example_dags/example_latest_only_with_trigger.py for tasks to queue
[2025-05-06T07:46:35.640+0000] {logging_mixin.py:149} INFO - [2025-05-06T07:46:35.639+0000] {dagbag.py:541} INFO - Filling up the DagBag from /home/airflow/.local/lib/python3.7/site-packages/airflow/example_dags/example_latest_only_with_trigger.py
[2025-05-06T07:46:35.645+0000] {processor.py:836} INFO - DAG(s) dict_keys(['latest_only_with_trigger']) retrieved from /home/airflow/.local/lib/python3.7/site-packages/airflow/example_dags/example_latest_only_with_trigger.py
[2025-05-06T07:46:35.666+0000] {logging_mixin.py:149} INFO - [2025-05-06T07:46:35.666+0000] {dag.py:2726} INFO - Sync 1 DAGs
[2025-05-06T07:46:35.687+0000] {logging_mixin.py:149} INFO - [2025-05-06T07:46:35.686+0000] {dag.py:3490} INFO - Setting next_dagrun for latest_only_with_trigger to 2025-05-06T03:46:35.686704+00:00, run_after=2025-05-06T07:46:35.686704+00:00
[2025-05-06T07:46:35.704+0000] {processor.py:179} INFO - Processing /home/airflow/.local/lib/python3.7/site-packages/airflow/example_dags/example_latest_only_with_trigger.py took 0.069 seconds
[2025-05-06T07:47:06.388+0000] {processor.py:157} INFO - Started process (PID=1845) to work on /home/airflow/.local/lib/python3.7/site-packages/airflow/example_dags/example_latest_only_with_trigger.py
[2025-05-06T07:47:06.389+0000] {processor.py:826} INFO - Processing file /home/airflow/.local/lib/python3.7/site-packages/airflow/example_dags/example_latest_only_with_trigger.py for tasks to queue
[2025-05-06T07:47:06.390+0000] {logging_mixin.py:149} INFO - [2025-05-06T07:47:06.389+0000] {dagbag.py:541} INFO - Filling up the DagBag from /home/airflow/.local/lib/python3.7/site-packages/airflow/example_dags/example_latest_only_with_trigger.py
[2025-05-06T07:47:06.396+0000] {processor.py:836} INFO - DAG(s) dict_keys(['latest_only_with_trigger']) retrieved from /home/airflow/.local/lib/python3.7/site-packages/airflow/example_dags/example_latest_only_with_trigger.py
[2025-05-06T07:47:06.419+0000] {logging_mixin.py:149} INFO - [2025-05-06T07:47:06.418+0000] {dag.py:2726} INFO - Sync 1 DAGs
[2025-05-06T07:47:06.442+0000] {logging_mixin.py:149} INFO - [2025-05-06T07:47:06.442+0000] {dag.py:3490} INFO - Setting next_dagrun for latest_only_with_trigger to 2025-05-06T03:47:06.441789+00:00, run_after=2025-05-06T07:47:06.441789+00:00
[2025-05-06T07:47:06.458+0000] {processor.py:179} INFO - Processing /home/airflow/.local/lib/python3.7/site-packages/airflow/example_dags/example_latest_only_with_trigger.py took 0.073 seconds
[2025-05-06T07:47:37.499+0000] {processor.py:157} INFO - Started process (PID=1922) to work on /home/airflow/.local/lib/python3.7/site-packages/airflow/example_dags/example_latest_only_with_trigger.py
[2025-05-06T07:47:37.500+0000] {processor.py:826} INFO - Processing file /home/airflow/.local/lib/python3.7/site-packages/airflow/example_dags/example_latest_only_with_trigger.py for tasks to queue
[2025-05-06T07:47:37.500+0000] {logging_mixin.py:149} INFO - [2025-05-06T07:47:37.500+0000] {dagbag.py:541} INFO - Filling up the DagBag from /home/airflow/.local/lib/python3.7/site-packages/airflow/example_dags/example_latest_only_with_trigger.py
[2025-05-06T07:47:37.505+0000] {processor.py:836} INFO - DAG(s) dict_keys(['latest_only_with_trigger']) retrieved from /home/airflow/.local/lib/python3.7/site-packages/airflow/example_dags/example_latest_only_with_trigger.py
[2025-05-06T07:47:37.527+0000] {logging_mixin.py:149} INFO - [2025-05-06T07:47:37.527+0000] {dag.py:2726} INFO - Sync 1 DAGs
[2025-05-06T07:47:37.549+0000] {logging_mixin.py:149} INFO - [2025-05-06T07:47:37.548+0000] {dag.py:3490} INFO - Setting next_dagrun for latest_only_with_trigger to 2025-05-06T03:47:37.548670+00:00, run_after=2025-05-06T07:47:37.548670+00:00
[2025-05-06T07:47:37.566+0000] {processor.py:179} INFO - Processing /home/airflow/.local/lib/python3.7/site-packages/airflow/example_dags/example_latest_only_with_trigger.py took 0.070 seconds
[2025-05-06T07:48:08.164+0000] {processor.py:157} INFO - Started process (PID=1999) to work on /home/airflow/.local/lib/python3.7/site-packages/airflow/example_dags/example_latest_only_with_trigger.py
[2025-05-06T07:48:08.165+0000] {processor.py:826} INFO - Processing file /home/airflow/.local/lib/python3.7/site-packages/airflow/example_dags/example_latest_only_with_trigger.py for tasks to queue
[2025-05-06T07:48:08.166+0000] {logging_mixin.py:149} INFO - [2025-05-06T07:48:08.165+0000] {dagbag.py:541} INFO - Filling up the DagBag from /home/airflow/.local/lib/python3.7/site-packages/airflow/example_dags/example_latest_only_with_trigger.py
[2025-05-06T07:48:08.171+0000] {processor.py:836} INFO - DAG(s) dict_keys(['latest_only_with_trigger']) retrieved from /home/airflow/.local/lib/python3.7/site-packages/airflow/example_dags/example_latest_only_with_trigger.py
[2025-05-06T07:48:08.194+0000] {logging_mixin.py:149} INFO - [2025-05-06T07:48:08.194+0000] {dag.py:2726} INFO - Sync 1 DAGs
[2025-05-06T07:48:08.215+0000] {logging_mixin.py:149} INFO - [2025-05-06T07:48:08.215+0000] {dag.py:3490} INFO - Setting next_dagrun for latest_only_with_trigger to 2025-05-06T03:48:08.215177+00:00, run_after=2025-05-06T07:48:08.215177+00:00
[2025-05-06T07:48:08.234+0000] {processor.py:179} INFO - Processing /home/airflow/.local/lib/python3.7/site-packages/airflow/example_dags/example_latest_only_with_trigger.py took 0.073 seconds
[2025-05-06T07:48:38.962+0000] {processor.py:157} INFO - Started process (PID=2076) to work on /home/airflow/.local/lib/python3.7/site-packages/airflow/example_dags/example_latest_only_with_trigger.py
[2025-05-06T07:48:38.963+0000] {processor.py:826} INFO - Processing file /home/airflow/.local/lib/python3.7/site-packages/airflow/example_dags/example_latest_only_with_trigger.py for tasks to queue
[2025-05-06T07:48:38.964+0000] {logging_mixin.py:149} INFO - [2025-05-06T07:48:38.964+0000] {dagbag.py:541} INFO - Filling up the DagBag from /home/airflow/.local/lib/python3.7/site-packages/airflow/example_dags/example_latest_only_with_trigger.py
[2025-05-06T07:48:38.971+0000] {processor.py:836} INFO - DAG(s) dict_keys(['latest_only_with_trigger']) retrieved from /home/airflow/.local/lib/python3.7/site-packages/airflow/example_dags/example_latest_only_with_trigger.py
[2025-05-06T07:48:38.997+0000] {logging_mixin.py:149} INFO - [2025-05-06T07:48:38.996+0000] {dag.py:2726} INFO - Sync 1 DAGs
[2025-05-06T07:48:39.020+0000] {logging_mixin.py:149} INFO - [2025-05-06T07:48:39.019+0000] {dag.py:3490} INFO - Setting next_dagrun for latest_only_with_trigger to 2025-05-06T03:48:39.019667+00:00, run_after=2025-05-06T07:48:39.019667+00:00
[2025-05-06T07:48:39.039+0000] {processor.py:179} INFO - Processing /home/airflow/.local/lib/python3.7/site-packages/airflow/example_dags/example_latest_only_with_trigger.py took 0.081 seconds
[2025-05-06T07:49:10.250+0000] {processor.py:157} INFO - Started process (PID=2153) to work on /home/airflow/.local/lib/python3.7/site-packages/airflow/example_dags/example_latest_only_with_trigger.py
[2025-05-06T07:49:10.252+0000] {processor.py:826} INFO - Processing file /home/airflow/.local/lib/python3.7/site-packages/airflow/example_dags/example_latest_only_with_trigger.py for tasks to queue
[2025-05-06T07:49:10.252+0000] {logging_mixin.py:149} INFO - [2025-05-06T07:49:10.252+0000] {dagbag.py:541} INFO - Filling up the DagBag from /home/airflow/.local/lib/python3.7/site-packages/airflow/example_dags/example_latest_only_with_trigger.py
[2025-05-06T07:49:10.260+0000] {processor.py:836} INFO - DAG(s) dict_keys(['latest_only_with_trigger']) retrieved from /home/airflow/.local/lib/python3.7/site-packages/airflow/example_dags/example_latest_only_with_trigger.py
[2025-05-06T07:49:10.285+0000] {logging_mixin.py:149} INFO - [2025-05-06T07:49:10.285+0000] {dag.py:2726} INFO - Sync 1 DAGs
[2025-05-06T07:49:10.308+0000] {logging_mixin.py:149} INFO - [2025-05-06T07:49:10.307+0000] {dag.py:3490} INFO - Setting next_dagrun for latest_only_with_trigger to 2025-05-06T03:49:10.307650+00:00, run_after=2025-05-06T07:49:10.307650+00:00
[2025-05-06T07:49:10.327+0000] {processor.py:179} INFO - Processing /home/airflow/.local/lib/python3.7/site-packages/airflow/example_dags/example_latest_only_with_trigger.py took 0.080 seconds
[2025-05-06T07:49:41.331+0000] {processor.py:157} INFO - Started process (PID=2230) to work on /home/airflow/.local/lib/python3.7/site-packages/airflow/example_dags/example_latest_only_with_trigger.py
[2025-05-06T07:49:41.333+0000] {processor.py:826} INFO - Processing file /home/airflow/.local/lib/python3.7/site-packages/airflow/example_dags/example_latest_only_with_trigger.py for tasks to queue
[2025-05-06T07:49:41.333+0000] {logging_mixin.py:149} INFO - [2025-05-06T07:49:41.333+0000] {dagbag.py:541} INFO - Filling up the DagBag from /home/airflow/.local/lib/python3.7/site-packages/airflow/example_dags/example_latest_only_with_trigger.py
[2025-05-06T07:49:41.339+0000] {processor.py:836} INFO - DAG(s) dict_keys(['latest_only_with_trigger']) retrieved from /home/airflow/.local/lib/python3.7/site-packages/airflow/example_dags/example_latest_only_with_trigger.py
[2025-05-06T07:49:41.363+0000] {logging_mixin.py:149} INFO - [2025-05-06T07:49:41.363+0000] {dag.py:2726} INFO - Sync 1 DAGs
[2025-05-06T07:49:41.385+0000] {logging_mixin.py:149} INFO - [2025-05-06T07:49:41.385+0000] {dag.py:3490} INFO - Setting next_dagrun for latest_only_with_trigger to 2025-05-06T03:49:41.385519+00:00, run_after=2025-05-06T07:49:41.385519+00:00
[2025-05-06T07:49:41.404+0000] {processor.py:179} INFO - Processing /home/airflow/.local/lib/python3.7/site-packages/airflow/example_dags/example_latest_only_with_trigger.py took 0.076 seconds
[2025-05-06T07:50:12.083+0000] {processor.py:157} INFO - Started process (PID=2307) to work on /home/airflow/.local/lib/python3.7/site-packages/airflow/example_dags/example_latest_only_with_trigger.py
[2025-05-06T07:50:12.085+0000] {processor.py:826} INFO - Processing file /home/airflow/.local/lib/python3.7/site-packages/airflow/example_dags/example_latest_only_with_trigger.py for tasks to queue
[2025-05-06T07:50:12.085+0000] {logging_mixin.py:149} INFO - [2025-05-06T07:50:12.085+0000] {dagbag.py:541} INFO - Filling up the DagBag from /home/airflow/.local/lib/python3.7/site-packages/airflow/example_dags/example_latest_only_with_trigger.py
[2025-05-06T07:50:12.091+0000] {processor.py:836} INFO - DAG(s) dict_keys(['latest_only_with_trigger']) retrieved from /home/airflow/.local/lib/python3.7/site-packages/airflow/example_dags/example_latest_only_with_trigger.py
[2025-05-06T07:50:12.113+0000] {logging_mixin.py:149} INFO - [2025-05-06T07:50:12.113+0000] {dag.py:2726} INFO - Sync 1 DAGs
[2025-05-06T07:50:12.134+0000] {logging_mixin.py:149} INFO - [2025-05-06T07:50:12.134+0000] {dag.py:3490} INFO - Setting next_dagrun for latest_only_with_trigger to 2025-05-06T03:50:12.133909+00:00, run_after=2025-05-06T07:50:12.133909+00:00
[2025-05-06T07:50:12.154+0000] {processor.py:179} INFO - Processing /home/airflow/.local/lib/python3.7/site-packages/airflow/example_dags/example_latest_only_with_trigger.py took 0.073 seconds
[2025-05-06T07:50:42.733+0000] {processor.py:157} INFO - Started process (PID=2384) to work on /home/airflow/.local/lib/python3.7/site-packages/airflow/example_dags/example_latest_only_with_trigger.py
[2025-05-06T07:50:42.734+0000] {processor.py:826} INFO - Processing file /home/airflow/.local/lib/python3.7/site-packages/airflow/example_dags/example_latest_only_with_trigger.py for tasks to queue
[2025-05-06T07:50:42.734+0000] {logging_mixin.py:149} INFO - [2025-05-06T07:50:42.734+0000] {dagbag.py:541} INFO - Filling up the DagBag from /home/airflow/.local/lib/python3.7/site-packages/airflow/example_dags/example_latest_only_with_trigger.py
[2025-05-06T07:50:42.744+0000] {processor.py:836} INFO - DAG(s) dict_keys(['latest_only_with_trigger']) retrieved from /home/airflow/.local/lib/python3.7/site-packages/airflow/example_dags/example_latest_only_with_trigger.py
[2025-05-06T07:50:42.773+0000] {logging_mixin.py:149} INFO - [2025-05-06T07:50:42.773+0000] {dag.py:2726} INFO - Sync 1 DAGs
[2025-05-06T07:50:42.800+0000] {logging_mixin.py:149} INFO - [2025-05-06T07:50:42.799+0000] {dag.py:3490} INFO - Setting next_dagrun for latest_only_with_trigger to 2025-05-06T03:50:42.799712+00:00, run_after=2025-05-06T07:50:42.799712+00:00
[2025-05-06T07:50:42.819+0000] {processor.py:179} INFO - Processing /home/airflow/.local/lib/python3.7/site-packages/airflow/example_dags/example_latest_only_with_trigger.py took 0.090 seconds
[2025-05-06T07:51:13.180+0000] {processor.py:157} INFO - Started process (PID=2448) to work on /home/airflow/.local/lib/python3.7/site-packages/airflow/example_dags/example_latest_only_with_trigger.py
[2025-05-06T07:51:13.181+0000] {processor.py:826} INFO - Processing file /home/airflow/.local/lib/python3.7/site-packages/airflow/example_dags/example_latest_only_with_trigger.py for tasks to queue
[2025-05-06T07:51:13.181+0000] {logging_mixin.py:149} INFO - [2025-05-06T07:51:13.181+0000] {dagbag.py:541} INFO - Filling up the DagBag from /home/airflow/.local/lib/python3.7/site-packages/airflow/example_dags/example_latest_only_with_trigger.py
[2025-05-06T07:51:13.186+0000] {processor.py:836} INFO - DAG(s) dict_keys(['latest_only_with_trigger']) retrieved from /home/airflow/.local/lib/python3.7/site-packages/airflow/example_dags/example_latest_only_with_trigger.py
[2025-05-06T07:51:13.209+0000] {logging_mixin.py:149} INFO - [2025-05-06T07:51:13.209+0000] {dag.py:2726} INFO - Sync 1 DAGs
[2025-05-06T07:51:13.229+0000] {logging_mixin.py:149} INFO - [2025-05-06T07:51:13.229+0000] {dag.py:3490} INFO - Setting next_dagrun for latest_only_with_trigger to 2025-05-06T03:51:13.228998+00:00, run_after=2025-05-06T07:51:13.228998+00:00
[2025-05-06T07:51:13.247+0000] {processor.py:179} INFO - Processing /home/airflow/.local/lib/python3.7/site-packages/airflow/example_dags/example_latest_only_with_trigger.py took 0.070 seconds
[2025-05-06T07:51:43.723+0000] {processor.py:157} INFO - Started process (PID=2525) to work on /home/airflow/.local/lib/python3.7/site-packages/airflow/example_dags/example_latest_only_with_trigger.py
[2025-05-06T07:51:43.724+0000] {processor.py:826} INFO - Processing file /home/airflow/.local/lib/python3.7/site-packages/airflow/example_dags/example_latest_only_with_trigger.py for tasks to queue
[2025-05-06T07:51:43.724+0000] {logging_mixin.py:149} INFO - [2025-05-06T07:51:43.724+0000] {dagbag.py:541} INFO - Filling up the DagBag from /home/airflow/.local/lib/python3.7/site-packages/airflow/example_dags/example_latest_only_with_trigger.py
[2025-05-06T07:51:43.730+0000] {processor.py:836} INFO - DAG(s) dict_keys(['latest_only_with_trigger']) retrieved from /home/airflow/.local/lib/python3.7/site-packages/airflow/example_dags/example_latest_only_with_trigger.py
[2025-05-06T07:51:43.752+0000] {logging_mixin.py:149} INFO - [2025-05-06T07:51:43.752+0000] {dag.py:2726} INFO - Sync 1 DAGs
[2025-05-06T07:51:43.772+0000] {logging_mixin.py:149} INFO - [2025-05-06T07:51:43.772+0000] {dag.py:3490} INFO - Setting next_dagrun for latest_only_with_trigger to 2025-05-06T03:51:43.772636+00:00, run_after=2025-05-06T07:51:43.772636+00:00
[2025-05-06T07:51:43.792+0000] {processor.py:179} INFO - Processing /home/airflow/.local/lib/python3.7/site-packages/airflow/example_dags/example_latest_only_with_trigger.py took 0.072 seconds
