[2025-05-06T07:35:21.065+0000] {processor.py:157} INFO - Started process (PID=95) to work on /home/airflow/.local/lib/python3.7/site-packages/airflow/example_dags/example_nested_branch_dag.py
[2025-05-06T07:35:21.066+0000] {processor.py:826} INFO - Processing file /home/airflow/.local/lib/python3.7/site-packages/airflow/example_dags/example_nested_branch_dag.py for tasks to queue
[2025-05-06T07:35:21.067+0000] {logging_mixin.py:149} INFO - [2025-05-06T07:35:21.067+0000] {dagbag.py:541} INFO - Filling up the DagBag from /home/airflow/.local/lib/python3.7/site-packages/airflow/example_dags/example_nested_branch_dag.py
[2025-05-06T07:35:21.081+0000] {processor.py:836} INFO - DAG(s) dict_keys(['example_nested_branch_dag']) retrieved from /home/airflow/.local/lib/python3.7/site-packages/airflow/example_dags/example_nested_branch_dag.py
[2025-05-06T07:35:21.100+0000] {logging_mixin.py:149} INFO - [2025-05-06T07:35:21.100+0000] {dag.py:2726} INFO - Sync 1 DAGs
[2025-05-06T07:35:21.144+0000] {logging_mixin.py:149} INFO - [2025-05-06T07:35:21.144+0000] {dag.py:3490} INFO - Setting next_dagrun for example_nested_branch_dag to 2025-05-05T00:00:00+00:00, run_after=2025-05-06T00:00:00+00:00
[2025-05-06T07:35:21.171+0000] {processor.py:179} INFO - Processing /home/airflow/.local/lib/python3.7/site-packages/airflow/example_dags/example_nested_branch_dag.py took 0.110 seconds
[2025-05-06T07:35:51.268+0000] {processor.py:157} INFO - Started process (PID=173) to work on /home/airflow/.local/lib/python3.7/site-packages/airflow/example_dags/example_nested_branch_dag.py
[2025-05-06T07:35:51.269+0000] {processor.py:826} INFO - Processing file /home/airflow/.local/lib/python3.7/site-packages/airflow/example_dags/example_nested_branch_dag.py for tasks to queue
[2025-05-06T07:35:51.271+0000] {logging_mixin.py:149} INFO - [2025-05-06T07:35:51.270+0000] {dagbag.py:541} INFO - Filling up the DagBag from /home/airflow/.local/lib/python3.7/site-packages/airflow/example_dags/example_nested_branch_dag.py
[2025-05-06T07:35:51.284+0000] {processor.py:836} INFO - DAG(s) dict_keys(['example_nested_branch_dag']) retrieved from /home/airflow/.local/lib/python3.7/site-packages/airflow/example_dags/example_nested_branch_dag.py
[2025-05-06T07:35:51.321+0000] {logging_mixin.py:149} INFO - [2025-05-06T07:35:51.321+0000] {dag.py:2726} INFO - Sync 1 DAGs
[2025-05-06T07:35:51.370+0000] {logging_mixin.py:149} INFO - [2025-05-06T07:35:51.369+0000] {dag.py:3490} INFO - Setting next_dagrun for example_nested_branch_dag to 2025-05-05T00:00:00+00:00, run_after=2025-05-06T00:00:00+00:00
[2025-05-06T07:35:51.420+0000] {processor.py:179} INFO - Processing /home/airflow/.local/lib/python3.7/site-packages/airflow/example_dags/example_nested_branch_dag.py took 0.156 seconds
[2025-05-06T07:36:23.416+0000] {processor.py:157} INFO - Started process (PID=250) to work on /home/airflow/.local/lib/python3.7/site-packages/airflow/example_dags/example_nested_branch_dag.py
[2025-05-06T07:36:23.417+0000] {processor.py:826} INFO - Processing file /home/airflow/.local/lib/python3.7/site-packages/airflow/example_dags/example_nested_branch_dag.py for tasks to queue
[2025-05-06T07:36:23.418+0000] {logging_mixin.py:149} INFO - [2025-05-06T07:36:23.418+0000] {dagbag.py:541} INFO - Filling up the DagBag from /home/airflow/.local/lib/python3.7/site-packages/airflow/example_dags/example_nested_branch_dag.py
[2025-05-06T07:36:23.431+0000] {processor.py:836} INFO - DAG(s) dict_keys(['example_nested_branch_dag']) retrieved from /home/airflow/.local/lib/python3.7/site-packages/airflow/example_dags/example_nested_branch_dag.py
[2025-05-06T07:36:23.463+0000] {logging_mixin.py:149} INFO - [2025-05-06T07:36:23.463+0000] {dag.py:2726} INFO - Sync 1 DAGs
[2025-05-06T07:36:23.495+0000] {logging_mixin.py:149} INFO - [2025-05-06T07:36:23.495+0000] {dag.py:3490} INFO - Setting next_dagrun for example_nested_branch_dag to 2025-05-05T00:00:00+00:00, run_after=2025-05-06T00:00:00+00:00
[2025-05-06T07:36:23.522+0000] {processor.py:179} INFO - Processing /home/airflow/.local/lib/python3.7/site-packages/airflow/example_dags/example_nested_branch_dag.py took 0.110 seconds
[2025-05-06T07:36:54.753+0000] {processor.py:157} INFO - Started process (PID=327) to work on /home/airflow/.local/lib/python3.7/site-packages/airflow/example_dags/example_nested_branch_dag.py
[2025-05-06T07:36:54.755+0000] {processor.py:826} INFO - Processing file /home/airflow/.local/lib/python3.7/site-packages/airflow/example_dags/example_nested_branch_dag.py for tasks to queue
[2025-05-06T07:36:54.756+0000] {logging_mixin.py:149} INFO - [2025-05-06T07:36:54.756+0000] {dagbag.py:541} INFO - Filling up the DagBag from /home/airflow/.local/lib/python3.7/site-packages/airflow/example_dags/example_nested_branch_dag.py
[2025-05-06T07:36:54.778+0000] {processor.py:836} INFO - DAG(s) dict_keys(['example_nested_branch_dag']) retrieved from /home/airflow/.local/lib/python3.7/site-packages/airflow/example_dags/example_nested_branch_dag.py
[2025-05-06T07:36:54.840+0000] {logging_mixin.py:149} INFO - [2025-05-06T07:36:54.840+0000] {dag.py:2726} INFO - Sync 1 DAGs
[2025-05-06T07:36:54.934+0000] {logging_mixin.py:149} INFO - [2025-05-06T07:36:54.933+0000] {dag.py:3490} INFO - Setting next_dagrun for example_nested_branch_dag to 2025-05-05T00:00:00+00:00, run_after=2025-05-06T00:00:00+00:00
[2025-05-06T07:36:54.990+0000] {processor.py:179} INFO - Processing /home/airflow/.local/lib/python3.7/site-packages/airflow/example_dags/example_nested_branch_dag.py took 0.243 seconds
[2025-05-06T07:37:25.736+0000] {processor.py:157} INFO - Started process (PID=404) to work on /home/airflow/.local/lib/python3.7/site-packages/airflow/example_dags/example_nested_branch_dag.py
[2025-05-06T07:37:25.737+0000] {processor.py:826} INFO - Processing file /home/airflow/.local/lib/python3.7/site-packages/airflow/example_dags/example_nested_branch_dag.py for tasks to queue
[2025-05-06T07:37:25.737+0000] {logging_mixin.py:149} INFO - [2025-05-06T07:37:25.737+0000] {dagbag.py:541} INFO - Filling up the DagBag from /home/airflow/.local/lib/python3.7/site-packages/airflow/example_dags/example_nested_branch_dag.py
[2025-05-06T07:37:25.745+0000] {processor.py:836} INFO - DAG(s) dict_keys(['example_nested_branch_dag']) retrieved from /home/airflow/.local/lib/python3.7/site-packages/airflow/example_dags/example_nested_branch_dag.py
[2025-05-06T07:37:25.767+0000] {logging_mixin.py:149} INFO - [2025-05-06T07:37:25.767+0000] {dag.py:2726} INFO - Sync 1 DAGs
[2025-05-06T07:37:25.788+0000] {logging_mixin.py:149} INFO - [2025-05-06T07:37:25.788+0000] {dag.py:3490} INFO - Setting next_dagrun for example_nested_branch_dag to 2025-05-05T00:00:00+00:00, run_after=2025-05-06T00:00:00+00:00
[2025-05-06T07:37:25.805+0000] {processor.py:179} INFO - Processing /home/airflow/.local/lib/python3.7/site-packages/airflow/example_dags/example_nested_branch_dag.py took 0.072 seconds
[2025-05-06T07:37:55.831+0000] {processor.py:157} INFO - Started process (PID=481) to work on /home/airflow/.local/lib/python3.7/site-packages/airflow/example_dags/example_nested_branch_dag.py
[2025-05-06T07:37:55.832+0000] {processor.py:826} INFO - Processing file /home/airflow/.local/lib/python3.7/site-packages/airflow/example_dags/example_nested_branch_dag.py for tasks to queue
[2025-05-06T07:37:55.833+0000] {logging_mixin.py:149} INFO - [2025-05-06T07:37:55.833+0000] {dagbag.py:541} INFO - Filling up the DagBag from /home/airflow/.local/lib/python3.7/site-packages/airflow/example_dags/example_nested_branch_dag.py
[2025-05-06T07:37:55.841+0000] {processor.py:836} INFO - DAG(s) dict_keys(['example_nested_branch_dag']) retrieved from /home/airflow/.local/lib/python3.7/site-packages/airflow/example_dags/example_nested_branch_dag.py
[2025-05-06T07:37:55.863+0000] {logging_mixin.py:149} INFO - [2025-05-06T07:37:55.863+0000] {dag.py:2726} INFO - Sync 1 DAGs
[2025-05-06T07:37:55.884+0000] {logging_mixin.py:149} INFO - [2025-05-06T07:37:55.884+0000] {dag.py:3490} INFO - Setting next_dagrun for example_nested_branch_dag to 2025-05-05T00:00:00+00:00, run_after=2025-05-06T00:00:00+00:00
[2025-05-06T07:37:55.902+0000] {processor.py:179} INFO - Processing /home/airflow/.local/lib/python3.7/site-packages/airflow/example_dags/example_nested_branch_dag.py took 0.073 seconds
[2025-05-06T07:38:26.457+0000] {processor.py:157} INFO - Started process (PID=558) to work on /home/airflow/.local/lib/python3.7/site-packages/airflow/example_dags/example_nested_branch_dag.py
[2025-05-06T07:38:26.459+0000] {processor.py:826} INFO - Processing file /home/airflow/.local/lib/python3.7/site-packages/airflow/example_dags/example_nested_branch_dag.py for tasks to queue
[2025-05-06T07:38:26.460+0000] {logging_mixin.py:149} INFO - [2025-05-06T07:38:26.460+0000] {dagbag.py:541} INFO - Filling up the DagBag from /home/airflow/.local/lib/python3.7/site-packages/airflow/example_dags/example_nested_branch_dag.py
[2025-05-06T07:38:26.472+0000] {processor.py:836} INFO - DAG(s) dict_keys(['example_nested_branch_dag']) retrieved from /home/airflow/.local/lib/python3.7/site-packages/airflow/example_dags/example_nested_branch_dag.py
[2025-05-06T07:38:26.503+0000] {logging_mixin.py:149} INFO - [2025-05-06T07:38:26.503+0000] {dag.py:2726} INFO - Sync 1 DAGs
[2025-05-06T07:38:26.534+0000] {logging_mixin.py:149} INFO - [2025-05-06T07:38:26.533+0000] {dag.py:3490} INFO - Setting next_dagrun for example_nested_branch_dag to 2025-05-05T00:00:00+00:00, run_after=2025-05-06T00:00:00+00:00
[2025-05-06T07:38:26.560+0000] {processor.py:179} INFO - Processing /home/airflow/.local/lib/python3.7/site-packages/airflow/example_dags/example_nested_branch_dag.py took 0.107 seconds
[2025-05-06T07:38:57.456+0000] {processor.py:157} INFO - Started process (PID=635) to work on /home/airflow/.local/lib/python3.7/site-packages/airflow/example_dags/example_nested_branch_dag.py
[2025-05-06T07:38:57.456+0000] {processor.py:826} INFO - Processing file /home/airflow/.local/lib/python3.7/site-packages/airflow/example_dags/example_nested_branch_dag.py for tasks to queue
[2025-05-06T07:38:57.457+0000] {logging_mixin.py:149} INFO - [2025-05-06T07:38:57.457+0000] {dagbag.py:541} INFO - Filling up the DagBag from /home/airflow/.local/lib/python3.7/site-packages/airflow/example_dags/example_nested_branch_dag.py
[2025-05-06T07:38:57.465+0000] {processor.py:836} INFO - DAG(s) dict_keys(['example_nested_branch_dag']) retrieved from /home/airflow/.local/lib/python3.7/site-packages/airflow/example_dags/example_nested_branch_dag.py
[2025-05-06T07:38:57.487+0000] {logging_mixin.py:149} INFO - [2025-05-06T07:38:57.487+0000] {dag.py:2726} INFO - Sync 1 DAGs
[2025-05-06T07:38:57.508+0000] {logging_mixin.py:149} INFO - [2025-05-06T07:38:57.508+0000] {dag.py:3490} INFO - Setting next_dagrun for example_nested_branch_dag to 2025-05-05T00:00:00+00:00, run_after=2025-05-06T00:00:00+00:00
[2025-05-06T07:38:57.526+0000] {processor.py:179} INFO - Processing /home/airflow/.local/lib/python3.7/site-packages/airflow/example_dags/example_nested_branch_dag.py took 0.072 seconds
[2025-05-06T07:39:28.308+0000] {processor.py:157} INFO - Started process (PID=712) to work on /home/airflow/.local/lib/python3.7/site-packages/airflow/example_dags/example_nested_branch_dag.py
[2025-05-06T07:39:28.309+0000] {processor.py:826} INFO - Processing file /home/airflow/.local/lib/python3.7/site-packages/airflow/example_dags/example_nested_branch_dag.py for tasks to queue
[2025-05-06T07:39:28.310+0000] {logging_mixin.py:149} INFO - [2025-05-06T07:39:28.310+0000] {dagbag.py:541} INFO - Filling up the DagBag from /home/airflow/.local/lib/python3.7/site-packages/airflow/example_dags/example_nested_branch_dag.py
[2025-05-06T07:39:28.318+0000] {processor.py:836} INFO - DAG(s) dict_keys(['example_nested_branch_dag']) retrieved from /home/airflow/.local/lib/python3.7/site-packages/airflow/example_dags/example_nested_branch_dag.py
[2025-05-06T07:39:28.340+0000] {logging_mixin.py:149} INFO - [2025-05-06T07:39:28.340+0000] {dag.py:2726} INFO - Sync 1 DAGs
[2025-05-06T07:39:28.361+0000] {logging_mixin.py:149} INFO - [2025-05-06T07:39:28.361+0000] {dag.py:3490} INFO - Setting next_dagrun for example_nested_branch_dag to 2025-05-05T00:00:00+00:00, run_after=2025-05-06T00:00:00+00:00
[2025-05-06T07:39:28.378+0000] {processor.py:179} INFO - Processing /home/airflow/.local/lib/python3.7/site-packages/airflow/example_dags/example_nested_branch_dag.py took 0.072 seconds
[2025-05-06T07:39:58.830+0000] {processor.py:157} INFO - Started process (PID=789) to work on /home/airflow/.local/lib/python3.7/site-packages/airflow/example_dags/example_nested_branch_dag.py
[2025-05-06T07:39:58.831+0000] {processor.py:826} INFO - Processing file /home/airflow/.local/lib/python3.7/site-packages/airflow/example_dags/example_nested_branch_dag.py for tasks to queue
[2025-05-06T07:39:58.831+0000] {logging_mixin.py:149} INFO - [2025-05-06T07:39:58.831+0000] {dagbag.py:541} INFO - Filling up the DagBag from /home/airflow/.local/lib/python3.7/site-packages/airflow/example_dags/example_nested_branch_dag.py
[2025-05-06T07:39:58.840+0000] {processor.py:836} INFO - DAG(s) dict_keys(['example_nested_branch_dag']) retrieved from /home/airflow/.local/lib/python3.7/site-packages/airflow/example_dags/example_nested_branch_dag.py
[2025-05-06T07:39:58.865+0000] {logging_mixin.py:149} INFO - [2025-05-06T07:39:58.865+0000] {dag.py:2726} INFO - Sync 1 DAGs
[2025-05-06T07:39:58.893+0000] {logging_mixin.py:149} INFO - [2025-05-06T07:39:58.893+0000] {dag.py:3490} INFO - Setting next_dagrun for example_nested_branch_dag to 2025-05-05T00:00:00+00:00, run_after=2025-05-06T00:00:00+00:00
[2025-05-06T07:39:58.917+0000] {processor.py:179} INFO - Processing /home/airflow/.local/lib/python3.7/site-packages/airflow/example_dags/example_nested_branch_dag.py took 0.090 seconds
[2025-05-06T07:40:29.389+0000] {processor.py:157} INFO - Started process (PID=866) to work on /home/airflow/.local/lib/python3.7/site-packages/airflow/example_dags/example_nested_branch_dag.py
[2025-05-06T07:40:29.390+0000] {processor.py:826} INFO - Processing file /home/airflow/.local/lib/python3.7/site-packages/airflow/example_dags/example_nested_branch_dag.py for tasks to queue
[2025-05-06T07:40:29.391+0000] {logging_mixin.py:149} INFO - [2025-05-06T07:40:29.391+0000] {dagbag.py:541} INFO - Filling up the DagBag from /home/airflow/.local/lib/python3.7/site-packages/airflow/example_dags/example_nested_branch_dag.py
[2025-05-06T07:40:29.399+0000] {processor.py:836} INFO - DAG(s) dict_keys(['example_nested_branch_dag']) retrieved from /home/airflow/.local/lib/python3.7/site-packages/airflow/example_dags/example_nested_branch_dag.py
[2025-05-06T07:40:29.422+0000] {logging_mixin.py:149} INFO - [2025-05-06T07:40:29.422+0000] {dag.py:2726} INFO - Sync 1 DAGs
[2025-05-06T07:40:29.444+0000] {logging_mixin.py:149} INFO - [2025-05-06T07:40:29.444+0000] {dag.py:3490} INFO - Setting next_dagrun for example_nested_branch_dag to 2025-05-05T00:00:00+00:00, run_after=2025-05-06T00:00:00+00:00
[2025-05-06T07:40:29.465+0000] {processor.py:179} INFO - Processing /home/airflow/.local/lib/python3.7/site-packages/airflow/example_dags/example_nested_branch_dag.py took 0.079 seconds
[2025-05-06T07:40:59.837+0000] {processor.py:157} INFO - Started process (PID=943) to work on /home/airflow/.local/lib/python3.7/site-packages/airflow/example_dags/example_nested_branch_dag.py
[2025-05-06T07:40:59.838+0000] {processor.py:826} INFO - Processing file /home/airflow/.local/lib/python3.7/site-packages/airflow/example_dags/example_nested_branch_dag.py for tasks to queue
[2025-05-06T07:40:59.838+0000] {logging_mixin.py:149} INFO - [2025-05-06T07:40:59.838+0000] {dagbag.py:541} INFO - Filling up the DagBag from /home/airflow/.local/lib/python3.7/site-packages/airflow/example_dags/example_nested_branch_dag.py
[2025-05-06T07:40:59.846+0000] {processor.py:836} INFO - DAG(s) dict_keys(['example_nested_branch_dag']) retrieved from /home/airflow/.local/lib/python3.7/site-packages/airflow/example_dags/example_nested_branch_dag.py
[2025-05-06T07:40:59.868+0000] {logging_mixin.py:149} INFO - [2025-05-06T07:40:59.868+0000] {dag.py:2726} INFO - Sync 1 DAGs
[2025-05-06T07:40:59.889+0000] {logging_mixin.py:149} INFO - [2025-05-06T07:40:59.889+0000] {dag.py:3490} INFO - Setting next_dagrun for example_nested_branch_dag to 2025-05-05T00:00:00+00:00, run_after=2025-05-06T00:00:00+00:00
[2025-05-06T07:40:59.907+0000] {processor.py:179} INFO - Processing /home/airflow/.local/lib/python3.7/site-packages/airflow/example_dags/example_nested_branch_dag.py took 0.073 seconds
[2025-05-06T07:41:30.386+0000] {processor.py:157} INFO - Started process (PID=1020) to work on /home/airflow/.local/lib/python3.7/site-packages/airflow/example_dags/example_nested_branch_dag.py
[2025-05-06T07:41:30.387+0000] {processor.py:826} INFO - Processing file /home/airflow/.local/lib/python3.7/site-packages/airflow/example_dags/example_nested_branch_dag.py for tasks to queue
[2025-05-06T07:41:30.388+0000] {logging_mixin.py:149} INFO - [2025-05-06T07:41:30.388+0000] {dagbag.py:541} INFO - Filling up the DagBag from /home/airflow/.local/lib/python3.7/site-packages/airflow/example_dags/example_nested_branch_dag.py
[2025-05-06T07:41:30.396+0000] {processor.py:836} INFO - DAG(s) dict_keys(['example_nested_branch_dag']) retrieved from /home/airflow/.local/lib/python3.7/site-packages/airflow/example_dags/example_nested_branch_dag.py
[2025-05-06T07:41:30.419+0000] {logging_mixin.py:149} INFO - [2025-05-06T07:41:30.419+0000] {dag.py:2726} INFO - Sync 1 DAGs
[2025-05-06T07:41:30.440+0000] {logging_mixin.py:149} INFO - [2025-05-06T07:41:30.440+0000] {dag.py:3490} INFO - Setting next_dagrun for example_nested_branch_dag to 2025-05-05T00:00:00+00:00, run_after=2025-05-06T00:00:00+00:00
[2025-05-06T07:41:30.465+0000] {processor.py:179} INFO - Processing /home/airflow/.local/lib/python3.7/site-packages/airflow/example_dags/example_nested_branch_dag.py took 0.082 seconds
[2025-05-06T07:42:00.930+0000] {processor.py:157} INFO - Started process (PID=1097) to work on /home/airflow/.local/lib/python3.7/site-packages/airflow/example_dags/example_nested_branch_dag.py
[2025-05-06T07:42:00.931+0000] {processor.py:826} INFO - Processing file /home/airflow/.local/lib/python3.7/site-packages/airflow/example_dags/example_nested_branch_dag.py for tasks to queue
[2025-05-06T07:42:00.931+0000] {logging_mixin.py:149} INFO - [2025-05-06T07:42:00.931+0000] {dagbag.py:541} INFO - Filling up the DagBag from /home/airflow/.local/lib/python3.7/site-packages/airflow/example_dags/example_nested_branch_dag.py
[2025-05-06T07:42:00.939+0000] {processor.py:836} INFO - DAG(s) dict_keys(['example_nested_branch_dag']) retrieved from /home/airflow/.local/lib/python3.7/site-packages/airflow/example_dags/example_nested_branch_dag.py
[2025-05-06T07:42:00.962+0000] {logging_mixin.py:149} INFO - [2025-05-06T07:42:00.962+0000] {dag.py:2726} INFO - Sync 1 DAGs
[2025-05-06T07:42:00.983+0000] {logging_mixin.py:149} INFO - [2025-05-06T07:42:00.983+0000] {dag.py:3490} INFO - Setting next_dagrun for example_nested_branch_dag to 2025-05-05T00:00:00+00:00, run_after=2025-05-06T00:00:00+00:00
[2025-05-06T07:42:01.001+0000] {processor.py:179} INFO - Processing /home/airflow/.local/lib/python3.7/site-packages/airflow/example_dags/example_nested_branch_dag.py took 0.074 seconds
[2025-05-06T07:42:31.383+0000] {processor.py:157} INFO - Started process (PID=1174) to work on /home/airflow/.local/lib/python3.7/site-packages/airflow/example_dags/example_nested_branch_dag.py
[2025-05-06T07:42:31.385+0000] {processor.py:826} INFO - Processing file /home/airflow/.local/lib/python3.7/site-packages/airflow/example_dags/example_nested_branch_dag.py for tasks to queue
[2025-05-06T07:42:31.385+0000] {logging_mixin.py:149} INFO - [2025-05-06T07:42:31.385+0000] {dagbag.py:541} INFO - Filling up the DagBag from /home/airflow/.local/lib/python3.7/site-packages/airflow/example_dags/example_nested_branch_dag.py
[2025-05-06T07:42:31.397+0000] {processor.py:836} INFO - DAG(s) dict_keys(['example_nested_branch_dag']) retrieved from /home/airflow/.local/lib/python3.7/site-packages/airflow/example_dags/example_nested_branch_dag.py
[2025-05-06T07:42:31.424+0000] {logging_mixin.py:149} INFO - [2025-05-06T07:42:31.424+0000] {dag.py:2726} INFO - Sync 1 DAGs
[2025-05-06T07:42:31.452+0000] {logging_mixin.py:149} INFO - [2025-05-06T07:42:31.452+0000] {dag.py:3490} INFO - Setting next_dagrun for example_nested_branch_dag to 2025-05-05T00:00:00+00:00, run_after=2025-05-06T00:00:00+00:00
[2025-05-06T07:42:31.474+0000] {processor.py:179} INFO - Processing /home/airflow/.local/lib/python3.7/site-packages/airflow/example_dags/example_nested_branch_dag.py took 0.094 seconds
[2025-05-06T07:43:01.924+0000] {processor.py:157} INFO - Started process (PID=1251) to work on /home/airflow/.local/lib/python3.7/site-packages/airflow/example_dags/example_nested_branch_dag.py
[2025-05-06T07:43:01.926+0000] {processor.py:826} INFO - Processing file /home/airflow/.local/lib/python3.7/site-packages/airflow/example_dags/example_nested_branch_dag.py for tasks to queue
[2025-05-06T07:43:01.926+0000] {logging_mixin.py:149} INFO - [2025-05-06T07:43:01.926+0000] {dagbag.py:541} INFO - Filling up the DagBag from /home/airflow/.local/lib/python3.7/site-packages/airflow/example_dags/example_nested_branch_dag.py
[2025-05-06T07:43:01.934+0000] {processor.py:836} INFO - DAG(s) dict_keys(['example_nested_branch_dag']) retrieved from /home/airflow/.local/lib/python3.7/site-packages/airflow/example_dags/example_nested_branch_dag.py
[2025-05-06T07:43:01.957+0000] {logging_mixin.py:149} INFO - [2025-05-06T07:43:01.957+0000] {dag.py:2726} INFO - Sync 1 DAGs
[2025-05-06T07:43:01.978+0000] {logging_mixin.py:149} INFO - [2025-05-06T07:43:01.978+0000] {dag.py:3490} INFO - Setting next_dagrun for example_nested_branch_dag to 2025-05-05T00:00:00+00:00, run_after=2025-05-06T00:00:00+00:00
[2025-05-06T07:43:01.996+0000] {processor.py:179} INFO - Processing /home/airflow/.local/lib/python3.7/site-packages/airflow/example_dags/example_nested_branch_dag.py took 0.074 seconds
[2025-05-06T07:43:32.513+0000] {processor.py:157} INFO - Started process (PID=1328) to work on /home/airflow/.local/lib/python3.7/site-packages/airflow/example_dags/example_nested_branch_dag.py
[2025-05-06T07:43:32.514+0000] {processor.py:826} INFO - Processing file /home/airflow/.local/lib/python3.7/site-packages/airflow/example_dags/example_nested_branch_dag.py for tasks to queue
[2025-05-06T07:43:32.515+0000] {logging_mixin.py:149} INFO - [2025-05-06T07:43:32.515+0000] {dagbag.py:541} INFO - Filling up the DagBag from /home/airflow/.local/lib/python3.7/site-packages/airflow/example_dags/example_nested_branch_dag.py
[2025-05-06T07:43:32.523+0000] {processor.py:836} INFO - DAG(s) dict_keys(['example_nested_branch_dag']) retrieved from /home/airflow/.local/lib/python3.7/site-packages/airflow/example_dags/example_nested_branch_dag.py
[2025-05-06T07:43:32.546+0000] {logging_mixin.py:149} INFO - [2025-05-06T07:43:32.546+0000] {dag.py:2726} INFO - Sync 1 DAGs
[2025-05-06T07:43:32.568+0000] {logging_mixin.py:149} INFO - [2025-05-06T07:43:32.568+0000] {dag.py:3490} INFO - Setting next_dagrun for example_nested_branch_dag to 2025-05-05T00:00:00+00:00, run_after=2025-05-06T00:00:00+00:00
[2025-05-06T07:43:32.585+0000] {processor.py:179} INFO - Processing /home/airflow/.local/lib/python3.7/site-packages/airflow/example_dags/example_nested_branch_dag.py took 0.075 seconds
[2025-05-06T07:44:03.991+0000] {processor.py:157} INFO - Started process (PID=1405) to work on /home/airflow/.local/lib/python3.7/site-packages/airflow/example_dags/example_nested_branch_dag.py
[2025-05-06T07:44:03.992+0000] {processor.py:826} INFO - Processing file /home/airflow/.local/lib/python3.7/site-packages/airflow/example_dags/example_nested_branch_dag.py for tasks to queue
[2025-05-06T07:44:03.993+0000] {logging_mixin.py:149} INFO - [2025-05-06T07:44:03.993+0000] {dagbag.py:541} INFO - Filling up the DagBag from /home/airflow/.local/lib/python3.7/site-packages/airflow/example_dags/example_nested_branch_dag.py
[2025-05-06T07:44:04.006+0000] {processor.py:836} INFO - DAG(s) dict_keys(['example_nested_branch_dag']) retrieved from /home/airflow/.local/lib/python3.7/site-packages/airflow/example_dags/example_nested_branch_dag.py
[2025-05-06T07:44:04.039+0000] {logging_mixin.py:149} INFO - [2025-05-06T07:44:04.039+0000] {dag.py:2726} INFO - Sync 1 DAGs
[2025-05-06T07:44:04.078+0000] {logging_mixin.py:149} INFO - [2025-05-06T07:44:04.078+0000] {dag.py:3490} INFO - Setting next_dagrun for example_nested_branch_dag to 2025-05-05T00:00:00+00:00, run_after=2025-05-06T00:00:00+00:00
[2025-05-06T07:44:04.109+0000] {processor.py:179} INFO - Processing /home/airflow/.local/lib/python3.7/site-packages/airflow/example_dags/example_nested_branch_dag.py took 0.123 seconds
[2025-05-06T07:44:34.873+0000] {processor.py:157} INFO - Started process (PID=1482) to work on /home/airflow/.local/lib/python3.7/site-packages/airflow/example_dags/example_nested_branch_dag.py
[2025-05-06T07:44:34.874+0000] {processor.py:826} INFO - Processing file /home/airflow/.local/lib/python3.7/site-packages/airflow/example_dags/example_nested_branch_dag.py for tasks to queue
[2025-05-06T07:44:34.876+0000] {logging_mixin.py:149} INFO - [2025-05-06T07:44:34.875+0000] {dagbag.py:541} INFO - Filling up the DagBag from /home/airflow/.local/lib/python3.7/site-packages/airflow/example_dags/example_nested_branch_dag.py
[2025-05-06T07:44:34.896+0000] {processor.py:836} INFO - DAG(s) dict_keys(['example_nested_branch_dag']) retrieved from /home/airflow/.local/lib/python3.7/site-packages/airflow/example_dags/example_nested_branch_dag.py
[2025-05-06T07:44:34.935+0000] {logging_mixin.py:149} INFO - [2025-05-06T07:44:34.934+0000] {dag.py:2726} INFO - Sync 1 DAGs
[2025-05-06T07:44:34.967+0000] {logging_mixin.py:149} INFO - [2025-05-06T07:44:34.967+0000] {dag.py:3490} INFO - Setting next_dagrun for example_nested_branch_dag to 2025-05-05T00:00:00+00:00, run_after=2025-05-06T00:00:00+00:00
[2025-05-06T07:44:34.992+0000] {processor.py:179} INFO - Processing /home/airflow/.local/lib/python3.7/site-packages/airflow/example_dags/example_nested_branch_dag.py took 0.124 seconds
[2025-05-06T07:45:05.050+0000] {processor.py:157} INFO - Started process (PID=1559) to work on /home/airflow/.local/lib/python3.7/site-packages/airflow/example_dags/example_nested_branch_dag.py
[2025-05-06T07:45:05.051+0000] {processor.py:826} INFO - Processing file /home/airflow/.local/lib/python3.7/site-packages/airflow/example_dags/example_nested_branch_dag.py for tasks to queue
[2025-05-06T07:45:05.052+0000] {logging_mixin.py:149} INFO - [2025-05-06T07:45:05.052+0000] {dagbag.py:541} INFO - Filling up the DagBag from /home/airflow/.local/lib/python3.7/site-packages/airflow/example_dags/example_nested_branch_dag.py
[2025-05-06T07:45:05.060+0000] {processor.py:836} INFO - DAG(s) dict_keys(['example_nested_branch_dag']) retrieved from /home/airflow/.local/lib/python3.7/site-packages/airflow/example_dags/example_nested_branch_dag.py
[2025-05-06T07:45:05.083+0000] {logging_mixin.py:149} INFO - [2025-05-06T07:45:05.083+0000] {dag.py:2726} INFO - Sync 1 DAGs
[2025-05-06T07:45:05.103+0000] {logging_mixin.py:149} INFO - [2025-05-06T07:45:05.103+0000] {dag.py:3490} INFO - Setting next_dagrun for example_nested_branch_dag to 2025-05-05T00:00:00+00:00, run_after=2025-05-06T00:00:00+00:00
[2025-05-06T07:45:05.119+0000] {processor.py:179} INFO - Processing /home/airflow/.local/lib/python3.7/site-packages/airflow/example_dags/example_nested_branch_dag.py took 0.071 seconds
[2025-05-06T07:45:35.741+0000] {processor.py:157} INFO - Started process (PID=1636) to work on /home/airflow/.local/lib/python3.7/site-packages/airflow/example_dags/example_nested_branch_dag.py
[2025-05-06T07:45:35.741+0000] {processor.py:826} INFO - Processing file /home/airflow/.local/lib/python3.7/site-packages/airflow/example_dags/example_nested_branch_dag.py for tasks to queue
[2025-05-06T07:45:35.742+0000] {logging_mixin.py:149} INFO - [2025-05-06T07:45:35.742+0000] {dagbag.py:541} INFO - Filling up the DagBag from /home/airflow/.local/lib/python3.7/site-packages/airflow/example_dags/example_nested_branch_dag.py
[2025-05-06T07:45:35.750+0000] {processor.py:836} INFO - DAG(s) dict_keys(['example_nested_branch_dag']) retrieved from /home/airflow/.local/lib/python3.7/site-packages/airflow/example_dags/example_nested_branch_dag.py
[2025-05-06T07:45:35.773+0000] {logging_mixin.py:149} INFO - [2025-05-06T07:45:35.773+0000] {dag.py:2726} INFO - Sync 1 DAGs
[2025-05-06T07:45:35.794+0000] {logging_mixin.py:149} INFO - [2025-05-06T07:45:35.794+0000] {dag.py:3490} INFO - Setting next_dagrun for example_nested_branch_dag to 2025-05-05T00:00:00+00:00, run_after=2025-05-06T00:00:00+00:00
[2025-05-06T07:45:35.812+0000] {processor.py:179} INFO - Processing /home/airflow/.local/lib/python3.7/site-packages/airflow/example_dags/example_nested_branch_dag.py took 0.074 seconds
[2025-05-06T07:46:06.222+0000] {processor.py:157} INFO - Started process (PID=1714) to work on /home/airflow/.local/lib/python3.7/site-packages/airflow/example_dags/example_nested_branch_dag.py
[2025-05-06T07:46:06.223+0000] {processor.py:826} INFO - Processing file /home/airflow/.local/lib/python3.7/site-packages/airflow/example_dags/example_nested_branch_dag.py for tasks to queue
[2025-05-06T07:46:06.224+0000] {logging_mixin.py:149} INFO - [2025-05-06T07:46:06.224+0000] {dagbag.py:541} INFO - Filling up the DagBag from /home/airflow/.local/lib/python3.7/site-packages/airflow/example_dags/example_nested_branch_dag.py
[2025-05-06T07:46:06.232+0000] {processor.py:836} INFO - DAG(s) dict_keys(['example_nested_branch_dag']) retrieved from /home/airflow/.local/lib/python3.7/site-packages/airflow/example_dags/example_nested_branch_dag.py
[2025-05-06T07:46:06.255+0000] {logging_mixin.py:149} INFO - [2025-05-06T07:46:06.255+0000] {dag.py:2726} INFO - Sync 1 DAGs
[2025-05-06T07:46:06.278+0000] {logging_mixin.py:149} INFO - [2025-05-06T07:46:06.278+0000] {dag.py:3490} INFO - Setting next_dagrun for example_nested_branch_dag to 2025-05-05T00:00:00+00:00, run_after=2025-05-06T00:00:00+00:00
[2025-05-06T07:46:06.296+0000] {processor.py:179} INFO - Processing /home/airflow/.local/lib/python3.7/site-packages/airflow/example_dags/example_nested_branch_dag.py took 0.077 seconds
[2025-05-06T07:46:36.968+0000] {processor.py:157} INFO - Started process (PID=1791) to work on /home/airflow/.local/lib/python3.7/site-packages/airflow/example_dags/example_nested_branch_dag.py
[2025-05-06T07:46:36.969+0000] {processor.py:826} INFO - Processing file /home/airflow/.local/lib/python3.7/site-packages/airflow/example_dags/example_nested_branch_dag.py for tasks to queue
[2025-05-06T07:46:36.970+0000] {logging_mixin.py:149} INFO - [2025-05-06T07:46:36.969+0000] {dagbag.py:541} INFO - Filling up the DagBag from /home/airflow/.local/lib/python3.7/site-packages/airflow/example_dags/example_nested_branch_dag.py
[2025-05-06T07:46:36.978+0000] {processor.py:836} INFO - DAG(s) dict_keys(['example_nested_branch_dag']) retrieved from /home/airflow/.local/lib/python3.7/site-packages/airflow/example_dags/example_nested_branch_dag.py
[2025-05-06T07:46:37.002+0000] {logging_mixin.py:149} INFO - [2025-05-06T07:46:37.002+0000] {dag.py:2726} INFO - Sync 1 DAGs
[2025-05-06T07:46:37.028+0000] {logging_mixin.py:149} INFO - [2025-05-06T07:46:37.028+0000] {dag.py:3490} INFO - Setting next_dagrun for example_nested_branch_dag to 2025-05-05T00:00:00+00:00, run_after=2025-05-06T00:00:00+00:00
[2025-05-06T07:46:37.047+0000] {processor.py:179} INFO - Processing /home/airflow/.local/lib/python3.7/site-packages/airflow/example_dags/example_nested_branch_dag.py took 0.082 seconds
[2025-05-06T07:47:07.782+0000] {processor.py:157} INFO - Started process (PID=1868) to work on /home/airflow/.local/lib/python3.7/site-packages/airflow/example_dags/example_nested_branch_dag.py
[2025-05-06T07:47:07.783+0000] {processor.py:826} INFO - Processing file /home/airflow/.local/lib/python3.7/site-packages/airflow/example_dags/example_nested_branch_dag.py for tasks to queue
[2025-05-06T07:47:07.784+0000] {logging_mixin.py:149} INFO - [2025-05-06T07:47:07.784+0000] {dagbag.py:541} INFO - Filling up the DagBag from /home/airflow/.local/lib/python3.7/site-packages/airflow/example_dags/example_nested_branch_dag.py
[2025-05-06T07:47:07.802+0000] {processor.py:836} INFO - DAG(s) dict_keys(['example_nested_branch_dag']) retrieved from /home/airflow/.local/lib/python3.7/site-packages/airflow/example_dags/example_nested_branch_dag.py
[2025-05-06T07:47:07.843+0000] {logging_mixin.py:149} INFO - [2025-05-06T07:47:07.842+0000] {dag.py:2726} INFO - Sync 1 DAGs
[2025-05-06T07:47:07.883+0000] {logging_mixin.py:149} INFO - [2025-05-06T07:47:07.882+0000] {dag.py:3490} INFO - Setting next_dagrun for example_nested_branch_dag to 2025-05-05T00:00:00+00:00, run_after=2025-05-06T00:00:00+00:00
[2025-05-06T07:47:07.915+0000] {processor.py:179} INFO - Processing /home/airflow/.local/lib/python3.7/site-packages/airflow/example_dags/example_nested_branch_dag.py took 0.139 seconds
[2025-05-06T07:47:38.745+0000] {processor.py:157} INFO - Started process (PID=1945) to work on /home/airflow/.local/lib/python3.7/site-packages/airflow/example_dags/example_nested_branch_dag.py
[2025-05-06T07:47:38.746+0000] {processor.py:826} INFO - Processing file /home/airflow/.local/lib/python3.7/site-packages/airflow/example_dags/example_nested_branch_dag.py for tasks to queue
[2025-05-06T07:47:38.747+0000] {logging_mixin.py:149} INFO - [2025-05-06T07:47:38.746+0000] {dagbag.py:541} INFO - Filling up the DagBag from /home/airflow/.local/lib/python3.7/site-packages/airflow/example_dags/example_nested_branch_dag.py
[2025-05-06T07:47:38.757+0000] {processor.py:836} INFO - DAG(s) dict_keys(['example_nested_branch_dag']) retrieved from /home/airflow/.local/lib/python3.7/site-packages/airflow/example_dags/example_nested_branch_dag.py
[2025-05-06T07:47:38.784+0000] {logging_mixin.py:149} INFO - [2025-05-06T07:47:38.784+0000] {dag.py:2726} INFO - Sync 1 DAGs
[2025-05-06T07:47:38.809+0000] {logging_mixin.py:149} INFO - [2025-05-06T07:47:38.809+0000] {dag.py:3490} INFO - Setting next_dagrun for example_nested_branch_dag to 2025-05-05T00:00:00+00:00, run_after=2025-05-06T00:00:00+00:00
[2025-05-06T07:47:38.831+0000] {processor.py:179} INFO - Processing /home/airflow/.local/lib/python3.7/site-packages/airflow/example_dags/example_nested_branch_dag.py took 0.089 seconds
[2025-05-06T07:48:09.572+0000] {processor.py:157} INFO - Started process (PID=2022) to work on /home/airflow/.local/lib/python3.7/site-packages/airflow/example_dags/example_nested_branch_dag.py
[2025-05-06T07:48:09.573+0000] {processor.py:826} INFO - Processing file /home/airflow/.local/lib/python3.7/site-packages/airflow/example_dags/example_nested_branch_dag.py for tasks to queue
[2025-05-06T07:48:09.574+0000] {logging_mixin.py:149} INFO - [2025-05-06T07:48:09.574+0000] {dagbag.py:541} INFO - Filling up the DagBag from /home/airflow/.local/lib/python3.7/site-packages/airflow/example_dags/example_nested_branch_dag.py
[2025-05-06T07:48:09.582+0000] {processor.py:836} INFO - DAG(s) dict_keys(['example_nested_branch_dag']) retrieved from /home/airflow/.local/lib/python3.7/site-packages/airflow/example_dags/example_nested_branch_dag.py
[2025-05-06T07:48:09.604+0000] {logging_mixin.py:149} INFO - [2025-05-06T07:48:09.604+0000] {dag.py:2726} INFO - Sync 1 DAGs
[2025-05-06T07:48:09.626+0000] {logging_mixin.py:149} INFO - [2025-05-06T07:48:09.625+0000] {dag.py:3490} INFO - Setting next_dagrun for example_nested_branch_dag to 2025-05-05T00:00:00+00:00, run_after=2025-05-06T00:00:00+00:00
[2025-05-06T07:48:09.643+0000] {processor.py:179} INFO - Processing /home/airflow/.local/lib/python3.7/site-packages/airflow/example_dags/example_nested_branch_dag.py took 0.073 seconds
[2025-05-06T07:48:40.312+0000] {processor.py:157} INFO - Started process (PID=2099) to work on /home/airflow/.local/lib/python3.7/site-packages/airflow/example_dags/example_nested_branch_dag.py
[2025-05-06T07:48:40.314+0000] {processor.py:826} INFO - Processing file /home/airflow/.local/lib/python3.7/site-packages/airflow/example_dags/example_nested_branch_dag.py for tasks to queue
[2025-05-06T07:48:40.314+0000] {logging_mixin.py:149} INFO - [2025-05-06T07:48:40.314+0000] {dagbag.py:541} INFO - Filling up the DagBag from /home/airflow/.local/lib/python3.7/site-packages/airflow/example_dags/example_nested_branch_dag.py
[2025-05-06T07:48:40.323+0000] {processor.py:836} INFO - DAG(s) dict_keys(['example_nested_branch_dag']) retrieved from /home/airflow/.local/lib/python3.7/site-packages/airflow/example_dags/example_nested_branch_dag.py
[2025-05-06T07:48:40.346+0000] {logging_mixin.py:149} INFO - [2025-05-06T07:48:40.346+0000] {dag.py:2726} INFO - Sync 1 DAGs
[2025-05-06T07:48:40.371+0000] {logging_mixin.py:149} INFO - [2025-05-06T07:48:40.371+0000] {dag.py:3490} INFO - Setting next_dagrun for example_nested_branch_dag to 2025-05-05T00:00:00+00:00, run_after=2025-05-06T00:00:00+00:00
[2025-05-06T07:48:40.391+0000] {processor.py:179} INFO - Processing /home/airflow/.local/lib/python3.7/site-packages/airflow/example_dags/example_nested_branch_dag.py took 0.081 seconds
[2025-05-06T07:49:11.556+0000] {processor.py:157} INFO - Started process (PID=2176) to work on /home/airflow/.local/lib/python3.7/site-packages/airflow/example_dags/example_nested_branch_dag.py
[2025-05-06T07:49:11.557+0000] {processor.py:826} INFO - Processing file /home/airflow/.local/lib/python3.7/site-packages/airflow/example_dags/example_nested_branch_dag.py for tasks to queue
[2025-05-06T07:49:11.558+0000] {logging_mixin.py:149} INFO - [2025-05-06T07:49:11.558+0000] {dagbag.py:541} INFO - Filling up the DagBag from /home/airflow/.local/lib/python3.7/site-packages/airflow/example_dags/example_nested_branch_dag.py
[2025-05-06T07:49:11.568+0000] {processor.py:836} INFO - DAG(s) dict_keys(['example_nested_branch_dag']) retrieved from /home/airflow/.local/lib/python3.7/site-packages/airflow/example_dags/example_nested_branch_dag.py
[2025-05-06T07:49:11.595+0000] {logging_mixin.py:149} INFO - [2025-05-06T07:49:11.595+0000] {dag.py:2726} INFO - Sync 1 DAGs
[2025-05-06T07:49:11.618+0000] {logging_mixin.py:149} INFO - [2025-05-06T07:49:11.618+0000] {dag.py:3490} INFO - Setting next_dagrun for example_nested_branch_dag to 2025-05-05T00:00:00+00:00, run_after=2025-05-06T00:00:00+00:00
[2025-05-06T07:49:11.638+0000] {processor.py:179} INFO - Processing /home/airflow/.local/lib/python3.7/site-packages/airflow/example_dags/example_nested_branch_dag.py took 0.085 seconds
[2025-05-06T07:49:42.597+0000] {processor.py:157} INFO - Started process (PID=2253) to work on /home/airflow/.local/lib/python3.7/site-packages/airflow/example_dags/example_nested_branch_dag.py
[2025-05-06T07:49:42.599+0000] {processor.py:826} INFO - Processing file /home/airflow/.local/lib/python3.7/site-packages/airflow/example_dags/example_nested_branch_dag.py for tasks to queue
[2025-05-06T07:49:42.599+0000] {logging_mixin.py:149} INFO - [2025-05-06T07:49:42.599+0000] {dagbag.py:541} INFO - Filling up the DagBag from /home/airflow/.local/lib/python3.7/site-packages/airflow/example_dags/example_nested_branch_dag.py
[2025-05-06T07:49:42.609+0000] {processor.py:836} INFO - DAG(s) dict_keys(['example_nested_branch_dag']) retrieved from /home/airflow/.local/lib/python3.7/site-packages/airflow/example_dags/example_nested_branch_dag.py
[2025-05-06T07:49:42.638+0000] {logging_mixin.py:149} INFO - [2025-05-06T07:49:42.638+0000] {dag.py:2726} INFO - Sync 1 DAGs
[2025-05-06T07:49:42.666+0000] {logging_mixin.py:149} INFO - [2025-05-06T07:49:42.666+0000] {dag.py:3490} INFO - Setting next_dagrun for example_nested_branch_dag to 2025-05-05T00:00:00+00:00, run_after=2025-05-06T00:00:00+00:00
[2025-05-06T07:49:42.687+0000] {processor.py:179} INFO - Processing /home/airflow/.local/lib/python3.7/site-packages/airflow/example_dags/example_nested_branch_dag.py took 0.098 seconds
[2025-05-06T07:50:13.337+0000] {processor.py:157} INFO - Started process (PID=2330) to work on /home/airflow/.local/lib/python3.7/site-packages/airflow/example_dags/example_nested_branch_dag.py
[2025-05-06T07:50:13.338+0000] {processor.py:826} INFO - Processing file /home/airflow/.local/lib/python3.7/site-packages/airflow/example_dags/example_nested_branch_dag.py for tasks to queue
[2025-05-06T07:50:13.339+0000] {logging_mixin.py:149} INFO - [2025-05-06T07:50:13.339+0000] {dagbag.py:541} INFO - Filling up the DagBag from /home/airflow/.local/lib/python3.7/site-packages/airflow/example_dags/example_nested_branch_dag.py
[2025-05-06T07:50:13.347+0000] {processor.py:836} INFO - DAG(s) dict_keys(['example_nested_branch_dag']) retrieved from /home/airflow/.local/lib/python3.7/site-packages/airflow/example_dags/example_nested_branch_dag.py
[2025-05-06T07:50:13.370+0000] {logging_mixin.py:149} INFO - [2025-05-06T07:50:13.370+0000] {dag.py:2726} INFO - Sync 1 DAGs
[2025-05-06T07:50:13.391+0000] {logging_mixin.py:149} INFO - [2025-05-06T07:50:13.391+0000] {dag.py:3490} INFO - Setting next_dagrun for example_nested_branch_dag to 2025-05-05T00:00:00+00:00, run_after=2025-05-06T00:00:00+00:00
[2025-05-06T07:50:13.409+0000] {processor.py:179} INFO - Processing /home/airflow/.local/lib/python3.7/site-packages/airflow/example_dags/example_nested_branch_dag.py took 0.075 seconds
[2025-05-06T07:50:44.155+0000] {processor.py:157} INFO - Started process (PID=2407) to work on /home/airflow/.local/lib/python3.7/site-packages/airflow/example_dags/example_nested_branch_dag.py
[2025-05-06T07:50:44.156+0000] {processor.py:826} INFO - Processing file /home/airflow/.local/lib/python3.7/site-packages/airflow/example_dags/example_nested_branch_dag.py for tasks to queue
[2025-05-06T07:50:44.157+0000] {logging_mixin.py:149} INFO - [2025-05-06T07:50:44.157+0000] {dagbag.py:541} INFO - Filling up the DagBag from /home/airflow/.local/lib/python3.7/site-packages/airflow/example_dags/example_nested_branch_dag.py
[2025-05-06T07:50:44.165+0000] {processor.py:836} INFO - DAG(s) dict_keys(['example_nested_branch_dag']) retrieved from /home/airflow/.local/lib/python3.7/site-packages/airflow/example_dags/example_nested_branch_dag.py
[2025-05-06T07:50:44.187+0000] {logging_mixin.py:149} INFO - [2025-05-06T07:50:44.187+0000] {dag.py:2726} INFO - Sync 1 DAGs
[2025-05-06T07:50:44.208+0000] {logging_mixin.py:149} INFO - [2025-05-06T07:50:44.208+0000] {dag.py:3490} INFO - Setting next_dagrun for example_nested_branch_dag to 2025-05-05T00:00:00+00:00, run_after=2025-05-06T00:00:00+00:00
[2025-05-06T07:50:44.225+0000] {processor.py:179} INFO - Processing /home/airflow/.local/lib/python3.7/site-packages/airflow/example_dags/example_nested_branch_dag.py took 0.073 seconds
[2025-05-06T07:51:14.654+0000] {processor.py:157} INFO - Started process (PID=2484) to work on /home/airflow/.local/lib/python3.7/site-packages/airflow/example_dags/example_nested_branch_dag.py
[2025-05-06T07:51:14.655+0000] {processor.py:826} INFO - Processing file /home/airflow/.local/lib/python3.7/site-packages/airflow/example_dags/example_nested_branch_dag.py for tasks to queue
[2025-05-06T07:51:14.656+0000] {logging_mixin.py:149} INFO - [2025-05-06T07:51:14.655+0000] {dagbag.py:541} INFO - Filling up the DagBag from /home/airflow/.local/lib/python3.7/site-packages/airflow/example_dags/example_nested_branch_dag.py
[2025-05-06T07:51:14.664+0000] {processor.py:836} INFO - DAG(s) dict_keys(['example_nested_branch_dag']) retrieved from /home/airflow/.local/lib/python3.7/site-packages/airflow/example_dags/example_nested_branch_dag.py
[2025-05-06T07:51:14.686+0000] {logging_mixin.py:149} INFO - [2025-05-06T07:51:14.686+0000] {dag.py:2726} INFO - Sync 1 DAGs
[2025-05-06T07:51:14.708+0000] {logging_mixin.py:149} INFO - [2025-05-06T07:51:14.708+0000] {dag.py:3490} INFO - Setting next_dagrun for example_nested_branch_dag to 2025-05-05T00:00:00+00:00, run_after=2025-05-06T00:00:00+00:00
[2025-05-06T07:51:14.724+0000] {processor.py:179} INFO - Processing /home/airflow/.local/lib/python3.7/site-packages/airflow/example_dags/example_nested_branch_dag.py took 0.073 seconds
[2025-05-06T07:51:45.238+0000] {processor.py:157} INFO - Started process (PID=2561) to work on /home/airflow/.local/lib/python3.7/site-packages/airflow/example_dags/example_nested_branch_dag.py
[2025-05-06T07:51:45.239+0000] {processor.py:826} INFO - Processing file /home/airflow/.local/lib/python3.7/site-packages/airflow/example_dags/example_nested_branch_dag.py for tasks to queue
[2025-05-06T07:51:45.239+0000] {logging_mixin.py:149} INFO - [2025-05-06T07:51:45.239+0000] {dagbag.py:541} INFO - Filling up the DagBag from /home/airflow/.local/lib/python3.7/site-packages/airflow/example_dags/example_nested_branch_dag.py
[2025-05-06T07:51:45.247+0000] {processor.py:836} INFO - DAG(s) dict_keys(['example_nested_branch_dag']) retrieved from /home/airflow/.local/lib/python3.7/site-packages/airflow/example_dags/example_nested_branch_dag.py
[2025-05-06T07:51:45.270+0000] {logging_mixin.py:149} INFO - [2025-05-06T07:51:45.270+0000] {dag.py:2726} INFO - Sync 1 DAGs
[2025-05-06T07:51:45.292+0000] {logging_mixin.py:149} INFO - [2025-05-06T07:51:45.291+0000] {dag.py:3490} INFO - Setting next_dagrun for example_nested_branch_dag to 2025-05-05T00:00:00+00:00, run_after=2025-05-06T00:00:00+00:00
[2025-05-06T07:51:45.310+0000] {processor.py:179} INFO - Processing /home/airflow/.local/lib/python3.7/site-packages/airflow/example_dags/example_nested_branch_dag.py took 0.075 seconds
