[2025-05-06T07:35:17.500+0000] {processor.py:157} INFO - Started process (PID=55) to work on /home/airflow/.local/lib/python3.7/site-packages/airflow/example_dags/example_external_task_marker_dag.py
[2025-05-06T07:35:17.501+0000] {processor.py:826} INFO - Processing file /home/airflow/.local/lib/python3.7/site-packages/airflow/example_dags/example_external_task_marker_dag.py for tasks to queue
[2025-05-06T07:35:17.502+0000] {logging_mixin.py:149} INFO - [2025-05-06T07:35:17.502+0000] {dagbag.py:541} INFO - Filling up the DagBag from /home/airflow/.local/lib/python3.7/site-packages/airflow/example_dags/example_external_task_marker_dag.py
[2025-05-06T07:35:17.513+0000] {processor.py:836} INFO - DAG(s) dict_keys(['example_external_task_marker_parent', 'example_external_task_marker_child']) retrieved from /home/airflow/.local/lib/python3.7/site-packages/airflow/example_dags/example_external_task_marker_dag.py
[2025-05-06T07:35:17.532+0000] {logging_mixin.py:149} INFO - [2025-05-06T07:35:17.532+0000] {dag.py:2726} INFO - Sync 2 DAGs
[2025-05-06T07:35:17.561+0000] {logging_mixin.py:149} INFO - [2025-05-06T07:35:17.561+0000] {dag.py:3490} INFO - Setting next_dagrun for example_external_task_marker_child to None, run_after=None
[2025-05-06T07:35:17.565+0000] {logging_mixin.py:149} INFO - [2025-05-06T07:35:17.565+0000] {dag.py:3490} INFO - Setting next_dagrun for example_external_task_marker_parent to None, run_after=None
[2025-05-06T07:35:17.583+0000] {processor.py:179} INFO - Processing /home/airflow/.local/lib/python3.7/site-packages/airflow/example_dags/example_external_task_marker_dag.py took 0.087 seconds
[2025-05-06T07:35:47.842+0000] {processor.py:157} INFO - Started process (PID=119) to work on /home/airflow/.local/lib/python3.7/site-packages/airflow/example_dags/example_external_task_marker_dag.py
[2025-05-06T07:35:47.843+0000] {processor.py:826} INFO - Processing file /home/airflow/.local/lib/python3.7/site-packages/airflow/example_dags/example_external_task_marker_dag.py for tasks to queue
[2025-05-06T07:35:47.844+0000] {logging_mixin.py:149} INFO - [2025-05-06T07:35:47.843+0000] {dagbag.py:541} INFO - Filling up the DagBag from /home/airflow/.local/lib/python3.7/site-packages/airflow/example_dags/example_external_task_marker_dag.py
[2025-05-06T07:35:47.850+0000] {processor.py:836} INFO - DAG(s) dict_keys(['example_external_task_marker_parent', 'example_external_task_marker_child']) retrieved from /home/airflow/.local/lib/python3.7/site-packages/airflow/example_dags/example_external_task_marker_dag.py
[2025-05-06T07:35:47.886+0000] {logging_mixin.py:149} INFO - [2025-05-06T07:35:47.886+0000] {dag.py:2726} INFO - Sync 2 DAGs
[2025-05-06T07:35:47.912+0000] {logging_mixin.py:149} INFO - [2025-05-06T07:35:47.912+0000] {dag.py:3490} INFO - Setting next_dagrun for example_external_task_marker_child to None, run_after=None
[2025-05-06T07:35:47.915+0000] {logging_mixin.py:149} INFO - [2025-05-06T07:35:47.915+0000] {dag.py:3490} INFO - Setting next_dagrun for example_external_task_marker_parent to None, run_after=None
[2025-05-06T07:35:47.931+0000] {processor.py:179} INFO - Processing /home/airflow/.local/lib/python3.7/site-packages/airflow/example_dags/example_external_task_marker_dag.py took 0.093 seconds
[2025-05-06T07:36:18.348+0000] {processor.py:157} INFO - Started process (PID=204) to work on /home/airflow/.local/lib/python3.7/site-packages/airflow/example_dags/example_external_task_marker_dag.py
[2025-05-06T07:36:18.349+0000] {processor.py:826} INFO - Processing file /home/airflow/.local/lib/python3.7/site-packages/airflow/example_dags/example_external_task_marker_dag.py for tasks to queue
[2025-05-06T07:36:18.350+0000] {logging_mixin.py:149} INFO - [2025-05-06T07:36:18.350+0000] {dagbag.py:541} INFO - Filling up the DagBag from /home/airflow/.local/lib/python3.7/site-packages/airflow/example_dags/example_external_task_marker_dag.py
[2025-05-06T07:36:18.355+0000] {processor.py:836} INFO - DAG(s) dict_keys(['example_external_task_marker_child', 'example_external_task_marker_parent']) retrieved from /home/airflow/.local/lib/python3.7/site-packages/airflow/example_dags/example_external_task_marker_dag.py
[2025-05-06T07:36:18.390+0000] {logging_mixin.py:149} INFO - [2025-05-06T07:36:18.389+0000] {dag.py:2726} INFO - Sync 2 DAGs
[2025-05-06T07:36:18.425+0000] {logging_mixin.py:149} INFO - [2025-05-06T07:36:18.425+0000] {dag.py:3490} INFO - Setting next_dagrun for example_external_task_marker_child to None, run_after=None
[2025-05-06T07:36:18.430+0000] {logging_mixin.py:149} INFO - [2025-05-06T07:36:18.429+0000] {dag.py:3490} INFO - Setting next_dagrun for example_external_task_marker_parent to None, run_after=None
[2025-05-06T07:36:18.453+0000] {processor.py:179} INFO - Processing /home/airflow/.local/lib/python3.7/site-packages/airflow/example_dags/example_external_task_marker_dag.py took 0.108 seconds
[2025-05-06T07:36:49.086+0000] {processor.py:157} INFO - Started process (PID=281) to work on /home/airflow/.local/lib/python3.7/site-packages/airflow/example_dags/example_external_task_marker_dag.py
[2025-05-06T07:36:49.088+0000] {processor.py:826} INFO - Processing file /home/airflow/.local/lib/python3.7/site-packages/airflow/example_dags/example_external_task_marker_dag.py for tasks to queue
[2025-05-06T07:36:49.089+0000] {logging_mixin.py:149} INFO - [2025-05-06T07:36:49.089+0000] {dagbag.py:541} INFO - Filling up the DagBag from /home/airflow/.local/lib/python3.7/site-packages/airflow/example_dags/example_external_task_marker_dag.py
[2025-05-06T07:36:49.099+0000] {processor.py:836} INFO - DAG(s) dict_keys(['example_external_task_marker_child', 'example_external_task_marker_parent']) retrieved from /home/airflow/.local/lib/python3.7/site-packages/airflow/example_dags/example_external_task_marker_dag.py
[2025-05-06T07:36:49.148+0000] {logging_mixin.py:149} INFO - [2025-05-06T07:36:49.148+0000] {dag.py:2726} INFO - Sync 2 DAGs
[2025-05-06T07:36:49.191+0000] {logging_mixin.py:149} INFO - [2025-05-06T07:36:49.191+0000] {dag.py:3490} INFO - Setting next_dagrun for example_external_task_marker_child to None, run_after=None
[2025-05-06T07:36:49.197+0000] {logging_mixin.py:149} INFO - [2025-05-06T07:36:49.196+0000] {dag.py:3490} INFO - Setting next_dagrun for example_external_task_marker_parent to None, run_after=None
[2025-05-06T07:36:49.226+0000] {processor.py:179} INFO - Processing /home/airflow/.local/lib/python3.7/site-packages/airflow/example_dags/example_external_task_marker_dag.py took 0.146 seconds
[2025-05-06T07:37:19.636+0000] {processor.py:157} INFO - Started process (PID=358) to work on /home/airflow/.local/lib/python3.7/site-packages/airflow/example_dags/example_external_task_marker_dag.py
[2025-05-06T07:37:19.637+0000] {processor.py:826} INFO - Processing file /home/airflow/.local/lib/python3.7/site-packages/airflow/example_dags/example_external_task_marker_dag.py for tasks to queue
[2025-05-06T07:37:19.638+0000] {logging_mixin.py:149} INFO - [2025-05-06T07:37:19.638+0000] {dagbag.py:541} INFO - Filling up the DagBag from /home/airflow/.local/lib/python3.7/site-packages/airflow/example_dags/example_external_task_marker_dag.py
[2025-05-06T07:37:19.644+0000] {processor.py:836} INFO - DAG(s) dict_keys(['example_external_task_marker_parent', 'example_external_task_marker_child']) retrieved from /home/airflow/.local/lib/python3.7/site-packages/airflow/example_dags/example_external_task_marker_dag.py
[2025-05-06T07:37:19.680+0000] {logging_mixin.py:149} INFO - [2025-05-06T07:37:19.680+0000] {dag.py:2726} INFO - Sync 2 DAGs
[2025-05-06T07:37:19.709+0000] {logging_mixin.py:149} INFO - [2025-05-06T07:37:19.708+0000] {dag.py:3490} INFO - Setting next_dagrun for example_external_task_marker_child to None, run_after=None
[2025-05-06T07:37:19.713+0000] {logging_mixin.py:149} INFO - [2025-05-06T07:37:19.713+0000] {dag.py:3490} INFO - Setting next_dagrun for example_external_task_marker_parent to None, run_after=None
[2025-05-06T07:37:19.735+0000] {processor.py:179} INFO - Processing /home/airflow/.local/lib/python3.7/site-packages/airflow/example_dags/example_external_task_marker_dag.py took 0.103 seconds
[2025-05-06T07:37:50.661+0000] {processor.py:157} INFO - Started process (PID=435) to work on /home/airflow/.local/lib/python3.7/site-packages/airflow/example_dags/example_external_task_marker_dag.py
[2025-05-06T07:37:50.663+0000] {processor.py:826} INFO - Processing file /home/airflow/.local/lib/python3.7/site-packages/airflow/example_dags/example_external_task_marker_dag.py for tasks to queue
[2025-05-06T07:37:50.664+0000] {logging_mixin.py:149} INFO - [2025-05-06T07:37:50.664+0000] {dagbag.py:541} INFO - Filling up the DagBag from /home/airflow/.local/lib/python3.7/site-packages/airflow/example_dags/example_external_task_marker_dag.py
[2025-05-06T07:37:50.669+0000] {processor.py:836} INFO - DAG(s) dict_keys(['example_external_task_marker_parent', 'example_external_task_marker_child']) retrieved from /home/airflow/.local/lib/python3.7/site-packages/airflow/example_dags/example_external_task_marker_dag.py
[2025-05-06T07:37:50.694+0000] {logging_mixin.py:149} INFO - [2025-05-06T07:37:50.694+0000] {dag.py:2726} INFO - Sync 2 DAGs
[2025-05-06T07:37:50.715+0000] {logging_mixin.py:149} INFO - [2025-05-06T07:37:50.715+0000] {dag.py:3490} INFO - Setting next_dagrun for example_external_task_marker_child to None, run_after=None
[2025-05-06T07:37:50.718+0000] {logging_mixin.py:149} INFO - [2025-05-06T07:37:50.718+0000] {dag.py:3490} INFO - Setting next_dagrun for example_external_task_marker_parent to None, run_after=None
[2025-05-06T07:37:50.735+0000] {processor.py:179} INFO - Processing /home/airflow/.local/lib/python3.7/site-packages/airflow/example_dags/example_external_task_marker_dag.py took 0.078 seconds
[2025-05-06T07:38:21.410+0000] {processor.py:157} INFO - Started process (PID=512) to work on /home/airflow/.local/lib/python3.7/site-packages/airflow/example_dags/example_external_task_marker_dag.py
[2025-05-06T07:38:21.412+0000] {processor.py:826} INFO - Processing file /home/airflow/.local/lib/python3.7/site-packages/airflow/example_dags/example_external_task_marker_dag.py for tasks to queue
[2025-05-06T07:38:21.413+0000] {logging_mixin.py:149} INFO - [2025-05-06T07:38:21.412+0000] {dagbag.py:541} INFO - Filling up the DagBag from /home/airflow/.local/lib/python3.7/site-packages/airflow/example_dags/example_external_task_marker_dag.py
[2025-05-06T07:38:21.418+0000] {processor.py:836} INFO - DAG(s) dict_keys(['example_external_task_marker_parent', 'example_external_task_marker_child']) retrieved from /home/airflow/.local/lib/python3.7/site-packages/airflow/example_dags/example_external_task_marker_dag.py
[2025-05-06T07:38:21.463+0000] {logging_mixin.py:149} INFO - [2025-05-06T07:38:21.463+0000] {dag.py:2726} INFO - Sync 2 DAGs
[2025-05-06T07:38:21.510+0000] {logging_mixin.py:149} INFO - [2025-05-06T07:38:21.510+0000] {dag.py:3490} INFO - Setting next_dagrun for example_external_task_marker_child to None, run_after=None
[2025-05-06T07:38:21.515+0000] {logging_mixin.py:149} INFO - [2025-05-06T07:38:21.515+0000] {dag.py:3490} INFO - Setting next_dagrun for example_external_task_marker_parent to None, run_after=None
[2025-05-06T07:38:21.536+0000] {processor.py:179} INFO - Processing /home/airflow/.local/lib/python3.7/site-packages/airflow/example_dags/example_external_task_marker_dag.py took 0.130 seconds
[2025-05-06T07:38:52.143+0000] {processor.py:157} INFO - Started process (PID=589) to work on /home/airflow/.local/lib/python3.7/site-packages/airflow/example_dags/example_external_task_marker_dag.py
[2025-05-06T07:38:52.144+0000] {processor.py:826} INFO - Processing file /home/airflow/.local/lib/python3.7/site-packages/airflow/example_dags/example_external_task_marker_dag.py for tasks to queue
[2025-05-06T07:38:52.145+0000] {logging_mixin.py:149} INFO - [2025-05-06T07:38:52.145+0000] {dagbag.py:541} INFO - Filling up the DagBag from /home/airflow/.local/lib/python3.7/site-packages/airflow/example_dags/example_external_task_marker_dag.py
[2025-05-06T07:38:52.150+0000] {processor.py:836} INFO - DAG(s) dict_keys(['example_external_task_marker_child', 'example_external_task_marker_parent']) retrieved from /home/airflow/.local/lib/python3.7/site-packages/airflow/example_dags/example_external_task_marker_dag.py
[2025-05-06T07:38:52.182+0000] {logging_mixin.py:149} INFO - [2025-05-06T07:38:52.181+0000] {dag.py:2726} INFO - Sync 2 DAGs
[2025-05-06T07:38:52.219+0000] {logging_mixin.py:149} INFO - [2025-05-06T07:38:52.218+0000] {dag.py:3490} INFO - Setting next_dagrun for example_external_task_marker_child to None, run_after=None
[2025-05-06T07:38:52.224+0000] {logging_mixin.py:149} INFO - [2025-05-06T07:38:52.224+0000] {dag.py:3490} INFO - Setting next_dagrun for example_external_task_marker_parent to None, run_after=None
[2025-05-06T07:38:52.243+0000] {processor.py:179} INFO - Processing /home/airflow/.local/lib/python3.7/site-packages/airflow/example_dags/example_external_task_marker_dag.py took 0.103 seconds
[2025-05-06T07:39:22.312+0000] {processor.py:157} INFO - Started process (PID=666) to work on /home/airflow/.local/lib/python3.7/site-packages/airflow/example_dags/example_external_task_marker_dag.py
[2025-05-06T07:39:22.313+0000] {processor.py:826} INFO - Processing file /home/airflow/.local/lib/python3.7/site-packages/airflow/example_dags/example_external_task_marker_dag.py for tasks to queue
[2025-05-06T07:39:22.313+0000] {logging_mixin.py:149} INFO - [2025-05-06T07:39:22.313+0000] {dagbag.py:541} INFO - Filling up the DagBag from /home/airflow/.local/lib/python3.7/site-packages/airflow/example_dags/example_external_task_marker_dag.py
[2025-05-06T07:39:22.319+0000] {processor.py:836} INFO - DAG(s) dict_keys(['example_external_task_marker_parent', 'example_external_task_marker_child']) retrieved from /home/airflow/.local/lib/python3.7/site-packages/airflow/example_dags/example_external_task_marker_dag.py
[2025-05-06T07:39:22.345+0000] {logging_mixin.py:149} INFO - [2025-05-06T07:39:22.345+0000] {dag.py:2726} INFO - Sync 2 DAGs
[2025-05-06T07:39:22.365+0000] {logging_mixin.py:149} INFO - [2025-05-06T07:39:22.365+0000] {dag.py:3490} INFO - Setting next_dagrun for example_external_task_marker_child to None, run_after=None
[2025-05-06T07:39:22.369+0000] {logging_mixin.py:149} INFO - [2025-05-06T07:39:22.369+0000] {dag.py:3490} INFO - Setting next_dagrun for example_external_task_marker_parent to None, run_after=None
[2025-05-06T07:39:22.384+0000] {processor.py:179} INFO - Processing /home/airflow/.local/lib/python3.7/site-packages/airflow/example_dags/example_external_task_marker_dag.py took 0.076 seconds
[2025-05-06T07:39:52.870+0000] {processor.py:157} INFO - Started process (PID=743) to work on /home/airflow/.local/lib/python3.7/site-packages/airflow/example_dags/example_external_task_marker_dag.py
[2025-05-06T07:39:52.872+0000] {processor.py:826} INFO - Processing file /home/airflow/.local/lib/python3.7/site-packages/airflow/example_dags/example_external_task_marker_dag.py for tasks to queue
[2025-05-06T07:39:52.872+0000] {logging_mixin.py:149} INFO - [2025-05-06T07:39:52.872+0000] {dagbag.py:541} INFO - Filling up the DagBag from /home/airflow/.local/lib/python3.7/site-packages/airflow/example_dags/example_external_task_marker_dag.py
[2025-05-06T07:39:52.877+0000] {processor.py:836} INFO - DAG(s) dict_keys(['example_external_task_marker_child', 'example_external_task_marker_parent']) retrieved from /home/airflow/.local/lib/python3.7/site-packages/airflow/example_dags/example_external_task_marker_dag.py
[2025-05-06T07:39:52.902+0000] {logging_mixin.py:149} INFO - [2025-05-06T07:39:52.902+0000] {dag.py:2726} INFO - Sync 2 DAGs
[2025-05-06T07:39:52.921+0000] {logging_mixin.py:149} INFO - [2025-05-06T07:39:52.921+0000] {dag.py:3490} INFO - Setting next_dagrun for example_external_task_marker_child to None, run_after=None
[2025-05-06T07:39:52.924+0000] {logging_mixin.py:149} INFO - [2025-05-06T07:39:52.924+0000] {dag.py:3490} INFO - Setting next_dagrun for example_external_task_marker_parent to None, run_after=None
[2025-05-06T07:39:52.941+0000] {processor.py:179} INFO - Processing /home/airflow/.local/lib/python3.7/site-packages/airflow/example_dags/example_external_task_marker_dag.py took 0.073 seconds
[2025-05-06T07:40:23.528+0000] {processor.py:157} INFO - Started process (PID=820) to work on /home/airflow/.local/lib/python3.7/site-packages/airflow/example_dags/example_external_task_marker_dag.py
[2025-05-06T07:40:23.529+0000] {processor.py:826} INFO - Processing file /home/airflow/.local/lib/python3.7/site-packages/airflow/example_dags/example_external_task_marker_dag.py for tasks to queue
[2025-05-06T07:40:23.530+0000] {logging_mixin.py:149} INFO - [2025-05-06T07:40:23.530+0000] {dagbag.py:541} INFO - Filling up the DagBag from /home/airflow/.local/lib/python3.7/site-packages/airflow/example_dags/example_external_task_marker_dag.py
[2025-05-06T07:40:23.535+0000] {processor.py:836} INFO - DAG(s) dict_keys(['example_external_task_marker_parent', 'example_external_task_marker_child']) retrieved from /home/airflow/.local/lib/python3.7/site-packages/airflow/example_dags/example_external_task_marker_dag.py
[2025-05-06T07:40:23.560+0000] {logging_mixin.py:149} INFO - [2025-05-06T07:40:23.560+0000] {dag.py:2726} INFO - Sync 2 DAGs
[2025-05-06T07:40:23.580+0000] {logging_mixin.py:149} INFO - [2025-05-06T07:40:23.580+0000] {dag.py:3490} INFO - Setting next_dagrun for example_external_task_marker_child to None, run_after=None
[2025-05-06T07:40:23.583+0000] {logging_mixin.py:149} INFO - [2025-05-06T07:40:23.583+0000] {dag.py:3490} INFO - Setting next_dagrun for example_external_task_marker_parent to None, run_after=None
[2025-05-06T07:40:23.600+0000] {processor.py:179} INFO - Processing /home/airflow/.local/lib/python3.7/site-packages/airflow/example_dags/example_external_task_marker_dag.py took 0.076 seconds
[2025-05-06T07:40:53.981+0000] {processor.py:157} INFO - Started process (PID=897) to work on /home/airflow/.local/lib/python3.7/site-packages/airflow/example_dags/example_external_task_marker_dag.py
[2025-05-06T07:40:53.982+0000] {processor.py:826} INFO - Processing file /home/airflow/.local/lib/python3.7/site-packages/airflow/example_dags/example_external_task_marker_dag.py for tasks to queue
[2025-05-06T07:40:53.983+0000] {logging_mixin.py:149} INFO - [2025-05-06T07:40:53.983+0000] {dagbag.py:541} INFO - Filling up the DagBag from /home/airflow/.local/lib/python3.7/site-packages/airflow/example_dags/example_external_task_marker_dag.py
[2025-05-06T07:40:53.988+0000] {processor.py:836} INFO - DAG(s) dict_keys(['example_external_task_marker_child', 'example_external_task_marker_parent']) retrieved from /home/airflow/.local/lib/python3.7/site-packages/airflow/example_dags/example_external_task_marker_dag.py
[2025-05-06T07:40:54.013+0000] {logging_mixin.py:149} INFO - [2025-05-06T07:40:54.012+0000] {dag.py:2726} INFO - Sync 2 DAGs
[2025-05-06T07:40:54.033+0000] {logging_mixin.py:149} INFO - [2025-05-06T07:40:54.033+0000] {dag.py:3490} INFO - Setting next_dagrun for example_external_task_marker_child to None, run_after=None
[2025-05-06T07:40:54.036+0000] {logging_mixin.py:149} INFO - [2025-05-06T07:40:54.035+0000] {dag.py:3490} INFO - Setting next_dagrun for example_external_task_marker_parent to None, run_after=None
[2025-05-06T07:40:54.051+0000] {processor.py:179} INFO - Processing /home/airflow/.local/lib/python3.7/site-packages/airflow/example_dags/example_external_task_marker_dag.py took 0.074 seconds
[2025-05-06T07:41:24.403+0000] {processor.py:157} INFO - Started process (PID=974) to work on /home/airflow/.local/lib/python3.7/site-packages/airflow/example_dags/example_external_task_marker_dag.py
[2025-05-06T07:41:24.404+0000] {processor.py:826} INFO - Processing file /home/airflow/.local/lib/python3.7/site-packages/airflow/example_dags/example_external_task_marker_dag.py for tasks to queue
[2025-05-06T07:41:24.405+0000] {logging_mixin.py:149} INFO - [2025-05-06T07:41:24.405+0000] {dagbag.py:541} INFO - Filling up the DagBag from /home/airflow/.local/lib/python3.7/site-packages/airflow/example_dags/example_external_task_marker_dag.py
[2025-05-06T07:41:24.413+0000] {processor.py:836} INFO - DAG(s) dict_keys(['example_external_task_marker_parent', 'example_external_task_marker_child']) retrieved from /home/airflow/.local/lib/python3.7/site-packages/airflow/example_dags/example_external_task_marker_dag.py
[2025-05-06T07:41:24.442+0000] {logging_mixin.py:149} INFO - [2025-05-06T07:41:24.442+0000] {dag.py:2726} INFO - Sync 2 DAGs
[2025-05-06T07:41:24.463+0000] {logging_mixin.py:149} INFO - [2025-05-06T07:41:24.463+0000] {dag.py:3490} INFO - Setting next_dagrun for example_external_task_marker_child to None, run_after=None
[2025-05-06T07:41:24.465+0000] {logging_mixin.py:149} INFO - [2025-05-06T07:41:24.465+0000] {dag.py:3490} INFO - Setting next_dagrun for example_external_task_marker_parent to None, run_after=None
[2025-05-06T07:41:24.481+0000] {processor.py:179} INFO - Processing /home/airflow/.local/lib/python3.7/site-packages/airflow/example_dags/example_external_task_marker_dag.py took 0.083 seconds
[2025-05-06T07:41:54.954+0000] {processor.py:157} INFO - Started process (PID=1051) to work on /home/airflow/.local/lib/python3.7/site-packages/airflow/example_dags/example_external_task_marker_dag.py
[2025-05-06T07:41:54.956+0000] {processor.py:826} INFO - Processing file /home/airflow/.local/lib/python3.7/site-packages/airflow/example_dags/example_external_task_marker_dag.py for tasks to queue
[2025-05-06T07:41:54.956+0000] {logging_mixin.py:149} INFO - [2025-05-06T07:41:54.956+0000] {dagbag.py:541} INFO - Filling up the DagBag from /home/airflow/.local/lib/python3.7/site-packages/airflow/example_dags/example_external_task_marker_dag.py
[2025-05-06T07:41:54.961+0000] {processor.py:836} INFO - DAG(s) dict_keys(['example_external_task_marker_child', 'example_external_task_marker_parent']) retrieved from /home/airflow/.local/lib/python3.7/site-packages/airflow/example_dags/example_external_task_marker_dag.py
[2025-05-06T07:41:54.987+0000] {logging_mixin.py:149} INFO - [2025-05-06T07:41:54.987+0000] {dag.py:2726} INFO - Sync 2 DAGs
[2025-05-06T07:41:55.007+0000] {logging_mixin.py:149} INFO - [2025-05-06T07:41:55.007+0000] {dag.py:3490} INFO - Setting next_dagrun for example_external_task_marker_child to None, run_after=None
[2025-05-06T07:41:55.010+0000] {logging_mixin.py:149} INFO - [2025-05-06T07:41:55.010+0000] {dag.py:3490} INFO - Setting next_dagrun for example_external_task_marker_parent to None, run_after=None
[2025-05-06T07:41:55.027+0000] {processor.py:179} INFO - Processing /home/airflow/.local/lib/python3.7/site-packages/airflow/example_dags/example_external_task_marker_dag.py took 0.075 seconds
[2025-05-06T07:42:25.488+0000] {processor.py:157} INFO - Started process (PID=1128) to work on /home/airflow/.local/lib/python3.7/site-packages/airflow/example_dags/example_external_task_marker_dag.py
[2025-05-06T07:42:25.490+0000] {processor.py:826} INFO - Processing file /home/airflow/.local/lib/python3.7/site-packages/airflow/example_dags/example_external_task_marker_dag.py for tasks to queue
[2025-05-06T07:42:25.491+0000] {logging_mixin.py:149} INFO - [2025-05-06T07:42:25.491+0000] {dagbag.py:541} INFO - Filling up the DagBag from /home/airflow/.local/lib/python3.7/site-packages/airflow/example_dags/example_external_task_marker_dag.py
[2025-05-06T07:42:25.498+0000] {processor.py:836} INFO - DAG(s) dict_keys(['example_external_task_marker_child', 'example_external_task_marker_parent']) retrieved from /home/airflow/.local/lib/python3.7/site-packages/airflow/example_dags/example_external_task_marker_dag.py
[2025-05-06T07:42:25.537+0000] {logging_mixin.py:149} INFO - [2025-05-06T07:42:25.536+0000] {dag.py:2726} INFO - Sync 2 DAGs
[2025-05-06T07:42:25.576+0000] {logging_mixin.py:149} INFO - [2025-05-06T07:42:25.576+0000] {dag.py:3490} INFO - Setting next_dagrun for example_external_task_marker_child to None, run_after=None
[2025-05-06T07:42:25.584+0000] {logging_mixin.py:149} INFO - [2025-05-06T07:42:25.584+0000] {dag.py:3490} INFO - Setting next_dagrun for example_external_task_marker_parent to None, run_after=None
[2025-05-06T07:42:25.615+0000] {processor.py:179} INFO - Processing /home/airflow/.local/lib/python3.7/site-packages/airflow/example_dags/example_external_task_marker_dag.py took 0.130 seconds
[2025-05-06T07:42:55.982+0000] {processor.py:157} INFO - Started process (PID=1205) to work on /home/airflow/.local/lib/python3.7/site-packages/airflow/example_dags/example_external_task_marker_dag.py
[2025-05-06T07:42:55.983+0000] {processor.py:826} INFO - Processing file /home/airflow/.local/lib/python3.7/site-packages/airflow/example_dags/example_external_task_marker_dag.py for tasks to queue
[2025-05-06T07:42:55.984+0000] {logging_mixin.py:149} INFO - [2025-05-06T07:42:55.984+0000] {dagbag.py:541} INFO - Filling up the DagBag from /home/airflow/.local/lib/python3.7/site-packages/airflow/example_dags/example_external_task_marker_dag.py
[2025-05-06T07:42:55.988+0000] {processor.py:836} INFO - DAG(s) dict_keys(['example_external_task_marker_child', 'example_external_task_marker_parent']) retrieved from /home/airflow/.local/lib/python3.7/site-packages/airflow/example_dags/example_external_task_marker_dag.py
[2025-05-06T07:42:56.014+0000] {logging_mixin.py:149} INFO - [2025-05-06T07:42:56.014+0000] {dag.py:2726} INFO - Sync 2 DAGs
[2025-05-06T07:42:56.034+0000] {logging_mixin.py:149} INFO - [2025-05-06T07:42:56.034+0000] {dag.py:3490} INFO - Setting next_dagrun for example_external_task_marker_child to None, run_after=None
[2025-05-06T07:42:56.037+0000] {logging_mixin.py:149} INFO - [2025-05-06T07:42:56.037+0000] {dag.py:3490} INFO - Setting next_dagrun for example_external_task_marker_parent to None, run_after=None
[2025-05-06T07:42:56.053+0000] {processor.py:179} INFO - Processing /home/airflow/.local/lib/python3.7/site-packages/airflow/example_dags/example_external_task_marker_dag.py took 0.073 seconds
[2025-05-06T07:43:26.481+0000] {processor.py:157} INFO - Started process (PID=1282) to work on /home/airflow/.local/lib/python3.7/site-packages/airflow/example_dags/example_external_task_marker_dag.py
[2025-05-06T07:43:26.482+0000] {processor.py:826} INFO - Processing file /home/airflow/.local/lib/python3.7/site-packages/airflow/example_dags/example_external_task_marker_dag.py for tasks to queue
[2025-05-06T07:43:26.483+0000] {logging_mixin.py:149} INFO - [2025-05-06T07:43:26.483+0000] {dagbag.py:541} INFO - Filling up the DagBag from /home/airflow/.local/lib/python3.7/site-packages/airflow/example_dags/example_external_task_marker_dag.py
[2025-05-06T07:43:26.489+0000] {processor.py:836} INFO - DAG(s) dict_keys(['example_external_task_marker_child', 'example_external_task_marker_parent']) retrieved from /home/airflow/.local/lib/python3.7/site-packages/airflow/example_dags/example_external_task_marker_dag.py
[2025-05-06T07:43:26.515+0000] {logging_mixin.py:149} INFO - [2025-05-06T07:43:26.515+0000] {dag.py:2726} INFO - Sync 2 DAGs
[2025-05-06T07:43:26.536+0000] {logging_mixin.py:149} INFO - [2025-05-06T07:43:26.536+0000] {dag.py:3490} INFO - Setting next_dagrun for example_external_task_marker_child to None, run_after=None
[2025-05-06T07:43:26.539+0000] {logging_mixin.py:149} INFO - [2025-05-06T07:43:26.539+0000] {dag.py:3490} INFO - Setting next_dagrun for example_external_task_marker_parent to None, run_after=None
[2025-05-06T07:43:26.556+0000] {processor.py:179} INFO - Processing /home/airflow/.local/lib/python3.7/site-packages/airflow/example_dags/example_external_task_marker_dag.py took 0.077 seconds
[2025-05-06T07:43:57.081+0000] {processor.py:157} INFO - Started process (PID=1359) to work on /home/airflow/.local/lib/python3.7/site-packages/airflow/example_dags/example_external_task_marker_dag.py
[2025-05-06T07:43:57.083+0000] {processor.py:826} INFO - Processing file /home/airflow/.local/lib/python3.7/site-packages/airflow/example_dags/example_external_task_marker_dag.py for tasks to queue
[2025-05-06T07:43:57.083+0000] {logging_mixin.py:149} INFO - [2025-05-06T07:43:57.083+0000] {dagbag.py:541} INFO - Filling up the DagBag from /home/airflow/.local/lib/python3.7/site-packages/airflow/example_dags/example_external_task_marker_dag.py
[2025-05-06T07:43:57.089+0000] {processor.py:836} INFO - DAG(s) dict_keys(['example_external_task_marker_parent', 'example_external_task_marker_child']) retrieved from /home/airflow/.local/lib/python3.7/site-packages/airflow/example_dags/example_external_task_marker_dag.py
[2025-05-06T07:43:57.115+0000] {logging_mixin.py:149} INFO - [2025-05-06T07:43:57.114+0000] {dag.py:2726} INFO - Sync 2 DAGs
[2025-05-06T07:43:57.135+0000] {logging_mixin.py:149} INFO - [2025-05-06T07:43:57.135+0000] {dag.py:3490} INFO - Setting next_dagrun for example_external_task_marker_child to None, run_after=None
[2025-05-06T07:43:57.138+0000] {logging_mixin.py:149} INFO - [2025-05-06T07:43:57.137+0000] {dag.py:3490} INFO - Setting next_dagrun for example_external_task_marker_parent to None, run_after=None
[2025-05-06T07:43:57.154+0000] {processor.py:179} INFO - Processing /home/airflow/.local/lib/python3.7/site-packages/airflow/example_dags/example_external_task_marker_dag.py took 0.077 seconds
[2025-05-06T07:44:27.737+0000] {processor.py:157} INFO - Started process (PID=1436) to work on /home/airflow/.local/lib/python3.7/site-packages/airflow/example_dags/example_external_task_marker_dag.py
[2025-05-06T07:44:27.738+0000] {processor.py:826} INFO - Processing file /home/airflow/.local/lib/python3.7/site-packages/airflow/example_dags/example_external_task_marker_dag.py for tasks to queue
[2025-05-06T07:44:27.739+0000] {logging_mixin.py:149} INFO - [2025-05-06T07:44:27.739+0000] {dagbag.py:541} INFO - Filling up the DagBag from /home/airflow/.local/lib/python3.7/site-packages/airflow/example_dags/example_external_task_marker_dag.py
[2025-05-06T07:44:27.744+0000] {processor.py:836} INFO - DAG(s) dict_keys(['example_external_task_marker_child', 'example_external_task_marker_parent']) retrieved from /home/airflow/.local/lib/python3.7/site-packages/airflow/example_dags/example_external_task_marker_dag.py
[2025-05-06T07:44:27.770+0000] {logging_mixin.py:149} INFO - [2025-05-06T07:44:27.770+0000] {dag.py:2726} INFO - Sync 2 DAGs
[2025-05-06T07:44:27.793+0000] {logging_mixin.py:149} INFO - [2025-05-06T07:44:27.793+0000] {dag.py:3490} INFO - Setting next_dagrun for example_external_task_marker_child to None, run_after=None
[2025-05-06T07:44:27.796+0000] {logging_mixin.py:149} INFO - [2025-05-06T07:44:27.796+0000] {dag.py:3490} INFO - Setting next_dagrun for example_external_task_marker_parent to None, run_after=None
[2025-05-06T07:44:27.818+0000] {processor.py:179} INFO - Processing /home/airflow/.local/lib/python3.7/site-packages/airflow/example_dags/example_external_task_marker_dag.py took 0.084 seconds
[2025-05-06T07:44:58.008+0000] {processor.py:157} INFO - Started process (PID=1513) to work on /home/airflow/.local/lib/python3.7/site-packages/airflow/example_dags/example_external_task_marker_dag.py
[2025-05-06T07:44:58.009+0000] {processor.py:826} INFO - Processing file /home/airflow/.local/lib/python3.7/site-packages/airflow/example_dags/example_external_task_marker_dag.py for tasks to queue
[2025-05-06T07:44:58.010+0000] {logging_mixin.py:149} INFO - [2025-05-06T07:44:58.010+0000] {dagbag.py:541} INFO - Filling up the DagBag from /home/airflow/.local/lib/python3.7/site-packages/airflow/example_dags/example_external_task_marker_dag.py
[2025-05-06T07:44:58.015+0000] {processor.py:836} INFO - DAG(s) dict_keys(['example_external_task_marker_child', 'example_external_task_marker_parent']) retrieved from /home/airflow/.local/lib/python3.7/site-packages/airflow/example_dags/example_external_task_marker_dag.py
[2025-05-06T07:44:58.040+0000] {logging_mixin.py:149} INFO - [2025-05-06T07:44:58.040+0000] {dag.py:2726} INFO - Sync 2 DAGs
[2025-05-06T07:44:58.060+0000] {logging_mixin.py:149} INFO - [2025-05-06T07:44:58.060+0000] {dag.py:3490} INFO - Setting next_dagrun for example_external_task_marker_child to None, run_after=None
[2025-05-06T07:44:58.063+0000] {logging_mixin.py:149} INFO - [2025-05-06T07:44:58.063+0000] {dag.py:3490} INFO - Setting next_dagrun for example_external_task_marker_parent to None, run_after=None
[2025-05-06T07:44:58.079+0000] {processor.py:179} INFO - Processing /home/airflow/.local/lib/python3.7/site-packages/airflow/example_dags/example_external_task_marker_dag.py took 0.074 seconds
[2025-05-06T07:45:28.592+0000] {processor.py:157} INFO - Started process (PID=1590) to work on /home/airflow/.local/lib/python3.7/site-packages/airflow/example_dags/example_external_task_marker_dag.py
[2025-05-06T07:45:28.594+0000] {processor.py:826} INFO - Processing file /home/airflow/.local/lib/python3.7/site-packages/airflow/example_dags/example_external_task_marker_dag.py for tasks to queue
[2025-05-06T07:45:28.595+0000] {logging_mixin.py:149} INFO - [2025-05-06T07:45:28.594+0000] {dagbag.py:541} INFO - Filling up the DagBag from /home/airflow/.local/lib/python3.7/site-packages/airflow/example_dags/example_external_task_marker_dag.py
[2025-05-06T07:45:28.600+0000] {processor.py:836} INFO - DAG(s) dict_keys(['example_external_task_marker_child', 'example_external_task_marker_parent']) retrieved from /home/airflow/.local/lib/python3.7/site-packages/airflow/example_dags/example_external_task_marker_dag.py
[2025-05-06T07:45:28.631+0000] {logging_mixin.py:149} INFO - [2025-05-06T07:45:28.631+0000] {dag.py:2726} INFO - Sync 2 DAGs
[2025-05-06T07:45:28.656+0000] {logging_mixin.py:149} INFO - [2025-05-06T07:45:28.655+0000] {dag.py:3490} INFO - Setting next_dagrun for example_external_task_marker_child to None, run_after=None
[2025-05-06T07:45:28.659+0000] {logging_mixin.py:149} INFO - [2025-05-06T07:45:28.659+0000] {dag.py:3490} INFO - Setting next_dagrun for example_external_task_marker_parent to None, run_after=None
[2025-05-06T07:45:28.679+0000] {processor.py:179} INFO - Processing /home/airflow/.local/lib/python3.7/site-packages/airflow/example_dags/example_external_task_marker_dag.py took 0.091 seconds
[2025-05-06T07:45:59.265+0000] {processor.py:157} INFO - Started process (PID=1668) to work on /home/airflow/.local/lib/python3.7/site-packages/airflow/example_dags/example_external_task_marker_dag.py
[2025-05-06T07:45:59.266+0000] {processor.py:826} INFO - Processing file /home/airflow/.local/lib/python3.7/site-packages/airflow/example_dags/example_external_task_marker_dag.py for tasks to queue
[2025-05-06T07:45:59.267+0000] {logging_mixin.py:149} INFO - [2025-05-06T07:45:59.266+0000] {dagbag.py:541} INFO - Filling up the DagBag from /home/airflow/.local/lib/python3.7/site-packages/airflow/example_dags/example_external_task_marker_dag.py
[2025-05-06T07:45:59.272+0000] {processor.py:836} INFO - DAG(s) dict_keys(['example_external_task_marker_parent', 'example_external_task_marker_child']) retrieved from /home/airflow/.local/lib/python3.7/site-packages/airflow/example_dags/example_external_task_marker_dag.py
[2025-05-06T07:45:59.299+0000] {logging_mixin.py:149} INFO - [2025-05-06T07:45:59.299+0000] {dag.py:2726} INFO - Sync 2 DAGs
[2025-05-06T07:45:59.320+0000] {logging_mixin.py:149} INFO - [2025-05-06T07:45:59.320+0000] {dag.py:3490} INFO - Setting next_dagrun for example_external_task_marker_child to None, run_after=None
[2025-05-06T07:45:59.322+0000] {logging_mixin.py:149} INFO - [2025-05-06T07:45:59.322+0000] {dag.py:3490} INFO - Setting next_dagrun for example_external_task_marker_parent to None, run_after=None
[2025-05-06T07:45:59.339+0000] {processor.py:179} INFO - Processing /home/airflow/.local/lib/python3.7/site-packages/airflow/example_dags/example_external_task_marker_dag.py took 0.078 seconds
[2025-05-06T07:46:29.761+0000] {processor.py:157} INFO - Started process (PID=1745) to work on /home/airflow/.local/lib/python3.7/site-packages/airflow/example_dags/example_external_task_marker_dag.py
[2025-05-06T07:46:29.762+0000] {processor.py:826} INFO - Processing file /home/airflow/.local/lib/python3.7/site-packages/airflow/example_dags/example_external_task_marker_dag.py for tasks to queue
[2025-05-06T07:46:29.763+0000] {logging_mixin.py:149} INFO - [2025-05-06T07:46:29.763+0000] {dagbag.py:541} INFO - Filling up the DagBag from /home/airflow/.local/lib/python3.7/site-packages/airflow/example_dags/example_external_task_marker_dag.py
[2025-05-06T07:46:29.771+0000] {processor.py:836} INFO - DAG(s) dict_keys(['example_external_task_marker_child', 'example_external_task_marker_parent']) retrieved from /home/airflow/.local/lib/python3.7/site-packages/airflow/example_dags/example_external_task_marker_dag.py
[2025-05-06T07:46:29.809+0000] {logging_mixin.py:149} INFO - [2025-05-06T07:46:29.809+0000] {dag.py:2726} INFO - Sync 2 DAGs
[2025-05-06T07:46:29.842+0000] {logging_mixin.py:149} INFO - [2025-05-06T07:46:29.842+0000] {dag.py:3490} INFO - Setting next_dagrun for example_external_task_marker_child to None, run_after=None
[2025-05-06T07:46:29.849+0000] {logging_mixin.py:149} INFO - [2025-05-06T07:46:29.849+0000] {dag.py:3490} INFO - Setting next_dagrun for example_external_task_marker_parent to None, run_after=None
[2025-05-06T07:46:29.869+0000] {processor.py:179} INFO - Processing /home/airflow/.local/lib/python3.7/site-packages/airflow/example_dags/example_external_task_marker_dag.py took 0.111 seconds
[2025-05-06T07:47:00.537+0000] {processor.py:157} INFO - Started process (PID=1822) to work on /home/airflow/.local/lib/python3.7/site-packages/airflow/example_dags/example_external_task_marker_dag.py
[2025-05-06T07:47:00.538+0000] {processor.py:826} INFO - Processing file /home/airflow/.local/lib/python3.7/site-packages/airflow/example_dags/example_external_task_marker_dag.py for tasks to queue
[2025-05-06T07:47:00.538+0000] {logging_mixin.py:149} INFO - [2025-05-06T07:47:00.538+0000] {dagbag.py:541} INFO - Filling up the DagBag from /home/airflow/.local/lib/python3.7/site-packages/airflow/example_dags/example_external_task_marker_dag.py
[2025-05-06T07:47:00.543+0000] {processor.py:836} INFO - DAG(s) dict_keys(['example_external_task_marker_parent', 'example_external_task_marker_child']) retrieved from /home/airflow/.local/lib/python3.7/site-packages/airflow/example_dags/example_external_task_marker_dag.py
[2025-05-06T07:47:00.570+0000] {logging_mixin.py:149} INFO - [2025-05-06T07:47:00.570+0000] {dag.py:2726} INFO - Sync 2 DAGs
[2025-05-06T07:47:00.592+0000] {logging_mixin.py:149} INFO - [2025-05-06T07:47:00.592+0000] {dag.py:3490} INFO - Setting next_dagrun for example_external_task_marker_child to None, run_after=None
[2025-05-06T07:47:00.595+0000] {logging_mixin.py:149} INFO - [2025-05-06T07:47:00.595+0000] {dag.py:3490} INFO - Setting next_dagrun for example_external_task_marker_parent to None, run_after=None
[2025-05-06T07:47:00.612+0000] {processor.py:179} INFO - Processing /home/airflow/.local/lib/python3.7/site-packages/airflow/example_dags/example_external_task_marker_dag.py took 0.080 seconds
[2025-05-06T07:47:30.679+0000] {processor.py:157} INFO - Started process (PID=1899) to work on /home/airflow/.local/lib/python3.7/site-packages/airflow/example_dags/example_external_task_marker_dag.py
[2025-05-06T07:47:30.680+0000] {processor.py:826} INFO - Processing file /home/airflow/.local/lib/python3.7/site-packages/airflow/example_dags/example_external_task_marker_dag.py for tasks to queue
[2025-05-06T07:47:30.681+0000] {logging_mixin.py:149} INFO - [2025-05-06T07:47:30.680+0000] {dagbag.py:541} INFO - Filling up the DagBag from /home/airflow/.local/lib/python3.7/site-packages/airflow/example_dags/example_external_task_marker_dag.py
[2025-05-06T07:47:30.686+0000] {processor.py:836} INFO - DAG(s) dict_keys(['example_external_task_marker_parent', 'example_external_task_marker_child']) retrieved from /home/airflow/.local/lib/python3.7/site-packages/airflow/example_dags/example_external_task_marker_dag.py
[2025-05-06T07:47:30.715+0000] {logging_mixin.py:149} INFO - [2025-05-06T07:47:30.715+0000] {dag.py:2726} INFO - Sync 2 DAGs
[2025-05-06T07:47:30.737+0000] {logging_mixin.py:149} INFO - [2025-05-06T07:47:30.736+0000] {dag.py:3490} INFO - Setting next_dagrun for example_external_task_marker_child to None, run_after=None
[2025-05-06T07:47:30.740+0000] {logging_mixin.py:149} INFO - [2025-05-06T07:47:30.740+0000] {dag.py:3490} INFO - Setting next_dagrun for example_external_task_marker_parent to None, run_after=None
[2025-05-06T07:47:30.756+0000] {processor.py:179} INFO - Processing /home/airflow/.local/lib/python3.7/site-packages/airflow/example_dags/example_external_task_marker_dag.py took 0.079 seconds
[2025-05-06T07:48:01.345+0000] {processor.py:157} INFO - Started process (PID=1976) to work on /home/airflow/.local/lib/python3.7/site-packages/airflow/example_dags/example_external_task_marker_dag.py
[2025-05-06T07:48:01.346+0000] {processor.py:826} INFO - Processing file /home/airflow/.local/lib/python3.7/site-packages/airflow/example_dags/example_external_task_marker_dag.py for tasks to queue
[2025-05-06T07:48:01.347+0000] {logging_mixin.py:149} INFO - [2025-05-06T07:48:01.347+0000] {dagbag.py:541} INFO - Filling up the DagBag from /home/airflow/.local/lib/python3.7/site-packages/airflow/example_dags/example_external_task_marker_dag.py
[2025-05-06T07:48:01.352+0000] {processor.py:836} INFO - DAG(s) dict_keys(['example_external_task_marker_child', 'example_external_task_marker_parent']) retrieved from /home/airflow/.local/lib/python3.7/site-packages/airflow/example_dags/example_external_task_marker_dag.py
[2025-05-06T07:48:01.378+0000] {logging_mixin.py:149} INFO - [2025-05-06T07:48:01.378+0000] {dag.py:2726} INFO - Sync 2 DAGs
[2025-05-06T07:48:01.398+0000] {logging_mixin.py:149} INFO - [2025-05-06T07:48:01.398+0000] {dag.py:3490} INFO - Setting next_dagrun for example_external_task_marker_child to None, run_after=None
[2025-05-06T07:48:01.401+0000] {logging_mixin.py:149} INFO - [2025-05-06T07:48:01.401+0000] {dag.py:3490} INFO - Setting next_dagrun for example_external_task_marker_parent to None, run_after=None
[2025-05-06T07:48:01.417+0000] {processor.py:179} INFO - Processing /home/airflow/.local/lib/python3.7/site-packages/airflow/example_dags/example_external_task_marker_dag.py took 0.074 seconds
[2025-05-06T07:48:32.056+0000] {processor.py:157} INFO - Started process (PID=2053) to work on /home/airflow/.local/lib/python3.7/site-packages/airflow/example_dags/example_external_task_marker_dag.py
[2025-05-06T07:48:32.058+0000] {processor.py:826} INFO - Processing file /home/airflow/.local/lib/python3.7/site-packages/airflow/example_dags/example_external_task_marker_dag.py for tasks to queue
[2025-05-06T07:48:32.058+0000] {logging_mixin.py:149} INFO - [2025-05-06T07:48:32.058+0000] {dagbag.py:541} INFO - Filling up the DagBag from /home/airflow/.local/lib/python3.7/site-packages/airflow/example_dags/example_external_task_marker_dag.py
[2025-05-06T07:48:32.064+0000] {processor.py:836} INFO - DAG(s) dict_keys(['example_external_task_marker_parent', 'example_external_task_marker_child']) retrieved from /home/airflow/.local/lib/python3.7/site-packages/airflow/example_dags/example_external_task_marker_dag.py
[2025-05-06T07:48:32.088+0000] {logging_mixin.py:149} INFO - [2025-05-06T07:48:32.088+0000] {dag.py:2726} INFO - Sync 2 DAGs
[2025-05-06T07:48:32.108+0000] {logging_mixin.py:149} INFO - [2025-05-06T07:48:32.108+0000] {dag.py:3490} INFO - Setting next_dagrun for example_external_task_marker_child to None, run_after=None
[2025-05-06T07:48:32.111+0000] {logging_mixin.py:149} INFO - [2025-05-06T07:48:32.111+0000] {dag.py:3490} INFO - Setting next_dagrun for example_external_task_marker_parent to None, run_after=None
[2025-05-06T07:48:32.127+0000] {processor.py:179} INFO - Processing /home/airflow/.local/lib/python3.7/site-packages/airflow/example_dags/example_external_task_marker_dag.py took 0.075 seconds
[2025-05-06T07:49:02.272+0000] {processor.py:157} INFO - Started process (PID=2130) to work on /home/airflow/.local/lib/python3.7/site-packages/airflow/example_dags/example_external_task_marker_dag.py
[2025-05-06T07:49:02.273+0000] {processor.py:826} INFO - Processing file /home/airflow/.local/lib/python3.7/site-packages/airflow/example_dags/example_external_task_marker_dag.py for tasks to queue
[2025-05-06T07:49:02.274+0000] {logging_mixin.py:149} INFO - [2025-05-06T07:49:02.274+0000] {dagbag.py:541} INFO - Filling up the DagBag from /home/airflow/.local/lib/python3.7/site-packages/airflow/example_dags/example_external_task_marker_dag.py
[2025-05-06T07:49:02.279+0000] {processor.py:836} INFO - DAG(s) dict_keys(['example_external_task_marker_child', 'example_external_task_marker_parent']) retrieved from /home/airflow/.local/lib/python3.7/site-packages/airflow/example_dags/example_external_task_marker_dag.py
[2025-05-06T07:49:02.305+0000] {logging_mixin.py:149} INFO - [2025-05-06T07:49:02.305+0000] {dag.py:2726} INFO - Sync 2 DAGs
[2025-05-06T07:49:02.325+0000] {logging_mixin.py:149} INFO - [2025-05-06T07:49:02.325+0000] {dag.py:3490} INFO - Setting next_dagrun for example_external_task_marker_child to None, run_after=None
[2025-05-06T07:49:02.328+0000] {logging_mixin.py:149} INFO - [2025-05-06T07:49:02.328+0000] {dag.py:3490} INFO - Setting next_dagrun for example_external_task_marker_parent to None, run_after=None
[2025-05-06T07:49:02.343+0000] {processor.py:179} INFO - Processing /home/airflow/.local/lib/python3.7/site-packages/airflow/example_dags/example_external_task_marker_dag.py took 0.074 seconds
[2025-05-06T07:49:32.439+0000] {processor.py:157} INFO - Started process (PID=2207) to work on /home/airflow/.local/lib/python3.7/site-packages/airflow/example_dags/example_external_task_marker_dag.py
[2025-05-06T07:49:32.441+0000] {processor.py:826} INFO - Processing file /home/airflow/.local/lib/python3.7/site-packages/airflow/example_dags/example_external_task_marker_dag.py for tasks to queue
[2025-05-06T07:49:32.441+0000] {logging_mixin.py:149} INFO - [2025-05-06T07:49:32.441+0000] {dagbag.py:541} INFO - Filling up the DagBag from /home/airflow/.local/lib/python3.7/site-packages/airflow/example_dags/example_external_task_marker_dag.py
[2025-05-06T07:49:32.446+0000] {processor.py:836} INFO - DAG(s) dict_keys(['example_external_task_marker_parent', 'example_external_task_marker_child']) retrieved from /home/airflow/.local/lib/python3.7/site-packages/airflow/example_dags/example_external_task_marker_dag.py
[2025-05-06T07:49:32.482+0000] {logging_mixin.py:149} INFO - [2025-05-06T07:49:32.482+0000] {dag.py:2726} INFO - Sync 2 DAGs
[2025-05-06T07:49:32.507+0000] {logging_mixin.py:149} INFO - [2025-05-06T07:49:32.507+0000] {dag.py:3490} INFO - Setting next_dagrun for example_external_task_marker_child to None, run_after=None
[2025-05-06T07:49:32.511+0000] {logging_mixin.py:149} INFO - [2025-05-06T07:49:32.510+0000] {dag.py:3490} INFO - Setting next_dagrun for example_external_task_marker_parent to None, run_after=None
[2025-05-06T07:49:32.535+0000] {processor.py:179} INFO - Processing /home/airflow/.local/lib/python3.7/site-packages/airflow/example_dags/example_external_task_marker_dag.py took 0.100 seconds
[2025-05-06T07:50:03.205+0000] {processor.py:157} INFO - Started process (PID=2284) to work on /home/airflow/.local/lib/python3.7/site-packages/airflow/example_dags/example_external_task_marker_dag.py
[2025-05-06T07:50:03.207+0000] {processor.py:826} INFO - Processing file /home/airflow/.local/lib/python3.7/site-packages/airflow/example_dags/example_external_task_marker_dag.py for tasks to queue
[2025-05-06T07:50:03.208+0000] {logging_mixin.py:149} INFO - [2025-05-06T07:50:03.208+0000] {dagbag.py:541} INFO - Filling up the DagBag from /home/airflow/.local/lib/python3.7/site-packages/airflow/example_dags/example_external_task_marker_dag.py
[2025-05-06T07:50:03.213+0000] {processor.py:836} INFO - DAG(s) dict_keys(['example_external_task_marker_child', 'example_external_task_marker_parent']) retrieved from /home/airflow/.local/lib/python3.7/site-packages/airflow/example_dags/example_external_task_marker_dag.py
[2025-05-06T07:50:03.239+0000] {logging_mixin.py:149} INFO - [2025-05-06T07:50:03.238+0000] {dag.py:2726} INFO - Sync 2 DAGs
[2025-05-06T07:50:03.258+0000] {logging_mixin.py:149} INFO - [2025-05-06T07:50:03.258+0000] {dag.py:3490} INFO - Setting next_dagrun for example_external_task_marker_child to None, run_after=None
[2025-05-06T07:50:03.261+0000] {logging_mixin.py:149} INFO - [2025-05-06T07:50:03.261+0000] {dag.py:3490} INFO - Setting next_dagrun for example_external_task_marker_parent to None, run_after=None
[2025-05-06T07:50:03.276+0000] {processor.py:179} INFO - Processing /home/airflow/.local/lib/python3.7/site-packages/airflow/example_dags/example_external_task_marker_dag.py took 0.080 seconds
[2025-05-06T07:50:33.874+0000] {processor.py:157} INFO - Started process (PID=2361) to work on /home/airflow/.local/lib/python3.7/site-packages/airflow/example_dags/example_external_task_marker_dag.py
[2025-05-06T07:50:33.875+0000] {processor.py:826} INFO - Processing file /home/airflow/.local/lib/python3.7/site-packages/airflow/example_dags/example_external_task_marker_dag.py for tasks to queue
[2025-05-06T07:50:33.876+0000] {logging_mixin.py:149} INFO - [2025-05-06T07:50:33.876+0000] {dagbag.py:541} INFO - Filling up the DagBag from /home/airflow/.local/lib/python3.7/site-packages/airflow/example_dags/example_external_task_marker_dag.py
[2025-05-06T07:50:33.881+0000] {processor.py:836} INFO - DAG(s) dict_keys(['example_external_task_marker_parent', 'example_external_task_marker_child']) retrieved from /home/airflow/.local/lib/python3.7/site-packages/airflow/example_dags/example_external_task_marker_dag.py
[2025-05-06T07:50:33.906+0000] {logging_mixin.py:149} INFO - [2025-05-06T07:50:33.906+0000] {dag.py:2726} INFO - Sync 2 DAGs
[2025-05-06T07:50:33.926+0000] {logging_mixin.py:149} INFO - [2025-05-06T07:50:33.926+0000] {dag.py:3490} INFO - Setting next_dagrun for example_external_task_marker_child to None, run_after=None
[2025-05-06T07:50:33.929+0000] {logging_mixin.py:149} INFO - [2025-05-06T07:50:33.928+0000] {dag.py:3490} INFO - Setting next_dagrun for example_external_task_marker_parent to None, run_after=None
[2025-05-06T07:50:33.946+0000] {processor.py:179} INFO - Processing /home/airflow/.local/lib/python3.7/site-packages/airflow/example_dags/example_external_task_marker_dag.py took 0.076 seconds
[2025-05-06T07:51:04.647+0000] {processor.py:157} INFO - Started process (PID=2438) to work on /home/airflow/.local/lib/python3.7/site-packages/airflow/example_dags/example_external_task_marker_dag.py
[2025-05-06T07:51:04.648+0000] {processor.py:826} INFO - Processing file /home/airflow/.local/lib/python3.7/site-packages/airflow/example_dags/example_external_task_marker_dag.py for tasks to queue
[2025-05-06T07:51:04.649+0000] {logging_mixin.py:149} INFO - [2025-05-06T07:51:04.649+0000] {dagbag.py:541} INFO - Filling up the DagBag from /home/airflow/.local/lib/python3.7/site-packages/airflow/example_dags/example_external_task_marker_dag.py
[2025-05-06T07:51:04.654+0000] {processor.py:836} INFO - DAG(s) dict_keys(['example_external_task_marker_parent', 'example_external_task_marker_child']) retrieved from /home/airflow/.local/lib/python3.7/site-packages/airflow/example_dags/example_external_task_marker_dag.py
[2025-05-06T07:51:04.680+0000] {logging_mixin.py:149} INFO - [2025-05-06T07:51:04.680+0000] {dag.py:2726} INFO - Sync 2 DAGs
[2025-05-06T07:51:04.702+0000] {logging_mixin.py:149} INFO - [2025-05-06T07:51:04.702+0000] {dag.py:3490} INFO - Setting next_dagrun for example_external_task_marker_child to None, run_after=None
[2025-05-06T07:51:04.705+0000] {logging_mixin.py:149} INFO - [2025-05-06T07:51:04.704+0000] {dag.py:3490} INFO - Setting next_dagrun for example_external_task_marker_parent to None, run_after=None
[2025-05-06T07:51:04.720+0000] {processor.py:179} INFO - Processing /home/airflow/.local/lib/python3.7/site-packages/airflow/example_dags/example_external_task_marker_dag.py took 0.076 seconds
[2025-05-06T07:51:35.169+0000] {processor.py:157} INFO - Started process (PID=2515) to work on /home/airflow/.local/lib/python3.7/site-packages/airflow/example_dags/example_external_task_marker_dag.py
[2025-05-06T07:51:35.171+0000] {processor.py:826} INFO - Processing file /home/airflow/.local/lib/python3.7/site-packages/airflow/example_dags/example_external_task_marker_dag.py for tasks to queue
[2025-05-06T07:51:35.171+0000] {logging_mixin.py:149} INFO - [2025-05-06T07:51:35.171+0000] {dagbag.py:541} INFO - Filling up the DagBag from /home/airflow/.local/lib/python3.7/site-packages/airflow/example_dags/example_external_task_marker_dag.py
[2025-05-06T07:51:35.177+0000] {processor.py:836} INFO - DAG(s) dict_keys(['example_external_task_marker_child', 'example_external_task_marker_parent']) retrieved from /home/airflow/.local/lib/python3.7/site-packages/airflow/example_dags/example_external_task_marker_dag.py
[2025-05-06T07:51:35.203+0000] {logging_mixin.py:149} INFO - [2025-05-06T07:51:35.202+0000] {dag.py:2726} INFO - Sync 2 DAGs
[2025-05-06T07:51:35.225+0000] {logging_mixin.py:149} INFO - [2025-05-06T07:51:35.224+0000] {dag.py:3490} INFO - Setting next_dagrun for example_external_task_marker_child to None, run_after=None
[2025-05-06T07:51:35.228+0000] {logging_mixin.py:149} INFO - [2025-05-06T07:51:35.228+0000] {dag.py:3490} INFO - Setting next_dagrun for example_external_task_marker_parent to None, run_after=None
[2025-05-06T07:51:35.246+0000] {processor.py:179} INFO - Processing /home/airflow/.local/lib/python3.7/site-packages/airflow/example_dags/example_external_task_marker_dag.py took 0.080 seconds
[2025-05-06T07:52:47.839+0000] {processor.py:157} INFO - Started process (PID=70) to work on /home/airflow/.local/lib/python3.7/site-packages/airflow/example_dags/example_external_task_marker_dag.py
[2025-05-06T07:52:47.841+0000] {processor.py:826} INFO - Processing file /home/airflow/.local/lib/python3.7/site-packages/airflow/example_dags/example_external_task_marker_dag.py for tasks to queue
[2025-05-06T07:52:47.843+0000] {logging_mixin.py:149} INFO - [2025-05-06T07:52:47.842+0000] {dagbag.py:541} INFO - Filling up the DagBag from /home/airflow/.local/lib/python3.7/site-packages/airflow/example_dags/example_external_task_marker_dag.py
[2025-05-06T07:52:47.874+0000] {processor.py:836} INFO - DAG(s) dict_keys(['example_external_task_marker_child', 'example_external_task_marker_parent']) retrieved from /home/airflow/.local/lib/python3.7/site-packages/airflow/example_dags/example_external_task_marker_dag.py
[2025-05-06T07:52:47.966+0000] {logging_mixin.py:149} INFO - [2025-05-06T07:52:47.965+0000] {dag.py:2726} INFO - Sync 2 DAGs
[2025-05-06T07:52:48.065+0000] {logging_mixin.py:149} INFO - [2025-05-06T07:52:48.065+0000] {dag.py:3490} INFO - Setting next_dagrun for example_external_task_marker_child to None, run_after=None
[2025-05-06T07:52:48.071+0000] {logging_mixin.py:149} INFO - [2025-05-06T07:52:48.071+0000] {dag.py:3490} INFO - Setting next_dagrun for example_external_task_marker_parent to None, run_after=None
[2025-05-06T07:52:48.114+0000] {processor.py:179} INFO - Processing /home/airflow/.local/lib/python3.7/site-packages/airflow/example_dags/example_external_task_marker_dag.py took 0.283 seconds
