[2025-05-06T07:35:20.244+0000] {processor.py:157} INFO - Started process (PID=85) to work on /home/airflow/.local/lib/python3.7/site-packages/airflow/example_dags/example_branch_day_of_week_operator.py
[2025-05-06T07:35:20.245+0000] {processor.py:826} INFO - Processing file /home/airflow/.local/lib/python3.7/site-packages/airflow/example_dags/example_branch_day_of_week_operator.py for tasks to queue
[2025-05-06T07:35:20.245+0000] {logging_mixin.py:149} INFO - [2025-05-06T07:35:20.245+0000] {dagbag.py:541} INFO - Filling up the DagBag from /home/airflow/.local/lib/python3.7/site-packages/airflow/example_dags/example_branch_day_of_week_operator.py
[2025-05-06T07:35:20.255+0000] {processor.py:836} INFO - DAG(s) dict_keys(['example_weekday_branch_operator']) retrieved from /home/airflow/.local/lib/python3.7/site-packages/airflow/example_dags/example_branch_day_of_week_operator.py
[2025-05-06T07:35:20.269+0000] {logging_mixin.py:149} INFO - [2025-05-06T07:35:20.268+0000] {dag.py:2726} INFO - Sync 1 DAGs
[2025-05-06T07:35:20.309+0000] {logging_mixin.py:149} INFO - [2025-05-06T07:35:20.308+0000] {dag.py:3490} INFO - Setting next_dagrun for example_weekday_branch_operator to 2025-05-05T00:00:00+00:00, run_after=2025-05-06T00:00:00+00:00
[2025-05-06T07:35:20.335+0000] {processor.py:179} INFO - Processing /home/airflow/.local/lib/python3.7/site-packages/airflow/example_dags/example_branch_day_of_week_operator.py took 0.095 seconds
[2025-05-06T07:35:50.515+0000] {processor.py:157} INFO - Started process (PID=163) to work on /home/airflow/.local/lib/python3.7/site-packages/airflow/example_dags/example_branch_day_of_week_operator.py
[2025-05-06T07:35:50.516+0000] {processor.py:826} INFO - Processing file /home/airflow/.local/lib/python3.7/site-packages/airflow/example_dags/example_branch_day_of_week_operator.py for tasks to queue
[2025-05-06T07:35:50.517+0000] {logging_mixin.py:149} INFO - [2025-05-06T07:35:50.517+0000] {dagbag.py:541} INFO - Filling up the DagBag from /home/airflow/.local/lib/python3.7/site-packages/airflow/example_dags/example_branch_day_of_week_operator.py
[2025-05-06T07:35:50.524+0000] {processor.py:836} INFO - DAG(s) dict_keys(['example_weekday_branch_operator']) retrieved from /home/airflow/.local/lib/python3.7/site-packages/airflow/example_dags/example_branch_day_of_week_operator.py
[2025-05-06T07:35:50.551+0000] {logging_mixin.py:149} INFO - [2025-05-06T07:35:50.550+0000] {dag.py:2726} INFO - Sync 1 DAGs
[2025-05-06T07:35:50.578+0000] {logging_mixin.py:149} INFO - [2025-05-06T07:35:50.578+0000] {dag.py:3490} INFO - Setting next_dagrun for example_weekday_branch_operator to 2025-05-05T00:00:00+00:00, run_after=2025-05-06T00:00:00+00:00
[2025-05-06T07:35:50.599+0000] {processor.py:179} INFO - Processing /home/airflow/.local/lib/python3.7/site-packages/airflow/example_dags/example_branch_day_of_week_operator.py took 0.087 seconds
[2025-05-06T07:36:22.211+0000] {processor.py:157} INFO - Started process (PID=240) to work on /home/airflow/.local/lib/python3.7/site-packages/airflow/example_dags/example_branch_day_of_week_operator.py
[2025-05-06T07:36:22.213+0000] {processor.py:826} INFO - Processing file /home/airflow/.local/lib/python3.7/site-packages/airflow/example_dags/example_branch_day_of_week_operator.py for tasks to queue
[2025-05-06T07:36:22.214+0000] {logging_mixin.py:149} INFO - [2025-05-06T07:36:22.214+0000] {dagbag.py:541} INFO - Filling up the DagBag from /home/airflow/.local/lib/python3.7/site-packages/airflow/example_dags/example_branch_day_of_week_operator.py
[2025-05-06T07:36:22.229+0000] {processor.py:836} INFO - DAG(s) dict_keys(['example_weekday_branch_operator']) retrieved from /home/airflow/.local/lib/python3.7/site-packages/airflow/example_dags/example_branch_day_of_week_operator.py
[2025-05-06T07:36:22.282+0000] {logging_mixin.py:149} INFO - [2025-05-06T07:36:22.282+0000] {dag.py:2726} INFO - Sync 1 DAGs
[2025-05-06T07:36:22.345+0000] {logging_mixin.py:149} INFO - [2025-05-06T07:36:22.345+0000] {dag.py:3490} INFO - Setting next_dagrun for example_weekday_branch_operator to 2025-05-05T00:00:00+00:00, run_after=2025-05-06T00:00:00+00:00
[2025-05-06T07:36:22.388+0000] {processor.py:179} INFO - Processing /home/airflow/.local/lib/python3.7/site-packages/airflow/example_dags/example_branch_day_of_week_operator.py took 0.184 seconds
[2025-05-06T07:36:53.531+0000] {processor.py:157} INFO - Started process (PID=317) to work on /home/airflow/.local/lib/python3.7/site-packages/airflow/example_dags/example_branch_day_of_week_operator.py
[2025-05-06T07:36:53.534+0000] {processor.py:826} INFO - Processing file /home/airflow/.local/lib/python3.7/site-packages/airflow/example_dags/example_branch_day_of_week_operator.py for tasks to queue
[2025-05-06T07:36:53.536+0000] {logging_mixin.py:149} INFO - [2025-05-06T07:36:53.536+0000] {dagbag.py:541} INFO - Filling up the DagBag from /home/airflow/.local/lib/python3.7/site-packages/airflow/example_dags/example_branch_day_of_week_operator.py
[2025-05-06T07:36:53.562+0000] {processor.py:836} INFO - DAG(s) dict_keys(['example_weekday_branch_operator']) retrieved from /home/airflow/.local/lib/python3.7/site-packages/airflow/example_dags/example_branch_day_of_week_operator.py
[2025-05-06T07:36:53.655+0000] {logging_mixin.py:149} INFO - [2025-05-06T07:36:53.654+0000] {dag.py:2726} INFO - Sync 1 DAGs
[2025-05-06T07:36:53.739+0000] {logging_mixin.py:149} INFO - [2025-05-06T07:36:53.738+0000] {dag.py:3490} INFO - Setting next_dagrun for example_weekday_branch_operator to 2025-05-05T00:00:00+00:00, run_after=2025-05-06T00:00:00+00:00
[2025-05-06T07:36:53.782+0000] {processor.py:179} INFO - Processing /home/airflow/.local/lib/python3.7/site-packages/airflow/example_dags/example_branch_day_of_week_operator.py took 0.263 seconds
[2025-05-06T07:37:24.152+0000] {processor.py:157} INFO - Started process (PID=394) to work on /home/airflow/.local/lib/python3.7/site-packages/airflow/example_dags/example_branch_day_of_week_operator.py
[2025-05-06T07:37:24.154+0000] {processor.py:826} INFO - Processing file /home/airflow/.local/lib/python3.7/site-packages/airflow/example_dags/example_branch_day_of_week_operator.py for tasks to queue
[2025-05-06T07:37:24.154+0000] {logging_mixin.py:149} INFO - [2025-05-06T07:37:24.154+0000] {dagbag.py:541} INFO - Filling up the DagBag from /home/airflow/.local/lib/python3.7/site-packages/airflow/example_dags/example_branch_day_of_week_operator.py
[2025-05-06T07:37:24.162+0000] {processor.py:836} INFO - DAG(s) dict_keys(['example_weekday_branch_operator']) retrieved from /home/airflow/.local/lib/python3.7/site-packages/airflow/example_dags/example_branch_day_of_week_operator.py
[2025-05-06T07:37:24.193+0000] {logging_mixin.py:149} INFO - [2025-05-06T07:37:24.192+0000] {dag.py:2726} INFO - Sync 1 DAGs
[2025-05-06T07:37:24.221+0000] {logging_mixin.py:149} INFO - [2025-05-06T07:37:24.221+0000] {dag.py:3490} INFO - Setting next_dagrun for example_weekday_branch_operator to 2025-05-05T00:00:00+00:00, run_after=2025-05-06T00:00:00+00:00
[2025-05-06T07:37:24.246+0000] {processor.py:179} INFO - Processing /home/airflow/.local/lib/python3.7/site-packages/airflow/example_dags/example_branch_day_of_week_operator.py took 0.098 seconds
[2025-05-06T07:37:54.324+0000] {processor.py:157} INFO - Started process (PID=471) to work on /home/airflow/.local/lib/python3.7/site-packages/airflow/example_dags/example_branch_day_of_week_operator.py
[2025-05-06T07:37:54.325+0000] {processor.py:826} INFO - Processing file /home/airflow/.local/lib/python3.7/site-packages/airflow/example_dags/example_branch_day_of_week_operator.py for tasks to queue
[2025-05-06T07:37:54.326+0000] {logging_mixin.py:149} INFO - [2025-05-06T07:37:54.326+0000] {dagbag.py:541} INFO - Filling up the DagBag from /home/airflow/.local/lib/python3.7/site-packages/airflow/example_dags/example_branch_day_of_week_operator.py
[2025-05-06T07:37:54.332+0000] {processor.py:836} INFO - DAG(s) dict_keys(['example_weekday_branch_operator']) retrieved from /home/airflow/.local/lib/python3.7/site-packages/airflow/example_dags/example_branch_day_of_week_operator.py
[2025-05-06T07:37:54.354+0000] {logging_mixin.py:149} INFO - [2025-05-06T07:37:54.354+0000] {dag.py:2726} INFO - Sync 1 DAGs
[2025-05-06T07:37:54.375+0000] {logging_mixin.py:149} INFO - [2025-05-06T07:37:54.375+0000] {dag.py:3490} INFO - Setting next_dagrun for example_weekday_branch_operator to 2025-05-05T00:00:00+00:00, run_after=2025-05-06T00:00:00+00:00
[2025-05-06T07:37:54.393+0000] {processor.py:179} INFO - Processing /home/airflow/.local/lib/python3.7/site-packages/airflow/example_dags/example_branch_day_of_week_operator.py took 0.071 seconds
[2025-05-06T07:38:25.726+0000] {processor.py:157} INFO - Started process (PID=548) to work on /home/airflow/.local/lib/python3.7/site-packages/airflow/example_dags/example_branch_day_of_week_operator.py
[2025-05-06T07:38:25.728+0000] {processor.py:826} INFO - Processing file /home/airflow/.local/lib/python3.7/site-packages/airflow/example_dags/example_branch_day_of_week_operator.py for tasks to queue
[2025-05-06T07:38:25.729+0000] {logging_mixin.py:149} INFO - [2025-05-06T07:38:25.729+0000] {dagbag.py:541} INFO - Filling up the DagBag from /home/airflow/.local/lib/python3.7/site-packages/airflow/example_dags/example_branch_day_of_week_operator.py
[2025-05-06T07:38:25.739+0000] {processor.py:836} INFO - DAG(s) dict_keys(['example_weekday_branch_operator']) retrieved from /home/airflow/.local/lib/python3.7/site-packages/airflow/example_dags/example_branch_day_of_week_operator.py
[2025-05-06T07:38:25.773+0000] {logging_mixin.py:149} INFO - [2025-05-06T07:38:25.772+0000] {dag.py:2726} INFO - Sync 1 DAGs
[2025-05-06T07:38:25.813+0000] {logging_mixin.py:149} INFO - [2025-05-06T07:38:25.812+0000] {dag.py:3490} INFO - Setting next_dagrun for example_weekday_branch_operator to 2025-05-05T00:00:00+00:00, run_after=2025-05-06T00:00:00+00:00
[2025-05-06T07:38:25.839+0000] {processor.py:179} INFO - Processing /home/airflow/.local/lib/python3.7/site-packages/airflow/example_dags/example_branch_day_of_week_operator.py took 0.118 seconds
[2025-05-06T07:38:55.858+0000] {processor.py:157} INFO - Started process (PID=625) to work on /home/airflow/.local/lib/python3.7/site-packages/airflow/example_dags/example_branch_day_of_week_operator.py
[2025-05-06T07:38:55.858+0000] {processor.py:826} INFO - Processing file /home/airflow/.local/lib/python3.7/site-packages/airflow/example_dags/example_branch_day_of_week_operator.py for tasks to queue
[2025-05-06T07:38:55.859+0000] {logging_mixin.py:149} INFO - [2025-05-06T07:38:55.859+0000] {dagbag.py:541} INFO - Filling up the DagBag from /home/airflow/.local/lib/python3.7/site-packages/airflow/example_dags/example_branch_day_of_week_operator.py
[2025-05-06T07:38:55.865+0000] {processor.py:836} INFO - DAG(s) dict_keys(['example_weekday_branch_operator']) retrieved from /home/airflow/.local/lib/python3.7/site-packages/airflow/example_dags/example_branch_day_of_week_operator.py
[2025-05-06T07:38:55.888+0000] {logging_mixin.py:149} INFO - [2025-05-06T07:38:55.888+0000] {dag.py:2726} INFO - Sync 1 DAGs
[2025-05-06T07:38:55.908+0000] {logging_mixin.py:149} INFO - [2025-05-06T07:38:55.908+0000] {dag.py:3490} INFO - Setting next_dagrun for example_weekday_branch_operator to 2025-05-05T00:00:00+00:00, run_after=2025-05-06T00:00:00+00:00
[2025-05-06T07:38:55.924+0000] {processor.py:179} INFO - Processing /home/airflow/.local/lib/python3.7/site-packages/airflow/example_dags/example_branch_day_of_week_operator.py took 0.069 seconds
[2025-05-06T07:39:26.876+0000] {processor.py:157} INFO - Started process (PID=702) to work on /home/airflow/.local/lib/python3.7/site-packages/airflow/example_dags/example_branch_day_of_week_operator.py
[2025-05-06T07:39:26.877+0000] {processor.py:826} INFO - Processing file /home/airflow/.local/lib/python3.7/site-packages/airflow/example_dags/example_branch_day_of_week_operator.py for tasks to queue
[2025-05-06T07:39:26.877+0000] {logging_mixin.py:149} INFO - [2025-05-06T07:39:26.877+0000] {dagbag.py:541} INFO - Filling up the DagBag from /home/airflow/.local/lib/python3.7/site-packages/airflow/example_dags/example_branch_day_of_week_operator.py
[2025-05-06T07:39:26.883+0000] {processor.py:836} INFO - DAG(s) dict_keys(['example_weekday_branch_operator']) retrieved from /home/airflow/.local/lib/python3.7/site-packages/airflow/example_dags/example_branch_day_of_week_operator.py
[2025-05-06T07:39:26.907+0000] {logging_mixin.py:149} INFO - [2025-05-06T07:39:26.907+0000] {dag.py:2726} INFO - Sync 1 DAGs
[2025-05-06T07:39:26.929+0000] {logging_mixin.py:149} INFO - [2025-05-06T07:39:26.929+0000] {dag.py:3490} INFO - Setting next_dagrun for example_weekday_branch_operator to 2025-05-05T00:00:00+00:00, run_after=2025-05-06T00:00:00+00:00
[2025-05-06T07:39:26.947+0000] {processor.py:179} INFO - Processing /home/airflow/.local/lib/python3.7/site-packages/airflow/example_dags/example_branch_day_of_week_operator.py took 0.075 seconds
[2025-05-06T07:39:57.376+0000] {processor.py:157} INFO - Started process (PID=779) to work on /home/airflow/.local/lib/python3.7/site-packages/airflow/example_dags/example_branch_day_of_week_operator.py
[2025-05-06T07:39:57.377+0000] {processor.py:826} INFO - Processing file /home/airflow/.local/lib/python3.7/site-packages/airflow/example_dags/example_branch_day_of_week_operator.py for tasks to queue
[2025-05-06T07:39:57.378+0000] {logging_mixin.py:149} INFO - [2025-05-06T07:39:57.377+0000] {dagbag.py:541} INFO - Filling up the DagBag from /home/airflow/.local/lib/python3.7/site-packages/airflow/example_dags/example_branch_day_of_week_operator.py
[2025-05-06T07:39:57.383+0000] {processor.py:836} INFO - DAG(s) dict_keys(['example_weekday_branch_operator']) retrieved from /home/airflow/.local/lib/python3.7/site-packages/airflow/example_dags/example_branch_day_of_week_operator.py
[2025-05-06T07:39:57.407+0000] {logging_mixin.py:149} INFO - [2025-05-06T07:39:57.406+0000] {dag.py:2726} INFO - Sync 1 DAGs
[2025-05-06T07:39:57.430+0000] {logging_mixin.py:149} INFO - [2025-05-06T07:39:57.430+0000] {dag.py:3490} INFO - Setting next_dagrun for example_weekday_branch_operator to 2025-05-05T00:00:00+00:00, run_after=2025-05-06T00:00:00+00:00
[2025-05-06T07:39:57.447+0000] {processor.py:179} INFO - Processing /home/airflow/.local/lib/python3.7/site-packages/airflow/example_dags/example_branch_day_of_week_operator.py took 0.074 seconds
[2025-05-06T07:40:27.953+0000] {processor.py:157} INFO - Started process (PID=856) to work on /home/airflow/.local/lib/python3.7/site-packages/airflow/example_dags/example_branch_day_of_week_operator.py
[2025-05-06T07:40:27.955+0000] {processor.py:826} INFO - Processing file /home/airflow/.local/lib/python3.7/site-packages/airflow/example_dags/example_branch_day_of_week_operator.py for tasks to queue
[2025-05-06T07:40:27.955+0000] {logging_mixin.py:149} INFO - [2025-05-06T07:40:27.955+0000] {dagbag.py:541} INFO - Filling up the DagBag from /home/airflow/.local/lib/python3.7/site-packages/airflow/example_dags/example_branch_day_of_week_operator.py
[2025-05-06T07:40:27.961+0000] {processor.py:836} INFO - DAG(s) dict_keys(['example_weekday_branch_operator']) retrieved from /home/airflow/.local/lib/python3.7/site-packages/airflow/example_dags/example_branch_day_of_week_operator.py
[2025-05-06T07:40:27.984+0000] {logging_mixin.py:149} INFO - [2025-05-06T07:40:27.984+0000] {dag.py:2726} INFO - Sync 1 DAGs
[2025-05-06T07:40:28.008+0000] {logging_mixin.py:149} INFO - [2025-05-06T07:40:28.007+0000] {dag.py:3490} INFO - Setting next_dagrun for example_weekday_branch_operator to 2025-05-05T00:00:00+00:00, run_after=2025-05-06T00:00:00+00:00
[2025-05-06T07:40:28.027+0000] {processor.py:179} INFO - Processing /home/airflow/.local/lib/python3.7/site-packages/airflow/example_dags/example_branch_day_of_week_operator.py took 0.076 seconds
[2025-05-06T07:40:58.407+0000] {processor.py:157} INFO - Started process (PID=933) to work on /home/airflow/.local/lib/python3.7/site-packages/airflow/example_dags/example_branch_day_of_week_operator.py
[2025-05-06T07:40:58.408+0000] {processor.py:826} INFO - Processing file /home/airflow/.local/lib/python3.7/site-packages/airflow/example_dags/example_branch_day_of_week_operator.py for tasks to queue
[2025-05-06T07:40:58.409+0000] {logging_mixin.py:149} INFO - [2025-05-06T07:40:58.408+0000] {dagbag.py:541} INFO - Filling up the DagBag from /home/airflow/.local/lib/python3.7/site-packages/airflow/example_dags/example_branch_day_of_week_operator.py
[2025-05-06T07:40:58.415+0000] {processor.py:836} INFO - DAG(s) dict_keys(['example_weekday_branch_operator']) retrieved from /home/airflow/.local/lib/python3.7/site-packages/airflow/example_dags/example_branch_day_of_week_operator.py
[2025-05-06T07:40:58.436+0000] {logging_mixin.py:149} INFO - [2025-05-06T07:40:58.436+0000] {dag.py:2726} INFO - Sync 1 DAGs
[2025-05-06T07:40:58.459+0000] {logging_mixin.py:149} INFO - [2025-05-06T07:40:58.459+0000] {dag.py:3490} INFO - Setting next_dagrun for example_weekday_branch_operator to 2025-05-05T00:00:00+00:00, run_after=2025-05-06T00:00:00+00:00
[2025-05-06T07:40:58.477+0000] {processor.py:179} INFO - Processing /home/airflow/.local/lib/python3.7/site-packages/airflow/example_dags/example_branch_day_of_week_operator.py took 0.073 seconds
[2025-05-06T07:41:28.836+0000] {processor.py:157} INFO - Started process (PID=1010) to work on /home/airflow/.local/lib/python3.7/site-packages/airflow/example_dags/example_branch_day_of_week_operator.py
[2025-05-06T07:41:28.837+0000] {processor.py:826} INFO - Processing file /home/airflow/.local/lib/python3.7/site-packages/airflow/example_dags/example_branch_day_of_week_operator.py for tasks to queue
[2025-05-06T07:41:28.837+0000] {logging_mixin.py:149} INFO - [2025-05-06T07:41:28.837+0000] {dagbag.py:541} INFO - Filling up the DagBag from /home/airflow/.local/lib/python3.7/site-packages/airflow/example_dags/example_branch_day_of_week_operator.py
[2025-05-06T07:41:28.843+0000] {processor.py:836} INFO - DAG(s) dict_keys(['example_weekday_branch_operator']) retrieved from /home/airflow/.local/lib/python3.7/site-packages/airflow/example_dags/example_branch_day_of_week_operator.py
[2025-05-06T07:41:28.866+0000] {logging_mixin.py:149} INFO - [2025-05-06T07:41:28.866+0000] {dag.py:2726} INFO - Sync 1 DAGs
[2025-05-06T07:41:28.888+0000] {logging_mixin.py:149} INFO - [2025-05-06T07:41:28.888+0000] {dag.py:3490} INFO - Setting next_dagrun for example_weekday_branch_operator to 2025-05-05T00:00:00+00:00, run_after=2025-05-06T00:00:00+00:00
[2025-05-06T07:41:28.906+0000] {processor.py:179} INFO - Processing /home/airflow/.local/lib/python3.7/site-packages/airflow/example_dags/example_branch_day_of_week_operator.py took 0.073 seconds
[2025-05-06T07:41:59.442+0000] {processor.py:157} INFO - Started process (PID=1087) to work on /home/airflow/.local/lib/python3.7/site-packages/airflow/example_dags/example_branch_day_of_week_operator.py
[2025-05-06T07:41:59.443+0000] {processor.py:826} INFO - Processing file /home/airflow/.local/lib/python3.7/site-packages/airflow/example_dags/example_branch_day_of_week_operator.py for tasks to queue
[2025-05-06T07:41:59.444+0000] {logging_mixin.py:149} INFO - [2025-05-06T07:41:59.443+0000] {dagbag.py:541} INFO - Filling up the DagBag from /home/airflow/.local/lib/python3.7/site-packages/airflow/example_dags/example_branch_day_of_week_operator.py
[2025-05-06T07:41:59.450+0000] {processor.py:836} INFO - DAG(s) dict_keys(['example_weekday_branch_operator']) retrieved from /home/airflow/.local/lib/python3.7/site-packages/airflow/example_dags/example_branch_day_of_week_operator.py
[2025-05-06T07:41:59.472+0000] {logging_mixin.py:149} INFO - [2025-05-06T07:41:59.472+0000] {dag.py:2726} INFO - Sync 1 DAGs
[2025-05-06T07:41:59.495+0000] {logging_mixin.py:149} INFO - [2025-05-06T07:41:59.495+0000] {dag.py:3490} INFO - Setting next_dagrun for example_weekday_branch_operator to 2025-05-05T00:00:00+00:00, run_after=2025-05-06T00:00:00+00:00
[2025-05-06T07:41:59.510+0000] {processor.py:179} INFO - Processing /home/airflow/.local/lib/python3.7/site-packages/airflow/example_dags/example_branch_day_of_week_operator.py took 0.071 seconds
[2025-05-06T07:42:30.802+0000] {processor.py:157} INFO - Started process (PID=1164) to work on /home/airflow/.local/lib/python3.7/site-packages/airflow/example_dags/example_branch_day_of_week_operator.py
[2025-05-06T07:42:30.804+0000] {processor.py:826} INFO - Processing file /home/airflow/.local/lib/python3.7/site-packages/airflow/example_dags/example_branch_day_of_week_operator.py for tasks to queue
[2025-05-06T07:42:30.805+0000] {logging_mixin.py:149} INFO - [2025-05-06T07:42:30.804+0000] {dagbag.py:541} INFO - Filling up the DagBag from /home/airflow/.local/lib/python3.7/site-packages/airflow/example_dags/example_branch_day_of_week_operator.py
[2025-05-06T07:42:30.813+0000] {processor.py:836} INFO - DAG(s) dict_keys(['example_weekday_branch_operator']) retrieved from /home/airflow/.local/lib/python3.7/site-packages/airflow/example_dags/example_branch_day_of_week_operator.py
[2025-05-06T07:42:30.842+0000] {logging_mixin.py:149} INFO - [2025-05-06T07:42:30.842+0000] {dag.py:2726} INFO - Sync 1 DAGs
[2025-05-06T07:42:30.871+0000] {logging_mixin.py:149} INFO - [2025-05-06T07:42:30.871+0000] {dag.py:3490} INFO - Setting next_dagrun for example_weekday_branch_operator to 2025-05-05T00:00:00+00:00, run_after=2025-05-06T00:00:00+00:00
[2025-05-06T07:42:30.893+0000] {processor.py:179} INFO - Processing /home/airflow/.local/lib/python3.7/site-packages/airflow/example_dags/example_branch_day_of_week_operator.py took 0.095 seconds
[2025-05-06T07:43:01.479+0000] {processor.py:157} INFO - Started process (PID=1241) to work on /home/airflow/.local/lib/python3.7/site-packages/airflow/example_dags/example_branch_day_of_week_operator.py
[2025-05-06T07:43:01.480+0000] {processor.py:826} INFO - Processing file /home/airflow/.local/lib/python3.7/site-packages/airflow/example_dags/example_branch_day_of_week_operator.py for tasks to queue
[2025-05-06T07:43:01.480+0000] {logging_mixin.py:149} INFO - [2025-05-06T07:43:01.480+0000] {dagbag.py:541} INFO - Filling up the DagBag from /home/airflow/.local/lib/python3.7/site-packages/airflow/example_dags/example_branch_day_of_week_operator.py
[2025-05-06T07:43:01.486+0000] {processor.py:836} INFO - DAG(s) dict_keys(['example_weekday_branch_operator']) retrieved from /home/airflow/.local/lib/python3.7/site-packages/airflow/example_dags/example_branch_day_of_week_operator.py
[2025-05-06T07:43:01.510+0000] {logging_mixin.py:149} INFO - [2025-05-06T07:43:01.509+0000] {dag.py:2726} INFO - Sync 1 DAGs
[2025-05-06T07:43:01.533+0000] {logging_mixin.py:149} INFO - [2025-05-06T07:43:01.533+0000] {dag.py:3490} INFO - Setting next_dagrun for example_weekday_branch_operator to 2025-05-05T00:00:00+00:00, run_after=2025-05-06T00:00:00+00:00
[2025-05-06T07:43:01.549+0000] {processor.py:179} INFO - Processing /home/airflow/.local/lib/python3.7/site-packages/airflow/example_dags/example_branch_day_of_week_operator.py took 0.073 seconds
[2025-05-06T07:43:32.016+0000] {processor.py:157} INFO - Started process (PID=1318) to work on /home/airflow/.local/lib/python3.7/site-packages/airflow/example_dags/example_branch_day_of_week_operator.py
[2025-05-06T07:43:32.017+0000] {processor.py:826} INFO - Processing file /home/airflow/.local/lib/python3.7/site-packages/airflow/example_dags/example_branch_day_of_week_operator.py for tasks to queue
[2025-05-06T07:43:32.017+0000] {logging_mixin.py:149} INFO - [2025-05-06T07:43:32.017+0000] {dagbag.py:541} INFO - Filling up the DagBag from /home/airflow/.local/lib/python3.7/site-packages/airflow/example_dags/example_branch_day_of_week_operator.py
[2025-05-06T07:43:32.023+0000] {processor.py:836} INFO - DAG(s) dict_keys(['example_weekday_branch_operator']) retrieved from /home/airflow/.local/lib/python3.7/site-packages/airflow/example_dags/example_branch_day_of_week_operator.py
[2025-05-06T07:43:32.047+0000] {logging_mixin.py:149} INFO - [2025-05-06T07:43:32.047+0000] {dag.py:2726} INFO - Sync 1 DAGs
[2025-05-06T07:43:32.069+0000] {logging_mixin.py:149} INFO - [2025-05-06T07:43:32.069+0000] {dag.py:3490} INFO - Setting next_dagrun for example_weekday_branch_operator to 2025-05-05T00:00:00+00:00, run_after=2025-05-06T00:00:00+00:00
[2025-05-06T07:43:32.085+0000] {processor.py:179} INFO - Processing /home/airflow/.local/lib/python3.7/site-packages/airflow/example_dags/example_branch_day_of_week_operator.py took 0.072 seconds
[2025-05-06T07:44:03.237+0000] {processor.py:157} INFO - Started process (PID=1395) to work on /home/airflow/.local/lib/python3.7/site-packages/airflow/example_dags/example_branch_day_of_week_operator.py
[2025-05-06T07:44:03.239+0000] {processor.py:826} INFO - Processing file /home/airflow/.local/lib/python3.7/site-packages/airflow/example_dags/example_branch_day_of_week_operator.py for tasks to queue
[2025-05-06T07:44:03.240+0000] {logging_mixin.py:149} INFO - [2025-05-06T07:44:03.240+0000] {dagbag.py:541} INFO - Filling up the DagBag from /home/airflow/.local/lib/python3.7/site-packages/airflow/example_dags/example_branch_day_of_week_operator.py
[2025-05-06T07:44:03.263+0000] {processor.py:836} INFO - DAG(s) dict_keys(['example_weekday_branch_operator']) retrieved from /home/airflow/.local/lib/python3.7/site-packages/airflow/example_dags/example_branch_day_of_week_operator.py
[2025-05-06T07:44:03.339+0000] {logging_mixin.py:149} INFO - [2025-05-06T07:44:03.338+0000] {dag.py:2726} INFO - Sync 1 DAGs
[2025-05-06T07:44:03.390+0000] {logging_mixin.py:149} INFO - [2025-05-06T07:44:03.390+0000] {dag.py:3490} INFO - Setting next_dagrun for example_weekday_branch_operator to 2025-05-05T00:00:00+00:00, run_after=2025-05-06T00:00:00+00:00
[2025-05-06T07:44:03.422+0000] {processor.py:179} INFO - Processing /home/airflow/.local/lib/python3.7/site-packages/airflow/example_dags/example_branch_day_of_week_operator.py took 0.199 seconds
[2025-05-06T07:44:34.134+0000] {processor.py:157} INFO - Started process (PID=1472) to work on /home/airflow/.local/lib/python3.7/site-packages/airflow/example_dags/example_branch_day_of_week_operator.py
[2025-05-06T07:44:34.136+0000] {processor.py:826} INFO - Processing file /home/airflow/.local/lib/python3.7/site-packages/airflow/example_dags/example_branch_day_of_week_operator.py for tasks to queue
[2025-05-06T07:44:34.136+0000] {logging_mixin.py:149} INFO - [2025-05-06T07:44:34.136+0000] {dagbag.py:541} INFO - Filling up the DagBag from /home/airflow/.local/lib/python3.7/site-packages/airflow/example_dags/example_branch_day_of_week_operator.py
[2025-05-06T07:44:34.145+0000] {processor.py:836} INFO - DAG(s) dict_keys(['example_weekday_branch_operator']) retrieved from /home/airflow/.local/lib/python3.7/site-packages/airflow/example_dags/example_branch_day_of_week_operator.py
[2025-05-06T07:44:34.175+0000] {logging_mixin.py:149} INFO - [2025-05-06T07:44:34.175+0000] {dag.py:2726} INFO - Sync 1 DAGs
[2025-05-06T07:44:34.204+0000] {logging_mixin.py:149} INFO - [2025-05-06T07:44:34.204+0000] {dag.py:3490} INFO - Setting next_dagrun for example_weekday_branch_operator to 2025-05-05T00:00:00+00:00, run_after=2025-05-06T00:00:00+00:00
[2025-05-06T07:44:34.230+0000] {processor.py:179} INFO - Processing /home/airflow/.local/lib/python3.7/site-packages/airflow/example_dags/example_branch_day_of_week_operator.py took 0.099 seconds
[2025-05-06T07:45:04.604+0000] {processor.py:157} INFO - Started process (PID=1549) to work on /home/airflow/.local/lib/python3.7/site-packages/airflow/example_dags/example_branch_day_of_week_operator.py
[2025-05-06T07:45:04.605+0000] {processor.py:826} INFO - Processing file /home/airflow/.local/lib/python3.7/site-packages/airflow/example_dags/example_branch_day_of_week_operator.py for tasks to queue
[2025-05-06T07:45:04.606+0000] {logging_mixin.py:149} INFO - [2025-05-06T07:45:04.606+0000] {dagbag.py:541} INFO - Filling up the DagBag from /home/airflow/.local/lib/python3.7/site-packages/airflow/example_dags/example_branch_day_of_week_operator.py
[2025-05-06T07:45:04.612+0000] {processor.py:836} INFO - DAG(s) dict_keys(['example_weekday_branch_operator']) retrieved from /home/airflow/.local/lib/python3.7/site-packages/airflow/example_dags/example_branch_day_of_week_operator.py
[2025-05-06T07:45:04.634+0000] {logging_mixin.py:149} INFO - [2025-05-06T07:45:04.634+0000] {dag.py:2726} INFO - Sync 1 DAGs
[2025-05-06T07:45:04.655+0000] {logging_mixin.py:149} INFO - [2025-05-06T07:45:04.655+0000] {dag.py:3490} INFO - Setting next_dagrun for example_weekday_branch_operator to 2025-05-05T00:00:00+00:00, run_after=2025-05-06T00:00:00+00:00
[2025-05-06T07:45:04.673+0000] {processor.py:179} INFO - Processing /home/airflow/.local/lib/python3.7/site-packages/airflow/example_dags/example_branch_day_of_week_operator.py took 0.072 seconds
[2025-05-06T07:45:35.151+0000] {processor.py:157} INFO - Started process (PID=1626) to work on /home/airflow/.local/lib/python3.7/site-packages/airflow/example_dags/example_branch_day_of_week_operator.py
[2025-05-06T07:45:35.152+0000] {processor.py:826} INFO - Processing file /home/airflow/.local/lib/python3.7/site-packages/airflow/example_dags/example_branch_day_of_week_operator.py for tasks to queue
[2025-05-06T07:45:35.153+0000] {logging_mixin.py:149} INFO - [2025-05-06T07:45:35.153+0000] {dagbag.py:541} INFO - Filling up the DagBag from /home/airflow/.local/lib/python3.7/site-packages/airflow/example_dags/example_branch_day_of_week_operator.py
[2025-05-06T07:45:35.160+0000] {processor.py:836} INFO - DAG(s) dict_keys(['example_weekday_branch_operator']) retrieved from /home/airflow/.local/lib/python3.7/site-packages/airflow/example_dags/example_branch_day_of_week_operator.py
[2025-05-06T07:45:35.183+0000] {logging_mixin.py:149} INFO - [2025-05-06T07:45:35.183+0000] {dag.py:2726} INFO - Sync 1 DAGs
[2025-05-06T07:45:35.206+0000] {logging_mixin.py:149} INFO - [2025-05-06T07:45:35.205+0000] {dag.py:3490} INFO - Setting next_dagrun for example_weekday_branch_operator to 2025-05-05T00:00:00+00:00, run_after=2025-05-06T00:00:00+00:00
[2025-05-06T07:45:35.223+0000] {processor.py:179} INFO - Processing /home/airflow/.local/lib/python3.7/site-packages/airflow/example_dags/example_branch_day_of_week_operator.py took 0.075 seconds
[2025-05-06T07:46:05.776+0000] {processor.py:157} INFO - Started process (PID=1704) to work on /home/airflow/.local/lib/python3.7/site-packages/airflow/example_dags/example_branch_day_of_week_operator.py
[2025-05-06T07:46:05.777+0000] {processor.py:826} INFO - Processing file /home/airflow/.local/lib/python3.7/site-packages/airflow/example_dags/example_branch_day_of_week_operator.py for tasks to queue
[2025-05-06T07:46:05.778+0000] {logging_mixin.py:149} INFO - [2025-05-06T07:46:05.778+0000] {dagbag.py:541} INFO - Filling up the DagBag from /home/airflow/.local/lib/python3.7/site-packages/airflow/example_dags/example_branch_day_of_week_operator.py
[2025-05-06T07:46:05.784+0000] {processor.py:836} INFO - DAG(s) dict_keys(['example_weekday_branch_operator']) retrieved from /home/airflow/.local/lib/python3.7/site-packages/airflow/example_dags/example_branch_day_of_week_operator.py
[2025-05-06T07:46:05.807+0000] {logging_mixin.py:149} INFO - [2025-05-06T07:46:05.807+0000] {dag.py:2726} INFO - Sync 1 DAGs
[2025-05-06T07:46:05.831+0000] {logging_mixin.py:149} INFO - [2025-05-06T07:46:05.830+0000] {dag.py:3490} INFO - Setting next_dagrun for example_weekday_branch_operator to 2025-05-05T00:00:00+00:00, run_after=2025-05-06T00:00:00+00:00
[2025-05-06T07:46:05.849+0000] {processor.py:179} INFO - Processing /home/airflow/.local/lib/python3.7/site-packages/airflow/example_dags/example_branch_day_of_week_operator.py took 0.076 seconds
[2025-05-06T07:46:36.446+0000] {processor.py:157} INFO - Started process (PID=1781) to work on /home/airflow/.local/lib/python3.7/site-packages/airflow/example_dags/example_branch_day_of_week_operator.py
[2025-05-06T07:46:36.448+0000] {processor.py:826} INFO - Processing file /home/airflow/.local/lib/python3.7/site-packages/airflow/example_dags/example_branch_day_of_week_operator.py for tasks to queue
[2025-05-06T07:46:36.448+0000] {logging_mixin.py:149} INFO - [2025-05-06T07:46:36.448+0000] {dagbag.py:541} INFO - Filling up the DagBag from /home/airflow/.local/lib/python3.7/site-packages/airflow/example_dags/example_branch_day_of_week_operator.py
[2025-05-06T07:46:36.454+0000] {processor.py:836} INFO - DAG(s) dict_keys(['example_weekday_branch_operator']) retrieved from /home/airflow/.local/lib/python3.7/site-packages/airflow/example_dags/example_branch_day_of_week_operator.py
[2025-05-06T07:46:36.476+0000] {logging_mixin.py:149} INFO - [2025-05-06T07:46:36.476+0000] {dag.py:2726} INFO - Sync 1 DAGs
[2025-05-06T07:46:36.497+0000] {logging_mixin.py:149} INFO - [2025-05-06T07:46:36.497+0000] {dag.py:3490} INFO - Setting next_dagrun for example_weekday_branch_operator to 2025-05-05T00:00:00+00:00, run_after=2025-05-06T00:00:00+00:00
[2025-05-06T07:46:36.515+0000] {processor.py:179} INFO - Processing /home/airflow/.local/lib/python3.7/site-packages/airflow/example_dags/example_branch_day_of_week_operator.py took 0.071 seconds
[2025-05-06T07:47:07.105+0000] {processor.py:157} INFO - Started process (PID=1858) to work on /home/airflow/.local/lib/python3.7/site-packages/airflow/example_dags/example_branch_day_of_week_operator.py
[2025-05-06T07:47:07.106+0000] {processor.py:826} INFO - Processing file /home/airflow/.local/lib/python3.7/site-packages/airflow/example_dags/example_branch_day_of_week_operator.py for tasks to queue
[2025-05-06T07:47:07.107+0000] {logging_mixin.py:149} INFO - [2025-05-06T07:47:07.107+0000] {dagbag.py:541} INFO - Filling up the DagBag from /home/airflow/.local/lib/python3.7/site-packages/airflow/example_dags/example_branch_day_of_week_operator.py
[2025-05-06T07:47:07.115+0000] {processor.py:836} INFO - DAG(s) dict_keys(['example_weekday_branch_operator']) retrieved from /home/airflow/.local/lib/python3.7/site-packages/airflow/example_dags/example_branch_day_of_week_operator.py
[2025-05-06T07:47:07.138+0000] {logging_mixin.py:149} INFO - [2025-05-06T07:47:07.138+0000] {dag.py:2726} INFO - Sync 1 DAGs
[2025-05-06T07:47:07.162+0000] {logging_mixin.py:149} INFO - [2025-05-06T07:47:07.162+0000] {dag.py:3490} INFO - Setting next_dagrun for example_weekday_branch_operator to 2025-05-05T00:00:00+00:00, run_after=2025-05-06T00:00:00+00:00
[2025-05-06T07:47:07.188+0000] {processor.py:179} INFO - Processing /home/airflow/.local/lib/python3.7/site-packages/airflow/example_dags/example_branch_day_of_week_operator.py took 0.086 seconds
[2025-05-06T07:47:38.227+0000] {processor.py:157} INFO - Started process (PID=1935) to work on /home/airflow/.local/lib/python3.7/site-packages/airflow/example_dags/example_branch_day_of_week_operator.py
[2025-05-06T07:47:38.228+0000] {processor.py:826} INFO - Processing file /home/airflow/.local/lib/python3.7/site-packages/airflow/example_dags/example_branch_day_of_week_operator.py for tasks to queue
[2025-05-06T07:47:38.229+0000] {logging_mixin.py:149} INFO - [2025-05-06T07:47:38.229+0000] {dagbag.py:541} INFO - Filling up the DagBag from /home/airflow/.local/lib/python3.7/site-packages/airflow/example_dags/example_branch_day_of_week_operator.py
[2025-05-06T07:47:38.236+0000] {processor.py:836} INFO - DAG(s) dict_keys(['example_weekday_branch_operator']) retrieved from /home/airflow/.local/lib/python3.7/site-packages/airflow/example_dags/example_branch_day_of_week_operator.py
[2025-05-06T07:47:38.260+0000] {logging_mixin.py:149} INFO - [2025-05-06T07:47:38.260+0000] {dag.py:2726} INFO - Sync 1 DAGs
[2025-05-06T07:47:38.284+0000] {logging_mixin.py:149} INFO - [2025-05-06T07:47:38.283+0000] {dag.py:3490} INFO - Setting next_dagrun for example_weekday_branch_operator to 2025-05-05T00:00:00+00:00, run_after=2025-05-06T00:00:00+00:00
[2025-05-06T07:47:38.300+0000] {processor.py:179} INFO - Processing /home/airflow/.local/lib/python3.7/site-packages/airflow/example_dags/example_branch_day_of_week_operator.py took 0.076 seconds
[2025-05-06T07:48:08.978+0000] {processor.py:157} INFO - Started process (PID=2012) to work on /home/airflow/.local/lib/python3.7/site-packages/airflow/example_dags/example_branch_day_of_week_operator.py
[2025-05-06T07:48:08.980+0000] {processor.py:826} INFO - Processing file /home/airflow/.local/lib/python3.7/site-packages/airflow/example_dags/example_branch_day_of_week_operator.py for tasks to queue
[2025-05-06T07:48:08.980+0000] {logging_mixin.py:149} INFO - [2025-05-06T07:48:08.980+0000] {dagbag.py:541} INFO - Filling up the DagBag from /home/airflow/.local/lib/python3.7/site-packages/airflow/example_dags/example_branch_day_of_week_operator.py
[2025-05-06T07:48:08.986+0000] {processor.py:836} INFO - DAG(s) dict_keys(['example_weekday_branch_operator']) retrieved from /home/airflow/.local/lib/python3.7/site-packages/airflow/example_dags/example_branch_day_of_week_operator.py
[2025-05-06T07:48:09.008+0000] {logging_mixin.py:149} INFO - [2025-05-06T07:48:09.008+0000] {dag.py:2726} INFO - Sync 1 DAGs
[2025-05-06T07:48:09.029+0000] {logging_mixin.py:149} INFO - [2025-05-06T07:48:09.029+0000] {dag.py:3490} INFO - Setting next_dagrun for example_weekday_branch_operator to 2025-05-05T00:00:00+00:00, run_after=2025-05-06T00:00:00+00:00
[2025-05-06T07:48:09.046+0000] {processor.py:179} INFO - Processing /home/airflow/.local/lib/python3.7/site-packages/airflow/example_dags/example_branch_day_of_week_operator.py took 0.070 seconds
[2025-05-06T07:48:39.782+0000] {processor.py:157} INFO - Started process (PID=2089) to work on /home/airflow/.local/lib/python3.7/site-packages/airflow/example_dags/example_branch_day_of_week_operator.py
[2025-05-06T07:48:39.784+0000] {processor.py:826} INFO - Processing file /home/airflow/.local/lib/python3.7/site-packages/airflow/example_dags/example_branch_day_of_week_operator.py for tasks to queue
[2025-05-06T07:48:39.784+0000] {logging_mixin.py:149} INFO - [2025-05-06T07:48:39.784+0000] {dagbag.py:541} INFO - Filling up the DagBag from /home/airflow/.local/lib/python3.7/site-packages/airflow/example_dags/example_branch_day_of_week_operator.py
[2025-05-06T07:48:39.791+0000] {processor.py:836} INFO - DAG(s) dict_keys(['example_weekday_branch_operator']) retrieved from /home/airflow/.local/lib/python3.7/site-packages/airflow/example_dags/example_branch_day_of_week_operator.py
[2025-05-06T07:48:39.817+0000] {logging_mixin.py:149} INFO - [2025-05-06T07:48:39.816+0000] {dag.py:2726} INFO - Sync 1 DAGs
[2025-05-06T07:48:39.851+0000] {logging_mixin.py:149} INFO - [2025-05-06T07:48:39.850+0000] {dag.py:3490} INFO - Setting next_dagrun for example_weekday_branch_operator to 2025-05-05T00:00:00+00:00, run_after=2025-05-06T00:00:00+00:00
[2025-05-06T07:48:39.879+0000] {processor.py:179} INFO - Processing /home/airflow/.local/lib/python3.7/site-packages/airflow/example_dags/example_branch_day_of_week_operator.py took 0.100 seconds
[2025-05-06T07:49:11.052+0000] {processor.py:157} INFO - Started process (PID=2166) to work on /home/airflow/.local/lib/python3.7/site-packages/airflow/example_dags/example_branch_day_of_week_operator.py
[2025-05-06T07:49:11.053+0000] {processor.py:826} INFO - Processing file /home/airflow/.local/lib/python3.7/site-packages/airflow/example_dags/example_branch_day_of_week_operator.py for tasks to queue
[2025-05-06T07:49:11.054+0000] {logging_mixin.py:149} INFO - [2025-05-06T07:49:11.054+0000] {dagbag.py:541} INFO - Filling up the DagBag from /home/airflow/.local/lib/python3.7/site-packages/airflow/example_dags/example_branch_day_of_week_operator.py
[2025-05-06T07:49:11.060+0000] {processor.py:836} INFO - DAG(s) dict_keys(['example_weekday_branch_operator']) retrieved from /home/airflow/.local/lib/python3.7/site-packages/airflow/example_dags/example_branch_day_of_week_operator.py
[2025-05-06T07:49:11.085+0000] {logging_mixin.py:149} INFO - [2025-05-06T07:49:11.085+0000] {dag.py:2726} INFO - Sync 1 DAGs
[2025-05-06T07:49:11.109+0000] {logging_mixin.py:149} INFO - [2025-05-06T07:49:11.109+0000] {dag.py:3490} INFO - Setting next_dagrun for example_weekday_branch_operator to 2025-05-05T00:00:00+00:00, run_after=2025-05-06T00:00:00+00:00
[2025-05-06T07:49:11.130+0000] {processor.py:179} INFO - Processing /home/airflow/.local/lib/python3.7/site-packages/airflow/example_dags/example_branch_day_of_week_operator.py took 0.080 seconds
[2025-05-06T07:49:42.070+0000] {processor.py:157} INFO - Started process (PID=2243) to work on /home/airflow/.local/lib/python3.7/site-packages/airflow/example_dags/example_branch_day_of_week_operator.py
[2025-05-06T07:49:42.071+0000] {processor.py:826} INFO - Processing file /home/airflow/.local/lib/python3.7/site-packages/airflow/example_dags/example_branch_day_of_week_operator.py for tasks to queue
[2025-05-06T07:49:42.071+0000] {logging_mixin.py:149} INFO - [2025-05-06T07:49:42.071+0000] {dagbag.py:541} INFO - Filling up the DagBag from /home/airflow/.local/lib/python3.7/site-packages/airflow/example_dags/example_branch_day_of_week_operator.py
[2025-05-06T07:49:42.080+0000] {processor.py:836} INFO - DAG(s) dict_keys(['example_weekday_branch_operator']) retrieved from /home/airflow/.local/lib/python3.7/site-packages/airflow/example_dags/example_branch_day_of_week_operator.py
[2025-05-06T07:49:42.107+0000] {logging_mixin.py:149} INFO - [2025-05-06T07:49:42.107+0000] {dag.py:2726} INFO - Sync 1 DAGs
[2025-05-06T07:49:42.130+0000] {logging_mixin.py:149} INFO - [2025-05-06T07:49:42.129+0000] {dag.py:3490} INFO - Setting next_dagrun for example_weekday_branch_operator to 2025-05-05T00:00:00+00:00, run_after=2025-05-06T00:00:00+00:00
[2025-05-06T07:49:42.150+0000] {processor.py:179} INFO - Processing /home/airflow/.local/lib/python3.7/site-packages/airflow/example_dags/example_branch_day_of_week_operator.py took 0.083 seconds
[2025-05-06T07:50:12.897+0000] {processor.py:157} INFO - Started process (PID=2320) to work on /home/airflow/.local/lib/python3.7/site-packages/airflow/example_dags/example_branch_day_of_week_operator.py
[2025-05-06T07:50:12.898+0000] {processor.py:826} INFO - Processing file /home/airflow/.local/lib/python3.7/site-packages/airflow/example_dags/example_branch_day_of_week_operator.py for tasks to queue
[2025-05-06T07:50:12.899+0000] {logging_mixin.py:149} INFO - [2025-05-06T07:50:12.899+0000] {dagbag.py:541} INFO - Filling up the DagBag from /home/airflow/.local/lib/python3.7/site-packages/airflow/example_dags/example_branch_day_of_week_operator.py
[2025-05-06T07:50:12.905+0000] {processor.py:836} INFO - DAG(s) dict_keys(['example_weekday_branch_operator']) retrieved from /home/airflow/.local/lib/python3.7/site-packages/airflow/example_dags/example_branch_day_of_week_operator.py
[2025-05-06T07:50:12.929+0000] {logging_mixin.py:149} INFO - [2025-05-06T07:50:12.929+0000] {dag.py:2726} INFO - Sync 1 DAGs
[2025-05-06T07:50:12.952+0000] {logging_mixin.py:149} INFO - [2025-05-06T07:50:12.952+0000] {dag.py:3490} INFO - Setting next_dagrun for example_weekday_branch_operator to 2025-05-05T00:00:00+00:00, run_after=2025-05-06T00:00:00+00:00
[2025-05-06T07:50:12.968+0000] {processor.py:179} INFO - Processing /home/airflow/.local/lib/python3.7/site-packages/airflow/example_dags/example_branch_day_of_week_operator.py took 0.074 seconds
[2025-05-06T07:50:43.697+0000] {processor.py:157} INFO - Started process (PID=2397) to work on /home/airflow/.local/lib/python3.7/site-packages/airflow/example_dags/example_branch_day_of_week_operator.py
[2025-05-06T07:50:43.699+0000] {processor.py:826} INFO - Processing file /home/airflow/.local/lib/python3.7/site-packages/airflow/example_dags/example_branch_day_of_week_operator.py for tasks to queue
[2025-05-06T07:50:43.699+0000] {logging_mixin.py:149} INFO - [2025-05-06T07:50:43.699+0000] {dagbag.py:541} INFO - Filling up the DagBag from /home/airflow/.local/lib/python3.7/site-packages/airflow/example_dags/example_branch_day_of_week_operator.py
[2025-05-06T07:50:43.705+0000] {processor.py:836} INFO - DAG(s) dict_keys(['example_weekday_branch_operator']) retrieved from /home/airflow/.local/lib/python3.7/site-packages/airflow/example_dags/example_branch_day_of_week_operator.py
[2025-05-06T07:50:43.728+0000] {logging_mixin.py:149} INFO - [2025-05-06T07:50:43.728+0000] {dag.py:2726} INFO - Sync 1 DAGs
[2025-05-06T07:50:43.751+0000] {logging_mixin.py:149} INFO - [2025-05-06T07:50:43.751+0000] {dag.py:3490} INFO - Setting next_dagrun for example_weekday_branch_operator to 2025-05-05T00:00:00+00:00, run_after=2025-05-06T00:00:00+00:00
[2025-05-06T07:50:43.769+0000] {processor.py:179} INFO - Processing /home/airflow/.local/lib/python3.7/site-packages/airflow/example_dags/example_branch_day_of_week_operator.py took 0.074 seconds
[2025-05-06T07:51:14.205+0000] {processor.py:157} INFO - Started process (PID=2474) to work on /home/airflow/.local/lib/python3.7/site-packages/airflow/example_dags/example_branch_day_of_week_operator.py
[2025-05-06T07:51:14.206+0000] {processor.py:826} INFO - Processing file /home/airflow/.local/lib/python3.7/site-packages/airflow/example_dags/example_branch_day_of_week_operator.py for tasks to queue
[2025-05-06T07:51:14.207+0000] {logging_mixin.py:149} INFO - [2025-05-06T07:51:14.206+0000] {dagbag.py:541} INFO - Filling up the DagBag from /home/airflow/.local/lib/python3.7/site-packages/airflow/example_dags/example_branch_day_of_week_operator.py
[2025-05-06T07:51:14.213+0000] {processor.py:836} INFO - DAG(s) dict_keys(['example_weekday_branch_operator']) retrieved from /home/airflow/.local/lib/python3.7/site-packages/airflow/example_dags/example_branch_day_of_week_operator.py
[2025-05-06T07:51:14.236+0000] {logging_mixin.py:149} INFO - [2025-05-06T07:51:14.236+0000] {dag.py:2726} INFO - Sync 1 DAGs
[2025-05-06T07:51:14.257+0000] {logging_mixin.py:149} INFO - [2025-05-06T07:51:14.257+0000] {dag.py:3490} INFO - Setting next_dagrun for example_weekday_branch_operator to 2025-05-05T00:00:00+00:00, run_after=2025-05-06T00:00:00+00:00
[2025-05-06T07:51:14.275+0000] {processor.py:179} INFO - Processing /home/airflow/.local/lib/python3.7/site-packages/airflow/example_dags/example_branch_day_of_week_operator.py took 0.073 seconds
[2025-05-06T07:51:44.789+0000] {processor.py:157} INFO - Started process (PID=2551) to work on /home/airflow/.local/lib/python3.7/site-packages/airflow/example_dags/example_branch_day_of_week_operator.py
[2025-05-06T07:51:44.790+0000] {processor.py:826} INFO - Processing file /home/airflow/.local/lib/python3.7/site-packages/airflow/example_dags/example_branch_day_of_week_operator.py for tasks to queue
[2025-05-06T07:51:44.790+0000] {logging_mixin.py:149} INFO - [2025-05-06T07:51:44.790+0000] {dagbag.py:541} INFO - Filling up the DagBag from /home/airflow/.local/lib/python3.7/site-packages/airflow/example_dags/example_branch_day_of_week_operator.py
[2025-05-06T07:51:44.796+0000] {processor.py:836} INFO - DAG(s) dict_keys(['example_weekday_branch_operator']) retrieved from /home/airflow/.local/lib/python3.7/site-packages/airflow/example_dags/example_branch_day_of_week_operator.py
[2025-05-06T07:51:44.819+0000] {logging_mixin.py:149} INFO - [2025-05-06T07:51:44.819+0000] {dag.py:2726} INFO - Sync 1 DAGs
[2025-05-06T07:51:44.842+0000] {logging_mixin.py:149} INFO - [2025-05-06T07:51:44.842+0000] {dag.py:3490} INFO - Setting next_dagrun for example_weekday_branch_operator to 2025-05-05T00:00:00+00:00, run_after=2025-05-06T00:00:00+00:00
[2025-05-06T07:51:44.860+0000] {processor.py:179} INFO - Processing /home/airflow/.local/lib/python3.7/site-packages/airflow/example_dags/example_branch_day_of_week_operator.py took 0.073 seconds
