[2025-05-06T07:35:20.803+0000] {processor.py:157} INFO - Started process (PID=92) to work on /home/airflow/.local/lib/python3.7/site-packages/airflow/example_dags/example_trigger_target_dag.py
[2025-05-06T07:35:20.804+0000] {processor.py:826} INFO - Processing file /home/airflow/.local/lib/python3.7/site-packages/airflow/example_dags/example_trigger_target_dag.py for tasks to queue
[2025-05-06T07:35:20.805+0000] {logging_mixin.py:149} INFO - [2025-05-06T07:35:20.805+0000] {dagbag.py:541} INFO - Filling up the DagBag from /home/airflow/.local/lib/python3.7/site-packages/airflow/example_dags/example_trigger_target_dag.py
[2025-05-06T07:35:20.811+0000] {processor.py:836} INFO - DAG(s) dict_keys(['example_trigger_target_dag']) retrieved from /home/airflow/.local/lib/python3.7/site-packages/airflow/example_dags/example_trigger_target_dag.py
[2025-05-06T07:35:20.828+0000] {logging_mixin.py:149} INFO - [2025-05-06T07:35:20.827+0000] {dag.py:2726} INFO - Sync 1 DAGs
[2025-05-06T07:35:20.889+0000] {logging_mixin.py:149} INFO - [2025-05-06T07:35:20.889+0000] {dag.py:3490} INFO - Setting next_dagrun for example_trigger_target_dag to None, run_after=None
[2025-05-06T07:35:20.932+0000] {processor.py:179} INFO - Processing /home/airflow/.local/lib/python3.7/site-packages/airflow/example_dags/example_trigger_target_dag.py took 0.132 seconds
[2025-05-06T07:35:51.027+0000] {processor.py:157} INFO - Started process (PID=170) to work on /home/airflow/.local/lib/python3.7/site-packages/airflow/example_dags/example_trigger_target_dag.py
[2025-05-06T07:35:51.029+0000] {processor.py:826} INFO - Processing file /home/airflow/.local/lib/python3.7/site-packages/airflow/example_dags/example_trigger_target_dag.py for tasks to queue
[2025-05-06T07:35:51.029+0000] {logging_mixin.py:149} INFO - [2025-05-06T07:35:51.029+0000] {dagbag.py:541} INFO - Filling up the DagBag from /home/airflow/.local/lib/python3.7/site-packages/airflow/example_dags/example_trigger_target_dag.py
[2025-05-06T07:35:51.035+0000] {processor.py:836} INFO - DAG(s) dict_keys(['example_trigger_target_dag']) retrieved from /home/airflow/.local/lib/python3.7/site-packages/airflow/example_dags/example_trigger_target_dag.py
[2025-05-06T07:35:51.059+0000] {logging_mixin.py:149} INFO - [2025-05-06T07:35:51.059+0000] {dag.py:2726} INFO - Sync 1 DAGs
[2025-05-06T07:35:51.085+0000] {logging_mixin.py:149} INFO - [2025-05-06T07:35:51.084+0000] {dag.py:3490} INFO - Setting next_dagrun for example_trigger_target_dag to None, run_after=None
[2025-05-06T07:35:51.106+0000] {processor.py:179} INFO - Processing /home/airflow/.local/lib/python3.7/site-packages/airflow/example_dags/example_trigger_target_dag.py took 0.082 seconds
[2025-05-06T07:36:23.101+0000] {processor.py:157} INFO - Started process (PID=247) to work on /home/airflow/.local/lib/python3.7/site-packages/airflow/example_dags/example_trigger_target_dag.py
[2025-05-06T07:36:23.103+0000] {processor.py:826} INFO - Processing file /home/airflow/.local/lib/python3.7/site-packages/airflow/example_dags/example_trigger_target_dag.py for tasks to queue
[2025-05-06T07:36:23.104+0000] {logging_mixin.py:149} INFO - [2025-05-06T07:36:23.104+0000] {dagbag.py:541} INFO - Filling up the DagBag from /home/airflow/.local/lib/python3.7/site-packages/airflow/example_dags/example_trigger_target_dag.py
[2025-05-06T07:36:23.114+0000] {processor.py:836} INFO - DAG(s) dict_keys(['example_trigger_target_dag']) retrieved from /home/airflow/.local/lib/python3.7/site-packages/airflow/example_dags/example_trigger_target_dag.py
[2025-05-06T07:36:23.161+0000] {logging_mixin.py:149} INFO - [2025-05-06T07:36:23.161+0000] {dag.py:2726} INFO - Sync 1 DAGs
[2025-05-06T07:36:23.207+0000] {logging_mixin.py:149} INFO - [2025-05-06T07:36:23.207+0000] {dag.py:3490} INFO - Setting next_dagrun for example_trigger_target_dag to None, run_after=None
[2025-05-06T07:36:23.246+0000] {processor.py:179} INFO - Processing /home/airflow/.local/lib/python3.7/site-packages/airflow/example_dags/example_trigger_target_dag.py took 0.151 seconds
[2025-05-06T07:36:54.351+0000] {processor.py:157} INFO - Started process (PID=324) to work on /home/airflow/.local/lib/python3.7/site-packages/airflow/example_dags/example_trigger_target_dag.py
[2025-05-06T07:36:54.353+0000] {processor.py:826} INFO - Processing file /home/airflow/.local/lib/python3.7/site-packages/airflow/example_dags/example_trigger_target_dag.py for tasks to queue
[2025-05-06T07:36:54.355+0000] {logging_mixin.py:149} INFO - [2025-05-06T07:36:54.355+0000] {dagbag.py:541} INFO - Filling up the DagBag from /home/airflow/.local/lib/python3.7/site-packages/airflow/example_dags/example_trigger_target_dag.py
[2025-05-06T07:36:54.367+0000] {processor.py:836} INFO - DAG(s) dict_keys(['example_trigger_target_dag']) retrieved from /home/airflow/.local/lib/python3.7/site-packages/airflow/example_dags/example_trigger_target_dag.py
[2025-05-06T07:36:54.417+0000] {logging_mixin.py:149} INFO - [2025-05-06T07:36:54.416+0000] {dag.py:2726} INFO - Sync 1 DAGs
[2025-05-06T07:36:54.479+0000] {logging_mixin.py:149} INFO - [2025-05-06T07:36:54.479+0000] {dag.py:3490} INFO - Setting next_dagrun for example_trigger_target_dag to None, run_after=None
[2025-05-06T07:36:54.529+0000] {processor.py:179} INFO - Processing /home/airflow/.local/lib/python3.7/site-packages/airflow/example_dags/example_trigger_target_dag.py took 0.184 seconds
[2025-05-06T07:37:24.603+0000] {processor.py:157} INFO - Started process (PID=401) to work on /home/airflow/.local/lib/python3.7/site-packages/airflow/example_dags/example_trigger_target_dag.py
[2025-05-06T07:37:24.604+0000] {processor.py:826} INFO - Processing file /home/airflow/.local/lib/python3.7/site-packages/airflow/example_dags/example_trigger_target_dag.py for tasks to queue
[2025-05-06T07:37:24.605+0000] {logging_mixin.py:149} INFO - [2025-05-06T07:37:24.605+0000] {dagbag.py:541} INFO - Filling up the DagBag from /home/airflow/.local/lib/python3.7/site-packages/airflow/example_dags/example_trigger_target_dag.py
[2025-05-06T07:37:24.612+0000] {processor.py:836} INFO - DAG(s) dict_keys(['example_trigger_target_dag']) retrieved from /home/airflow/.local/lib/python3.7/site-packages/airflow/example_dags/example_trigger_target_dag.py
[2025-05-06T07:37:24.638+0000] {logging_mixin.py:149} INFO - [2025-05-06T07:37:24.638+0000] {dag.py:2726} INFO - Sync 1 DAGs
[2025-05-06T07:37:24.664+0000] {logging_mixin.py:149} INFO - [2025-05-06T07:37:24.664+0000] {dag.py:3490} INFO - Setting next_dagrun for example_trigger_target_dag to None, run_after=None
[2025-05-06T07:37:24.685+0000] {processor.py:179} INFO - Processing /home/airflow/.local/lib/python3.7/site-packages/airflow/example_dags/example_trigger_target_dag.py took 0.086 seconds
[2025-05-06T07:37:54.734+0000] {processor.py:157} INFO - Started process (PID=478) to work on /home/airflow/.local/lib/python3.7/site-packages/airflow/example_dags/example_trigger_target_dag.py
[2025-05-06T07:37:54.735+0000] {processor.py:826} INFO - Processing file /home/airflow/.local/lib/python3.7/site-packages/airflow/example_dags/example_trigger_target_dag.py for tasks to queue
[2025-05-06T07:37:54.735+0000] {logging_mixin.py:149} INFO - [2025-05-06T07:37:54.735+0000] {dagbag.py:541} INFO - Filling up the DagBag from /home/airflow/.local/lib/python3.7/site-packages/airflow/example_dags/example_trigger_target_dag.py
[2025-05-06T07:37:54.740+0000] {processor.py:836} INFO - DAG(s) dict_keys(['example_trigger_target_dag']) retrieved from /home/airflow/.local/lib/python3.7/site-packages/airflow/example_dags/example_trigger_target_dag.py
[2025-05-06T07:37:54.760+0000] {logging_mixin.py:149} INFO - [2025-05-06T07:37:54.760+0000] {dag.py:2726} INFO - Sync 1 DAGs
[2025-05-06T07:37:54.780+0000] {logging_mixin.py:149} INFO - [2025-05-06T07:37:54.780+0000] {dag.py:3490} INFO - Setting next_dagrun for example_trigger_target_dag to None, run_after=None
[2025-05-06T07:37:54.797+0000] {processor.py:179} INFO - Processing /home/airflow/.local/lib/python3.7/site-packages/airflow/example_dags/example_trigger_target_dag.py took 0.066 seconds
[2025-05-06T07:38:26.228+0000] {processor.py:157} INFO - Started process (PID=555) to work on /home/airflow/.local/lib/python3.7/site-packages/airflow/example_dags/example_trigger_target_dag.py
[2025-05-06T07:38:26.229+0000] {processor.py:826} INFO - Processing file /home/airflow/.local/lib/python3.7/site-packages/airflow/example_dags/example_trigger_target_dag.py for tasks to queue
[2025-05-06T07:38:26.230+0000] {logging_mixin.py:149} INFO - [2025-05-06T07:38:26.230+0000] {dagbag.py:541} INFO - Filling up the DagBag from /home/airflow/.local/lib/python3.7/site-packages/airflow/example_dags/example_trigger_target_dag.py
[2025-05-06T07:38:26.237+0000] {processor.py:836} INFO - DAG(s) dict_keys(['example_trigger_target_dag']) retrieved from /home/airflow/.local/lib/python3.7/site-packages/airflow/example_dags/example_trigger_target_dag.py
[2025-05-06T07:38:26.268+0000] {logging_mixin.py:149} INFO - [2025-05-06T07:38:26.268+0000] {dag.py:2726} INFO - Sync 1 DAGs
[2025-05-06T07:38:26.301+0000] {logging_mixin.py:149} INFO - [2025-05-06T07:38:26.301+0000] {dag.py:3490} INFO - Setting next_dagrun for example_trigger_target_dag to None, run_after=None
[2025-05-06T07:38:26.329+0000] {processor.py:179} INFO - Processing /home/airflow/.local/lib/python3.7/site-packages/airflow/example_dags/example_trigger_target_dag.py took 0.105 seconds
[2025-05-06T07:38:56.352+0000] {processor.py:157} INFO - Started process (PID=632) to work on /home/airflow/.local/lib/python3.7/site-packages/airflow/example_dags/example_trigger_target_dag.py
[2025-05-06T07:38:56.352+0000] {processor.py:826} INFO - Processing file /home/airflow/.local/lib/python3.7/site-packages/airflow/example_dags/example_trigger_target_dag.py for tasks to queue
[2025-05-06T07:38:56.353+0000] {logging_mixin.py:149} INFO - [2025-05-06T07:38:56.353+0000] {dagbag.py:541} INFO - Filling up the DagBag from /home/airflow/.local/lib/python3.7/site-packages/airflow/example_dags/example_trigger_target_dag.py
[2025-05-06T07:38:56.357+0000] {processor.py:836} INFO - DAG(s) dict_keys(['example_trigger_target_dag']) retrieved from /home/airflow/.local/lib/python3.7/site-packages/airflow/example_dags/example_trigger_target_dag.py
[2025-05-06T07:38:56.377+0000] {logging_mixin.py:149} INFO - [2025-05-06T07:38:56.377+0000] {dag.py:2726} INFO - Sync 1 DAGs
[2025-05-06T07:38:56.397+0000] {logging_mixin.py:149} INFO - [2025-05-06T07:38:56.397+0000] {dag.py:3490} INFO - Setting next_dagrun for example_trigger_target_dag to None, run_after=None
[2025-05-06T07:38:56.416+0000] {processor.py:179} INFO - Processing /home/airflow/.local/lib/python3.7/site-packages/airflow/example_dags/example_trigger_target_dag.py took 0.067 seconds
[2025-05-06T07:39:27.168+0000] {processor.py:157} INFO - Started process (PID=709) to work on /home/airflow/.local/lib/python3.7/site-packages/airflow/example_dags/example_trigger_target_dag.py
[2025-05-06T07:39:27.169+0000] {processor.py:826} INFO - Processing file /home/airflow/.local/lib/python3.7/site-packages/airflow/example_dags/example_trigger_target_dag.py for tasks to queue
[2025-05-06T07:39:27.169+0000] {logging_mixin.py:149} INFO - [2025-05-06T07:39:27.169+0000] {dagbag.py:541} INFO - Filling up the DagBag from /home/airflow/.local/lib/python3.7/site-packages/airflow/example_dags/example_trigger_target_dag.py
[2025-05-06T07:39:27.174+0000] {processor.py:836} INFO - DAG(s) dict_keys(['example_trigger_target_dag']) retrieved from /home/airflow/.local/lib/python3.7/site-packages/airflow/example_dags/example_trigger_target_dag.py
[2025-05-06T07:39:27.195+0000] {logging_mixin.py:149} INFO - [2025-05-06T07:39:27.195+0000] {dag.py:2726} INFO - Sync 1 DAGs
[2025-05-06T07:39:27.215+0000] {logging_mixin.py:149} INFO - [2025-05-06T07:39:27.215+0000] {dag.py:3490} INFO - Setting next_dagrun for example_trigger_target_dag to None, run_after=None
[2025-05-06T07:39:27.231+0000] {processor.py:179} INFO - Processing /home/airflow/.local/lib/python3.7/site-packages/airflow/example_dags/example_trigger_target_dag.py took 0.066 seconds
[2025-05-06T07:39:57.680+0000] {processor.py:157} INFO - Started process (PID=786) to work on /home/airflow/.local/lib/python3.7/site-packages/airflow/example_dags/example_trigger_target_dag.py
[2025-05-06T07:39:57.681+0000] {processor.py:826} INFO - Processing file /home/airflow/.local/lib/python3.7/site-packages/airflow/example_dags/example_trigger_target_dag.py for tasks to queue
[2025-05-06T07:39:57.682+0000] {logging_mixin.py:149} INFO - [2025-05-06T07:39:57.682+0000] {dagbag.py:541} INFO - Filling up the DagBag from /home/airflow/.local/lib/python3.7/site-packages/airflow/example_dags/example_trigger_target_dag.py
[2025-05-06T07:39:57.687+0000] {processor.py:836} INFO - DAG(s) dict_keys(['example_trigger_target_dag']) retrieved from /home/airflow/.local/lib/python3.7/site-packages/airflow/example_dags/example_trigger_target_dag.py
[2025-05-06T07:39:57.707+0000] {logging_mixin.py:149} INFO - [2025-05-06T07:39:57.707+0000] {dag.py:2726} INFO - Sync 1 DAGs
[2025-05-06T07:39:57.726+0000] {logging_mixin.py:149} INFO - [2025-05-06T07:39:57.726+0000] {dag.py:3490} INFO - Setting next_dagrun for example_trigger_target_dag to None, run_after=None
[2025-05-06T07:39:57.743+0000] {processor.py:179} INFO - Processing /home/airflow/.local/lib/python3.7/site-packages/airflow/example_dags/example_trigger_target_dag.py took 0.065 seconds
[2025-05-06T07:40:28.268+0000] {processor.py:157} INFO - Started process (PID=863) to work on /home/airflow/.local/lib/python3.7/site-packages/airflow/example_dags/example_trigger_target_dag.py
[2025-05-06T07:40:28.269+0000] {processor.py:826} INFO - Processing file /home/airflow/.local/lib/python3.7/site-packages/airflow/example_dags/example_trigger_target_dag.py for tasks to queue
[2025-05-06T07:40:28.270+0000] {logging_mixin.py:149} INFO - [2025-05-06T07:40:28.270+0000] {dagbag.py:541} INFO - Filling up the DagBag from /home/airflow/.local/lib/python3.7/site-packages/airflow/example_dags/example_trigger_target_dag.py
[2025-05-06T07:40:28.274+0000] {processor.py:836} INFO - DAG(s) dict_keys(['example_trigger_target_dag']) retrieved from /home/airflow/.local/lib/python3.7/site-packages/airflow/example_dags/example_trigger_target_dag.py
[2025-05-06T07:40:28.296+0000] {logging_mixin.py:149} INFO - [2025-05-06T07:40:28.296+0000] {dag.py:2726} INFO - Sync 1 DAGs
[2025-05-06T07:40:28.317+0000] {logging_mixin.py:149} INFO - [2025-05-06T07:40:28.317+0000] {dag.py:3490} INFO - Setting next_dagrun for example_trigger_target_dag to None, run_after=None
[2025-05-06T07:40:28.334+0000] {processor.py:179} INFO - Processing /home/airflow/.local/lib/python3.7/site-packages/airflow/example_dags/example_trigger_target_dag.py took 0.069 seconds
[2025-05-06T07:40:58.688+0000] {processor.py:157} INFO - Started process (PID=940) to work on /home/airflow/.local/lib/python3.7/site-packages/airflow/example_dags/example_trigger_target_dag.py
[2025-05-06T07:40:58.689+0000] {processor.py:826} INFO - Processing file /home/airflow/.local/lib/python3.7/site-packages/airflow/example_dags/example_trigger_target_dag.py for tasks to queue
[2025-05-06T07:40:58.690+0000] {logging_mixin.py:149} INFO - [2025-05-06T07:40:58.689+0000] {dagbag.py:541} INFO - Filling up the DagBag from /home/airflow/.local/lib/python3.7/site-packages/airflow/example_dags/example_trigger_target_dag.py
[2025-05-06T07:40:58.694+0000] {processor.py:836} INFO - DAG(s) dict_keys(['example_trigger_target_dag']) retrieved from /home/airflow/.local/lib/python3.7/site-packages/airflow/example_dags/example_trigger_target_dag.py
[2025-05-06T07:40:58.715+0000] {logging_mixin.py:149} INFO - [2025-05-06T07:40:58.715+0000] {dag.py:2726} INFO - Sync 1 DAGs
[2025-05-06T07:40:58.735+0000] {logging_mixin.py:149} INFO - [2025-05-06T07:40:58.735+0000] {dag.py:3490} INFO - Setting next_dagrun for example_trigger_target_dag to None, run_after=None
[2025-05-06T07:40:58.750+0000] {processor.py:179} INFO - Processing /home/airflow/.local/lib/python3.7/site-packages/airflow/example_dags/example_trigger_target_dag.py took 0.065 seconds
[2025-05-06T07:41:29.255+0000] {processor.py:157} INFO - Started process (PID=1017) to work on /home/airflow/.local/lib/python3.7/site-packages/airflow/example_dags/example_trigger_target_dag.py
[2025-05-06T07:41:29.256+0000] {processor.py:826} INFO - Processing file /home/airflow/.local/lib/python3.7/site-packages/airflow/example_dags/example_trigger_target_dag.py for tasks to queue
[2025-05-06T07:41:29.257+0000] {logging_mixin.py:149} INFO - [2025-05-06T07:41:29.257+0000] {dagbag.py:541} INFO - Filling up the DagBag from /home/airflow/.local/lib/python3.7/site-packages/airflow/example_dags/example_trigger_target_dag.py
[2025-05-06T07:41:29.261+0000] {processor.py:836} INFO - DAG(s) dict_keys(['example_trigger_target_dag']) retrieved from /home/airflow/.local/lib/python3.7/site-packages/airflow/example_dags/example_trigger_target_dag.py
[2025-05-06T07:41:29.284+0000] {logging_mixin.py:149} INFO - [2025-05-06T07:41:29.283+0000] {dag.py:2726} INFO - Sync 1 DAGs
[2025-05-06T07:41:29.304+0000] {logging_mixin.py:149} INFO - [2025-05-06T07:41:29.304+0000] {dag.py:3490} INFO - Setting next_dagrun for example_trigger_target_dag to None, run_after=None
[2025-05-06T07:41:29.321+0000] {processor.py:179} INFO - Processing /home/airflow/.local/lib/python3.7/site-packages/airflow/example_dags/example_trigger_target_dag.py took 0.069 seconds
[2025-05-06T07:41:59.797+0000] {processor.py:157} INFO - Started process (PID=1094) to work on /home/airflow/.local/lib/python3.7/site-packages/airflow/example_dags/example_trigger_target_dag.py
[2025-05-06T07:41:59.798+0000] {processor.py:826} INFO - Processing file /home/airflow/.local/lib/python3.7/site-packages/airflow/example_dags/example_trigger_target_dag.py for tasks to queue
[2025-05-06T07:41:59.798+0000] {logging_mixin.py:149} INFO - [2025-05-06T07:41:59.798+0000] {dagbag.py:541} INFO - Filling up the DagBag from /home/airflow/.local/lib/python3.7/site-packages/airflow/example_dags/example_trigger_target_dag.py
[2025-05-06T07:41:59.803+0000] {processor.py:836} INFO - DAG(s) dict_keys(['example_trigger_target_dag']) retrieved from /home/airflow/.local/lib/python3.7/site-packages/airflow/example_dags/example_trigger_target_dag.py
[2025-05-06T07:41:59.828+0000] {logging_mixin.py:149} INFO - [2025-05-06T07:41:59.828+0000] {dag.py:2726} INFO - Sync 1 DAGs
[2025-05-06T07:41:59.850+0000] {logging_mixin.py:149} INFO - [2025-05-06T07:41:59.850+0000] {dag.py:3490} INFO - Setting next_dagrun for example_trigger_target_dag to None, run_after=None
[2025-05-06T07:41:59.866+0000] {processor.py:179} INFO - Processing /home/airflow/.local/lib/python3.7/site-packages/airflow/example_dags/example_trigger_target_dag.py took 0.072 seconds
[2025-05-06T07:42:31.193+0000] {processor.py:157} INFO - Started process (PID=1171) to work on /home/airflow/.local/lib/python3.7/site-packages/airflow/example_dags/example_trigger_target_dag.py
[2025-05-06T07:42:31.195+0000] {processor.py:826} INFO - Processing file /home/airflow/.local/lib/python3.7/site-packages/airflow/example_dags/example_trigger_target_dag.py for tasks to queue
[2025-05-06T07:42:31.195+0000] {logging_mixin.py:149} INFO - [2025-05-06T07:42:31.195+0000] {dagbag.py:541} INFO - Filling up the DagBag from /home/airflow/.local/lib/python3.7/site-packages/airflow/example_dags/example_trigger_target_dag.py
[2025-05-06T07:42:31.201+0000] {processor.py:836} INFO - DAG(s) dict_keys(['example_trigger_target_dag']) retrieved from /home/airflow/.local/lib/python3.7/site-packages/airflow/example_dags/example_trigger_target_dag.py
[2025-05-06T07:42:31.227+0000] {logging_mixin.py:149} INFO - [2025-05-06T07:42:31.227+0000] {dag.py:2726} INFO - Sync 1 DAGs
[2025-05-06T07:42:31.254+0000] {logging_mixin.py:149} INFO - [2025-05-06T07:42:31.254+0000] {dag.py:3490} INFO - Setting next_dagrun for example_trigger_target_dag to None, run_after=None
[2025-05-06T07:42:31.278+0000] {processor.py:179} INFO - Processing /home/airflow/.local/lib/python3.7/site-packages/airflow/example_dags/example_trigger_target_dag.py took 0.088 seconds
[2025-05-06T07:43:01.793+0000] {processor.py:157} INFO - Started process (PID=1248) to work on /home/airflow/.local/lib/python3.7/site-packages/airflow/example_dags/example_trigger_target_dag.py
[2025-05-06T07:43:01.794+0000] {processor.py:826} INFO - Processing file /home/airflow/.local/lib/python3.7/site-packages/airflow/example_dags/example_trigger_target_dag.py for tasks to queue
[2025-05-06T07:43:01.795+0000] {logging_mixin.py:149} INFO - [2025-05-06T07:43:01.795+0000] {dagbag.py:541} INFO - Filling up the DagBag from /home/airflow/.local/lib/python3.7/site-packages/airflow/example_dags/example_trigger_target_dag.py
[2025-05-06T07:43:01.799+0000] {processor.py:836} INFO - DAG(s) dict_keys(['example_trigger_target_dag']) retrieved from /home/airflow/.local/lib/python3.7/site-packages/airflow/example_dags/example_trigger_target_dag.py
[2025-05-06T07:43:01.822+0000] {logging_mixin.py:149} INFO - [2025-05-06T07:43:01.821+0000] {dag.py:2726} INFO - Sync 1 DAGs
[2025-05-06T07:43:01.842+0000] {logging_mixin.py:149} INFO - [2025-05-06T07:43:01.842+0000] {dag.py:3490} INFO - Setting next_dagrun for example_trigger_target_dag to None, run_after=None
[2025-05-06T07:43:01.860+0000] {processor.py:179} INFO - Processing /home/airflow/.local/lib/python3.7/site-packages/airflow/example_dags/example_trigger_target_dag.py took 0.069 seconds
[2025-05-06T07:43:32.351+0000] {processor.py:157} INFO - Started process (PID=1325) to work on /home/airflow/.local/lib/python3.7/site-packages/airflow/example_dags/example_trigger_target_dag.py
[2025-05-06T07:43:32.352+0000] {processor.py:826} INFO - Processing file /home/airflow/.local/lib/python3.7/site-packages/airflow/example_dags/example_trigger_target_dag.py for tasks to queue
[2025-05-06T07:43:32.352+0000] {logging_mixin.py:149} INFO - [2025-05-06T07:43:32.352+0000] {dagbag.py:541} INFO - Filling up the DagBag from /home/airflow/.local/lib/python3.7/site-packages/airflow/example_dags/example_trigger_target_dag.py
[2025-05-06T07:43:32.358+0000] {processor.py:836} INFO - DAG(s) dict_keys(['example_trigger_target_dag']) retrieved from /home/airflow/.local/lib/python3.7/site-packages/airflow/example_dags/example_trigger_target_dag.py
[2025-05-06T07:43:32.384+0000] {logging_mixin.py:149} INFO - [2025-05-06T07:43:32.384+0000] {dag.py:2726} INFO - Sync 1 DAGs
[2025-05-06T07:43:32.411+0000] {logging_mixin.py:149} INFO - [2025-05-06T07:43:32.411+0000] {dag.py:3490} INFO - Setting next_dagrun for example_trigger_target_dag to None, run_after=None
[2025-05-06T07:43:32.440+0000] {processor.py:179} INFO - Processing /home/airflow/.local/lib/python3.7/site-packages/airflow/example_dags/example_trigger_target_dag.py took 0.092 seconds
[2025-05-06T07:44:03.809+0000] {processor.py:157} INFO - Started process (PID=1402) to work on /home/airflow/.local/lib/python3.7/site-packages/airflow/example_dags/example_trigger_target_dag.py
[2025-05-06T07:44:03.810+0000] {processor.py:826} INFO - Processing file /home/airflow/.local/lib/python3.7/site-packages/airflow/example_dags/example_trigger_target_dag.py for tasks to queue
[2025-05-06T07:44:03.811+0000] {logging_mixin.py:149} INFO - [2025-05-06T07:44:03.811+0000] {dagbag.py:541} INFO - Filling up the DagBag from /home/airflow/.local/lib/python3.7/site-packages/airflow/example_dags/example_trigger_target_dag.py
[2025-05-06T07:44:03.818+0000] {processor.py:836} INFO - DAG(s) dict_keys(['example_trigger_target_dag']) retrieved from /home/airflow/.local/lib/python3.7/site-packages/airflow/example_dags/example_trigger_target_dag.py
[2025-05-06T07:44:03.848+0000] {logging_mixin.py:149} INFO - [2025-05-06T07:44:03.848+0000] {dag.py:2726} INFO - Sync 1 DAGs
[2025-05-06T07:44:03.878+0000] {logging_mixin.py:149} INFO - [2025-05-06T07:44:03.878+0000] {dag.py:3490} INFO - Setting next_dagrun for example_trigger_target_dag to None, run_after=None
[2025-05-06T07:44:03.904+0000] {processor.py:179} INFO - Processing /home/airflow/.local/lib/python3.7/site-packages/airflow/example_dags/example_trigger_target_dag.py took 0.099 seconds
[2025-05-06T07:44:34.660+0000] {processor.py:157} INFO - Started process (PID=1479) to work on /home/airflow/.local/lib/python3.7/site-packages/airflow/example_dags/example_trigger_target_dag.py
[2025-05-06T07:44:34.661+0000] {processor.py:826} INFO - Processing file /home/airflow/.local/lib/python3.7/site-packages/airflow/example_dags/example_trigger_target_dag.py for tasks to queue
[2025-05-06T07:44:34.662+0000] {logging_mixin.py:149} INFO - [2025-05-06T07:44:34.662+0000] {dagbag.py:541} INFO - Filling up the DagBag from /home/airflow/.local/lib/python3.7/site-packages/airflow/example_dags/example_trigger_target_dag.py
[2025-05-06T07:44:34.668+0000] {processor.py:836} INFO - DAG(s) dict_keys(['example_trigger_target_dag']) retrieved from /home/airflow/.local/lib/python3.7/site-packages/airflow/example_dags/example_trigger_target_dag.py
[2025-05-06T07:44:34.694+0000] {logging_mixin.py:149} INFO - [2025-05-06T07:44:34.694+0000] {dag.py:2726} INFO - Sync 1 DAGs
[2025-05-06T07:44:34.719+0000] {logging_mixin.py:149} INFO - [2025-05-06T07:44:34.719+0000] {dag.py:3490} INFO - Setting next_dagrun for example_trigger_target_dag to None, run_after=None
[2025-05-06T07:44:34.741+0000] {processor.py:179} INFO - Processing /home/airflow/.local/lib/python3.7/site-packages/airflow/example_dags/example_trigger_target_dag.py took 0.084 seconds
[2025-05-06T07:45:04.907+0000] {processor.py:157} INFO - Started process (PID=1556) to work on /home/airflow/.local/lib/python3.7/site-packages/airflow/example_dags/example_trigger_target_dag.py
[2025-05-06T07:45:04.908+0000] {processor.py:826} INFO - Processing file /home/airflow/.local/lib/python3.7/site-packages/airflow/example_dags/example_trigger_target_dag.py for tasks to queue
[2025-05-06T07:45:04.908+0000] {logging_mixin.py:149} INFO - [2025-05-06T07:45:04.908+0000] {dagbag.py:541} INFO - Filling up the DagBag from /home/airflow/.local/lib/python3.7/site-packages/airflow/example_dags/example_trigger_target_dag.py
[2025-05-06T07:45:04.913+0000] {processor.py:836} INFO - DAG(s) dict_keys(['example_trigger_target_dag']) retrieved from /home/airflow/.local/lib/python3.7/site-packages/airflow/example_dags/example_trigger_target_dag.py
[2025-05-06T07:45:04.934+0000] {logging_mixin.py:149} INFO - [2025-05-06T07:45:04.933+0000] {dag.py:2726} INFO - Sync 1 DAGs
[2025-05-06T07:45:04.954+0000] {logging_mixin.py:149} INFO - [2025-05-06T07:45:04.954+0000] {dag.py:3490} INFO - Setting next_dagrun for example_trigger_target_dag to None, run_after=None
[2025-05-06T07:45:04.976+0000] {processor.py:179} INFO - Processing /home/airflow/.local/lib/python3.7/site-packages/airflow/example_dags/example_trigger_target_dag.py took 0.072 seconds
[2025-05-06T07:45:35.574+0000] {processor.py:157} INFO - Started process (PID=1633) to work on /home/airflow/.local/lib/python3.7/site-packages/airflow/example_dags/example_trigger_target_dag.py
[2025-05-06T07:45:35.574+0000] {processor.py:826} INFO - Processing file /home/airflow/.local/lib/python3.7/site-packages/airflow/example_dags/example_trigger_target_dag.py for tasks to queue
[2025-05-06T07:45:35.575+0000] {logging_mixin.py:149} INFO - [2025-05-06T07:45:35.575+0000] {dagbag.py:541} INFO - Filling up the DagBag from /home/airflow/.local/lib/python3.7/site-packages/airflow/example_dags/example_trigger_target_dag.py
[2025-05-06T07:45:35.580+0000] {processor.py:836} INFO - DAG(s) dict_keys(['example_trigger_target_dag']) retrieved from /home/airflow/.local/lib/python3.7/site-packages/airflow/example_dags/example_trigger_target_dag.py
[2025-05-06T07:45:35.600+0000] {logging_mixin.py:149} INFO - [2025-05-06T07:45:35.600+0000] {dag.py:2726} INFO - Sync 1 DAGs
[2025-05-06T07:45:35.619+0000] {logging_mixin.py:149} INFO - [2025-05-06T07:45:35.619+0000] {dag.py:3490} INFO - Setting next_dagrun for example_trigger_target_dag to None, run_after=None
[2025-05-06T07:45:35.636+0000] {processor.py:179} INFO - Processing /home/airflow/.local/lib/python3.7/site-packages/airflow/example_dags/example_trigger_target_dag.py took 0.066 seconds
[2025-05-06T07:46:06.078+0000] {processor.py:157} INFO - Started process (PID=1711) to work on /home/airflow/.local/lib/python3.7/site-packages/airflow/example_dags/example_trigger_target_dag.py
[2025-05-06T07:46:06.080+0000] {processor.py:826} INFO - Processing file /home/airflow/.local/lib/python3.7/site-packages/airflow/example_dags/example_trigger_target_dag.py for tasks to queue
[2025-05-06T07:46:06.080+0000] {logging_mixin.py:149} INFO - [2025-05-06T07:46:06.080+0000] {dagbag.py:541} INFO - Filling up the DagBag from /home/airflow/.local/lib/python3.7/site-packages/airflow/example_dags/example_trigger_target_dag.py
[2025-05-06T07:46:06.085+0000] {processor.py:836} INFO - DAG(s) dict_keys(['example_trigger_target_dag']) retrieved from /home/airflow/.local/lib/python3.7/site-packages/airflow/example_dags/example_trigger_target_dag.py
[2025-05-06T07:46:06.106+0000] {logging_mixin.py:149} INFO - [2025-05-06T07:46:06.106+0000] {dag.py:2726} INFO - Sync 1 DAGs
[2025-05-06T07:46:06.127+0000] {logging_mixin.py:149} INFO - [2025-05-06T07:46:06.127+0000] {dag.py:3490} INFO - Setting next_dagrun for example_trigger_target_dag to None, run_after=None
[2025-05-06T07:46:06.143+0000] {processor.py:179} INFO - Processing /home/airflow/.local/lib/python3.7/site-packages/airflow/example_dags/example_trigger_target_dag.py took 0.068 seconds
[2025-05-06T07:46:36.801+0000] {processor.py:157} INFO - Started process (PID=1788) to work on /home/airflow/.local/lib/python3.7/site-packages/airflow/example_dags/example_trigger_target_dag.py
[2025-05-06T07:46:36.802+0000] {processor.py:826} INFO - Processing file /home/airflow/.local/lib/python3.7/site-packages/airflow/example_dags/example_trigger_target_dag.py for tasks to queue
[2025-05-06T07:46:36.803+0000] {logging_mixin.py:149} INFO - [2025-05-06T07:46:36.803+0000] {dagbag.py:541} INFO - Filling up the DagBag from /home/airflow/.local/lib/python3.7/site-packages/airflow/example_dags/example_trigger_target_dag.py
[2025-05-06T07:46:36.807+0000] {processor.py:836} INFO - DAG(s) dict_keys(['example_trigger_target_dag']) retrieved from /home/airflow/.local/lib/python3.7/site-packages/airflow/example_dags/example_trigger_target_dag.py
[2025-05-06T07:46:36.828+0000] {logging_mixin.py:149} INFO - [2025-05-06T07:46:36.828+0000] {dag.py:2726} INFO - Sync 1 DAGs
[2025-05-06T07:46:36.848+0000] {logging_mixin.py:149} INFO - [2025-05-06T07:46:36.848+0000] {dag.py:3490} INFO - Setting next_dagrun for example_trigger_target_dag to None, run_after=None
[2025-05-06T07:46:36.866+0000] {processor.py:179} INFO - Processing /home/airflow/.local/lib/python3.7/site-packages/airflow/example_dags/example_trigger_target_dag.py took 0.068 seconds
[2025-05-06T07:47:07.562+0000] {processor.py:157} INFO - Started process (PID=1865) to work on /home/airflow/.local/lib/python3.7/site-packages/airflow/example_dags/example_trigger_target_dag.py
[2025-05-06T07:47:07.564+0000] {processor.py:826} INFO - Processing file /home/airflow/.local/lib/python3.7/site-packages/airflow/example_dags/example_trigger_target_dag.py for tasks to queue
[2025-05-06T07:47:07.564+0000] {logging_mixin.py:149} INFO - [2025-05-06T07:47:07.564+0000] {dagbag.py:541} INFO - Filling up the DagBag from /home/airflow/.local/lib/python3.7/site-packages/airflow/example_dags/example_trigger_target_dag.py
[2025-05-06T07:47:07.570+0000] {processor.py:836} INFO - DAG(s) dict_keys(['example_trigger_target_dag']) retrieved from /home/airflow/.local/lib/python3.7/site-packages/airflow/example_dags/example_trigger_target_dag.py
[2025-05-06T07:47:07.596+0000] {logging_mixin.py:149} INFO - [2025-05-06T07:47:07.596+0000] {dag.py:2726} INFO - Sync 1 DAGs
[2025-05-06T07:47:07.623+0000] {logging_mixin.py:149} INFO - [2025-05-06T07:47:07.623+0000] {dag.py:3490} INFO - Setting next_dagrun for example_trigger_target_dag to None, run_after=None
[2025-05-06T07:47:07.645+0000] {processor.py:179} INFO - Processing /home/airflow/.local/lib/python3.7/site-packages/airflow/example_dags/example_trigger_target_dag.py took 0.086 seconds
[2025-05-06T07:47:38.605+0000] {processor.py:157} INFO - Started process (PID=1942) to work on /home/airflow/.local/lib/python3.7/site-packages/airflow/example_dags/example_trigger_target_dag.py
[2025-05-06T07:47:38.605+0000] {processor.py:826} INFO - Processing file /home/airflow/.local/lib/python3.7/site-packages/airflow/example_dags/example_trigger_target_dag.py for tasks to queue
[2025-05-06T07:47:38.606+0000] {logging_mixin.py:149} INFO - [2025-05-06T07:47:38.606+0000] {dagbag.py:541} INFO - Filling up the DagBag from /home/airflow/.local/lib/python3.7/site-packages/airflow/example_dags/example_trigger_target_dag.py
[2025-05-06T07:47:38.612+0000] {processor.py:836} INFO - DAG(s) dict_keys(['example_trigger_target_dag']) retrieved from /home/airflow/.local/lib/python3.7/site-packages/airflow/example_dags/example_trigger_target_dag.py
[2025-05-06T07:47:38.639+0000] {logging_mixin.py:149} INFO - [2025-05-06T07:47:38.638+0000] {dag.py:2726} INFO - Sync 1 DAGs
[2025-05-06T07:47:38.664+0000] {logging_mixin.py:149} INFO - [2025-05-06T07:47:38.663+0000] {dag.py:3490} INFO - Setting next_dagrun for example_trigger_target_dag to None, run_after=None
[2025-05-06T07:47:38.684+0000] {processor.py:179} INFO - Processing /home/airflow/.local/lib/python3.7/site-packages/airflow/example_dags/example_trigger_target_dag.py took 0.083 seconds
[2025-05-06T07:48:09.406+0000] {processor.py:157} INFO - Started process (PID=2019) to work on /home/airflow/.local/lib/python3.7/site-packages/airflow/example_dags/example_trigger_target_dag.py
[2025-05-06T07:48:09.407+0000] {processor.py:826} INFO - Processing file /home/airflow/.local/lib/python3.7/site-packages/airflow/example_dags/example_trigger_target_dag.py for tasks to queue
[2025-05-06T07:48:09.408+0000] {logging_mixin.py:149} INFO - [2025-05-06T07:48:09.408+0000] {dagbag.py:541} INFO - Filling up the DagBag from /home/airflow/.local/lib/python3.7/site-packages/airflow/example_dags/example_trigger_target_dag.py
[2025-05-06T07:48:09.412+0000] {processor.py:836} INFO - DAG(s) dict_keys(['example_trigger_target_dag']) retrieved from /home/airflow/.local/lib/python3.7/site-packages/airflow/example_dags/example_trigger_target_dag.py
[2025-05-06T07:48:09.432+0000] {logging_mixin.py:149} INFO - [2025-05-06T07:48:09.432+0000] {dag.py:2726} INFO - Sync 1 DAGs
[2025-05-06T07:48:09.452+0000] {logging_mixin.py:149} INFO - [2025-05-06T07:48:09.452+0000] {dag.py:3490} INFO - Setting next_dagrun for example_trigger_target_dag to None, run_after=None
[2025-05-06T07:48:09.468+0000] {processor.py:179} INFO - Processing /home/airflow/.local/lib/python3.7/site-packages/airflow/example_dags/example_trigger_target_dag.py took 0.064 seconds
[2025-05-06T07:48:40.155+0000] {processor.py:157} INFO - Started process (PID=2096) to work on /home/airflow/.local/lib/python3.7/site-packages/airflow/example_dags/example_trigger_target_dag.py
[2025-05-06T07:48:40.157+0000] {processor.py:826} INFO - Processing file /home/airflow/.local/lib/python3.7/site-packages/airflow/example_dags/example_trigger_target_dag.py for tasks to queue
[2025-05-06T07:48:40.157+0000] {logging_mixin.py:149} INFO - [2025-05-06T07:48:40.157+0000] {dagbag.py:541} INFO - Filling up the DagBag from /home/airflow/.local/lib/python3.7/site-packages/airflow/example_dags/example_trigger_target_dag.py
[2025-05-06T07:48:40.162+0000] {processor.py:836} INFO - DAG(s) dict_keys(['example_trigger_target_dag']) retrieved from /home/airflow/.local/lib/python3.7/site-packages/airflow/example_dags/example_trigger_target_dag.py
[2025-05-06T07:48:40.187+0000] {logging_mixin.py:149} INFO - [2025-05-06T07:48:40.186+0000] {dag.py:2726} INFO - Sync 1 DAGs
[2025-05-06T07:48:40.209+0000] {logging_mixin.py:149} INFO - [2025-05-06T07:48:40.209+0000] {dag.py:3490} INFO - Setting next_dagrun for example_trigger_target_dag to None, run_after=None
[2025-05-06T07:48:40.228+0000] {processor.py:179} INFO - Processing /home/airflow/.local/lib/python3.7/site-packages/airflow/example_dags/example_trigger_target_dag.py took 0.075 seconds
[2025-05-06T07:49:11.419+0000] {processor.py:157} INFO - Started process (PID=2173) to work on /home/airflow/.local/lib/python3.7/site-packages/airflow/example_dags/example_trigger_target_dag.py
[2025-05-06T07:49:11.420+0000] {processor.py:826} INFO - Processing file /home/airflow/.local/lib/python3.7/site-packages/airflow/example_dags/example_trigger_target_dag.py for tasks to queue
[2025-05-06T07:49:11.421+0000] {logging_mixin.py:149} INFO - [2025-05-06T07:49:11.421+0000] {dagbag.py:541} INFO - Filling up the DagBag from /home/airflow/.local/lib/python3.7/site-packages/airflow/example_dags/example_trigger_target_dag.py
[2025-05-06T07:49:11.426+0000] {processor.py:836} INFO - DAG(s) dict_keys(['example_trigger_target_dag']) retrieved from /home/airflow/.local/lib/python3.7/site-packages/airflow/example_dags/example_trigger_target_dag.py
[2025-05-06T07:49:11.451+0000] {logging_mixin.py:149} INFO - [2025-05-06T07:49:11.450+0000] {dag.py:2726} INFO - Sync 1 DAGs
[2025-05-06T07:49:11.473+0000] {logging_mixin.py:149} INFO - [2025-05-06T07:49:11.473+0000] {dag.py:3490} INFO - Setting next_dagrun for example_trigger_target_dag to None, run_after=None
[2025-05-06T07:49:11.491+0000] {processor.py:179} INFO - Processing /home/airflow/.local/lib/python3.7/site-packages/airflow/example_dags/example_trigger_target_dag.py took 0.075 seconds
[2025-05-06T07:49:42.442+0000] {processor.py:157} INFO - Started process (PID=2250) to work on /home/airflow/.local/lib/python3.7/site-packages/airflow/example_dags/example_trigger_target_dag.py
[2025-05-06T07:49:42.443+0000] {processor.py:826} INFO - Processing file /home/airflow/.local/lib/python3.7/site-packages/airflow/example_dags/example_trigger_target_dag.py for tasks to queue
[2025-05-06T07:49:42.443+0000] {logging_mixin.py:149} INFO - [2025-05-06T07:49:42.443+0000] {dagbag.py:541} INFO - Filling up the DagBag from /home/airflow/.local/lib/python3.7/site-packages/airflow/example_dags/example_trigger_target_dag.py
[2025-05-06T07:49:42.448+0000] {processor.py:836} INFO - DAG(s) dict_keys(['example_trigger_target_dag']) retrieved from /home/airflow/.local/lib/python3.7/site-packages/airflow/example_dags/example_trigger_target_dag.py
[2025-05-06T07:49:42.471+0000] {logging_mixin.py:149} INFO - [2025-05-06T07:49:42.471+0000] {dag.py:2726} INFO - Sync 1 DAGs
[2025-05-06T07:49:42.503+0000] {logging_mixin.py:149} INFO - [2025-05-06T07:49:42.503+0000] {dag.py:3490} INFO - Setting next_dagrun for example_trigger_target_dag to None, run_after=None
[2025-05-06T07:49:42.527+0000] {processor.py:179} INFO - Processing /home/airflow/.local/lib/python3.7/site-packages/airflow/example_dags/example_trigger_target_dag.py took 0.088 seconds
[2025-05-06T07:50:13.187+0000] {processor.py:157} INFO - Started process (PID=2327) to work on /home/airflow/.local/lib/python3.7/site-packages/airflow/example_dags/example_trigger_target_dag.py
[2025-05-06T07:50:13.188+0000] {processor.py:826} INFO - Processing file /home/airflow/.local/lib/python3.7/site-packages/airflow/example_dags/example_trigger_target_dag.py for tasks to queue
[2025-05-06T07:50:13.189+0000] {logging_mixin.py:149} INFO - [2025-05-06T07:50:13.189+0000] {dagbag.py:541} INFO - Filling up the DagBag from /home/airflow/.local/lib/python3.7/site-packages/airflow/example_dags/example_trigger_target_dag.py
[2025-05-06T07:50:13.194+0000] {processor.py:836} INFO - DAG(s) dict_keys(['example_trigger_target_dag']) retrieved from /home/airflow/.local/lib/python3.7/site-packages/airflow/example_dags/example_trigger_target_dag.py
[2025-05-06T07:50:13.214+0000] {logging_mixin.py:149} INFO - [2025-05-06T07:50:13.214+0000] {dag.py:2726} INFO - Sync 1 DAGs
[2025-05-06T07:50:13.235+0000] {logging_mixin.py:149} INFO - [2025-05-06T07:50:13.235+0000] {dag.py:3490} INFO - Setting next_dagrun for example_trigger_target_dag to None, run_after=None
[2025-05-06T07:50:13.252+0000] {processor.py:179} INFO - Processing /home/airflow/.local/lib/python3.7/site-packages/airflow/example_dags/example_trigger_target_dag.py took 0.067 seconds
[2025-05-06T07:50:43.991+0000] {processor.py:157} INFO - Started process (PID=2404) to work on /home/airflow/.local/lib/python3.7/site-packages/airflow/example_dags/example_trigger_target_dag.py
[2025-05-06T07:50:43.992+0000] {processor.py:826} INFO - Processing file /home/airflow/.local/lib/python3.7/site-packages/airflow/example_dags/example_trigger_target_dag.py for tasks to queue
[2025-05-06T07:50:43.993+0000] {logging_mixin.py:149} INFO - [2025-05-06T07:50:43.992+0000] {dagbag.py:541} INFO - Filling up the DagBag from /home/airflow/.local/lib/python3.7/site-packages/airflow/example_dags/example_trigger_target_dag.py
[2025-05-06T07:50:43.997+0000] {processor.py:836} INFO - DAG(s) dict_keys(['example_trigger_target_dag']) retrieved from /home/airflow/.local/lib/python3.7/site-packages/airflow/example_dags/example_trigger_target_dag.py
[2025-05-06T07:50:44.019+0000] {logging_mixin.py:149} INFO - [2025-05-06T07:50:44.018+0000] {dag.py:2726} INFO - Sync 1 DAGs
[2025-05-06T07:50:44.042+0000] {logging_mixin.py:149} INFO - [2025-05-06T07:50:44.042+0000] {dag.py:3490} INFO - Setting next_dagrun for example_trigger_target_dag to None, run_after=None
[2025-05-06T07:50:44.061+0000] {processor.py:179} INFO - Processing /home/airflow/.local/lib/python3.7/site-packages/airflow/example_dags/example_trigger_target_dag.py took 0.074 seconds
[2025-05-06T07:51:14.540+0000] {processor.py:157} INFO - Started process (PID=2481) to work on /home/airflow/.local/lib/python3.7/site-packages/airflow/example_dags/example_trigger_target_dag.py
[2025-05-06T07:51:14.541+0000] {processor.py:826} INFO - Processing file /home/airflow/.local/lib/python3.7/site-packages/airflow/example_dags/example_trigger_target_dag.py for tasks to queue
[2025-05-06T07:51:14.541+0000] {logging_mixin.py:149} INFO - [2025-05-06T07:51:14.541+0000] {dagbag.py:541} INFO - Filling up the DagBag from /home/airflow/.local/lib/python3.7/site-packages/airflow/example_dags/example_trigger_target_dag.py
[2025-05-06T07:51:14.546+0000] {processor.py:836} INFO - DAG(s) dict_keys(['example_trigger_target_dag']) retrieved from /home/airflow/.local/lib/python3.7/site-packages/airflow/example_dags/example_trigger_target_dag.py
[2025-05-06T07:51:14.567+0000] {logging_mixin.py:149} INFO - [2025-05-06T07:51:14.566+0000] {dag.py:2726} INFO - Sync 1 DAGs
[2025-05-06T07:51:14.587+0000] {logging_mixin.py:149} INFO - [2025-05-06T07:51:14.587+0000] {dag.py:3490} INFO - Setting next_dagrun for example_trigger_target_dag to None, run_after=None
[2025-05-06T07:51:14.604+0000] {processor.py:179} INFO - Processing /home/airflow/.local/lib/python3.7/site-packages/airflow/example_dags/example_trigger_target_dag.py took 0.067 seconds
[2025-05-06T07:51:45.080+0000] {processor.py:157} INFO - Started process (PID=2558) to work on /home/airflow/.local/lib/python3.7/site-packages/airflow/example_dags/example_trigger_target_dag.py
[2025-05-06T07:51:45.081+0000] {processor.py:826} INFO - Processing file /home/airflow/.local/lib/python3.7/site-packages/airflow/example_dags/example_trigger_target_dag.py for tasks to queue
[2025-05-06T07:51:45.081+0000] {logging_mixin.py:149} INFO - [2025-05-06T07:51:45.081+0000] {dagbag.py:541} INFO - Filling up the DagBag from /home/airflow/.local/lib/python3.7/site-packages/airflow/example_dags/example_trigger_target_dag.py
[2025-05-06T07:51:45.086+0000] {processor.py:836} INFO - DAG(s) dict_keys(['example_trigger_target_dag']) retrieved from /home/airflow/.local/lib/python3.7/site-packages/airflow/example_dags/example_trigger_target_dag.py
[2025-05-06T07:51:45.108+0000] {logging_mixin.py:149} INFO - [2025-05-06T07:51:45.108+0000] {dag.py:2726} INFO - Sync 1 DAGs
[2025-05-06T07:51:45.129+0000] {logging_mixin.py:149} INFO - [2025-05-06T07:51:45.129+0000] {dag.py:3490} INFO - Setting next_dagrun for example_trigger_target_dag to None, run_after=None
[2025-05-06T07:51:45.147+0000] {processor.py:179} INFO - Processing /home/airflow/.local/lib/python3.7/site-packages/airflow/example_dags/example_trigger_target_dag.py took 0.070 seconds
