[2025-05-06T07:35:18.165+0000] {processor.py:157} INFO - Started process (PID=61) to work on /home/airflow/.local/lib/python3.7/site-packages/airflow/example_dags/example_branch_operator.py
[2025-05-06T07:35:18.166+0000] {processor.py:826} INFO - Processing file /home/airflow/.local/lib/python3.7/site-packages/airflow/example_dags/example_branch_operator.py for tasks to queue
[2025-05-06T07:35:18.167+0000] {logging_mixin.py:149} INFO - [2025-05-06T07:35:18.167+0000] {dagbag.py:541} INFO - Filling up the DagBag from /home/airflow/.local/lib/python3.7/site-packages/airflow/example_dags/example_branch_operator.py
[2025-05-06T07:35:18.189+0000] {processor.py:836} INFO - DAG(s) dict_keys(['example_branch_operator']) retrieved from /home/airflow/.local/lib/python3.7/site-packages/airflow/example_dags/example_branch_operator.py
[2025-05-06T07:35:18.208+0000] {logging_mixin.py:149} INFO - [2025-05-06T07:35:18.208+0000] {dag.py:2726} INFO - Sync 1 DAGs
[2025-05-06T07:35:18.265+0000] {logging_mixin.py:149} INFO - [2025-05-06T07:35:18.264+0000] {dag.py:3490} INFO - Setting next_dagrun for example_branch_operator to 2025-05-05T00:00:00+00:00, run_after=2025-05-06T00:00:00+00:00
[2025-05-06T07:35:18.287+0000] {processor.py:179} INFO - Processing /home/airflow/.local/lib/python3.7/site-packages/airflow/example_dags/example_branch_operator.py took 0.127 seconds
[2025-05-06T07:35:49.178+0000] {processor.py:157} INFO - Started process (PID=134) to work on /home/airflow/.local/lib/python3.7/site-packages/airflow/example_dags/example_branch_operator.py
[2025-05-06T07:35:49.179+0000] {processor.py:826} INFO - Processing file /home/airflow/.local/lib/python3.7/site-packages/airflow/example_dags/example_branch_operator.py for tasks to queue
[2025-05-06T07:35:49.180+0000] {logging_mixin.py:149} INFO - [2025-05-06T07:35:49.180+0000] {dagbag.py:541} INFO - Filling up the DagBag from /home/airflow/.local/lib/python3.7/site-packages/airflow/example_dags/example_branch_operator.py
[2025-05-06T07:35:49.192+0000] {processor.py:836} INFO - DAG(s) dict_keys(['example_branch_operator']) retrieved from /home/airflow/.local/lib/python3.7/site-packages/airflow/example_dags/example_branch_operator.py
[2025-05-06T07:35:49.269+0000] {logging_mixin.py:149} INFO - [2025-05-06T07:35:49.269+0000] {dag.py:2726} INFO - Sync 1 DAGs
[2025-05-06T07:35:49.327+0000] {logging_mixin.py:149} INFO - [2025-05-06T07:35:49.326+0000] {dag.py:3490} INFO - Setting next_dagrun for example_branch_operator to 2025-05-05T00:00:00+00:00, run_after=2025-05-06T00:00:00+00:00
[2025-05-06T07:35:49.368+0000] {processor.py:179} INFO - Processing /home/airflow/.local/lib/python3.7/site-packages/airflow/example_dags/example_branch_operator.py took 0.192 seconds
[2025-05-06T07:36:19.835+0000] {processor.py:157} INFO - Started process (PID=211) to work on /home/airflow/.local/lib/python3.7/site-packages/airflow/example_dags/example_branch_operator.py
[2025-05-06T07:36:19.837+0000] {processor.py:826} INFO - Processing file /home/airflow/.local/lib/python3.7/site-packages/airflow/example_dags/example_branch_operator.py for tasks to queue
[2025-05-06T07:36:19.840+0000] {logging_mixin.py:149} INFO - [2025-05-06T07:36:19.839+0000] {dagbag.py:541} INFO - Filling up the DagBag from /home/airflow/.local/lib/python3.7/site-packages/airflow/example_dags/example_branch_operator.py
[2025-05-06T07:36:19.857+0000] {processor.py:836} INFO - DAG(s) dict_keys(['example_branch_operator']) retrieved from /home/airflow/.local/lib/python3.7/site-packages/airflow/example_dags/example_branch_operator.py
[2025-05-06T07:36:19.958+0000] {logging_mixin.py:149} INFO - [2025-05-06T07:36:19.958+0000] {dag.py:2726} INFO - Sync 1 DAGs
[2025-05-06T07:36:19.999+0000] {logging_mixin.py:149} INFO - [2025-05-06T07:36:19.998+0000] {dag.py:3490} INFO - Setting next_dagrun for example_branch_operator to 2025-05-05T00:00:00+00:00, run_after=2025-05-06T00:00:00+00:00
[2025-05-06T07:36:20.024+0000] {processor.py:179} INFO - Processing /home/airflow/.local/lib/python3.7/site-packages/airflow/example_dags/example_branch_operator.py took 0.194 seconds
[2025-05-06T07:36:50.897+0000] {processor.py:157} INFO - Started process (PID=288) to work on /home/airflow/.local/lib/python3.7/site-packages/airflow/example_dags/example_branch_operator.py
[2025-05-06T07:36:50.899+0000] {processor.py:826} INFO - Processing file /home/airflow/.local/lib/python3.7/site-packages/airflow/example_dags/example_branch_operator.py for tasks to queue
[2025-05-06T07:36:50.900+0000] {logging_mixin.py:149} INFO - [2025-05-06T07:36:50.900+0000] {dagbag.py:541} INFO - Filling up the DagBag from /home/airflow/.local/lib/python3.7/site-packages/airflow/example_dags/example_branch_operator.py
[2025-05-06T07:36:50.920+0000] {processor.py:836} INFO - DAG(s) dict_keys(['example_branch_operator']) retrieved from /home/airflow/.local/lib/python3.7/site-packages/airflow/example_dags/example_branch_operator.py
[2025-05-06T07:36:51.036+0000] {logging_mixin.py:149} INFO - [2025-05-06T07:36:51.036+0000] {dag.py:2726} INFO - Sync 1 DAGs
[2025-05-06T07:36:51.118+0000] {logging_mixin.py:149} INFO - [2025-05-06T07:36:51.117+0000] {dag.py:3490} INFO - Setting next_dagrun for example_branch_operator to 2025-05-05T00:00:00+00:00, run_after=2025-05-06T00:00:00+00:00
[2025-05-06T07:36:51.170+0000] {processor.py:179} INFO - Processing /home/airflow/.local/lib/python3.7/site-packages/airflow/example_dags/example_branch_operator.py took 0.279 seconds
[2025-05-06T07:37:22.107+0000] {processor.py:157} INFO - Started process (PID=365) to work on /home/airflow/.local/lib/python3.7/site-packages/airflow/example_dags/example_branch_operator.py
[2025-05-06T07:37:22.109+0000] {processor.py:826} INFO - Processing file /home/airflow/.local/lib/python3.7/site-packages/airflow/example_dags/example_branch_operator.py for tasks to queue
[2025-05-06T07:37:22.110+0000] {logging_mixin.py:149} INFO - [2025-05-06T07:37:22.110+0000] {dagbag.py:541} INFO - Filling up the DagBag from /home/airflow/.local/lib/python3.7/site-packages/airflow/example_dags/example_branch_operator.py
[2025-05-06T07:37:22.132+0000] {processor.py:836} INFO - DAG(s) dict_keys(['example_branch_operator']) retrieved from /home/airflow/.local/lib/python3.7/site-packages/airflow/example_dags/example_branch_operator.py
[2025-05-06T07:37:22.196+0000] {logging_mixin.py:149} INFO - [2025-05-06T07:37:22.195+0000] {dag.py:2726} INFO - Sync 1 DAGs
[2025-05-06T07:37:22.260+0000] {logging_mixin.py:149} INFO - [2025-05-06T07:37:22.260+0000] {dag.py:3490} INFO - Setting next_dagrun for example_branch_operator to 2025-05-05T00:00:00+00:00, run_after=2025-05-06T00:00:00+00:00
[2025-05-06T07:37:22.298+0000] {processor.py:179} INFO - Processing /home/airflow/.local/lib/python3.7/site-packages/airflow/example_dags/example_branch_operator.py took 0.196 seconds
[2025-05-06T07:37:52.965+0000] {processor.py:157} INFO - Started process (PID=442) to work on /home/airflow/.local/lib/python3.7/site-packages/airflow/example_dags/example_branch_operator.py
[2025-05-06T07:37:52.966+0000] {processor.py:826} INFO - Processing file /home/airflow/.local/lib/python3.7/site-packages/airflow/example_dags/example_branch_operator.py for tasks to queue
[2025-05-06T07:37:52.967+0000] {logging_mixin.py:149} INFO - [2025-05-06T07:37:52.966+0000] {dagbag.py:541} INFO - Filling up the DagBag from /home/airflow/.local/lib/python3.7/site-packages/airflow/example_dags/example_branch_operator.py
[2025-05-06T07:37:52.978+0000] {processor.py:836} INFO - DAG(s) dict_keys(['example_branch_operator']) retrieved from /home/airflow/.local/lib/python3.7/site-packages/airflow/example_dags/example_branch_operator.py
[2025-05-06T07:37:53.027+0000] {logging_mixin.py:149} INFO - [2025-05-06T07:37:53.026+0000] {dag.py:2726} INFO - Sync 1 DAGs
[2025-05-06T07:37:53.080+0000] {logging_mixin.py:149} INFO - [2025-05-06T07:37:53.080+0000] {dag.py:3490} INFO - Setting next_dagrun for example_branch_operator to 2025-05-05T00:00:00+00:00, run_after=2025-05-06T00:00:00+00:00
[2025-05-06T07:37:53.100+0000] {processor.py:179} INFO - Processing /home/airflow/.local/lib/python3.7/site-packages/airflow/example_dags/example_branch_operator.py took 0.138 seconds
[2025-05-06T07:38:23.893+0000] {processor.py:157} INFO - Started process (PID=519) to work on /home/airflow/.local/lib/python3.7/site-packages/airflow/example_dags/example_branch_operator.py
[2025-05-06T07:38:23.894+0000] {processor.py:826} INFO - Processing file /home/airflow/.local/lib/python3.7/site-packages/airflow/example_dags/example_branch_operator.py for tasks to queue
[2025-05-06T07:38:23.894+0000] {logging_mixin.py:149} INFO - [2025-05-06T07:38:23.894+0000] {dagbag.py:541} INFO - Filling up the DagBag from /home/airflow/.local/lib/python3.7/site-packages/airflow/example_dags/example_branch_operator.py
[2025-05-06T07:38:23.907+0000] {processor.py:836} INFO - DAG(s) dict_keys(['example_branch_operator']) retrieved from /home/airflow/.local/lib/python3.7/site-packages/airflow/example_dags/example_branch_operator.py
[2025-05-06T07:38:23.962+0000] {logging_mixin.py:149} INFO - [2025-05-06T07:38:23.962+0000] {dag.py:2726} INFO - Sync 1 DAGs
[2025-05-06T07:38:24.016+0000] {logging_mixin.py:149} INFO - [2025-05-06T07:38:24.016+0000] {dag.py:3490} INFO - Setting next_dagrun for example_branch_operator to 2025-05-05T00:00:00+00:00, run_after=2025-05-06T00:00:00+00:00
[2025-05-06T07:38:24.047+0000] {processor.py:179} INFO - Processing /home/airflow/.local/lib/python3.7/site-packages/airflow/example_dags/example_branch_operator.py took 0.157 seconds
[2025-05-06T07:38:54.450+0000] {processor.py:157} INFO - Started process (PID=595) to work on /home/airflow/.local/lib/python3.7/site-packages/airflow/example_dags/example_branch_operator.py
[2025-05-06T07:38:54.450+0000] {processor.py:826} INFO - Processing file /home/airflow/.local/lib/python3.7/site-packages/airflow/example_dags/example_branch_operator.py for tasks to queue
[2025-05-06T07:38:54.451+0000] {logging_mixin.py:149} INFO - [2025-05-06T07:38:54.451+0000] {dagbag.py:541} INFO - Filling up the DagBag from /home/airflow/.local/lib/python3.7/site-packages/airflow/example_dags/example_branch_operator.py
[2025-05-06T07:38:54.459+0000] {processor.py:836} INFO - DAG(s) dict_keys(['example_branch_operator']) retrieved from /home/airflow/.local/lib/python3.7/site-packages/airflow/example_dags/example_branch_operator.py
[2025-05-06T07:38:54.484+0000] {logging_mixin.py:149} INFO - [2025-05-06T07:38:54.484+0000] {dag.py:2726} INFO - Sync 1 DAGs
[2025-05-06T07:38:54.507+0000] {logging_mixin.py:149} INFO - [2025-05-06T07:38:54.507+0000] {dag.py:3490} INFO - Setting next_dagrun for example_branch_operator to 2025-05-05T00:00:00+00:00, run_after=2025-05-06T00:00:00+00:00
[2025-05-06T07:38:54.524+0000] {processor.py:179} INFO - Processing /home/airflow/.local/lib/python3.7/site-packages/airflow/example_dags/example_branch_operator.py took 0.078 seconds
[2025-05-06T07:39:24.602+0000] {processor.py:157} INFO - Started process (PID=672) to work on /home/airflow/.local/lib/python3.7/site-packages/airflow/example_dags/example_branch_operator.py
[2025-05-06T07:39:24.604+0000] {processor.py:826} INFO - Processing file /home/airflow/.local/lib/python3.7/site-packages/airflow/example_dags/example_branch_operator.py for tasks to queue
[2025-05-06T07:39:24.604+0000] {logging_mixin.py:149} INFO - [2025-05-06T07:39:24.604+0000] {dagbag.py:541} INFO - Filling up the DagBag from /home/airflow/.local/lib/python3.7/site-packages/airflow/example_dags/example_branch_operator.py
[2025-05-06T07:39:24.613+0000] {processor.py:836} INFO - DAG(s) dict_keys(['example_branch_operator']) retrieved from /home/airflow/.local/lib/python3.7/site-packages/airflow/example_dags/example_branch_operator.py
[2025-05-06T07:39:24.635+0000] {logging_mixin.py:149} INFO - [2025-05-06T07:39:24.635+0000] {dag.py:2726} INFO - Sync 1 DAGs
[2025-05-06T07:39:24.656+0000] {logging_mixin.py:149} INFO - [2025-05-06T07:39:24.656+0000] {dag.py:3490} INFO - Setting next_dagrun for example_branch_operator to 2025-05-05T00:00:00+00:00, run_after=2025-05-06T00:00:00+00:00
[2025-05-06T07:39:24.672+0000] {processor.py:179} INFO - Processing /home/airflow/.local/lib/python3.7/site-packages/airflow/example_dags/example_branch_operator.py took 0.074 seconds
[2025-05-06T07:39:55.191+0000] {processor.py:157} INFO - Started process (PID=749) to work on /home/airflow/.local/lib/python3.7/site-packages/airflow/example_dags/example_branch_operator.py
[2025-05-06T07:39:55.193+0000] {processor.py:826} INFO - Processing file /home/airflow/.local/lib/python3.7/site-packages/airflow/example_dags/example_branch_operator.py for tasks to queue
[2025-05-06T07:39:55.194+0000] {logging_mixin.py:149} INFO - [2025-05-06T07:39:55.194+0000] {dagbag.py:541} INFO - Filling up the DagBag from /home/airflow/.local/lib/python3.7/site-packages/airflow/example_dags/example_branch_operator.py
[2025-05-06T07:39:55.206+0000] {processor.py:836} INFO - DAG(s) dict_keys(['example_branch_operator']) retrieved from /home/airflow/.local/lib/python3.7/site-packages/airflow/example_dags/example_branch_operator.py
[2025-05-06T07:39:55.229+0000] {logging_mixin.py:149} INFO - [2025-05-06T07:39:55.229+0000] {dag.py:2726} INFO - Sync 1 DAGs
[2025-05-06T07:39:55.250+0000] {logging_mixin.py:149} INFO - [2025-05-06T07:39:55.250+0000] {dag.py:3490} INFO - Setting next_dagrun for example_branch_operator to 2025-05-05T00:00:00+00:00, run_after=2025-05-06T00:00:00+00:00
[2025-05-06T07:39:55.267+0000] {processor.py:179} INFO - Processing /home/airflow/.local/lib/python3.7/site-packages/airflow/example_dags/example_branch_operator.py took 0.080 seconds
[2025-05-06T07:40:25.823+0000] {processor.py:157} INFO - Started process (PID=826) to work on /home/airflow/.local/lib/python3.7/site-packages/airflow/example_dags/example_branch_operator.py
[2025-05-06T07:40:25.824+0000] {processor.py:826} INFO - Processing file /home/airflow/.local/lib/python3.7/site-packages/airflow/example_dags/example_branch_operator.py for tasks to queue
[2025-05-06T07:40:25.825+0000] {logging_mixin.py:149} INFO - [2025-05-06T07:40:25.825+0000] {dagbag.py:541} INFO - Filling up the DagBag from /home/airflow/.local/lib/python3.7/site-packages/airflow/example_dags/example_branch_operator.py
[2025-05-06T07:40:25.833+0000] {processor.py:836} INFO - DAG(s) dict_keys(['example_branch_operator']) retrieved from /home/airflow/.local/lib/python3.7/site-packages/airflow/example_dags/example_branch_operator.py
[2025-05-06T07:40:25.855+0000] {logging_mixin.py:149} INFO - [2025-05-06T07:40:25.854+0000] {dag.py:2726} INFO - Sync 1 DAGs
[2025-05-06T07:40:25.874+0000] {logging_mixin.py:149} INFO - [2025-05-06T07:40:25.874+0000] {dag.py:3490} INFO - Setting next_dagrun for example_branch_operator to 2025-05-05T00:00:00+00:00, run_after=2025-05-06T00:00:00+00:00
[2025-05-06T07:40:25.892+0000] {processor.py:179} INFO - Processing /home/airflow/.local/lib/python3.7/site-packages/airflow/example_dags/example_branch_operator.py took 0.073 seconds
[2025-05-06T07:40:56.274+0000] {processor.py:157} INFO - Started process (PID=903) to work on /home/airflow/.local/lib/python3.7/site-packages/airflow/example_dags/example_branch_operator.py
[2025-05-06T07:40:56.276+0000] {processor.py:826} INFO - Processing file /home/airflow/.local/lib/python3.7/site-packages/airflow/example_dags/example_branch_operator.py for tasks to queue
[2025-05-06T07:40:56.277+0000] {logging_mixin.py:149} INFO - [2025-05-06T07:40:56.276+0000] {dagbag.py:541} INFO - Filling up the DagBag from /home/airflow/.local/lib/python3.7/site-packages/airflow/example_dags/example_branch_operator.py
[2025-05-06T07:40:56.286+0000] {processor.py:836} INFO - DAG(s) dict_keys(['example_branch_operator']) retrieved from /home/airflow/.local/lib/python3.7/site-packages/airflow/example_dags/example_branch_operator.py
[2025-05-06T07:40:56.309+0000] {logging_mixin.py:149} INFO - [2025-05-06T07:40:56.309+0000] {dag.py:2726} INFO - Sync 1 DAGs
[2025-05-06T07:40:56.330+0000] {logging_mixin.py:149} INFO - [2025-05-06T07:40:56.329+0000] {dag.py:3490} INFO - Setting next_dagrun for example_branch_operator to 2025-05-05T00:00:00+00:00, run_after=2025-05-06T00:00:00+00:00
[2025-05-06T07:40:56.346+0000] {processor.py:179} INFO - Processing /home/airflow/.local/lib/python3.7/site-packages/airflow/example_dags/example_branch_operator.py took 0.075 seconds
[2025-05-06T07:41:26.709+0000] {processor.py:157} INFO - Started process (PID=980) to work on /home/airflow/.local/lib/python3.7/site-packages/airflow/example_dags/example_branch_operator.py
[2025-05-06T07:41:26.711+0000] {processor.py:826} INFO - Processing file /home/airflow/.local/lib/python3.7/site-packages/airflow/example_dags/example_branch_operator.py for tasks to queue
[2025-05-06T07:41:26.711+0000] {logging_mixin.py:149} INFO - [2025-05-06T07:41:26.711+0000] {dagbag.py:541} INFO - Filling up the DagBag from /home/airflow/.local/lib/python3.7/site-packages/airflow/example_dags/example_branch_operator.py
[2025-05-06T07:41:26.719+0000] {processor.py:836} INFO - DAG(s) dict_keys(['example_branch_operator']) retrieved from /home/airflow/.local/lib/python3.7/site-packages/airflow/example_dags/example_branch_operator.py
[2025-05-06T07:41:26.742+0000] {logging_mixin.py:149} INFO - [2025-05-06T07:41:26.742+0000] {dag.py:2726} INFO - Sync 1 DAGs
[2025-05-06T07:41:26.763+0000] {logging_mixin.py:149} INFO - [2025-05-06T07:41:26.763+0000] {dag.py:3490} INFO - Setting next_dagrun for example_branch_operator to 2025-05-05T00:00:00+00:00, run_after=2025-05-06T00:00:00+00:00
[2025-05-06T07:41:26.780+0000] {processor.py:179} INFO - Processing /home/airflow/.local/lib/python3.7/site-packages/airflow/example_dags/example_branch_operator.py took 0.075 seconds
[2025-05-06T07:41:57.281+0000] {processor.py:157} INFO - Started process (PID=1057) to work on /home/airflow/.local/lib/python3.7/site-packages/airflow/example_dags/example_branch_operator.py
[2025-05-06T07:41:57.282+0000] {processor.py:826} INFO - Processing file /home/airflow/.local/lib/python3.7/site-packages/airflow/example_dags/example_branch_operator.py for tasks to queue
[2025-05-06T07:41:57.283+0000] {logging_mixin.py:149} INFO - [2025-05-06T07:41:57.283+0000] {dagbag.py:541} INFO - Filling up the DagBag from /home/airflow/.local/lib/python3.7/site-packages/airflow/example_dags/example_branch_operator.py
[2025-05-06T07:41:57.291+0000] {processor.py:836} INFO - DAG(s) dict_keys(['example_branch_operator']) retrieved from /home/airflow/.local/lib/python3.7/site-packages/airflow/example_dags/example_branch_operator.py
[2025-05-06T07:41:57.313+0000] {logging_mixin.py:149} INFO - [2025-05-06T07:41:57.313+0000] {dag.py:2726} INFO - Sync 1 DAGs
[2025-05-06T07:41:57.334+0000] {logging_mixin.py:149} INFO - [2025-05-06T07:41:57.334+0000] {dag.py:3490} INFO - Setting next_dagrun for example_branch_operator to 2025-05-05T00:00:00+00:00, run_after=2025-05-06T00:00:00+00:00
[2025-05-06T07:41:57.351+0000] {processor.py:179} INFO - Processing /home/airflow/.local/lib/python3.7/site-packages/airflow/example_dags/example_branch_operator.py took 0.074 seconds
[2025-05-06T07:42:28.017+0000] {processor.py:157} INFO - Started process (PID=1134) to work on /home/airflow/.local/lib/python3.7/site-packages/airflow/example_dags/example_branch_operator.py
[2025-05-06T07:42:28.018+0000] {processor.py:826} INFO - Processing file /home/airflow/.local/lib/python3.7/site-packages/airflow/example_dags/example_branch_operator.py for tasks to queue
[2025-05-06T07:42:28.019+0000] {logging_mixin.py:149} INFO - [2025-05-06T07:42:28.019+0000] {dagbag.py:541} INFO - Filling up the DagBag from /home/airflow/.local/lib/python3.7/site-packages/airflow/example_dags/example_branch_operator.py
[2025-05-06T07:42:28.032+0000] {processor.py:836} INFO - DAG(s) dict_keys(['example_branch_operator']) retrieved from /home/airflow/.local/lib/python3.7/site-packages/airflow/example_dags/example_branch_operator.py
[2025-05-06T07:42:28.070+0000] {logging_mixin.py:149} INFO - [2025-05-06T07:42:28.070+0000] {dag.py:2726} INFO - Sync 1 DAGs
[2025-05-06T07:42:28.110+0000] {logging_mixin.py:149} INFO - [2025-05-06T07:42:28.110+0000] {dag.py:3490} INFO - Setting next_dagrun for example_branch_operator to 2025-05-05T00:00:00+00:00, run_after=2025-05-06T00:00:00+00:00
[2025-05-06T07:42:28.138+0000] {processor.py:179} INFO - Processing /home/airflow/.local/lib/python3.7/site-packages/airflow/example_dags/example_branch_operator.py took 0.126 seconds
[2025-05-06T07:42:58.263+0000] {processor.py:157} INFO - Started process (PID=1211) to work on /home/airflow/.local/lib/python3.7/site-packages/airflow/example_dags/example_branch_operator.py
[2025-05-06T07:42:58.264+0000] {processor.py:826} INFO - Processing file /home/airflow/.local/lib/python3.7/site-packages/airflow/example_dags/example_branch_operator.py for tasks to queue
[2025-05-06T07:42:58.265+0000] {logging_mixin.py:149} INFO - [2025-05-06T07:42:58.265+0000] {dagbag.py:541} INFO - Filling up the DagBag from /home/airflow/.local/lib/python3.7/site-packages/airflow/example_dags/example_branch_operator.py
[2025-05-06T07:42:58.274+0000] {processor.py:836} INFO - DAG(s) dict_keys(['example_branch_operator']) retrieved from /home/airflow/.local/lib/python3.7/site-packages/airflow/example_dags/example_branch_operator.py
[2025-05-06T07:42:58.298+0000] {logging_mixin.py:149} INFO - [2025-05-06T07:42:58.298+0000] {dag.py:2726} INFO - Sync 1 DAGs
[2025-05-06T07:42:58.319+0000] {logging_mixin.py:149} INFO - [2025-05-06T07:42:58.319+0000] {dag.py:3490} INFO - Setting next_dagrun for example_branch_operator to 2025-05-05T00:00:00+00:00, run_after=2025-05-06T00:00:00+00:00
[2025-05-06T07:42:58.336+0000] {processor.py:179} INFO - Processing /home/airflow/.local/lib/python3.7/site-packages/airflow/example_dags/example_branch_operator.py took 0.076 seconds
[2025-05-06T07:43:28.807+0000] {processor.py:157} INFO - Started process (PID=1288) to work on /home/airflow/.local/lib/python3.7/site-packages/airflow/example_dags/example_branch_operator.py
[2025-05-06T07:43:28.809+0000] {processor.py:826} INFO - Processing file /home/airflow/.local/lib/python3.7/site-packages/airflow/example_dags/example_branch_operator.py for tasks to queue
[2025-05-06T07:43:28.809+0000] {logging_mixin.py:149} INFO - [2025-05-06T07:43:28.809+0000] {dagbag.py:541} INFO - Filling up the DagBag from /home/airflow/.local/lib/python3.7/site-packages/airflow/example_dags/example_branch_operator.py
[2025-05-06T07:43:28.817+0000] {processor.py:836} INFO - DAG(s) dict_keys(['example_branch_operator']) retrieved from /home/airflow/.local/lib/python3.7/site-packages/airflow/example_dags/example_branch_operator.py
[2025-05-06T07:43:28.840+0000] {logging_mixin.py:149} INFO - [2025-05-06T07:43:28.840+0000] {dag.py:2726} INFO - Sync 1 DAGs
[2025-05-06T07:43:28.861+0000] {logging_mixin.py:149} INFO - [2025-05-06T07:43:28.861+0000] {dag.py:3490} INFO - Setting next_dagrun for example_branch_operator to 2025-05-05T00:00:00+00:00, run_after=2025-05-06T00:00:00+00:00
[2025-05-06T07:43:28.878+0000] {processor.py:179} INFO - Processing /home/airflow/.local/lib/python3.7/site-packages/airflow/example_dags/example_branch_operator.py took 0.074 seconds
[2025-05-06T07:43:59.445+0000] {processor.py:157} INFO - Started process (PID=1365) to work on /home/airflow/.local/lib/python3.7/site-packages/airflow/example_dags/example_branch_operator.py
[2025-05-06T07:43:59.446+0000] {processor.py:826} INFO - Processing file /home/airflow/.local/lib/python3.7/site-packages/airflow/example_dags/example_branch_operator.py for tasks to queue
[2025-05-06T07:43:59.447+0000] {logging_mixin.py:149} INFO - [2025-05-06T07:43:59.447+0000] {dagbag.py:541} INFO - Filling up the DagBag from /home/airflow/.local/lib/python3.7/site-packages/airflow/example_dags/example_branch_operator.py
[2025-05-06T07:43:59.457+0000] {processor.py:836} INFO - DAG(s) dict_keys(['example_branch_operator']) retrieved from /home/airflow/.local/lib/python3.7/site-packages/airflow/example_dags/example_branch_operator.py
[2025-05-06T07:43:59.488+0000] {logging_mixin.py:149} INFO - [2025-05-06T07:43:59.488+0000] {dag.py:2726} INFO - Sync 1 DAGs
[2025-05-06T07:43:59.516+0000] {logging_mixin.py:149} INFO - [2025-05-06T07:43:59.516+0000] {dag.py:3490} INFO - Setting next_dagrun for example_branch_operator to 2025-05-05T00:00:00+00:00, run_after=2025-05-06T00:00:00+00:00
[2025-05-06T07:43:59.541+0000] {processor.py:179} INFO - Processing /home/airflow/.local/lib/python3.7/site-packages/airflow/example_dags/example_branch_operator.py took 0.101 seconds
[2025-05-06T07:44:30.062+0000] {processor.py:157} INFO - Started process (PID=1442) to work on /home/airflow/.local/lib/python3.7/site-packages/airflow/example_dags/example_branch_operator.py
[2025-05-06T07:44:30.064+0000] {processor.py:826} INFO - Processing file /home/airflow/.local/lib/python3.7/site-packages/airflow/example_dags/example_branch_operator.py for tasks to queue
[2025-05-06T07:44:30.065+0000] {logging_mixin.py:149} INFO - [2025-05-06T07:44:30.065+0000] {dagbag.py:541} INFO - Filling up the DagBag from /home/airflow/.local/lib/python3.7/site-packages/airflow/example_dags/example_branch_operator.py
[2025-05-06T07:44:30.079+0000] {processor.py:836} INFO - DAG(s) dict_keys(['example_branch_operator']) retrieved from /home/airflow/.local/lib/python3.7/site-packages/airflow/example_dags/example_branch_operator.py
[2025-05-06T07:44:30.126+0000] {logging_mixin.py:149} INFO - [2025-05-06T07:44:30.126+0000] {dag.py:2726} INFO - Sync 1 DAGs
[2025-05-06T07:44:30.180+0000] {logging_mixin.py:149} INFO - [2025-05-06T07:44:30.179+0000] {dag.py:3490} INFO - Setting next_dagrun for example_branch_operator to 2025-05-05T00:00:00+00:00, run_after=2025-05-06T00:00:00+00:00
[2025-05-06T07:44:30.218+0000] {processor.py:179} INFO - Processing /home/airflow/.local/lib/python3.7/site-packages/airflow/example_dags/example_branch_operator.py took 0.162 seconds
[2025-05-06T07:45:00.407+0000] {processor.py:157} INFO - Started process (PID=1519) to work on /home/airflow/.local/lib/python3.7/site-packages/airflow/example_dags/example_branch_operator.py
[2025-05-06T07:45:00.409+0000] {processor.py:826} INFO - Processing file /home/airflow/.local/lib/python3.7/site-packages/airflow/example_dags/example_branch_operator.py for tasks to queue
[2025-05-06T07:45:00.409+0000] {logging_mixin.py:149} INFO - [2025-05-06T07:45:00.409+0000] {dagbag.py:541} INFO - Filling up the DagBag from /home/airflow/.local/lib/python3.7/site-packages/airflow/example_dags/example_branch_operator.py
[2025-05-06T07:45:00.419+0000] {processor.py:836} INFO - DAG(s) dict_keys(['example_branch_operator']) retrieved from /home/airflow/.local/lib/python3.7/site-packages/airflow/example_dags/example_branch_operator.py
[2025-05-06T07:45:00.442+0000] {logging_mixin.py:149} INFO - [2025-05-06T07:45:00.442+0000] {dag.py:2726} INFO - Sync 1 DAGs
[2025-05-06T07:45:00.463+0000] {logging_mixin.py:149} INFO - [2025-05-06T07:45:00.463+0000] {dag.py:3490} INFO - Setting next_dagrun for example_branch_operator to 2025-05-05T00:00:00+00:00, run_after=2025-05-06T00:00:00+00:00
[2025-05-06T07:45:00.479+0000] {processor.py:179} INFO - Processing /home/airflow/.local/lib/python3.7/site-packages/airflow/example_dags/example_branch_operator.py took 0.077 seconds
[2025-05-06T07:45:30.933+0000] {processor.py:157} INFO - Started process (PID=1596) to work on /home/airflow/.local/lib/python3.7/site-packages/airflow/example_dags/example_branch_operator.py
[2025-05-06T07:45:30.935+0000] {processor.py:826} INFO - Processing file /home/airflow/.local/lib/python3.7/site-packages/airflow/example_dags/example_branch_operator.py for tasks to queue
[2025-05-06T07:45:30.935+0000] {logging_mixin.py:149} INFO - [2025-05-06T07:45:30.935+0000] {dagbag.py:541} INFO - Filling up the DagBag from /home/airflow/.local/lib/python3.7/site-packages/airflow/example_dags/example_branch_operator.py
[2025-05-06T07:45:30.944+0000] {processor.py:836} INFO - DAG(s) dict_keys(['example_branch_operator']) retrieved from /home/airflow/.local/lib/python3.7/site-packages/airflow/example_dags/example_branch_operator.py
[2025-05-06T07:45:30.968+0000] {logging_mixin.py:149} INFO - [2025-05-06T07:45:30.968+0000] {dag.py:2726} INFO - Sync 1 DAGs
[2025-05-06T07:45:30.989+0000] {logging_mixin.py:149} INFO - [2025-05-06T07:45:30.988+0000] {dag.py:3490} INFO - Setting next_dagrun for example_branch_operator to 2025-05-05T00:00:00+00:00, run_after=2025-05-06T00:00:00+00:00
[2025-05-06T07:45:31.006+0000] {processor.py:179} INFO - Processing /home/airflow/.local/lib/python3.7/site-packages/airflow/example_dags/example_branch_operator.py took 0.076 seconds
[2025-05-06T07:46:01.579+0000] {processor.py:157} INFO - Started process (PID=1674) to work on /home/airflow/.local/lib/python3.7/site-packages/airflow/example_dags/example_branch_operator.py
[2025-05-06T07:46:01.580+0000] {processor.py:826} INFO - Processing file /home/airflow/.local/lib/python3.7/site-packages/airflow/example_dags/example_branch_operator.py for tasks to queue
[2025-05-06T07:46:01.581+0000] {logging_mixin.py:149} INFO - [2025-05-06T07:46:01.581+0000] {dagbag.py:541} INFO - Filling up the DagBag from /home/airflow/.local/lib/python3.7/site-packages/airflow/example_dags/example_branch_operator.py
[2025-05-06T07:46:01.589+0000] {processor.py:836} INFO - DAG(s) dict_keys(['example_branch_operator']) retrieved from /home/airflow/.local/lib/python3.7/site-packages/airflow/example_dags/example_branch_operator.py
[2025-05-06T07:46:01.611+0000] {logging_mixin.py:149} INFO - [2025-05-06T07:46:01.611+0000] {dag.py:2726} INFO - Sync 1 DAGs
[2025-05-06T07:46:01.632+0000] {logging_mixin.py:149} INFO - [2025-05-06T07:46:01.632+0000] {dag.py:3490} INFO - Setting next_dagrun for example_branch_operator to 2025-05-05T00:00:00+00:00, run_after=2025-05-06T00:00:00+00:00
[2025-05-06T07:46:01.649+0000] {processor.py:179} INFO - Processing /home/airflow/.local/lib/python3.7/site-packages/airflow/example_dags/example_branch_operator.py took 0.074 seconds
[2025-05-06T07:46:32.121+0000] {processor.py:157} INFO - Started process (PID=1751) to work on /home/airflow/.local/lib/python3.7/site-packages/airflow/example_dags/example_branch_operator.py
[2025-05-06T07:46:32.122+0000] {processor.py:826} INFO - Processing file /home/airflow/.local/lib/python3.7/site-packages/airflow/example_dags/example_branch_operator.py for tasks to queue
[2025-05-06T07:46:32.123+0000] {logging_mixin.py:149} INFO - [2025-05-06T07:46:32.123+0000] {dagbag.py:541} INFO - Filling up the DagBag from /home/airflow/.local/lib/python3.7/site-packages/airflow/example_dags/example_branch_operator.py
[2025-05-06T07:46:32.132+0000] {processor.py:836} INFO - DAG(s) dict_keys(['example_branch_operator']) retrieved from /home/airflow/.local/lib/python3.7/site-packages/airflow/example_dags/example_branch_operator.py
[2025-05-06T07:46:32.160+0000] {logging_mixin.py:149} INFO - [2025-05-06T07:46:32.160+0000] {dag.py:2726} INFO - Sync 1 DAGs
[2025-05-06T07:46:32.185+0000] {logging_mixin.py:149} INFO - [2025-05-06T07:46:32.185+0000] {dag.py:3490} INFO - Setting next_dagrun for example_branch_operator to 2025-05-05T00:00:00+00:00, run_after=2025-05-06T00:00:00+00:00
[2025-05-06T07:46:32.210+0000] {processor.py:179} INFO - Processing /home/airflow/.local/lib/python3.7/site-packages/airflow/example_dags/example_branch_operator.py took 0.092 seconds
[2025-05-06T07:47:02.853+0000] {processor.py:157} INFO - Started process (PID=1828) to work on /home/airflow/.local/lib/python3.7/site-packages/airflow/example_dags/example_branch_operator.py
[2025-05-06T07:47:02.854+0000] {processor.py:826} INFO - Processing file /home/airflow/.local/lib/python3.7/site-packages/airflow/example_dags/example_branch_operator.py for tasks to queue
[2025-05-06T07:47:02.855+0000] {logging_mixin.py:149} INFO - [2025-05-06T07:47:02.855+0000] {dagbag.py:541} INFO - Filling up the DagBag from /home/airflow/.local/lib/python3.7/site-packages/airflow/example_dags/example_branch_operator.py
[2025-05-06T07:47:02.862+0000] {processor.py:836} INFO - DAG(s) dict_keys(['example_branch_operator']) retrieved from /home/airflow/.local/lib/python3.7/site-packages/airflow/example_dags/example_branch_operator.py
[2025-05-06T07:47:02.888+0000] {logging_mixin.py:149} INFO - [2025-05-06T07:47:02.887+0000] {dag.py:2726} INFO - Sync 1 DAGs
[2025-05-06T07:47:02.919+0000] {logging_mixin.py:149} INFO - [2025-05-06T07:47:02.918+0000] {dag.py:3490} INFO - Setting next_dagrun for example_branch_operator to 2025-05-05T00:00:00+00:00, run_after=2025-05-06T00:00:00+00:00
[2025-05-06T07:47:02.939+0000] {processor.py:179} INFO - Processing /home/airflow/.local/lib/python3.7/site-packages/airflow/example_dags/example_branch_operator.py took 0.089 seconds
[2025-05-06T07:47:33.016+0000] {processor.py:157} INFO - Started process (PID=1905) to work on /home/airflow/.local/lib/python3.7/site-packages/airflow/example_dags/example_branch_operator.py
[2025-05-06T07:47:33.016+0000] {processor.py:826} INFO - Processing file /home/airflow/.local/lib/python3.7/site-packages/airflow/example_dags/example_branch_operator.py for tasks to queue
[2025-05-06T07:47:33.017+0000] {logging_mixin.py:149} INFO - [2025-05-06T07:47:33.017+0000] {dagbag.py:541} INFO - Filling up the DagBag from /home/airflow/.local/lib/python3.7/site-packages/airflow/example_dags/example_branch_operator.py
[2025-05-06T07:47:33.026+0000] {processor.py:836} INFO - DAG(s) dict_keys(['example_branch_operator']) retrieved from /home/airflow/.local/lib/python3.7/site-packages/airflow/example_dags/example_branch_operator.py
[2025-05-06T07:47:33.051+0000] {logging_mixin.py:149} INFO - [2025-05-06T07:47:33.051+0000] {dag.py:2726} INFO - Sync 1 DAGs
[2025-05-06T07:47:33.074+0000] {logging_mixin.py:149} INFO - [2025-05-06T07:47:33.074+0000] {dag.py:3490} INFO - Setting next_dagrun for example_branch_operator to 2025-05-05T00:00:00+00:00, run_after=2025-05-06T00:00:00+00:00
[2025-05-06T07:47:33.090+0000] {processor.py:179} INFO - Processing /home/airflow/.local/lib/python3.7/site-packages/airflow/example_dags/example_branch_operator.py took 0.079 seconds
[2025-05-06T07:48:03.654+0000] {processor.py:157} INFO - Started process (PID=1982) to work on /home/airflow/.local/lib/python3.7/site-packages/airflow/example_dags/example_branch_operator.py
[2025-05-06T07:48:03.656+0000] {processor.py:826} INFO - Processing file /home/airflow/.local/lib/python3.7/site-packages/airflow/example_dags/example_branch_operator.py for tasks to queue
[2025-05-06T07:48:03.656+0000] {logging_mixin.py:149} INFO - [2025-05-06T07:48:03.656+0000] {dagbag.py:541} INFO - Filling up the DagBag from /home/airflow/.local/lib/python3.7/site-packages/airflow/example_dags/example_branch_operator.py
[2025-05-06T07:48:03.666+0000] {processor.py:836} INFO - DAG(s) dict_keys(['example_branch_operator']) retrieved from /home/airflow/.local/lib/python3.7/site-packages/airflow/example_dags/example_branch_operator.py
[2025-05-06T07:48:03.689+0000] {logging_mixin.py:149} INFO - [2025-05-06T07:48:03.689+0000] {dag.py:2726} INFO - Sync 1 DAGs
[2025-05-06T07:48:03.709+0000] {logging_mixin.py:149} INFO - [2025-05-06T07:48:03.709+0000] {dag.py:3490} INFO - Setting next_dagrun for example_branch_operator to 2025-05-05T00:00:00+00:00, run_after=2025-05-06T00:00:00+00:00
[2025-05-06T07:48:03.726+0000] {processor.py:179} INFO - Processing /home/airflow/.local/lib/python3.7/site-packages/airflow/example_dags/example_branch_operator.py took 0.076 seconds
[2025-05-06T07:48:34.363+0000] {processor.py:157} INFO - Started process (PID=2059) to work on /home/airflow/.local/lib/python3.7/site-packages/airflow/example_dags/example_branch_operator.py
[2025-05-06T07:48:34.365+0000] {processor.py:826} INFO - Processing file /home/airflow/.local/lib/python3.7/site-packages/airflow/example_dags/example_branch_operator.py for tasks to queue
[2025-05-06T07:48:34.366+0000] {logging_mixin.py:149} INFO - [2025-05-06T07:48:34.366+0000] {dagbag.py:541} INFO - Filling up the DagBag from /home/airflow/.local/lib/python3.7/site-packages/airflow/example_dags/example_branch_operator.py
[2025-05-06T07:48:34.373+0000] {processor.py:836} INFO - DAG(s) dict_keys(['example_branch_operator']) retrieved from /home/airflow/.local/lib/python3.7/site-packages/airflow/example_dags/example_branch_operator.py
[2025-05-06T07:48:34.397+0000] {logging_mixin.py:149} INFO - [2025-05-06T07:48:34.397+0000] {dag.py:2726} INFO - Sync 1 DAGs
[2025-05-06T07:48:34.419+0000] {logging_mixin.py:149} INFO - [2025-05-06T07:48:34.418+0000] {dag.py:3490} INFO - Setting next_dagrun for example_branch_operator to 2025-05-05T00:00:00+00:00, run_after=2025-05-06T00:00:00+00:00
[2025-05-06T07:48:34.437+0000] {processor.py:179} INFO - Processing /home/airflow/.local/lib/python3.7/site-packages/airflow/example_dags/example_branch_operator.py took 0.076 seconds
[2025-05-06T07:49:04.617+0000] {processor.py:157} INFO - Started process (PID=2136) to work on /home/airflow/.local/lib/python3.7/site-packages/airflow/example_dags/example_branch_operator.py
[2025-05-06T07:49:04.618+0000] {processor.py:826} INFO - Processing file /home/airflow/.local/lib/python3.7/site-packages/airflow/example_dags/example_branch_operator.py for tasks to queue
[2025-05-06T07:49:04.619+0000] {logging_mixin.py:149} INFO - [2025-05-06T07:49:04.619+0000] {dagbag.py:541} INFO - Filling up the DagBag from /home/airflow/.local/lib/python3.7/site-packages/airflow/example_dags/example_branch_operator.py
[2025-05-06T07:49:04.628+0000] {processor.py:836} INFO - DAG(s) dict_keys(['example_branch_operator']) retrieved from /home/airflow/.local/lib/python3.7/site-packages/airflow/example_dags/example_branch_operator.py
[2025-05-06T07:49:04.657+0000] {logging_mixin.py:149} INFO - [2025-05-06T07:49:04.657+0000] {dag.py:2726} INFO - Sync 1 DAGs
[2025-05-06T07:49:04.678+0000] {logging_mixin.py:149} INFO - [2025-05-06T07:49:04.678+0000] {dag.py:3490} INFO - Setting next_dagrun for example_branch_operator to 2025-05-05T00:00:00+00:00, run_after=2025-05-06T00:00:00+00:00
[2025-05-06T07:49:04.697+0000] {processor.py:179} INFO - Processing /home/airflow/.local/lib/python3.7/site-packages/airflow/example_dags/example_branch_operator.py took 0.084 seconds
[2025-05-06T07:49:34.815+0000] {processor.py:157} INFO - Started process (PID=2213) to work on /home/airflow/.local/lib/python3.7/site-packages/airflow/example_dags/example_branch_operator.py
[2025-05-06T07:49:34.816+0000] {processor.py:826} INFO - Processing file /home/airflow/.local/lib/python3.7/site-packages/airflow/example_dags/example_branch_operator.py for tasks to queue
[2025-05-06T07:49:34.817+0000] {logging_mixin.py:149} INFO - [2025-05-06T07:49:34.817+0000] {dagbag.py:541} INFO - Filling up the DagBag from /home/airflow/.local/lib/python3.7/site-packages/airflow/example_dags/example_branch_operator.py
[2025-05-06T07:49:34.826+0000] {processor.py:836} INFO - DAG(s) dict_keys(['example_branch_operator']) retrieved from /home/airflow/.local/lib/python3.7/site-packages/airflow/example_dags/example_branch_operator.py
[2025-05-06T07:49:34.849+0000] {logging_mixin.py:149} INFO - [2025-05-06T07:49:34.849+0000] {dag.py:2726} INFO - Sync 1 DAGs
[2025-05-06T07:49:34.870+0000] {logging_mixin.py:149} INFO - [2025-05-06T07:49:34.869+0000] {dag.py:3490} INFO - Setting next_dagrun for example_branch_operator to 2025-05-05T00:00:00+00:00, run_after=2025-05-06T00:00:00+00:00
[2025-05-06T07:49:34.887+0000] {processor.py:179} INFO - Processing /home/airflow/.local/lib/python3.7/site-packages/airflow/example_dags/example_branch_operator.py took 0.076 seconds
[2025-05-06T07:50:05.526+0000] {processor.py:157} INFO - Started process (PID=2290) to work on /home/airflow/.local/lib/python3.7/site-packages/airflow/example_dags/example_branch_operator.py
[2025-05-06T07:50:05.528+0000] {processor.py:826} INFO - Processing file /home/airflow/.local/lib/python3.7/site-packages/airflow/example_dags/example_branch_operator.py for tasks to queue
[2025-05-06T07:50:05.529+0000] {logging_mixin.py:149} INFO - [2025-05-06T07:50:05.529+0000] {dagbag.py:541} INFO - Filling up the DagBag from /home/airflow/.local/lib/python3.7/site-packages/airflow/example_dags/example_branch_operator.py
[2025-05-06T07:50:05.538+0000] {processor.py:836} INFO - DAG(s) dict_keys(['example_branch_operator']) retrieved from /home/airflow/.local/lib/python3.7/site-packages/airflow/example_dags/example_branch_operator.py
[2025-05-06T07:50:05.561+0000] {logging_mixin.py:149} INFO - [2025-05-06T07:50:05.561+0000] {dag.py:2726} INFO - Sync 1 DAGs
[2025-05-06T07:50:05.581+0000] {logging_mixin.py:149} INFO - [2025-05-06T07:50:05.581+0000] {dag.py:3490} INFO - Setting next_dagrun for example_branch_operator to 2025-05-05T00:00:00+00:00, run_after=2025-05-06T00:00:00+00:00
[2025-05-06T07:50:05.599+0000] {processor.py:179} INFO - Processing /home/airflow/.local/lib/python3.7/site-packages/airflow/example_dags/example_branch_operator.py took 0.076 seconds
[2025-05-06T07:50:36.190+0000] {processor.py:157} INFO - Started process (PID=2367) to work on /home/airflow/.local/lib/python3.7/site-packages/airflow/example_dags/example_branch_operator.py
[2025-05-06T07:50:36.191+0000] {processor.py:826} INFO - Processing file /home/airflow/.local/lib/python3.7/site-packages/airflow/example_dags/example_branch_operator.py for tasks to queue
[2025-05-06T07:50:36.192+0000] {logging_mixin.py:149} INFO - [2025-05-06T07:50:36.192+0000] {dagbag.py:541} INFO - Filling up the DagBag from /home/airflow/.local/lib/python3.7/site-packages/airflow/example_dags/example_branch_operator.py
[2025-05-06T07:50:36.200+0000] {processor.py:836} INFO - DAG(s) dict_keys(['example_branch_operator']) retrieved from /home/airflow/.local/lib/python3.7/site-packages/airflow/example_dags/example_branch_operator.py
[2025-05-06T07:50:36.224+0000] {logging_mixin.py:149} INFO - [2025-05-06T07:50:36.224+0000] {dag.py:2726} INFO - Sync 1 DAGs
[2025-05-06T07:50:36.245+0000] {logging_mixin.py:149} INFO - [2025-05-06T07:50:36.245+0000] {dag.py:3490} INFO - Setting next_dagrun for example_branch_operator to 2025-05-05T00:00:00+00:00, run_after=2025-05-06T00:00:00+00:00
[2025-05-06T07:50:36.262+0000] {processor.py:179} INFO - Processing /home/airflow/.local/lib/python3.7/site-packages/airflow/example_dags/example_branch_operator.py took 0.075 seconds
[2025-05-06T07:51:06.959+0000] {processor.py:157} INFO - Started process (PID=2444) to work on /home/airflow/.local/lib/python3.7/site-packages/airflow/example_dags/example_branch_operator.py
[2025-05-06T07:51:06.960+0000] {processor.py:826} INFO - Processing file /home/airflow/.local/lib/python3.7/site-packages/airflow/example_dags/example_branch_operator.py for tasks to queue
[2025-05-06T07:51:06.961+0000] {logging_mixin.py:149} INFO - [2025-05-06T07:51:06.961+0000] {dagbag.py:541} INFO - Filling up the DagBag from /home/airflow/.local/lib/python3.7/site-packages/airflow/example_dags/example_branch_operator.py
[2025-05-06T07:51:06.969+0000] {processor.py:836} INFO - DAG(s) dict_keys(['example_branch_operator']) retrieved from /home/airflow/.local/lib/python3.7/site-packages/airflow/example_dags/example_branch_operator.py
[2025-05-06T07:51:06.997+0000] {logging_mixin.py:149} INFO - [2025-05-06T07:51:06.997+0000] {dag.py:2726} INFO - Sync 1 DAGs
[2025-05-06T07:51:07.020+0000] {logging_mixin.py:149} INFO - [2025-05-06T07:51:07.019+0000] {dag.py:3490} INFO - Setting next_dagrun for example_branch_operator to 2025-05-05T00:00:00+00:00, run_after=2025-05-06T00:00:00+00:00
[2025-05-06T07:51:07.041+0000] {processor.py:179} INFO - Processing /home/airflow/.local/lib/python3.7/site-packages/airflow/example_dags/example_branch_operator.py took 0.085 seconds
[2025-05-06T07:51:37.497+0000] {processor.py:157} INFO - Started process (PID=2521) to work on /home/airflow/.local/lib/python3.7/site-packages/airflow/example_dags/example_branch_operator.py
[2025-05-06T07:51:37.498+0000] {processor.py:826} INFO - Processing file /home/airflow/.local/lib/python3.7/site-packages/airflow/example_dags/example_branch_operator.py for tasks to queue
[2025-05-06T07:51:37.499+0000] {logging_mixin.py:149} INFO - [2025-05-06T07:51:37.499+0000] {dagbag.py:541} INFO - Filling up the DagBag from /home/airflow/.local/lib/python3.7/site-packages/airflow/example_dags/example_branch_operator.py
[2025-05-06T07:51:37.507+0000] {processor.py:836} INFO - DAG(s) dict_keys(['example_branch_operator']) retrieved from /home/airflow/.local/lib/python3.7/site-packages/airflow/example_dags/example_branch_operator.py
[2025-05-06T07:51:37.531+0000] {logging_mixin.py:149} INFO - [2025-05-06T07:51:37.531+0000] {dag.py:2726} INFO - Sync 1 DAGs
[2025-05-06T07:51:37.553+0000] {logging_mixin.py:149} INFO - [2025-05-06T07:51:37.553+0000] {dag.py:3490} INFO - Setting next_dagrun for example_branch_operator to 2025-05-05T00:00:00+00:00, run_after=2025-05-06T00:00:00+00:00
[2025-05-06T07:51:37.572+0000] {processor.py:179} INFO - Processing /home/airflow/.local/lib/python3.7/site-packages/airflow/example_dags/example_branch_operator.py took 0.078 seconds
