[2025-05-06T07:35:17.271+0000] {processor.py:157} INFO - Started process (PID=51) to work on /home/airflow/.local/lib/python3.7/site-packages/airflow/example_dags/example_short_circuit_decorator.py
[2025-05-06T07:35:17.272+0000] {processor.py:826} INFO - Processing file /home/airflow/.local/lib/python3.7/site-packages/airflow/example_dags/example_short_circuit_decorator.py for tasks to queue
[2025-05-06T07:35:17.273+0000] {logging_mixin.py:149} INFO - [2025-05-06T07:35:17.273+0000] {dagbag.py:541} INFO - Filling up the DagBag from /home/airflow/.local/lib/python3.7/site-packages/airflow/example_dags/example_short_circuit_decorator.py
[2025-05-06T07:35:17.286+0000] {processor.py:836} INFO - DAG(s) dict_keys(['example_short_circuit_decorator']) retrieved from /home/airflow/.local/lib/python3.7/site-packages/airflow/example_dags/example_short_circuit_decorator.py
[2025-05-06T07:35:17.300+0000] {logging_mixin.py:149} INFO - [2025-05-06T07:35:17.299+0000] {dag.py:2726} INFO - Sync 1 DAGs
[2025-05-06T07:35:17.325+0000] {logging_mixin.py:149} INFO - [2025-05-06T07:35:17.325+0000] {dag.py:3490} INFO - Setting next_dagrun for example_short_circuit_decorator to 2025-05-05T07:35:17.324916+00:00, run_after=2025-05-06T07:35:17.324916+00:00
[2025-05-06T07:35:17.344+0000] {processor.py:179} INFO - Processing /home/airflow/.local/lib/python3.7/site-packages/airflow/example_dags/example_short_circuit_decorator.py took 0.077 seconds
[2025-05-06T07:35:47.553+0000] {processor.py:157} INFO - Started process (PID=116) to work on /home/airflow/.local/lib/python3.7/site-packages/airflow/example_dags/example_short_circuit_decorator.py
[2025-05-06T07:35:47.554+0000] {processor.py:826} INFO - Processing file /home/airflow/.local/lib/python3.7/site-packages/airflow/example_dags/example_short_circuit_decorator.py for tasks to queue
[2025-05-06T07:35:47.555+0000] {logging_mixin.py:149} INFO - [2025-05-06T07:35:47.554+0000] {dagbag.py:541} INFO - Filling up the DagBag from /home/airflow/.local/lib/python3.7/site-packages/airflow/example_dags/example_short_circuit_decorator.py
[2025-05-06T07:35:47.575+0000] {processor.py:836} INFO - DAG(s) dict_keys(['example_short_circuit_decorator']) retrieved from /home/airflow/.local/lib/python3.7/site-packages/airflow/example_dags/example_short_circuit_decorator.py
[2025-05-06T07:35:47.646+0000] {logging_mixin.py:149} INFO - [2025-05-06T07:35:47.646+0000] {dag.py:2726} INFO - Sync 1 DAGs
[2025-05-06T07:35:47.689+0000] {logging_mixin.py:149} INFO - [2025-05-06T07:35:47.688+0000] {dag.py:3490} INFO - Setting next_dagrun for example_short_circuit_decorator to 2025-05-05T07:35:47.688333+00:00, run_after=2025-05-06T07:35:47.688333+00:00
[2025-05-06T07:35:47.719+0000] {processor.py:179} INFO - Processing /home/airflow/.local/lib/python3.7/site-packages/airflow/example_dags/example_short_circuit_decorator.py took 0.169 seconds
[2025-05-06T07:36:18.110+0000] {processor.py:157} INFO - Started process (PID=194) to work on /home/airflow/.local/lib/python3.7/site-packages/airflow/example_dags/example_short_circuit_decorator.py
[2025-05-06T07:36:18.111+0000] {processor.py:826} INFO - Processing file /home/airflow/.local/lib/python3.7/site-packages/airflow/example_dags/example_short_circuit_decorator.py for tasks to queue
[2025-05-06T07:36:18.112+0000] {logging_mixin.py:149} INFO - [2025-05-06T07:36:18.112+0000] {dagbag.py:541} INFO - Filling up the DagBag from /home/airflow/.local/lib/python3.7/site-packages/airflow/example_dags/example_short_circuit_decorator.py
[2025-05-06T07:36:18.121+0000] {processor.py:836} INFO - DAG(s) dict_keys(['example_short_circuit_decorator']) retrieved from /home/airflow/.local/lib/python3.7/site-packages/airflow/example_dags/example_short_circuit_decorator.py
[2025-05-06T07:36:18.146+0000] {logging_mixin.py:149} INFO - [2025-05-06T07:36:18.146+0000] {dag.py:2726} INFO - Sync 1 DAGs
[2025-05-06T07:36:18.169+0000] {logging_mixin.py:149} INFO - [2025-05-06T07:36:18.169+0000] {dag.py:3490} INFO - Setting next_dagrun for example_short_circuit_decorator to 2025-05-05T07:36:18.169246+00:00, run_after=2025-05-06T07:36:18.169246+00:00
[2025-05-06T07:36:18.189+0000] {processor.py:179} INFO - Processing /home/airflow/.local/lib/python3.7/site-packages/airflow/example_dags/example_short_circuit_decorator.py took 0.082 seconds
[2025-05-06T07:36:48.786+0000] {processor.py:157} INFO - Started process (PID=278) to work on /home/airflow/.local/lib/python3.7/site-packages/airflow/example_dags/example_short_circuit_decorator.py
[2025-05-06T07:36:48.788+0000] {processor.py:826} INFO - Processing file /home/airflow/.local/lib/python3.7/site-packages/airflow/example_dags/example_short_circuit_decorator.py for tasks to queue
[2025-05-06T07:36:48.789+0000] {logging_mixin.py:149} INFO - [2025-05-06T07:36:48.789+0000] {dagbag.py:541} INFO - Filling up the DagBag from /home/airflow/.local/lib/python3.7/site-packages/airflow/example_dags/example_short_circuit_decorator.py
[2025-05-06T07:36:48.803+0000] {processor.py:836} INFO - DAG(s) dict_keys(['example_short_circuit_decorator']) retrieved from /home/airflow/.local/lib/python3.7/site-packages/airflow/example_dags/example_short_circuit_decorator.py
[2025-05-06T07:36:48.870+0000] {logging_mixin.py:149} INFO - [2025-05-06T07:36:48.869+0000] {dag.py:2726} INFO - Sync 1 DAGs
[2025-05-06T07:36:48.933+0000] {logging_mixin.py:149} INFO - [2025-05-06T07:36:48.933+0000] {dag.py:3490} INFO - Setting next_dagrun for example_short_circuit_decorator to 2025-05-05T07:36:48.932633+00:00, run_after=2025-05-06T07:36:48.932633+00:00
[2025-05-06T07:36:48.975+0000] {processor.py:179} INFO - Processing /home/airflow/.local/lib/python3.7/site-packages/airflow/example_dags/example_short_circuit_decorator.py took 0.193 seconds
[2025-05-06T07:37:19.233+0000] {processor.py:157} INFO - Started process (PID=355) to work on /home/airflow/.local/lib/python3.7/site-packages/airflow/example_dags/example_short_circuit_decorator.py
[2025-05-06T07:37:19.234+0000] {processor.py:826} INFO - Processing file /home/airflow/.local/lib/python3.7/site-packages/airflow/example_dags/example_short_circuit_decorator.py for tasks to queue
[2025-05-06T07:37:19.235+0000] {logging_mixin.py:149} INFO - [2025-05-06T07:37:19.235+0000] {dagbag.py:541} INFO - Filling up the DagBag from /home/airflow/.local/lib/python3.7/site-packages/airflow/example_dags/example_short_circuit_decorator.py
[2025-05-06T07:37:19.248+0000] {processor.py:836} INFO - DAG(s) dict_keys(['example_short_circuit_decorator']) retrieved from /home/airflow/.local/lib/python3.7/site-packages/airflow/example_dags/example_short_circuit_decorator.py
[2025-05-06T07:37:19.283+0000] {logging_mixin.py:149} INFO - [2025-05-06T07:37:19.283+0000] {dag.py:2726} INFO - Sync 1 DAGs
[2025-05-06T07:37:19.327+0000] {logging_mixin.py:149} INFO - [2025-05-06T07:37:19.327+0000] {dag.py:3490} INFO - Setting next_dagrun for example_short_circuit_decorator to 2025-05-05T07:37:19.326811+00:00, run_after=2025-05-06T07:37:19.326811+00:00
[2025-05-06T07:37:19.379+0000] {processor.py:179} INFO - Processing /home/airflow/.local/lib/python3.7/site-packages/airflow/example_dags/example_short_circuit_decorator.py took 0.150 seconds
[2025-05-06T07:37:49.418+0000] {processor.py:157} INFO - Started process (PID=431) to work on /home/airflow/.local/lib/python3.7/site-packages/airflow/example_dags/example_short_circuit_decorator.py
[2025-05-06T07:37:49.419+0000] {processor.py:826} INFO - Processing file /home/airflow/.local/lib/python3.7/site-packages/airflow/example_dags/example_short_circuit_decorator.py for tasks to queue
[2025-05-06T07:37:49.419+0000] {logging_mixin.py:149} INFO - [2025-05-06T07:37:49.419+0000] {dagbag.py:541} INFO - Filling up the DagBag from /home/airflow/.local/lib/python3.7/site-packages/airflow/example_dags/example_short_circuit_decorator.py
[2025-05-06T07:37:49.435+0000] {processor.py:836} INFO - DAG(s) dict_keys(['example_short_circuit_decorator']) retrieved from /home/airflow/.local/lib/python3.7/site-packages/airflow/example_dags/example_short_circuit_decorator.py
[2025-05-06T07:37:49.461+0000] {logging_mixin.py:149} INFO - [2025-05-06T07:37:49.460+0000] {dag.py:2726} INFO - Sync 1 DAGs
[2025-05-06T07:37:49.482+0000] {logging_mixin.py:149} INFO - [2025-05-06T07:37:49.482+0000] {dag.py:3490} INFO - Setting next_dagrun for example_short_circuit_decorator to 2025-05-05T07:37:49.482249+00:00, run_after=2025-05-06T07:37:49.482249+00:00
[2025-05-06T07:37:49.500+0000] {processor.py:179} INFO - Processing /home/airflow/.local/lib/python3.7/site-packages/airflow/example_dags/example_short_circuit_decorator.py took 0.086 seconds
[2025-05-06T07:38:20.224+0000] {processor.py:157} INFO - Started process (PID=509) to work on /home/airflow/.local/lib/python3.7/site-packages/airflow/example_dags/example_short_circuit_decorator.py
[2025-05-06T07:38:20.227+0000] {processor.py:826} INFO - Processing file /home/airflow/.local/lib/python3.7/site-packages/airflow/example_dags/example_short_circuit_decorator.py for tasks to queue
[2025-05-06T07:38:20.228+0000] {logging_mixin.py:149} INFO - [2025-05-06T07:38:20.228+0000] {dagbag.py:541} INFO - Filling up the DagBag from /home/airflow/.local/lib/python3.7/site-packages/airflow/example_dags/example_short_circuit_decorator.py
[2025-05-06T07:38:20.253+0000] {processor.py:836} INFO - DAG(s) dict_keys(['example_short_circuit_decorator']) retrieved from /home/airflow/.local/lib/python3.7/site-packages/airflow/example_dags/example_short_circuit_decorator.py
[2025-05-06T07:38:20.300+0000] {logging_mixin.py:149} INFO - [2025-05-06T07:38:20.300+0000] {dag.py:2726} INFO - Sync 1 DAGs
[2025-05-06T07:38:20.325+0000] {logging_mixin.py:149} INFO - [2025-05-06T07:38:20.325+0000] {dag.py:3490} INFO - Setting next_dagrun for example_short_circuit_decorator to 2025-05-05T07:38:20.325065+00:00, run_after=2025-05-06T07:38:20.325065+00:00
[2025-05-06T07:38:20.348+0000] {processor.py:179} INFO - Processing /home/airflow/.local/lib/python3.7/site-packages/airflow/example_dags/example_short_circuit_decorator.py took 0.136 seconds
[2025-05-06T07:38:51.004+0000] {processor.py:157} INFO - Started process (PID=586) to work on /home/airflow/.local/lib/python3.7/site-packages/airflow/example_dags/example_short_circuit_decorator.py
[2025-05-06T07:38:51.005+0000] {processor.py:826} INFO - Processing file /home/airflow/.local/lib/python3.7/site-packages/airflow/example_dags/example_short_circuit_decorator.py for tasks to queue
[2025-05-06T07:38:51.006+0000] {logging_mixin.py:149} INFO - [2025-05-06T07:38:51.006+0000] {dagbag.py:541} INFO - Filling up the DagBag from /home/airflow/.local/lib/python3.7/site-packages/airflow/example_dags/example_short_circuit_decorator.py
[2025-05-06T07:38:51.017+0000] {processor.py:836} INFO - DAG(s) dict_keys(['example_short_circuit_decorator']) retrieved from /home/airflow/.local/lib/python3.7/site-packages/airflow/example_dags/example_short_circuit_decorator.py
[2025-05-06T07:38:51.043+0000] {logging_mixin.py:149} INFO - [2025-05-06T07:38:51.043+0000] {dag.py:2726} INFO - Sync 1 DAGs
[2025-05-06T07:38:51.067+0000] {logging_mixin.py:149} INFO - [2025-05-06T07:38:51.066+0000] {dag.py:3490} INFO - Setting next_dagrun for example_short_circuit_decorator to 2025-05-05T07:38:51.066738+00:00, run_after=2025-05-06T07:38:51.066738+00:00
[2025-05-06T07:38:51.086+0000] {processor.py:179} INFO - Processing /home/airflow/.local/lib/python3.7/site-packages/airflow/example_dags/example_short_circuit_decorator.py took 0.085 seconds
[2025-05-06T07:39:21.172+0000] {processor.py:157} INFO - Started process (PID=663) to work on /home/airflow/.local/lib/python3.7/site-packages/airflow/example_dags/example_short_circuit_decorator.py
[2025-05-06T07:39:21.172+0000] {processor.py:826} INFO - Processing file /home/airflow/.local/lib/python3.7/site-packages/airflow/example_dags/example_short_circuit_decorator.py for tasks to queue
[2025-05-06T07:39:21.173+0000] {logging_mixin.py:149} INFO - [2025-05-06T07:39:21.173+0000] {dagbag.py:541} INFO - Filling up the DagBag from /home/airflow/.local/lib/python3.7/site-packages/airflow/example_dags/example_short_circuit_decorator.py
[2025-05-06T07:39:21.181+0000] {processor.py:836} INFO - DAG(s) dict_keys(['example_short_circuit_decorator']) retrieved from /home/airflow/.local/lib/python3.7/site-packages/airflow/example_dags/example_short_circuit_decorator.py
[2025-05-06T07:39:21.206+0000] {logging_mixin.py:149} INFO - [2025-05-06T07:39:21.206+0000] {dag.py:2726} INFO - Sync 1 DAGs
[2025-05-06T07:39:21.226+0000] {logging_mixin.py:149} INFO - [2025-05-06T07:39:21.226+0000] {dag.py:3490} INFO - Setting next_dagrun for example_short_circuit_decorator to 2025-05-05T07:39:21.226059+00:00, run_after=2025-05-06T07:39:21.226059+00:00
[2025-05-06T07:39:21.245+0000] {processor.py:179} INFO - Processing /home/airflow/.local/lib/python3.7/site-packages/airflow/example_dags/example_short_circuit_decorator.py took 0.076 seconds
[2025-05-06T07:39:51.723+0000] {processor.py:157} INFO - Started process (PID=740) to work on /home/airflow/.local/lib/python3.7/site-packages/airflow/example_dags/example_short_circuit_decorator.py
[2025-05-06T07:39:51.724+0000] {processor.py:826} INFO - Processing file /home/airflow/.local/lib/python3.7/site-packages/airflow/example_dags/example_short_circuit_decorator.py for tasks to queue
[2025-05-06T07:39:51.724+0000] {logging_mixin.py:149} INFO - [2025-05-06T07:39:51.724+0000] {dagbag.py:541} INFO - Filling up the DagBag from /home/airflow/.local/lib/python3.7/site-packages/airflow/example_dags/example_short_circuit_decorator.py
[2025-05-06T07:39:51.734+0000] {processor.py:836} INFO - DAG(s) dict_keys(['example_short_circuit_decorator']) retrieved from /home/airflow/.local/lib/python3.7/site-packages/airflow/example_dags/example_short_circuit_decorator.py
[2025-05-06T07:39:51.758+0000] {logging_mixin.py:149} INFO - [2025-05-06T07:39:51.757+0000] {dag.py:2726} INFO - Sync 1 DAGs
[2025-05-06T07:39:51.777+0000] {logging_mixin.py:149} INFO - [2025-05-06T07:39:51.776+0000] {dag.py:3490} INFO - Setting next_dagrun for example_short_circuit_decorator to 2025-05-05T07:39:51.776745+00:00, run_after=2025-05-06T07:39:51.776745+00:00
[2025-05-06T07:39:51.795+0000] {processor.py:179} INFO - Processing /home/airflow/.local/lib/python3.7/site-packages/airflow/example_dags/example_short_circuit_decorator.py took 0.075 seconds
[2025-05-06T07:40:22.384+0000] {processor.py:157} INFO - Started process (PID=817) to work on /home/airflow/.local/lib/python3.7/site-packages/airflow/example_dags/example_short_circuit_decorator.py
[2025-05-06T07:40:22.385+0000] {processor.py:826} INFO - Processing file /home/airflow/.local/lib/python3.7/site-packages/airflow/example_dags/example_short_circuit_decorator.py for tasks to queue
[2025-05-06T07:40:22.386+0000] {logging_mixin.py:149} INFO - [2025-05-06T07:40:22.386+0000] {dagbag.py:541} INFO - Filling up the DagBag from /home/airflow/.local/lib/python3.7/site-packages/airflow/example_dags/example_short_circuit_decorator.py
[2025-05-06T07:40:22.395+0000] {processor.py:836} INFO - DAG(s) dict_keys(['example_short_circuit_decorator']) retrieved from /home/airflow/.local/lib/python3.7/site-packages/airflow/example_dags/example_short_circuit_decorator.py
[2025-05-06T07:40:22.420+0000] {logging_mixin.py:149} INFO - [2025-05-06T07:40:22.420+0000] {dag.py:2726} INFO - Sync 1 DAGs
[2025-05-06T07:40:22.441+0000] {logging_mixin.py:149} INFO - [2025-05-06T07:40:22.441+0000] {dag.py:3490} INFO - Setting next_dagrun for example_short_circuit_decorator to 2025-05-05T07:40:22.440911+00:00, run_after=2025-05-06T07:40:22.440911+00:00
[2025-05-06T07:40:22.460+0000] {processor.py:179} INFO - Processing /home/airflow/.local/lib/python3.7/site-packages/airflow/example_dags/example_short_circuit_decorator.py took 0.080 seconds
[2025-05-06T07:40:52.832+0000] {processor.py:157} INFO - Started process (PID=894) to work on /home/airflow/.local/lib/python3.7/site-packages/airflow/example_dags/example_short_circuit_decorator.py
[2025-05-06T07:40:52.833+0000] {processor.py:826} INFO - Processing file /home/airflow/.local/lib/python3.7/site-packages/airflow/example_dags/example_short_circuit_decorator.py for tasks to queue
[2025-05-06T07:40:52.833+0000] {logging_mixin.py:149} INFO - [2025-05-06T07:40:52.833+0000] {dagbag.py:541} INFO - Filling up the DagBag from /home/airflow/.local/lib/python3.7/site-packages/airflow/example_dags/example_short_circuit_decorator.py
[2025-05-06T07:40:52.843+0000] {processor.py:836} INFO - DAG(s) dict_keys(['example_short_circuit_decorator']) retrieved from /home/airflow/.local/lib/python3.7/site-packages/airflow/example_dags/example_short_circuit_decorator.py
[2025-05-06T07:40:52.871+0000] {logging_mixin.py:149} INFO - [2025-05-06T07:40:52.871+0000] {dag.py:2726} INFO - Sync 1 DAGs
[2025-05-06T07:40:52.895+0000] {logging_mixin.py:149} INFO - [2025-05-06T07:40:52.895+0000] {dag.py:3490} INFO - Setting next_dagrun for example_short_circuit_decorator to 2025-05-05T07:40:52.894839+00:00, run_after=2025-05-06T07:40:52.894839+00:00
[2025-05-06T07:40:52.914+0000] {processor.py:179} INFO - Processing /home/airflow/.local/lib/python3.7/site-packages/airflow/example_dags/example_short_circuit_decorator.py took 0.085 seconds
[2025-05-06T07:41:23.264+0000] {processor.py:157} INFO - Started process (PID=971) to work on /home/airflow/.local/lib/python3.7/site-packages/airflow/example_dags/example_short_circuit_decorator.py
[2025-05-06T07:41:23.266+0000] {processor.py:826} INFO - Processing file /home/airflow/.local/lib/python3.7/site-packages/airflow/example_dags/example_short_circuit_decorator.py for tasks to queue
[2025-05-06T07:41:23.266+0000] {logging_mixin.py:149} INFO - [2025-05-06T07:41:23.266+0000] {dagbag.py:541} INFO - Filling up the DagBag from /home/airflow/.local/lib/python3.7/site-packages/airflow/example_dags/example_short_circuit_decorator.py
[2025-05-06T07:41:23.275+0000] {processor.py:836} INFO - DAG(s) dict_keys(['example_short_circuit_decorator']) retrieved from /home/airflow/.local/lib/python3.7/site-packages/airflow/example_dags/example_short_circuit_decorator.py
[2025-05-06T07:41:23.298+0000] {logging_mixin.py:149} INFO - [2025-05-06T07:41:23.298+0000] {dag.py:2726} INFO - Sync 1 DAGs
[2025-05-06T07:41:23.319+0000] {logging_mixin.py:149} INFO - [2025-05-06T07:41:23.319+0000] {dag.py:3490} INFO - Setting next_dagrun for example_short_circuit_decorator to 2025-05-05T07:41:23.319143+00:00, run_after=2025-05-06T07:41:23.319143+00:00
[2025-05-06T07:41:23.337+0000] {processor.py:179} INFO - Processing /home/airflow/.local/lib/python3.7/site-packages/airflow/example_dags/example_short_circuit_decorator.py took 0.075 seconds
[2025-05-06T07:41:53.811+0000] {processor.py:157} INFO - Started process (PID=1048) to work on /home/airflow/.local/lib/python3.7/site-packages/airflow/example_dags/example_short_circuit_decorator.py
[2025-05-06T07:41:53.812+0000] {processor.py:826} INFO - Processing file /home/airflow/.local/lib/python3.7/site-packages/airflow/example_dags/example_short_circuit_decorator.py for tasks to queue
[2025-05-06T07:41:53.813+0000] {logging_mixin.py:149} INFO - [2025-05-06T07:41:53.813+0000] {dagbag.py:541} INFO - Filling up the DagBag from /home/airflow/.local/lib/python3.7/site-packages/airflow/example_dags/example_short_circuit_decorator.py
[2025-05-06T07:41:53.821+0000] {processor.py:836} INFO - DAG(s) dict_keys(['example_short_circuit_decorator']) retrieved from /home/airflow/.local/lib/python3.7/site-packages/airflow/example_dags/example_short_circuit_decorator.py
[2025-05-06T07:41:53.846+0000] {logging_mixin.py:149} INFO - [2025-05-06T07:41:53.846+0000] {dag.py:2726} INFO - Sync 1 DAGs
[2025-05-06T07:41:53.866+0000] {logging_mixin.py:149} INFO - [2025-05-06T07:41:53.866+0000] {dag.py:3490} INFO - Setting next_dagrun for example_short_circuit_decorator to 2025-05-05T07:41:53.866297+00:00, run_after=2025-05-06T07:41:53.866297+00:00
[2025-05-06T07:41:53.885+0000] {processor.py:179} INFO - Processing /home/airflow/.local/lib/python3.7/site-packages/airflow/example_dags/example_short_circuit_decorator.py took 0.077 seconds
[2025-05-06T07:42:24.328+0000] {processor.py:157} INFO - Started process (PID=1125) to work on /home/airflow/.local/lib/python3.7/site-packages/airflow/example_dags/example_short_circuit_decorator.py
[2025-05-06T07:42:24.330+0000] {processor.py:826} INFO - Processing file /home/airflow/.local/lib/python3.7/site-packages/airflow/example_dags/example_short_circuit_decorator.py for tasks to queue
[2025-05-06T07:42:24.331+0000] {logging_mixin.py:149} INFO - [2025-05-06T07:42:24.331+0000] {dagbag.py:541} INFO - Filling up the DagBag from /home/airflow/.local/lib/python3.7/site-packages/airflow/example_dags/example_short_circuit_decorator.py
[2025-05-06T07:42:24.343+0000] {processor.py:836} INFO - DAG(s) dict_keys(['example_short_circuit_decorator']) retrieved from /home/airflow/.local/lib/python3.7/site-packages/airflow/example_dags/example_short_circuit_decorator.py
[2025-05-06T07:42:24.377+0000] {logging_mixin.py:149} INFO - [2025-05-06T07:42:24.377+0000] {dag.py:2726} INFO - Sync 1 DAGs
[2025-05-06T07:42:24.405+0000] {logging_mixin.py:149} INFO - [2025-05-06T07:42:24.404+0000] {dag.py:3490} INFO - Setting next_dagrun for example_short_circuit_decorator to 2025-05-05T07:42:24.404557+00:00, run_after=2025-05-06T07:42:24.404557+00:00
[2025-05-06T07:42:24.426+0000] {processor.py:179} INFO - Processing /home/airflow/.local/lib/python3.7/site-packages/airflow/example_dags/example_short_circuit_decorator.py took 0.101 seconds
[2025-05-06T07:42:54.856+0000] {processor.py:157} INFO - Started process (PID=1202) to work on /home/airflow/.local/lib/python3.7/site-packages/airflow/example_dags/example_short_circuit_decorator.py
[2025-05-06T07:42:54.857+0000] {processor.py:826} INFO - Processing file /home/airflow/.local/lib/python3.7/site-packages/airflow/example_dags/example_short_circuit_decorator.py for tasks to queue
[2025-05-06T07:42:54.858+0000] {logging_mixin.py:149} INFO - [2025-05-06T07:42:54.858+0000] {dagbag.py:541} INFO - Filling up the DagBag from /home/airflow/.local/lib/python3.7/site-packages/airflow/example_dags/example_short_circuit_decorator.py
[2025-05-06T07:42:54.866+0000] {processor.py:836} INFO - DAG(s) dict_keys(['example_short_circuit_decorator']) retrieved from /home/airflow/.local/lib/python3.7/site-packages/airflow/example_dags/example_short_circuit_decorator.py
[2025-05-06T07:42:54.890+0000] {logging_mixin.py:149} INFO - [2025-05-06T07:42:54.889+0000] {dag.py:2726} INFO - Sync 1 DAGs
[2025-05-06T07:42:54.910+0000] {logging_mixin.py:149} INFO - [2025-05-06T07:42:54.910+0000] {dag.py:3490} INFO - Setting next_dagrun for example_short_circuit_decorator to 2025-05-05T07:42:54.910100+00:00, run_after=2025-05-06T07:42:54.910100+00:00
[2025-05-06T07:42:54.928+0000] {processor.py:179} INFO - Processing /home/airflow/.local/lib/python3.7/site-packages/airflow/example_dags/example_short_circuit_decorator.py took 0.075 seconds
[2025-05-06T07:43:25.358+0000] {processor.py:157} INFO - Started process (PID=1279) to work on /home/airflow/.local/lib/python3.7/site-packages/airflow/example_dags/example_short_circuit_decorator.py
[2025-05-06T07:43:25.359+0000] {processor.py:826} INFO - Processing file /home/airflow/.local/lib/python3.7/site-packages/airflow/example_dags/example_short_circuit_decorator.py for tasks to queue
[2025-05-06T07:43:25.360+0000] {logging_mixin.py:149} INFO - [2025-05-06T07:43:25.360+0000] {dagbag.py:541} INFO - Filling up the DagBag from /home/airflow/.local/lib/python3.7/site-packages/airflow/example_dags/example_short_circuit_decorator.py
[2025-05-06T07:43:25.368+0000] {processor.py:836} INFO - DAG(s) dict_keys(['example_short_circuit_decorator']) retrieved from /home/airflow/.local/lib/python3.7/site-packages/airflow/example_dags/example_short_circuit_decorator.py
[2025-05-06T07:43:25.390+0000] {logging_mixin.py:149} INFO - [2025-05-06T07:43:25.390+0000] {dag.py:2726} INFO - Sync 1 DAGs
[2025-05-06T07:43:25.411+0000] {logging_mixin.py:149} INFO - [2025-05-06T07:43:25.411+0000] {dag.py:3490} INFO - Setting next_dagrun for example_short_circuit_decorator to 2025-05-05T07:43:25.410986+00:00, run_after=2025-05-06T07:43:25.410986+00:00
[2025-05-06T07:43:25.429+0000] {processor.py:179} INFO - Processing /home/airflow/.local/lib/python3.7/site-packages/airflow/example_dags/example_short_circuit_decorator.py took 0.073 seconds
[2025-05-06T07:43:55.934+0000] {processor.py:157} INFO - Started process (PID=1356) to work on /home/airflow/.local/lib/python3.7/site-packages/airflow/example_dags/example_short_circuit_decorator.py
[2025-05-06T07:43:55.936+0000] {processor.py:826} INFO - Processing file /home/airflow/.local/lib/python3.7/site-packages/airflow/example_dags/example_short_circuit_decorator.py for tasks to queue
[2025-05-06T07:43:55.936+0000] {logging_mixin.py:149} INFO - [2025-05-06T07:43:55.936+0000] {dagbag.py:541} INFO - Filling up the DagBag from /home/airflow/.local/lib/python3.7/site-packages/airflow/example_dags/example_short_circuit_decorator.py
[2025-05-06T07:43:55.945+0000] {processor.py:836} INFO - DAG(s) dict_keys(['example_short_circuit_decorator']) retrieved from /home/airflow/.local/lib/python3.7/site-packages/airflow/example_dags/example_short_circuit_decorator.py
[2025-05-06T07:43:55.971+0000] {logging_mixin.py:149} INFO - [2025-05-06T07:43:55.971+0000] {dag.py:2726} INFO - Sync 1 DAGs
[2025-05-06T07:43:55.995+0000] {logging_mixin.py:149} INFO - [2025-05-06T07:43:55.995+0000] {dag.py:3490} INFO - Setting next_dagrun for example_short_circuit_decorator to 2025-05-05T07:43:55.994925+00:00, run_after=2025-05-06T07:43:55.994925+00:00
[2025-05-06T07:43:56.015+0000] {processor.py:179} INFO - Processing /home/airflow/.local/lib/python3.7/site-packages/airflow/example_dags/example_short_circuit_decorator.py took 0.083 seconds
[2025-05-06T07:44:26.561+0000] {processor.py:157} INFO - Started process (PID=1433) to work on /home/airflow/.local/lib/python3.7/site-packages/airflow/example_dags/example_short_circuit_decorator.py
[2025-05-06T07:44:26.563+0000] {processor.py:826} INFO - Processing file /home/airflow/.local/lib/python3.7/site-packages/airflow/example_dags/example_short_circuit_decorator.py for tasks to queue
[2025-05-06T07:44:26.564+0000] {logging_mixin.py:149} INFO - [2025-05-06T07:44:26.564+0000] {dagbag.py:541} INFO - Filling up the DagBag from /home/airflow/.local/lib/python3.7/site-packages/airflow/example_dags/example_short_circuit_decorator.py
[2025-05-06T07:44:26.576+0000] {processor.py:836} INFO - DAG(s) dict_keys(['example_short_circuit_decorator']) retrieved from /home/airflow/.local/lib/python3.7/site-packages/airflow/example_dags/example_short_circuit_decorator.py
[2025-05-06T07:44:26.609+0000] {logging_mixin.py:149} INFO - [2025-05-06T07:44:26.609+0000] {dag.py:2726} INFO - Sync 1 DAGs
[2025-05-06T07:44:26.637+0000] {logging_mixin.py:149} INFO - [2025-05-06T07:44:26.637+0000] {dag.py:3490} INFO - Setting next_dagrun for example_short_circuit_decorator to 2025-05-05T07:44:26.637357+00:00, run_after=2025-05-06T07:44:26.637357+00:00
[2025-05-06T07:44:26.661+0000] {processor.py:179} INFO - Processing /home/airflow/.local/lib/python3.7/site-packages/airflow/example_dags/example_short_circuit_decorator.py took 0.105 seconds
[2025-05-06T07:44:56.850+0000] {processor.py:157} INFO - Started process (PID=1510) to work on /home/airflow/.local/lib/python3.7/site-packages/airflow/example_dags/example_short_circuit_decorator.py
[2025-05-06T07:44:56.851+0000] {processor.py:826} INFO - Processing file /home/airflow/.local/lib/python3.7/site-packages/airflow/example_dags/example_short_circuit_decorator.py for tasks to queue
[2025-05-06T07:44:56.852+0000] {logging_mixin.py:149} INFO - [2025-05-06T07:44:56.852+0000] {dagbag.py:541} INFO - Filling up the DagBag from /home/airflow/.local/lib/python3.7/site-packages/airflow/example_dags/example_short_circuit_decorator.py
[2025-05-06T07:44:56.862+0000] {processor.py:836} INFO - DAG(s) dict_keys(['example_short_circuit_decorator']) retrieved from /home/airflow/.local/lib/python3.7/site-packages/airflow/example_dags/example_short_circuit_decorator.py
[2025-05-06T07:44:56.891+0000] {logging_mixin.py:149} INFO - [2025-05-06T07:44:56.891+0000] {dag.py:2726} INFO - Sync 1 DAGs
[2025-05-06T07:44:56.916+0000] {logging_mixin.py:149} INFO - [2025-05-06T07:44:56.916+0000] {dag.py:3490} INFO - Setting next_dagrun for example_short_circuit_decorator to 2025-05-05T07:44:56.916258+00:00, run_after=2025-05-06T07:44:56.916258+00:00
[2025-05-06T07:44:56.938+0000] {processor.py:179} INFO - Processing /home/airflow/.local/lib/python3.7/site-packages/airflow/example_dags/example_short_circuit_decorator.py took 0.092 seconds
[2025-05-06T07:45:27.461+0000] {processor.py:157} INFO - Started process (PID=1587) to work on /home/airflow/.local/lib/python3.7/site-packages/airflow/example_dags/example_short_circuit_decorator.py
[2025-05-06T07:45:27.463+0000] {processor.py:826} INFO - Processing file /home/airflow/.local/lib/python3.7/site-packages/airflow/example_dags/example_short_circuit_decorator.py for tasks to queue
[2025-05-06T07:45:27.464+0000] {logging_mixin.py:149} INFO - [2025-05-06T07:45:27.464+0000] {dagbag.py:541} INFO - Filling up the DagBag from /home/airflow/.local/lib/python3.7/site-packages/airflow/example_dags/example_short_circuit_decorator.py
[2025-05-06T07:45:27.473+0000] {processor.py:836} INFO - DAG(s) dict_keys(['example_short_circuit_decorator']) retrieved from /home/airflow/.local/lib/python3.7/site-packages/airflow/example_dags/example_short_circuit_decorator.py
[2025-05-06T07:45:27.497+0000] {logging_mixin.py:149} INFO - [2025-05-06T07:45:27.496+0000] {dag.py:2726} INFO - Sync 1 DAGs
[2025-05-06T07:45:27.517+0000] {logging_mixin.py:149} INFO - [2025-05-06T07:45:27.517+0000] {dag.py:3490} INFO - Setting next_dagrun for example_short_circuit_decorator to 2025-05-05T07:45:27.517237+00:00, run_after=2025-05-06T07:45:27.517237+00:00
[2025-05-06T07:45:27.538+0000] {processor.py:179} INFO - Processing /home/airflow/.local/lib/python3.7/site-packages/airflow/example_dags/example_short_circuit_decorator.py took 0.080 seconds
[2025-05-06T07:45:58.124+0000] {processor.py:157} INFO - Started process (PID=1665) to work on /home/airflow/.local/lib/python3.7/site-packages/airflow/example_dags/example_short_circuit_decorator.py
[2025-05-06T07:45:58.125+0000] {processor.py:826} INFO - Processing file /home/airflow/.local/lib/python3.7/site-packages/airflow/example_dags/example_short_circuit_decorator.py for tasks to queue
[2025-05-06T07:45:58.126+0000] {logging_mixin.py:149} INFO - [2025-05-06T07:45:58.126+0000] {dagbag.py:541} INFO - Filling up the DagBag from /home/airflow/.local/lib/python3.7/site-packages/airflow/example_dags/example_short_circuit_decorator.py
[2025-05-06T07:45:58.134+0000] {processor.py:836} INFO - DAG(s) dict_keys(['example_short_circuit_decorator']) retrieved from /home/airflow/.local/lib/python3.7/site-packages/airflow/example_dags/example_short_circuit_decorator.py
[2025-05-06T07:45:58.158+0000] {logging_mixin.py:149} INFO - [2025-05-06T07:45:58.157+0000] {dag.py:2726} INFO - Sync 1 DAGs
[2025-05-06T07:45:58.177+0000] {logging_mixin.py:149} INFO - [2025-05-06T07:45:58.177+0000] {dag.py:3490} INFO - Setting next_dagrun for example_short_circuit_decorator to 2025-05-05T07:45:58.177348+00:00, run_after=2025-05-06T07:45:58.177348+00:00
[2025-05-06T07:45:58.195+0000] {processor.py:179} INFO - Processing /home/airflow/.local/lib/python3.7/site-packages/airflow/example_dags/example_short_circuit_decorator.py took 0.074 seconds
[2025-05-06T07:46:28.631+0000] {processor.py:157} INFO - Started process (PID=1742) to work on /home/airflow/.local/lib/python3.7/site-packages/airflow/example_dags/example_short_circuit_decorator.py
[2025-05-06T07:46:28.632+0000] {processor.py:826} INFO - Processing file /home/airflow/.local/lib/python3.7/site-packages/airflow/example_dags/example_short_circuit_decorator.py for tasks to queue
[2025-05-06T07:46:28.632+0000] {logging_mixin.py:149} INFO - [2025-05-06T07:46:28.632+0000] {dagbag.py:541} INFO - Filling up the DagBag from /home/airflow/.local/lib/python3.7/site-packages/airflow/example_dags/example_short_circuit_decorator.py
[2025-05-06T07:46:28.640+0000] {processor.py:836} INFO - DAG(s) dict_keys(['example_short_circuit_decorator']) retrieved from /home/airflow/.local/lib/python3.7/site-packages/airflow/example_dags/example_short_circuit_decorator.py
[2025-05-06T07:46:28.665+0000] {logging_mixin.py:149} INFO - [2025-05-06T07:46:28.664+0000] {dag.py:2726} INFO - Sync 1 DAGs
[2025-05-06T07:46:28.686+0000] {logging_mixin.py:149} INFO - [2025-05-06T07:46:28.685+0000] {dag.py:3490} INFO - Setting next_dagrun for example_short_circuit_decorator to 2025-05-05T07:46:28.685773+00:00, run_after=2025-05-06T07:46:28.685773+00:00
[2025-05-06T07:46:28.704+0000] {processor.py:179} INFO - Processing /home/airflow/.local/lib/python3.7/site-packages/airflow/example_dags/example_short_circuit_decorator.py took 0.077 seconds
[2025-05-06T07:46:59.395+0000] {processor.py:157} INFO - Started process (PID=1819) to work on /home/airflow/.local/lib/python3.7/site-packages/airflow/example_dags/example_short_circuit_decorator.py
[2025-05-06T07:46:59.396+0000] {processor.py:826} INFO - Processing file /home/airflow/.local/lib/python3.7/site-packages/airflow/example_dags/example_short_circuit_decorator.py for tasks to queue
[2025-05-06T07:46:59.397+0000] {logging_mixin.py:149} INFO - [2025-05-06T07:46:59.397+0000] {dagbag.py:541} INFO - Filling up the DagBag from /home/airflow/.local/lib/python3.7/site-packages/airflow/example_dags/example_short_circuit_decorator.py
[2025-05-06T07:46:59.405+0000] {processor.py:836} INFO - DAG(s) dict_keys(['example_short_circuit_decorator']) retrieved from /home/airflow/.local/lib/python3.7/site-packages/airflow/example_dags/example_short_circuit_decorator.py
[2025-05-06T07:46:59.428+0000] {logging_mixin.py:149} INFO - [2025-05-06T07:46:59.428+0000] {dag.py:2726} INFO - Sync 1 DAGs
[2025-05-06T07:46:59.449+0000] {logging_mixin.py:149} INFO - [2025-05-06T07:46:59.449+0000] {dag.py:3490} INFO - Setting next_dagrun for example_short_circuit_decorator to 2025-05-05T07:46:59.449338+00:00, run_after=2025-05-06T07:46:59.449338+00:00
[2025-05-06T07:46:59.468+0000] {processor.py:179} INFO - Processing /home/airflow/.local/lib/python3.7/site-packages/airflow/example_dags/example_short_circuit_decorator.py took 0.075 seconds
[2025-05-06T07:47:29.547+0000] {processor.py:157} INFO - Started process (PID=1896) to work on /home/airflow/.local/lib/python3.7/site-packages/airflow/example_dags/example_short_circuit_decorator.py
[2025-05-06T07:47:29.547+0000] {processor.py:826} INFO - Processing file /home/airflow/.local/lib/python3.7/site-packages/airflow/example_dags/example_short_circuit_decorator.py for tasks to queue
[2025-05-06T07:47:29.548+0000] {logging_mixin.py:149} INFO - [2025-05-06T07:47:29.548+0000] {dagbag.py:541} INFO - Filling up the DagBag from /home/airflow/.local/lib/python3.7/site-packages/airflow/example_dags/example_short_circuit_decorator.py
[2025-05-06T07:47:29.556+0000] {processor.py:836} INFO - DAG(s) dict_keys(['example_short_circuit_decorator']) retrieved from /home/airflow/.local/lib/python3.7/site-packages/airflow/example_dags/example_short_circuit_decorator.py
[2025-05-06T07:47:29.580+0000] {logging_mixin.py:149} INFO - [2025-05-06T07:47:29.580+0000] {dag.py:2726} INFO - Sync 1 DAGs
[2025-05-06T07:47:29.600+0000] {logging_mixin.py:149} INFO - [2025-05-06T07:47:29.600+0000] {dag.py:3490} INFO - Setting next_dagrun for example_short_circuit_decorator to 2025-05-05T07:47:29.600616+00:00, run_after=2025-05-06T07:47:29.600616+00:00
[2025-05-06T07:47:29.619+0000] {processor.py:179} INFO - Processing /home/airflow/.local/lib/python3.7/site-packages/airflow/example_dags/example_short_circuit_decorator.py took 0.075 seconds
[2025-05-06T07:48:00.210+0000] {processor.py:157} INFO - Started process (PID=1973) to work on /home/airflow/.local/lib/python3.7/site-packages/airflow/example_dags/example_short_circuit_decorator.py
[2025-05-06T07:48:00.211+0000] {processor.py:826} INFO - Processing file /home/airflow/.local/lib/python3.7/site-packages/airflow/example_dags/example_short_circuit_decorator.py for tasks to queue
[2025-05-06T07:48:00.211+0000] {logging_mixin.py:149} INFO - [2025-05-06T07:48:00.211+0000] {dagbag.py:541} INFO - Filling up the DagBag from /home/airflow/.local/lib/python3.7/site-packages/airflow/example_dags/example_short_circuit_decorator.py
[2025-05-06T07:48:00.219+0000] {processor.py:836} INFO - DAG(s) dict_keys(['example_short_circuit_decorator']) retrieved from /home/airflow/.local/lib/python3.7/site-packages/airflow/example_dags/example_short_circuit_decorator.py
[2025-05-06T07:48:00.242+0000] {logging_mixin.py:149} INFO - [2025-05-06T07:48:00.242+0000] {dag.py:2726} INFO - Sync 1 DAGs
[2025-05-06T07:48:00.262+0000] {logging_mixin.py:149} INFO - [2025-05-06T07:48:00.262+0000] {dag.py:3490} INFO - Setting next_dagrun for example_short_circuit_decorator to 2025-05-05T07:48:00.261930+00:00, run_after=2025-05-06T07:48:00.261930+00:00
[2025-05-06T07:48:00.280+0000] {processor.py:179} INFO - Processing /home/airflow/.local/lib/python3.7/site-packages/airflow/example_dags/example_short_circuit_decorator.py took 0.073 seconds
[2025-05-06T07:48:30.918+0000] {processor.py:157} INFO - Started process (PID=2050) to work on /home/airflow/.local/lib/python3.7/site-packages/airflow/example_dags/example_short_circuit_decorator.py
[2025-05-06T07:48:30.919+0000] {processor.py:826} INFO - Processing file /home/airflow/.local/lib/python3.7/site-packages/airflow/example_dags/example_short_circuit_decorator.py for tasks to queue
[2025-05-06T07:48:30.919+0000] {logging_mixin.py:149} INFO - [2025-05-06T07:48:30.919+0000] {dagbag.py:541} INFO - Filling up the DagBag from /home/airflow/.local/lib/python3.7/site-packages/airflow/example_dags/example_short_circuit_decorator.py
[2025-05-06T07:48:30.928+0000] {processor.py:836} INFO - DAG(s) dict_keys(['example_short_circuit_decorator']) retrieved from /home/airflow/.local/lib/python3.7/site-packages/airflow/example_dags/example_short_circuit_decorator.py
[2025-05-06T07:48:30.952+0000] {logging_mixin.py:149} INFO - [2025-05-06T07:48:30.952+0000] {dag.py:2726} INFO - Sync 1 DAGs
[2025-05-06T07:48:30.972+0000] {logging_mixin.py:149} INFO - [2025-05-06T07:48:30.972+0000] {dag.py:3490} INFO - Setting next_dagrun for example_short_circuit_decorator to 2025-05-05T07:48:30.972002+00:00, run_after=2025-05-06T07:48:30.972002+00:00
[2025-05-06T07:48:30.990+0000] {processor.py:179} INFO - Processing /home/airflow/.local/lib/python3.7/site-packages/airflow/example_dags/example_short_circuit_decorator.py took 0.075 seconds
[2025-05-06T07:49:01.041+0000] {processor.py:157} INFO - Started process (PID=2126) to work on /home/airflow/.local/lib/python3.7/site-packages/airflow/example_dags/example_short_circuit_decorator.py
[2025-05-06T07:49:01.044+0000] {processor.py:826} INFO - Processing file /home/airflow/.local/lib/python3.7/site-packages/airflow/example_dags/example_short_circuit_decorator.py for tasks to queue
[2025-05-06T07:49:01.045+0000] {logging_mixin.py:149} INFO - [2025-05-06T07:49:01.044+0000] {dagbag.py:541} INFO - Filling up the DagBag from /home/airflow/.local/lib/python3.7/site-packages/airflow/example_dags/example_short_circuit_decorator.py
[2025-05-06T07:49:01.061+0000] {processor.py:836} INFO - DAG(s) dict_keys(['example_short_circuit_decorator']) retrieved from /home/airflow/.local/lib/python3.7/site-packages/airflow/example_dags/example_short_circuit_decorator.py
[2025-05-06T07:49:01.085+0000] {logging_mixin.py:149} INFO - [2025-05-06T07:49:01.085+0000] {dag.py:2726} INFO - Sync 1 DAGs
[2025-05-06T07:49:01.106+0000] {logging_mixin.py:149} INFO - [2025-05-06T07:49:01.106+0000] {dag.py:3490} INFO - Setting next_dagrun for example_short_circuit_decorator to 2025-05-05T07:49:01.106034+00:00, run_after=2025-05-06T07:49:01.106034+00:00
[2025-05-06T07:49:01.125+0000] {processor.py:179} INFO - Processing /home/airflow/.local/lib/python3.7/site-packages/airflow/example_dags/example_short_circuit_decorator.py took 0.092 seconds
[2025-05-06T07:49:31.298+0000] {processor.py:157} INFO - Started process (PID=2204) to work on /home/airflow/.local/lib/python3.7/site-packages/airflow/example_dags/example_short_circuit_decorator.py
[2025-05-06T07:49:31.299+0000] {processor.py:826} INFO - Processing file /home/airflow/.local/lib/python3.7/site-packages/airflow/example_dags/example_short_circuit_decorator.py for tasks to queue
[2025-05-06T07:49:31.300+0000] {logging_mixin.py:149} INFO - [2025-05-06T07:49:31.300+0000] {dagbag.py:541} INFO - Filling up the DagBag from /home/airflow/.local/lib/python3.7/site-packages/airflow/example_dags/example_short_circuit_decorator.py
[2025-05-06T07:49:31.308+0000] {processor.py:836} INFO - DAG(s) dict_keys(['example_short_circuit_decorator']) retrieved from /home/airflow/.local/lib/python3.7/site-packages/airflow/example_dags/example_short_circuit_decorator.py
[2025-05-06T07:49:31.331+0000] {logging_mixin.py:149} INFO - [2025-05-06T07:49:31.330+0000] {dag.py:2726} INFO - Sync 1 DAGs
[2025-05-06T07:49:31.351+0000] {logging_mixin.py:149} INFO - [2025-05-06T07:49:31.350+0000] {dag.py:3490} INFO - Setting next_dagrun for example_short_circuit_decorator to 2025-05-05T07:49:31.350661+00:00, run_after=2025-05-06T07:49:31.350661+00:00
[2025-05-06T07:49:31.369+0000] {processor.py:179} INFO - Processing /home/airflow/.local/lib/python3.7/site-packages/airflow/example_dags/example_short_circuit_decorator.py took 0.074 seconds
[2025-05-06T07:50:02.055+0000] {processor.py:157} INFO - Started process (PID=2281) to work on /home/airflow/.local/lib/python3.7/site-packages/airflow/example_dags/example_short_circuit_decorator.py
[2025-05-06T07:50:02.056+0000] {processor.py:826} INFO - Processing file /home/airflow/.local/lib/python3.7/site-packages/airflow/example_dags/example_short_circuit_decorator.py for tasks to queue
[2025-05-06T07:50:02.057+0000] {logging_mixin.py:149} INFO - [2025-05-06T07:50:02.057+0000] {dagbag.py:541} INFO - Filling up the DagBag from /home/airflow/.local/lib/python3.7/site-packages/airflow/example_dags/example_short_circuit_decorator.py
[2025-05-06T07:50:02.065+0000] {processor.py:836} INFO - DAG(s) dict_keys(['example_short_circuit_decorator']) retrieved from /home/airflow/.local/lib/python3.7/site-packages/airflow/example_dags/example_short_circuit_decorator.py
[2025-05-06T07:50:02.088+0000] {logging_mixin.py:149} INFO - [2025-05-06T07:50:02.088+0000] {dag.py:2726} INFO - Sync 1 DAGs
[2025-05-06T07:50:02.108+0000] {logging_mixin.py:149} INFO - [2025-05-06T07:50:02.108+0000] {dag.py:3490} INFO - Setting next_dagrun for example_short_circuit_decorator to 2025-05-05T07:50:02.108500+00:00, run_after=2025-05-06T07:50:02.108500+00:00
[2025-05-06T07:50:02.126+0000] {processor.py:179} INFO - Processing /home/airflow/.local/lib/python3.7/site-packages/airflow/example_dags/example_short_circuit_decorator.py took 0.073 seconds
[2025-05-06T07:50:32.731+0000] {processor.py:157} INFO - Started process (PID=2358) to work on /home/airflow/.local/lib/python3.7/site-packages/airflow/example_dags/example_short_circuit_decorator.py
[2025-05-06T07:50:32.733+0000] {processor.py:826} INFO - Processing file /home/airflow/.local/lib/python3.7/site-packages/airflow/example_dags/example_short_circuit_decorator.py for tasks to queue
[2025-05-06T07:50:32.733+0000] {logging_mixin.py:149} INFO - [2025-05-06T07:50:32.733+0000] {dagbag.py:541} INFO - Filling up the DagBag from /home/airflow/.local/lib/python3.7/site-packages/airflow/example_dags/example_short_circuit_decorator.py
[2025-05-06T07:50:32.745+0000] {processor.py:836} INFO - DAG(s) dict_keys(['example_short_circuit_decorator']) retrieved from /home/airflow/.local/lib/python3.7/site-packages/airflow/example_dags/example_short_circuit_decorator.py
[2025-05-06T07:50:32.768+0000] {logging_mixin.py:149} INFO - [2025-05-06T07:50:32.768+0000] {dag.py:2726} INFO - Sync 1 DAGs
[2025-05-06T07:50:32.789+0000] {logging_mixin.py:149} INFO - [2025-05-06T07:50:32.789+0000] {dag.py:3490} INFO - Setting next_dagrun for example_short_circuit_decorator to 2025-05-05T07:50:32.788940+00:00, run_after=2025-05-06T07:50:32.788940+00:00
[2025-05-06T07:50:32.807+0000] {processor.py:179} INFO - Processing /home/airflow/.local/lib/python3.7/site-packages/airflow/example_dags/example_short_circuit_decorator.py took 0.080 seconds
[2025-05-06T07:51:03.499+0000] {processor.py:157} INFO - Started process (PID=2435) to work on /home/airflow/.local/lib/python3.7/site-packages/airflow/example_dags/example_short_circuit_decorator.py
[2025-05-06T07:51:03.500+0000] {processor.py:826} INFO - Processing file /home/airflow/.local/lib/python3.7/site-packages/airflow/example_dags/example_short_circuit_decorator.py for tasks to queue
[2025-05-06T07:51:03.501+0000] {logging_mixin.py:149} INFO - [2025-05-06T07:51:03.501+0000] {dagbag.py:541} INFO - Filling up the DagBag from /home/airflow/.local/lib/python3.7/site-packages/airflow/example_dags/example_short_circuit_decorator.py
[2025-05-06T07:51:03.510+0000] {processor.py:836} INFO - DAG(s) dict_keys(['example_short_circuit_decorator']) retrieved from /home/airflow/.local/lib/python3.7/site-packages/airflow/example_dags/example_short_circuit_decorator.py
[2025-05-06T07:51:03.535+0000] {logging_mixin.py:149} INFO - [2025-05-06T07:51:03.535+0000] {dag.py:2726} INFO - Sync 1 DAGs
[2025-05-06T07:51:03.559+0000] {logging_mixin.py:149} INFO - [2025-05-06T07:51:03.559+0000] {dag.py:3490} INFO - Setting next_dagrun for example_short_circuit_decorator to 2025-05-05T07:51:03.559295+00:00, run_after=2025-05-06T07:51:03.559295+00:00
[2025-05-06T07:51:03.581+0000] {processor.py:179} INFO - Processing /home/airflow/.local/lib/python3.7/site-packages/airflow/example_dags/example_short_circuit_decorator.py took 0.084 seconds
[2025-05-06T07:51:34.034+0000] {processor.py:157} INFO - Started process (PID=2512) to work on /home/airflow/.local/lib/python3.7/site-packages/airflow/example_dags/example_short_circuit_decorator.py
[2025-05-06T07:51:34.035+0000] {processor.py:826} INFO - Processing file /home/airflow/.local/lib/python3.7/site-packages/airflow/example_dags/example_short_circuit_decorator.py for tasks to queue
[2025-05-06T07:51:34.035+0000] {logging_mixin.py:149} INFO - [2025-05-06T07:51:34.035+0000] {dagbag.py:541} INFO - Filling up the DagBag from /home/airflow/.local/lib/python3.7/site-packages/airflow/example_dags/example_short_circuit_decorator.py
[2025-05-06T07:51:34.043+0000] {processor.py:836} INFO - DAG(s) dict_keys(['example_short_circuit_decorator']) retrieved from /home/airflow/.local/lib/python3.7/site-packages/airflow/example_dags/example_short_circuit_decorator.py
[2025-05-06T07:51:34.068+0000] {logging_mixin.py:149} INFO - [2025-05-06T07:51:34.068+0000] {dag.py:2726} INFO - Sync 1 DAGs
[2025-05-06T07:51:34.090+0000] {logging_mixin.py:149} INFO - [2025-05-06T07:51:34.090+0000] {dag.py:3490} INFO - Setting next_dagrun for example_short_circuit_decorator to 2025-05-05T07:51:34.090188+00:00, run_after=2025-05-06T07:51:34.090188+00:00
[2025-05-06T07:51:34.110+0000] {processor.py:179} INFO - Processing /home/airflow/.local/lib/python3.7/site-packages/airflow/example_dags/example_short_circuit_decorator.py took 0.079 seconds
[2025-05-06T07:52:46.898+0000] {processor.py:157} INFO - Started process (PID=59) to work on /home/airflow/.local/lib/python3.7/site-packages/airflow/example_dags/example_short_circuit_decorator.py
[2025-05-06T07:52:46.907+0000] {processor.py:826} INFO - Processing file /home/airflow/.local/lib/python3.7/site-packages/airflow/example_dags/example_short_circuit_decorator.py for tasks to queue
[2025-05-06T07:52:46.911+0000] {logging_mixin.py:149} INFO - [2025-05-06T07:52:46.910+0000] {dagbag.py:541} INFO - Filling up the DagBag from /home/airflow/.local/lib/python3.7/site-packages/airflow/example_dags/example_short_circuit_decorator.py
[2025-05-06T07:52:47.011+0000] {processor.py:836} INFO - DAG(s) dict_keys(['example_short_circuit_decorator']) retrieved from /home/airflow/.local/lib/python3.7/site-packages/airflow/example_dags/example_short_circuit_decorator.py
[2025-05-06T07:52:47.113+0000] {logging_mixin.py:149} INFO - [2025-05-06T07:52:47.113+0000] {dag.py:2726} INFO - Sync 1 DAGs
[2025-05-06T07:52:47.237+0000] {logging_mixin.py:149} INFO - [2025-05-06T07:52:47.237+0000] {dag.py:3490} INFO - Setting next_dagrun for example_short_circuit_decorator to 2025-05-05T07:52:47.235367+00:00, run_after=2025-05-06T07:52:47.235367+00:00
[2025-05-06T07:52:47.357+0000] {processor.py:179} INFO - Processing /home/airflow/.local/lib/python3.7/site-packages/airflow/example_dags/example_short_circuit_decorator.py took 0.468 seconds
