[2025-05-06T07:35:21.178+0000] {processor.py:157} INFO - Started process (PID=96) to work on /home/airflow/.local/lib/python3.7/site-packages/airflow/example_dags/example_task_group_decorator.py
[2025-05-06T07:35:21.179+0000] {processor.py:826} INFO - Processing file /home/airflow/.local/lib/python3.7/site-packages/airflow/example_dags/example_task_group_decorator.py for tasks to queue
[2025-05-06T07:35:21.180+0000] {logging_mixin.py:149} INFO - [2025-05-06T07:35:21.180+0000] {dagbag.py:541} INFO - Filling up the DagBag from /home/airflow/.local/lib/python3.7/site-packages/airflow/example_dags/example_task_group_decorator.py
[2025-05-06T07:35:21.198+0000] {processor.py:836} INFO - DAG(s) dict_keys(['example_task_group_decorator']) retrieved from /home/airflow/.local/lib/python3.7/site-packages/airflow/example_dags/example_task_group_decorator.py
[2025-05-06T07:35:21.213+0000] {logging_mixin.py:149} INFO - [2025-05-06T07:35:21.212+0000] {dag.py:2726} INFO - Sync 1 DAGs
[2025-05-06T07:35:21.257+0000] {logging_mixin.py:149} INFO - [2025-05-06T07:35:21.257+0000] {dag.py:3490} INFO - Setting next_dagrun for example_task_group_decorator to 2025-05-05T07:35:21.256922+00:00, run_after=2025-05-06T07:35:21.256922+00:00
[2025-05-06T07:35:21.299+0000] {processor.py:179} INFO - Processing /home/airflow/.local/lib/python3.7/site-packages/airflow/example_dags/example_task_group_decorator.py took 0.125 seconds
[2025-05-06T07:35:51.440+0000] {processor.py:157} INFO - Started process (PID=174) to work on /home/airflow/.local/lib/python3.7/site-packages/airflow/example_dags/example_task_group_decorator.py
[2025-05-06T07:35:51.442+0000] {processor.py:826} INFO - Processing file /home/airflow/.local/lib/python3.7/site-packages/airflow/example_dags/example_task_group_decorator.py for tasks to queue
[2025-05-06T07:35:51.444+0000] {logging_mixin.py:149} INFO - [2025-05-06T07:35:51.443+0000] {dagbag.py:541} INFO - Filling up the DagBag from /home/airflow/.local/lib/python3.7/site-packages/airflow/example_dags/example_task_group_decorator.py
[2025-05-06T07:35:51.468+0000] {processor.py:836} INFO - DAG(s) dict_keys(['example_task_group_decorator']) retrieved from /home/airflow/.local/lib/python3.7/site-packages/airflow/example_dags/example_task_group_decorator.py
[2025-05-06T07:35:51.519+0000] {logging_mixin.py:149} INFO - [2025-05-06T07:35:51.519+0000] {dag.py:2726} INFO - Sync 1 DAGs
[2025-05-06T07:35:51.559+0000] {logging_mixin.py:149} INFO - [2025-05-06T07:35:51.558+0000] {dag.py:3490} INFO - Setting next_dagrun for example_task_group_decorator to 2025-05-05T07:35:51.558616+00:00, run_after=2025-05-06T07:35:51.558616+00:00
[2025-05-06T07:35:51.592+0000] {processor.py:179} INFO - Processing /home/airflow/.local/lib/python3.7/site-packages/airflow/example_dags/example_task_group_decorator.py took 0.157 seconds
[2025-05-06T07:36:23.548+0000] {processor.py:157} INFO - Started process (PID=251) to work on /home/airflow/.local/lib/python3.7/site-packages/airflow/example_dags/example_task_group_decorator.py
[2025-05-06T07:36:23.549+0000] {processor.py:826} INFO - Processing file /home/airflow/.local/lib/python3.7/site-packages/airflow/example_dags/example_task_group_decorator.py for tasks to queue
[2025-05-06T07:36:23.550+0000] {logging_mixin.py:149} INFO - [2025-05-06T07:36:23.550+0000] {dagbag.py:541} INFO - Filling up the DagBag from /home/airflow/.local/lib/python3.7/site-packages/airflow/example_dags/example_task_group_decorator.py
[2025-05-06T07:36:23.568+0000] {processor.py:836} INFO - DAG(s) dict_keys(['example_task_group_decorator']) retrieved from /home/airflow/.local/lib/python3.7/site-packages/airflow/example_dags/example_task_group_decorator.py
[2025-05-06T07:36:23.614+0000] {logging_mixin.py:149} INFO - [2025-05-06T07:36:23.614+0000] {dag.py:2726} INFO - Sync 1 DAGs
[2025-05-06T07:36:23.661+0000] {logging_mixin.py:149} INFO - [2025-05-06T07:36:23.660+0000] {dag.py:3490} INFO - Setting next_dagrun for example_task_group_decorator to 2025-05-05T07:36:23.660174+00:00, run_after=2025-05-06T07:36:23.660174+00:00
[2025-05-06T07:36:23.706+0000] {processor.py:179} INFO - Processing /home/airflow/.local/lib/python3.7/site-packages/airflow/example_dags/example_task_group_decorator.py took 0.163 seconds
[2025-05-06T07:36:54.810+0000] {processor.py:157} INFO - Started process (PID=328) to work on /home/airflow/.local/lib/python3.7/site-packages/airflow/example_dags/example_task_group_decorator.py
[2025-05-06T07:36:54.812+0000] {processor.py:826} INFO - Processing file /home/airflow/.local/lib/python3.7/site-packages/airflow/example_dags/example_task_group_decorator.py for tasks to queue
[2025-05-06T07:36:54.814+0000] {logging_mixin.py:149} INFO - [2025-05-06T07:36:54.814+0000] {dagbag.py:541} INFO - Filling up the DagBag from /home/airflow/.local/lib/python3.7/site-packages/airflow/example_dags/example_task_group_decorator.py
[2025-05-06T07:36:54.854+0000] {processor.py:836} INFO - DAG(s) dict_keys(['example_task_group_decorator']) retrieved from /home/airflow/.local/lib/python3.7/site-packages/airflow/example_dags/example_task_group_decorator.py
[2025-05-06T07:36:54.943+0000] {logging_mixin.py:149} INFO - [2025-05-06T07:36:54.942+0000] {dag.py:2726} INFO - Sync 1 DAGs
[2025-05-06T07:36:55.007+0000] {logging_mixin.py:149} INFO - [2025-05-06T07:36:55.007+0000] {dag.py:3490} INFO - Setting next_dagrun for example_task_group_decorator to 2025-05-05T07:36:55.006793+00:00, run_after=2025-05-06T07:36:55.006793+00:00
[2025-05-06T07:36:55.058+0000] {processor.py:179} INFO - Processing /home/airflow/.local/lib/python3.7/site-packages/airflow/example_dags/example_task_group_decorator.py took 0.255 seconds
[2025-05-06T07:37:25.745+0000] {processor.py:157} INFO - Started process (PID=405) to work on /home/airflow/.local/lib/python3.7/site-packages/airflow/example_dags/example_task_group_decorator.py
[2025-05-06T07:37:25.746+0000] {processor.py:826} INFO - Processing file /home/airflow/.local/lib/python3.7/site-packages/airflow/example_dags/example_task_group_decorator.py for tasks to queue
[2025-05-06T07:37:25.747+0000] {logging_mixin.py:149} INFO - [2025-05-06T07:37:25.747+0000] {dagbag.py:541} INFO - Filling up the DagBag from /home/airflow/.local/lib/python3.7/site-packages/airflow/example_dags/example_task_group_decorator.py
[2025-05-06T07:37:25.758+0000] {processor.py:836} INFO - DAG(s) dict_keys(['example_task_group_decorator']) retrieved from /home/airflow/.local/lib/python3.7/site-packages/airflow/example_dags/example_task_group_decorator.py
[2025-05-06T07:37:25.782+0000] {logging_mixin.py:149} INFO - [2025-05-06T07:37:25.782+0000] {dag.py:2726} INFO - Sync 1 DAGs
[2025-05-06T07:37:25.802+0000] {logging_mixin.py:149} INFO - [2025-05-06T07:37:25.801+0000] {dag.py:3490} INFO - Setting next_dagrun for example_task_group_decorator to 2025-05-05T07:37:25.801754+00:00, run_after=2025-05-06T07:37:25.801754+00:00
[2025-05-06T07:37:25.820+0000] {processor.py:179} INFO - Processing /home/airflow/.local/lib/python3.7/site-packages/airflow/example_dags/example_task_group_decorator.py took 0.077 seconds
[2025-05-06T07:37:55.842+0000] {processor.py:157} INFO - Started process (PID=482) to work on /home/airflow/.local/lib/python3.7/site-packages/airflow/example_dags/example_task_group_decorator.py
[2025-05-06T07:37:55.843+0000] {processor.py:826} INFO - Processing file /home/airflow/.local/lib/python3.7/site-packages/airflow/example_dags/example_task_group_decorator.py for tasks to queue
[2025-05-06T07:37:55.843+0000] {logging_mixin.py:149} INFO - [2025-05-06T07:37:55.843+0000] {dagbag.py:541} INFO - Filling up the DagBag from /home/airflow/.local/lib/python3.7/site-packages/airflow/example_dags/example_task_group_decorator.py
[2025-05-06T07:37:55.855+0000] {processor.py:836} INFO - DAG(s) dict_keys(['example_task_group_decorator']) retrieved from /home/airflow/.local/lib/python3.7/site-packages/airflow/example_dags/example_task_group_decorator.py
[2025-05-06T07:37:55.878+0000] {logging_mixin.py:149} INFO - [2025-05-06T07:37:55.878+0000] {dag.py:2726} INFO - Sync 1 DAGs
[2025-05-06T07:37:55.898+0000] {logging_mixin.py:149} INFO - [2025-05-06T07:37:55.897+0000] {dag.py:3490} INFO - Setting next_dagrun for example_task_group_decorator to 2025-05-05T07:37:55.897682+00:00, run_after=2025-05-06T07:37:55.897682+00:00
[2025-05-06T07:37:55.914+0000] {processor.py:179} INFO - Processing /home/airflow/.local/lib/python3.7/site-packages/airflow/example_dags/example_task_group_decorator.py took 0.074 seconds
[2025-05-06T07:38:26.489+0000] {processor.py:157} INFO - Started process (PID=559) to work on /home/airflow/.local/lib/python3.7/site-packages/airflow/example_dags/example_task_group_decorator.py
[2025-05-06T07:38:26.490+0000] {processor.py:826} INFO - Processing file /home/airflow/.local/lib/python3.7/site-packages/airflow/example_dags/example_task_group_decorator.py for tasks to queue
[2025-05-06T07:38:26.491+0000] {logging_mixin.py:149} INFO - [2025-05-06T07:38:26.491+0000] {dagbag.py:541} INFO - Filling up the DagBag from /home/airflow/.local/lib/python3.7/site-packages/airflow/example_dags/example_task_group_decorator.py
[2025-05-06T07:38:26.508+0000] {processor.py:836} INFO - DAG(s) dict_keys(['example_task_group_decorator']) retrieved from /home/airflow/.local/lib/python3.7/site-packages/airflow/example_dags/example_task_group_decorator.py
[2025-05-06T07:38:26.542+0000] {logging_mixin.py:149} INFO - [2025-05-06T07:38:26.542+0000] {dag.py:2726} INFO - Sync 1 DAGs
[2025-05-06T07:38:26.574+0000] {logging_mixin.py:149} INFO - [2025-05-06T07:38:26.574+0000] {dag.py:3490} INFO - Setting next_dagrun for example_task_group_decorator to 2025-05-05T07:38:26.574462+00:00, run_after=2025-05-06T07:38:26.574462+00:00
[2025-05-06T07:38:26.601+0000] {processor.py:179} INFO - Processing /home/airflow/.local/lib/python3.7/site-packages/airflow/example_dags/example_task_group_decorator.py took 0.116 seconds
[2025-05-06T07:38:57.467+0000] {processor.py:157} INFO - Started process (PID=636) to work on /home/airflow/.local/lib/python3.7/site-packages/airflow/example_dags/example_task_group_decorator.py
[2025-05-06T07:38:57.467+0000] {processor.py:826} INFO - Processing file /home/airflow/.local/lib/python3.7/site-packages/airflow/example_dags/example_task_group_decorator.py for tasks to queue
[2025-05-06T07:38:57.468+0000] {logging_mixin.py:149} INFO - [2025-05-06T07:38:57.468+0000] {dagbag.py:541} INFO - Filling up the DagBag from /home/airflow/.local/lib/python3.7/site-packages/airflow/example_dags/example_task_group_decorator.py
[2025-05-06T07:38:57.479+0000] {processor.py:836} INFO - DAG(s) dict_keys(['example_task_group_decorator']) retrieved from /home/airflow/.local/lib/python3.7/site-packages/airflow/example_dags/example_task_group_decorator.py
[2025-05-06T07:38:57.503+0000] {logging_mixin.py:149} INFO - [2025-05-06T07:38:57.503+0000] {dag.py:2726} INFO - Sync 1 DAGs
[2025-05-06T07:38:57.522+0000] {logging_mixin.py:149} INFO - [2025-05-06T07:38:57.522+0000] {dag.py:3490} INFO - Setting next_dagrun for example_task_group_decorator to 2025-05-05T07:38:57.522541+00:00, run_after=2025-05-06T07:38:57.522541+00:00
[2025-05-06T07:38:57.540+0000] {processor.py:179} INFO - Processing /home/airflow/.local/lib/python3.7/site-packages/airflow/example_dags/example_task_group_decorator.py took 0.076 seconds
[2025-05-06T07:39:28.318+0000] {processor.py:157} INFO - Started process (PID=713) to work on /home/airflow/.local/lib/python3.7/site-packages/airflow/example_dags/example_task_group_decorator.py
[2025-05-06T07:39:28.319+0000] {processor.py:826} INFO - Processing file /home/airflow/.local/lib/python3.7/site-packages/airflow/example_dags/example_task_group_decorator.py for tasks to queue
[2025-05-06T07:39:28.320+0000] {logging_mixin.py:149} INFO - [2025-05-06T07:39:28.320+0000] {dagbag.py:541} INFO - Filling up the DagBag from /home/airflow/.local/lib/python3.7/site-packages/airflow/example_dags/example_task_group_decorator.py
[2025-05-06T07:39:28.331+0000] {processor.py:836} INFO - DAG(s) dict_keys(['example_task_group_decorator']) retrieved from /home/airflow/.local/lib/python3.7/site-packages/airflow/example_dags/example_task_group_decorator.py
[2025-05-06T07:39:28.356+0000] {logging_mixin.py:149} INFO - [2025-05-06T07:39:28.356+0000] {dag.py:2726} INFO - Sync 1 DAGs
[2025-05-06T07:39:28.376+0000] {logging_mixin.py:149} INFO - [2025-05-06T07:39:28.376+0000] {dag.py:3490} INFO - Setting next_dagrun for example_task_group_decorator to 2025-05-05T07:39:28.376157+00:00, run_after=2025-05-06T07:39:28.376157+00:00
[2025-05-06T07:39:28.394+0000] {processor.py:179} INFO - Processing /home/airflow/.local/lib/python3.7/site-packages/airflow/example_dags/example_task_group_decorator.py took 0.079 seconds
[2025-05-06T07:39:58.934+0000] {processor.py:157} INFO - Started process (PID=790) to work on /home/airflow/.local/lib/python3.7/site-packages/airflow/example_dags/example_task_group_decorator.py
[2025-05-06T07:39:58.935+0000] {processor.py:826} INFO - Processing file /home/airflow/.local/lib/python3.7/site-packages/airflow/example_dags/example_task_group_decorator.py for tasks to queue
[2025-05-06T07:39:58.935+0000] {logging_mixin.py:149} INFO - [2025-05-06T07:39:58.935+0000] {dagbag.py:541} INFO - Filling up the DagBag from /home/airflow/.local/lib/python3.7/site-packages/airflow/example_dags/example_task_group_decorator.py
[2025-05-06T07:39:58.947+0000] {processor.py:836} INFO - DAG(s) dict_keys(['example_task_group_decorator']) retrieved from /home/airflow/.local/lib/python3.7/site-packages/airflow/example_dags/example_task_group_decorator.py
[2025-05-06T07:39:58.974+0000] {logging_mixin.py:149} INFO - [2025-05-06T07:39:58.974+0000] {dag.py:2726} INFO - Sync 1 DAGs
[2025-05-06T07:39:58.995+0000] {logging_mixin.py:149} INFO - [2025-05-06T07:39:58.995+0000] {dag.py:3490} INFO - Setting next_dagrun for example_task_group_decorator to 2025-05-05T07:39:58.995465+00:00, run_after=2025-05-06T07:39:58.995465+00:00
[2025-05-06T07:39:59.013+0000] {processor.py:179} INFO - Processing /home/airflow/.local/lib/python3.7/site-packages/airflow/example_dags/example_task_group_decorator.py took 0.083 seconds
[2025-05-06T07:40:29.401+0000] {processor.py:157} INFO - Started process (PID=867) to work on /home/airflow/.local/lib/python3.7/site-packages/airflow/example_dags/example_task_group_decorator.py
[2025-05-06T07:40:29.402+0000] {processor.py:826} INFO - Processing file /home/airflow/.local/lib/python3.7/site-packages/airflow/example_dags/example_task_group_decorator.py for tasks to queue
[2025-05-06T07:40:29.402+0000] {logging_mixin.py:149} INFO - [2025-05-06T07:40:29.402+0000] {dagbag.py:541} INFO - Filling up the DagBag from /home/airflow/.local/lib/python3.7/site-packages/airflow/example_dags/example_task_group_decorator.py
[2025-05-06T07:40:29.414+0000] {processor.py:836} INFO - DAG(s) dict_keys(['example_task_group_decorator']) retrieved from /home/airflow/.local/lib/python3.7/site-packages/airflow/example_dags/example_task_group_decorator.py
[2025-05-06T07:40:29.439+0000] {logging_mixin.py:149} INFO - [2025-05-06T07:40:29.439+0000] {dag.py:2726} INFO - Sync 1 DAGs
[2025-05-06T07:40:29.463+0000] {logging_mixin.py:149} INFO - [2025-05-06T07:40:29.463+0000] {dag.py:3490} INFO - Setting next_dagrun for example_task_group_decorator to 2025-05-05T07:40:29.462815+00:00, run_after=2025-05-06T07:40:29.462815+00:00
[2025-05-06T07:40:29.483+0000] {processor.py:179} INFO - Processing /home/airflow/.local/lib/python3.7/site-packages/airflow/example_dags/example_task_group_decorator.py took 0.086 seconds
[2025-05-06T07:40:59.846+0000] {processor.py:157} INFO - Started process (PID=944) to work on /home/airflow/.local/lib/python3.7/site-packages/airflow/example_dags/example_task_group_decorator.py
[2025-05-06T07:40:59.847+0000] {processor.py:826} INFO - Processing file /home/airflow/.local/lib/python3.7/site-packages/airflow/example_dags/example_task_group_decorator.py for tasks to queue
[2025-05-06T07:40:59.848+0000] {logging_mixin.py:149} INFO - [2025-05-06T07:40:59.848+0000] {dagbag.py:541} INFO - Filling up the DagBag from /home/airflow/.local/lib/python3.7/site-packages/airflow/example_dags/example_task_group_decorator.py
[2025-05-06T07:40:59.860+0000] {processor.py:836} INFO - DAG(s) dict_keys(['example_task_group_decorator']) retrieved from /home/airflow/.local/lib/python3.7/site-packages/airflow/example_dags/example_task_group_decorator.py
[2025-05-06T07:40:59.884+0000] {logging_mixin.py:149} INFO - [2025-05-06T07:40:59.884+0000] {dag.py:2726} INFO - Sync 1 DAGs
[2025-05-06T07:40:59.904+0000] {logging_mixin.py:149} INFO - [2025-05-06T07:40:59.904+0000] {dag.py:3490} INFO - Setting next_dagrun for example_task_group_decorator to 2025-05-05T07:40:59.904214+00:00, run_after=2025-05-06T07:40:59.904214+00:00
[2025-05-06T07:40:59.922+0000] {processor.py:179} INFO - Processing /home/airflow/.local/lib/python3.7/site-packages/airflow/example_dags/example_task_group_decorator.py took 0.078 seconds
[2025-05-06T07:41:30.402+0000] {processor.py:157} INFO - Started process (PID=1021) to work on /home/airflow/.local/lib/python3.7/site-packages/airflow/example_dags/example_task_group_decorator.py
[2025-05-06T07:41:30.404+0000] {processor.py:826} INFO - Processing file /home/airflow/.local/lib/python3.7/site-packages/airflow/example_dags/example_task_group_decorator.py for tasks to queue
[2025-05-06T07:41:30.405+0000] {logging_mixin.py:149} INFO - [2025-05-06T07:41:30.405+0000] {dagbag.py:541} INFO - Filling up the DagBag from /home/airflow/.local/lib/python3.7/site-packages/airflow/example_dags/example_task_group_decorator.py
[2025-05-06T07:41:30.417+0000] {processor.py:836} INFO - DAG(s) dict_keys(['example_task_group_decorator']) retrieved from /home/airflow/.local/lib/python3.7/site-packages/airflow/example_dags/example_task_group_decorator.py
[2025-05-06T07:41:30.441+0000] {logging_mixin.py:149} INFO - [2025-05-06T07:41:30.441+0000] {dag.py:2726} INFO - Sync 1 DAGs
[2025-05-06T07:41:30.461+0000] {logging_mixin.py:149} INFO - [2025-05-06T07:41:30.461+0000] {dag.py:3490} INFO - Setting next_dagrun for example_task_group_decorator to 2025-05-05T07:41:30.461278+00:00, run_after=2025-05-06T07:41:30.461278+00:00
[2025-05-06T07:41:30.495+0000] {processor.py:179} INFO - Processing /home/airflow/.local/lib/python3.7/site-packages/airflow/example_dags/example_task_group_decorator.py took 0.096 seconds
[2025-05-06T07:42:00.940+0000] {processor.py:157} INFO - Started process (PID=1098) to work on /home/airflow/.local/lib/python3.7/site-packages/airflow/example_dags/example_task_group_decorator.py
[2025-05-06T07:42:00.941+0000] {processor.py:826} INFO - Processing file /home/airflow/.local/lib/python3.7/site-packages/airflow/example_dags/example_task_group_decorator.py for tasks to queue
[2025-05-06T07:42:00.941+0000] {logging_mixin.py:149} INFO - [2025-05-06T07:42:00.941+0000] {dagbag.py:541} INFO - Filling up the DagBag from /home/airflow/.local/lib/python3.7/site-packages/airflow/example_dags/example_task_group_decorator.py
[2025-05-06T07:42:00.953+0000] {processor.py:836} INFO - DAG(s) dict_keys(['example_task_group_decorator']) retrieved from /home/airflow/.local/lib/python3.7/site-packages/airflow/example_dags/example_task_group_decorator.py
[2025-05-06T07:42:00.977+0000] {logging_mixin.py:149} INFO - [2025-05-06T07:42:00.977+0000] {dag.py:2726} INFO - Sync 1 DAGs
[2025-05-06T07:42:00.997+0000] {logging_mixin.py:149} INFO - [2025-05-06T07:42:00.997+0000] {dag.py:3490} INFO - Setting next_dagrun for example_task_group_decorator to 2025-05-05T07:42:00.997191+00:00, run_after=2025-05-06T07:42:00.997191+00:00
[2025-05-06T07:42:01.016+0000] {processor.py:179} INFO - Processing /home/airflow/.local/lib/python3.7/site-packages/airflow/example_dags/example_task_group_decorator.py took 0.079 seconds
[2025-05-06T07:42:31.414+0000] {processor.py:157} INFO - Started process (PID=1175) to work on /home/airflow/.local/lib/python3.7/site-packages/airflow/example_dags/example_task_group_decorator.py
[2025-05-06T07:42:31.416+0000] {processor.py:826} INFO - Processing file /home/airflow/.local/lib/python3.7/site-packages/airflow/example_dags/example_task_group_decorator.py for tasks to queue
[2025-05-06T07:42:31.416+0000] {logging_mixin.py:149} INFO - [2025-05-06T07:42:31.416+0000] {dagbag.py:541} INFO - Filling up the DagBag from /home/airflow/.local/lib/python3.7/site-packages/airflow/example_dags/example_task_group_decorator.py
[2025-05-06T07:42:31.431+0000] {processor.py:836} INFO - DAG(s) dict_keys(['example_task_group_decorator']) retrieved from /home/airflow/.local/lib/python3.7/site-packages/airflow/example_dags/example_task_group_decorator.py
[2025-05-06T07:42:31.463+0000] {logging_mixin.py:149} INFO - [2025-05-06T07:42:31.463+0000] {dag.py:2726} INFO - Sync 1 DAGs
[2025-05-06T07:42:31.490+0000] {logging_mixin.py:149} INFO - [2025-05-06T07:42:31.490+0000] {dag.py:3490} INFO - Setting next_dagrun for example_task_group_decorator to 2025-05-05T07:42:31.490231+00:00, run_after=2025-05-06T07:42:31.490231+00:00
[2025-05-06T07:42:31.514+0000] {processor.py:179} INFO - Processing /home/airflow/.local/lib/python3.7/site-packages/airflow/example_dags/example_task_group_decorator.py took 0.103 seconds
[2025-05-06T07:43:01.962+0000] {processor.py:157} INFO - Started process (PID=1252) to work on /home/airflow/.local/lib/python3.7/site-packages/airflow/example_dags/example_task_group_decorator.py
[2025-05-06T07:43:01.963+0000] {processor.py:826} INFO - Processing file /home/airflow/.local/lib/python3.7/site-packages/airflow/example_dags/example_task_group_decorator.py for tasks to queue
[2025-05-06T07:43:01.964+0000] {logging_mixin.py:149} INFO - [2025-05-06T07:43:01.963+0000] {dagbag.py:541} INFO - Filling up the DagBag from /home/airflow/.local/lib/python3.7/site-packages/airflow/example_dags/example_task_group_decorator.py
[2025-05-06T07:43:01.975+0000] {processor.py:836} INFO - DAG(s) dict_keys(['example_task_group_decorator']) retrieved from /home/airflow/.local/lib/python3.7/site-packages/airflow/example_dags/example_task_group_decorator.py
[2025-05-06T07:43:02.000+0000] {logging_mixin.py:149} INFO - [2025-05-06T07:43:02.000+0000] {dag.py:2726} INFO - Sync 1 DAGs
[2025-05-06T07:43:02.022+0000] {logging_mixin.py:149} INFO - [2025-05-06T07:43:02.021+0000] {dag.py:3490} INFO - Setting next_dagrun for example_task_group_decorator to 2025-05-05T07:43:02.021660+00:00, run_after=2025-05-06T07:43:02.021660+00:00
[2025-05-06T07:43:02.039+0000] {processor.py:179} INFO - Processing /home/airflow/.local/lib/python3.7/site-packages/airflow/example_dags/example_task_group_decorator.py took 0.080 seconds
[2025-05-06T07:43:32.553+0000] {processor.py:157} INFO - Started process (PID=1329) to work on /home/airflow/.local/lib/python3.7/site-packages/airflow/example_dags/example_task_group_decorator.py
[2025-05-06T07:43:32.554+0000] {processor.py:826} INFO - Processing file /home/airflow/.local/lib/python3.7/site-packages/airflow/example_dags/example_task_group_decorator.py for tasks to queue
[2025-05-06T07:43:32.555+0000] {logging_mixin.py:149} INFO - [2025-05-06T07:43:32.554+0000] {dagbag.py:541} INFO - Filling up the DagBag from /home/airflow/.local/lib/python3.7/site-packages/airflow/example_dags/example_task_group_decorator.py
[2025-05-06T07:43:32.566+0000] {processor.py:836} INFO - DAG(s) dict_keys(['example_task_group_decorator']) retrieved from /home/airflow/.local/lib/python3.7/site-packages/airflow/example_dags/example_task_group_decorator.py
[2025-05-06T07:43:32.592+0000] {logging_mixin.py:149} INFO - [2025-05-06T07:43:32.592+0000] {dag.py:2726} INFO - Sync 1 DAGs
[2025-05-06T07:43:32.613+0000] {logging_mixin.py:149} INFO - [2025-05-06T07:43:32.613+0000] {dag.py:3490} INFO - Setting next_dagrun for example_task_group_decorator to 2025-05-05T07:43:32.613139+00:00, run_after=2025-05-06T07:43:32.613139+00:00
[2025-05-06T07:43:32.629+0000] {processor.py:179} INFO - Processing /home/airflow/.local/lib/python3.7/site-packages/airflow/example_dags/example_task_group_decorator.py took 0.079 seconds
[2025-05-06T07:44:04.063+0000] {processor.py:157} INFO - Started process (PID=1406) to work on /home/airflow/.local/lib/python3.7/site-packages/airflow/example_dags/example_task_group_decorator.py
[2025-05-06T07:44:04.064+0000] {processor.py:826} INFO - Processing file /home/airflow/.local/lib/python3.7/site-packages/airflow/example_dags/example_task_group_decorator.py for tasks to queue
[2025-05-06T07:44:04.065+0000] {logging_mixin.py:149} INFO - [2025-05-06T07:44:04.065+0000] {dagbag.py:541} INFO - Filling up the DagBag from /home/airflow/.local/lib/python3.7/site-packages/airflow/example_dags/example_task_group_decorator.py
[2025-05-06T07:44:04.087+0000] {processor.py:836} INFO - DAG(s) dict_keys(['example_task_group_decorator']) retrieved from /home/airflow/.local/lib/python3.7/site-packages/airflow/example_dags/example_task_group_decorator.py
[2025-05-06T07:44:04.127+0000] {logging_mixin.py:149} INFO - [2025-05-06T07:44:04.127+0000] {dag.py:2726} INFO - Sync 1 DAGs
[2025-05-06T07:44:04.161+0000] {logging_mixin.py:149} INFO - [2025-05-06T07:44:04.161+0000] {dag.py:3490} INFO - Setting next_dagrun for example_task_group_decorator to 2025-05-05T07:44:04.161116+00:00, run_after=2025-05-06T07:44:04.161116+00:00
[2025-05-06T07:44:04.190+0000] {processor.py:179} INFO - Processing /home/airflow/.local/lib/python3.7/site-packages/airflow/example_dags/example_task_group_decorator.py took 0.132 seconds
[2025-05-06T07:44:35.013+0000] {processor.py:157} INFO - Started process (PID=1483) to work on /home/airflow/.local/lib/python3.7/site-packages/airflow/example_dags/example_task_group_decorator.py
[2025-05-06T07:44:35.014+0000] {processor.py:826} INFO - Processing file /home/airflow/.local/lib/python3.7/site-packages/airflow/example_dags/example_task_group_decorator.py for tasks to queue
[2025-05-06T07:44:35.015+0000] {logging_mixin.py:149} INFO - [2025-05-06T07:44:35.014+0000] {dagbag.py:541} INFO - Filling up the DagBag from /home/airflow/.local/lib/python3.7/site-packages/airflow/example_dags/example_task_group_decorator.py
[2025-05-06T07:44:35.029+0000] {processor.py:836} INFO - DAG(s) dict_keys(['example_task_group_decorator']) retrieved from /home/airflow/.local/lib/python3.7/site-packages/airflow/example_dags/example_task_group_decorator.py
[2025-05-06T07:44:35.061+0000] {logging_mixin.py:149} INFO - [2025-05-06T07:44:35.061+0000] {dag.py:2726} INFO - Sync 1 DAGs
[2025-05-06T07:44:35.089+0000] {logging_mixin.py:149} INFO - [2025-05-06T07:44:35.089+0000] {dag.py:3490} INFO - Setting next_dagrun for example_task_group_decorator to 2025-05-05T07:44:35.089137+00:00, run_after=2025-05-06T07:44:35.089137+00:00
[2025-05-06T07:44:35.112+0000] {processor.py:179} INFO - Processing /home/airflow/.local/lib/python3.7/site-packages/airflow/example_dags/example_task_group_decorator.py took 0.103 seconds
[2025-05-06T07:45:05.134+0000] {processor.py:157} INFO - Started process (PID=1560) to work on /home/airflow/.local/lib/python3.7/site-packages/airflow/example_dags/example_task_group_decorator.py
[2025-05-06T07:45:05.135+0000] {processor.py:826} INFO - Processing file /home/airflow/.local/lib/python3.7/site-packages/airflow/example_dags/example_task_group_decorator.py for tasks to queue
[2025-05-06T07:45:05.135+0000] {logging_mixin.py:149} INFO - [2025-05-06T07:45:05.135+0000] {dagbag.py:541} INFO - Filling up the DagBag from /home/airflow/.local/lib/python3.7/site-packages/airflow/example_dags/example_task_group_decorator.py
[2025-05-06T07:45:05.147+0000] {processor.py:836} INFO - DAG(s) dict_keys(['example_task_group_decorator']) retrieved from /home/airflow/.local/lib/python3.7/site-packages/airflow/example_dags/example_task_group_decorator.py
[2025-05-06T07:45:05.171+0000] {logging_mixin.py:149} INFO - [2025-05-06T07:45:05.170+0000] {dag.py:2726} INFO - Sync 1 DAGs
[2025-05-06T07:45:05.190+0000] {logging_mixin.py:149} INFO - [2025-05-06T07:45:05.190+0000] {dag.py:3490} INFO - Setting next_dagrun for example_task_group_decorator to 2025-05-05T07:45:05.190031+00:00, run_after=2025-05-06T07:45:05.190031+00:00
[2025-05-06T07:45:05.208+0000] {processor.py:179} INFO - Processing /home/airflow/.local/lib/python3.7/site-packages/airflow/example_dags/example_task_group_decorator.py took 0.076 seconds
[2025-05-06T07:45:35.750+0000] {processor.py:157} INFO - Started process (PID=1637) to work on /home/airflow/.local/lib/python3.7/site-packages/airflow/example_dags/example_task_group_decorator.py
[2025-05-06T07:45:35.751+0000] {processor.py:826} INFO - Processing file /home/airflow/.local/lib/python3.7/site-packages/airflow/example_dags/example_task_group_decorator.py for tasks to queue
[2025-05-06T07:45:35.752+0000] {logging_mixin.py:149} INFO - [2025-05-06T07:45:35.751+0000] {dagbag.py:541} INFO - Filling up the DagBag from /home/airflow/.local/lib/python3.7/site-packages/airflow/example_dags/example_task_group_decorator.py
[2025-05-06T07:45:35.763+0000] {processor.py:836} INFO - DAG(s) dict_keys(['example_task_group_decorator']) retrieved from /home/airflow/.local/lib/python3.7/site-packages/airflow/example_dags/example_task_group_decorator.py
[2025-05-06T07:45:35.787+0000] {logging_mixin.py:149} INFO - [2025-05-06T07:45:35.787+0000] {dag.py:2726} INFO - Sync 1 DAGs
[2025-05-06T07:45:35.807+0000] {logging_mixin.py:149} INFO - [2025-05-06T07:45:35.807+0000] {dag.py:3490} INFO - Setting next_dagrun for example_task_group_decorator to 2025-05-05T07:45:35.807588+00:00, run_after=2025-05-06T07:45:35.807588+00:00
[2025-05-06T07:45:35.825+0000] {processor.py:179} INFO - Processing /home/airflow/.local/lib/python3.7/site-packages/airflow/example_dags/example_task_group_decorator.py took 0.077 seconds
[2025-05-06T07:46:06.249+0000] {processor.py:157} INFO - Started process (PID=1715) to work on /home/airflow/.local/lib/python3.7/site-packages/airflow/example_dags/example_task_group_decorator.py
[2025-05-06T07:46:06.250+0000] {processor.py:826} INFO - Processing file /home/airflow/.local/lib/python3.7/site-packages/airflow/example_dags/example_task_group_decorator.py for tasks to queue
[2025-05-06T07:46:06.250+0000] {logging_mixin.py:149} INFO - [2025-05-06T07:46:06.250+0000] {dagbag.py:541} INFO - Filling up the DagBag from /home/airflow/.local/lib/python3.7/site-packages/airflow/example_dags/example_task_group_decorator.py
[2025-05-06T07:46:06.262+0000] {processor.py:836} INFO - DAG(s) dict_keys(['example_task_group_decorator']) retrieved from /home/airflow/.local/lib/python3.7/site-packages/airflow/example_dags/example_task_group_decorator.py
[2025-05-06T07:46:06.288+0000] {logging_mixin.py:149} INFO - [2025-05-06T07:46:06.287+0000] {dag.py:2726} INFO - Sync 1 DAGs
[2025-05-06T07:46:06.308+0000] {logging_mixin.py:149} INFO - [2025-05-06T07:46:06.308+0000] {dag.py:3490} INFO - Setting next_dagrun for example_task_group_decorator to 2025-05-05T07:46:06.308556+00:00, run_after=2025-05-06T07:46:06.308556+00:00
[2025-05-06T07:46:06.326+0000] {processor.py:179} INFO - Processing /home/airflow/.local/lib/python3.7/site-packages/airflow/example_dags/example_task_group_decorator.py took 0.080 seconds
[2025-05-06T07:46:37.063+0000] {processor.py:157} INFO - Started process (PID=1792) to work on /home/airflow/.local/lib/python3.7/site-packages/airflow/example_dags/example_task_group_decorator.py
[2025-05-06T07:46:37.064+0000] {processor.py:826} INFO - Processing file /home/airflow/.local/lib/python3.7/site-packages/airflow/example_dags/example_task_group_decorator.py for tasks to queue
[2025-05-06T07:46:37.064+0000] {logging_mixin.py:149} INFO - [2025-05-06T07:46:37.064+0000] {dagbag.py:541} INFO - Filling up the DagBag from /home/airflow/.local/lib/python3.7/site-packages/airflow/example_dags/example_task_group_decorator.py
[2025-05-06T07:46:37.076+0000] {processor.py:836} INFO - DAG(s) dict_keys(['example_task_group_decorator']) retrieved from /home/airflow/.local/lib/python3.7/site-packages/airflow/example_dags/example_task_group_decorator.py
[2025-05-06T07:46:37.101+0000] {logging_mixin.py:149} INFO - [2025-05-06T07:46:37.101+0000] {dag.py:2726} INFO - Sync 1 DAGs
[2025-05-06T07:46:37.121+0000] {logging_mixin.py:149} INFO - [2025-05-06T07:46:37.121+0000] {dag.py:3490} INFO - Setting next_dagrun for example_task_group_decorator to 2025-05-05T07:46:37.121140+00:00, run_after=2025-05-06T07:46:37.121140+00:00
[2025-05-06T07:46:37.139+0000] {processor.py:179} INFO - Processing /home/airflow/.local/lib/python3.7/site-packages/airflow/example_dags/example_task_group_decorator.py took 0.079 seconds
[2025-05-06T07:47:07.944+0000] {processor.py:157} INFO - Started process (PID=1869) to work on /home/airflow/.local/lib/python3.7/site-packages/airflow/example_dags/example_task_group_decorator.py
[2025-05-06T07:47:07.946+0000] {processor.py:826} INFO - Processing file /home/airflow/.local/lib/python3.7/site-packages/airflow/example_dags/example_task_group_decorator.py for tasks to queue
[2025-05-06T07:47:07.947+0000] {logging_mixin.py:149} INFO - [2025-05-06T07:47:07.947+0000] {dagbag.py:541} INFO - Filling up the DagBag from /home/airflow/.local/lib/python3.7/site-packages/airflow/example_dags/example_task_group_decorator.py
[2025-05-06T07:47:07.969+0000] {processor.py:836} INFO - DAG(s) dict_keys(['example_task_group_decorator']) retrieved from /home/airflow/.local/lib/python3.7/site-packages/airflow/example_dags/example_task_group_decorator.py
[2025-05-06T07:47:08.015+0000] {logging_mixin.py:149} INFO - [2025-05-06T07:47:08.014+0000] {dag.py:2726} INFO - Sync 1 DAGs
[2025-05-06T07:47:08.055+0000] {logging_mixin.py:149} INFO - [2025-05-06T07:47:08.055+0000] {dag.py:3490} INFO - Setting next_dagrun for example_task_group_decorator to 2025-05-05T07:47:08.055332+00:00, run_after=2025-05-06T07:47:08.055332+00:00
[2025-05-06T07:47:08.083+0000] {processor.py:179} INFO - Processing /home/airflow/.local/lib/python3.7/site-packages/airflow/example_dags/example_task_group_decorator.py took 0.146 seconds
[2025-05-06T07:47:38.807+0000] {processor.py:157} INFO - Started process (PID=1946) to work on /home/airflow/.local/lib/python3.7/site-packages/airflow/example_dags/example_task_group_decorator.py
[2025-05-06T07:47:38.808+0000] {processor.py:826} INFO - Processing file /home/airflow/.local/lib/python3.7/site-packages/airflow/example_dags/example_task_group_decorator.py for tasks to queue
[2025-05-06T07:47:38.809+0000] {logging_mixin.py:149} INFO - [2025-05-06T07:47:38.808+0000] {dagbag.py:541} INFO - Filling up the DagBag from /home/airflow/.local/lib/python3.7/site-packages/airflow/example_dags/example_task_group_decorator.py
[2025-05-06T07:47:38.824+0000] {processor.py:836} INFO - DAG(s) dict_keys(['example_task_group_decorator']) retrieved from /home/airflow/.local/lib/python3.7/site-packages/airflow/example_dags/example_task_group_decorator.py
[2025-05-06T07:47:38.855+0000] {logging_mixin.py:149} INFO - [2025-05-06T07:47:38.855+0000] {dag.py:2726} INFO - Sync 1 DAGs
[2025-05-06T07:47:38.881+0000] {logging_mixin.py:149} INFO - [2025-05-06T07:47:38.881+0000] {dag.py:3490} INFO - Setting next_dagrun for example_task_group_decorator to 2025-05-05T07:47:38.881260+00:00, run_after=2025-05-06T07:47:38.881260+00:00
[2025-05-06T07:47:38.903+0000] {processor.py:179} INFO - Processing /home/airflow/.local/lib/python3.7/site-packages/airflow/example_dags/example_task_group_decorator.py took 0.100 seconds
[2025-05-06T07:48:09.582+0000] {processor.py:157} INFO - Started process (PID=2023) to work on /home/airflow/.local/lib/python3.7/site-packages/airflow/example_dags/example_task_group_decorator.py
[2025-05-06T07:48:09.583+0000] {processor.py:826} INFO - Processing file /home/airflow/.local/lib/python3.7/site-packages/airflow/example_dags/example_task_group_decorator.py for tasks to queue
[2025-05-06T07:48:09.583+0000] {logging_mixin.py:149} INFO - [2025-05-06T07:48:09.583+0000] {dagbag.py:541} INFO - Filling up the DagBag from /home/airflow/.local/lib/python3.7/site-packages/airflow/example_dags/example_task_group_decorator.py
[2025-05-06T07:48:09.595+0000] {processor.py:836} INFO - DAG(s) dict_keys(['example_task_group_decorator']) retrieved from /home/airflow/.local/lib/python3.7/site-packages/airflow/example_dags/example_task_group_decorator.py
[2025-05-06T07:48:09.620+0000] {logging_mixin.py:149} INFO - [2025-05-06T07:48:09.620+0000] {dag.py:2726} INFO - Sync 1 DAGs
[2025-05-06T07:48:09.640+0000] {logging_mixin.py:149} INFO - [2025-05-06T07:48:09.640+0000] {dag.py:3490} INFO - Setting next_dagrun for example_task_group_decorator to 2025-05-05T07:48:09.640396+00:00, run_after=2025-05-06T07:48:09.640396+00:00
[2025-05-06T07:48:09.659+0000] {processor.py:179} INFO - Processing /home/airflow/.local/lib/python3.7/site-packages/airflow/example_dags/example_task_group_decorator.py took 0.079 seconds
[2025-05-06T07:48:40.339+0000] {processor.py:157} INFO - Started process (PID=2100) to work on /home/airflow/.local/lib/python3.7/site-packages/airflow/example_dags/example_task_group_decorator.py
[2025-05-06T07:48:40.340+0000] {processor.py:826} INFO - Processing file /home/airflow/.local/lib/python3.7/site-packages/airflow/example_dags/example_task_group_decorator.py for tasks to queue
[2025-05-06T07:48:40.341+0000] {logging_mixin.py:149} INFO - [2025-05-06T07:48:40.341+0000] {dagbag.py:541} INFO - Filling up the DagBag from /home/airflow/.local/lib/python3.7/site-packages/airflow/example_dags/example_task_group_decorator.py
[2025-05-06T07:48:40.353+0000] {processor.py:836} INFO - DAG(s) dict_keys(['example_task_group_decorator']) retrieved from /home/airflow/.local/lib/python3.7/site-packages/airflow/example_dags/example_task_group_decorator.py
[2025-05-06T07:48:40.380+0000] {logging_mixin.py:149} INFO - [2025-05-06T07:48:40.380+0000] {dag.py:2726} INFO - Sync 1 DAGs
[2025-05-06T07:48:40.407+0000] {logging_mixin.py:149} INFO - [2025-05-06T07:48:40.406+0000] {dag.py:3490} INFO - Setting next_dagrun for example_task_group_decorator to 2025-05-05T07:48:40.406628+00:00, run_after=2025-05-06T07:48:40.406628+00:00
[2025-05-06T07:48:40.426+0000] {processor.py:179} INFO - Processing /home/airflow/.local/lib/python3.7/site-packages/airflow/example_dags/example_task_group_decorator.py took 0.090 seconds
[2025-05-06T07:49:11.605+0000] {processor.py:157} INFO - Started process (PID=2177) to work on /home/airflow/.local/lib/python3.7/site-packages/airflow/example_dags/example_task_group_decorator.py
[2025-05-06T07:49:11.607+0000] {processor.py:826} INFO - Processing file /home/airflow/.local/lib/python3.7/site-packages/airflow/example_dags/example_task_group_decorator.py for tasks to queue
[2025-05-06T07:49:11.607+0000] {logging_mixin.py:149} INFO - [2025-05-06T07:49:11.607+0000] {dagbag.py:541} INFO - Filling up the DagBag from /home/airflow/.local/lib/python3.7/site-packages/airflow/example_dags/example_task_group_decorator.py
[2025-05-06T07:49:11.619+0000] {processor.py:836} INFO - DAG(s) dict_keys(['example_task_group_decorator']) retrieved from /home/airflow/.local/lib/python3.7/site-packages/airflow/example_dags/example_task_group_decorator.py
[2025-05-06T07:49:11.647+0000] {logging_mixin.py:149} INFO - [2025-05-06T07:49:11.647+0000] {dag.py:2726} INFO - Sync 1 DAGs
[2025-05-06T07:49:11.670+0000] {logging_mixin.py:149} INFO - [2025-05-06T07:49:11.669+0000] {dag.py:3490} INFO - Setting next_dagrun for example_task_group_decorator to 2025-05-05T07:49:11.669677+00:00, run_after=2025-05-06T07:49:11.669677+00:00
[2025-05-06T07:49:11.688+0000] {processor.py:179} INFO - Processing /home/airflow/.local/lib/python3.7/site-packages/airflow/example_dags/example_task_group_decorator.py took 0.086 seconds
[2025-05-06T07:49:42.669+0000] {processor.py:157} INFO - Started process (PID=2254) to work on /home/airflow/.local/lib/python3.7/site-packages/airflow/example_dags/example_task_group_decorator.py
[2025-05-06T07:49:42.670+0000] {processor.py:826} INFO - Processing file /home/airflow/.local/lib/python3.7/site-packages/airflow/example_dags/example_task_group_decorator.py for tasks to queue
[2025-05-06T07:49:42.671+0000] {logging_mixin.py:149} INFO - [2025-05-06T07:49:42.671+0000] {dagbag.py:541} INFO - Filling up the DagBag from /home/airflow/.local/lib/python3.7/site-packages/airflow/example_dags/example_task_group_decorator.py
[2025-05-06T07:49:42.685+0000] {processor.py:836} INFO - DAG(s) dict_keys(['example_task_group_decorator']) retrieved from /home/airflow/.local/lib/python3.7/site-packages/airflow/example_dags/example_task_group_decorator.py
[2025-05-06T07:49:42.714+0000] {logging_mixin.py:149} INFO - [2025-05-06T07:49:42.714+0000] {dag.py:2726} INFO - Sync 1 DAGs
[2025-05-06T07:49:42.755+0000] {logging_mixin.py:149} INFO - [2025-05-06T07:49:42.755+0000] {dag.py:3490} INFO - Setting next_dagrun for example_task_group_decorator to 2025-05-05T07:49:42.755152+00:00, run_after=2025-05-06T07:49:42.755152+00:00
[2025-05-06T07:49:42.782+0000] {processor.py:179} INFO - Processing /home/airflow/.local/lib/python3.7/site-packages/airflow/example_dags/example_task_group_decorator.py took 0.116 seconds
[2025-05-06T07:50:13.354+0000] {processor.py:157} INFO - Started process (PID=2331) to work on /home/airflow/.local/lib/python3.7/site-packages/airflow/example_dags/example_task_group_decorator.py
[2025-05-06T07:50:13.355+0000] {processor.py:826} INFO - Processing file /home/airflow/.local/lib/python3.7/site-packages/airflow/example_dags/example_task_group_decorator.py for tasks to queue
[2025-05-06T07:50:13.356+0000] {logging_mixin.py:149} INFO - [2025-05-06T07:50:13.356+0000] {dagbag.py:541} INFO - Filling up the DagBag from /home/airflow/.local/lib/python3.7/site-packages/airflow/example_dags/example_task_group_decorator.py
[2025-05-06T07:50:13.367+0000] {processor.py:836} INFO - DAG(s) dict_keys(['example_task_group_decorator']) retrieved from /home/airflow/.local/lib/python3.7/site-packages/airflow/example_dags/example_task_group_decorator.py
[2025-05-06T07:50:13.392+0000] {logging_mixin.py:149} INFO - [2025-05-06T07:50:13.392+0000] {dag.py:2726} INFO - Sync 1 DAGs
[2025-05-06T07:50:13.413+0000] {logging_mixin.py:149} INFO - [2025-05-06T07:50:13.413+0000] {dag.py:3490} INFO - Setting next_dagrun for example_task_group_decorator to 2025-05-05T07:50:13.412869+00:00, run_after=2025-05-06T07:50:13.412869+00:00
[2025-05-06T07:50:13.431+0000] {processor.py:179} INFO - Processing /home/airflow/.local/lib/python3.7/site-packages/airflow/example_dags/example_task_group_decorator.py took 0.080 seconds
[2025-05-06T07:50:44.171+0000] {processor.py:157} INFO - Started process (PID=2408) to work on /home/airflow/.local/lib/python3.7/site-packages/airflow/example_dags/example_task_group_decorator.py
[2025-05-06T07:50:44.172+0000] {processor.py:826} INFO - Processing file /home/airflow/.local/lib/python3.7/site-packages/airflow/example_dags/example_task_group_decorator.py for tasks to queue
[2025-05-06T07:50:44.173+0000] {logging_mixin.py:149} INFO - [2025-05-06T07:50:44.172+0000] {dagbag.py:541} INFO - Filling up the DagBag from /home/airflow/.local/lib/python3.7/site-packages/airflow/example_dags/example_task_group_decorator.py
[2025-05-06T07:50:44.184+0000] {processor.py:836} INFO - DAG(s) dict_keys(['example_task_group_decorator']) retrieved from /home/airflow/.local/lib/python3.7/site-packages/airflow/example_dags/example_task_group_decorator.py
[2025-05-06T07:50:44.208+0000] {logging_mixin.py:149} INFO - [2025-05-06T07:50:44.207+0000] {dag.py:2726} INFO - Sync 1 DAGs
[2025-05-06T07:50:44.228+0000] {logging_mixin.py:149} INFO - [2025-05-06T07:50:44.228+0000] {dag.py:3490} INFO - Setting next_dagrun for example_task_group_decorator to 2025-05-05T07:50:44.228075+00:00, run_after=2025-05-06T07:50:44.228075+00:00
[2025-05-06T07:50:44.247+0000] {processor.py:179} INFO - Processing /home/airflow/.local/lib/python3.7/site-packages/airflow/example_dags/example_task_group_decorator.py took 0.079 seconds
[2025-05-06T07:51:14.707+0000] {processor.py:157} INFO - Started process (PID=2485) to work on /home/airflow/.local/lib/python3.7/site-packages/airflow/example_dags/example_task_group_decorator.py
[2025-05-06T07:51:14.708+0000] {processor.py:826} INFO - Processing file /home/airflow/.local/lib/python3.7/site-packages/airflow/example_dags/example_task_group_decorator.py for tasks to queue
[2025-05-06T07:51:14.709+0000] {logging_mixin.py:149} INFO - [2025-05-06T07:51:14.709+0000] {dagbag.py:541} INFO - Filling up the DagBag from /home/airflow/.local/lib/python3.7/site-packages/airflow/example_dags/example_task_group_decorator.py
[2025-05-06T07:51:14.720+0000] {processor.py:836} INFO - DAG(s) dict_keys(['example_task_group_decorator']) retrieved from /home/airflow/.local/lib/python3.7/site-packages/airflow/example_dags/example_task_group_decorator.py
[2025-05-06T07:51:14.746+0000] {logging_mixin.py:149} INFO - [2025-05-06T07:51:14.746+0000] {dag.py:2726} INFO - Sync 1 DAGs
[2025-05-06T07:51:14.767+0000] {logging_mixin.py:149} INFO - [2025-05-06T07:51:14.767+0000] {dag.py:3490} INFO - Setting next_dagrun for example_task_group_decorator to 2025-05-05T07:51:14.766883+00:00, run_after=2025-05-06T07:51:14.766883+00:00
[2025-05-06T07:51:14.785+0000] {processor.py:179} INFO - Processing /home/airflow/.local/lib/python3.7/site-packages/airflow/example_dags/example_task_group_decorator.py took 0.081 seconds
[2025-05-06T07:51:45.253+0000] {processor.py:157} INFO - Started process (PID=2562) to work on /home/airflow/.local/lib/python3.7/site-packages/airflow/example_dags/example_task_group_decorator.py
[2025-05-06T07:51:45.254+0000] {processor.py:826} INFO - Processing file /home/airflow/.local/lib/python3.7/site-packages/airflow/example_dags/example_task_group_decorator.py for tasks to queue
[2025-05-06T07:51:45.254+0000] {logging_mixin.py:149} INFO - [2025-05-06T07:51:45.254+0000] {dagbag.py:541} INFO - Filling up the DagBag from /home/airflow/.local/lib/python3.7/site-packages/airflow/example_dags/example_task_group_decorator.py
[2025-05-06T07:51:45.266+0000] {processor.py:836} INFO - DAG(s) dict_keys(['example_task_group_decorator']) retrieved from /home/airflow/.local/lib/python3.7/site-packages/airflow/example_dags/example_task_group_decorator.py
[2025-05-06T07:51:45.290+0000] {logging_mixin.py:149} INFO - [2025-05-06T07:51:45.290+0000] {dag.py:2726} INFO - Sync 1 DAGs
[2025-05-06T07:51:45.312+0000] {logging_mixin.py:149} INFO - [2025-05-06T07:51:45.312+0000] {dag.py:3490} INFO - Setting next_dagrun for example_task_group_decorator to 2025-05-05T07:51:45.311952+00:00, run_after=2025-05-06T07:51:45.311952+00:00
[2025-05-06T07:51:45.329+0000] {processor.py:179} INFO - Processing /home/airflow/.local/lib/python3.7/site-packages/airflow/example_dags/example_task_group_decorator.py took 0.079 seconds
