[2025-05-06T07:35:19.827+0000] {processor.py:157} INFO - Started process (PID=81) to work on /home/airflow/.local/lib/python3.7/site-packages/airflow/example_dags/example_subdag_operator.py
[2025-05-06T07:35:19.828+0000] {processor.py:826} INFO - Processing file /home/airflow/.local/lib/python3.7/site-packages/airflow/example_dags/example_subdag_operator.py for tasks to queue
[2025-05-06T07:35:19.829+0000] {logging_mixin.py:149} INFO - [2025-05-06T07:35:19.829+0000] {dagbag.py:541} INFO - Filling up the DagBag from /home/airflow/.local/lib/python3.7/site-packages/airflow/example_dags/example_subdag_operator.py
[2025-05-06T07:35:19.865+0000] {processor.py:836} INFO - DAG(s) dict_keys(['example_subdag_operator.section-1', 'example_subdag_operator.section-2', 'example_subdag_operator']) retrieved from /home/airflow/.local/lib/python3.7/site-packages/airflow/example_dags/example_subdag_operator.py
[2025-05-06T07:35:19.872+0000] {logging_mixin.py:149} INFO - [2025-05-06T07:35:19.872+0000] {dag.py:2726} INFO - Sync 3 DAGs
[2025-05-06T07:35:19.917+0000] {logging_mixin.py:149} INFO - [2025-05-06T07:35:19.917+0000] {dag.py:3490} INFO - Setting next_dagrun for example_subdag_operator to 2022-01-01T00:00:00+00:00, run_after=2022-01-01T00:00:00+00:00
[2025-05-06T07:35:19.924+0000] {logging_mixin.py:149} INFO - [2025-05-06T07:35:19.923+0000] {dag.py:3490} INFO - Setting next_dagrun for example_subdag_operator.section-1 to None, run_after=None
[2025-05-06T07:35:19.926+0000] {logging_mixin.py:149} INFO - [2025-05-06T07:35:19.925+0000] {dag.py:3490} INFO - Setting next_dagrun for example_subdag_operator.section-2 to None, run_after=None
[2025-05-06T07:35:19.938+0000] {logging_mixin.py:149} INFO - [2025-05-06T07:35:19.938+0000] {dag.py:2726} INFO - Sync 2 DAGs
[2025-05-06T07:35:19.946+0000] {logging_mixin.py:149} INFO - [2025-05-06T07:35:19.946+0000] {dag.py:3490} INFO - Setting next_dagrun for example_subdag_operator.section-1 to None, run_after=None
[2025-05-06T07:35:19.947+0000] {logging_mixin.py:149} INFO - [2025-05-06T07:35:19.947+0000] {dag.py:3490} INFO - Setting next_dagrun for example_subdag_operator.section-2 to None, run_after=None
[2025-05-06T07:35:19.966+0000] {processor.py:179} INFO - Processing /home/airflow/.local/lib/python3.7/site-packages/airflow/example_dags/example_subdag_operator.py took 0.142 seconds
[2025-05-06T07:35:50.174+0000] {processor.py:157} INFO - Started process (PID=158) to work on /home/airflow/.local/lib/python3.7/site-packages/airflow/example_dags/example_subdag_operator.py
[2025-05-06T07:35:50.175+0000] {processor.py:826} INFO - Processing file /home/airflow/.local/lib/python3.7/site-packages/airflow/example_dags/example_subdag_operator.py for tasks to queue
[2025-05-06T07:35:50.175+0000] {logging_mixin.py:149} INFO - [2025-05-06T07:35:50.175+0000] {dagbag.py:541} INFO - Filling up the DagBag from /home/airflow/.local/lib/python3.7/site-packages/airflow/example_dags/example_subdag_operator.py
[2025-05-06T07:35:50.198+0000] {processor.py:836} INFO - DAG(s) dict_keys(['example_subdag_operator.section-1', 'example_subdag_operator.section-2', 'example_subdag_operator']) retrieved from /home/airflow/.local/lib/python3.7/site-packages/airflow/example_dags/example_subdag_operator.py
[2025-05-06T07:35:50.214+0000] {logging_mixin.py:149} INFO - [2025-05-06T07:35:50.214+0000] {dag.py:2726} INFO - Sync 3 DAGs
[2025-05-06T07:35:50.237+0000] {logging_mixin.py:149} INFO - [2025-05-06T07:35:50.236+0000] {dag.py:3490} INFO - Setting next_dagrun for example_subdag_operator to 2022-01-01T00:00:00+00:00, run_after=2022-01-01T00:00:00+00:00
[2025-05-06T07:35:50.240+0000] {logging_mixin.py:149} INFO - [2025-05-06T07:35:50.239+0000] {dag.py:3490} INFO - Setting next_dagrun for example_subdag_operator.section-1 to None, run_after=None
[2025-05-06T07:35:50.241+0000] {logging_mixin.py:149} INFO - [2025-05-06T07:35:50.241+0000] {dag.py:3490} INFO - Setting next_dagrun for example_subdag_operator.section-2 to None, run_after=None
[2025-05-06T07:35:50.247+0000] {logging_mixin.py:149} INFO - [2025-05-06T07:35:50.247+0000] {dag.py:2726} INFO - Sync 2 DAGs
[2025-05-06T07:35:50.252+0000] {logging_mixin.py:149} INFO - [2025-05-06T07:35:50.252+0000] {dag.py:3490} INFO - Setting next_dagrun for example_subdag_operator.section-1 to None, run_after=None
[2025-05-06T07:35:50.252+0000] {logging_mixin.py:149} INFO - [2025-05-06T07:35:50.252+0000] {dag.py:3490} INFO - Setting next_dagrun for example_subdag_operator.section-2 to None, run_after=None
[2025-05-06T07:35:50.262+0000] {processor.py:179} INFO - Processing /home/airflow/.local/lib/python3.7/site-packages/airflow/example_dags/example_subdag_operator.py took 0.091 seconds
[2025-05-06T07:36:21.543+0000] {processor.py:157} INFO - Started process (PID=236) to work on /home/airflow/.local/lib/python3.7/site-packages/airflow/example_dags/example_subdag_operator.py
[2025-05-06T07:36:21.545+0000] {processor.py:826} INFO - Processing file /home/airflow/.local/lib/python3.7/site-packages/airflow/example_dags/example_subdag_operator.py for tasks to queue
[2025-05-06T07:36:21.547+0000] {logging_mixin.py:149} INFO - [2025-05-06T07:36:21.547+0000] {dagbag.py:541} INFO - Filling up the DagBag from /home/airflow/.local/lib/python3.7/site-packages/airflow/example_dags/example_subdag_operator.py
[2025-05-06T07:36:21.601+0000] {processor.py:836} INFO - DAG(s) dict_keys(['example_subdag_operator.section-1', 'example_subdag_operator.section-2', 'example_subdag_operator']) retrieved from /home/airflow/.local/lib/python3.7/site-packages/airflow/example_dags/example_subdag_operator.py
[2025-05-06T07:36:21.641+0000] {logging_mixin.py:149} INFO - [2025-05-06T07:36:21.640+0000] {dag.py:2726} INFO - Sync 3 DAGs
[2025-05-06T07:36:21.689+0000] {logging_mixin.py:149} INFO - [2025-05-06T07:36:21.688+0000] {dag.py:3490} INFO - Setting next_dagrun for example_subdag_operator to 2022-01-01T00:00:00+00:00, run_after=2022-01-01T00:00:00+00:00
[2025-05-06T07:36:21.696+0000] {logging_mixin.py:149} INFO - [2025-05-06T07:36:21.695+0000] {dag.py:3490} INFO - Setting next_dagrun for example_subdag_operator.section-1 to None, run_after=None
[2025-05-06T07:36:21.698+0000] {logging_mixin.py:149} INFO - [2025-05-06T07:36:21.698+0000] {dag.py:3490} INFO - Setting next_dagrun for example_subdag_operator.section-2 to None, run_after=None
[2025-05-06T07:36:21.714+0000] {logging_mixin.py:149} INFO - [2025-05-06T07:36:21.714+0000] {dag.py:2726} INFO - Sync 2 DAGs
[2025-05-06T07:36:21.724+0000] {logging_mixin.py:149} INFO - [2025-05-06T07:36:21.724+0000] {dag.py:3490} INFO - Setting next_dagrun for example_subdag_operator.section-1 to None, run_after=None
[2025-05-06T07:36:21.725+0000] {logging_mixin.py:149} INFO - [2025-05-06T07:36:21.725+0000] {dag.py:3490} INFO - Setting next_dagrun for example_subdag_operator.section-2 to None, run_after=None
[2025-05-06T07:36:21.747+0000] {processor.py:179} INFO - Processing /home/airflow/.local/lib/python3.7/site-packages/airflow/example_dags/example_subdag_operator.py took 0.213 seconds
[2025-05-06T07:36:52.626+0000] {processor.py:157} INFO - Started process (PID=312) to work on /home/airflow/.local/lib/python3.7/site-packages/airflow/example_dags/example_subdag_operator.py
[2025-05-06T07:36:52.632+0000] {processor.py:826} INFO - Processing file /home/airflow/.local/lib/python3.7/site-packages/airflow/example_dags/example_subdag_operator.py for tasks to queue
[2025-05-06T07:36:52.633+0000] {logging_mixin.py:149} INFO - [2025-05-06T07:36:52.633+0000] {dagbag.py:541} INFO - Filling up the DagBag from /home/airflow/.local/lib/python3.7/site-packages/airflow/example_dags/example_subdag_operator.py
[2025-05-06T07:36:52.697+0000] {processor.py:836} INFO - DAG(s) dict_keys(['example_subdag_operator.section-1', 'example_subdag_operator.section-2', 'example_subdag_operator']) retrieved from /home/airflow/.local/lib/python3.7/site-packages/airflow/example_dags/example_subdag_operator.py
[2025-05-06T07:36:52.751+0000] {logging_mixin.py:149} INFO - [2025-05-06T07:36:52.750+0000] {dag.py:2726} INFO - Sync 3 DAGs
[2025-05-06T07:36:52.809+0000] {logging_mixin.py:149} INFO - [2025-05-06T07:36:52.809+0000] {dag.py:3490} INFO - Setting next_dagrun for example_subdag_operator to 2022-01-01T00:00:00+00:00, run_after=2022-01-01T00:00:00+00:00
[2025-05-06T07:36:52.816+0000] {logging_mixin.py:149} INFO - [2025-05-06T07:36:52.816+0000] {dag.py:3490} INFO - Setting next_dagrun for example_subdag_operator.section-1 to None, run_after=None
[2025-05-06T07:36:52.819+0000] {logging_mixin.py:149} INFO - [2025-05-06T07:36:52.819+0000] {dag.py:3490} INFO - Setting next_dagrun for example_subdag_operator.section-2 to None, run_after=None
[2025-05-06T07:36:52.834+0000] {logging_mixin.py:149} INFO - [2025-05-06T07:36:52.834+0000] {dag.py:2726} INFO - Sync 2 DAGs
[2025-05-06T07:36:52.847+0000] {logging_mixin.py:149} INFO - [2025-05-06T07:36:52.846+0000] {dag.py:3490} INFO - Setting next_dagrun for example_subdag_operator.section-1 to None, run_after=None
[2025-05-06T07:36:52.848+0000] {logging_mixin.py:149} INFO - [2025-05-06T07:36:52.847+0000] {dag.py:3490} INFO - Setting next_dagrun for example_subdag_operator.section-2 to None, run_after=None
[2025-05-06T07:36:52.872+0000] {processor.py:179} INFO - Processing /home/airflow/.local/lib/python3.7/site-packages/airflow/example_dags/example_subdag_operator.py took 0.253 seconds
[2025-05-06T07:37:23.661+0000] {processor.py:157} INFO - Started process (PID=389) to work on /home/airflow/.local/lib/python3.7/site-packages/airflow/example_dags/example_subdag_operator.py
[2025-05-06T07:37:23.662+0000] {processor.py:826} INFO - Processing file /home/airflow/.local/lib/python3.7/site-packages/airflow/example_dags/example_subdag_operator.py for tasks to queue
[2025-05-06T07:37:23.663+0000] {logging_mixin.py:149} INFO - [2025-05-06T07:37:23.662+0000] {dagbag.py:541} INFO - Filling up the DagBag from /home/airflow/.local/lib/python3.7/site-packages/airflow/example_dags/example_subdag_operator.py
[2025-05-06T07:37:23.695+0000] {processor.py:836} INFO - DAG(s) dict_keys(['example_subdag_operator.section-1', 'example_subdag_operator.section-2', 'example_subdag_operator']) retrieved from /home/airflow/.local/lib/python3.7/site-packages/airflow/example_dags/example_subdag_operator.py
[2025-05-06T07:37:23.722+0000] {logging_mixin.py:149} INFO - [2025-05-06T07:37:23.722+0000] {dag.py:2726} INFO - Sync 3 DAGs
[2025-05-06T07:37:23.777+0000] {logging_mixin.py:149} INFO - [2025-05-06T07:37:23.776+0000] {dag.py:3490} INFO - Setting next_dagrun for example_subdag_operator to 2022-01-01T00:00:00+00:00, run_after=2022-01-01T00:00:00+00:00
[2025-05-06T07:37:23.784+0000] {logging_mixin.py:149} INFO - [2025-05-06T07:37:23.783+0000] {dag.py:3490} INFO - Setting next_dagrun for example_subdag_operator.section-1 to None, run_after=None
[2025-05-06T07:37:23.790+0000] {logging_mixin.py:149} INFO - [2025-05-06T07:37:23.790+0000] {dag.py:3490} INFO - Setting next_dagrun for example_subdag_operator.section-2 to None, run_after=None
[2025-05-06T07:37:23.805+0000] {logging_mixin.py:149} INFO - [2025-05-06T07:37:23.805+0000] {dag.py:2726} INFO - Sync 2 DAGs
[2025-05-06T07:37:23.815+0000] {logging_mixin.py:149} INFO - [2025-05-06T07:37:23.814+0000] {dag.py:3490} INFO - Setting next_dagrun for example_subdag_operator.section-1 to None, run_after=None
[2025-05-06T07:37:23.815+0000] {logging_mixin.py:149} INFO - [2025-05-06T07:37:23.815+0000] {dag.py:3490} INFO - Setting next_dagrun for example_subdag_operator.section-2 to None, run_after=None
[2025-05-06T07:37:23.835+0000] {processor.py:179} INFO - Processing /home/airflow/.local/lib/python3.7/site-packages/airflow/example_dags/example_subdag_operator.py took 0.179 seconds
[2025-05-06T07:37:53.880+0000] {processor.py:157} INFO - Started process (PID=466) to work on /home/airflow/.local/lib/python3.7/site-packages/airflow/example_dags/example_subdag_operator.py
[2025-05-06T07:37:53.882+0000] {processor.py:826} INFO - Processing file /home/airflow/.local/lib/python3.7/site-packages/airflow/example_dags/example_subdag_operator.py for tasks to queue
[2025-05-06T07:37:53.882+0000] {logging_mixin.py:149} INFO - [2025-05-06T07:37:53.882+0000] {dagbag.py:541} INFO - Filling up the DagBag from /home/airflow/.local/lib/python3.7/site-packages/airflow/example_dags/example_subdag_operator.py
[2025-05-06T07:37:53.905+0000] {processor.py:836} INFO - DAG(s) dict_keys(['example_subdag_operator.section-1', 'example_subdag_operator.section-2', 'example_subdag_operator']) retrieved from /home/airflow/.local/lib/python3.7/site-packages/airflow/example_dags/example_subdag_operator.py
[2025-05-06T07:37:53.923+0000] {logging_mixin.py:149} INFO - [2025-05-06T07:37:53.923+0000] {dag.py:2726} INFO - Sync 3 DAGs
[2025-05-06T07:37:53.945+0000] {logging_mixin.py:149} INFO - [2025-05-06T07:37:53.944+0000] {dag.py:3490} INFO - Setting next_dagrun for example_subdag_operator to 2022-01-01T00:00:00+00:00, run_after=2022-01-01T00:00:00+00:00
[2025-05-06T07:37:53.948+0000] {logging_mixin.py:149} INFO - [2025-05-06T07:37:53.948+0000] {dag.py:3490} INFO - Setting next_dagrun for example_subdag_operator.section-1 to None, run_after=None
[2025-05-06T07:37:53.949+0000] {logging_mixin.py:149} INFO - [2025-05-06T07:37:53.949+0000] {dag.py:3490} INFO - Setting next_dagrun for example_subdag_operator.section-2 to None, run_after=None
[2025-05-06T07:37:53.956+0000] {logging_mixin.py:149} INFO - [2025-05-06T07:37:53.956+0000] {dag.py:2726} INFO - Sync 2 DAGs
[2025-05-06T07:37:53.962+0000] {logging_mixin.py:149} INFO - [2025-05-06T07:37:53.962+0000] {dag.py:3490} INFO - Setting next_dagrun for example_subdag_operator.section-1 to None, run_after=None
[2025-05-06T07:37:53.962+0000] {logging_mixin.py:149} INFO - [2025-05-06T07:37:53.962+0000] {dag.py:3490} INFO - Setting next_dagrun for example_subdag_operator.section-2 to None, run_after=None
[2025-05-06T07:37:54.055+0000] {processor.py:179} INFO - Processing /home/airflow/.local/lib/python3.7/site-packages/airflow/example_dags/example_subdag_operator.py took 0.178 seconds
[2025-05-06T07:38:25.397+0000] {processor.py:157} INFO - Started process (PID=544) to work on /home/airflow/.local/lib/python3.7/site-packages/airflow/example_dags/example_subdag_operator.py
[2025-05-06T07:38:25.398+0000] {processor.py:826} INFO - Processing file /home/airflow/.local/lib/python3.7/site-packages/airflow/example_dags/example_subdag_operator.py for tasks to queue
[2025-05-06T07:38:25.399+0000] {logging_mixin.py:149} INFO - [2025-05-06T07:38:25.399+0000] {dagbag.py:541} INFO - Filling up the DagBag from /home/airflow/.local/lib/python3.7/site-packages/airflow/example_dags/example_subdag_operator.py
[2025-05-06T07:38:25.435+0000] {processor.py:836} INFO - DAG(s) dict_keys(['example_subdag_operator.section-1', 'example_subdag_operator.section-2', 'example_subdag_operator']) retrieved from /home/airflow/.local/lib/python3.7/site-packages/airflow/example_dags/example_subdag_operator.py
[2025-05-06T07:38:25.461+0000] {logging_mixin.py:149} INFO - [2025-05-06T07:38:25.461+0000] {dag.py:2726} INFO - Sync 3 DAGs
[2025-05-06T07:38:25.496+0000] {logging_mixin.py:149} INFO - [2025-05-06T07:38:25.495+0000] {dag.py:3490} INFO - Setting next_dagrun for example_subdag_operator to 2022-01-01T00:00:00+00:00, run_after=2022-01-01T00:00:00+00:00
[2025-05-06T07:38:25.501+0000] {logging_mixin.py:149} INFO - [2025-05-06T07:38:25.501+0000] {dag.py:3490} INFO - Setting next_dagrun for example_subdag_operator.section-1 to None, run_after=None
[2025-05-06T07:38:25.503+0000] {logging_mixin.py:149} INFO - [2025-05-06T07:38:25.503+0000] {dag.py:3490} INFO - Setting next_dagrun for example_subdag_operator.section-2 to None, run_after=None
[2025-05-06T07:38:25.517+0000] {logging_mixin.py:149} INFO - [2025-05-06T07:38:25.517+0000] {dag.py:2726} INFO - Sync 2 DAGs
[2025-05-06T07:38:25.526+0000] {logging_mixin.py:149} INFO - [2025-05-06T07:38:25.525+0000] {dag.py:3490} INFO - Setting next_dagrun for example_subdag_operator.section-1 to None, run_after=None
[2025-05-06T07:38:25.526+0000] {logging_mixin.py:149} INFO - [2025-05-06T07:38:25.526+0000] {dag.py:3490} INFO - Setting next_dagrun for example_subdag_operator.section-2 to None, run_after=None
[2025-05-06T07:38:25.543+0000] {processor.py:179} INFO - Processing /home/airflow/.local/lib/python3.7/site-packages/airflow/example_dags/example_subdag_operator.py took 0.151 seconds
[2025-05-06T07:38:55.572+0000] {processor.py:157} INFO - Started process (PID=621) to work on /home/airflow/.local/lib/python3.7/site-packages/airflow/example_dags/example_subdag_operator.py
[2025-05-06T07:38:55.573+0000] {processor.py:826} INFO - Processing file /home/airflow/.local/lib/python3.7/site-packages/airflow/example_dags/example_subdag_operator.py for tasks to queue
[2025-05-06T07:38:55.573+0000] {logging_mixin.py:149} INFO - [2025-05-06T07:38:55.573+0000] {dagbag.py:541} INFO - Filling up the DagBag from /home/airflow/.local/lib/python3.7/site-packages/airflow/example_dags/example_subdag_operator.py
[2025-05-06T07:38:55.596+0000] {processor.py:836} INFO - DAG(s) dict_keys(['example_subdag_operator.section-1', 'example_subdag_operator.section-2', 'example_subdag_operator']) retrieved from /home/airflow/.local/lib/python3.7/site-packages/airflow/example_dags/example_subdag_operator.py
[2025-05-06T07:38:55.613+0000] {logging_mixin.py:149} INFO - [2025-05-06T07:38:55.612+0000] {dag.py:2726} INFO - Sync 3 DAGs
[2025-05-06T07:38:55.632+0000] {logging_mixin.py:149} INFO - [2025-05-06T07:38:55.632+0000] {dag.py:3490} INFO - Setting next_dagrun for example_subdag_operator to 2022-01-01T00:00:00+00:00, run_after=2022-01-01T00:00:00+00:00
[2025-05-06T07:38:55.635+0000] {logging_mixin.py:149} INFO - [2025-05-06T07:38:55.635+0000] {dag.py:3490} INFO - Setting next_dagrun for example_subdag_operator.section-1 to None, run_after=None
[2025-05-06T07:38:55.636+0000] {logging_mixin.py:149} INFO - [2025-05-06T07:38:55.636+0000] {dag.py:3490} INFO - Setting next_dagrun for example_subdag_operator.section-2 to None, run_after=None
[2025-05-06T07:38:55.642+0000] {logging_mixin.py:149} INFO - [2025-05-06T07:38:55.641+0000] {dag.py:2726} INFO - Sync 2 DAGs
[2025-05-06T07:38:55.646+0000] {logging_mixin.py:149} INFO - [2025-05-06T07:38:55.646+0000] {dag.py:3490} INFO - Setting next_dagrun for example_subdag_operator.section-1 to None, run_after=None
[2025-05-06T07:38:55.646+0000] {logging_mixin.py:149} INFO - [2025-05-06T07:38:55.646+0000] {dag.py:3490} INFO - Setting next_dagrun for example_subdag_operator.section-2 to None, run_after=None
[2025-05-06T07:38:55.658+0000] {processor.py:179} INFO - Processing /home/airflow/.local/lib/python3.7/site-packages/airflow/example_dags/example_subdag_operator.py took 0.089 seconds
[2025-05-06T07:39:26.578+0000] {processor.py:157} INFO - Started process (PID=698) to work on /home/airflow/.local/lib/python3.7/site-packages/airflow/example_dags/example_subdag_operator.py
[2025-05-06T07:39:26.579+0000] {processor.py:826} INFO - Processing file /home/airflow/.local/lib/python3.7/site-packages/airflow/example_dags/example_subdag_operator.py for tasks to queue
[2025-05-06T07:39:26.580+0000] {logging_mixin.py:149} INFO - [2025-05-06T07:39:26.580+0000] {dagbag.py:541} INFO - Filling up the DagBag from /home/airflow/.local/lib/python3.7/site-packages/airflow/example_dags/example_subdag_operator.py
[2025-05-06T07:39:26.604+0000] {processor.py:836} INFO - DAG(s) dict_keys(['example_subdag_operator.section-1', 'example_subdag_operator.section-2', 'example_subdag_operator']) retrieved from /home/airflow/.local/lib/python3.7/site-packages/airflow/example_dags/example_subdag_operator.py
[2025-05-06T07:39:26.622+0000] {logging_mixin.py:149} INFO - [2025-05-06T07:39:26.622+0000] {dag.py:2726} INFO - Sync 3 DAGs
[2025-05-06T07:39:26.646+0000] {logging_mixin.py:149} INFO - [2025-05-06T07:39:26.646+0000] {dag.py:3490} INFO - Setting next_dagrun for example_subdag_operator to 2022-01-01T00:00:00+00:00, run_after=2022-01-01T00:00:00+00:00
[2025-05-06T07:39:26.649+0000] {logging_mixin.py:149} INFO - [2025-05-06T07:39:26.649+0000] {dag.py:3490} INFO - Setting next_dagrun for example_subdag_operator.section-1 to None, run_after=None
[2025-05-06T07:39:26.651+0000] {logging_mixin.py:149} INFO - [2025-05-06T07:39:26.651+0000] {dag.py:3490} INFO - Setting next_dagrun for example_subdag_operator.section-2 to None, run_after=None
[2025-05-06T07:39:26.658+0000] {logging_mixin.py:149} INFO - [2025-05-06T07:39:26.658+0000] {dag.py:2726} INFO - Sync 2 DAGs
[2025-05-06T07:39:26.664+0000] {logging_mixin.py:149} INFO - [2025-05-06T07:39:26.664+0000] {dag.py:3490} INFO - Setting next_dagrun for example_subdag_operator.section-1 to None, run_after=None
[2025-05-06T07:39:26.664+0000] {logging_mixin.py:149} INFO - [2025-05-06T07:39:26.664+0000] {dag.py:3490} INFO - Setting next_dagrun for example_subdag_operator.section-2 to None, run_after=None
[2025-05-06T07:39:26.676+0000] {processor.py:179} INFO - Processing /home/airflow/.local/lib/python3.7/site-packages/airflow/example_dags/example_subdag_operator.py took 0.100 seconds
[2025-05-06T07:39:57.138+0000] {processor.py:157} INFO - Started process (PID=775) to work on /home/airflow/.local/lib/python3.7/site-packages/airflow/example_dags/example_subdag_operator.py
[2025-05-06T07:39:57.139+0000] {processor.py:826} INFO - Processing file /home/airflow/.local/lib/python3.7/site-packages/airflow/example_dags/example_subdag_operator.py for tasks to queue
[2025-05-06T07:39:57.140+0000] {logging_mixin.py:149} INFO - [2025-05-06T07:39:57.140+0000] {dagbag.py:541} INFO - Filling up the DagBag from /home/airflow/.local/lib/python3.7/site-packages/airflow/example_dags/example_subdag_operator.py
[2025-05-06T07:39:57.161+0000] {processor.py:836} INFO - DAG(s) dict_keys(['example_subdag_operator.section-1', 'example_subdag_operator.section-2', 'example_subdag_operator']) retrieved from /home/airflow/.local/lib/python3.7/site-packages/airflow/example_dags/example_subdag_operator.py
[2025-05-06T07:39:57.178+0000] {logging_mixin.py:149} INFO - [2025-05-06T07:39:57.178+0000] {dag.py:2726} INFO - Sync 3 DAGs
[2025-05-06T07:39:57.199+0000] {logging_mixin.py:149} INFO - [2025-05-06T07:39:57.199+0000] {dag.py:3490} INFO - Setting next_dagrun for example_subdag_operator to 2022-01-01T00:00:00+00:00, run_after=2022-01-01T00:00:00+00:00
[2025-05-06T07:39:57.202+0000] {logging_mixin.py:149} INFO - [2025-05-06T07:39:57.202+0000] {dag.py:3490} INFO - Setting next_dagrun for example_subdag_operator.section-1 to None, run_after=None
[2025-05-06T07:39:57.203+0000] {logging_mixin.py:149} INFO - [2025-05-06T07:39:57.203+0000] {dag.py:3490} INFO - Setting next_dagrun for example_subdag_operator.section-2 to None, run_after=None
[2025-05-06T07:39:57.210+0000] {logging_mixin.py:149} INFO - [2025-05-06T07:39:57.209+0000] {dag.py:2726} INFO - Sync 2 DAGs
[2025-05-06T07:39:57.214+0000] {logging_mixin.py:149} INFO - [2025-05-06T07:39:57.214+0000] {dag.py:3490} INFO - Setting next_dagrun for example_subdag_operator.section-1 to None, run_after=None
[2025-05-06T07:39:57.215+0000] {logging_mixin.py:149} INFO - [2025-05-06T07:39:57.215+0000] {dag.py:3490} INFO - Setting next_dagrun for example_subdag_operator.section-2 to None, run_after=None
[2025-05-06T07:39:57.226+0000] {processor.py:179} INFO - Processing /home/airflow/.local/lib/python3.7/site-packages/airflow/example_dags/example_subdag_operator.py took 0.090 seconds
[2025-05-06T07:40:27.721+0000] {processor.py:157} INFO - Started process (PID=852) to work on /home/airflow/.local/lib/python3.7/site-packages/airflow/example_dags/example_subdag_operator.py
[2025-05-06T07:40:27.722+0000] {processor.py:826} INFO - Processing file /home/airflow/.local/lib/python3.7/site-packages/airflow/example_dags/example_subdag_operator.py for tasks to queue
[2025-05-06T07:40:27.723+0000] {logging_mixin.py:149} INFO - [2025-05-06T07:40:27.722+0000] {dagbag.py:541} INFO - Filling up the DagBag from /home/airflow/.local/lib/python3.7/site-packages/airflow/example_dags/example_subdag_operator.py
[2025-05-06T07:40:27.744+0000] {processor.py:836} INFO - DAG(s) dict_keys(['example_subdag_operator.section-1', 'example_subdag_operator.section-2', 'example_subdag_operator']) retrieved from /home/airflow/.local/lib/python3.7/site-packages/airflow/example_dags/example_subdag_operator.py
[2025-05-06T07:40:27.761+0000] {logging_mixin.py:149} INFO - [2025-05-06T07:40:27.761+0000] {dag.py:2726} INFO - Sync 3 DAGs
[2025-05-06T07:40:27.781+0000] {logging_mixin.py:149} INFO - [2025-05-06T07:40:27.780+0000] {dag.py:3490} INFO - Setting next_dagrun for example_subdag_operator to 2022-01-01T00:00:00+00:00, run_after=2022-01-01T00:00:00+00:00
[2025-05-06T07:40:27.784+0000] {logging_mixin.py:149} INFO - [2025-05-06T07:40:27.784+0000] {dag.py:3490} INFO - Setting next_dagrun for example_subdag_operator.section-1 to None, run_after=None
[2025-05-06T07:40:27.785+0000] {logging_mixin.py:149} INFO - [2025-05-06T07:40:27.785+0000] {dag.py:3490} INFO - Setting next_dagrun for example_subdag_operator.section-2 to None, run_after=None
[2025-05-06T07:40:27.792+0000] {logging_mixin.py:149} INFO - [2025-05-06T07:40:27.792+0000] {dag.py:2726} INFO - Sync 2 DAGs
[2025-05-06T07:40:27.796+0000] {logging_mixin.py:149} INFO - [2025-05-06T07:40:27.796+0000] {dag.py:3490} INFO - Setting next_dagrun for example_subdag_operator.section-1 to None, run_after=None
[2025-05-06T07:40:27.796+0000] {logging_mixin.py:149} INFO - [2025-05-06T07:40:27.796+0000] {dag.py:3490} INFO - Setting next_dagrun for example_subdag_operator.section-2 to None, run_after=None
[2025-05-06T07:40:27.807+0000] {processor.py:179} INFO - Processing /home/airflow/.local/lib/python3.7/site-packages/airflow/example_dags/example_subdag_operator.py took 0.089 seconds
[2025-05-06T07:40:58.151+0000] {processor.py:157} INFO - Started process (PID=929) to work on /home/airflow/.local/lib/python3.7/site-packages/airflow/example_dags/example_subdag_operator.py
[2025-05-06T07:40:58.152+0000] {processor.py:826} INFO - Processing file /home/airflow/.local/lib/python3.7/site-packages/airflow/example_dags/example_subdag_operator.py for tasks to queue
[2025-05-06T07:40:58.153+0000] {logging_mixin.py:149} INFO - [2025-05-06T07:40:58.153+0000] {dagbag.py:541} INFO - Filling up the DagBag from /home/airflow/.local/lib/python3.7/site-packages/airflow/example_dags/example_subdag_operator.py
[2025-05-06T07:40:58.174+0000] {processor.py:836} INFO - DAG(s) dict_keys(['example_subdag_operator.section-1', 'example_subdag_operator.section-2', 'example_subdag_operator']) retrieved from /home/airflow/.local/lib/python3.7/site-packages/airflow/example_dags/example_subdag_operator.py
[2025-05-06T07:40:58.190+0000] {logging_mixin.py:149} INFO - [2025-05-06T07:40:58.189+0000] {dag.py:2726} INFO - Sync 3 DAGs
[2025-05-06T07:40:58.209+0000] {logging_mixin.py:149} INFO - [2025-05-06T07:40:58.209+0000] {dag.py:3490} INFO - Setting next_dagrun for example_subdag_operator to 2022-01-01T00:00:00+00:00, run_after=2022-01-01T00:00:00+00:00
[2025-05-06T07:40:58.212+0000] {logging_mixin.py:149} INFO - [2025-05-06T07:40:58.212+0000] {dag.py:3490} INFO - Setting next_dagrun for example_subdag_operator.section-1 to None, run_after=None
[2025-05-06T07:40:58.213+0000] {logging_mixin.py:149} INFO - [2025-05-06T07:40:58.213+0000] {dag.py:3490} INFO - Setting next_dagrun for example_subdag_operator.section-2 to None, run_after=None
[2025-05-06T07:40:58.219+0000] {logging_mixin.py:149} INFO - [2025-05-06T07:40:58.219+0000] {dag.py:2726} INFO - Sync 2 DAGs
[2025-05-06T07:40:58.224+0000] {logging_mixin.py:149} INFO - [2025-05-06T07:40:58.224+0000] {dag.py:3490} INFO - Setting next_dagrun for example_subdag_operator.section-1 to None, run_after=None
[2025-05-06T07:40:58.225+0000] {logging_mixin.py:149} INFO - [2025-05-06T07:40:58.224+0000] {dag.py:3490} INFO - Setting next_dagrun for example_subdag_operator.section-2 to None, run_after=None
[2025-05-06T07:40:58.236+0000] {processor.py:179} INFO - Processing /home/airflow/.local/lib/python3.7/site-packages/airflow/example_dags/example_subdag_operator.py took 0.088 seconds
[2025-05-06T07:41:28.558+0000] {processor.py:157} INFO - Started process (PID=1006) to work on /home/airflow/.local/lib/python3.7/site-packages/airflow/example_dags/example_subdag_operator.py
[2025-05-06T07:41:28.559+0000] {processor.py:826} INFO - Processing file /home/airflow/.local/lib/python3.7/site-packages/airflow/example_dags/example_subdag_operator.py for tasks to queue
[2025-05-06T07:41:28.560+0000] {logging_mixin.py:149} INFO - [2025-05-06T07:41:28.559+0000] {dagbag.py:541} INFO - Filling up the DagBag from /home/airflow/.local/lib/python3.7/site-packages/airflow/example_dags/example_subdag_operator.py
[2025-05-06T07:41:28.581+0000] {processor.py:836} INFO - DAG(s) dict_keys(['example_subdag_operator.section-1', 'example_subdag_operator.section-2', 'example_subdag_operator']) retrieved from /home/airflow/.local/lib/python3.7/site-packages/airflow/example_dags/example_subdag_operator.py
[2025-05-06T07:41:28.598+0000] {logging_mixin.py:149} INFO - [2025-05-06T07:41:28.598+0000] {dag.py:2726} INFO - Sync 3 DAGs
[2025-05-06T07:41:28.617+0000] {logging_mixin.py:149} INFO - [2025-05-06T07:41:28.617+0000] {dag.py:3490} INFO - Setting next_dagrun for example_subdag_operator to 2022-01-01T00:00:00+00:00, run_after=2022-01-01T00:00:00+00:00
[2025-05-06T07:41:28.620+0000] {logging_mixin.py:149} INFO - [2025-05-06T07:41:28.620+0000] {dag.py:3490} INFO - Setting next_dagrun for example_subdag_operator.section-1 to None, run_after=None
[2025-05-06T07:41:28.622+0000] {logging_mixin.py:149} INFO - [2025-05-06T07:41:28.621+0000] {dag.py:3490} INFO - Setting next_dagrun for example_subdag_operator.section-2 to None, run_after=None
[2025-05-06T07:41:28.628+0000] {logging_mixin.py:149} INFO - [2025-05-06T07:41:28.628+0000] {dag.py:2726} INFO - Sync 2 DAGs
[2025-05-06T07:41:28.632+0000] {logging_mixin.py:149} INFO - [2025-05-06T07:41:28.632+0000] {dag.py:3490} INFO - Setting next_dagrun for example_subdag_operator.section-1 to None, run_after=None
[2025-05-06T07:41:28.633+0000] {logging_mixin.py:149} INFO - [2025-05-06T07:41:28.633+0000] {dag.py:3490} INFO - Setting next_dagrun for example_subdag_operator.section-2 to None, run_after=None
[2025-05-06T07:41:28.644+0000] {processor.py:179} INFO - Processing /home/airflow/.local/lib/python3.7/site-packages/airflow/example_dags/example_subdag_operator.py took 0.090 seconds
[2025-05-06T07:41:59.207+0000] {processor.py:157} INFO - Started process (PID=1083) to work on /home/airflow/.local/lib/python3.7/site-packages/airflow/example_dags/example_subdag_operator.py
[2025-05-06T07:41:59.208+0000] {processor.py:826} INFO - Processing file /home/airflow/.local/lib/python3.7/site-packages/airflow/example_dags/example_subdag_operator.py for tasks to queue
[2025-05-06T07:41:59.209+0000] {logging_mixin.py:149} INFO - [2025-05-06T07:41:59.209+0000] {dagbag.py:541} INFO - Filling up the DagBag from /home/airflow/.local/lib/python3.7/site-packages/airflow/example_dags/example_subdag_operator.py
[2025-05-06T07:41:59.231+0000] {processor.py:836} INFO - DAG(s) dict_keys(['example_subdag_operator.section-1', 'example_subdag_operator.section-2', 'example_subdag_operator']) retrieved from /home/airflow/.local/lib/python3.7/site-packages/airflow/example_dags/example_subdag_operator.py
[2025-05-06T07:41:59.248+0000] {logging_mixin.py:149} INFO - [2025-05-06T07:41:59.248+0000] {dag.py:2726} INFO - Sync 3 DAGs
[2025-05-06T07:41:59.269+0000] {logging_mixin.py:149} INFO - [2025-05-06T07:41:59.269+0000] {dag.py:3490} INFO - Setting next_dagrun for example_subdag_operator to 2022-01-01T00:00:00+00:00, run_after=2022-01-01T00:00:00+00:00
[2025-05-06T07:41:59.272+0000] {logging_mixin.py:149} INFO - [2025-05-06T07:41:59.272+0000] {dag.py:3490} INFO - Setting next_dagrun for example_subdag_operator.section-1 to None, run_after=None
[2025-05-06T07:41:59.274+0000] {logging_mixin.py:149} INFO - [2025-05-06T07:41:59.273+0000] {dag.py:3490} INFO - Setting next_dagrun for example_subdag_operator.section-2 to None, run_after=None
[2025-05-06T07:41:59.280+0000] {logging_mixin.py:149} INFO - [2025-05-06T07:41:59.280+0000] {dag.py:2726} INFO - Sync 2 DAGs
[2025-05-06T07:41:59.285+0000] {logging_mixin.py:149} INFO - [2025-05-06T07:41:59.285+0000] {dag.py:3490} INFO - Setting next_dagrun for example_subdag_operator.section-1 to None, run_after=None
[2025-05-06T07:41:59.286+0000] {logging_mixin.py:149} INFO - [2025-05-06T07:41:59.286+0000] {dag.py:3490} INFO - Setting next_dagrun for example_subdag_operator.section-2 to None, run_after=None
[2025-05-06T07:41:59.295+0000] {processor.py:179} INFO - Processing /home/airflow/.local/lib/python3.7/site-packages/airflow/example_dags/example_subdag_operator.py took 0.091 seconds
[2025-05-06T07:42:30.483+0000] {processor.py:157} INFO - Started process (PID=1160) to work on /home/airflow/.local/lib/python3.7/site-packages/airflow/example_dags/example_subdag_operator.py
[2025-05-06T07:42:30.485+0000] {processor.py:826} INFO - Processing file /home/airflow/.local/lib/python3.7/site-packages/airflow/example_dags/example_subdag_operator.py for tasks to queue
[2025-05-06T07:42:30.485+0000] {logging_mixin.py:149} INFO - [2025-05-06T07:42:30.485+0000] {dagbag.py:541} INFO - Filling up the DagBag from /home/airflow/.local/lib/python3.7/site-packages/airflow/example_dags/example_subdag_operator.py
[2025-05-06T07:42:30.514+0000] {processor.py:836} INFO - DAG(s) dict_keys(['example_subdag_operator.section-1', 'example_subdag_operator.section-2', 'example_subdag_operator']) retrieved from /home/airflow/.local/lib/python3.7/site-packages/airflow/example_dags/example_subdag_operator.py
[2025-05-06T07:42:30.536+0000] {logging_mixin.py:149} INFO - [2025-05-06T07:42:30.535+0000] {dag.py:2726} INFO - Sync 3 DAGs
[2025-05-06T07:42:30.563+0000] {logging_mixin.py:149} INFO - [2025-05-06T07:42:30.563+0000] {dag.py:3490} INFO - Setting next_dagrun for example_subdag_operator to 2022-01-01T00:00:00+00:00, run_after=2022-01-01T00:00:00+00:00
[2025-05-06T07:42:30.567+0000] {logging_mixin.py:149} INFO - [2025-05-06T07:42:30.567+0000] {dag.py:3490} INFO - Setting next_dagrun for example_subdag_operator.section-1 to None, run_after=None
[2025-05-06T07:42:30.569+0000] {logging_mixin.py:149} INFO - [2025-05-06T07:42:30.568+0000] {dag.py:3490} INFO - Setting next_dagrun for example_subdag_operator.section-2 to None, run_after=None
[2025-05-06T07:42:30.578+0000] {logging_mixin.py:149} INFO - [2025-05-06T07:42:30.578+0000] {dag.py:2726} INFO - Sync 2 DAGs
[2025-05-06T07:42:30.584+0000] {logging_mixin.py:149} INFO - [2025-05-06T07:42:30.584+0000] {dag.py:3490} INFO - Setting next_dagrun for example_subdag_operator.section-1 to None, run_after=None
[2025-05-06T07:42:30.585+0000] {logging_mixin.py:149} INFO - [2025-05-06T07:42:30.585+0000] {dag.py:3490} INFO - Setting next_dagrun for example_subdag_operator.section-2 to None, run_after=None
[2025-05-06T07:42:30.597+0000] {processor.py:179} INFO - Processing /home/airflow/.local/lib/python3.7/site-packages/airflow/example_dags/example_subdag_operator.py took 0.118 seconds
[2025-05-06T07:43:01.249+0000] {processor.py:157} INFO - Started process (PID=1237) to work on /home/airflow/.local/lib/python3.7/site-packages/airflow/example_dags/example_subdag_operator.py
[2025-05-06T07:43:01.250+0000] {processor.py:826} INFO - Processing file /home/airflow/.local/lib/python3.7/site-packages/airflow/example_dags/example_subdag_operator.py for tasks to queue
[2025-05-06T07:43:01.250+0000] {logging_mixin.py:149} INFO - [2025-05-06T07:43:01.250+0000] {dagbag.py:541} INFO - Filling up the DagBag from /home/airflow/.local/lib/python3.7/site-packages/airflow/example_dags/example_subdag_operator.py
[2025-05-06T07:43:01.272+0000] {processor.py:836} INFO - DAG(s) dict_keys(['example_subdag_operator.section-1', 'example_subdag_operator.section-2', 'example_subdag_operator']) retrieved from /home/airflow/.local/lib/python3.7/site-packages/airflow/example_dags/example_subdag_operator.py
[2025-05-06T07:43:01.289+0000] {logging_mixin.py:149} INFO - [2025-05-06T07:43:01.288+0000] {dag.py:2726} INFO - Sync 3 DAGs
[2025-05-06T07:43:01.310+0000] {logging_mixin.py:149} INFO - [2025-05-06T07:43:01.309+0000] {dag.py:3490} INFO - Setting next_dagrun for example_subdag_operator to 2022-01-01T00:00:00+00:00, run_after=2022-01-01T00:00:00+00:00
[2025-05-06T07:43:01.313+0000] {logging_mixin.py:149} INFO - [2025-05-06T07:43:01.312+0000] {dag.py:3490} INFO - Setting next_dagrun for example_subdag_operator.section-1 to None, run_after=None
[2025-05-06T07:43:01.314+0000] {logging_mixin.py:149} INFO - [2025-05-06T07:43:01.314+0000] {dag.py:3490} INFO - Setting next_dagrun for example_subdag_operator.section-2 to None, run_after=None
[2025-05-06T07:43:01.319+0000] {logging_mixin.py:149} INFO - [2025-05-06T07:43:01.319+0000] {dag.py:2726} INFO - Sync 2 DAGs
[2025-05-06T07:43:01.324+0000] {logging_mixin.py:149} INFO - [2025-05-06T07:43:01.323+0000] {dag.py:3490} INFO - Setting next_dagrun for example_subdag_operator.section-1 to None, run_after=None
[2025-05-06T07:43:01.324+0000] {logging_mixin.py:149} INFO - [2025-05-06T07:43:01.324+0000] {dag.py:3490} INFO - Setting next_dagrun for example_subdag_operator.section-2 to None, run_after=None
[2025-05-06T07:43:01.335+0000] {processor.py:179} INFO - Processing /home/airflow/.local/lib/python3.7/site-packages/airflow/example_dags/example_subdag_operator.py took 0.089 seconds
[2025-05-06T07:43:31.774+0000] {processor.py:157} INFO - Started process (PID=1314) to work on /home/airflow/.local/lib/python3.7/site-packages/airflow/example_dags/example_subdag_operator.py
[2025-05-06T07:43:31.775+0000] {processor.py:826} INFO - Processing file /home/airflow/.local/lib/python3.7/site-packages/airflow/example_dags/example_subdag_operator.py for tasks to queue
[2025-05-06T07:43:31.775+0000] {logging_mixin.py:149} INFO - [2025-05-06T07:43:31.775+0000] {dagbag.py:541} INFO - Filling up the DagBag from /home/airflow/.local/lib/python3.7/site-packages/airflow/example_dags/example_subdag_operator.py
[2025-05-06T07:43:31.799+0000] {processor.py:836} INFO - DAG(s) dict_keys(['example_subdag_operator.section-1', 'example_subdag_operator.section-2', 'example_subdag_operator']) retrieved from /home/airflow/.local/lib/python3.7/site-packages/airflow/example_dags/example_subdag_operator.py
[2025-05-06T07:43:31.816+0000] {logging_mixin.py:149} INFO - [2025-05-06T07:43:31.816+0000] {dag.py:2726} INFO - Sync 3 DAGs
[2025-05-06T07:43:31.836+0000] {logging_mixin.py:149} INFO - [2025-05-06T07:43:31.836+0000] {dag.py:3490} INFO - Setting next_dagrun for example_subdag_operator to 2022-01-01T00:00:00+00:00, run_after=2022-01-01T00:00:00+00:00
[2025-05-06T07:43:31.839+0000] {logging_mixin.py:149} INFO - [2025-05-06T07:43:31.839+0000] {dag.py:3490} INFO - Setting next_dagrun for example_subdag_operator.section-1 to None, run_after=None
[2025-05-06T07:43:31.840+0000] {logging_mixin.py:149} INFO - [2025-05-06T07:43:31.840+0000] {dag.py:3490} INFO - Setting next_dagrun for example_subdag_operator.section-2 to None, run_after=None
[2025-05-06T07:43:31.846+0000] {logging_mixin.py:149} INFO - [2025-05-06T07:43:31.846+0000] {dag.py:2726} INFO - Sync 2 DAGs
[2025-05-06T07:43:31.851+0000] {logging_mixin.py:149} INFO - [2025-05-06T07:43:31.851+0000] {dag.py:3490} INFO - Setting next_dagrun for example_subdag_operator.section-1 to None, run_after=None
[2025-05-06T07:43:31.851+0000] {logging_mixin.py:149} INFO - [2025-05-06T07:43:31.851+0000] {dag.py:3490} INFO - Setting next_dagrun for example_subdag_operator.section-2 to None, run_after=None
[2025-05-06T07:43:31.862+0000] {processor.py:179} INFO - Processing /home/airflow/.local/lib/python3.7/site-packages/airflow/example_dags/example_subdag_operator.py took 0.091 seconds
[2025-05-06T07:44:02.832+0000] {processor.py:157} INFO - Started process (PID=1391) to work on /home/airflow/.local/lib/python3.7/site-packages/airflow/example_dags/example_subdag_operator.py
[2025-05-06T07:44:02.834+0000] {processor.py:826} INFO - Processing file /home/airflow/.local/lib/python3.7/site-packages/airflow/example_dags/example_subdag_operator.py for tasks to queue
[2025-05-06T07:44:02.835+0000] {logging_mixin.py:149} INFO - [2025-05-06T07:44:02.835+0000] {dagbag.py:541} INFO - Filling up the DagBag from /home/airflow/.local/lib/python3.7/site-packages/airflow/example_dags/example_subdag_operator.py
[2025-05-06T07:44:02.867+0000] {processor.py:836} INFO - DAG(s) dict_keys(['example_subdag_operator.section-1', 'example_subdag_operator.section-2', 'example_subdag_operator']) retrieved from /home/airflow/.local/lib/python3.7/site-packages/airflow/example_dags/example_subdag_operator.py
[2025-05-06T07:44:02.893+0000] {logging_mixin.py:149} INFO - [2025-05-06T07:44:02.893+0000] {dag.py:2726} INFO - Sync 3 DAGs
[2025-05-06T07:44:02.927+0000] {logging_mixin.py:149} INFO - [2025-05-06T07:44:02.926+0000] {dag.py:3490} INFO - Setting next_dagrun for example_subdag_operator to 2022-01-01T00:00:00+00:00, run_after=2022-01-01T00:00:00+00:00
[2025-05-06T07:44:02.933+0000] {logging_mixin.py:149} INFO - [2025-05-06T07:44:02.933+0000] {dag.py:3490} INFO - Setting next_dagrun for example_subdag_operator.section-1 to None, run_after=None
[2025-05-06T07:44:02.935+0000] {logging_mixin.py:149} INFO - [2025-05-06T07:44:02.935+0000] {dag.py:3490} INFO - Setting next_dagrun for example_subdag_operator.section-2 to None, run_after=None
[2025-05-06T07:44:02.946+0000] {logging_mixin.py:149} INFO - [2025-05-06T07:44:02.945+0000] {dag.py:2726} INFO - Sync 2 DAGs
[2025-05-06T07:44:02.954+0000] {logging_mixin.py:149} INFO - [2025-05-06T07:44:02.953+0000] {dag.py:3490} INFO - Setting next_dagrun for example_subdag_operator.section-1 to None, run_after=None
[2025-05-06T07:44:02.954+0000] {logging_mixin.py:149} INFO - [2025-05-06T07:44:02.954+0000] {dag.py:3490} INFO - Setting next_dagrun for example_subdag_operator.section-2 to None, run_after=None
[2025-05-06T07:44:02.972+0000] {processor.py:179} INFO - Processing /home/airflow/.local/lib/python3.7/site-packages/airflow/example_dags/example_subdag_operator.py took 0.144 seconds
[2025-05-06T07:44:33.689+0000] {processor.py:157} INFO - Started process (PID=1468) to work on /home/airflow/.local/lib/python3.7/site-packages/airflow/example_dags/example_subdag_operator.py
[2025-05-06T07:44:33.691+0000] {processor.py:826} INFO - Processing file /home/airflow/.local/lib/python3.7/site-packages/airflow/example_dags/example_subdag_operator.py for tasks to queue
[2025-05-06T07:44:33.692+0000] {logging_mixin.py:149} INFO - [2025-05-06T07:44:33.691+0000] {dagbag.py:541} INFO - Filling up the DagBag from /home/airflow/.local/lib/python3.7/site-packages/airflow/example_dags/example_subdag_operator.py
[2025-05-06T07:44:33.724+0000] {processor.py:836} INFO - DAG(s) dict_keys(['example_subdag_operator.section-1', 'example_subdag_operator.section-2', 'example_subdag_operator']) retrieved from /home/airflow/.local/lib/python3.7/site-packages/airflow/example_dags/example_subdag_operator.py
[2025-05-06T07:44:33.749+0000] {logging_mixin.py:149} INFO - [2025-05-06T07:44:33.748+0000] {dag.py:2726} INFO - Sync 3 DAGs
[2025-05-06T07:44:33.785+0000] {logging_mixin.py:149} INFO - [2025-05-06T07:44:33.785+0000] {dag.py:3490} INFO - Setting next_dagrun for example_subdag_operator to 2022-01-01T00:00:00+00:00, run_after=2022-01-01T00:00:00+00:00
[2025-05-06T07:44:33.791+0000] {logging_mixin.py:149} INFO - [2025-05-06T07:44:33.791+0000] {dag.py:3490} INFO - Setting next_dagrun for example_subdag_operator.section-1 to None, run_after=None
[2025-05-06T07:44:33.794+0000] {logging_mixin.py:149} INFO - [2025-05-06T07:44:33.793+0000] {dag.py:3490} INFO - Setting next_dagrun for example_subdag_operator.section-2 to None, run_after=None
[2025-05-06T07:44:33.807+0000] {logging_mixin.py:149} INFO - [2025-05-06T07:44:33.807+0000] {dag.py:2726} INFO - Sync 2 DAGs
[2025-05-06T07:44:33.816+0000] {logging_mixin.py:149} INFO - [2025-05-06T07:44:33.816+0000] {dag.py:3490} INFO - Setting next_dagrun for example_subdag_operator.section-1 to None, run_after=None
[2025-05-06T07:44:33.817+0000] {logging_mixin.py:149} INFO - [2025-05-06T07:44:33.817+0000] {dag.py:3490} INFO - Setting next_dagrun for example_subdag_operator.section-2 to None, run_after=None
[2025-05-06T07:44:33.835+0000] {processor.py:179} INFO - Processing /home/airflow/.local/lib/python3.7/site-packages/airflow/example_dags/example_subdag_operator.py took 0.150 seconds
[2025-05-06T07:45:04.353+0000] {processor.py:157} INFO - Started process (PID=1545) to work on /home/airflow/.local/lib/python3.7/site-packages/airflow/example_dags/example_subdag_operator.py
[2025-05-06T07:45:04.354+0000] {processor.py:826} INFO - Processing file /home/airflow/.local/lib/python3.7/site-packages/airflow/example_dags/example_subdag_operator.py for tasks to queue
[2025-05-06T07:45:04.355+0000] {logging_mixin.py:149} INFO - [2025-05-06T07:45:04.355+0000] {dagbag.py:541} INFO - Filling up the DagBag from /home/airflow/.local/lib/python3.7/site-packages/airflow/example_dags/example_subdag_operator.py
[2025-05-06T07:45:04.387+0000] {processor.py:836} INFO - DAG(s) dict_keys(['example_subdag_operator.section-1', 'example_subdag_operator.section-2', 'example_subdag_operator']) retrieved from /home/airflow/.local/lib/python3.7/site-packages/airflow/example_dags/example_subdag_operator.py
[2025-05-06T07:45:04.405+0000] {logging_mixin.py:149} INFO - [2025-05-06T07:45:04.405+0000] {dag.py:2726} INFO - Sync 3 DAGs
[2025-05-06T07:45:04.425+0000] {logging_mixin.py:149} INFO - [2025-05-06T07:45:04.425+0000] {dag.py:3490} INFO - Setting next_dagrun for example_subdag_operator to 2022-01-01T00:00:00+00:00, run_after=2022-01-01T00:00:00+00:00
[2025-05-06T07:45:04.428+0000] {logging_mixin.py:149} INFO - [2025-05-06T07:45:04.428+0000] {dag.py:3490} INFO - Setting next_dagrun for example_subdag_operator.section-1 to None, run_after=None
[2025-05-06T07:45:04.430+0000] {logging_mixin.py:149} INFO - [2025-05-06T07:45:04.429+0000] {dag.py:3490} INFO - Setting next_dagrun for example_subdag_operator.section-2 to None, run_after=None
[2025-05-06T07:45:04.436+0000] {logging_mixin.py:149} INFO - [2025-05-06T07:45:04.436+0000] {dag.py:2726} INFO - Sync 2 DAGs
[2025-05-06T07:45:04.440+0000] {logging_mixin.py:149} INFO - [2025-05-06T07:45:04.440+0000] {dag.py:3490} INFO - Setting next_dagrun for example_subdag_operator.section-1 to None, run_after=None
[2025-05-06T07:45:04.441+0000] {logging_mixin.py:149} INFO - [2025-05-06T07:45:04.441+0000] {dag.py:3490} INFO - Setting next_dagrun for example_subdag_operator.section-2 to None, run_after=None
[2025-05-06T07:45:04.452+0000] {processor.py:179} INFO - Processing /home/airflow/.local/lib/python3.7/site-packages/airflow/example_dags/example_subdag_operator.py took 0.103 seconds
[2025-05-06T07:45:34.867+0000] {processor.py:157} INFO - Started process (PID=1622) to work on /home/airflow/.local/lib/python3.7/site-packages/airflow/example_dags/example_subdag_operator.py
[2025-05-06T07:45:34.869+0000] {processor.py:826} INFO - Processing file /home/airflow/.local/lib/python3.7/site-packages/airflow/example_dags/example_subdag_operator.py for tasks to queue
[2025-05-06T07:45:34.869+0000] {logging_mixin.py:149} INFO - [2025-05-06T07:45:34.869+0000] {dagbag.py:541} INFO - Filling up the DagBag from /home/airflow/.local/lib/python3.7/site-packages/airflow/example_dags/example_subdag_operator.py
[2025-05-06T07:45:34.892+0000] {processor.py:836} INFO - DAG(s) dict_keys(['example_subdag_operator.section-1', 'example_subdag_operator.section-2', 'example_subdag_operator']) retrieved from /home/airflow/.local/lib/python3.7/site-packages/airflow/example_dags/example_subdag_operator.py
[2025-05-06T07:45:34.908+0000] {logging_mixin.py:149} INFO - [2025-05-06T07:45:34.908+0000] {dag.py:2726} INFO - Sync 3 DAGs
[2025-05-06T07:45:34.928+0000] {logging_mixin.py:149} INFO - [2025-05-06T07:45:34.928+0000] {dag.py:3490} INFO - Setting next_dagrun for example_subdag_operator to 2022-01-01T00:00:00+00:00, run_after=2022-01-01T00:00:00+00:00
[2025-05-06T07:45:34.931+0000] {logging_mixin.py:149} INFO - [2025-05-06T07:45:34.931+0000] {dag.py:3490} INFO - Setting next_dagrun for example_subdag_operator.section-1 to None, run_after=None
[2025-05-06T07:45:34.932+0000] {logging_mixin.py:149} INFO - [2025-05-06T07:45:34.932+0000] {dag.py:3490} INFO - Setting next_dagrun for example_subdag_operator.section-2 to None, run_after=None
[2025-05-06T07:45:34.938+0000] {logging_mixin.py:149} INFO - [2025-05-06T07:45:34.938+0000] {dag.py:2726} INFO - Sync 2 DAGs
[2025-05-06T07:45:34.943+0000] {logging_mixin.py:149} INFO - [2025-05-06T07:45:34.943+0000] {dag.py:3490} INFO - Setting next_dagrun for example_subdag_operator.section-1 to None, run_after=None
[2025-05-06T07:45:34.944+0000] {logging_mixin.py:149} INFO - [2025-05-06T07:45:34.943+0000] {dag.py:3490} INFO - Setting next_dagrun for example_subdag_operator.section-2 to None, run_after=None
[2025-05-06T07:45:34.955+0000] {processor.py:179} INFO - Processing /home/airflow/.local/lib/python3.7/site-packages/airflow/example_dags/example_subdag_operator.py took 0.090 seconds
[2025-05-06T07:46:05.531+0000] {processor.py:157} INFO - Started process (PID=1700) to work on /home/airflow/.local/lib/python3.7/site-packages/airflow/example_dags/example_subdag_operator.py
[2025-05-06T07:46:05.533+0000] {processor.py:826} INFO - Processing file /home/airflow/.local/lib/python3.7/site-packages/airflow/example_dags/example_subdag_operator.py for tasks to queue
[2025-05-06T07:46:05.533+0000] {logging_mixin.py:149} INFO - [2025-05-06T07:46:05.533+0000] {dagbag.py:541} INFO - Filling up the DagBag from /home/airflow/.local/lib/python3.7/site-packages/airflow/example_dags/example_subdag_operator.py
[2025-05-06T07:46:05.558+0000] {processor.py:836} INFO - DAG(s) dict_keys(['example_subdag_operator.section-1', 'example_subdag_operator.section-2', 'example_subdag_operator']) retrieved from /home/airflow/.local/lib/python3.7/site-packages/airflow/example_dags/example_subdag_operator.py
[2025-05-06T07:46:05.576+0000] {logging_mixin.py:149} INFO - [2025-05-06T07:46:05.576+0000] {dag.py:2726} INFO - Sync 3 DAGs
[2025-05-06T07:46:05.597+0000] {logging_mixin.py:149} INFO - [2025-05-06T07:46:05.597+0000] {dag.py:3490} INFO - Setting next_dagrun for example_subdag_operator to 2022-01-01T00:00:00+00:00, run_after=2022-01-01T00:00:00+00:00
[2025-05-06T07:46:05.600+0000] {logging_mixin.py:149} INFO - [2025-05-06T07:46:05.600+0000] {dag.py:3490} INFO - Setting next_dagrun for example_subdag_operator.section-1 to None, run_after=None
[2025-05-06T07:46:05.602+0000] {logging_mixin.py:149} INFO - [2025-05-06T07:46:05.602+0000] {dag.py:3490} INFO - Setting next_dagrun for example_subdag_operator.section-2 to None, run_after=None
[2025-05-06T07:46:05.608+0000] {logging_mixin.py:149} INFO - [2025-05-06T07:46:05.608+0000] {dag.py:2726} INFO - Sync 2 DAGs
[2025-05-06T07:46:05.613+0000] {logging_mixin.py:149} INFO - [2025-05-06T07:46:05.613+0000] {dag.py:3490} INFO - Setting next_dagrun for example_subdag_operator.section-1 to None, run_after=None
[2025-05-06T07:46:05.613+0000] {logging_mixin.py:149} INFO - [2025-05-06T07:46:05.613+0000] {dag.py:3490} INFO - Setting next_dagrun for example_subdag_operator.section-2 to None, run_after=None
[2025-05-06T07:46:05.624+0000] {processor.py:179} INFO - Processing /home/airflow/.local/lib/python3.7/site-packages/airflow/example_dags/example_subdag_operator.py took 0.095 seconds
[2025-05-06T07:46:36.157+0000] {processor.py:157} INFO - Started process (PID=1777) to work on /home/airflow/.local/lib/python3.7/site-packages/airflow/example_dags/example_subdag_operator.py
[2025-05-06T07:46:36.158+0000] {processor.py:826} INFO - Processing file /home/airflow/.local/lib/python3.7/site-packages/airflow/example_dags/example_subdag_operator.py for tasks to queue
[2025-05-06T07:46:36.158+0000] {logging_mixin.py:149} INFO - [2025-05-06T07:46:36.158+0000] {dagbag.py:541} INFO - Filling up the DagBag from /home/airflow/.local/lib/python3.7/site-packages/airflow/example_dags/example_subdag_operator.py
[2025-05-06T07:46:36.182+0000] {processor.py:836} INFO - DAG(s) dict_keys(['example_subdag_operator.section-1', 'example_subdag_operator.section-2', 'example_subdag_operator']) retrieved from /home/airflow/.local/lib/python3.7/site-packages/airflow/example_dags/example_subdag_operator.py
[2025-05-06T07:46:36.199+0000] {logging_mixin.py:149} INFO - [2025-05-06T07:46:36.199+0000] {dag.py:2726} INFO - Sync 3 DAGs
[2025-05-06T07:46:36.220+0000] {logging_mixin.py:149} INFO - [2025-05-06T07:46:36.219+0000] {dag.py:3490} INFO - Setting next_dagrun for example_subdag_operator to 2022-01-01T00:00:00+00:00, run_after=2022-01-01T00:00:00+00:00
[2025-05-06T07:46:36.222+0000] {logging_mixin.py:149} INFO - [2025-05-06T07:46:36.222+0000] {dag.py:3490} INFO - Setting next_dagrun for example_subdag_operator.section-1 to None, run_after=None
[2025-05-06T07:46:36.223+0000] {logging_mixin.py:149} INFO - [2025-05-06T07:46:36.223+0000] {dag.py:3490} INFO - Setting next_dagrun for example_subdag_operator.section-2 to None, run_after=None
[2025-05-06T07:46:36.231+0000] {logging_mixin.py:149} INFO - [2025-05-06T07:46:36.231+0000] {dag.py:2726} INFO - Sync 2 DAGs
[2025-05-06T07:46:36.235+0000] {logging_mixin.py:149} INFO - [2025-05-06T07:46:36.235+0000] {dag.py:3490} INFO - Setting next_dagrun for example_subdag_operator.section-1 to None, run_after=None
[2025-05-06T07:46:36.236+0000] {logging_mixin.py:149} INFO - [2025-05-06T07:46:36.236+0000] {dag.py:3490} INFO - Setting next_dagrun for example_subdag_operator.section-2 to None, run_after=None
[2025-05-06T07:46:36.247+0000] {processor.py:179} INFO - Processing /home/airflow/.local/lib/python3.7/site-packages/airflow/example_dags/example_subdag_operator.py took 0.093 seconds
[2025-05-06T07:47:06.821+0000] {processor.py:157} INFO - Started process (PID=1854) to work on /home/airflow/.local/lib/python3.7/site-packages/airflow/example_dags/example_subdag_operator.py
[2025-05-06T07:47:06.822+0000] {processor.py:826} INFO - Processing file /home/airflow/.local/lib/python3.7/site-packages/airflow/example_dags/example_subdag_operator.py for tasks to queue
[2025-05-06T07:47:06.822+0000] {logging_mixin.py:149} INFO - [2025-05-06T07:47:06.822+0000] {dagbag.py:541} INFO - Filling up the DagBag from /home/airflow/.local/lib/python3.7/site-packages/airflow/example_dags/example_subdag_operator.py
[2025-05-06T07:47:06.843+0000] {processor.py:836} INFO - DAG(s) dict_keys(['example_subdag_operator.section-1', 'example_subdag_operator.section-2', 'example_subdag_operator']) retrieved from /home/airflow/.local/lib/python3.7/site-packages/airflow/example_dags/example_subdag_operator.py
[2025-05-06T07:47:06.860+0000] {logging_mixin.py:149} INFO - [2025-05-06T07:47:06.860+0000] {dag.py:2726} INFO - Sync 3 DAGs
[2025-05-06T07:47:06.880+0000] {logging_mixin.py:149} INFO - [2025-05-06T07:47:06.880+0000] {dag.py:3490} INFO - Setting next_dagrun for example_subdag_operator to 2022-01-01T00:00:00+00:00, run_after=2022-01-01T00:00:00+00:00
[2025-05-06T07:47:06.883+0000] {logging_mixin.py:149} INFO - [2025-05-06T07:47:06.883+0000] {dag.py:3490} INFO - Setting next_dagrun for example_subdag_operator.section-1 to None, run_after=None
[2025-05-06T07:47:06.884+0000] {logging_mixin.py:149} INFO - [2025-05-06T07:47:06.884+0000] {dag.py:3490} INFO - Setting next_dagrun for example_subdag_operator.section-2 to None, run_after=None
[2025-05-06T07:47:06.890+0000] {logging_mixin.py:149} INFO - [2025-05-06T07:47:06.890+0000] {dag.py:2726} INFO - Sync 2 DAGs
[2025-05-06T07:47:06.895+0000] {logging_mixin.py:149} INFO - [2025-05-06T07:47:06.895+0000] {dag.py:3490} INFO - Setting next_dagrun for example_subdag_operator.section-1 to None, run_after=None
[2025-05-06T07:47:06.895+0000] {logging_mixin.py:149} INFO - [2025-05-06T07:47:06.895+0000] {dag.py:3490} INFO - Setting next_dagrun for example_subdag_operator.section-2 to None, run_after=None
[2025-05-06T07:47:06.908+0000] {processor.py:179} INFO - Processing /home/airflow/.local/lib/python3.7/site-packages/airflow/example_dags/example_subdag_operator.py took 0.090 seconds
[2025-05-06T07:47:38.021+0000] {processor.py:157} INFO - Started process (PID=1931) to work on /home/airflow/.local/lib/python3.7/site-packages/airflow/example_dags/example_subdag_operator.py
[2025-05-06T07:47:38.021+0000] {processor.py:826} INFO - Processing file /home/airflow/.local/lib/python3.7/site-packages/airflow/example_dags/example_subdag_operator.py for tasks to queue
[2025-05-06T07:47:38.022+0000] {logging_mixin.py:149} INFO - [2025-05-06T07:47:38.022+0000] {dagbag.py:541} INFO - Filling up the DagBag from /home/airflow/.local/lib/python3.7/site-packages/airflow/example_dags/example_subdag_operator.py
[2025-05-06T07:47:38.045+0000] {processor.py:836} INFO - DAG(s) dict_keys(['example_subdag_operator.section-1', 'example_subdag_operator.section-2', 'example_subdag_operator']) retrieved from /home/airflow/.local/lib/python3.7/site-packages/airflow/example_dags/example_subdag_operator.py
[2025-05-06T07:47:38.061+0000] {logging_mixin.py:149} INFO - [2025-05-06T07:47:38.061+0000] {dag.py:2726} INFO - Sync 3 DAGs
[2025-05-06T07:47:38.081+0000] {logging_mixin.py:149} INFO - [2025-05-06T07:47:38.081+0000] {dag.py:3490} INFO - Setting next_dagrun for example_subdag_operator to 2022-01-01T00:00:00+00:00, run_after=2022-01-01T00:00:00+00:00
[2025-05-06T07:47:38.084+0000] {logging_mixin.py:149} INFO - [2025-05-06T07:47:38.083+0000] {dag.py:3490} INFO - Setting next_dagrun for example_subdag_operator.section-1 to None, run_after=None
[2025-05-06T07:47:38.085+0000] {logging_mixin.py:149} INFO - [2025-05-06T07:47:38.084+0000] {dag.py:3490} INFO - Setting next_dagrun for example_subdag_operator.section-2 to None, run_after=None
[2025-05-06T07:47:38.090+0000] {logging_mixin.py:149} INFO - [2025-05-06T07:47:38.090+0000] {dag.py:2726} INFO - Sync 2 DAGs
[2025-05-06T07:47:38.095+0000] {logging_mixin.py:149} INFO - [2025-05-06T07:47:38.095+0000] {dag.py:3490} INFO - Setting next_dagrun for example_subdag_operator.section-1 to None, run_after=None
[2025-05-06T07:47:38.095+0000] {logging_mixin.py:149} INFO - [2025-05-06T07:47:38.095+0000] {dag.py:3490} INFO - Setting next_dagrun for example_subdag_operator.section-2 to None, run_after=None
[2025-05-06T07:47:38.107+0000] {processor.py:179} INFO - Processing /home/airflow/.local/lib/python3.7/site-packages/airflow/example_dags/example_subdag_operator.py took 0.089 seconds
[2025-05-06T07:48:08.695+0000] {processor.py:157} INFO - Started process (PID=2008) to work on /home/airflow/.local/lib/python3.7/site-packages/airflow/example_dags/example_subdag_operator.py
[2025-05-06T07:48:08.696+0000] {processor.py:826} INFO - Processing file /home/airflow/.local/lib/python3.7/site-packages/airflow/example_dags/example_subdag_operator.py for tasks to queue
[2025-05-06T07:48:08.696+0000] {logging_mixin.py:149} INFO - [2025-05-06T07:48:08.696+0000] {dagbag.py:541} INFO - Filling up the DagBag from /home/airflow/.local/lib/python3.7/site-packages/airflow/example_dags/example_subdag_operator.py
[2025-05-06T07:48:08.718+0000] {processor.py:836} INFO - DAG(s) dict_keys(['example_subdag_operator.section-1', 'example_subdag_operator.section-2', 'example_subdag_operator']) retrieved from /home/airflow/.local/lib/python3.7/site-packages/airflow/example_dags/example_subdag_operator.py
[2025-05-06T07:48:08.735+0000] {logging_mixin.py:149} INFO - [2025-05-06T07:48:08.735+0000] {dag.py:2726} INFO - Sync 3 DAGs
[2025-05-06T07:48:08.756+0000] {logging_mixin.py:149} INFO - [2025-05-06T07:48:08.756+0000] {dag.py:3490} INFO - Setting next_dagrun for example_subdag_operator to 2022-01-01T00:00:00+00:00, run_after=2022-01-01T00:00:00+00:00
[2025-05-06T07:48:08.758+0000] {logging_mixin.py:149} INFO - [2025-05-06T07:48:08.758+0000] {dag.py:3490} INFO - Setting next_dagrun for example_subdag_operator.section-1 to None, run_after=None
[2025-05-06T07:48:08.759+0000] {logging_mixin.py:149} INFO - [2025-05-06T07:48:08.759+0000] {dag.py:3490} INFO - Setting next_dagrun for example_subdag_operator.section-2 to None, run_after=None
[2025-05-06T07:48:08.765+0000] {logging_mixin.py:149} INFO - [2025-05-06T07:48:08.765+0000] {dag.py:2726} INFO - Sync 2 DAGs
[2025-05-06T07:48:08.770+0000] {logging_mixin.py:149} INFO - [2025-05-06T07:48:08.770+0000] {dag.py:3490} INFO - Setting next_dagrun for example_subdag_operator.section-1 to None, run_after=None
[2025-05-06T07:48:08.770+0000] {logging_mixin.py:149} INFO - [2025-05-06T07:48:08.770+0000] {dag.py:3490} INFO - Setting next_dagrun for example_subdag_operator.section-2 to None, run_after=None
[2025-05-06T07:48:08.782+0000] {processor.py:179} INFO - Processing /home/airflow/.local/lib/python3.7/site-packages/airflow/example_dags/example_subdag_operator.py took 0.090 seconds
[2025-05-06T07:48:39.492+0000] {processor.py:157} INFO - Started process (PID=2085) to work on /home/airflow/.local/lib/python3.7/site-packages/airflow/example_dags/example_subdag_operator.py
[2025-05-06T07:48:39.493+0000] {processor.py:826} INFO - Processing file /home/airflow/.local/lib/python3.7/site-packages/airflow/example_dags/example_subdag_operator.py for tasks to queue
[2025-05-06T07:48:39.494+0000] {logging_mixin.py:149} INFO - [2025-05-06T07:48:39.494+0000] {dagbag.py:541} INFO - Filling up the DagBag from /home/airflow/.local/lib/python3.7/site-packages/airflow/example_dags/example_subdag_operator.py
[2025-05-06T07:48:39.519+0000] {processor.py:836} INFO - DAG(s) dict_keys(['example_subdag_operator.section-1', 'example_subdag_operator.section-2', 'example_subdag_operator']) retrieved from /home/airflow/.local/lib/python3.7/site-packages/airflow/example_dags/example_subdag_operator.py
[2025-05-06T07:48:39.537+0000] {logging_mixin.py:149} INFO - [2025-05-06T07:48:39.537+0000] {dag.py:2726} INFO - Sync 3 DAGs
[2025-05-06T07:48:39.560+0000] {logging_mixin.py:149} INFO - [2025-05-06T07:48:39.560+0000] {dag.py:3490} INFO - Setting next_dagrun for example_subdag_operator to 2022-01-01T00:00:00+00:00, run_after=2022-01-01T00:00:00+00:00
[2025-05-06T07:48:39.563+0000] {logging_mixin.py:149} INFO - [2025-05-06T07:48:39.563+0000] {dag.py:3490} INFO - Setting next_dagrun for example_subdag_operator.section-1 to None, run_after=None
[2025-05-06T07:48:39.564+0000] {logging_mixin.py:149} INFO - [2025-05-06T07:48:39.564+0000] {dag.py:3490} INFO - Setting next_dagrun for example_subdag_operator.section-2 to None, run_after=None
[2025-05-06T07:48:39.571+0000] {logging_mixin.py:149} INFO - [2025-05-06T07:48:39.571+0000] {dag.py:2726} INFO - Sync 2 DAGs
[2025-05-06T07:48:39.577+0000] {logging_mixin.py:149} INFO - [2025-05-06T07:48:39.577+0000] {dag.py:3490} INFO - Setting next_dagrun for example_subdag_operator.section-1 to None, run_after=None
[2025-05-06T07:48:39.577+0000] {logging_mixin.py:149} INFO - [2025-05-06T07:48:39.577+0000] {dag.py:3490} INFO - Setting next_dagrun for example_subdag_operator.section-2 to None, run_after=None
[2025-05-06T07:48:39.590+0000] {processor.py:179} INFO - Processing /home/airflow/.local/lib/python3.7/site-packages/airflow/example_dags/example_subdag_operator.py took 0.101 seconds
[2025-05-06T07:49:10.798+0000] {processor.py:157} INFO - Started process (PID=2162) to work on /home/airflow/.local/lib/python3.7/site-packages/airflow/example_dags/example_subdag_operator.py
[2025-05-06T07:49:10.799+0000] {processor.py:826} INFO - Processing file /home/airflow/.local/lib/python3.7/site-packages/airflow/example_dags/example_subdag_operator.py for tasks to queue
[2025-05-06T07:49:10.800+0000] {logging_mixin.py:149} INFO - [2025-05-06T07:49:10.800+0000] {dagbag.py:541} INFO - Filling up the DagBag from /home/airflow/.local/lib/python3.7/site-packages/airflow/example_dags/example_subdag_operator.py
[2025-05-06T07:49:10.824+0000] {processor.py:836} INFO - DAG(s) dict_keys(['example_subdag_operator.section-1', 'example_subdag_operator.section-2', 'example_subdag_operator']) retrieved from /home/airflow/.local/lib/python3.7/site-packages/airflow/example_dags/example_subdag_operator.py
[2025-05-06T07:49:10.841+0000] {logging_mixin.py:149} INFO - [2025-05-06T07:49:10.841+0000] {dag.py:2726} INFO - Sync 3 DAGs
[2025-05-06T07:49:10.865+0000] {logging_mixin.py:149} INFO - [2025-05-06T07:49:10.865+0000] {dag.py:3490} INFO - Setting next_dagrun for example_subdag_operator to 2022-01-01T00:00:00+00:00, run_after=2022-01-01T00:00:00+00:00
[2025-05-06T07:49:10.868+0000] {logging_mixin.py:149} INFO - [2025-05-06T07:49:10.868+0000] {dag.py:3490} INFO - Setting next_dagrun for example_subdag_operator.section-1 to None, run_after=None
[2025-05-06T07:49:10.869+0000] {logging_mixin.py:149} INFO - [2025-05-06T07:49:10.869+0000] {dag.py:3490} INFO - Setting next_dagrun for example_subdag_operator.section-2 to None, run_after=None
[2025-05-06T07:49:10.875+0000] {logging_mixin.py:149} INFO - [2025-05-06T07:49:10.875+0000] {dag.py:2726} INFO - Sync 2 DAGs
[2025-05-06T07:49:10.880+0000] {logging_mixin.py:149} INFO - [2025-05-06T07:49:10.880+0000] {dag.py:3490} INFO - Setting next_dagrun for example_subdag_operator.section-1 to None, run_after=None
[2025-05-06T07:49:10.880+0000] {logging_mixin.py:149} INFO - [2025-05-06T07:49:10.880+0000] {dag.py:3490} INFO - Setting next_dagrun for example_subdag_operator.section-2 to None, run_after=None
[2025-05-06T07:49:10.891+0000] {processor.py:179} INFO - Processing /home/airflow/.local/lib/python3.7/site-packages/airflow/example_dags/example_subdag_operator.py took 0.096 seconds
[2025-05-06T07:49:41.699+0000] {processor.py:157} INFO - Started process (PID=2238) to work on /home/airflow/.local/lib/python3.7/site-packages/airflow/example_dags/example_subdag_operator.py
[2025-05-06T07:49:41.700+0000] {processor.py:826} INFO - Processing file /home/airflow/.local/lib/python3.7/site-packages/airflow/example_dags/example_subdag_operator.py for tasks to queue
[2025-05-06T07:49:41.701+0000] {logging_mixin.py:149} INFO - [2025-05-06T07:49:41.701+0000] {dagbag.py:541} INFO - Filling up the DagBag from /home/airflow/.local/lib/python3.7/site-packages/airflow/example_dags/example_subdag_operator.py
[2025-05-06T07:49:41.724+0000] {processor.py:836} INFO - DAG(s) dict_keys(['example_subdag_operator.section-1', 'example_subdag_operator.section-2', 'example_subdag_operator']) retrieved from /home/airflow/.local/lib/python3.7/site-packages/airflow/example_dags/example_subdag_operator.py
[2025-05-06T07:49:41.741+0000] {logging_mixin.py:149} INFO - [2025-05-06T07:49:41.740+0000] {dag.py:2726} INFO - Sync 3 DAGs
[2025-05-06T07:49:41.766+0000] {logging_mixin.py:149} INFO - [2025-05-06T07:49:41.766+0000] {dag.py:3490} INFO - Setting next_dagrun for example_subdag_operator to 2022-01-01T00:00:00+00:00, run_after=2022-01-01T00:00:00+00:00
[2025-05-06T07:49:41.768+0000] {logging_mixin.py:149} INFO - [2025-05-06T07:49:41.768+0000] {dag.py:3490} INFO - Setting next_dagrun for example_subdag_operator.section-1 to None, run_after=None
[2025-05-06T07:49:41.769+0000] {logging_mixin.py:149} INFO - [2025-05-06T07:49:41.769+0000] {dag.py:3490} INFO - Setting next_dagrun for example_subdag_operator.section-2 to None, run_after=None
[2025-05-06T07:49:41.775+0000] {logging_mixin.py:149} INFO - [2025-05-06T07:49:41.775+0000] {dag.py:2726} INFO - Sync 2 DAGs
[2025-05-06T07:49:41.780+0000] {logging_mixin.py:149} INFO - [2025-05-06T07:49:41.780+0000] {dag.py:3490} INFO - Setting next_dagrun for example_subdag_operator.section-1 to None, run_after=None
[2025-05-06T07:49:41.780+0000] {logging_mixin.py:149} INFO - [2025-05-06T07:49:41.780+0000] {dag.py:3490} INFO - Setting next_dagrun for example_subdag_operator.section-2 to None, run_after=None
[2025-05-06T07:49:41.791+0000] {processor.py:179} INFO - Processing /home/airflow/.local/lib/python3.7/site-packages/airflow/example_dags/example_subdag_operator.py took 0.094 seconds
[2025-05-06T07:50:12.607+0000] {processor.py:157} INFO - Started process (PID=2316) to work on /home/airflow/.local/lib/python3.7/site-packages/airflow/example_dags/example_subdag_operator.py
[2025-05-06T07:50:12.608+0000] {processor.py:826} INFO - Processing file /home/airflow/.local/lib/python3.7/site-packages/airflow/example_dags/example_subdag_operator.py for tasks to queue
[2025-05-06T07:50:12.609+0000] {logging_mixin.py:149} INFO - [2025-05-06T07:50:12.609+0000] {dagbag.py:541} INFO - Filling up the DagBag from /home/airflow/.local/lib/python3.7/site-packages/airflow/example_dags/example_subdag_operator.py
[2025-05-06T07:50:12.634+0000] {processor.py:836} INFO - DAG(s) dict_keys(['example_subdag_operator.section-1', 'example_subdag_operator.section-2', 'example_subdag_operator']) retrieved from /home/airflow/.local/lib/python3.7/site-packages/airflow/example_dags/example_subdag_operator.py
[2025-05-06T07:50:12.652+0000] {logging_mixin.py:149} INFO - [2025-05-06T07:50:12.652+0000] {dag.py:2726} INFO - Sync 3 DAGs
[2025-05-06T07:50:12.679+0000] {logging_mixin.py:149} INFO - [2025-05-06T07:50:12.679+0000] {dag.py:3490} INFO - Setting next_dagrun for example_subdag_operator to 2022-01-01T00:00:00+00:00, run_after=2022-01-01T00:00:00+00:00
[2025-05-06T07:50:12.682+0000] {logging_mixin.py:149} INFO - [2025-05-06T07:50:12.682+0000] {dag.py:3490} INFO - Setting next_dagrun for example_subdag_operator.section-1 to None, run_after=None
[2025-05-06T07:50:12.683+0000] {logging_mixin.py:149} INFO - [2025-05-06T07:50:12.683+0000] {dag.py:3490} INFO - Setting next_dagrun for example_subdag_operator.section-2 to None, run_after=None
[2025-05-06T07:50:12.690+0000] {logging_mixin.py:149} INFO - [2025-05-06T07:50:12.690+0000] {dag.py:2726} INFO - Sync 2 DAGs
[2025-05-06T07:50:12.696+0000] {logging_mixin.py:149} INFO - [2025-05-06T07:50:12.696+0000] {dag.py:3490} INFO - Setting next_dagrun for example_subdag_operator.section-1 to None, run_after=None
[2025-05-06T07:50:12.696+0000] {logging_mixin.py:149} INFO - [2025-05-06T07:50:12.696+0000] {dag.py:3490} INFO - Setting next_dagrun for example_subdag_operator.section-2 to None, run_after=None
[2025-05-06T07:50:12.715+0000] {processor.py:179} INFO - Processing /home/airflow/.local/lib/python3.7/site-packages/airflow/example_dags/example_subdag_operator.py took 0.114 seconds
[2025-05-06T07:50:43.395+0000] {processor.py:157} INFO - Started process (PID=2393) to work on /home/airflow/.local/lib/python3.7/site-packages/airflow/example_dags/example_subdag_operator.py
[2025-05-06T07:50:43.396+0000] {processor.py:826} INFO - Processing file /home/airflow/.local/lib/python3.7/site-packages/airflow/example_dags/example_subdag_operator.py for tasks to queue
[2025-05-06T07:50:43.397+0000] {logging_mixin.py:149} INFO - [2025-05-06T07:50:43.396+0000] {dagbag.py:541} INFO - Filling up the DagBag from /home/airflow/.local/lib/python3.7/site-packages/airflow/example_dags/example_subdag_operator.py
[2025-05-06T07:50:43.421+0000] {processor.py:836} INFO - DAG(s) dict_keys(['example_subdag_operator.section-1', 'example_subdag_operator.section-2', 'example_subdag_operator']) retrieved from /home/airflow/.local/lib/python3.7/site-packages/airflow/example_dags/example_subdag_operator.py
[2025-05-06T07:50:43.441+0000] {logging_mixin.py:149} INFO - [2025-05-06T07:50:43.440+0000] {dag.py:2726} INFO - Sync 3 DAGs
[2025-05-06T07:50:43.466+0000] {logging_mixin.py:149} INFO - [2025-05-06T07:50:43.466+0000] {dag.py:3490} INFO - Setting next_dagrun for example_subdag_operator to 2022-01-01T00:00:00+00:00, run_after=2022-01-01T00:00:00+00:00
[2025-05-06T07:50:43.470+0000] {logging_mixin.py:149} INFO - [2025-05-06T07:50:43.470+0000] {dag.py:3490} INFO - Setting next_dagrun for example_subdag_operator.section-1 to None, run_after=None
[2025-05-06T07:50:43.472+0000] {logging_mixin.py:149} INFO - [2025-05-06T07:50:43.472+0000] {dag.py:3490} INFO - Setting next_dagrun for example_subdag_operator.section-2 to None, run_after=None
[2025-05-06T07:50:43.480+0000] {logging_mixin.py:149} INFO - [2025-05-06T07:50:43.479+0000] {dag.py:2726} INFO - Sync 2 DAGs
[2025-05-06T07:50:43.485+0000] {logging_mixin.py:149} INFO - [2025-05-06T07:50:43.485+0000] {dag.py:3490} INFO - Setting next_dagrun for example_subdag_operator.section-1 to None, run_after=None
[2025-05-06T07:50:43.485+0000] {logging_mixin.py:149} INFO - [2025-05-06T07:50:43.485+0000] {dag.py:3490} INFO - Setting next_dagrun for example_subdag_operator.section-2 to None, run_after=None
[2025-05-06T07:50:43.497+0000] {processor.py:179} INFO - Processing /home/airflow/.local/lib/python3.7/site-packages/airflow/example_dags/example_subdag_operator.py took 0.105 seconds
[2025-05-06T07:51:13.982+0000] {processor.py:157} INFO - Started process (PID=2470) to work on /home/airflow/.local/lib/python3.7/site-packages/airflow/example_dags/example_subdag_operator.py
[2025-05-06T07:51:13.983+0000] {processor.py:826} INFO - Processing file /home/airflow/.local/lib/python3.7/site-packages/airflow/example_dags/example_subdag_operator.py for tasks to queue
[2025-05-06T07:51:13.983+0000] {logging_mixin.py:149} INFO - [2025-05-06T07:51:13.983+0000] {dagbag.py:541} INFO - Filling up the DagBag from /home/airflow/.local/lib/python3.7/site-packages/airflow/example_dags/example_subdag_operator.py
[2025-05-06T07:51:14.005+0000] {processor.py:836} INFO - DAG(s) dict_keys(['example_subdag_operator.section-1', 'example_subdag_operator.section-2', 'example_subdag_operator']) retrieved from /home/airflow/.local/lib/python3.7/site-packages/airflow/example_dags/example_subdag_operator.py
[2025-05-06T07:51:14.023+0000] {logging_mixin.py:149} INFO - [2025-05-06T07:51:14.022+0000] {dag.py:2726} INFO - Sync 3 DAGs
[2025-05-06T07:51:14.044+0000] {logging_mixin.py:149} INFO - [2025-05-06T07:51:14.044+0000] {dag.py:3490} INFO - Setting next_dagrun for example_subdag_operator to 2022-01-01T00:00:00+00:00, run_after=2022-01-01T00:00:00+00:00
[2025-05-06T07:51:14.047+0000] {logging_mixin.py:149} INFO - [2025-05-06T07:51:14.047+0000] {dag.py:3490} INFO - Setting next_dagrun for example_subdag_operator.section-1 to None, run_after=None
[2025-05-06T07:51:14.048+0000] {logging_mixin.py:149} INFO - [2025-05-06T07:51:14.048+0000] {dag.py:3490} INFO - Setting next_dagrun for example_subdag_operator.section-2 to None, run_after=None
[2025-05-06T07:51:14.055+0000] {logging_mixin.py:149} INFO - [2025-05-06T07:51:14.055+0000] {dag.py:2726} INFO - Sync 2 DAGs
[2025-05-06T07:51:14.060+0000] {logging_mixin.py:149} INFO - [2025-05-06T07:51:14.060+0000] {dag.py:3490} INFO - Setting next_dagrun for example_subdag_operator.section-1 to None, run_after=None
[2025-05-06T07:51:14.060+0000] {logging_mixin.py:149} INFO - [2025-05-06T07:51:14.060+0000] {dag.py:3490} INFO - Setting next_dagrun for example_subdag_operator.section-2 to None, run_after=None
[2025-05-06T07:51:14.071+0000] {processor.py:179} INFO - Processing /home/airflow/.local/lib/python3.7/site-packages/airflow/example_dags/example_subdag_operator.py took 0.092 seconds
[2025-05-06T07:51:44.511+0000] {processor.py:157} INFO - Started process (PID=2547) to work on /home/airflow/.local/lib/python3.7/site-packages/airflow/example_dags/example_subdag_operator.py
[2025-05-06T07:51:44.512+0000] {processor.py:826} INFO - Processing file /home/airflow/.local/lib/python3.7/site-packages/airflow/example_dags/example_subdag_operator.py for tasks to queue
[2025-05-06T07:51:44.512+0000] {logging_mixin.py:149} INFO - [2025-05-06T07:51:44.512+0000] {dagbag.py:541} INFO - Filling up the DagBag from /home/airflow/.local/lib/python3.7/site-packages/airflow/example_dags/example_subdag_operator.py
[2025-05-06T07:51:44.534+0000] {processor.py:836} INFO - DAG(s) dict_keys(['example_subdag_operator.section-1', 'example_subdag_operator.section-2', 'example_subdag_operator']) retrieved from /home/airflow/.local/lib/python3.7/site-packages/airflow/example_dags/example_subdag_operator.py
[2025-05-06T07:51:44.550+0000] {logging_mixin.py:149} INFO - [2025-05-06T07:51:44.550+0000] {dag.py:2726} INFO - Sync 3 DAGs
[2025-05-06T07:51:44.571+0000] {logging_mixin.py:149} INFO - [2025-05-06T07:51:44.571+0000] {dag.py:3490} INFO - Setting next_dagrun for example_subdag_operator to 2022-01-01T00:00:00+00:00, run_after=2022-01-01T00:00:00+00:00
[2025-05-06T07:51:44.574+0000] {logging_mixin.py:149} INFO - [2025-05-06T07:51:44.574+0000] {dag.py:3490} INFO - Setting next_dagrun for example_subdag_operator.section-1 to None, run_after=None
[2025-05-06T07:51:44.576+0000] {logging_mixin.py:149} INFO - [2025-05-06T07:51:44.575+0000] {dag.py:3490} INFO - Setting next_dagrun for example_subdag_operator.section-2 to None, run_after=None
[2025-05-06T07:51:44.582+0000] {logging_mixin.py:149} INFO - [2025-05-06T07:51:44.582+0000] {dag.py:2726} INFO - Sync 2 DAGs
[2025-05-06T07:51:44.587+0000] {logging_mixin.py:149} INFO - [2025-05-06T07:51:44.586+0000] {dag.py:3490} INFO - Setting next_dagrun for example_subdag_operator.section-1 to None, run_after=None
[2025-05-06T07:51:44.587+0000] {logging_mixin.py:149} INFO - [2025-05-06T07:51:44.587+0000] {dag.py:3490} INFO - Setting next_dagrun for example_subdag_operator.section-2 to None, run_after=None
[2025-05-06T07:51:44.599+0000] {processor.py:179} INFO - Processing /home/airflow/.local/lib/python3.7/site-packages/airflow/example_dags/example_subdag_operator.py took 0.091 seconds
