[2025-05-06T07:35:18.433+0000] {processor.py:157} INFO - Started process (PID=71) to work on /home/airflow/.local/lib/python3.7/site-packages/airflow/example_dags/example_branch_python_dop_operator_3.py
[2025-05-06T07:35:18.434+0000] {processor.py:826} INFO - Processing file /home/airflow/.local/lib/python3.7/site-packages/airflow/example_dags/example_branch_python_dop_operator_3.py for tasks to queue
[2025-05-06T07:35:18.436+0000] {logging_mixin.py:149} INFO - [2025-05-06T07:35:18.436+0000] {dagbag.py:541} INFO - Filling up the DagBag from /home/airflow/.local/lib/python3.7/site-packages/airflow/example_dags/example_branch_python_dop_operator_3.py
[2025-05-06T07:35:18.452+0000] {processor.py:836} INFO - DAG(s) dict_keys(['example_branch_dop_operator_v3']) retrieved from /home/airflow/.local/lib/python3.7/site-packages/airflow/example_dags/example_branch_python_dop_operator_3.py
[2025-05-06T07:35:18.471+0000] {logging_mixin.py:149} INFO - [2025-05-06T07:35:18.471+0000] {dag.py:2726} INFO - Sync 1 DAGs
[2025-05-06T07:35:18.512+0000] {logging_mixin.py:149} INFO - [2025-05-06T07:35:18.511+0000] {dag.py:3490} INFO - Setting next_dagrun for example_branch_dop_operator_v3 to 2025-05-06T07:34:00+00:00, run_after=2025-05-06T07:35:00+00:00
[2025-05-06T07:35:18.544+0000] {processor.py:179} INFO - Processing /home/airflow/.local/lib/python3.7/site-packages/airflow/example_dags/example_branch_python_dop_operator_3.py took 0.116 seconds
[2025-05-06T07:35:49.502+0000] {processor.py:157} INFO - Started process (PID=148) to work on /home/airflow/.local/lib/python3.7/site-packages/airflow/example_dags/example_branch_python_dop_operator_3.py
[2025-05-06T07:35:49.503+0000] {processor.py:826} INFO - Processing file /home/airflow/.local/lib/python3.7/site-packages/airflow/example_dags/example_branch_python_dop_operator_3.py for tasks to queue
[2025-05-06T07:35:49.503+0000] {logging_mixin.py:149} INFO - [2025-05-06T07:35:49.503+0000] {dagbag.py:541} INFO - Filling up the DagBag from /home/airflow/.local/lib/python3.7/site-packages/airflow/example_dags/example_branch_python_dop_operator_3.py
[2025-05-06T07:35:49.511+0000] {processor.py:836} INFO - DAG(s) dict_keys(['example_branch_dop_operator_v3']) retrieved from /home/airflow/.local/lib/python3.7/site-packages/airflow/example_dags/example_branch_python_dop_operator_3.py
[2025-05-06T07:35:49.536+0000] {logging_mixin.py:149} INFO - [2025-05-06T07:35:49.536+0000] {dag.py:2726} INFO - Sync 1 DAGs
[2025-05-06T07:35:49.575+0000] {logging_mixin.py:149} INFO - [2025-05-06T07:35:49.574+0000] {dag.py:3490} INFO - Setting next_dagrun for example_branch_dop_operator_v3 to 2025-05-06T07:34:00+00:00, run_after=2025-05-06T07:35:00+00:00
[2025-05-06T07:35:49.602+0000] {processor.py:179} INFO - Processing /home/airflow/.local/lib/python3.7/site-packages/airflow/example_dags/example_branch_python_dop_operator_3.py took 0.103 seconds
[2025-05-06T07:36:20.165+0000] {processor.py:157} INFO - Started process (PID=225) to work on /home/airflow/.local/lib/python3.7/site-packages/airflow/example_dags/example_branch_python_dop_operator_3.py
[2025-05-06T07:36:20.166+0000] {processor.py:826} INFO - Processing file /home/airflow/.local/lib/python3.7/site-packages/airflow/example_dags/example_branch_python_dop_operator_3.py for tasks to queue
[2025-05-06T07:36:20.167+0000] {logging_mixin.py:149} INFO - [2025-05-06T07:36:20.167+0000] {dagbag.py:541} INFO - Filling up the DagBag from /home/airflow/.local/lib/python3.7/site-packages/airflow/example_dags/example_branch_python_dop_operator_3.py
[2025-05-06T07:36:20.177+0000] {processor.py:836} INFO - DAG(s) dict_keys(['example_branch_dop_operator_v3']) retrieved from /home/airflow/.local/lib/python3.7/site-packages/airflow/example_dags/example_branch_python_dop_operator_3.py
[2025-05-06T07:36:20.203+0000] {logging_mixin.py:149} INFO - [2025-05-06T07:36:20.203+0000] {dag.py:2726} INFO - Sync 1 DAGs
[2025-05-06T07:36:20.232+0000] {logging_mixin.py:149} INFO - [2025-05-06T07:36:20.232+0000] {dag.py:3490} INFO - Setting next_dagrun for example_branch_dop_operator_v3 to 2025-05-06T07:35:00+00:00, run_after=2025-05-06T07:36:00+00:00
[2025-05-06T07:36:20.252+0000] {processor.py:179} INFO - Processing /home/airflow/.local/lib/python3.7/site-packages/airflow/example_dags/example_branch_python_dop_operator_3.py took 0.090 seconds
[2025-05-06T07:36:51.388+0000] {processor.py:157} INFO - Started process (PID=302) to work on /home/airflow/.local/lib/python3.7/site-packages/airflow/example_dags/example_branch_python_dop_operator_3.py
[2025-05-06T07:36:51.390+0000] {processor.py:826} INFO - Processing file /home/airflow/.local/lib/python3.7/site-packages/airflow/example_dags/example_branch_python_dop_operator_3.py for tasks to queue
[2025-05-06T07:36:51.391+0000] {logging_mixin.py:149} INFO - [2025-05-06T07:36:51.391+0000] {dagbag.py:541} INFO - Filling up the DagBag from /home/airflow/.local/lib/python3.7/site-packages/airflow/example_dags/example_branch_python_dop_operator_3.py
[2025-05-06T07:36:51.406+0000] {processor.py:836} INFO - DAG(s) dict_keys(['example_branch_dop_operator_v3']) retrieved from /home/airflow/.local/lib/python3.7/site-packages/airflow/example_dags/example_branch_python_dop_operator_3.py
[2025-05-06T07:36:51.450+0000] {logging_mixin.py:149} INFO - [2025-05-06T07:36:51.449+0000] {dag.py:2726} INFO - Sync 1 DAGs
[2025-05-06T07:36:51.512+0000] {logging_mixin.py:149} INFO - [2025-05-06T07:36:51.511+0000] {dag.py:3490} INFO - Setting next_dagrun for example_branch_dop_operator_v3 to 2025-05-06T07:35:00+00:00, run_after=2025-05-06T07:36:00+00:00
[2025-05-06T07:36:51.544+0000] {processor.py:179} INFO - Processing /home/airflow/.local/lib/python3.7/site-packages/airflow/example_dags/example_branch_python_dop_operator_3.py took 0.161 seconds
[2025-05-06T07:37:22.497+0000] {processor.py:157} INFO - Started process (PID=379) to work on /home/airflow/.local/lib/python3.7/site-packages/airflow/example_dags/example_branch_python_dop_operator_3.py
[2025-05-06T07:37:22.499+0000] {processor.py:826} INFO - Processing file /home/airflow/.local/lib/python3.7/site-packages/airflow/example_dags/example_branch_python_dop_operator_3.py for tasks to queue
[2025-05-06T07:37:22.500+0000] {logging_mixin.py:149} INFO - [2025-05-06T07:37:22.500+0000] {dagbag.py:541} INFO - Filling up the DagBag from /home/airflow/.local/lib/python3.7/site-packages/airflow/example_dags/example_branch_python_dop_operator_3.py
[2025-05-06T07:37:22.520+0000] {processor.py:836} INFO - DAG(s) dict_keys(['example_branch_dop_operator_v3']) retrieved from /home/airflow/.local/lib/python3.7/site-packages/airflow/example_dags/example_branch_python_dop_operator_3.py
[2025-05-06T07:37:22.579+0000] {logging_mixin.py:149} INFO - [2025-05-06T07:37:22.578+0000] {dag.py:2726} INFO - Sync 1 DAGs
[2025-05-06T07:37:22.624+0000] {logging_mixin.py:149} INFO - [2025-05-06T07:37:22.624+0000] {dag.py:3490} INFO - Setting next_dagrun for example_branch_dop_operator_v3 to 2025-05-06T07:36:00+00:00, run_after=2025-05-06T07:37:00+00:00
[2025-05-06T07:37:22.665+0000] {processor.py:179} INFO - Processing /home/airflow/.local/lib/python3.7/site-packages/airflow/example_dags/example_branch_python_dop_operator_3.py took 0.178 seconds
[2025-05-06T07:37:53.200+0000] {processor.py:157} INFO - Started process (PID=456) to work on /home/airflow/.local/lib/python3.7/site-packages/airflow/example_dags/example_branch_python_dop_operator_3.py
[2025-05-06T07:37:53.201+0000] {processor.py:826} INFO - Processing file /home/airflow/.local/lib/python3.7/site-packages/airflow/example_dags/example_branch_python_dop_operator_3.py for tasks to queue
[2025-05-06T07:37:53.202+0000] {logging_mixin.py:149} INFO - [2025-05-06T07:37:53.202+0000] {dagbag.py:541} INFO - Filling up the DagBag from /home/airflow/.local/lib/python3.7/site-packages/airflow/example_dags/example_branch_python_dop_operator_3.py
[2025-05-06T07:37:53.208+0000] {processor.py:836} INFO - DAG(s) dict_keys(['example_branch_dop_operator_v3']) retrieved from /home/airflow/.local/lib/python3.7/site-packages/airflow/example_dags/example_branch_python_dop_operator_3.py
[2025-05-06T07:37:53.229+0000] {logging_mixin.py:149} INFO - [2025-05-06T07:37:53.229+0000] {dag.py:2726} INFO - Sync 1 DAGs
[2025-05-06T07:37:53.252+0000] {logging_mixin.py:149} INFO - [2025-05-06T07:37:53.252+0000] {dag.py:3490} INFO - Setting next_dagrun for example_branch_dop_operator_v3 to 2025-05-06T07:36:00+00:00, run_after=2025-05-06T07:37:00+00:00
[2025-05-06T07:37:53.270+0000] {processor.py:179} INFO - Processing /home/airflow/.local/lib/python3.7/site-packages/airflow/example_dags/example_branch_python_dop_operator_3.py took 0.073 seconds
[2025-05-06T07:38:24.523+0000] {processor.py:157} INFO - Started process (PID=534) to work on /home/airflow/.local/lib/python3.7/site-packages/airflow/example_dags/example_branch_python_dop_operator_3.py
[2025-05-06T07:38:24.524+0000] {processor.py:826} INFO - Processing file /home/airflow/.local/lib/python3.7/site-packages/airflow/example_dags/example_branch_python_dop_operator_3.py for tasks to queue
[2025-05-06T07:38:24.525+0000] {logging_mixin.py:149} INFO - [2025-05-06T07:38:24.525+0000] {dagbag.py:541} INFO - Filling up the DagBag from /home/airflow/.local/lib/python3.7/site-packages/airflow/example_dags/example_branch_python_dop_operator_3.py
[2025-05-06T07:38:24.535+0000] {processor.py:836} INFO - DAG(s) dict_keys(['example_branch_dop_operator_v3']) retrieved from /home/airflow/.local/lib/python3.7/site-packages/airflow/example_dags/example_branch_python_dop_operator_3.py
[2025-05-06T07:38:24.566+0000] {logging_mixin.py:149} INFO - [2025-05-06T07:38:24.566+0000] {dag.py:2726} INFO - Sync 1 DAGs
[2025-05-06T07:38:24.600+0000] {logging_mixin.py:149} INFO - [2025-05-06T07:38:24.600+0000] {dag.py:3490} INFO - Setting next_dagrun for example_branch_dop_operator_v3 to 2025-05-06T07:37:00+00:00, run_after=2025-05-06T07:38:00+00:00
[2025-05-06T07:38:24.629+0000] {processor.py:179} INFO - Processing /home/airflow/.local/lib/python3.7/site-packages/airflow/example_dags/example_branch_python_dop_operator_3.py took 0.110 seconds
[2025-05-06T07:38:54.949+0000] {processor.py:157} INFO - Started process (PID=611) to work on /home/airflow/.local/lib/python3.7/site-packages/airflow/example_dags/example_branch_python_dop_operator_3.py
[2025-05-06T07:38:54.950+0000] {processor.py:826} INFO - Processing file /home/airflow/.local/lib/python3.7/site-packages/airflow/example_dags/example_branch_python_dop_operator_3.py for tasks to queue
[2025-05-06T07:38:54.950+0000] {logging_mixin.py:149} INFO - [2025-05-06T07:38:54.950+0000] {dagbag.py:541} INFO - Filling up the DagBag from /home/airflow/.local/lib/python3.7/site-packages/airflow/example_dags/example_branch_python_dop_operator_3.py
[2025-05-06T07:38:54.957+0000] {processor.py:836} INFO - DAG(s) dict_keys(['example_branch_dop_operator_v3']) retrieved from /home/airflow/.local/lib/python3.7/site-packages/airflow/example_dags/example_branch_python_dop_operator_3.py
[2025-05-06T07:38:54.978+0000] {logging_mixin.py:149} INFO - [2025-05-06T07:38:54.978+0000] {dag.py:2726} INFO - Sync 1 DAGs
[2025-05-06T07:38:55.002+0000] {logging_mixin.py:149} INFO - [2025-05-06T07:38:55.002+0000] {dag.py:3490} INFO - Setting next_dagrun for example_branch_dop_operator_v3 to 2025-05-06T07:37:00+00:00, run_after=2025-05-06T07:38:00+00:00
[2025-05-06T07:38:55.020+0000] {processor.py:179} INFO - Processing /home/airflow/.local/lib/python3.7/site-packages/airflow/example_dags/example_branch_python_dop_operator_3.py took 0.073 seconds
[2025-05-06T07:39:25.980+0000] {processor.py:157} INFO - Started process (PID=688) to work on /home/airflow/.local/lib/python3.7/site-packages/airflow/example_dags/example_branch_python_dop_operator_3.py
[2025-05-06T07:39:25.981+0000] {processor.py:826} INFO - Processing file /home/airflow/.local/lib/python3.7/site-packages/airflow/example_dags/example_branch_python_dop_operator_3.py for tasks to queue
[2025-05-06T07:39:25.982+0000] {logging_mixin.py:149} INFO - [2025-05-06T07:39:25.982+0000] {dagbag.py:541} INFO - Filling up the DagBag from /home/airflow/.local/lib/python3.7/site-packages/airflow/example_dags/example_branch_python_dop_operator_3.py
[2025-05-06T07:39:25.988+0000] {processor.py:836} INFO - DAG(s) dict_keys(['example_branch_dop_operator_v3']) retrieved from /home/airflow/.local/lib/python3.7/site-packages/airflow/example_dags/example_branch_python_dop_operator_3.py
[2025-05-06T07:39:26.010+0000] {logging_mixin.py:149} INFO - [2025-05-06T07:39:26.010+0000] {dag.py:2726} INFO - Sync 1 DAGs
[2025-05-06T07:39:26.035+0000] {logging_mixin.py:149} INFO - [2025-05-06T07:39:26.034+0000] {dag.py:3490} INFO - Setting next_dagrun for example_branch_dop_operator_v3 to 2025-05-06T07:38:00+00:00, run_after=2025-05-06T07:39:00+00:00
[2025-05-06T07:39:26.052+0000] {processor.py:179} INFO - Processing /home/airflow/.local/lib/python3.7/site-packages/airflow/example_dags/example_branch_python_dop_operator_3.py took 0.075 seconds
[2025-05-06T07:39:56.576+0000] {processor.py:157} INFO - Started process (PID=765) to work on /home/airflow/.local/lib/python3.7/site-packages/airflow/example_dags/example_branch_python_dop_operator_3.py
[2025-05-06T07:39:56.577+0000] {processor.py:826} INFO - Processing file /home/airflow/.local/lib/python3.7/site-packages/airflow/example_dags/example_branch_python_dop_operator_3.py for tasks to queue
[2025-05-06T07:39:56.578+0000] {logging_mixin.py:149} INFO - [2025-05-06T07:39:56.578+0000] {dagbag.py:541} INFO - Filling up the DagBag from /home/airflow/.local/lib/python3.7/site-packages/airflow/example_dags/example_branch_python_dop_operator_3.py
[2025-05-06T07:39:56.585+0000] {processor.py:836} INFO - DAG(s) dict_keys(['example_branch_dop_operator_v3']) retrieved from /home/airflow/.local/lib/python3.7/site-packages/airflow/example_dags/example_branch_python_dop_operator_3.py
[2025-05-06T07:39:56.606+0000] {logging_mixin.py:149} INFO - [2025-05-06T07:39:56.606+0000] {dag.py:2726} INFO - Sync 1 DAGs
[2025-05-06T07:39:56.630+0000] {logging_mixin.py:149} INFO - [2025-05-06T07:39:56.630+0000] {dag.py:3490} INFO - Setting next_dagrun for example_branch_dop_operator_v3 to 2025-05-06T07:38:00+00:00, run_after=2025-05-06T07:39:00+00:00
[2025-05-06T07:39:56.648+0000] {processor.py:179} INFO - Processing /home/airflow/.local/lib/python3.7/site-packages/airflow/example_dags/example_branch_python_dop_operator_3.py took 0.074 seconds
[2025-05-06T07:40:27.147+0000] {processor.py:157} INFO - Started process (PID=842) to work on /home/airflow/.local/lib/python3.7/site-packages/airflow/example_dags/example_branch_python_dop_operator_3.py
[2025-05-06T07:40:27.148+0000] {processor.py:826} INFO - Processing file /home/airflow/.local/lib/python3.7/site-packages/airflow/example_dags/example_branch_python_dop_operator_3.py for tasks to queue
[2025-05-06T07:40:27.149+0000] {logging_mixin.py:149} INFO - [2025-05-06T07:40:27.149+0000] {dagbag.py:541} INFO - Filling up the DagBag from /home/airflow/.local/lib/python3.7/site-packages/airflow/example_dags/example_branch_python_dop_operator_3.py
[2025-05-06T07:40:27.155+0000] {processor.py:836} INFO - DAG(s) dict_keys(['example_branch_dop_operator_v3']) retrieved from /home/airflow/.local/lib/python3.7/site-packages/airflow/example_dags/example_branch_python_dop_operator_3.py
[2025-05-06T07:40:27.177+0000] {logging_mixin.py:149} INFO - [2025-05-06T07:40:27.177+0000] {dag.py:2726} INFO - Sync 1 DAGs
[2025-05-06T07:40:27.202+0000] {logging_mixin.py:149} INFO - [2025-05-06T07:40:27.201+0000] {dag.py:3490} INFO - Setting next_dagrun for example_branch_dop_operator_v3 to 2025-05-06T07:39:00+00:00, run_after=2025-05-06T07:40:00+00:00
[2025-05-06T07:40:27.218+0000] {processor.py:179} INFO - Processing /home/airflow/.local/lib/python3.7/site-packages/airflow/example_dags/example_branch_python_dop_operator_3.py took 0.074 seconds
[2025-05-06T07:40:57.615+0000] {processor.py:157} INFO - Started process (PID=919) to work on /home/airflow/.local/lib/python3.7/site-packages/airflow/example_dags/example_branch_python_dop_operator_3.py
[2025-05-06T07:40:57.616+0000] {processor.py:826} INFO - Processing file /home/airflow/.local/lib/python3.7/site-packages/airflow/example_dags/example_branch_python_dop_operator_3.py for tasks to queue
[2025-05-06T07:40:57.617+0000] {logging_mixin.py:149} INFO - [2025-05-06T07:40:57.617+0000] {dagbag.py:541} INFO - Filling up the DagBag from /home/airflow/.local/lib/python3.7/site-packages/airflow/example_dags/example_branch_python_dop_operator_3.py
[2025-05-06T07:40:57.623+0000] {processor.py:836} INFO - DAG(s) dict_keys(['example_branch_dop_operator_v3']) retrieved from /home/airflow/.local/lib/python3.7/site-packages/airflow/example_dags/example_branch_python_dop_operator_3.py
[2025-05-06T07:40:57.643+0000] {logging_mixin.py:149} INFO - [2025-05-06T07:40:57.643+0000] {dag.py:2726} INFO - Sync 1 DAGs
[2025-05-06T07:40:57.666+0000] {logging_mixin.py:149} INFO - [2025-05-06T07:40:57.666+0000] {dag.py:3490} INFO - Setting next_dagrun for example_branch_dop_operator_v3 to 2025-05-06T07:39:00+00:00, run_after=2025-05-06T07:40:00+00:00
[2025-05-06T07:40:57.681+0000] {processor.py:179} INFO - Processing /home/airflow/.local/lib/python3.7/site-packages/airflow/example_dags/example_branch_python_dop_operator_3.py took 0.069 seconds
[2025-05-06T07:41:28.035+0000] {processor.py:157} INFO - Started process (PID=996) to work on /home/airflow/.local/lib/python3.7/site-packages/airflow/example_dags/example_branch_python_dop_operator_3.py
[2025-05-06T07:41:28.036+0000] {processor.py:826} INFO - Processing file /home/airflow/.local/lib/python3.7/site-packages/airflow/example_dags/example_branch_python_dop_operator_3.py for tasks to queue
[2025-05-06T07:41:28.037+0000] {logging_mixin.py:149} INFO - [2025-05-06T07:41:28.037+0000] {dagbag.py:541} INFO - Filling up the DagBag from /home/airflow/.local/lib/python3.7/site-packages/airflow/example_dags/example_branch_python_dop_operator_3.py
[2025-05-06T07:41:28.043+0000] {processor.py:836} INFO - DAG(s) dict_keys(['example_branch_dop_operator_v3']) retrieved from /home/airflow/.local/lib/python3.7/site-packages/airflow/example_dags/example_branch_python_dop_operator_3.py
[2025-05-06T07:41:28.068+0000] {logging_mixin.py:149} INFO - [2025-05-06T07:41:28.068+0000] {dag.py:2726} INFO - Sync 1 DAGs
[2025-05-06T07:41:28.094+0000] {logging_mixin.py:149} INFO - [2025-05-06T07:41:28.094+0000] {dag.py:3490} INFO - Setting next_dagrun for example_branch_dop_operator_v3 to 2025-05-06T07:40:00+00:00, run_after=2025-05-06T07:41:00+00:00
[2025-05-06T07:41:28.112+0000] {processor.py:179} INFO - Processing /home/airflow/.local/lib/python3.7/site-packages/airflow/example_dags/example_branch_python_dop_operator_3.py took 0.079 seconds
[2025-05-06T07:41:58.638+0000] {processor.py:157} INFO - Started process (PID=1073) to work on /home/airflow/.local/lib/python3.7/site-packages/airflow/example_dags/example_branch_python_dop_operator_3.py
[2025-05-06T07:41:58.639+0000] {processor.py:826} INFO - Processing file /home/airflow/.local/lib/python3.7/site-packages/airflow/example_dags/example_branch_python_dop_operator_3.py for tasks to queue
[2025-05-06T07:41:58.640+0000] {logging_mixin.py:149} INFO - [2025-05-06T07:41:58.639+0000] {dagbag.py:541} INFO - Filling up the DagBag from /home/airflow/.local/lib/python3.7/site-packages/airflow/example_dags/example_branch_python_dop_operator_3.py
[2025-05-06T07:41:58.646+0000] {processor.py:836} INFO - DAG(s) dict_keys(['example_branch_dop_operator_v3']) retrieved from /home/airflow/.local/lib/python3.7/site-packages/airflow/example_dags/example_branch_python_dop_operator_3.py
[2025-05-06T07:41:58.668+0000] {logging_mixin.py:149} INFO - [2025-05-06T07:41:58.668+0000] {dag.py:2726} INFO - Sync 1 DAGs
[2025-05-06T07:41:58.692+0000] {logging_mixin.py:149} INFO - [2025-05-06T07:41:58.692+0000] {dag.py:3490} INFO - Setting next_dagrun for example_branch_dop_operator_v3 to 2025-05-06T07:40:00+00:00, run_after=2025-05-06T07:41:00+00:00
[2025-05-06T07:41:58.710+0000] {processor.py:179} INFO - Processing /home/airflow/.local/lib/python3.7/site-packages/airflow/example_dags/example_branch_python_dop_operator_3.py took 0.074 seconds
[2025-05-06T07:42:29.543+0000] {processor.py:157} INFO - Started process (PID=1150) to work on /home/airflow/.local/lib/python3.7/site-packages/airflow/example_dags/example_branch_python_dop_operator_3.py
[2025-05-06T07:42:29.545+0000] {processor.py:826} INFO - Processing file /home/airflow/.local/lib/python3.7/site-packages/airflow/example_dags/example_branch_python_dop_operator_3.py for tasks to queue
[2025-05-06T07:42:29.547+0000] {logging_mixin.py:149} INFO - [2025-05-06T07:42:29.546+0000] {dagbag.py:541} INFO - Filling up the DagBag from /home/airflow/.local/lib/python3.7/site-packages/airflow/example_dags/example_branch_python_dop_operator_3.py
[2025-05-06T07:42:29.567+0000] {processor.py:836} INFO - DAG(s) dict_keys(['example_branch_dop_operator_v3']) retrieved from /home/airflow/.local/lib/python3.7/site-packages/airflow/example_dags/example_branch_python_dop_operator_3.py
[2025-05-06T07:42:29.628+0000] {logging_mixin.py:149} INFO - [2025-05-06T07:42:29.627+0000] {dag.py:2726} INFO - Sync 1 DAGs
[2025-05-06T07:42:29.732+0000] {logging_mixin.py:149} INFO - [2025-05-06T07:42:29.731+0000] {dag.py:3490} INFO - Setting next_dagrun for example_branch_dop_operator_v3 to 2025-05-06T07:41:00+00:00, run_after=2025-05-06T07:42:00+00:00
[2025-05-06T07:42:29.791+0000] {processor.py:179} INFO - Processing /home/airflow/.local/lib/python3.7/site-packages/airflow/example_dags/example_branch_python_dop_operator_3.py took 0.254 seconds
[2025-05-06T07:43:00.675+0000] {processor.py:157} INFO - Started process (PID=1227) to work on /home/airflow/.local/lib/python3.7/site-packages/airflow/example_dags/example_branch_python_dop_operator_3.py
[2025-05-06T07:43:00.676+0000] {processor.py:826} INFO - Processing file /home/airflow/.local/lib/python3.7/site-packages/airflow/example_dags/example_branch_python_dop_operator_3.py for tasks to queue
[2025-05-06T07:43:00.676+0000] {logging_mixin.py:149} INFO - [2025-05-06T07:43:00.676+0000] {dagbag.py:541} INFO - Filling up the DagBag from /home/airflow/.local/lib/python3.7/site-packages/airflow/example_dags/example_branch_python_dop_operator_3.py
[2025-05-06T07:43:00.683+0000] {processor.py:836} INFO - DAG(s) dict_keys(['example_branch_dop_operator_v3']) retrieved from /home/airflow/.local/lib/python3.7/site-packages/airflow/example_dags/example_branch_python_dop_operator_3.py
[2025-05-06T07:43:00.705+0000] {logging_mixin.py:149} INFO - [2025-05-06T07:43:00.705+0000] {dag.py:2726} INFO - Sync 1 DAGs
[2025-05-06T07:43:00.729+0000] {logging_mixin.py:149} INFO - [2025-05-06T07:43:00.729+0000] {dag.py:3490} INFO - Setting next_dagrun for example_branch_dop_operator_v3 to 2025-05-06T07:42:00+00:00, run_after=2025-05-06T07:43:00+00:00
[2025-05-06T07:43:00.746+0000] {processor.py:179} INFO - Processing /home/airflow/.local/lib/python3.7/site-packages/airflow/example_dags/example_branch_python_dop_operator_3.py took 0.074 seconds
[2025-05-06T07:43:31.188+0000] {processor.py:157} INFO - Started process (PID=1304) to work on /home/airflow/.local/lib/python3.7/site-packages/airflow/example_dags/example_branch_python_dop_operator_3.py
[2025-05-06T07:43:31.189+0000] {processor.py:826} INFO - Processing file /home/airflow/.local/lib/python3.7/site-packages/airflow/example_dags/example_branch_python_dop_operator_3.py for tasks to queue
[2025-05-06T07:43:31.189+0000] {logging_mixin.py:149} INFO - [2025-05-06T07:43:31.189+0000] {dagbag.py:541} INFO - Filling up the DagBag from /home/airflow/.local/lib/python3.7/site-packages/airflow/example_dags/example_branch_python_dop_operator_3.py
[2025-05-06T07:43:31.196+0000] {processor.py:836} INFO - DAG(s) dict_keys(['example_branch_dop_operator_v3']) retrieved from /home/airflow/.local/lib/python3.7/site-packages/airflow/example_dags/example_branch_python_dop_operator_3.py
[2025-05-06T07:43:31.218+0000] {logging_mixin.py:149} INFO - [2025-05-06T07:43:31.218+0000] {dag.py:2726} INFO - Sync 1 DAGs
[2025-05-06T07:43:31.242+0000] {logging_mixin.py:149} INFO - [2025-05-06T07:43:31.242+0000] {dag.py:3490} INFO - Setting next_dagrun for example_branch_dop_operator_v3 to 2025-05-06T07:42:00+00:00, run_after=2025-05-06T07:43:00+00:00
[2025-05-06T07:43:31.258+0000] {processor.py:179} INFO - Processing /home/airflow/.local/lib/python3.7/site-packages/airflow/example_dags/example_branch_python_dop_operator_3.py took 0.073 seconds
[2025-05-06T07:44:02.046+0000] {processor.py:157} INFO - Started process (PID=1381) to work on /home/airflow/.local/lib/python3.7/site-packages/airflow/example_dags/example_branch_python_dop_operator_3.py
[2025-05-06T07:44:02.049+0000] {processor.py:826} INFO - Processing file /home/airflow/.local/lib/python3.7/site-packages/airflow/example_dags/example_branch_python_dop_operator_3.py for tasks to queue
[2025-05-06T07:44:02.049+0000] {logging_mixin.py:149} INFO - [2025-05-06T07:44:02.049+0000] {dagbag.py:541} INFO - Filling up the DagBag from /home/airflow/.local/lib/python3.7/site-packages/airflow/example_dags/example_branch_python_dop_operator_3.py
[2025-05-06T07:44:02.060+0000] {processor.py:836} INFO - DAG(s) dict_keys(['example_branch_dop_operator_v3']) retrieved from /home/airflow/.local/lib/python3.7/site-packages/airflow/example_dags/example_branch_python_dop_operator_3.py
[2025-05-06T07:44:02.086+0000] {logging_mixin.py:149} INFO - [2025-05-06T07:44:02.086+0000] {dag.py:2726} INFO - Sync 1 DAGs
[2025-05-06T07:44:02.111+0000] {logging_mixin.py:149} INFO - [2025-05-06T07:44:02.111+0000] {dag.py:3490} INFO - Setting next_dagrun for example_branch_dop_operator_v3 to 2025-05-06T07:43:00+00:00, run_after=2025-05-06T07:44:00+00:00
[2025-05-06T07:44:02.130+0000] {processor.py:179} INFO - Processing /home/airflow/.local/lib/python3.7/site-packages/airflow/example_dags/example_branch_python_dop_operator_3.py took 0.089 seconds
[2025-05-06T07:44:32.619+0000] {processor.py:157} INFO - Started process (PID=1458) to work on /home/airflow/.local/lib/python3.7/site-packages/airflow/example_dags/example_branch_python_dop_operator_3.py
[2025-05-06T07:44:32.621+0000] {processor.py:826} INFO - Processing file /home/airflow/.local/lib/python3.7/site-packages/airflow/example_dags/example_branch_python_dop_operator_3.py for tasks to queue
[2025-05-06T07:44:32.622+0000] {logging_mixin.py:149} INFO - [2025-05-06T07:44:32.622+0000] {dagbag.py:541} INFO - Filling up the DagBag from /home/airflow/.local/lib/python3.7/site-packages/airflow/example_dags/example_branch_python_dop_operator_3.py
[2025-05-06T07:44:32.636+0000] {processor.py:836} INFO - DAG(s) dict_keys(['example_branch_dop_operator_v3']) retrieved from /home/airflow/.local/lib/python3.7/site-packages/airflow/example_dags/example_branch_python_dop_operator_3.py
[2025-05-06T07:44:32.688+0000] {logging_mixin.py:149} INFO - [2025-05-06T07:44:32.688+0000] {dag.py:2726} INFO - Sync 1 DAGs
[2025-05-06T07:44:32.750+0000] {logging_mixin.py:149} INFO - [2025-05-06T07:44:32.750+0000] {dag.py:3490} INFO - Setting next_dagrun for example_branch_dop_operator_v3 to 2025-05-06T07:43:00+00:00, run_after=2025-05-06T07:44:00+00:00
[2025-05-06T07:44:32.783+0000] {processor.py:179} INFO - Processing /home/airflow/.local/lib/python3.7/site-packages/airflow/example_dags/example_branch_python_dop_operator_3.py took 0.170 seconds
[2025-05-06T07:45:03.763+0000] {processor.py:157} INFO - Started process (PID=1535) to work on /home/airflow/.local/lib/python3.7/site-packages/airflow/example_dags/example_branch_python_dop_operator_3.py
[2025-05-06T07:45:03.764+0000] {processor.py:826} INFO - Processing file /home/airflow/.local/lib/python3.7/site-packages/airflow/example_dags/example_branch_python_dop_operator_3.py for tasks to queue
[2025-05-06T07:45:03.764+0000] {logging_mixin.py:149} INFO - [2025-05-06T07:45:03.764+0000] {dagbag.py:541} INFO - Filling up the DagBag from /home/airflow/.local/lib/python3.7/site-packages/airflow/example_dags/example_branch_python_dop_operator_3.py
[2025-05-06T07:45:03.771+0000] {processor.py:836} INFO - DAG(s) dict_keys(['example_branch_dop_operator_v3']) retrieved from /home/airflow/.local/lib/python3.7/site-packages/airflow/example_dags/example_branch_python_dop_operator_3.py
[2025-05-06T07:45:03.793+0000] {logging_mixin.py:149} INFO - [2025-05-06T07:45:03.793+0000] {dag.py:2726} INFO - Sync 1 DAGs
[2025-05-06T07:45:03.817+0000] {logging_mixin.py:149} INFO - [2025-05-06T07:45:03.817+0000] {dag.py:3490} INFO - Setting next_dagrun for example_branch_dop_operator_v3 to 2025-05-06T07:44:00+00:00, run_after=2025-05-06T07:45:00+00:00
[2025-05-06T07:45:03.834+0000] {processor.py:179} INFO - Processing /home/airflow/.local/lib/python3.7/site-packages/airflow/example_dags/example_branch_python_dop_operator_3.py took 0.075 seconds
[2025-05-06T07:45:34.336+0000] {processor.py:157} INFO - Started process (PID=1612) to work on /home/airflow/.local/lib/python3.7/site-packages/airflow/example_dags/example_branch_python_dop_operator_3.py
[2025-05-06T07:45:34.337+0000] {processor.py:826} INFO - Processing file /home/airflow/.local/lib/python3.7/site-packages/airflow/example_dags/example_branch_python_dop_operator_3.py for tasks to queue
[2025-05-06T07:45:34.338+0000] {logging_mixin.py:149} INFO - [2025-05-06T07:45:34.337+0000] {dagbag.py:541} INFO - Filling up the DagBag from /home/airflow/.local/lib/python3.7/site-packages/airflow/example_dags/example_branch_python_dop_operator_3.py
[2025-05-06T07:45:34.344+0000] {processor.py:836} INFO - DAG(s) dict_keys(['example_branch_dop_operator_v3']) retrieved from /home/airflow/.local/lib/python3.7/site-packages/airflow/example_dags/example_branch_python_dop_operator_3.py
[2025-05-06T07:45:34.374+0000] {logging_mixin.py:149} INFO - [2025-05-06T07:45:34.373+0000] {dag.py:2726} INFO - Sync 1 DAGs
[2025-05-06T07:45:34.410+0000] {logging_mixin.py:149} INFO - [2025-05-06T07:45:34.410+0000] {dag.py:3490} INFO - Setting next_dagrun for example_branch_dop_operator_v3 to 2025-05-06T07:44:00+00:00, run_after=2025-05-06T07:45:00+00:00
[2025-05-06T07:45:34.431+0000] {processor.py:179} INFO - Processing /home/airflow/.local/lib/python3.7/site-packages/airflow/example_dags/example_branch_python_dop_operator_3.py took 0.098 seconds
[2025-05-06T07:46:04.938+0000] {processor.py:157} INFO - Started process (PID=1690) to work on /home/airflow/.local/lib/python3.7/site-packages/airflow/example_dags/example_branch_python_dop_operator_3.py
[2025-05-06T07:46:04.939+0000] {processor.py:826} INFO - Processing file /home/airflow/.local/lib/python3.7/site-packages/airflow/example_dags/example_branch_python_dop_operator_3.py for tasks to queue
[2025-05-06T07:46:04.939+0000] {logging_mixin.py:149} INFO - [2025-05-06T07:46:04.939+0000] {dagbag.py:541} INFO - Filling up the DagBag from /home/airflow/.local/lib/python3.7/site-packages/airflow/example_dags/example_branch_python_dop_operator_3.py
[2025-05-06T07:46:04.946+0000] {processor.py:836} INFO - DAG(s) dict_keys(['example_branch_dop_operator_v3']) retrieved from /home/airflow/.local/lib/python3.7/site-packages/airflow/example_dags/example_branch_python_dop_operator_3.py
[2025-05-06T07:46:04.968+0000] {logging_mixin.py:149} INFO - [2025-05-06T07:46:04.968+0000] {dag.py:2726} INFO - Sync 1 DAGs
[2025-05-06T07:46:04.995+0000] {logging_mixin.py:149} INFO - [2025-05-06T07:46:04.995+0000] {dag.py:3490} INFO - Setting next_dagrun for example_branch_dop_operator_v3 to 2025-05-06T07:45:00+00:00, run_after=2025-05-06T07:46:00+00:00
[2025-05-06T07:46:05.013+0000] {processor.py:179} INFO - Processing /home/airflow/.local/lib/python3.7/site-packages/airflow/example_dags/example_branch_python_dop_operator_3.py took 0.078 seconds
[2025-05-06T07:46:35.549+0000] {processor.py:157} INFO - Started process (PID=1767) to work on /home/airflow/.local/lib/python3.7/site-packages/airflow/example_dags/example_branch_python_dop_operator_3.py
[2025-05-06T07:46:35.550+0000] {processor.py:826} INFO - Processing file /home/airflow/.local/lib/python3.7/site-packages/airflow/example_dags/example_branch_python_dop_operator_3.py for tasks to queue
[2025-05-06T07:46:35.550+0000] {logging_mixin.py:149} INFO - [2025-05-06T07:46:35.550+0000] {dagbag.py:541} INFO - Filling up the DagBag from /home/airflow/.local/lib/python3.7/site-packages/airflow/example_dags/example_branch_python_dop_operator_3.py
[2025-05-06T07:46:35.557+0000] {processor.py:836} INFO - DAG(s) dict_keys(['example_branch_dop_operator_v3']) retrieved from /home/airflow/.local/lib/python3.7/site-packages/airflow/example_dags/example_branch_python_dop_operator_3.py
[2025-05-06T07:46:35.581+0000] {logging_mixin.py:149} INFO - [2025-05-06T07:46:35.581+0000] {dag.py:2726} INFO - Sync 1 DAGs
[2025-05-06T07:46:35.604+0000] {logging_mixin.py:149} INFO - [2025-05-06T07:46:35.604+0000] {dag.py:3490} INFO - Setting next_dagrun for example_branch_dop_operator_v3 to 2025-05-06T07:45:00+00:00, run_after=2025-05-06T07:46:00+00:00
[2025-05-06T07:46:35.622+0000] {processor.py:179} INFO - Processing /home/airflow/.local/lib/python3.7/site-packages/airflow/example_dags/example_branch_python_dop_operator_3.py took 0.076 seconds
[2025-05-06T07:47:06.303+0000] {processor.py:157} INFO - Started process (PID=1844) to work on /home/airflow/.local/lib/python3.7/site-packages/airflow/example_dags/example_branch_python_dop_operator_3.py
[2025-05-06T07:47:06.304+0000] {processor.py:826} INFO - Processing file /home/airflow/.local/lib/python3.7/site-packages/airflow/example_dags/example_branch_python_dop_operator_3.py for tasks to queue
[2025-05-06T07:47:06.304+0000] {logging_mixin.py:149} INFO - [2025-05-06T07:47:06.304+0000] {dagbag.py:541} INFO - Filling up the DagBag from /home/airflow/.local/lib/python3.7/site-packages/airflow/example_dags/example_branch_python_dop_operator_3.py
[2025-05-06T07:47:06.311+0000] {processor.py:836} INFO - DAG(s) dict_keys(['example_branch_dop_operator_v3']) retrieved from /home/airflow/.local/lib/python3.7/site-packages/airflow/example_dags/example_branch_python_dop_operator_3.py
[2025-05-06T07:47:06.332+0000] {logging_mixin.py:149} INFO - [2025-05-06T07:47:06.332+0000] {dag.py:2726} INFO - Sync 1 DAGs
[2025-05-06T07:47:06.355+0000] {logging_mixin.py:149} INFO - [2025-05-06T07:47:06.355+0000] {dag.py:3490} INFO - Setting next_dagrun for example_branch_dop_operator_v3 to 2025-05-06T07:46:00+00:00, run_after=2025-05-06T07:47:00+00:00
[2025-05-06T07:47:06.372+0000] {processor.py:179} INFO - Processing /home/airflow/.local/lib/python3.7/site-packages/airflow/example_dags/example_branch_python_dop_operator_3.py took 0.072 seconds
[2025-05-06T07:47:37.412+0000] {processor.py:157} INFO - Started process (PID=1921) to work on /home/airflow/.local/lib/python3.7/site-packages/airflow/example_dags/example_branch_python_dop_operator_3.py
[2025-05-06T07:47:37.413+0000] {processor.py:826} INFO - Processing file /home/airflow/.local/lib/python3.7/site-packages/airflow/example_dags/example_branch_python_dop_operator_3.py for tasks to queue
[2025-05-06T07:47:37.414+0000] {logging_mixin.py:149} INFO - [2025-05-06T07:47:37.414+0000] {dagbag.py:541} INFO - Filling up the DagBag from /home/airflow/.local/lib/python3.7/site-packages/airflow/example_dags/example_branch_python_dop_operator_3.py
[2025-05-06T07:47:37.420+0000] {processor.py:836} INFO - DAG(s) dict_keys(['example_branch_dop_operator_v3']) retrieved from /home/airflow/.local/lib/python3.7/site-packages/airflow/example_dags/example_branch_python_dop_operator_3.py
[2025-05-06T07:47:37.442+0000] {logging_mixin.py:149} INFO - [2025-05-06T07:47:37.442+0000] {dag.py:2726} INFO - Sync 1 DAGs
[2025-05-06T07:47:37.466+0000] {logging_mixin.py:149} INFO - [2025-05-06T07:47:37.466+0000] {dag.py:3490} INFO - Setting next_dagrun for example_branch_dop_operator_v3 to 2025-05-06T07:46:00+00:00, run_after=2025-05-06T07:47:00+00:00
[2025-05-06T07:47:37.483+0000] {processor.py:179} INFO - Processing /home/airflow/.local/lib/python3.7/site-packages/airflow/example_dags/example_branch_python_dop_operator_3.py took 0.073 seconds
[2025-05-06T07:48:08.075+0000] {processor.py:157} INFO - Started process (PID=1998) to work on /home/airflow/.local/lib/python3.7/site-packages/airflow/example_dags/example_branch_python_dop_operator_3.py
[2025-05-06T07:48:08.076+0000] {processor.py:826} INFO - Processing file /home/airflow/.local/lib/python3.7/site-packages/airflow/example_dags/example_branch_python_dop_operator_3.py for tasks to queue
[2025-05-06T07:48:08.077+0000] {logging_mixin.py:149} INFO - [2025-05-06T07:48:08.077+0000] {dagbag.py:541} INFO - Filling up the DagBag from /home/airflow/.local/lib/python3.7/site-packages/airflow/example_dags/example_branch_python_dop_operator_3.py
[2025-05-06T07:48:08.083+0000] {processor.py:836} INFO - DAG(s) dict_keys(['example_branch_dop_operator_v3']) retrieved from /home/airflow/.local/lib/python3.7/site-packages/airflow/example_dags/example_branch_python_dop_operator_3.py
[2025-05-06T07:48:08.105+0000] {logging_mixin.py:149} INFO - [2025-05-06T07:48:08.105+0000] {dag.py:2726} INFO - Sync 1 DAGs
[2025-05-06T07:48:08.129+0000] {logging_mixin.py:149} INFO - [2025-05-06T07:48:08.129+0000] {dag.py:3490} INFO - Setting next_dagrun for example_branch_dop_operator_v3 to 2025-05-06T07:47:00+00:00, run_after=2025-05-06T07:48:00+00:00
[2025-05-06T07:48:08.147+0000] {processor.py:179} INFO - Processing /home/airflow/.local/lib/python3.7/site-packages/airflow/example_dags/example_branch_python_dop_operator_3.py took 0.075 seconds
[2025-05-06T07:48:38.845+0000] {processor.py:157} INFO - Started process (PID=2075) to work on /home/airflow/.local/lib/python3.7/site-packages/airflow/example_dags/example_branch_python_dop_operator_3.py
[2025-05-06T07:48:38.846+0000] {processor.py:826} INFO - Processing file /home/airflow/.local/lib/python3.7/site-packages/airflow/example_dags/example_branch_python_dop_operator_3.py for tasks to queue
[2025-05-06T07:48:38.846+0000] {logging_mixin.py:149} INFO - [2025-05-06T07:48:38.846+0000] {dagbag.py:541} INFO - Filling up the DagBag from /home/airflow/.local/lib/python3.7/site-packages/airflow/example_dags/example_branch_python_dop_operator_3.py
[2025-05-06T07:48:38.854+0000] {processor.py:836} INFO - DAG(s) dict_keys(['example_branch_dop_operator_v3']) retrieved from /home/airflow/.local/lib/python3.7/site-packages/airflow/example_dags/example_branch_python_dop_operator_3.py
[2025-05-06T07:48:38.886+0000] {logging_mixin.py:149} INFO - [2025-05-06T07:48:38.886+0000] {dag.py:2726} INFO - Sync 1 DAGs
[2025-05-06T07:48:38.921+0000] {logging_mixin.py:149} INFO - [2025-05-06T07:48:38.921+0000] {dag.py:3490} INFO - Setting next_dagrun for example_branch_dop_operator_v3 to 2025-05-06T07:47:00+00:00, run_after=2025-05-06T07:48:00+00:00
[2025-05-06T07:48:38.942+0000] {processor.py:179} INFO - Processing /home/airflow/.local/lib/python3.7/site-packages/airflow/example_dags/example_branch_python_dop_operator_3.py took 0.100 seconds
[2025-05-06T07:49:10.153+0000] {processor.py:157} INFO - Started process (PID=2152) to work on /home/airflow/.local/lib/python3.7/site-packages/airflow/example_dags/example_branch_python_dop_operator_3.py
[2025-05-06T07:49:10.153+0000] {processor.py:826} INFO - Processing file /home/airflow/.local/lib/python3.7/site-packages/airflow/example_dags/example_branch_python_dop_operator_3.py for tasks to queue
[2025-05-06T07:49:10.154+0000] {logging_mixin.py:149} INFO - [2025-05-06T07:49:10.154+0000] {dagbag.py:541} INFO - Filling up the DagBag from /home/airflow/.local/lib/python3.7/site-packages/airflow/example_dags/example_branch_python_dop_operator_3.py
[2025-05-06T07:49:10.163+0000] {processor.py:836} INFO - DAG(s) dict_keys(['example_branch_dop_operator_v3']) retrieved from /home/airflow/.local/lib/python3.7/site-packages/airflow/example_dags/example_branch_python_dop_operator_3.py
[2025-05-06T07:49:10.187+0000] {logging_mixin.py:149} INFO - [2025-05-06T07:49:10.186+0000] {dag.py:2726} INFO - Sync 1 DAGs
[2025-05-06T07:49:10.213+0000] {logging_mixin.py:149} INFO - [2025-05-06T07:49:10.213+0000] {dag.py:3490} INFO - Setting next_dagrun for example_branch_dop_operator_v3 to 2025-05-06T07:48:00+00:00, run_after=2025-05-06T07:49:00+00:00
[2025-05-06T07:49:10.232+0000] {processor.py:179} INFO - Processing /home/airflow/.local/lib/python3.7/site-packages/airflow/example_dags/example_branch_python_dop_operator_3.py took 0.082 seconds
[2025-05-06T07:49:41.242+0000] {processor.py:157} INFO - Started process (PID=2229) to work on /home/airflow/.local/lib/python3.7/site-packages/airflow/example_dags/example_branch_python_dop_operator_3.py
[2025-05-06T07:49:41.243+0000] {processor.py:826} INFO - Processing file /home/airflow/.local/lib/python3.7/site-packages/airflow/example_dags/example_branch_python_dop_operator_3.py for tasks to queue
[2025-05-06T07:49:41.244+0000] {logging_mixin.py:149} INFO - [2025-05-06T07:49:41.243+0000] {dagbag.py:541} INFO - Filling up the DagBag from /home/airflow/.local/lib/python3.7/site-packages/airflow/example_dags/example_branch_python_dop_operator_3.py
[2025-05-06T07:49:41.250+0000] {processor.py:836} INFO - DAG(s) dict_keys(['example_branch_dop_operator_v3']) retrieved from /home/airflow/.local/lib/python3.7/site-packages/airflow/example_dags/example_branch_python_dop_operator_3.py
[2025-05-06T07:49:41.272+0000] {logging_mixin.py:149} INFO - [2025-05-06T07:49:41.272+0000] {dag.py:2726} INFO - Sync 1 DAGs
[2025-05-06T07:49:41.297+0000] {logging_mixin.py:149} INFO - [2025-05-06T07:49:41.297+0000] {dag.py:3490} INFO - Setting next_dagrun for example_branch_dop_operator_v3 to 2025-05-06T07:48:00+00:00, run_after=2025-05-06T07:49:00+00:00
[2025-05-06T07:49:41.314+0000] {processor.py:179} INFO - Processing /home/airflow/.local/lib/python3.7/site-packages/airflow/example_dags/example_branch_python_dop_operator_3.py took 0.075 seconds
[2025-05-06T07:50:11.997+0000] {processor.py:157} INFO - Started process (PID=2306) to work on /home/airflow/.local/lib/python3.7/site-packages/airflow/example_dags/example_branch_python_dop_operator_3.py
[2025-05-06T07:50:11.997+0000] {processor.py:826} INFO - Processing file /home/airflow/.local/lib/python3.7/site-packages/airflow/example_dags/example_branch_python_dop_operator_3.py for tasks to queue
[2025-05-06T07:50:11.998+0000] {logging_mixin.py:149} INFO - [2025-05-06T07:50:11.998+0000] {dagbag.py:541} INFO - Filling up the DagBag from /home/airflow/.local/lib/python3.7/site-packages/airflow/example_dags/example_branch_python_dop_operator_3.py
[2025-05-06T07:50:12.004+0000] {processor.py:836} INFO - DAG(s) dict_keys(['example_branch_dop_operator_v3']) retrieved from /home/airflow/.local/lib/python3.7/site-packages/airflow/example_dags/example_branch_python_dop_operator_3.py
[2025-05-06T07:50:12.027+0000] {logging_mixin.py:149} INFO - [2025-05-06T07:50:12.027+0000] {dag.py:2726} INFO - Sync 1 DAGs
[2025-05-06T07:50:12.051+0000] {logging_mixin.py:149} INFO - [2025-05-06T07:50:12.051+0000] {dag.py:3490} INFO - Setting next_dagrun for example_branch_dop_operator_v3 to 2025-05-06T07:49:00+00:00, run_after=2025-05-06T07:50:00+00:00
[2025-05-06T07:50:12.067+0000] {processor.py:179} INFO - Processing /home/airflow/.local/lib/python3.7/site-packages/airflow/example_dags/example_branch_python_dop_operator_3.py took 0.074 seconds
[2025-05-06T07:50:42.628+0000] {processor.py:157} INFO - Started process (PID=2383) to work on /home/airflow/.local/lib/python3.7/site-packages/airflow/example_dags/example_branch_python_dop_operator_3.py
[2025-05-06T07:50:42.629+0000] {processor.py:826} INFO - Processing file /home/airflow/.local/lib/python3.7/site-packages/airflow/example_dags/example_branch_python_dop_operator_3.py for tasks to queue
[2025-05-06T07:50:42.630+0000] {logging_mixin.py:149} INFO - [2025-05-06T07:50:42.630+0000] {dagbag.py:541} INFO - Filling up the DagBag from /home/airflow/.local/lib/python3.7/site-packages/airflow/example_dags/example_branch_python_dop_operator_3.py
[2025-05-06T07:50:42.638+0000] {processor.py:836} INFO - DAG(s) dict_keys(['example_branch_dop_operator_v3']) retrieved from /home/airflow/.local/lib/python3.7/site-packages/airflow/example_dags/example_branch_python_dop_operator_3.py
[2025-05-06T07:50:42.662+0000] {logging_mixin.py:149} INFO - [2025-05-06T07:50:42.662+0000] {dag.py:2726} INFO - Sync 1 DAGs
[2025-05-06T07:50:42.691+0000] {logging_mixin.py:149} INFO - [2025-05-06T07:50:42.691+0000] {dag.py:3490} INFO - Setting next_dagrun for example_branch_dop_operator_v3 to 2025-05-06T07:49:00+00:00, run_after=2025-05-06T07:50:00+00:00
[2025-05-06T07:50:42.712+0000] {processor.py:179} INFO - Processing /home/airflow/.local/lib/python3.7/site-packages/airflow/example_dags/example_branch_python_dop_operator_3.py took 0.087 seconds
[2025-05-06T07:51:13.091+0000] {processor.py:157} INFO - Started process (PID=2447) to work on /home/airflow/.local/lib/python3.7/site-packages/airflow/example_dags/example_branch_python_dop_operator_3.py
[2025-05-06T07:51:13.092+0000] {processor.py:826} INFO - Processing file /home/airflow/.local/lib/python3.7/site-packages/airflow/example_dags/example_branch_python_dop_operator_3.py for tasks to queue
[2025-05-06T07:51:13.093+0000] {logging_mixin.py:149} INFO - [2025-05-06T07:51:13.093+0000] {dagbag.py:541} INFO - Filling up the DagBag from /home/airflow/.local/lib/python3.7/site-packages/airflow/example_dags/example_branch_python_dop_operator_3.py
[2025-05-06T07:51:13.100+0000] {processor.py:836} INFO - DAG(s) dict_keys(['example_branch_dop_operator_v3']) retrieved from /home/airflow/.local/lib/python3.7/site-packages/airflow/example_dags/example_branch_python_dop_operator_3.py
[2025-05-06T07:51:13.122+0000] {logging_mixin.py:149} INFO - [2025-05-06T07:51:13.122+0000] {dag.py:2726} INFO - Sync 1 DAGs
[2025-05-06T07:51:13.146+0000] {logging_mixin.py:149} INFO - [2025-05-06T07:51:13.146+0000] {dag.py:3490} INFO - Setting next_dagrun for example_branch_dop_operator_v3 to 2025-05-06T07:50:00+00:00, run_after=2025-05-06T07:51:00+00:00
[2025-05-06T07:51:13.164+0000] {processor.py:179} INFO - Processing /home/airflow/.local/lib/python3.7/site-packages/airflow/example_dags/example_branch_python_dop_operator_3.py took 0.077 seconds
[2025-05-06T07:51:43.633+0000] {processor.py:157} INFO - Started process (PID=2524) to work on /home/airflow/.local/lib/python3.7/site-packages/airflow/example_dags/example_branch_python_dop_operator_3.py
[2025-05-06T07:51:43.634+0000] {processor.py:826} INFO - Processing file /home/airflow/.local/lib/python3.7/site-packages/airflow/example_dags/example_branch_python_dop_operator_3.py for tasks to queue
[2025-05-06T07:51:43.635+0000] {logging_mixin.py:149} INFO - [2025-05-06T07:51:43.634+0000] {dagbag.py:541} INFO - Filling up the DagBag from /home/airflow/.local/lib/python3.7/site-packages/airflow/example_dags/example_branch_python_dop_operator_3.py
[2025-05-06T07:51:43.641+0000] {processor.py:836} INFO - DAG(s) dict_keys(['example_branch_dop_operator_v3']) retrieved from /home/airflow/.local/lib/python3.7/site-packages/airflow/example_dags/example_branch_python_dop_operator_3.py
[2025-05-06T07:51:43.663+0000] {logging_mixin.py:149} INFO - [2025-05-06T07:51:43.663+0000] {dag.py:2726} INFO - Sync 1 DAGs
[2025-05-06T07:51:43.687+0000] {logging_mixin.py:149} INFO - [2025-05-06T07:51:43.687+0000] {dag.py:3490} INFO - Setting next_dagrun for example_branch_dop_operator_v3 to 2025-05-06T07:50:00+00:00, run_after=2025-05-06T07:51:00+00:00
[2025-05-06T07:51:43.707+0000] {processor.py:179} INFO - Processing /home/airflow/.local/lib/python3.7/site-packages/airflow/example_dags/example_branch_python_dop_operator_3.py took 0.077 seconds
