[2025-05-06T07:35:21.194+0000] {processor.py:157} INFO - Started process (PID=97) to work on /home/airflow/.local/lib/python3.7/site-packages/airflow/example_dags/example_task_group.py
[2025-05-06T07:35:21.195+0000] {processor.py:826} INFO - Processing file /home/airflow/.local/lib/python3.7/site-packages/airflow/example_dags/example_task_group.py for tasks to queue
[2025-05-06T07:35:21.195+0000] {logging_mixin.py:149} INFO - [2025-05-06T07:35:21.195+0000] {dagbag.py:541} INFO - Filling up the DagBag from /home/airflow/.local/lib/python3.7/site-packages/airflow/example_dags/example_task_group.py
[2025-05-06T07:35:21.206+0000] {processor.py:836} INFO - DAG(s) dict_keys(['example_task_group']) retrieved from /home/airflow/.local/lib/python3.7/site-packages/airflow/example_dags/example_task_group.py
[2025-05-06T07:35:21.222+0000] {logging_mixin.py:149} INFO - [2025-05-06T07:35:21.221+0000] {dag.py:2726} INFO - Sync 1 DAGs
[2025-05-06T07:35:21.267+0000] {logging_mixin.py:149} INFO - [2025-05-06T07:35:21.267+0000] {dag.py:3490} INFO - Setting next_dagrun for example_task_group to 2025-05-05T07:35:21.266629+00:00, run_after=2025-05-06T07:35:21.266629+00:00
[2025-05-06T07:35:21.315+0000] {processor.py:179} INFO - Processing /home/airflow/.local/lib/python3.7/site-packages/airflow/example_dags/example_task_group.py took 0.125 seconds
[2025-05-06T07:35:51.617+0000] {processor.py:157} INFO - Started process (PID=175) to work on /home/airflow/.local/lib/python3.7/site-packages/airflow/example_dags/example_task_group.py
[2025-05-06T07:35:51.619+0000] {processor.py:826} INFO - Processing file /home/airflow/.local/lib/python3.7/site-packages/airflow/example_dags/example_task_group.py for tasks to queue
[2025-05-06T07:35:51.620+0000] {logging_mixin.py:149} INFO - [2025-05-06T07:35:51.620+0000] {dagbag.py:541} INFO - Filling up the DagBag from /home/airflow/.local/lib/python3.7/site-packages/airflow/example_dags/example_task_group.py
[2025-05-06T07:35:51.631+0000] {processor.py:836} INFO - DAG(s) dict_keys(['example_task_group']) retrieved from /home/airflow/.local/lib/python3.7/site-packages/airflow/example_dags/example_task_group.py
[2025-05-06T07:35:51.671+0000] {logging_mixin.py:149} INFO - [2025-05-06T07:35:51.671+0000] {dag.py:2726} INFO - Sync 1 DAGs
[2025-05-06T07:35:51.711+0000] {logging_mixin.py:149} INFO - [2025-05-06T07:35:51.710+0000] {dag.py:3490} INFO - Setting next_dagrun for example_task_group to 2025-05-05T07:35:51.710416+00:00, run_after=2025-05-06T07:35:51.710416+00:00
[2025-05-06T07:35:51.745+0000] {processor.py:179} INFO - Processing /home/airflow/.local/lib/python3.7/site-packages/airflow/example_dags/example_task_group.py took 0.132 seconds
[2025-05-06T07:36:23.556+0000] {processor.py:157} INFO - Started process (PID=252) to work on /home/airflow/.local/lib/python3.7/site-packages/airflow/example_dags/example_task_group.py
[2025-05-06T07:36:23.557+0000] {processor.py:826} INFO - Processing file /home/airflow/.local/lib/python3.7/site-packages/airflow/example_dags/example_task_group.py for tasks to queue
[2025-05-06T07:36:23.558+0000] {logging_mixin.py:149} INFO - [2025-05-06T07:36:23.558+0000] {dagbag.py:541} INFO - Filling up the DagBag from /home/airflow/.local/lib/python3.7/site-packages/airflow/example_dags/example_task_group.py
[2025-05-06T07:36:23.568+0000] {processor.py:836} INFO - DAG(s) dict_keys(['example_task_group']) retrieved from /home/airflow/.local/lib/python3.7/site-packages/airflow/example_dags/example_task_group.py
[2025-05-06T07:36:23.608+0000] {logging_mixin.py:149} INFO - [2025-05-06T07:36:23.608+0000] {dag.py:2726} INFO - Sync 1 DAGs
[2025-05-06T07:36:23.658+0000] {logging_mixin.py:149} INFO - [2025-05-06T07:36:23.657+0000] {dag.py:3490} INFO - Setting next_dagrun for example_task_group to 2025-05-05T07:36:23.657448+00:00, run_after=2025-05-06T07:36:23.657448+00:00
[2025-05-06T07:36:23.701+0000] {processor.py:179} INFO - Processing /home/airflow/.local/lib/python3.7/site-packages/airflow/example_dags/example_task_group.py took 0.150 seconds
[2025-05-06T07:36:55.034+0000] {processor.py:157} INFO - Started process (PID=329) to work on /home/airflow/.local/lib/python3.7/site-packages/airflow/example_dags/example_task_group.py
[2025-05-06T07:36:55.036+0000] {processor.py:826} INFO - Processing file /home/airflow/.local/lib/python3.7/site-packages/airflow/example_dags/example_task_group.py for tasks to queue
[2025-05-06T07:36:55.038+0000] {logging_mixin.py:149} INFO - [2025-05-06T07:36:55.038+0000] {dagbag.py:541} INFO - Filling up the DagBag from /home/airflow/.local/lib/python3.7/site-packages/airflow/example_dags/example_task_group.py
[2025-05-06T07:36:55.062+0000] {processor.py:836} INFO - DAG(s) dict_keys(['example_task_group']) retrieved from /home/airflow/.local/lib/python3.7/site-packages/airflow/example_dags/example_task_group.py
[2025-05-06T07:36:55.126+0000] {logging_mixin.py:149} INFO - [2025-05-06T07:36:55.125+0000] {dag.py:2726} INFO - Sync 1 DAGs
[2025-05-06T07:36:55.193+0000] {logging_mixin.py:149} INFO - [2025-05-06T07:36:55.193+0000] {dag.py:3490} INFO - Setting next_dagrun for example_task_group to 2025-05-05T07:36:55.191961+00:00, run_after=2025-05-06T07:36:55.191961+00:00
[2025-05-06T07:36:55.242+0000] {processor.py:179} INFO - Processing /home/airflow/.local/lib/python3.7/site-packages/airflow/example_dags/example_task_group.py took 0.217 seconds
[2025-05-06T07:37:25.821+0000] {processor.py:157} INFO - Started process (PID=406) to work on /home/airflow/.local/lib/python3.7/site-packages/airflow/example_dags/example_task_group.py
[2025-05-06T07:37:25.822+0000] {processor.py:826} INFO - Processing file /home/airflow/.local/lib/python3.7/site-packages/airflow/example_dags/example_task_group.py for tasks to queue
[2025-05-06T07:37:25.823+0000] {logging_mixin.py:149} INFO - [2025-05-06T07:37:25.823+0000] {dagbag.py:541} INFO - Filling up the DagBag from /home/airflow/.local/lib/python3.7/site-packages/airflow/example_dags/example_task_group.py
[2025-05-06T07:37:25.829+0000] {processor.py:836} INFO - DAG(s) dict_keys(['example_task_group']) retrieved from /home/airflow/.local/lib/python3.7/site-packages/airflow/example_dags/example_task_group.py
[2025-05-06T07:37:25.851+0000] {logging_mixin.py:149} INFO - [2025-05-06T07:37:25.851+0000] {dag.py:2726} INFO - Sync 1 DAGs
[2025-05-06T07:37:25.871+0000] {logging_mixin.py:149} INFO - [2025-05-06T07:37:25.871+0000] {dag.py:3490} INFO - Setting next_dagrun for example_task_group to 2025-05-05T07:37:25.871324+00:00, run_after=2025-05-06T07:37:25.871324+00:00
[2025-05-06T07:37:25.888+0000] {processor.py:179} INFO - Processing /home/airflow/.local/lib/python3.7/site-packages/airflow/example_dags/example_task_group.py took 0.069 seconds
[2025-05-06T07:37:55.918+0000] {processor.py:157} INFO - Started process (PID=483) to work on /home/airflow/.local/lib/python3.7/site-packages/airflow/example_dags/example_task_group.py
[2025-05-06T07:37:55.919+0000] {processor.py:826} INFO - Processing file /home/airflow/.local/lib/python3.7/site-packages/airflow/example_dags/example_task_group.py for tasks to queue
[2025-05-06T07:37:55.920+0000] {logging_mixin.py:149} INFO - [2025-05-06T07:37:55.920+0000] {dagbag.py:541} INFO - Filling up the DagBag from /home/airflow/.local/lib/python3.7/site-packages/airflow/example_dags/example_task_group.py
[2025-05-06T07:37:55.926+0000] {processor.py:836} INFO - DAG(s) dict_keys(['example_task_group']) retrieved from /home/airflow/.local/lib/python3.7/site-packages/airflow/example_dags/example_task_group.py
[2025-05-06T07:37:55.948+0000] {logging_mixin.py:149} INFO - [2025-05-06T07:37:55.948+0000] {dag.py:2726} INFO - Sync 1 DAGs
[2025-05-06T07:37:55.968+0000] {logging_mixin.py:149} INFO - [2025-05-06T07:37:55.968+0000] {dag.py:3490} INFO - Setting next_dagrun for example_task_group to 2025-05-05T07:37:55.968474+00:00, run_after=2025-05-06T07:37:55.968474+00:00
[2025-05-06T07:37:55.986+0000] {processor.py:179} INFO - Processing /home/airflow/.local/lib/python3.7/site-packages/airflow/example_dags/example_task_group.py took 0.070 seconds
[2025-05-06T07:38:26.584+0000] {processor.py:157} INFO - Started process (PID=560) to work on /home/airflow/.local/lib/python3.7/site-packages/airflow/example_dags/example_task_group.py
[2025-05-06T07:38:26.585+0000] {processor.py:826} INFO - Processing file /home/airflow/.local/lib/python3.7/site-packages/airflow/example_dags/example_task_group.py for tasks to queue
[2025-05-06T07:38:26.586+0000] {logging_mixin.py:149} INFO - [2025-05-06T07:38:26.586+0000] {dagbag.py:541} INFO - Filling up the DagBag from /home/airflow/.local/lib/python3.7/site-packages/airflow/example_dags/example_task_group.py
[2025-05-06T07:38:26.596+0000] {processor.py:836} INFO - DAG(s) dict_keys(['example_task_group']) retrieved from /home/airflow/.local/lib/python3.7/site-packages/airflow/example_dags/example_task_group.py
[2025-05-06T07:38:26.627+0000] {logging_mixin.py:149} INFO - [2025-05-06T07:38:26.627+0000] {dag.py:2726} INFO - Sync 1 DAGs
[2025-05-06T07:38:26.656+0000] {logging_mixin.py:149} INFO - [2025-05-06T07:38:26.656+0000] {dag.py:3490} INFO - Setting next_dagrun for example_task_group to 2025-05-05T07:38:26.655907+00:00, run_after=2025-05-06T07:38:26.655907+00:00
[2025-05-06T07:38:26.680+0000] {processor.py:179} INFO - Processing /home/airflow/.local/lib/python3.7/site-packages/airflow/example_dags/example_task_group.py took 0.100 seconds
[2025-05-06T07:38:57.542+0000] {processor.py:157} INFO - Started process (PID=637) to work on /home/airflow/.local/lib/python3.7/site-packages/airflow/example_dags/example_task_group.py
[2025-05-06T07:38:57.543+0000] {processor.py:826} INFO - Processing file /home/airflow/.local/lib/python3.7/site-packages/airflow/example_dags/example_task_group.py for tasks to queue
[2025-05-06T07:38:57.543+0000] {logging_mixin.py:149} INFO - [2025-05-06T07:38:57.543+0000] {dagbag.py:541} INFO - Filling up the DagBag from /home/airflow/.local/lib/python3.7/site-packages/airflow/example_dags/example_task_group.py
[2025-05-06T07:38:57.550+0000] {processor.py:836} INFO - DAG(s) dict_keys(['example_task_group']) retrieved from /home/airflow/.local/lib/python3.7/site-packages/airflow/example_dags/example_task_group.py
[2025-05-06T07:38:57.573+0000] {logging_mixin.py:149} INFO - [2025-05-06T07:38:57.572+0000] {dag.py:2726} INFO - Sync 1 DAGs
[2025-05-06T07:38:57.592+0000] {logging_mixin.py:149} INFO - [2025-05-06T07:38:57.592+0000] {dag.py:3490} INFO - Setting next_dagrun for example_task_group to 2025-05-05T07:38:57.592642+00:00, run_after=2025-05-06T07:38:57.592642+00:00
[2025-05-06T07:38:57.609+0000] {processor.py:179} INFO - Processing /home/airflow/.local/lib/python3.7/site-packages/airflow/example_dags/example_task_group.py took 0.069 seconds
[2025-05-06T07:39:28.394+0000] {processor.py:157} INFO - Started process (PID=714) to work on /home/airflow/.local/lib/python3.7/site-packages/airflow/example_dags/example_task_group.py
[2025-05-06T07:39:28.395+0000] {processor.py:826} INFO - Processing file /home/airflow/.local/lib/python3.7/site-packages/airflow/example_dags/example_task_group.py for tasks to queue
[2025-05-06T07:39:28.396+0000] {logging_mixin.py:149} INFO - [2025-05-06T07:39:28.396+0000] {dagbag.py:541} INFO - Filling up the DagBag from /home/airflow/.local/lib/python3.7/site-packages/airflow/example_dags/example_task_group.py
[2025-05-06T07:39:28.402+0000] {processor.py:836} INFO - DAG(s) dict_keys(['example_task_group']) retrieved from /home/airflow/.local/lib/python3.7/site-packages/airflow/example_dags/example_task_group.py
[2025-05-06T07:39:28.424+0000] {logging_mixin.py:149} INFO - [2025-05-06T07:39:28.424+0000] {dag.py:2726} INFO - Sync 1 DAGs
[2025-05-06T07:39:28.444+0000] {logging_mixin.py:149} INFO - [2025-05-06T07:39:28.443+0000] {dag.py:3490} INFO - Setting next_dagrun for example_task_group to 2025-05-05T07:39:28.443541+00:00, run_after=2025-05-06T07:39:28.443541+00:00
[2025-05-06T07:39:28.460+0000] {processor.py:179} INFO - Processing /home/airflow/.local/lib/python3.7/site-packages/airflow/example_dags/example_task_group.py took 0.069 seconds
[2025-05-06T07:39:58.939+0000] {processor.py:157} INFO - Started process (PID=791) to work on /home/airflow/.local/lib/python3.7/site-packages/airflow/example_dags/example_task_group.py
[2025-05-06T07:39:58.940+0000] {processor.py:826} INFO - Processing file /home/airflow/.local/lib/python3.7/site-packages/airflow/example_dags/example_task_group.py for tasks to queue
[2025-05-06T07:39:58.941+0000] {logging_mixin.py:149} INFO - [2025-05-06T07:39:58.940+0000] {dagbag.py:541} INFO - Filling up the DagBag from /home/airflow/.local/lib/python3.7/site-packages/airflow/example_dags/example_task_group.py
[2025-05-06T07:39:58.947+0000] {processor.py:836} INFO - DAG(s) dict_keys(['example_task_group']) retrieved from /home/airflow/.local/lib/python3.7/site-packages/airflow/example_dags/example_task_group.py
[2025-05-06T07:39:58.972+0000] {logging_mixin.py:149} INFO - [2025-05-06T07:39:58.972+0000] {dag.py:2726} INFO - Sync 1 DAGs
[2025-05-06T07:39:58.994+0000] {logging_mixin.py:149} INFO - [2025-05-06T07:39:58.994+0000] {dag.py:3490} INFO - Setting next_dagrun for example_task_group to 2025-05-05T07:39:58.994433+00:00, run_after=2025-05-06T07:39:58.994433+00:00
[2025-05-06T07:39:59.013+0000] {processor.py:179} INFO - Processing /home/airflow/.local/lib/python3.7/site-packages/airflow/example_dags/example_task_group.py took 0.078 seconds
[2025-05-06T07:40:29.484+0000] {processor.py:157} INFO - Started process (PID=868) to work on /home/airflow/.local/lib/python3.7/site-packages/airflow/example_dags/example_task_group.py
[2025-05-06T07:40:29.486+0000] {processor.py:826} INFO - Processing file /home/airflow/.local/lib/python3.7/site-packages/airflow/example_dags/example_task_group.py for tasks to queue
[2025-05-06T07:40:29.487+0000] {logging_mixin.py:149} INFO - [2025-05-06T07:40:29.487+0000] {dagbag.py:541} INFO - Filling up the DagBag from /home/airflow/.local/lib/python3.7/site-packages/airflow/example_dags/example_task_group.py
[2025-05-06T07:40:29.498+0000] {processor.py:836} INFO - DAG(s) dict_keys(['example_task_group']) retrieved from /home/airflow/.local/lib/python3.7/site-packages/airflow/example_dags/example_task_group.py
[2025-05-06T07:40:29.531+0000] {logging_mixin.py:149} INFO - [2025-05-06T07:40:29.531+0000] {dag.py:2726} INFO - Sync 1 DAGs
[2025-05-06T07:40:29.567+0000] {logging_mixin.py:149} INFO - [2025-05-06T07:40:29.566+0000] {dag.py:3490} INFO - Setting next_dagrun for example_task_group to 2025-05-05T07:40:29.566390+00:00, run_after=2025-05-06T07:40:29.566390+00:00
[2025-05-06T07:40:29.590+0000] {processor.py:179} INFO - Processing /home/airflow/.local/lib/python3.7/site-packages/airflow/example_dags/example_task_group.py took 0.109 seconds
[2025-05-06T07:40:59.923+0000] {processor.py:157} INFO - Started process (PID=945) to work on /home/airflow/.local/lib/python3.7/site-packages/airflow/example_dags/example_task_group.py
[2025-05-06T07:40:59.924+0000] {processor.py:826} INFO - Processing file /home/airflow/.local/lib/python3.7/site-packages/airflow/example_dags/example_task_group.py for tasks to queue
[2025-05-06T07:40:59.925+0000] {logging_mixin.py:149} INFO - [2025-05-06T07:40:59.925+0000] {dagbag.py:541} INFO - Filling up the DagBag from /home/airflow/.local/lib/python3.7/site-packages/airflow/example_dags/example_task_group.py
[2025-05-06T07:40:59.931+0000] {processor.py:836} INFO - DAG(s) dict_keys(['example_task_group']) retrieved from /home/airflow/.local/lib/python3.7/site-packages/airflow/example_dags/example_task_group.py
[2025-05-06T07:40:59.954+0000] {logging_mixin.py:149} INFO - [2025-05-06T07:40:59.954+0000] {dag.py:2726} INFO - Sync 1 DAGs
[2025-05-06T07:40:59.974+0000] {logging_mixin.py:149} INFO - [2025-05-06T07:40:59.974+0000] {dag.py:3490} INFO - Setting next_dagrun for example_task_group to 2025-05-05T07:40:59.974515+00:00, run_after=2025-05-06T07:40:59.974515+00:00
[2025-05-06T07:40:59.992+0000] {processor.py:179} INFO - Processing /home/airflow/.local/lib/python3.7/site-packages/airflow/example_dags/example_task_group.py took 0.072 seconds
[2025-05-06T07:41:30.481+0000] {processor.py:157} INFO - Started process (PID=1022) to work on /home/airflow/.local/lib/python3.7/site-packages/airflow/example_dags/example_task_group.py
[2025-05-06T07:41:30.486+0000] {processor.py:826} INFO - Processing file /home/airflow/.local/lib/python3.7/site-packages/airflow/example_dags/example_task_group.py for tasks to queue
[2025-05-06T07:41:30.487+0000] {logging_mixin.py:149} INFO - [2025-05-06T07:41:30.487+0000] {dagbag.py:541} INFO - Filling up the DagBag from /home/airflow/.local/lib/python3.7/site-packages/airflow/example_dags/example_task_group.py
[2025-05-06T07:41:30.495+0000] {processor.py:836} INFO - DAG(s) dict_keys(['example_task_group']) retrieved from /home/airflow/.local/lib/python3.7/site-packages/airflow/example_dags/example_task_group.py
[2025-05-06T07:41:30.517+0000] {logging_mixin.py:149} INFO - [2025-05-06T07:41:30.517+0000] {dag.py:2726} INFO - Sync 1 DAGs
[2025-05-06T07:41:30.538+0000] {logging_mixin.py:149} INFO - [2025-05-06T07:41:30.537+0000] {dag.py:3490} INFO - Setting next_dagrun for example_task_group to 2025-05-05T07:41:30.537736+00:00, run_after=2025-05-06T07:41:30.537736+00:00
[2025-05-06T07:41:30.560+0000] {processor.py:179} INFO - Processing /home/airflow/.local/lib/python3.7/site-packages/airflow/example_dags/example_task_group.py took 0.082 seconds
[2025-05-06T07:42:01.018+0000] {processor.py:157} INFO - Started process (PID=1099) to work on /home/airflow/.local/lib/python3.7/site-packages/airflow/example_dags/example_task_group.py
[2025-05-06T07:42:01.019+0000] {processor.py:826} INFO - Processing file /home/airflow/.local/lib/python3.7/site-packages/airflow/example_dags/example_task_group.py for tasks to queue
[2025-05-06T07:42:01.020+0000] {logging_mixin.py:149} INFO - [2025-05-06T07:42:01.020+0000] {dagbag.py:541} INFO - Filling up the DagBag from /home/airflow/.local/lib/python3.7/site-packages/airflow/example_dags/example_task_group.py
[2025-05-06T07:42:01.027+0000] {processor.py:836} INFO - DAG(s) dict_keys(['example_task_group']) retrieved from /home/airflow/.local/lib/python3.7/site-packages/airflow/example_dags/example_task_group.py
[2025-05-06T07:42:01.049+0000] {logging_mixin.py:149} INFO - [2025-05-06T07:42:01.049+0000] {dag.py:2726} INFO - Sync 1 DAGs
[2025-05-06T07:42:01.070+0000] {logging_mixin.py:149} INFO - [2025-05-06T07:42:01.070+0000] {dag.py:3490} INFO - Setting next_dagrun for example_task_group to 2025-05-05T07:42:01.070227+00:00, run_after=2025-05-06T07:42:01.070227+00:00
[2025-05-06T07:42:01.088+0000] {processor.py:179} INFO - Processing /home/airflow/.local/lib/python3.7/site-packages/airflow/example_dags/example_task_group.py took 0.073 seconds
[2025-05-06T07:42:31.494+0000] {processor.py:157} INFO - Started process (PID=1176) to work on /home/airflow/.local/lib/python3.7/site-packages/airflow/example_dags/example_task_group.py
[2025-05-06T07:42:31.496+0000] {processor.py:826} INFO - Processing file /home/airflow/.local/lib/python3.7/site-packages/airflow/example_dags/example_task_group.py for tasks to queue
[2025-05-06T07:42:31.496+0000] {logging_mixin.py:149} INFO - [2025-05-06T07:42:31.496+0000] {dagbag.py:541} INFO - Filling up the DagBag from /home/airflow/.local/lib/python3.7/site-packages/airflow/example_dags/example_task_group.py
[2025-05-06T07:42:31.505+0000] {processor.py:836} INFO - DAG(s) dict_keys(['example_task_group']) retrieved from /home/airflow/.local/lib/python3.7/site-packages/airflow/example_dags/example_task_group.py
[2025-05-06T07:42:31.535+0000] {logging_mixin.py:149} INFO - [2025-05-06T07:42:31.534+0000] {dag.py:2726} INFO - Sync 1 DAGs
[2025-05-06T07:42:31.562+0000] {logging_mixin.py:149} INFO - [2025-05-06T07:42:31.562+0000] {dag.py:3490} INFO - Setting next_dagrun for example_task_group to 2025-05-05T07:42:31.562489+00:00, run_after=2025-05-06T07:42:31.562489+00:00
[2025-05-06T07:42:31.584+0000] {processor.py:179} INFO - Processing /home/airflow/.local/lib/python3.7/site-packages/airflow/example_dags/example_task_group.py took 0.093 seconds
[2025-05-06T07:43:02.012+0000] {processor.py:157} INFO - Started process (PID=1253) to work on /home/airflow/.local/lib/python3.7/site-packages/airflow/example_dags/example_task_group.py
[2025-05-06T07:43:02.013+0000] {processor.py:826} INFO - Processing file /home/airflow/.local/lib/python3.7/site-packages/airflow/example_dags/example_task_group.py for tasks to queue
[2025-05-06T07:43:02.014+0000] {logging_mixin.py:149} INFO - [2025-05-06T07:43:02.014+0000] {dagbag.py:541} INFO - Filling up the DagBag from /home/airflow/.local/lib/python3.7/site-packages/airflow/example_dags/example_task_group.py
[2025-05-06T07:43:02.021+0000] {processor.py:836} INFO - DAG(s) dict_keys(['example_task_group']) retrieved from /home/airflow/.local/lib/python3.7/site-packages/airflow/example_dags/example_task_group.py
[2025-05-06T07:43:02.043+0000] {logging_mixin.py:149} INFO - [2025-05-06T07:43:02.043+0000] {dag.py:2726} INFO - Sync 1 DAGs
[2025-05-06T07:43:02.064+0000] {logging_mixin.py:149} INFO - [2025-05-06T07:43:02.064+0000] {dag.py:3490} INFO - Setting next_dagrun for example_task_group to 2025-05-05T07:43:02.063839+00:00, run_after=2025-05-06T07:43:02.063839+00:00
[2025-05-06T07:43:02.086+0000] {processor.py:179} INFO - Processing /home/airflow/.local/lib/python3.7/site-packages/airflow/example_dags/example_task_group.py took 0.077 seconds
[2025-05-06T07:43:32.602+0000] {processor.py:157} INFO - Started process (PID=1330) to work on /home/airflow/.local/lib/python3.7/site-packages/airflow/example_dags/example_task_group.py
[2025-05-06T07:43:32.603+0000] {processor.py:826} INFO - Processing file /home/airflow/.local/lib/python3.7/site-packages/airflow/example_dags/example_task_group.py for tasks to queue
[2025-05-06T07:43:32.603+0000] {logging_mixin.py:149} INFO - [2025-05-06T07:43:32.603+0000] {dagbag.py:541} INFO - Filling up the DagBag from /home/airflow/.local/lib/python3.7/site-packages/airflow/example_dags/example_task_group.py
[2025-05-06T07:43:32.610+0000] {processor.py:836} INFO - DAG(s) dict_keys(['example_task_group']) retrieved from /home/airflow/.local/lib/python3.7/site-packages/airflow/example_dags/example_task_group.py
[2025-05-06T07:43:32.635+0000] {logging_mixin.py:149} INFO - [2025-05-06T07:43:32.634+0000] {dag.py:2726} INFO - Sync 1 DAGs
[2025-05-06T07:43:32.657+0000] {logging_mixin.py:149} INFO - [2025-05-06T07:43:32.657+0000] {dag.py:3490} INFO - Setting next_dagrun for example_task_group to 2025-05-05T07:43:32.657434+00:00, run_after=2025-05-06T07:43:32.657434+00:00
[2025-05-06T07:43:32.675+0000] {processor.py:179} INFO - Processing /home/airflow/.local/lib/python3.7/site-packages/airflow/example_dags/example_task_group.py took 0.076 seconds
[2025-05-06T07:44:04.136+0000] {processor.py:157} INFO - Started process (PID=1407) to work on /home/airflow/.local/lib/python3.7/site-packages/airflow/example_dags/example_task_group.py
[2025-05-06T07:44:04.137+0000] {processor.py:826} INFO - Processing file /home/airflow/.local/lib/python3.7/site-packages/airflow/example_dags/example_task_group.py for tasks to queue
[2025-05-06T07:44:04.138+0000] {logging_mixin.py:149} INFO - [2025-05-06T07:44:04.138+0000] {dagbag.py:541} INFO - Filling up the DagBag from /home/airflow/.local/lib/python3.7/site-packages/airflow/example_dags/example_task_group.py
[2025-05-06T07:44:04.149+0000] {processor.py:836} INFO - DAG(s) dict_keys(['example_task_group']) retrieved from /home/airflow/.local/lib/python3.7/site-packages/airflow/example_dags/example_task_group.py
[2025-05-06T07:44:04.188+0000] {logging_mixin.py:149} INFO - [2025-05-06T07:44:04.187+0000] {dag.py:2726} INFO - Sync 1 DAGs
[2025-05-06T07:44:04.223+0000] {logging_mixin.py:149} INFO - [2025-05-06T07:44:04.223+0000] {dag.py:3490} INFO - Setting next_dagrun for example_task_group to 2025-05-05T07:44:04.223037+00:00, run_after=2025-05-06T07:44:04.223037+00:00
[2025-05-06T07:44:04.259+0000] {processor.py:179} INFO - Processing /home/airflow/.local/lib/python3.7/site-packages/airflow/example_dags/example_task_group.py took 0.128 seconds
[2025-05-06T07:44:35.018+0000] {processor.py:157} INFO - Started process (PID=1484) to work on /home/airflow/.local/lib/python3.7/site-packages/airflow/example_dags/example_task_group.py
[2025-05-06T07:44:35.020+0000] {processor.py:826} INFO - Processing file /home/airflow/.local/lib/python3.7/site-packages/airflow/example_dags/example_task_group.py for tasks to queue
[2025-05-06T07:44:35.021+0000] {logging_mixin.py:149} INFO - [2025-05-06T07:44:35.020+0000] {dagbag.py:541} INFO - Filling up the DagBag from /home/airflow/.local/lib/python3.7/site-packages/airflow/example_dags/example_task_group.py
[2025-05-06T07:44:35.029+0000] {processor.py:836} INFO - DAG(s) dict_keys(['example_task_group']) retrieved from /home/airflow/.local/lib/python3.7/site-packages/airflow/example_dags/example_task_group.py
[2025-05-06T07:44:35.058+0000] {logging_mixin.py:149} INFO - [2025-05-06T07:44:35.058+0000] {dag.py:2726} INFO - Sync 1 DAGs
[2025-05-06T07:44:35.086+0000] {logging_mixin.py:149} INFO - [2025-05-06T07:44:35.086+0000] {dag.py:3490} INFO - Setting next_dagrun for example_task_group to 2025-05-05T07:44:35.086520+00:00, run_after=2025-05-06T07:44:35.086520+00:00
[2025-05-06T07:44:35.109+0000] {processor.py:179} INFO - Processing /home/airflow/.local/lib/python3.7/site-packages/airflow/example_dags/example_task_group.py took 0.094 seconds
[2025-05-06T07:45:05.138+0000] {processor.py:157} INFO - Started process (PID=1561) to work on /home/airflow/.local/lib/python3.7/site-packages/airflow/example_dags/example_task_group.py
[2025-05-06T07:45:05.139+0000] {processor.py:826} INFO - Processing file /home/airflow/.local/lib/python3.7/site-packages/airflow/example_dags/example_task_group.py for tasks to queue
[2025-05-06T07:45:05.140+0000] {logging_mixin.py:149} INFO - [2025-05-06T07:45:05.139+0000] {dagbag.py:541} INFO - Filling up the DagBag from /home/airflow/.local/lib/python3.7/site-packages/airflow/example_dags/example_task_group.py
[2025-05-06T07:45:05.146+0000] {processor.py:836} INFO - DAG(s) dict_keys(['example_task_group']) retrieved from /home/airflow/.local/lib/python3.7/site-packages/airflow/example_dags/example_task_group.py
[2025-05-06T07:45:05.168+0000] {logging_mixin.py:149} INFO - [2025-05-06T07:45:05.168+0000] {dag.py:2726} INFO - Sync 1 DAGs
[2025-05-06T07:45:05.187+0000] {logging_mixin.py:149} INFO - [2025-05-06T07:45:05.187+0000] {dag.py:3490} INFO - Setting next_dagrun for example_task_group to 2025-05-05T07:45:05.187603+00:00, run_after=2025-05-06T07:45:05.187603+00:00
[2025-05-06T07:45:05.204+0000] {processor.py:179} INFO - Processing /home/airflow/.local/lib/python3.7/site-packages/airflow/example_dags/example_task_group.py took 0.068 seconds
[2025-05-06T07:45:35.828+0000] {processor.py:157} INFO - Started process (PID=1638) to work on /home/airflow/.local/lib/python3.7/site-packages/airflow/example_dags/example_task_group.py
[2025-05-06T07:45:35.829+0000] {processor.py:826} INFO - Processing file /home/airflow/.local/lib/python3.7/site-packages/airflow/example_dags/example_task_group.py for tasks to queue
[2025-05-06T07:45:35.830+0000] {logging_mixin.py:149} INFO - [2025-05-06T07:45:35.830+0000] {dagbag.py:541} INFO - Filling up the DagBag from /home/airflow/.local/lib/python3.7/site-packages/airflow/example_dags/example_task_group.py
[2025-05-06T07:45:35.836+0000] {processor.py:836} INFO - DAG(s) dict_keys(['example_task_group']) retrieved from /home/airflow/.local/lib/python3.7/site-packages/airflow/example_dags/example_task_group.py
[2025-05-06T07:45:35.857+0000] {logging_mixin.py:149} INFO - [2025-05-06T07:45:35.857+0000] {dag.py:2726} INFO - Sync 1 DAGs
[2025-05-06T07:45:35.876+0000] {logging_mixin.py:149} INFO - [2025-05-06T07:45:35.876+0000] {dag.py:3490} INFO - Setting next_dagrun for example_task_group to 2025-05-05T07:45:35.876058+00:00, run_after=2025-05-06T07:45:35.876058+00:00
[2025-05-06T07:45:35.892+0000] {processor.py:179} INFO - Processing /home/airflow/.local/lib/python3.7/site-packages/airflow/example_dags/example_task_group.py took 0.067 seconds
[2025-05-06T07:46:06.312+0000] {processor.py:157} INFO - Started process (PID=1716) to work on /home/airflow/.local/lib/python3.7/site-packages/airflow/example_dags/example_task_group.py
[2025-05-06T07:46:06.314+0000] {processor.py:826} INFO - Processing file /home/airflow/.local/lib/python3.7/site-packages/airflow/example_dags/example_task_group.py for tasks to queue
[2025-05-06T07:46:06.314+0000] {logging_mixin.py:149} INFO - [2025-05-06T07:46:06.314+0000] {dagbag.py:541} INFO - Filling up the DagBag from /home/airflow/.local/lib/python3.7/site-packages/airflow/example_dags/example_task_group.py
[2025-05-06T07:46:06.321+0000] {processor.py:836} INFO - DAG(s) dict_keys(['example_task_group']) retrieved from /home/airflow/.local/lib/python3.7/site-packages/airflow/example_dags/example_task_group.py
[2025-05-06T07:46:06.344+0000] {logging_mixin.py:149} INFO - [2025-05-06T07:46:06.344+0000] {dag.py:2726} INFO - Sync 1 DAGs
[2025-05-06T07:46:06.364+0000] {logging_mixin.py:149} INFO - [2025-05-06T07:46:06.363+0000] {dag.py:3490} INFO - Setting next_dagrun for example_task_group to 2025-05-05T07:46:06.363668+00:00, run_after=2025-05-06T07:46:06.363668+00:00
[2025-05-06T07:46:06.381+0000] {processor.py:179} INFO - Processing /home/airflow/.local/lib/python3.7/site-packages/airflow/example_dags/example_task_group.py took 0.072 seconds
[2025-05-06T07:46:37.156+0000] {processor.py:157} INFO - Started process (PID=1793) to work on /home/airflow/.local/lib/python3.7/site-packages/airflow/example_dags/example_task_group.py
[2025-05-06T07:46:37.157+0000] {processor.py:826} INFO - Processing file /home/airflow/.local/lib/python3.7/site-packages/airflow/example_dags/example_task_group.py for tasks to queue
[2025-05-06T07:46:37.158+0000] {logging_mixin.py:149} INFO - [2025-05-06T07:46:37.158+0000] {dagbag.py:541} INFO - Filling up the DagBag from /home/airflow/.local/lib/python3.7/site-packages/airflow/example_dags/example_task_group.py
[2025-05-06T07:46:37.164+0000] {processor.py:836} INFO - DAG(s) dict_keys(['example_task_group']) retrieved from /home/airflow/.local/lib/python3.7/site-packages/airflow/example_dags/example_task_group.py
[2025-05-06T07:46:37.186+0000] {logging_mixin.py:149} INFO - [2025-05-06T07:46:37.186+0000] {dag.py:2726} INFO - Sync 1 DAGs
[2025-05-06T07:46:37.206+0000] {logging_mixin.py:149} INFO - [2025-05-06T07:46:37.206+0000] {dag.py:3490} INFO - Setting next_dagrun for example_task_group to 2025-05-05T07:46:37.206058+00:00, run_after=2025-05-06T07:46:37.206058+00:00
[2025-05-06T07:46:37.223+0000] {processor.py:179} INFO - Processing /home/airflow/.local/lib/python3.7/site-packages/airflow/example_dags/example_task_group.py took 0.069 seconds
[2025-05-06T07:47:07.953+0000] {processor.py:157} INFO - Started process (PID=1870) to work on /home/airflow/.local/lib/python3.7/site-packages/airflow/example_dags/example_task_group.py
[2025-05-06T07:47:07.955+0000] {processor.py:826} INFO - Processing file /home/airflow/.local/lib/python3.7/site-packages/airflow/example_dags/example_task_group.py for tasks to queue
[2025-05-06T07:47:07.957+0000] {logging_mixin.py:149} INFO - [2025-05-06T07:47:07.956+0000] {dagbag.py:541} INFO - Filling up the DagBag from /home/airflow/.local/lib/python3.7/site-packages/airflow/example_dags/example_task_group.py
[2025-05-06T07:47:07.973+0000] {processor.py:836} INFO - DAG(s) dict_keys(['example_task_group']) retrieved from /home/airflow/.local/lib/python3.7/site-packages/airflow/example_dags/example_task_group.py
[2025-05-06T07:47:08.015+0000] {logging_mixin.py:149} INFO - [2025-05-06T07:47:08.014+0000] {dag.py:2726} INFO - Sync 1 DAGs
[2025-05-06T07:47:08.055+0000] {logging_mixin.py:149} INFO - [2025-05-06T07:47:08.055+0000] {dag.py:3490} INFO - Setting next_dagrun for example_task_group to 2025-05-05T07:47:08.055144+00:00, run_after=2025-05-06T07:47:08.055144+00:00
[2025-05-06T07:47:08.082+0000] {processor.py:179} INFO - Processing /home/airflow/.local/lib/python3.7/site-packages/airflow/example_dags/example_task_group.py took 0.135 seconds
[2025-05-06T07:47:38.852+0000] {processor.py:157} INFO - Started process (PID=1947) to work on /home/airflow/.local/lib/python3.7/site-packages/airflow/example_dags/example_task_group.py
[2025-05-06T07:47:38.853+0000] {processor.py:826} INFO - Processing file /home/airflow/.local/lib/python3.7/site-packages/airflow/example_dags/example_task_group.py for tasks to queue
[2025-05-06T07:47:38.853+0000] {logging_mixin.py:149} INFO - [2025-05-06T07:47:38.853+0000] {dagbag.py:541} INFO - Filling up the DagBag from /home/airflow/.local/lib/python3.7/site-packages/airflow/example_dags/example_task_group.py
[2025-05-06T07:47:38.861+0000] {processor.py:836} INFO - DAG(s) dict_keys(['example_task_group']) retrieved from /home/airflow/.local/lib/python3.7/site-packages/airflow/example_dags/example_task_group.py
[2025-05-06T07:47:38.888+0000] {logging_mixin.py:149} INFO - [2025-05-06T07:47:38.888+0000] {dag.py:2726} INFO - Sync 1 DAGs
[2025-05-06T07:47:38.914+0000] {logging_mixin.py:149} INFO - [2025-05-06T07:47:38.914+0000] {dag.py:3490} INFO - Setting next_dagrun for example_task_group to 2025-05-05T07:47:38.913809+00:00, run_after=2025-05-06T07:47:38.913809+00:00
[2025-05-06T07:47:38.932+0000] {processor.py:179} INFO - Processing /home/airflow/.local/lib/python3.7/site-packages/airflow/example_dags/example_task_group.py took 0.083 seconds
[2025-05-06T07:48:09.660+0000] {processor.py:157} INFO - Started process (PID=2024) to work on /home/airflow/.local/lib/python3.7/site-packages/airflow/example_dags/example_task_group.py
[2025-05-06T07:48:09.661+0000] {processor.py:826} INFO - Processing file /home/airflow/.local/lib/python3.7/site-packages/airflow/example_dags/example_task_group.py for tasks to queue
[2025-05-06T07:48:09.662+0000] {logging_mixin.py:149} INFO - [2025-05-06T07:48:09.662+0000] {dagbag.py:541} INFO - Filling up the DagBag from /home/airflow/.local/lib/python3.7/site-packages/airflow/example_dags/example_task_group.py
[2025-05-06T07:48:09.668+0000] {processor.py:836} INFO - DAG(s) dict_keys(['example_task_group']) retrieved from /home/airflow/.local/lib/python3.7/site-packages/airflow/example_dags/example_task_group.py
[2025-05-06T07:48:09.689+0000] {logging_mixin.py:149} INFO - [2025-05-06T07:48:09.689+0000] {dag.py:2726} INFO - Sync 1 DAGs
[2025-05-06T07:48:09.711+0000] {logging_mixin.py:149} INFO - [2025-05-06T07:48:09.710+0000] {dag.py:3490} INFO - Setting next_dagrun for example_task_group to 2025-05-05T07:48:09.710782+00:00, run_after=2025-05-06T07:48:09.710782+00:00
[2025-05-06T07:48:09.728+0000] {processor.py:179} INFO - Processing /home/airflow/.local/lib/python3.7/site-packages/airflow/example_dags/example_task_group.py took 0.071 seconds
[2025-05-06T07:48:40.409+0000] {processor.py:157} INFO - Started process (PID=2101) to work on /home/airflow/.local/lib/python3.7/site-packages/airflow/example_dags/example_task_group.py
[2025-05-06T07:48:40.410+0000] {processor.py:826} INFO - Processing file /home/airflow/.local/lib/python3.7/site-packages/airflow/example_dags/example_task_group.py for tasks to queue
[2025-05-06T07:48:40.411+0000] {logging_mixin.py:149} INFO - [2025-05-06T07:48:40.411+0000] {dagbag.py:541} INFO - Filling up the DagBag from /home/airflow/.local/lib/python3.7/site-packages/airflow/example_dags/example_task_group.py
[2025-05-06T07:48:40.418+0000] {processor.py:836} INFO - DAG(s) dict_keys(['example_task_group']) retrieved from /home/airflow/.local/lib/python3.7/site-packages/airflow/example_dags/example_task_group.py
[2025-05-06T07:48:40.446+0000] {logging_mixin.py:149} INFO - [2025-05-06T07:48:40.446+0000] {dag.py:2726} INFO - Sync 1 DAGs
[2025-05-06T07:48:40.471+0000] {logging_mixin.py:149} INFO - [2025-05-06T07:48:40.471+0000] {dag.py:3490} INFO - Setting next_dagrun for example_task_group to 2025-05-05T07:48:40.470979+00:00, run_after=2025-05-06T07:48:40.470979+00:00
[2025-05-06T07:48:40.491+0000] {processor.py:179} INFO - Processing /home/airflow/.local/lib/python3.7/site-packages/airflow/example_dags/example_task_group.py took 0.085 seconds
[2025-05-06T07:49:11.657+0000] {processor.py:157} INFO - Started process (PID=2178) to work on /home/airflow/.local/lib/python3.7/site-packages/airflow/example_dags/example_task_group.py
[2025-05-06T07:49:11.658+0000] {processor.py:826} INFO - Processing file /home/airflow/.local/lib/python3.7/site-packages/airflow/example_dags/example_task_group.py for tasks to queue
[2025-05-06T07:49:11.658+0000] {logging_mixin.py:149} INFO - [2025-05-06T07:49:11.658+0000] {dagbag.py:541} INFO - Filling up the DagBag from /home/airflow/.local/lib/python3.7/site-packages/airflow/example_dags/example_task_group.py
[2025-05-06T07:49:11.665+0000] {processor.py:836} INFO - DAG(s) dict_keys(['example_task_group']) retrieved from /home/airflow/.local/lib/python3.7/site-packages/airflow/example_dags/example_task_group.py
[2025-05-06T07:49:11.690+0000] {logging_mixin.py:149} INFO - [2025-05-06T07:49:11.690+0000] {dag.py:2726} INFO - Sync 1 DAGs
[2025-05-06T07:49:11.713+0000] {logging_mixin.py:149} INFO - [2025-05-06T07:49:11.712+0000] {dag.py:3490} INFO - Setting next_dagrun for example_task_group to 2025-05-05T07:49:11.712757+00:00, run_after=2025-05-06T07:49:11.712757+00:00
[2025-05-06T07:49:11.733+0000] {processor.py:179} INFO - Processing /home/airflow/.local/lib/python3.7/site-packages/airflow/example_dags/example_task_group.py took 0.079 seconds
[2025-05-06T07:49:42.707+0000] {processor.py:157} INFO - Started process (PID=2255) to work on /home/airflow/.local/lib/python3.7/site-packages/airflow/example_dags/example_task_group.py
[2025-05-06T07:49:42.709+0000] {processor.py:826} INFO - Processing file /home/airflow/.local/lib/python3.7/site-packages/airflow/example_dags/example_task_group.py for tasks to queue
[2025-05-06T07:49:42.709+0000] {logging_mixin.py:149} INFO - [2025-05-06T07:49:42.709+0000] {dagbag.py:541} INFO - Filling up the DagBag from /home/airflow/.local/lib/python3.7/site-packages/airflow/example_dags/example_task_group.py
[2025-05-06T07:49:42.720+0000] {processor.py:836} INFO - DAG(s) dict_keys(['example_task_group']) retrieved from /home/airflow/.local/lib/python3.7/site-packages/airflow/example_dags/example_task_group.py
[2025-05-06T07:49:42.756+0000] {logging_mixin.py:149} INFO - [2025-05-06T07:49:42.756+0000] {dag.py:2726} INFO - Sync 1 DAGs
[2025-05-06T07:49:42.786+0000] {logging_mixin.py:149} INFO - [2025-05-06T07:49:42.785+0000] {dag.py:3490} INFO - Setting next_dagrun for example_task_group to 2025-05-05T07:49:42.785748+00:00, run_after=2025-05-06T07:49:42.785748+00:00
[2025-05-06T07:49:42.805+0000] {processor.py:179} INFO - Processing /home/airflow/.local/lib/python3.7/site-packages/airflow/example_dags/example_task_group.py took 0.101 seconds
[2025-05-06T07:50:13.426+0000] {processor.py:157} INFO - Started process (PID=2332) to work on /home/airflow/.local/lib/python3.7/site-packages/airflow/example_dags/example_task_group.py
[2025-05-06T07:50:13.428+0000] {processor.py:826} INFO - Processing file /home/airflow/.local/lib/python3.7/site-packages/airflow/example_dags/example_task_group.py for tasks to queue
[2025-05-06T07:50:13.428+0000] {logging_mixin.py:149} INFO - [2025-05-06T07:50:13.428+0000] {dagbag.py:541} INFO - Filling up the DagBag from /home/airflow/.local/lib/python3.7/site-packages/airflow/example_dags/example_task_group.py
[2025-05-06T07:50:13.435+0000] {processor.py:836} INFO - DAG(s) dict_keys(['example_task_group']) retrieved from /home/airflow/.local/lib/python3.7/site-packages/airflow/example_dags/example_task_group.py
[2025-05-06T07:50:13.457+0000] {logging_mixin.py:149} INFO - [2025-05-06T07:50:13.457+0000] {dag.py:2726} INFO - Sync 1 DAGs
[2025-05-06T07:50:13.478+0000] {logging_mixin.py:149} INFO - [2025-05-06T07:50:13.478+0000] {dag.py:3490} INFO - Setting next_dagrun for example_task_group to 2025-05-05T07:50:13.478000+00:00, run_after=2025-05-06T07:50:13.478000+00:00
[2025-05-06T07:50:13.495+0000] {processor.py:179} INFO - Processing /home/airflow/.local/lib/python3.7/site-packages/airflow/example_dags/example_task_group.py took 0.072 seconds
[2025-05-06T07:50:44.242+0000] {processor.py:157} INFO - Started process (PID=2409) to work on /home/airflow/.local/lib/python3.7/site-packages/airflow/example_dags/example_task_group.py
[2025-05-06T07:50:44.243+0000] {processor.py:826} INFO - Processing file /home/airflow/.local/lib/python3.7/site-packages/airflow/example_dags/example_task_group.py for tasks to queue
[2025-05-06T07:50:44.244+0000] {logging_mixin.py:149} INFO - [2025-05-06T07:50:44.244+0000] {dagbag.py:541} INFO - Filling up the DagBag from /home/airflow/.local/lib/python3.7/site-packages/airflow/example_dags/example_task_group.py
[2025-05-06T07:50:44.251+0000] {processor.py:836} INFO - DAG(s) dict_keys(['example_task_group']) retrieved from /home/airflow/.local/lib/python3.7/site-packages/airflow/example_dags/example_task_group.py
[2025-05-06T07:50:44.273+0000] {logging_mixin.py:149} INFO - [2025-05-06T07:50:44.273+0000] {dag.py:2726} INFO - Sync 1 DAGs
[2025-05-06T07:50:44.299+0000] {logging_mixin.py:149} INFO - [2025-05-06T07:50:44.298+0000] {dag.py:3490} INFO - Setting next_dagrun for example_task_group to 2025-05-05T07:50:44.298532+00:00, run_after=2025-05-06T07:50:44.298532+00:00
[2025-05-06T07:50:44.317+0000] {processor.py:179} INFO - Processing /home/airflow/.local/lib/python3.7/site-packages/airflow/example_dags/example_task_group.py took 0.078 seconds
[2025-05-06T07:51:14.742+0000] {processor.py:157} INFO - Started process (PID=2486) to work on /home/airflow/.local/lib/python3.7/site-packages/airflow/example_dags/example_task_group.py
[2025-05-06T07:51:14.743+0000] {processor.py:826} INFO - Processing file /home/airflow/.local/lib/python3.7/site-packages/airflow/example_dags/example_task_group.py for tasks to queue
[2025-05-06T07:51:14.744+0000] {logging_mixin.py:149} INFO - [2025-05-06T07:51:14.744+0000] {dagbag.py:541} INFO - Filling up the DagBag from /home/airflow/.local/lib/python3.7/site-packages/airflow/example_dags/example_task_group.py
[2025-05-06T07:51:14.751+0000] {processor.py:836} INFO - DAG(s) dict_keys(['example_task_group']) retrieved from /home/airflow/.local/lib/python3.7/site-packages/airflow/example_dags/example_task_group.py
[2025-05-06T07:51:14.772+0000] {logging_mixin.py:149} INFO - [2025-05-06T07:51:14.772+0000] {dag.py:2726} INFO - Sync 1 DAGs
[2025-05-06T07:51:14.794+0000] {logging_mixin.py:149} INFO - [2025-05-06T07:51:14.794+0000] {dag.py:3490} INFO - Setting next_dagrun for example_task_group to 2025-05-05T07:51:14.793766+00:00, run_after=2025-05-06T07:51:14.793766+00:00
[2025-05-06T07:51:14.811+0000] {processor.py:179} INFO - Processing /home/airflow/.local/lib/python3.7/site-packages/airflow/example_dags/example_task_group.py took 0.071 seconds
[2025-05-06T07:51:45.327+0000] {processor.py:157} INFO - Started process (PID=2563) to work on /home/airflow/.local/lib/python3.7/site-packages/airflow/example_dags/example_task_group.py
[2025-05-06T07:51:45.328+0000] {processor.py:826} INFO - Processing file /home/airflow/.local/lib/python3.7/site-packages/airflow/example_dags/example_task_group.py for tasks to queue
[2025-05-06T07:51:45.329+0000] {logging_mixin.py:149} INFO - [2025-05-06T07:51:45.329+0000] {dagbag.py:541} INFO - Filling up the DagBag from /home/airflow/.local/lib/python3.7/site-packages/airflow/example_dags/example_task_group.py
[2025-05-06T07:51:45.336+0000] {processor.py:836} INFO - DAG(s) dict_keys(['example_task_group']) retrieved from /home/airflow/.local/lib/python3.7/site-packages/airflow/example_dags/example_task_group.py
[2025-05-06T07:51:45.358+0000] {logging_mixin.py:149} INFO - [2025-05-06T07:51:45.358+0000] {dag.py:2726} INFO - Sync 1 DAGs
[2025-05-06T07:51:45.379+0000] {logging_mixin.py:149} INFO - [2025-05-06T07:51:45.379+0000] {dag.py:3490} INFO - Setting next_dagrun for example_task_group to 2025-05-05T07:51:45.379031+00:00, run_after=2025-05-06T07:51:45.379031+00:00
[2025-05-06T07:51:45.396+0000] {processor.py:179} INFO - Processing /home/airflow/.local/lib/python3.7/site-packages/airflow/example_dags/example_task_group.py took 0.072 seconds
