[2025-05-06T07:35:18.328+0000] {processor.py:157} INFO - Started process (PID=70) to work on /home/airflow/.local/lib/python3.7/site-packages/airflow/example_dags/example_local_kubernetes_executor.py
[2025-05-06T07:35:18.329+0000] {processor.py:826} INFO - Processing file /home/airflow/.local/lib/python3.7/site-packages/airflow/example_dags/example_local_kubernetes_executor.py for tasks to queue
[2025-05-06T07:35:18.329+0000] {logging_mixin.py:149} INFO - [2025-05-06T07:35:18.329+0000] {dagbag.py:541} INFO - Filling up the DagBag from /home/airflow/.local/lib/python3.7/site-packages/airflow/example_dags/example_local_kubernetes_executor.py
[2025-05-06T07:35:19.643+0000] {processor.py:836} INFO - DAG(s) dict_keys(['example_local_kubernetes_executor']) retrieved from /home/airflow/.local/lib/python3.7/site-packages/airflow/example_dags/example_local_kubernetes_executor.py
[2025-05-06T07:35:19.660+0000] {logging_mixin.py:149} INFO - [2025-05-06T07:35:19.659+0000] {dag.py:2726} INFO - Sync 1 DAGs
[2025-05-06T07:35:19.691+0000] {logging_mixin.py:149} INFO - [2025-05-06T07:35:19.691+0000] {dag.py:3490} INFO - Setting next_dagrun for example_local_kubernetes_executor to None, run_after=None
[2025-05-06T07:35:19.719+0000] {processor.py:179} INFO - Processing /home/airflow/.local/lib/python3.7/site-packages/airflow/example_dags/example_local_kubernetes_executor.py took 1.395 seconds
[2025-05-06T07:35:49.799+0000] {processor.py:157} INFO - Started process (PID=153) to work on /home/airflow/.local/lib/python3.7/site-packages/airflow/example_dags/example_local_kubernetes_executor.py
[2025-05-06T07:35:49.800+0000] {processor.py:826} INFO - Processing file /home/airflow/.local/lib/python3.7/site-packages/airflow/example_dags/example_local_kubernetes_executor.py for tasks to queue
[2025-05-06T07:35:49.801+0000] {logging_mixin.py:149} INFO - [2025-05-06T07:35:49.801+0000] {dagbag.py:541} INFO - Filling up the DagBag from /home/airflow/.local/lib/python3.7/site-packages/airflow/example_dags/example_local_kubernetes_executor.py
[2025-05-06T07:35:49.964+0000] {processor.py:836} INFO - DAG(s) dict_keys(['example_local_kubernetes_executor']) retrieved from /home/airflow/.local/lib/python3.7/site-packages/airflow/example_dags/example_local_kubernetes_executor.py
[2025-05-06T07:35:50.005+0000] {logging_mixin.py:149} INFO - [2025-05-06T07:35:50.004+0000] {dag.py:2726} INFO - Sync 1 DAGs
[2025-05-06T07:35:50.030+0000] {logging_mixin.py:149} INFO - [2025-05-06T07:35:50.030+0000] {dag.py:3490} INFO - Setting next_dagrun for example_local_kubernetes_executor to None, run_after=None
[2025-05-06T07:35:50.047+0000] {processor.py:179} INFO - Processing /home/airflow/.local/lib/python3.7/site-packages/airflow/example_dags/example_local_kubernetes_executor.py took 0.251 seconds
[2025-05-06T07:36:20.599+0000] {processor.py:157} INFO - Started process (PID=229) to work on /home/airflow/.local/lib/python3.7/site-packages/airflow/example_dags/example_local_kubernetes_executor.py
[2025-05-06T07:36:20.600+0000] {processor.py:826} INFO - Processing file /home/airflow/.local/lib/python3.7/site-packages/airflow/example_dags/example_local_kubernetes_executor.py for tasks to queue
[2025-05-06T07:36:20.601+0000] {logging_mixin.py:149} INFO - [2025-05-06T07:36:20.601+0000] {dagbag.py:541} INFO - Filling up the DagBag from /home/airflow/.local/lib/python3.7/site-packages/airflow/example_dags/example_local_kubernetes_executor.py
[2025-05-06T07:36:20.844+0000] {processor.py:836} INFO - DAG(s) dict_keys(['example_local_kubernetes_executor']) retrieved from /home/airflow/.local/lib/python3.7/site-packages/airflow/example_dags/example_local_kubernetes_executor.py
[2025-05-06T07:36:20.902+0000] {logging_mixin.py:149} INFO - [2025-05-06T07:36:20.902+0000] {dag.py:2726} INFO - Sync 1 DAGs
[2025-05-06T07:36:20.942+0000] {logging_mixin.py:149} INFO - [2025-05-06T07:36:20.941+0000] {dag.py:3490} INFO - Setting next_dagrun for example_local_kubernetes_executor to None, run_after=None
[2025-05-06T07:36:20.976+0000] {processor.py:179} INFO - Processing /home/airflow/.local/lib/python3.7/site-packages/airflow/example_dags/example_local_kubernetes_executor.py took 0.381 seconds
[2025-05-06T07:36:51.861+0000] {processor.py:157} INFO - Started process (PID=307) to work on /home/airflow/.local/lib/python3.7/site-packages/airflow/example_dags/example_local_kubernetes_executor.py
[2025-05-06T07:36:51.863+0000] {processor.py:826} INFO - Processing file /home/airflow/.local/lib/python3.7/site-packages/airflow/example_dags/example_local_kubernetes_executor.py for tasks to queue
[2025-05-06T07:36:51.864+0000] {logging_mixin.py:149} INFO - [2025-05-06T07:36:51.863+0000] {dagbag.py:541} INFO - Filling up the DagBag from /home/airflow/.local/lib/python3.7/site-packages/airflow/example_dags/example_local_kubernetes_executor.py
[2025-05-06T07:36:52.189+0000] {processor.py:836} INFO - DAG(s) dict_keys(['example_local_kubernetes_executor']) retrieved from /home/airflow/.local/lib/python3.7/site-packages/airflow/example_dags/example_local_kubernetes_executor.py
[2025-05-06T07:36:52.247+0000] {logging_mixin.py:149} INFO - [2025-05-06T07:36:52.247+0000] {dag.py:2726} INFO - Sync 1 DAGs
[2025-05-06T07:36:52.286+0000] {logging_mixin.py:149} INFO - [2025-05-06T07:36:52.286+0000] {dag.py:3490} INFO - Setting next_dagrun for example_local_kubernetes_executor to None, run_after=None
[2025-05-06T07:36:52.330+0000] {processor.py:179} INFO - Processing /home/airflow/.local/lib/python3.7/site-packages/airflow/example_dags/example_local_kubernetes_executor.py took 0.472 seconds
[2025-05-06T07:37:23.068+0000] {processor.py:157} INFO - Started process (PID=384) to work on /home/airflow/.local/lib/python3.7/site-packages/airflow/example_dags/example_local_kubernetes_executor.py
[2025-05-06T07:37:23.070+0000] {processor.py:826} INFO - Processing file /home/airflow/.local/lib/python3.7/site-packages/airflow/example_dags/example_local_kubernetes_executor.py for tasks to queue
[2025-05-06T07:37:23.071+0000] {logging_mixin.py:149} INFO - [2025-05-06T07:37:23.070+0000] {dagbag.py:541} INFO - Filling up the DagBag from /home/airflow/.local/lib/python3.7/site-packages/airflow/example_dags/example_local_kubernetes_executor.py
[2025-05-06T07:37:23.356+0000] {processor.py:836} INFO - DAG(s) dict_keys(['example_local_kubernetes_executor']) retrieved from /home/airflow/.local/lib/python3.7/site-packages/airflow/example_dags/example_local_kubernetes_executor.py
[2025-05-06T07:37:23.413+0000] {logging_mixin.py:149} INFO - [2025-05-06T07:37:23.413+0000] {dag.py:2726} INFO - Sync 1 DAGs
[2025-05-06T07:37:23.449+0000] {logging_mixin.py:149} INFO - [2025-05-06T07:37:23.449+0000] {dag.py:3490} INFO - Setting next_dagrun for example_local_kubernetes_executor to None, run_after=None
[2025-05-06T07:37:23.477+0000] {processor.py:179} INFO - Processing /home/airflow/.local/lib/python3.7/site-packages/airflow/example_dags/example_local_kubernetes_executor.py took 0.413 seconds
[2025-05-06T07:37:53.520+0000] {processor.py:157} INFO - Started process (PID=462) to work on /home/airflow/.local/lib/python3.7/site-packages/airflow/example_dags/example_local_kubernetes_executor.py
[2025-05-06T07:37:53.521+0000] {processor.py:826} INFO - Processing file /home/airflow/.local/lib/python3.7/site-packages/airflow/example_dags/example_local_kubernetes_executor.py for tasks to queue
[2025-05-06T07:37:53.522+0000] {logging_mixin.py:149} INFO - [2025-05-06T07:37:53.522+0000] {dagbag.py:541} INFO - Filling up the DagBag from /home/airflow/.local/lib/python3.7/site-packages/airflow/example_dags/example_local_kubernetes_executor.py
[2025-05-06T07:37:53.708+0000] {processor.py:836} INFO - DAG(s) dict_keys(['example_local_kubernetes_executor']) retrieved from /home/airflow/.local/lib/python3.7/site-packages/airflow/example_dags/example_local_kubernetes_executor.py
[2025-05-06T07:37:53.744+0000] {logging_mixin.py:149} INFO - [2025-05-06T07:37:53.744+0000] {dag.py:2726} INFO - Sync 1 DAGs
[2025-05-06T07:37:53.765+0000] {logging_mixin.py:149} INFO - [2025-05-06T07:37:53.765+0000] {dag.py:3490} INFO - Setting next_dagrun for example_local_kubernetes_executor to None, run_after=None
[2025-05-06T07:37:53.786+0000] {processor.py:179} INFO - Processing /home/airflow/.local/lib/python3.7/site-packages/airflow/example_dags/example_local_kubernetes_executor.py took 0.269 seconds
[2025-05-06T07:38:24.195+0000] {processor.py:157} INFO - Started process (PID=533) to work on /home/airflow/.local/lib/python3.7/site-packages/airflow/example_dags/example_local_kubernetes_executor.py
[2025-05-06T07:38:24.196+0000] {processor.py:826} INFO - Processing file /home/airflow/.local/lib/python3.7/site-packages/airflow/example_dags/example_local_kubernetes_executor.py for tasks to queue
[2025-05-06T07:38:24.197+0000] {logging_mixin.py:149} INFO - [2025-05-06T07:38:24.197+0000] {dagbag.py:541} INFO - Filling up the DagBag from /home/airflow/.local/lib/python3.7/site-packages/airflow/example_dags/example_local_kubernetes_executor.py
[2025-05-06T07:38:24.434+0000] {processor.py:836} INFO - DAG(s) dict_keys(['example_local_kubernetes_executor']) retrieved from /home/airflow/.local/lib/python3.7/site-packages/airflow/example_dags/example_local_kubernetes_executor.py
[2025-05-06T07:38:24.481+0000] {logging_mixin.py:149} INFO - [2025-05-06T07:38:24.480+0000] {dag.py:2726} INFO - Sync 1 DAGs
[2025-05-06T07:38:24.512+0000] {logging_mixin.py:149} INFO - [2025-05-06T07:38:24.512+0000] {dag.py:3490} INFO - Setting next_dagrun for example_local_kubernetes_executor to None, run_after=None
[2025-05-06T07:38:24.535+0000] {processor.py:179} INFO - Processing /home/airflow/.local/lib/python3.7/site-packages/airflow/example_dags/example_local_kubernetes_executor.py took 0.344 seconds
[2025-05-06T07:38:54.944+0000] {processor.py:157} INFO - Started process (PID=610) to work on /home/airflow/.local/lib/python3.7/site-packages/airflow/example_dags/example_local_kubernetes_executor.py
[2025-05-06T07:38:54.945+0000] {processor.py:826} INFO - Processing file /home/airflow/.local/lib/python3.7/site-packages/airflow/example_dags/example_local_kubernetes_executor.py for tasks to queue
[2025-05-06T07:38:54.945+0000] {logging_mixin.py:149} INFO - [2025-05-06T07:38:54.945+0000] {dagbag.py:541} INFO - Filling up the DagBag from /home/airflow/.local/lib/python3.7/site-packages/airflow/example_dags/example_local_kubernetes_executor.py
[2025-05-06T07:38:55.085+0000] {processor.py:836} INFO - DAG(s) dict_keys(['example_local_kubernetes_executor']) retrieved from /home/airflow/.local/lib/python3.7/site-packages/airflow/example_dags/example_local_kubernetes_executor.py
[2025-05-06T07:38:55.119+0000] {logging_mixin.py:149} INFO - [2025-05-06T07:38:55.118+0000] {dag.py:2726} INFO - Sync 1 DAGs
[2025-05-06T07:38:55.141+0000] {logging_mixin.py:149} INFO - [2025-05-06T07:38:55.141+0000] {dag.py:3490} INFO - Setting next_dagrun for example_local_kubernetes_executor to None, run_after=None
[2025-05-06T07:38:55.159+0000] {processor.py:179} INFO - Processing /home/airflow/.local/lib/python3.7/site-packages/airflow/example_dags/example_local_kubernetes_executor.py took 0.218 seconds
[2025-05-06T07:39:25.684+0000] {processor.py:157} INFO - Started process (PID=675) to work on /home/airflow/.local/lib/python3.7/site-packages/airflow/example_dags/example_local_kubernetes_executor.py
[2025-05-06T07:39:25.685+0000] {processor.py:826} INFO - Processing file /home/airflow/.local/lib/python3.7/site-packages/airflow/example_dags/example_local_kubernetes_executor.py for tasks to queue
[2025-05-06T07:39:25.686+0000] {logging_mixin.py:149} INFO - [2025-05-06T07:39:25.686+0000] {dagbag.py:541} INFO - Filling up the DagBag from /home/airflow/.local/lib/python3.7/site-packages/airflow/example_dags/example_local_kubernetes_executor.py
[2025-05-06T07:39:25.888+0000] {processor.py:836} INFO - DAG(s) dict_keys(['example_local_kubernetes_executor']) retrieved from /home/airflow/.local/lib/python3.7/site-packages/airflow/example_dags/example_local_kubernetes_executor.py
[2025-05-06T07:39:25.921+0000] {logging_mixin.py:149} INFO - [2025-05-06T07:39:25.921+0000] {dag.py:2726} INFO - Sync 1 DAGs
[2025-05-06T07:39:25.944+0000] {logging_mixin.py:149} INFO - [2025-05-06T07:39:25.944+0000] {dag.py:3490} INFO - Setting next_dagrun for example_local_kubernetes_executor to None, run_after=None
[2025-05-06T07:39:25.963+0000] {processor.py:179} INFO - Processing /home/airflow/.local/lib/python3.7/site-packages/airflow/example_dags/example_local_kubernetes_executor.py took 0.282 seconds
[2025-05-06T07:39:56.278+0000] {processor.py:157} INFO - Started process (PID=752) to work on /home/airflow/.local/lib/python3.7/site-packages/airflow/example_dags/example_local_kubernetes_executor.py
[2025-05-06T07:39:56.279+0000] {processor.py:826} INFO - Processing file /home/airflow/.local/lib/python3.7/site-packages/airflow/example_dags/example_local_kubernetes_executor.py for tasks to queue
[2025-05-06T07:39:56.279+0000] {logging_mixin.py:149} INFO - [2025-05-06T07:39:56.279+0000] {dagbag.py:541} INFO - Filling up the DagBag from /home/airflow/.local/lib/python3.7/site-packages/airflow/example_dags/example_local_kubernetes_executor.py
[2025-05-06T07:39:56.485+0000] {processor.py:836} INFO - DAG(s) dict_keys(['example_local_kubernetes_executor']) retrieved from /home/airflow/.local/lib/python3.7/site-packages/airflow/example_dags/example_local_kubernetes_executor.py
[2025-05-06T07:39:56.519+0000] {logging_mixin.py:149} INFO - [2025-05-06T07:39:56.519+0000] {dag.py:2726} INFO - Sync 1 DAGs
[2025-05-06T07:39:56.542+0000] {logging_mixin.py:149} INFO - [2025-05-06T07:39:56.542+0000] {dag.py:3490} INFO - Setting next_dagrun for example_local_kubernetes_executor to None, run_after=None
[2025-05-06T07:39:56.560+0000] {processor.py:179} INFO - Processing /home/airflow/.local/lib/python3.7/site-packages/airflow/example_dags/example_local_kubernetes_executor.py took 0.287 seconds
[2025-05-06T07:40:26.847+0000] {processor.py:157} INFO - Started process (PID=829) to work on /home/airflow/.local/lib/python3.7/site-packages/airflow/example_dags/example_local_kubernetes_executor.py
[2025-05-06T07:40:26.848+0000] {processor.py:826} INFO - Processing file /home/airflow/.local/lib/python3.7/site-packages/airflow/example_dags/example_local_kubernetes_executor.py for tasks to queue
[2025-05-06T07:40:26.849+0000] {logging_mixin.py:149} INFO - [2025-05-06T07:40:26.849+0000] {dagbag.py:541} INFO - Filling up the DagBag from /home/airflow/.local/lib/python3.7/site-packages/airflow/example_dags/example_local_kubernetes_executor.py
[2025-05-06T07:40:27.052+0000] {processor.py:836} INFO - DAG(s) dict_keys(['example_local_kubernetes_executor']) retrieved from /home/airflow/.local/lib/python3.7/site-packages/airflow/example_dags/example_local_kubernetes_executor.py
[2025-05-06T07:40:27.091+0000] {logging_mixin.py:149} INFO - [2025-05-06T07:40:27.091+0000] {dag.py:2726} INFO - Sync 1 DAGs
[2025-05-06T07:40:27.112+0000] {logging_mixin.py:149} INFO - [2025-05-06T07:40:27.112+0000] {dag.py:3490} INFO - Setting next_dagrun for example_local_kubernetes_executor to None, run_after=None
[2025-05-06T07:40:27.131+0000] {processor.py:179} INFO - Processing /home/airflow/.local/lib/python3.7/site-packages/airflow/example_dags/example_local_kubernetes_executor.py took 0.286 seconds
[2025-05-06T07:40:57.313+0000] {processor.py:157} INFO - Started process (PID=906) to work on /home/airflow/.local/lib/python3.7/site-packages/airflow/example_dags/example_local_kubernetes_executor.py
[2025-05-06T07:40:57.314+0000] {processor.py:826} INFO - Processing file /home/airflow/.local/lib/python3.7/site-packages/airflow/example_dags/example_local_kubernetes_executor.py for tasks to queue
[2025-05-06T07:40:57.315+0000] {logging_mixin.py:149} INFO - [2025-05-06T07:40:57.315+0000] {dagbag.py:541} INFO - Filling up the DagBag from /home/airflow/.local/lib/python3.7/site-packages/airflow/example_dags/example_local_kubernetes_executor.py
[2025-05-06T07:40:57.522+0000] {processor.py:836} INFO - DAG(s) dict_keys(['example_local_kubernetes_executor']) retrieved from /home/airflow/.local/lib/python3.7/site-packages/airflow/example_dags/example_local_kubernetes_executor.py
[2025-05-06T07:40:57.556+0000] {logging_mixin.py:149} INFO - [2025-05-06T07:40:57.556+0000] {dag.py:2726} INFO - Sync 1 DAGs
[2025-05-06T07:40:57.580+0000] {logging_mixin.py:149} INFO - [2025-05-06T07:40:57.580+0000] {dag.py:3490} INFO - Setting next_dagrun for example_local_kubernetes_executor to None, run_after=None
[2025-05-06T07:40:57.599+0000] {processor.py:179} INFO - Processing /home/airflow/.local/lib/python3.7/site-packages/airflow/example_dags/example_local_kubernetes_executor.py took 0.288 seconds
[2025-05-06T07:41:27.745+0000] {processor.py:157} INFO - Started process (PID=983) to work on /home/airflow/.local/lib/python3.7/site-packages/airflow/example_dags/example_local_kubernetes_executor.py
[2025-05-06T07:41:27.746+0000] {processor.py:826} INFO - Processing file /home/airflow/.local/lib/python3.7/site-packages/airflow/example_dags/example_local_kubernetes_executor.py for tasks to queue
[2025-05-06T07:41:27.746+0000] {logging_mixin.py:149} INFO - [2025-05-06T07:41:27.746+0000] {dagbag.py:541} INFO - Filling up the DagBag from /home/airflow/.local/lib/python3.7/site-packages/airflow/example_dags/example_local_kubernetes_executor.py
[2025-05-06T07:41:27.949+0000] {processor.py:836} INFO - DAG(s) dict_keys(['example_local_kubernetes_executor']) retrieved from /home/airflow/.local/lib/python3.7/site-packages/airflow/example_dags/example_local_kubernetes_executor.py
[2025-05-06T07:41:27.980+0000] {logging_mixin.py:149} INFO - [2025-05-06T07:41:27.980+0000] {dag.py:2726} INFO - Sync 1 DAGs
[2025-05-06T07:41:28.001+0000] {logging_mixin.py:149} INFO - [2025-05-06T07:41:28.001+0000] {dag.py:3490} INFO - Setting next_dagrun for example_local_kubernetes_executor to None, run_after=None
[2025-05-06T07:41:28.019+0000] {processor.py:179} INFO - Processing /home/airflow/.local/lib/python3.7/site-packages/airflow/example_dags/example_local_kubernetes_executor.py took 0.277 seconds
[2025-05-06T07:41:58.349+0000] {processor.py:157} INFO - Started process (PID=1060) to work on /home/airflow/.local/lib/python3.7/site-packages/airflow/example_dags/example_local_kubernetes_executor.py
[2025-05-06T07:41:58.350+0000] {processor.py:826} INFO - Processing file /home/airflow/.local/lib/python3.7/site-packages/airflow/example_dags/example_local_kubernetes_executor.py for tasks to queue
[2025-05-06T07:41:58.351+0000] {logging_mixin.py:149} INFO - [2025-05-06T07:41:58.350+0000] {dagbag.py:541} INFO - Filling up the DagBag from /home/airflow/.local/lib/python3.7/site-packages/airflow/example_dags/example_local_kubernetes_executor.py
[2025-05-06T07:41:58.548+0000] {processor.py:836} INFO - DAG(s) dict_keys(['example_local_kubernetes_executor']) retrieved from /home/airflow/.local/lib/python3.7/site-packages/airflow/example_dags/example_local_kubernetes_executor.py
[2025-05-06T07:41:58.581+0000] {logging_mixin.py:149} INFO - [2025-05-06T07:41:58.581+0000] {dag.py:2726} INFO - Sync 1 DAGs
[2025-05-06T07:41:58.603+0000] {logging_mixin.py:149} INFO - [2025-05-06T07:41:58.603+0000] {dag.py:3490} INFO - Setting next_dagrun for example_local_kubernetes_executor to None, run_after=None
[2025-05-06T07:41:58.622+0000] {processor.py:179} INFO - Processing /home/airflow/.local/lib/python3.7/site-packages/airflow/example_dags/example_local_kubernetes_executor.py took 0.276 seconds
[2025-05-06T07:42:29.073+0000] {processor.py:157} INFO - Started process (PID=1137) to work on /home/airflow/.local/lib/python3.7/site-packages/airflow/example_dags/example_local_kubernetes_executor.py
[2025-05-06T07:42:29.074+0000] {processor.py:826} INFO - Processing file /home/airflow/.local/lib/python3.7/site-packages/airflow/example_dags/example_local_kubernetes_executor.py for tasks to queue
[2025-05-06T07:42:29.074+0000] {logging_mixin.py:149} INFO - [2025-05-06T07:42:29.074+0000] {dagbag.py:541} INFO - Filling up the DagBag from /home/airflow/.local/lib/python3.7/site-packages/airflow/example_dags/example_local_kubernetes_executor.py
[2025-05-06T07:42:29.364+0000] {processor.py:836} INFO - DAG(s) dict_keys(['example_local_kubernetes_executor']) retrieved from /home/airflow/.local/lib/python3.7/site-packages/airflow/example_dags/example_local_kubernetes_executor.py
[2025-05-06T07:42:29.423+0000] {logging_mixin.py:149} INFO - [2025-05-06T07:42:29.422+0000] {dag.py:2726} INFO - Sync 1 DAGs
[2025-05-06T07:42:29.470+0000] {logging_mixin.py:149} INFO - [2025-05-06T07:42:29.469+0000] {dag.py:3490} INFO - Setting next_dagrun for example_local_kubernetes_executor to None, run_after=None
[2025-05-06T07:42:29.510+0000] {processor.py:179} INFO - Processing /home/airflow/.local/lib/python3.7/site-packages/airflow/example_dags/example_local_kubernetes_executor.py took 0.440 seconds
[2025-05-06T07:43:00.368+0000] {processor.py:157} INFO - Started process (PID=1214) to work on /home/airflow/.local/lib/python3.7/site-packages/airflow/example_dags/example_local_kubernetes_executor.py
[2025-05-06T07:43:00.369+0000] {processor.py:826} INFO - Processing file /home/airflow/.local/lib/python3.7/site-packages/airflow/example_dags/example_local_kubernetes_executor.py for tasks to queue
[2025-05-06T07:43:00.370+0000] {logging_mixin.py:149} INFO - [2025-05-06T07:43:00.370+0000] {dagbag.py:541} INFO - Filling up the DagBag from /home/airflow/.local/lib/python3.7/site-packages/airflow/example_dags/example_local_kubernetes_executor.py
[2025-05-06T07:43:00.579+0000] {processor.py:836} INFO - DAG(s) dict_keys(['example_local_kubernetes_executor']) retrieved from /home/airflow/.local/lib/python3.7/site-packages/airflow/example_dags/example_local_kubernetes_executor.py
[2025-05-06T07:43:00.614+0000] {logging_mixin.py:149} INFO - [2025-05-06T07:43:00.614+0000] {dag.py:2726} INFO - Sync 1 DAGs
[2025-05-06T07:43:00.639+0000] {logging_mixin.py:149} INFO - [2025-05-06T07:43:00.639+0000] {dag.py:3490} INFO - Setting next_dagrun for example_local_kubernetes_executor to None, run_after=None
[2025-05-06T07:43:00.658+0000] {processor.py:179} INFO - Processing /home/airflow/.local/lib/python3.7/site-packages/airflow/example_dags/example_local_kubernetes_executor.py took 0.293 seconds
[2025-05-06T07:43:30.890+0000] {processor.py:157} INFO - Started process (PID=1291) to work on /home/airflow/.local/lib/python3.7/site-packages/airflow/example_dags/example_local_kubernetes_executor.py
[2025-05-06T07:43:30.891+0000] {processor.py:826} INFO - Processing file /home/airflow/.local/lib/python3.7/site-packages/airflow/example_dags/example_local_kubernetes_executor.py for tasks to queue
[2025-05-06T07:43:30.892+0000] {logging_mixin.py:149} INFO - [2025-05-06T07:43:30.892+0000] {dagbag.py:541} INFO - Filling up the DagBag from /home/airflow/.local/lib/python3.7/site-packages/airflow/example_dags/example_local_kubernetes_executor.py
[2025-05-06T07:43:31.098+0000] {processor.py:836} INFO - DAG(s) dict_keys(['example_local_kubernetes_executor']) retrieved from /home/airflow/.local/lib/python3.7/site-packages/airflow/example_dags/example_local_kubernetes_executor.py
[2025-05-06T07:43:31.129+0000] {logging_mixin.py:149} INFO - [2025-05-06T07:43:31.129+0000] {dag.py:2726} INFO - Sync 1 DAGs
[2025-05-06T07:43:31.151+0000] {logging_mixin.py:149} INFO - [2025-05-06T07:43:31.150+0000] {dag.py:3490} INFO - Setting next_dagrun for example_local_kubernetes_executor to None, run_after=None
[2025-05-06T07:43:31.171+0000] {processor.py:179} INFO - Processing /home/airflow/.local/lib/python3.7/site-packages/airflow/example_dags/example_local_kubernetes_executor.py took 0.284 seconds
[2025-05-06T07:44:01.568+0000] {processor.py:157} INFO - Started process (PID=1368) to work on /home/airflow/.local/lib/python3.7/site-packages/airflow/example_dags/example_local_kubernetes_executor.py
[2025-05-06T07:44:01.569+0000] {processor.py:826} INFO - Processing file /home/airflow/.local/lib/python3.7/site-packages/airflow/example_dags/example_local_kubernetes_executor.py for tasks to queue
[2025-05-06T07:44:01.570+0000] {logging_mixin.py:149} INFO - [2025-05-06T07:44:01.570+0000] {dagbag.py:541} INFO - Filling up the DagBag from /home/airflow/.local/lib/python3.7/site-packages/airflow/example_dags/example_local_kubernetes_executor.py
[2025-05-06T07:44:01.925+0000] {processor.py:836} INFO - DAG(s) dict_keys(['example_local_kubernetes_executor']) retrieved from /home/airflow/.local/lib/python3.7/site-packages/airflow/example_dags/example_local_kubernetes_executor.py
[2025-05-06T07:44:01.972+0000] {logging_mixin.py:149} INFO - [2025-05-06T07:44:01.972+0000] {dag.py:2726} INFO - Sync 1 DAGs
[2025-05-06T07:44:02.003+0000] {logging_mixin.py:149} INFO - [2025-05-06T07:44:02.003+0000] {dag.py:3490} INFO - Setting next_dagrun for example_local_kubernetes_executor to None, run_after=None
[2025-05-06T07:44:02.022+0000] {processor.py:179} INFO - Processing /home/airflow/.local/lib/python3.7/site-packages/airflow/example_dags/example_local_kubernetes_executor.py took 0.457 seconds
[2025-05-06T07:44:32.100+0000] {processor.py:157} INFO - Started process (PID=1444) to work on /home/airflow/.local/lib/python3.7/site-packages/airflow/example_dags/example_local_kubernetes_executor.py
[2025-05-06T07:44:32.101+0000] {processor.py:826} INFO - Processing file /home/airflow/.local/lib/python3.7/site-packages/airflow/example_dags/example_local_kubernetes_executor.py for tasks to queue
[2025-05-06T07:44:32.102+0000] {logging_mixin.py:149} INFO - [2025-05-06T07:44:32.102+0000] {dagbag.py:541} INFO - Filling up the DagBag from /home/airflow/.local/lib/python3.7/site-packages/airflow/example_dags/example_local_kubernetes_executor.py
[2025-05-06T07:44:32.436+0000] {processor.py:836} INFO - DAG(s) dict_keys(['example_local_kubernetes_executor']) retrieved from /home/airflow/.local/lib/python3.7/site-packages/airflow/example_dags/example_local_kubernetes_executor.py
[2025-05-06T07:44:32.502+0000] {logging_mixin.py:149} INFO - [2025-05-06T07:44:32.502+0000] {dag.py:2726} INFO - Sync 1 DAGs
[2025-05-06T07:44:32.545+0000] {logging_mixin.py:149} INFO - [2025-05-06T07:44:32.544+0000] {dag.py:3490} INFO - Setting next_dagrun for example_local_kubernetes_executor to None, run_after=None
[2025-05-06T07:44:32.584+0000] {processor.py:179} INFO - Processing /home/airflow/.local/lib/python3.7/site-packages/airflow/example_dags/example_local_kubernetes_executor.py took 0.489 seconds
[2025-05-06T07:45:03.440+0000] {processor.py:157} INFO - Started process (PID=1522) to work on /home/airflow/.local/lib/python3.7/site-packages/airflow/example_dags/example_local_kubernetes_executor.py
[2025-05-06T07:45:03.441+0000] {processor.py:826} INFO - Processing file /home/airflow/.local/lib/python3.7/site-packages/airflow/example_dags/example_local_kubernetes_executor.py for tasks to queue
[2025-05-06T07:45:03.442+0000] {logging_mixin.py:149} INFO - [2025-05-06T07:45:03.442+0000] {dagbag.py:541} INFO - Filling up the DagBag from /home/airflow/.local/lib/python3.7/site-packages/airflow/example_dags/example_local_kubernetes_executor.py
[2025-05-06T07:45:03.668+0000] {processor.py:836} INFO - DAG(s) dict_keys(['example_local_kubernetes_executor']) retrieved from /home/airflow/.local/lib/python3.7/site-packages/airflow/example_dags/example_local_kubernetes_executor.py
[2025-05-06T07:45:03.703+0000] {logging_mixin.py:149} INFO - [2025-05-06T07:45:03.703+0000] {dag.py:2726} INFO - Sync 1 DAGs
[2025-05-06T07:45:03.726+0000] {logging_mixin.py:149} INFO - [2025-05-06T07:45:03.726+0000] {dag.py:3490} INFO - Setting next_dagrun for example_local_kubernetes_executor to None, run_after=None
[2025-05-06T07:45:03.746+0000] {processor.py:179} INFO - Processing /home/airflow/.local/lib/python3.7/site-packages/airflow/example_dags/example_local_kubernetes_executor.py took 0.309 seconds
[2025-05-06T07:45:34.037+0000] {processor.py:157} INFO - Started process (PID=1599) to work on /home/airflow/.local/lib/python3.7/site-packages/airflow/example_dags/example_local_kubernetes_executor.py
[2025-05-06T07:45:34.038+0000] {processor.py:826} INFO - Processing file /home/airflow/.local/lib/python3.7/site-packages/airflow/example_dags/example_local_kubernetes_executor.py for tasks to queue
[2025-05-06T07:45:34.038+0000] {logging_mixin.py:149} INFO - [2025-05-06T07:45:34.038+0000] {dagbag.py:541} INFO - Filling up the DagBag from /home/airflow/.local/lib/python3.7/site-packages/airflow/example_dags/example_local_kubernetes_executor.py
[2025-05-06T07:45:34.238+0000] {processor.py:836} INFO - DAG(s) dict_keys(['example_local_kubernetes_executor']) retrieved from /home/airflow/.local/lib/python3.7/site-packages/airflow/example_dags/example_local_kubernetes_executor.py
[2025-05-06T07:45:34.272+0000] {logging_mixin.py:149} INFO - [2025-05-06T07:45:34.272+0000] {dag.py:2726} INFO - Sync 1 DAGs
[2025-05-06T07:45:34.296+0000] {logging_mixin.py:149} INFO - [2025-05-06T07:45:34.296+0000] {dag.py:3490} INFO - Setting next_dagrun for example_local_kubernetes_executor to None, run_after=None
[2025-05-06T07:45:34.319+0000] {processor.py:179} INFO - Processing /home/airflow/.local/lib/python3.7/site-packages/airflow/example_dags/example_local_kubernetes_executor.py took 0.284 seconds
[2025-05-06T07:46:04.630+0000] {processor.py:157} INFO - Started process (PID=1677) to work on /home/airflow/.local/lib/python3.7/site-packages/airflow/example_dags/example_local_kubernetes_executor.py
[2025-05-06T07:46:04.632+0000] {processor.py:826} INFO - Processing file /home/airflow/.local/lib/python3.7/site-packages/airflow/example_dags/example_local_kubernetes_executor.py for tasks to queue
[2025-05-06T07:46:04.632+0000] {logging_mixin.py:149} INFO - [2025-05-06T07:46:04.632+0000] {dagbag.py:541} INFO - Filling up the DagBag from /home/airflow/.local/lib/python3.7/site-packages/airflow/example_dags/example_local_kubernetes_executor.py
[2025-05-06T07:46:04.840+0000] {processor.py:836} INFO - DAG(s) dict_keys(['example_local_kubernetes_executor']) retrieved from /home/airflow/.local/lib/python3.7/site-packages/airflow/example_dags/example_local_kubernetes_executor.py
[2025-05-06T07:46:04.876+0000] {logging_mixin.py:149} INFO - [2025-05-06T07:46:04.876+0000] {dag.py:2726} INFO - Sync 1 DAGs
[2025-05-06T07:46:04.900+0000] {logging_mixin.py:149} INFO - [2025-05-06T07:46:04.900+0000] {dag.py:3490} INFO - Setting next_dagrun for example_local_kubernetes_executor to None, run_after=None
[2025-05-06T07:46:04.921+0000] {processor.py:179} INFO - Processing /home/airflow/.local/lib/python3.7/site-packages/airflow/example_dags/example_local_kubernetes_executor.py took 0.294 seconds
[2025-05-06T07:46:35.246+0000] {processor.py:157} INFO - Started process (PID=1754) to work on /home/airflow/.local/lib/python3.7/site-packages/airflow/example_dags/example_local_kubernetes_executor.py
[2025-05-06T07:46:35.247+0000] {processor.py:826} INFO - Processing file /home/airflow/.local/lib/python3.7/site-packages/airflow/example_dags/example_local_kubernetes_executor.py for tasks to queue
[2025-05-06T07:46:35.248+0000] {logging_mixin.py:149} INFO - [2025-05-06T07:46:35.248+0000] {dagbag.py:541} INFO - Filling up the DagBag from /home/airflow/.local/lib/python3.7/site-packages/airflow/example_dags/example_local_kubernetes_executor.py
[2025-05-06T07:46:35.452+0000] {processor.py:836} INFO - DAG(s) dict_keys(['example_local_kubernetes_executor']) retrieved from /home/airflow/.local/lib/python3.7/site-packages/airflow/example_dags/example_local_kubernetes_executor.py
[2025-05-06T07:46:35.491+0000] {logging_mixin.py:149} INFO - [2025-05-06T07:46:35.491+0000] {dag.py:2726} INFO - Sync 1 DAGs
[2025-05-06T07:46:35.513+0000] {logging_mixin.py:149} INFO - [2025-05-06T07:46:35.513+0000] {dag.py:3490} INFO - Setting next_dagrun for example_local_kubernetes_executor to None, run_after=None
[2025-05-06T07:46:35.533+0000] {processor.py:179} INFO - Processing /home/airflow/.local/lib/python3.7/site-packages/airflow/example_dags/example_local_kubernetes_executor.py took 0.289 seconds
[2025-05-06T07:47:05.971+0000] {processor.py:157} INFO - Started process (PID=1831) to work on /home/airflow/.local/lib/python3.7/site-packages/airflow/example_dags/example_local_kubernetes_executor.py
[2025-05-06T07:47:05.972+0000] {processor.py:826} INFO - Processing file /home/airflow/.local/lib/python3.7/site-packages/airflow/example_dags/example_local_kubernetes_executor.py for tasks to queue
[2025-05-06T07:47:05.972+0000] {logging_mixin.py:149} INFO - [2025-05-06T07:47:05.972+0000] {dagbag.py:541} INFO - Filling up the DagBag from /home/airflow/.local/lib/python3.7/site-packages/airflow/example_dags/example_local_kubernetes_executor.py
[2025-05-06T07:47:06.206+0000] {processor.py:836} INFO - DAG(s) dict_keys(['example_local_kubernetes_executor']) retrieved from /home/airflow/.local/lib/python3.7/site-packages/airflow/example_dags/example_local_kubernetes_executor.py
[2025-05-06T07:47:06.242+0000] {logging_mixin.py:149} INFO - [2025-05-06T07:47:06.242+0000] {dag.py:2726} INFO - Sync 1 DAGs
[2025-05-06T07:47:06.263+0000] {logging_mixin.py:149} INFO - [2025-05-06T07:47:06.263+0000] {dag.py:3490} INFO - Setting next_dagrun for example_local_kubernetes_executor to None, run_after=None
[2025-05-06T07:47:06.285+0000] {processor.py:179} INFO - Processing /home/airflow/.local/lib/python3.7/site-packages/airflow/example_dags/example_local_kubernetes_executor.py took 0.317 seconds
[2025-05-06T07:47:37.113+0000] {processor.py:157} INFO - Started process (PID=1908) to work on /home/airflow/.local/lib/python3.7/site-packages/airflow/example_dags/example_local_kubernetes_executor.py
[2025-05-06T07:47:37.115+0000] {processor.py:826} INFO - Processing file /home/airflow/.local/lib/python3.7/site-packages/airflow/example_dags/example_local_kubernetes_executor.py for tasks to queue
[2025-05-06T07:47:37.115+0000] {logging_mixin.py:149} INFO - [2025-05-06T07:47:37.115+0000] {dagbag.py:541} INFO - Filling up the DagBag from /home/airflow/.local/lib/python3.7/site-packages/airflow/example_dags/example_local_kubernetes_executor.py
[2025-05-06T07:47:37.319+0000] {processor.py:836} INFO - DAG(s) dict_keys(['example_local_kubernetes_executor']) retrieved from /home/airflow/.local/lib/python3.7/site-packages/airflow/example_dags/example_local_kubernetes_executor.py
[2025-05-06T07:47:37.354+0000] {logging_mixin.py:149} INFO - [2025-05-06T07:47:37.354+0000] {dag.py:2726} INFO - Sync 1 DAGs
[2025-05-06T07:47:37.375+0000] {logging_mixin.py:149} INFO - [2025-05-06T07:47:37.375+0000] {dag.py:3490} INFO - Setting next_dagrun for example_local_kubernetes_executor to None, run_after=None
[2025-05-06T07:47:37.395+0000] {processor.py:179} INFO - Processing /home/airflow/.local/lib/python3.7/site-packages/airflow/example_dags/example_local_kubernetes_executor.py took 0.286 seconds
[2025-05-06T07:48:07.750+0000] {processor.py:157} INFO - Started process (PID=1985) to work on /home/airflow/.local/lib/python3.7/site-packages/airflow/example_dags/example_local_kubernetes_executor.py
[2025-05-06T07:48:07.751+0000] {processor.py:826} INFO - Processing file /home/airflow/.local/lib/python3.7/site-packages/airflow/example_dags/example_local_kubernetes_executor.py for tasks to queue
[2025-05-06T07:48:07.752+0000] {logging_mixin.py:149} INFO - [2025-05-06T07:48:07.752+0000] {dagbag.py:541} INFO - Filling up the DagBag from /home/airflow/.local/lib/python3.7/site-packages/airflow/example_dags/example_local_kubernetes_executor.py
[2025-05-06T07:48:07.990+0000] {processor.py:836} INFO - DAG(s) dict_keys(['example_local_kubernetes_executor']) retrieved from /home/airflow/.local/lib/python3.7/site-packages/airflow/example_dags/example_local_kubernetes_executor.py
[2025-05-06T07:48:08.021+0000] {logging_mixin.py:149} INFO - [2025-05-06T07:48:08.021+0000] {dag.py:2726} INFO - Sync 1 DAGs
[2025-05-06T07:48:08.041+0000] {logging_mixin.py:149} INFO - [2025-05-06T07:48:08.041+0000] {dag.py:3490} INFO - Setting next_dagrun for example_local_kubernetes_executor to None, run_after=None
[2025-05-06T07:48:08.058+0000] {processor.py:179} INFO - Processing /home/airflow/.local/lib/python3.7/site-packages/airflow/example_dags/example_local_kubernetes_executor.py took 0.311 seconds
[2025-05-06T07:48:38.473+0000] {processor.py:157} INFO - Started process (PID=2062) to work on /home/airflow/.local/lib/python3.7/site-packages/airflow/example_dags/example_local_kubernetes_executor.py
[2025-05-06T07:48:38.474+0000] {processor.py:826} INFO - Processing file /home/airflow/.local/lib/python3.7/site-packages/airflow/example_dags/example_local_kubernetes_executor.py for tasks to queue
[2025-05-06T07:48:38.475+0000] {logging_mixin.py:149} INFO - [2025-05-06T07:48:38.474+0000] {dagbag.py:541} INFO - Filling up the DagBag from /home/airflow/.local/lib/python3.7/site-packages/airflow/example_dags/example_local_kubernetes_executor.py
[2025-05-06T07:48:38.739+0000] {processor.py:836} INFO - DAG(s) dict_keys(['example_local_kubernetes_executor']) retrieved from /home/airflow/.local/lib/python3.7/site-packages/airflow/example_dags/example_local_kubernetes_executor.py
[2025-05-06T07:48:38.778+0000] {logging_mixin.py:149} INFO - [2025-05-06T07:48:38.777+0000] {dag.py:2726} INFO - Sync 1 DAGs
[2025-05-06T07:48:38.804+0000] {logging_mixin.py:149} INFO - [2025-05-06T07:48:38.804+0000] {dag.py:3490} INFO - Setting next_dagrun for example_local_kubernetes_executor to None, run_after=None
[2025-05-06T07:48:38.825+0000] {processor.py:179} INFO - Processing /home/airflow/.local/lib/python3.7/site-packages/airflow/example_dags/example_local_kubernetes_executor.py took 0.355 seconds
[2025-05-06T07:49:09.750+0000] {processor.py:157} INFO - Started process (PID=2139) to work on /home/airflow/.local/lib/python3.7/site-packages/airflow/example_dags/example_local_kubernetes_executor.py
[2025-05-06T07:49:09.750+0000] {processor.py:826} INFO - Processing file /home/airflow/.local/lib/python3.7/site-packages/airflow/example_dags/example_local_kubernetes_executor.py for tasks to queue
[2025-05-06T07:49:09.751+0000] {logging_mixin.py:149} INFO - [2025-05-06T07:49:09.751+0000] {dagbag.py:541} INFO - Filling up the DagBag from /home/airflow/.local/lib/python3.7/site-packages/airflow/example_dags/example_local_kubernetes_executor.py
[2025-05-06T07:49:10.039+0000] {processor.py:836} INFO - DAG(s) dict_keys(['example_local_kubernetes_executor']) retrieved from /home/airflow/.local/lib/python3.7/site-packages/airflow/example_dags/example_local_kubernetes_executor.py
[2025-05-06T07:49:10.085+0000] {logging_mixin.py:149} INFO - [2025-05-06T07:49:10.085+0000] {dag.py:2726} INFO - Sync 1 DAGs
[2025-05-06T07:49:10.115+0000] {logging_mixin.py:149} INFO - [2025-05-06T07:49:10.115+0000] {dag.py:3490} INFO - Setting next_dagrun for example_local_kubernetes_executor to None, run_after=None
[2025-05-06T07:49:10.133+0000] {processor.py:179} INFO - Processing /home/airflow/.local/lib/python3.7/site-packages/airflow/example_dags/example_local_kubernetes_executor.py took 0.386 seconds
[2025-05-06T07:49:40.942+0000] {processor.py:157} INFO - Started process (PID=2216) to work on /home/airflow/.local/lib/python3.7/site-packages/airflow/example_dags/example_local_kubernetes_executor.py
[2025-05-06T07:49:40.943+0000] {processor.py:826} INFO - Processing file /home/airflow/.local/lib/python3.7/site-packages/airflow/example_dags/example_local_kubernetes_executor.py for tasks to queue
[2025-05-06T07:49:40.944+0000] {logging_mixin.py:149} INFO - [2025-05-06T07:49:40.944+0000] {dagbag.py:541} INFO - Filling up the DagBag from /home/airflow/.local/lib/python3.7/site-packages/airflow/example_dags/example_local_kubernetes_executor.py
[2025-05-06T07:49:41.149+0000] {processor.py:836} INFO - DAG(s) dict_keys(['example_local_kubernetes_executor']) retrieved from /home/airflow/.local/lib/python3.7/site-packages/airflow/example_dags/example_local_kubernetes_executor.py
[2025-05-06T07:49:41.184+0000] {logging_mixin.py:149} INFO - [2025-05-06T07:49:41.183+0000] {dag.py:2726} INFO - Sync 1 DAGs
[2025-05-06T07:49:41.206+0000] {logging_mixin.py:149} INFO - [2025-05-06T07:49:41.206+0000] {dag.py:3490} INFO - Setting next_dagrun for example_local_kubernetes_executor to None, run_after=None
[2025-05-06T07:49:41.225+0000] {processor.py:179} INFO - Processing /home/airflow/.local/lib/python3.7/site-packages/airflow/example_dags/example_local_kubernetes_executor.py took 0.286 seconds
[2025-05-06T07:50:11.656+0000] {processor.py:157} INFO - Started process (PID=2293) to work on /home/airflow/.local/lib/python3.7/site-packages/airflow/example_dags/example_local_kubernetes_executor.py
[2025-05-06T07:50:11.657+0000] {processor.py:826} INFO - Processing file /home/airflow/.local/lib/python3.7/site-packages/airflow/example_dags/example_local_kubernetes_executor.py for tasks to queue
[2025-05-06T07:50:11.658+0000] {logging_mixin.py:149} INFO - [2025-05-06T07:50:11.658+0000] {dagbag.py:541} INFO - Filling up the DagBag from /home/airflow/.local/lib/python3.7/site-packages/airflow/example_dags/example_local_kubernetes_executor.py
[2025-05-06T07:50:11.894+0000] {processor.py:836} INFO - DAG(s) dict_keys(['example_local_kubernetes_executor']) retrieved from /home/airflow/.local/lib/python3.7/site-packages/airflow/example_dags/example_local_kubernetes_executor.py
[2025-05-06T07:50:11.932+0000] {logging_mixin.py:149} INFO - [2025-05-06T07:50:11.932+0000] {dag.py:2726} INFO - Sync 1 DAGs
[2025-05-06T07:50:11.954+0000] {logging_mixin.py:149} INFO - [2025-05-06T07:50:11.954+0000] {dag.py:3490} INFO - Setting next_dagrun for example_local_kubernetes_executor to None, run_after=None
[2025-05-06T07:50:11.979+0000] {processor.py:179} INFO - Processing /home/airflow/.local/lib/python3.7/site-packages/airflow/example_dags/example_local_kubernetes_executor.py took 0.325 seconds
[2025-05-06T07:50:42.297+0000] {processor.py:157} INFO - Started process (PID=2370) to work on /home/airflow/.local/lib/python3.7/site-packages/airflow/example_dags/example_local_kubernetes_executor.py
[2025-05-06T07:50:42.298+0000] {processor.py:826} INFO - Processing file /home/airflow/.local/lib/python3.7/site-packages/airflow/example_dags/example_local_kubernetes_executor.py for tasks to queue
[2025-05-06T07:50:42.298+0000] {logging_mixin.py:149} INFO - [2025-05-06T07:50:42.298+0000] {dagbag.py:541} INFO - Filling up the DagBag from /home/airflow/.local/lib/python3.7/site-packages/airflow/example_dags/example_local_kubernetes_executor.py
[2025-05-06T07:50:42.500+0000] {processor.py:836} INFO - DAG(s) dict_keys(['example_local_kubernetes_executor']) retrieved from /home/airflow/.local/lib/python3.7/site-packages/airflow/example_dags/example_local_kubernetes_executor.py
[2025-05-06T07:50:42.546+0000] {logging_mixin.py:149} INFO - [2025-05-06T07:50:42.546+0000] {dag.py:2726} INFO - Sync 1 DAGs
[2025-05-06T07:50:42.573+0000] {logging_mixin.py:149} INFO - [2025-05-06T07:50:42.573+0000] {dag.py:3490} INFO - Setting next_dagrun for example_local_kubernetes_executor to None, run_after=None
[2025-05-06T07:50:42.607+0000] {processor.py:179} INFO - Processing /home/airflow/.local/lib/python3.7/site-packages/airflow/example_dags/example_local_kubernetes_executor.py took 0.312 seconds
[2025-05-06T07:51:13.080+0000] {processor.py:157} INFO - Started process (PID=2446) to work on /home/airflow/.local/lib/python3.7/site-packages/airflow/example_dags/example_local_kubernetes_executor.py
[2025-05-06T07:51:13.081+0000] {processor.py:826} INFO - Processing file /home/airflow/.local/lib/python3.7/site-packages/airflow/example_dags/example_local_kubernetes_executor.py for tasks to queue
[2025-05-06T07:51:13.082+0000] {logging_mixin.py:149} INFO - [2025-05-06T07:51:13.082+0000] {dagbag.py:541} INFO - Filling up the DagBag from /home/airflow/.local/lib/python3.7/site-packages/airflow/example_dags/example_local_kubernetes_executor.py
[2025-05-06T07:51:13.229+0000] {processor.py:836} INFO - DAG(s) dict_keys(['example_local_kubernetes_executor']) retrieved from /home/airflow/.local/lib/python3.7/site-packages/airflow/example_dags/example_local_kubernetes_executor.py
[2025-05-06T07:51:13.261+0000] {logging_mixin.py:149} INFO - [2025-05-06T07:51:13.260+0000] {dag.py:2726} INFO - Sync 1 DAGs
[2025-05-06T07:51:13.284+0000] {logging_mixin.py:149} INFO - [2025-05-06T07:51:13.284+0000] {dag.py:3490} INFO - Setting next_dagrun for example_local_kubernetes_executor to None, run_after=None
[2025-05-06T07:51:13.302+0000] {processor.py:179} INFO - Processing /home/airflow/.local/lib/python3.7/site-packages/airflow/example_dags/example_local_kubernetes_executor.py took 0.224 seconds
[2025-05-06T07:51:43.624+0000] {processor.py:157} INFO - Started process (PID=2523) to work on /home/airflow/.local/lib/python3.7/site-packages/airflow/example_dags/example_local_kubernetes_executor.py
[2025-05-06T07:51:43.625+0000] {processor.py:826} INFO - Processing file /home/airflow/.local/lib/python3.7/site-packages/airflow/example_dags/example_local_kubernetes_executor.py for tasks to queue
[2025-05-06T07:51:43.626+0000] {logging_mixin.py:149} INFO - [2025-05-06T07:51:43.626+0000] {dagbag.py:541} INFO - Filling up the DagBag from /home/airflow/.local/lib/python3.7/site-packages/airflow/example_dags/example_local_kubernetes_executor.py
[2025-05-06T07:51:43.771+0000] {processor.py:836} INFO - DAG(s) dict_keys(['example_local_kubernetes_executor']) retrieved from /home/airflow/.local/lib/python3.7/site-packages/airflow/example_dags/example_local_kubernetes_executor.py
[2025-05-06T07:51:43.802+0000] {logging_mixin.py:149} INFO - [2025-05-06T07:51:43.802+0000] {dag.py:2726} INFO - Sync 1 DAGs
[2025-05-06T07:51:43.823+0000] {logging_mixin.py:149} INFO - [2025-05-06T07:51:43.823+0000] {dag.py:3490} INFO - Setting next_dagrun for example_local_kubernetes_executor to None, run_after=None
[2025-05-06T07:51:43.841+0000] {processor.py:179} INFO - Processing /home/airflow/.local/lib/python3.7/site-packages/airflow/example_dags/example_local_kubernetes_executor.py took 0.220 seconds
