[2025-05-06T07:35:17.841+0000] {processor.py:157} INFO - Started process (PID=58) to work on /home/airflow/.local/lib/python3.7/site-packages/airflow/example_dags/example_branch_operator_decorator.py
[2025-05-06T07:35:17.842+0000] {processor.py:826} INFO - Processing file /home/airflow/.local/lib/python3.7/site-packages/airflow/example_dags/example_branch_operator_decorator.py for tasks to queue
[2025-05-06T07:35:17.843+0000] {logging_mixin.py:149} INFO - [2025-05-06T07:35:17.843+0000] {dagbag.py:541} INFO - Filling up the DagBag from /home/airflow/.local/lib/python3.7/site-packages/airflow/example_dags/example_branch_operator_decorator.py
[2025-05-06T07:35:17.859+0000] {processor.py:836} INFO - DAG(s) dict_keys(['example_branch_python_operator_decorator']) retrieved from /home/airflow/.local/lib/python3.7/site-packages/airflow/example_dags/example_branch_operator_decorator.py
[2025-05-06T07:35:17.878+0000] {logging_mixin.py:149} INFO - [2025-05-06T07:35:17.878+0000] {dag.py:2726} INFO - Sync 1 DAGs
[2025-05-06T07:35:17.911+0000] {logging_mixin.py:149} INFO - [2025-05-06T07:35:17.911+0000] {dag.py:3490} INFO - Setting next_dagrun for example_branch_python_operator_decorator to 2025-05-05T00:00:00+00:00, run_after=2025-05-06T00:00:00+00:00
[2025-05-06T07:35:17.933+0000] {processor.py:179} INFO - Processing /home/airflow/.local/lib/python3.7/site-packages/airflow/example_dags/example_branch_operator_decorator.py took 0.097 seconds
[2025-05-06T07:35:47.994+0000] {processor.py:157} INFO - Started process (PID=122) to work on /home/airflow/.local/lib/python3.7/site-packages/airflow/example_dags/example_branch_operator_decorator.py
[2025-05-06T07:35:47.995+0000] {processor.py:826} INFO - Processing file /home/airflow/.local/lib/python3.7/site-packages/airflow/example_dags/example_branch_operator_decorator.py for tasks to queue
[2025-05-06T07:35:47.996+0000] {logging_mixin.py:149} INFO - [2025-05-06T07:35:47.996+0000] {dagbag.py:541} INFO - Filling up the DagBag from /home/airflow/.local/lib/python3.7/site-packages/airflow/example_dags/example_branch_operator_decorator.py
[2025-05-06T07:35:48.005+0000] {processor.py:836} INFO - DAG(s) dict_keys(['example_branch_python_operator_decorator']) retrieved from /home/airflow/.local/lib/python3.7/site-packages/airflow/example_dags/example_branch_operator_decorator.py
[2025-05-06T07:35:48.029+0000] {logging_mixin.py:149} INFO - [2025-05-06T07:35:48.029+0000] {dag.py:2726} INFO - Sync 1 DAGs
[2025-05-06T07:35:48.053+0000] {logging_mixin.py:149} INFO - [2025-05-06T07:35:48.053+0000] {dag.py:3490} INFO - Setting next_dagrun for example_branch_python_operator_decorator to 2025-05-05T00:00:00+00:00, run_after=2025-05-06T00:00:00+00:00
[2025-05-06T07:35:48.072+0000] {processor.py:179} INFO - Processing /home/airflow/.local/lib/python3.7/site-packages/airflow/example_dags/example_branch_operator_decorator.py took 0.081 seconds
[2025-05-06T07:36:18.610+0000] {processor.py:157} INFO - Started process (PID=207) to work on /home/airflow/.local/lib/python3.7/site-packages/airflow/example_dags/example_branch_operator_decorator.py
[2025-05-06T07:36:18.611+0000] {processor.py:826} INFO - Processing file /home/airflow/.local/lib/python3.7/site-packages/airflow/example_dags/example_branch_operator_decorator.py for tasks to queue
[2025-05-06T07:36:18.612+0000] {logging_mixin.py:149} INFO - [2025-05-06T07:36:18.612+0000] {dagbag.py:541} INFO - Filling up the DagBag from /home/airflow/.local/lib/python3.7/site-packages/airflow/example_dags/example_branch_operator_decorator.py
[2025-05-06T07:36:18.621+0000] {processor.py:836} INFO - DAG(s) dict_keys(['example_branch_python_operator_decorator']) retrieved from /home/airflow/.local/lib/python3.7/site-packages/airflow/example_dags/example_branch_operator_decorator.py
[2025-05-06T07:36:18.646+0000] {logging_mixin.py:149} INFO - [2025-05-06T07:36:18.646+0000] {dag.py:2726} INFO - Sync 1 DAGs
[2025-05-06T07:36:18.669+0000] {logging_mixin.py:149} INFO - [2025-05-06T07:36:18.669+0000] {dag.py:3490} INFO - Setting next_dagrun for example_branch_python_operator_decorator to 2025-05-05T00:00:00+00:00, run_after=2025-05-06T00:00:00+00:00
[2025-05-06T07:36:18.689+0000] {processor.py:179} INFO - Processing /home/airflow/.local/lib/python3.7/site-packages/airflow/example_dags/example_branch_operator_decorator.py took 0.082 seconds
[2025-05-06T07:36:49.478+0000] {processor.py:157} INFO - Started process (PID=284) to work on /home/airflow/.local/lib/python3.7/site-packages/airflow/example_dags/example_branch_operator_decorator.py
[2025-05-06T07:36:49.482+0000] {processor.py:826} INFO - Processing file /home/airflow/.local/lib/python3.7/site-packages/airflow/example_dags/example_branch_operator_decorator.py for tasks to queue
[2025-05-06T07:36:49.491+0000] {logging_mixin.py:149} INFO - [2025-05-06T07:36:49.485+0000] {dagbag.py:541} INFO - Filling up the DagBag from /home/airflow/.local/lib/python3.7/site-packages/airflow/example_dags/example_branch_operator_decorator.py
[2025-05-06T07:36:49.527+0000] {processor.py:836} INFO - DAG(s) dict_keys(['example_branch_python_operator_decorator']) retrieved from /home/airflow/.local/lib/python3.7/site-packages/airflow/example_dags/example_branch_operator_decorator.py
[2025-05-06T07:36:49.609+0000] {logging_mixin.py:149} INFO - [2025-05-06T07:36:49.609+0000] {dag.py:2726} INFO - Sync 1 DAGs
[2025-05-06T07:36:49.660+0000] {logging_mixin.py:149} INFO - [2025-05-06T07:36:49.660+0000] {dag.py:3490} INFO - Setting next_dagrun for example_branch_python_operator_decorator to 2025-05-05T00:00:00+00:00, run_after=2025-05-06T00:00:00+00:00
[2025-05-06T07:36:49.699+0000] {processor.py:179} INFO - Processing /home/airflow/.local/lib/python3.7/site-packages/airflow/example_dags/example_branch_operator_decorator.py took 0.236 seconds
[2025-05-06T07:37:19.874+0000] {processor.py:157} INFO - Started process (PID=361) to work on /home/airflow/.local/lib/python3.7/site-packages/airflow/example_dags/example_branch_operator_decorator.py
[2025-05-06T07:37:19.875+0000] {processor.py:826} INFO - Processing file /home/airflow/.local/lib/python3.7/site-packages/airflow/example_dags/example_branch_operator_decorator.py for tasks to queue
[2025-05-06T07:37:19.875+0000] {logging_mixin.py:149} INFO - [2025-05-06T07:37:19.875+0000] {dagbag.py:541} INFO - Filling up the DagBag from /home/airflow/.local/lib/python3.7/site-packages/airflow/example_dags/example_branch_operator_decorator.py
[2025-05-06T07:37:19.886+0000] {processor.py:836} INFO - DAG(s) dict_keys(['example_branch_python_operator_decorator']) retrieved from /home/airflow/.local/lib/python3.7/site-packages/airflow/example_dags/example_branch_operator_decorator.py
[2025-05-06T07:37:19.915+0000] {logging_mixin.py:149} INFO - [2025-05-06T07:37:19.915+0000] {dag.py:2726} INFO - Sync 1 DAGs
[2025-05-06T07:37:19.941+0000] {logging_mixin.py:149} INFO - [2025-05-06T07:37:19.940+0000] {dag.py:3490} INFO - Setting next_dagrun for example_branch_python_operator_decorator to 2025-05-05T00:00:00+00:00, run_after=2025-05-06T00:00:00+00:00
[2025-05-06T07:37:19.962+0000] {processor.py:179} INFO - Processing /home/airflow/.local/lib/python3.7/site-packages/airflow/example_dags/example_branch_operator_decorator.py took 0.092 seconds
[2025-05-06T07:37:50.846+0000] {processor.py:157} INFO - Started process (PID=438) to work on /home/airflow/.local/lib/python3.7/site-packages/airflow/example_dags/example_branch_operator_decorator.py
[2025-05-06T07:37:50.847+0000] {processor.py:826} INFO - Processing file /home/airflow/.local/lib/python3.7/site-packages/airflow/example_dags/example_branch_operator_decorator.py for tasks to queue
[2025-05-06T07:37:50.848+0000] {logging_mixin.py:149} INFO - [2025-05-06T07:37:50.848+0000] {dagbag.py:541} INFO - Filling up the DagBag from /home/airflow/.local/lib/python3.7/site-packages/airflow/example_dags/example_branch_operator_decorator.py
[2025-05-06T07:37:50.856+0000] {processor.py:836} INFO - DAG(s) dict_keys(['example_branch_python_operator_decorator']) retrieved from /home/airflow/.local/lib/python3.7/site-packages/airflow/example_dags/example_branch_operator_decorator.py
[2025-05-06T07:37:50.878+0000] {logging_mixin.py:149} INFO - [2025-05-06T07:37:50.878+0000] {dag.py:2726} INFO - Sync 1 DAGs
[2025-05-06T07:37:50.898+0000] {logging_mixin.py:149} INFO - [2025-05-06T07:37:50.898+0000] {dag.py:3490} INFO - Setting next_dagrun for example_branch_python_operator_decorator to 2025-05-05T00:00:00+00:00, run_after=2025-05-06T00:00:00+00:00
[2025-05-06T07:37:50.915+0000] {processor.py:179} INFO - Processing /home/airflow/.local/lib/python3.7/site-packages/airflow/example_dags/example_branch_operator_decorator.py took 0.071 seconds
[2025-05-06T07:38:21.702+0000] {processor.py:157} INFO - Started process (PID=515) to work on /home/airflow/.local/lib/python3.7/site-packages/airflow/example_dags/example_branch_operator_decorator.py
[2025-05-06T07:38:21.704+0000] {processor.py:826} INFO - Processing file /home/airflow/.local/lib/python3.7/site-packages/airflow/example_dags/example_branch_operator_decorator.py for tasks to queue
[2025-05-06T07:38:21.704+0000] {logging_mixin.py:149} INFO - [2025-05-06T07:38:21.704+0000] {dagbag.py:541} INFO - Filling up the DagBag from /home/airflow/.local/lib/python3.7/site-packages/airflow/example_dags/example_branch_operator_decorator.py
[2025-05-06T07:38:21.722+0000] {processor.py:836} INFO - DAG(s) dict_keys(['example_branch_python_operator_decorator']) retrieved from /home/airflow/.local/lib/python3.7/site-packages/airflow/example_dags/example_branch_operator_decorator.py
[2025-05-06T07:38:21.771+0000] {logging_mixin.py:149} INFO - [2025-05-06T07:38:21.771+0000] {dag.py:2726} INFO - Sync 1 DAGs
[2025-05-06T07:38:21.833+0000] {logging_mixin.py:149} INFO - [2025-05-06T07:38:21.832+0000] {dag.py:3490} INFO - Setting next_dagrun for example_branch_python_operator_decorator to 2025-05-05T00:00:00+00:00, run_after=2025-05-06T00:00:00+00:00
[2025-05-06T07:38:21.859+0000] {processor.py:179} INFO - Processing /home/airflow/.local/lib/python3.7/site-packages/airflow/example_dags/example_branch_operator_decorator.py took 0.161 seconds
[2025-05-06T07:38:52.278+0000] {processor.py:157} INFO - Started process (PID=592) to work on /home/airflow/.local/lib/python3.7/site-packages/airflow/example_dags/example_branch_operator_decorator.py
[2025-05-06T07:38:52.279+0000] {processor.py:826} INFO - Processing file /home/airflow/.local/lib/python3.7/site-packages/airflow/example_dags/example_branch_operator_decorator.py for tasks to queue
[2025-05-06T07:38:52.280+0000] {logging_mixin.py:149} INFO - [2025-05-06T07:38:52.279+0000] {dagbag.py:541} INFO - Filling up the DagBag from /home/airflow/.local/lib/python3.7/site-packages/airflow/example_dags/example_branch_operator_decorator.py
[2025-05-06T07:38:52.288+0000] {processor.py:836} INFO - DAG(s) dict_keys(['example_branch_python_operator_decorator']) retrieved from /home/airflow/.local/lib/python3.7/site-packages/airflow/example_dags/example_branch_operator_decorator.py
[2025-05-06T07:38:52.311+0000] {logging_mixin.py:149} INFO - [2025-05-06T07:38:52.311+0000] {dag.py:2726} INFO - Sync 1 DAGs
[2025-05-06T07:38:52.333+0000] {logging_mixin.py:149} INFO - [2025-05-06T07:38:52.333+0000] {dag.py:3490} INFO - Setting next_dagrun for example_branch_python_operator_decorator to 2025-05-05T00:00:00+00:00, run_after=2025-05-06T00:00:00+00:00
[2025-05-06T07:38:52.350+0000] {processor.py:179} INFO - Processing /home/airflow/.local/lib/python3.7/site-packages/airflow/example_dags/example_branch_operator_decorator.py took 0.075 seconds
[2025-05-06T07:39:22.409+0000] {processor.py:157} INFO - Started process (PID=669) to work on /home/airflow/.local/lib/python3.7/site-packages/airflow/example_dags/example_branch_operator_decorator.py
[2025-05-06T07:39:22.410+0000] {processor.py:826} INFO - Processing file /home/airflow/.local/lib/python3.7/site-packages/airflow/example_dags/example_branch_operator_decorator.py for tasks to queue
[2025-05-06T07:39:22.410+0000] {logging_mixin.py:149} INFO - [2025-05-06T07:39:22.410+0000] {dagbag.py:541} INFO - Filling up the DagBag from /home/airflow/.local/lib/python3.7/site-packages/airflow/example_dags/example_branch_operator_decorator.py
[2025-05-06T07:39:22.419+0000] {processor.py:836} INFO - DAG(s) dict_keys(['example_branch_python_operator_decorator']) retrieved from /home/airflow/.local/lib/python3.7/site-packages/airflow/example_dags/example_branch_operator_decorator.py
[2025-05-06T07:39:22.441+0000] {logging_mixin.py:149} INFO - [2025-05-06T07:39:22.441+0000] {dag.py:2726} INFO - Sync 1 DAGs
[2025-05-06T07:39:22.462+0000] {logging_mixin.py:149} INFO - [2025-05-06T07:39:22.462+0000] {dag.py:3490} INFO - Setting next_dagrun for example_branch_python_operator_decorator to 2025-05-05T00:00:00+00:00, run_after=2025-05-06T00:00:00+00:00
[2025-05-06T07:39:22.480+0000] {processor.py:179} INFO - Processing /home/airflow/.local/lib/python3.7/site-packages/airflow/example_dags/example_branch_operator_decorator.py took 0.074 seconds
[2025-05-06T07:39:53.074+0000] {processor.py:157} INFO - Started process (PID=746) to work on /home/airflow/.local/lib/python3.7/site-packages/airflow/example_dags/example_branch_operator_decorator.py
[2025-05-06T07:39:53.076+0000] {processor.py:826} INFO - Processing file /home/airflow/.local/lib/python3.7/site-packages/airflow/example_dags/example_branch_operator_decorator.py for tasks to queue
[2025-05-06T07:39:53.076+0000] {logging_mixin.py:149} INFO - [2025-05-06T07:39:53.076+0000] {dagbag.py:541} INFO - Filling up the DagBag from /home/airflow/.local/lib/python3.7/site-packages/airflow/example_dags/example_branch_operator_decorator.py
[2025-05-06T07:39:53.085+0000] {processor.py:836} INFO - DAG(s) dict_keys(['example_branch_python_operator_decorator']) retrieved from /home/airflow/.local/lib/python3.7/site-packages/airflow/example_dags/example_branch_operator_decorator.py
[2025-05-06T07:39:53.108+0000] {logging_mixin.py:149} INFO - [2025-05-06T07:39:53.108+0000] {dag.py:2726} INFO - Sync 1 DAGs
[2025-05-06T07:39:53.129+0000] {logging_mixin.py:149} INFO - [2025-05-06T07:39:53.128+0000] {dag.py:3490} INFO - Setting next_dagrun for example_branch_python_operator_decorator to 2025-05-05T00:00:00+00:00, run_after=2025-05-06T00:00:00+00:00
[2025-05-06T07:39:53.146+0000] {processor.py:179} INFO - Processing /home/airflow/.local/lib/python3.7/site-packages/airflow/example_dags/example_branch_operator_decorator.py took 0.074 seconds
[2025-05-06T07:40:23.629+0000] {processor.py:157} INFO - Started process (PID=823) to work on /home/airflow/.local/lib/python3.7/site-packages/airflow/example_dags/example_branch_operator_decorator.py
[2025-05-06T07:40:23.630+0000] {processor.py:826} INFO - Processing file /home/airflow/.local/lib/python3.7/site-packages/airflow/example_dags/example_branch_operator_decorator.py for tasks to queue
[2025-05-06T07:40:23.631+0000] {logging_mixin.py:149} INFO - [2025-05-06T07:40:23.631+0000] {dagbag.py:541} INFO - Filling up the DagBag from /home/airflow/.local/lib/python3.7/site-packages/airflow/example_dags/example_branch_operator_decorator.py
[2025-05-06T07:40:23.639+0000] {processor.py:836} INFO - DAG(s) dict_keys(['example_branch_python_operator_decorator']) retrieved from /home/airflow/.local/lib/python3.7/site-packages/airflow/example_dags/example_branch_operator_decorator.py
[2025-05-06T07:40:23.663+0000] {logging_mixin.py:149} INFO - [2025-05-06T07:40:23.662+0000] {dag.py:2726} INFO - Sync 1 DAGs
[2025-05-06T07:40:23.684+0000] {logging_mixin.py:149} INFO - [2025-05-06T07:40:23.684+0000] {dag.py:3490} INFO - Setting next_dagrun for example_branch_python_operator_decorator to 2025-05-05T00:00:00+00:00, run_after=2025-05-06T00:00:00+00:00
[2025-05-06T07:40:23.702+0000] {processor.py:179} INFO - Processing /home/airflow/.local/lib/python3.7/site-packages/airflow/example_dags/example_branch_operator_decorator.py took 0.075 seconds
[2025-05-06T07:40:54.078+0000] {processor.py:157} INFO - Started process (PID=900) to work on /home/airflow/.local/lib/python3.7/site-packages/airflow/example_dags/example_branch_operator_decorator.py
[2025-05-06T07:40:54.079+0000] {processor.py:826} INFO - Processing file /home/airflow/.local/lib/python3.7/site-packages/airflow/example_dags/example_branch_operator_decorator.py for tasks to queue
[2025-05-06T07:40:54.080+0000] {logging_mixin.py:149} INFO - [2025-05-06T07:40:54.080+0000] {dagbag.py:541} INFO - Filling up the DagBag from /home/airflow/.local/lib/python3.7/site-packages/airflow/example_dags/example_branch_operator_decorator.py
[2025-05-06T07:40:54.088+0000] {processor.py:836} INFO - DAG(s) dict_keys(['example_branch_python_operator_decorator']) retrieved from /home/airflow/.local/lib/python3.7/site-packages/airflow/example_dags/example_branch_operator_decorator.py
[2025-05-06T07:40:54.111+0000] {logging_mixin.py:149} INFO - [2025-05-06T07:40:54.111+0000] {dag.py:2726} INFO - Sync 1 DAGs
[2025-05-06T07:40:54.133+0000] {logging_mixin.py:149} INFO - [2025-05-06T07:40:54.132+0000] {dag.py:3490} INFO - Setting next_dagrun for example_branch_python_operator_decorator to 2025-05-05T00:00:00+00:00, run_after=2025-05-06T00:00:00+00:00
[2025-05-06T07:40:54.151+0000] {processor.py:179} INFO - Processing /home/airflow/.local/lib/python3.7/site-packages/airflow/example_dags/example_branch_operator_decorator.py took 0.076 seconds
[2025-05-06T07:41:24.506+0000] {processor.py:157} INFO - Started process (PID=977) to work on /home/airflow/.local/lib/python3.7/site-packages/airflow/example_dags/example_branch_operator_decorator.py
[2025-05-06T07:41:24.507+0000] {processor.py:826} INFO - Processing file /home/airflow/.local/lib/python3.7/site-packages/airflow/example_dags/example_branch_operator_decorator.py for tasks to queue
[2025-05-06T07:41:24.508+0000] {logging_mixin.py:149} INFO - [2025-05-06T07:41:24.508+0000] {dagbag.py:541} INFO - Filling up the DagBag from /home/airflow/.local/lib/python3.7/site-packages/airflow/example_dags/example_branch_operator_decorator.py
[2025-05-06T07:41:24.516+0000] {processor.py:836} INFO - DAG(s) dict_keys(['example_branch_python_operator_decorator']) retrieved from /home/airflow/.local/lib/python3.7/site-packages/airflow/example_dags/example_branch_operator_decorator.py
[2025-05-06T07:41:24.540+0000] {logging_mixin.py:149} INFO - [2025-05-06T07:41:24.540+0000] {dag.py:2726} INFO - Sync 1 DAGs
[2025-05-06T07:41:24.562+0000] {logging_mixin.py:149} INFO - [2025-05-06T07:41:24.562+0000] {dag.py:3490} INFO - Setting next_dagrun for example_branch_python_operator_decorator to 2025-05-05T00:00:00+00:00, run_after=2025-05-06T00:00:00+00:00
[2025-05-06T07:41:24.580+0000] {processor.py:179} INFO - Processing /home/airflow/.local/lib/python3.7/site-packages/airflow/example_dags/example_branch_operator_decorator.py took 0.077 seconds
[2025-05-06T07:41:55.163+0000] {processor.py:157} INFO - Started process (PID=1054) to work on /home/airflow/.local/lib/python3.7/site-packages/airflow/example_dags/example_branch_operator_decorator.py
[2025-05-06T07:41:55.165+0000] {processor.py:826} INFO - Processing file /home/airflow/.local/lib/python3.7/site-packages/airflow/example_dags/example_branch_operator_decorator.py for tasks to queue
[2025-05-06T07:41:55.165+0000] {logging_mixin.py:149} INFO - [2025-05-06T07:41:55.165+0000] {dagbag.py:541} INFO - Filling up the DagBag from /home/airflow/.local/lib/python3.7/site-packages/airflow/example_dags/example_branch_operator_decorator.py
[2025-05-06T07:41:55.173+0000] {processor.py:836} INFO - DAG(s) dict_keys(['example_branch_python_operator_decorator']) retrieved from /home/airflow/.local/lib/python3.7/site-packages/airflow/example_dags/example_branch_operator_decorator.py
[2025-05-06T07:41:55.197+0000] {logging_mixin.py:149} INFO - [2025-05-06T07:41:55.197+0000] {dag.py:2726} INFO - Sync 1 DAGs
[2025-05-06T07:41:55.217+0000] {logging_mixin.py:149} INFO - [2025-05-06T07:41:55.217+0000] {dag.py:3490} INFO - Setting next_dagrun for example_branch_python_operator_decorator to 2025-05-05T00:00:00+00:00, run_after=2025-05-06T00:00:00+00:00
[2025-05-06T07:41:55.233+0000] {processor.py:179} INFO - Processing /home/airflow/.local/lib/python3.7/site-packages/airflow/example_dags/example_branch_operator_decorator.py took 0.072 seconds
[2025-05-06T07:42:25.665+0000] {processor.py:157} INFO - Started process (PID=1131) to work on /home/airflow/.local/lib/python3.7/site-packages/airflow/example_dags/example_branch_operator_decorator.py
[2025-05-06T07:42:25.666+0000] {processor.py:826} INFO - Processing file /home/airflow/.local/lib/python3.7/site-packages/airflow/example_dags/example_branch_operator_decorator.py for tasks to queue
[2025-05-06T07:42:25.667+0000] {logging_mixin.py:149} INFO - [2025-05-06T07:42:25.667+0000] {dagbag.py:541} INFO - Filling up the DagBag from /home/airflow/.local/lib/python3.7/site-packages/airflow/example_dags/example_branch_operator_decorator.py
[2025-05-06T07:42:25.679+0000] {processor.py:836} INFO - DAG(s) dict_keys(['example_branch_python_operator_decorator']) retrieved from /home/airflow/.local/lib/python3.7/site-packages/airflow/example_dags/example_branch_operator_decorator.py
[2025-05-06T07:42:25.713+0000] {logging_mixin.py:149} INFO - [2025-05-06T07:42:25.713+0000] {dag.py:2726} INFO - Sync 1 DAGs
[2025-05-06T07:42:25.750+0000] {logging_mixin.py:149} INFO - [2025-05-06T07:42:25.750+0000] {dag.py:3490} INFO - Setting next_dagrun for example_branch_python_operator_decorator to 2025-05-05T00:00:00+00:00, run_after=2025-05-06T00:00:00+00:00
[2025-05-06T07:42:25.789+0000] {processor.py:179} INFO - Processing /home/airflow/.local/lib/python3.7/site-packages/airflow/example_dags/example_branch_operator_decorator.py took 0.128 seconds
[2025-05-06T07:42:56.080+0000] {processor.py:157} INFO - Started process (PID=1208) to work on /home/airflow/.local/lib/python3.7/site-packages/airflow/example_dags/example_branch_operator_decorator.py
[2025-05-06T07:42:56.081+0000] {processor.py:826} INFO - Processing file /home/airflow/.local/lib/python3.7/site-packages/airflow/example_dags/example_branch_operator_decorator.py for tasks to queue
[2025-05-06T07:42:56.081+0000] {logging_mixin.py:149} INFO - [2025-05-06T07:42:56.081+0000] {dagbag.py:541} INFO - Filling up the DagBag from /home/airflow/.local/lib/python3.7/site-packages/airflow/example_dags/example_branch_operator_decorator.py
[2025-05-06T07:42:56.089+0000] {processor.py:836} INFO - DAG(s) dict_keys(['example_branch_python_operator_decorator']) retrieved from /home/airflow/.local/lib/python3.7/site-packages/airflow/example_dags/example_branch_operator_decorator.py
[2025-05-06T07:42:56.113+0000] {logging_mixin.py:149} INFO - [2025-05-06T07:42:56.112+0000] {dag.py:2726} INFO - Sync 1 DAGs
[2025-05-06T07:42:56.135+0000] {logging_mixin.py:149} INFO - [2025-05-06T07:42:56.135+0000] {dag.py:3490} INFO - Setting next_dagrun for example_branch_python_operator_decorator to 2025-05-05T00:00:00+00:00, run_after=2025-05-06T00:00:00+00:00
[2025-05-06T07:42:56.152+0000] {processor.py:179} INFO - Processing /home/airflow/.local/lib/python3.7/site-packages/airflow/example_dags/example_branch_operator_decorator.py took 0.076 seconds
[2025-05-06T07:43:26.687+0000] {processor.py:157} INFO - Started process (PID=1285) to work on /home/airflow/.local/lib/python3.7/site-packages/airflow/example_dags/example_branch_operator_decorator.py
[2025-05-06T07:43:26.688+0000] {processor.py:826} INFO - Processing file /home/airflow/.local/lib/python3.7/site-packages/airflow/example_dags/example_branch_operator_decorator.py for tasks to queue
[2025-05-06T07:43:26.688+0000] {logging_mixin.py:149} INFO - [2025-05-06T07:43:26.688+0000] {dagbag.py:541} INFO - Filling up the DagBag from /home/airflow/.local/lib/python3.7/site-packages/airflow/example_dags/example_branch_operator_decorator.py
[2025-05-06T07:43:26.697+0000] {processor.py:836} INFO - DAG(s) dict_keys(['example_branch_python_operator_decorator']) retrieved from /home/airflow/.local/lib/python3.7/site-packages/airflow/example_dags/example_branch_operator_decorator.py
[2025-05-06T07:43:26.721+0000] {logging_mixin.py:149} INFO - [2025-05-06T07:43:26.721+0000] {dag.py:2726} INFO - Sync 1 DAGs
[2025-05-06T07:43:26.743+0000] {logging_mixin.py:149} INFO - [2025-05-06T07:43:26.743+0000] {dag.py:3490} INFO - Setting next_dagrun for example_branch_python_operator_decorator to 2025-05-05T00:00:00+00:00, run_after=2025-05-06T00:00:00+00:00
[2025-05-06T07:43:26.760+0000] {processor.py:179} INFO - Processing /home/airflow/.local/lib/python3.7/site-packages/airflow/example_dags/example_branch_operator_decorator.py took 0.076 seconds
[2025-05-06T07:43:57.313+0000] {processor.py:157} INFO - Started process (PID=1362) to work on /home/airflow/.local/lib/python3.7/site-packages/airflow/example_dags/example_branch_operator_decorator.py
[2025-05-06T07:43:57.314+0000] {processor.py:826} INFO - Processing file /home/airflow/.local/lib/python3.7/site-packages/airflow/example_dags/example_branch_operator_decorator.py for tasks to queue
[2025-05-06T07:43:57.315+0000] {logging_mixin.py:149} INFO - [2025-05-06T07:43:57.315+0000] {dagbag.py:541} INFO - Filling up the DagBag from /home/airflow/.local/lib/python3.7/site-packages/airflow/example_dags/example_branch_operator_decorator.py
[2025-05-06T07:43:57.324+0000] {processor.py:836} INFO - DAG(s) dict_keys(['example_branch_python_operator_decorator']) retrieved from /home/airflow/.local/lib/python3.7/site-packages/airflow/example_dags/example_branch_operator_decorator.py
[2025-05-06T07:43:57.349+0000] {logging_mixin.py:149} INFO - [2025-05-06T07:43:57.349+0000] {dag.py:2726} INFO - Sync 1 DAGs
[2025-05-06T07:43:57.377+0000] {logging_mixin.py:149} INFO - [2025-05-06T07:43:57.376+0000] {dag.py:3490} INFO - Setting next_dagrun for example_branch_python_operator_decorator to 2025-05-05T00:00:00+00:00, run_after=2025-05-06T00:00:00+00:00
[2025-05-06T07:43:57.398+0000] {processor.py:179} INFO - Processing /home/airflow/.local/lib/python3.7/site-packages/airflow/example_dags/example_branch_operator_decorator.py took 0.088 seconds
[2025-05-06T07:44:27.846+0000] {processor.py:157} INFO - Started process (PID=1439) to work on /home/airflow/.local/lib/python3.7/site-packages/airflow/example_dags/example_branch_operator_decorator.py
[2025-05-06T07:44:27.847+0000] {processor.py:826} INFO - Processing file /home/airflow/.local/lib/python3.7/site-packages/airflow/example_dags/example_branch_operator_decorator.py for tasks to queue
[2025-05-06T07:44:27.847+0000] {logging_mixin.py:149} INFO - [2025-05-06T07:44:27.847+0000] {dagbag.py:541} INFO - Filling up the DagBag from /home/airflow/.local/lib/python3.7/site-packages/airflow/example_dags/example_branch_operator_decorator.py
[2025-05-06T07:44:27.856+0000] {processor.py:836} INFO - DAG(s) dict_keys(['example_branch_python_operator_decorator']) retrieved from /home/airflow/.local/lib/python3.7/site-packages/airflow/example_dags/example_branch_operator_decorator.py
[2025-05-06T07:44:27.882+0000] {logging_mixin.py:149} INFO - [2025-05-06T07:44:27.882+0000] {dag.py:2726} INFO - Sync 1 DAGs
[2025-05-06T07:44:27.909+0000] {logging_mixin.py:149} INFO - [2025-05-06T07:44:27.909+0000] {dag.py:3490} INFO - Setting next_dagrun for example_branch_python_operator_decorator to 2025-05-05T00:00:00+00:00, run_after=2025-05-06T00:00:00+00:00
[2025-05-06T07:44:27.927+0000] {processor.py:179} INFO - Processing /home/airflow/.local/lib/python3.7/site-packages/airflow/example_dags/example_branch_operator_decorator.py took 0.084 seconds
[2025-05-06T07:44:58.211+0000] {processor.py:157} INFO - Started process (PID=1516) to work on /home/airflow/.local/lib/python3.7/site-packages/airflow/example_dags/example_branch_operator_decorator.py
[2025-05-06T07:44:58.212+0000] {processor.py:826} INFO - Processing file /home/airflow/.local/lib/python3.7/site-packages/airflow/example_dags/example_branch_operator_decorator.py for tasks to queue
[2025-05-06T07:44:58.212+0000] {logging_mixin.py:149} INFO - [2025-05-06T07:44:58.212+0000] {dagbag.py:541} INFO - Filling up the DagBag from /home/airflow/.local/lib/python3.7/site-packages/airflow/example_dags/example_branch_operator_decorator.py
[2025-05-06T07:44:58.221+0000] {processor.py:836} INFO - DAG(s) dict_keys(['example_branch_python_operator_decorator']) retrieved from /home/airflow/.local/lib/python3.7/site-packages/airflow/example_dags/example_branch_operator_decorator.py
[2025-05-06T07:44:58.244+0000] {logging_mixin.py:149} INFO - [2025-05-06T07:44:58.244+0000] {dag.py:2726} INFO - Sync 1 DAGs
[2025-05-06T07:44:58.265+0000] {logging_mixin.py:149} INFO - [2025-05-06T07:44:58.265+0000] {dag.py:3490} INFO - Setting next_dagrun for example_branch_python_operator_decorator to 2025-05-05T00:00:00+00:00, run_after=2025-05-06T00:00:00+00:00
[2025-05-06T07:44:58.283+0000] {processor.py:179} INFO - Processing /home/airflow/.local/lib/python3.7/site-packages/airflow/example_dags/example_branch_operator_decorator.py took 0.074 seconds
[2025-05-06T07:45:28.815+0000] {processor.py:157} INFO - Started process (PID=1593) to work on /home/airflow/.local/lib/python3.7/site-packages/airflow/example_dags/example_branch_operator_decorator.py
[2025-05-06T07:45:28.816+0000] {processor.py:826} INFO - Processing file /home/airflow/.local/lib/python3.7/site-packages/airflow/example_dags/example_branch_operator_decorator.py for tasks to queue
[2025-05-06T07:45:28.816+0000] {logging_mixin.py:149} INFO - [2025-05-06T07:45:28.816+0000] {dagbag.py:541} INFO - Filling up the DagBag from /home/airflow/.local/lib/python3.7/site-packages/airflow/example_dags/example_branch_operator_decorator.py
[2025-05-06T07:45:28.825+0000] {processor.py:836} INFO - DAG(s) dict_keys(['example_branch_python_operator_decorator']) retrieved from /home/airflow/.local/lib/python3.7/site-packages/airflow/example_dags/example_branch_operator_decorator.py
[2025-05-06T07:45:28.851+0000] {logging_mixin.py:149} INFO - [2025-05-06T07:45:28.850+0000] {dag.py:2726} INFO - Sync 1 DAGs
[2025-05-06T07:45:28.874+0000] {logging_mixin.py:149} INFO - [2025-05-06T07:45:28.874+0000] {dag.py:3490} INFO - Setting next_dagrun for example_branch_python_operator_decorator to 2025-05-05T00:00:00+00:00, run_after=2025-05-06T00:00:00+00:00
[2025-05-06T07:45:28.893+0000] {processor.py:179} INFO - Processing /home/airflow/.local/lib/python3.7/site-packages/airflow/example_dags/example_branch_operator_decorator.py took 0.081 seconds
[2025-05-06T07:45:59.371+0000] {processor.py:157} INFO - Started process (PID=1671) to work on /home/airflow/.local/lib/python3.7/site-packages/airflow/example_dags/example_branch_operator_decorator.py
[2025-05-06T07:45:59.372+0000] {processor.py:826} INFO - Processing file /home/airflow/.local/lib/python3.7/site-packages/airflow/example_dags/example_branch_operator_decorator.py for tasks to queue
[2025-05-06T07:45:59.372+0000] {logging_mixin.py:149} INFO - [2025-05-06T07:45:59.372+0000] {dagbag.py:541} INFO - Filling up the DagBag from /home/airflow/.local/lib/python3.7/site-packages/airflow/example_dags/example_branch_operator_decorator.py
[2025-05-06T07:45:59.383+0000] {processor.py:836} INFO - DAG(s) dict_keys(['example_branch_python_operator_decorator']) retrieved from /home/airflow/.local/lib/python3.7/site-packages/airflow/example_dags/example_branch_operator_decorator.py
[2025-05-06T07:45:59.407+0000] {logging_mixin.py:149} INFO - [2025-05-06T07:45:59.407+0000] {dag.py:2726} INFO - Sync 1 DAGs
[2025-05-06T07:45:59.430+0000] {logging_mixin.py:149} INFO - [2025-05-06T07:45:59.430+0000] {dag.py:3490} INFO - Setting next_dagrun for example_branch_python_operator_decorator to 2025-05-05T00:00:00+00:00, run_after=2025-05-06T00:00:00+00:00
[2025-05-06T07:45:59.450+0000] {processor.py:179} INFO - Processing /home/airflow/.local/lib/python3.7/site-packages/airflow/example_dags/example_branch_operator_decorator.py took 0.082 seconds
[2025-05-06T07:46:30.018+0000] {processor.py:157} INFO - Started process (PID=1748) to work on /home/airflow/.local/lib/python3.7/site-packages/airflow/example_dags/example_branch_operator_decorator.py
[2025-05-06T07:46:30.019+0000] {processor.py:826} INFO - Processing file /home/airflow/.local/lib/python3.7/site-packages/airflow/example_dags/example_branch_operator_decorator.py for tasks to queue
[2025-05-06T07:46:30.020+0000] {logging_mixin.py:149} INFO - [2025-05-06T07:46:30.020+0000] {dagbag.py:541} INFO - Filling up the DagBag from /home/airflow/.local/lib/python3.7/site-packages/airflow/example_dags/example_branch_operator_decorator.py
[2025-05-06T07:46:30.029+0000] {processor.py:836} INFO - DAG(s) dict_keys(['example_branch_python_operator_decorator']) retrieved from /home/airflow/.local/lib/python3.7/site-packages/airflow/example_dags/example_branch_operator_decorator.py
[2025-05-06T07:46:30.054+0000] {logging_mixin.py:149} INFO - [2025-05-06T07:46:30.054+0000] {dag.py:2726} INFO - Sync 1 DAGs
[2025-05-06T07:46:30.076+0000] {logging_mixin.py:149} INFO - [2025-05-06T07:46:30.076+0000] {dag.py:3490} INFO - Setting next_dagrun for example_branch_python_operator_decorator to 2025-05-05T00:00:00+00:00, run_after=2025-05-06T00:00:00+00:00
[2025-05-06T07:46:30.093+0000] {processor.py:179} INFO - Processing /home/airflow/.local/lib/python3.7/site-packages/airflow/example_dags/example_branch_operator_decorator.py took 0.077 seconds
[2025-05-06T07:47:00.749+0000] {processor.py:157} INFO - Started process (PID=1825) to work on /home/airflow/.local/lib/python3.7/site-packages/airflow/example_dags/example_branch_operator_decorator.py
[2025-05-06T07:47:00.750+0000] {processor.py:826} INFO - Processing file /home/airflow/.local/lib/python3.7/site-packages/airflow/example_dags/example_branch_operator_decorator.py for tasks to queue
[2025-05-06T07:47:00.751+0000] {logging_mixin.py:149} INFO - [2025-05-06T07:47:00.751+0000] {dagbag.py:541} INFO - Filling up the DagBag from /home/airflow/.local/lib/python3.7/site-packages/airflow/example_dags/example_branch_operator_decorator.py
[2025-05-06T07:47:00.760+0000] {processor.py:836} INFO - DAG(s) dict_keys(['example_branch_python_operator_decorator']) retrieved from /home/airflow/.local/lib/python3.7/site-packages/airflow/example_dags/example_branch_operator_decorator.py
[2025-05-06T07:47:00.783+0000] {logging_mixin.py:149} INFO - [2025-05-06T07:47:00.783+0000] {dag.py:2726} INFO - Sync 1 DAGs
[2025-05-06T07:47:00.807+0000] {logging_mixin.py:149} INFO - [2025-05-06T07:47:00.807+0000] {dag.py:3490} INFO - Setting next_dagrun for example_branch_python_operator_decorator to 2025-05-05T00:00:00+00:00, run_after=2025-05-06T00:00:00+00:00
[2025-05-06T07:47:00.826+0000] {processor.py:179} INFO - Processing /home/airflow/.local/lib/python3.7/site-packages/airflow/example_dags/example_branch_operator_decorator.py took 0.080 seconds
[2025-05-06T07:47:30.894+0000] {processor.py:157} INFO - Started process (PID=1902) to work on /home/airflow/.local/lib/python3.7/site-packages/airflow/example_dags/example_branch_operator_decorator.py
[2025-05-06T07:47:30.895+0000] {processor.py:826} INFO - Processing file /home/airflow/.local/lib/python3.7/site-packages/airflow/example_dags/example_branch_operator_decorator.py for tasks to queue
[2025-05-06T07:47:30.895+0000] {logging_mixin.py:149} INFO - [2025-05-06T07:47:30.895+0000] {dagbag.py:541} INFO - Filling up the DagBag from /home/airflow/.local/lib/python3.7/site-packages/airflow/example_dags/example_branch_operator_decorator.py
[2025-05-06T07:47:30.904+0000] {processor.py:836} INFO - DAG(s) dict_keys(['example_branch_python_operator_decorator']) retrieved from /home/airflow/.local/lib/python3.7/site-packages/airflow/example_dags/example_branch_operator_decorator.py
[2025-05-06T07:47:30.928+0000] {logging_mixin.py:149} INFO - [2025-05-06T07:47:30.928+0000] {dag.py:2726} INFO - Sync 1 DAGs
[2025-05-06T07:47:30.953+0000] {logging_mixin.py:149} INFO - [2025-05-06T07:47:30.953+0000] {dag.py:3490} INFO - Setting next_dagrun for example_branch_python_operator_decorator to 2025-05-05T00:00:00+00:00, run_after=2025-05-06T00:00:00+00:00
[2025-05-06T07:47:30.970+0000] {processor.py:179} INFO - Processing /home/airflow/.local/lib/python3.7/site-packages/airflow/example_dags/example_branch_operator_decorator.py took 0.078 seconds
[2025-05-06T07:48:01.551+0000] {processor.py:157} INFO - Started process (PID=1979) to work on /home/airflow/.local/lib/python3.7/site-packages/airflow/example_dags/example_branch_operator_decorator.py
[2025-05-06T07:48:01.552+0000] {processor.py:826} INFO - Processing file /home/airflow/.local/lib/python3.7/site-packages/airflow/example_dags/example_branch_operator_decorator.py for tasks to queue
[2025-05-06T07:48:01.553+0000] {logging_mixin.py:149} INFO - [2025-05-06T07:48:01.553+0000] {dagbag.py:541} INFO - Filling up the DagBag from /home/airflow/.local/lib/python3.7/site-packages/airflow/example_dags/example_branch_operator_decorator.py
[2025-05-06T07:48:01.561+0000] {processor.py:836} INFO - DAG(s) dict_keys(['example_branch_python_operator_decorator']) retrieved from /home/airflow/.local/lib/python3.7/site-packages/airflow/example_dags/example_branch_operator_decorator.py
[2025-05-06T07:48:01.585+0000] {logging_mixin.py:149} INFO - [2025-05-06T07:48:01.585+0000] {dag.py:2726} INFO - Sync 1 DAGs
[2025-05-06T07:48:01.605+0000] {logging_mixin.py:149} INFO - [2025-05-06T07:48:01.605+0000] {dag.py:3490} INFO - Setting next_dagrun for example_branch_python_operator_decorator to 2025-05-05T00:00:00+00:00, run_after=2025-05-06T00:00:00+00:00
[2025-05-06T07:48:01.623+0000] {processor.py:179} INFO - Processing /home/airflow/.local/lib/python3.7/site-packages/airflow/example_dags/example_branch_operator_decorator.py took 0.074 seconds
[2025-05-06T07:48:32.261+0000] {processor.py:157} INFO - Started process (PID=2056) to work on /home/airflow/.local/lib/python3.7/site-packages/airflow/example_dags/example_branch_operator_decorator.py
[2025-05-06T07:48:32.262+0000] {processor.py:826} INFO - Processing file /home/airflow/.local/lib/python3.7/site-packages/airflow/example_dags/example_branch_operator_decorator.py for tasks to queue
[2025-05-06T07:48:32.263+0000] {logging_mixin.py:149} INFO - [2025-05-06T07:48:32.263+0000] {dagbag.py:541} INFO - Filling up the DagBag from /home/airflow/.local/lib/python3.7/site-packages/airflow/example_dags/example_branch_operator_decorator.py
[2025-05-06T07:48:32.271+0000] {processor.py:836} INFO - DAG(s) dict_keys(['example_branch_python_operator_decorator']) retrieved from /home/airflow/.local/lib/python3.7/site-packages/airflow/example_dags/example_branch_operator_decorator.py
[2025-05-06T07:48:32.295+0000] {logging_mixin.py:149} INFO - [2025-05-06T07:48:32.295+0000] {dag.py:2726} INFO - Sync 1 DAGs
[2025-05-06T07:48:32.316+0000] {logging_mixin.py:149} INFO - [2025-05-06T07:48:32.316+0000] {dag.py:3490} INFO - Setting next_dagrun for example_branch_python_operator_decorator to 2025-05-05T00:00:00+00:00, run_after=2025-05-06T00:00:00+00:00
[2025-05-06T07:48:32.334+0000] {processor.py:179} INFO - Processing /home/airflow/.local/lib/python3.7/site-packages/airflow/example_dags/example_branch_operator_decorator.py took 0.076 seconds
[2025-05-06T07:49:02.480+0000] {processor.py:157} INFO - Started process (PID=2133) to work on /home/airflow/.local/lib/python3.7/site-packages/airflow/example_dags/example_branch_operator_decorator.py
[2025-05-06T07:49:02.481+0000] {processor.py:826} INFO - Processing file /home/airflow/.local/lib/python3.7/site-packages/airflow/example_dags/example_branch_operator_decorator.py for tasks to queue
[2025-05-06T07:49:02.482+0000] {logging_mixin.py:149} INFO - [2025-05-06T07:49:02.482+0000] {dagbag.py:541} INFO - Filling up the DagBag from /home/airflow/.local/lib/python3.7/site-packages/airflow/example_dags/example_branch_operator_decorator.py
[2025-05-06T07:49:02.491+0000] {processor.py:836} INFO - DAG(s) dict_keys(['example_branch_python_operator_decorator']) retrieved from /home/airflow/.local/lib/python3.7/site-packages/airflow/example_dags/example_branch_operator_decorator.py
[2025-05-06T07:49:02.517+0000] {logging_mixin.py:149} INFO - [2025-05-06T07:49:02.517+0000] {dag.py:2726} INFO - Sync 1 DAGs
[2025-05-06T07:49:02.553+0000] {logging_mixin.py:149} INFO - [2025-05-06T07:49:02.553+0000] {dag.py:3490} INFO - Setting next_dagrun for example_branch_python_operator_decorator to 2025-05-05T00:00:00+00:00, run_after=2025-05-06T00:00:00+00:00
[2025-05-06T07:49:02.578+0000] {processor.py:179} INFO - Processing /home/airflow/.local/lib/python3.7/site-packages/airflow/example_dags/example_branch_operator_decorator.py took 0.101 seconds
[2025-05-06T07:49:32.697+0000] {processor.py:157} INFO - Started process (PID=2210) to work on /home/airflow/.local/lib/python3.7/site-packages/airflow/example_dags/example_branch_operator_decorator.py
[2025-05-06T07:49:32.698+0000] {processor.py:826} INFO - Processing file /home/airflow/.local/lib/python3.7/site-packages/airflow/example_dags/example_branch_operator_decorator.py for tasks to queue
[2025-05-06T07:49:32.699+0000] {logging_mixin.py:149} INFO - [2025-05-06T07:49:32.699+0000] {dagbag.py:541} INFO - Filling up the DagBag from /home/airflow/.local/lib/python3.7/site-packages/airflow/example_dags/example_branch_operator_decorator.py
[2025-05-06T07:49:32.710+0000] {processor.py:836} INFO - DAG(s) dict_keys(['example_branch_python_operator_decorator']) retrieved from /home/airflow/.local/lib/python3.7/site-packages/airflow/example_dags/example_branch_operator_decorator.py
[2025-05-06T07:49:32.738+0000] {logging_mixin.py:149} INFO - [2025-05-06T07:49:32.738+0000] {dag.py:2726} INFO - Sync 1 DAGs
[2025-05-06T07:49:32.759+0000] {logging_mixin.py:149} INFO - [2025-05-06T07:49:32.759+0000] {dag.py:3490} INFO - Setting next_dagrun for example_branch_python_operator_decorator to 2025-05-05T00:00:00+00:00, run_after=2025-05-06T00:00:00+00:00
[2025-05-06T07:49:32.775+0000] {processor.py:179} INFO - Processing /home/airflow/.local/lib/python3.7/site-packages/airflow/example_dags/example_branch_operator_decorator.py took 0.082 seconds
[2025-05-06T07:50:03.412+0000] {processor.py:157} INFO - Started process (PID=2287) to work on /home/airflow/.local/lib/python3.7/site-packages/airflow/example_dags/example_branch_operator_decorator.py
[2025-05-06T07:50:03.413+0000] {processor.py:826} INFO - Processing file /home/airflow/.local/lib/python3.7/site-packages/airflow/example_dags/example_branch_operator_decorator.py for tasks to queue
[2025-05-06T07:50:03.413+0000] {logging_mixin.py:149} INFO - [2025-05-06T07:50:03.413+0000] {dagbag.py:541} INFO - Filling up the DagBag from /home/airflow/.local/lib/python3.7/site-packages/airflow/example_dags/example_branch_operator_decorator.py
[2025-05-06T07:50:03.422+0000] {processor.py:836} INFO - DAG(s) dict_keys(['example_branch_python_operator_decorator']) retrieved from /home/airflow/.local/lib/python3.7/site-packages/airflow/example_dags/example_branch_operator_decorator.py
[2025-05-06T07:50:03.446+0000] {logging_mixin.py:149} INFO - [2025-05-06T07:50:03.445+0000] {dag.py:2726} INFO - Sync 1 DAGs
[2025-05-06T07:50:03.467+0000] {logging_mixin.py:149} INFO - [2025-05-06T07:50:03.467+0000] {dag.py:3490} INFO - Setting next_dagrun for example_branch_python_operator_decorator to 2025-05-05T00:00:00+00:00, run_after=2025-05-06T00:00:00+00:00
[2025-05-06T07:50:03.484+0000] {processor.py:179} INFO - Processing /home/airflow/.local/lib/python3.7/site-packages/airflow/example_dags/example_branch_operator_decorator.py took 0.075 seconds
[2025-05-06T07:50:34.082+0000] {processor.py:157} INFO - Started process (PID=2364) to work on /home/airflow/.local/lib/python3.7/site-packages/airflow/example_dags/example_branch_operator_decorator.py
[2025-05-06T07:50:34.083+0000] {processor.py:826} INFO - Processing file /home/airflow/.local/lib/python3.7/site-packages/airflow/example_dags/example_branch_operator_decorator.py for tasks to queue
[2025-05-06T07:50:34.084+0000] {logging_mixin.py:149} INFO - [2025-05-06T07:50:34.084+0000] {dagbag.py:541} INFO - Filling up the DagBag from /home/airflow/.local/lib/python3.7/site-packages/airflow/example_dags/example_branch_operator_decorator.py
[2025-05-06T07:50:34.093+0000] {processor.py:836} INFO - DAG(s) dict_keys(['example_branch_python_operator_decorator']) retrieved from /home/airflow/.local/lib/python3.7/site-packages/airflow/example_dags/example_branch_operator_decorator.py
[2025-05-06T07:50:34.117+0000] {logging_mixin.py:149} INFO - [2025-05-06T07:50:34.117+0000] {dag.py:2726} INFO - Sync 1 DAGs
[2025-05-06T07:50:34.139+0000] {logging_mixin.py:149} INFO - [2025-05-06T07:50:34.139+0000] {dag.py:3490} INFO - Setting next_dagrun for example_branch_python_operator_decorator to 2025-05-05T00:00:00+00:00, run_after=2025-05-06T00:00:00+00:00
[2025-05-06T07:50:34.158+0000] {processor.py:179} INFO - Processing /home/airflow/.local/lib/python3.7/site-packages/airflow/example_dags/example_branch_operator_decorator.py took 0.079 seconds
[2025-05-06T07:51:04.753+0000] {processor.py:157} INFO - Started process (PID=2441) to work on /home/airflow/.local/lib/python3.7/site-packages/airflow/example_dags/example_branch_operator_decorator.py
[2025-05-06T07:51:04.754+0000] {processor.py:826} INFO - Processing file /home/airflow/.local/lib/python3.7/site-packages/airflow/example_dags/example_branch_operator_decorator.py for tasks to queue
[2025-05-06T07:51:04.755+0000] {logging_mixin.py:149} INFO - [2025-05-06T07:51:04.755+0000] {dagbag.py:541} INFO - Filling up the DagBag from /home/airflow/.local/lib/python3.7/site-packages/airflow/example_dags/example_branch_operator_decorator.py
[2025-05-06T07:51:04.766+0000] {processor.py:836} INFO - DAG(s) dict_keys(['example_branch_python_operator_decorator']) retrieved from /home/airflow/.local/lib/python3.7/site-packages/airflow/example_dags/example_branch_operator_decorator.py
[2025-05-06T07:51:04.800+0000] {logging_mixin.py:149} INFO - [2025-05-06T07:51:04.800+0000] {dag.py:2726} INFO - Sync 1 DAGs
[2025-05-06T07:51:04.825+0000] {logging_mixin.py:149} INFO - [2025-05-06T07:51:04.825+0000] {dag.py:3490} INFO - Setting next_dagrun for example_branch_python_operator_decorator to 2025-05-05T00:00:00+00:00, run_after=2025-05-06T00:00:00+00:00
[2025-05-06T07:51:04.845+0000] {processor.py:179} INFO - Processing /home/airflow/.local/lib/python3.7/site-packages/airflow/example_dags/example_branch_operator_decorator.py took 0.096 seconds
[2025-05-06T07:51:35.391+0000] {processor.py:157} INFO - Started process (PID=2518) to work on /home/airflow/.local/lib/python3.7/site-packages/airflow/example_dags/example_branch_operator_decorator.py
[2025-05-06T07:51:35.392+0000] {processor.py:826} INFO - Processing file /home/airflow/.local/lib/python3.7/site-packages/airflow/example_dags/example_branch_operator_decorator.py for tasks to queue
[2025-05-06T07:51:35.393+0000] {logging_mixin.py:149} INFO - [2025-05-06T07:51:35.393+0000] {dagbag.py:541} INFO - Filling up the DagBag from /home/airflow/.local/lib/python3.7/site-packages/airflow/example_dags/example_branch_operator_decorator.py
[2025-05-06T07:51:35.402+0000] {processor.py:836} INFO - DAG(s) dict_keys(['example_branch_python_operator_decorator']) retrieved from /home/airflow/.local/lib/python3.7/site-packages/airflow/example_dags/example_branch_operator_decorator.py
[2025-05-06T07:51:35.427+0000] {logging_mixin.py:149} INFO - [2025-05-06T07:51:35.427+0000] {dag.py:2726} INFO - Sync 1 DAGs
[2025-05-06T07:51:35.451+0000] {logging_mixin.py:149} INFO - [2025-05-06T07:51:35.451+0000] {dag.py:3490} INFO - Setting next_dagrun for example_branch_python_operator_decorator to 2025-05-05T00:00:00+00:00, run_after=2025-05-06T00:00:00+00:00
[2025-05-06T07:51:35.470+0000] {processor.py:179} INFO - Processing /home/airflow/.local/lib/python3.7/site-packages/airflow/example_dags/example_branch_operator_decorator.py took 0.081 seconds
