[2025-05-06T07:35:20.649+0000] {processor.py:157} INFO - Started process (PID=90) to work on /home/airflow/.local/lib/python3.7/site-packages/airflow/example_dags/example_sensors.py
[2025-05-06T07:35:20.650+0000] {processor.py:826} INFO - Processing file /home/airflow/.local/lib/python3.7/site-packages/airflow/example_dags/example_sensors.py for tasks to queue
[2025-05-06T07:35:20.651+0000] {logging_mixin.py:149} INFO - [2025-05-06T07:35:20.651+0000] {dagbag.py:541} INFO - Filling up the DagBag from /home/airflow/.local/lib/python3.7/site-packages/airflow/example_dags/example_sensors.py
[2025-05-06T07:35:20.663+0000] {processor.py:836} INFO - DAG(s) dict_keys(['example_sensors']) retrieved from /home/airflow/.local/lib/python3.7/site-packages/airflow/example_dags/example_sensors.py
[2025-05-06T07:35:20.684+0000] {logging_mixin.py:149} INFO - [2025-05-06T07:35:20.683+0000] {dag.py:2726} INFO - Sync 1 DAGs
[2025-05-06T07:35:20.731+0000] {logging_mixin.py:149} INFO - [2025-05-06T07:35:20.731+0000] {dag.py:3490} INFO - Setting next_dagrun for example_sensors to None, run_after=None
[2025-05-06T07:35:20.773+0000] {processor.py:179} INFO - Processing /home/airflow/.local/lib/python3.7/site-packages/airflow/example_dags/example_sensors.py took 0.127 seconds
[2025-05-06T07:35:50.919+0000] {processor.py:157} INFO - Started process (PID=168) to work on /home/airflow/.local/lib/python3.7/site-packages/airflow/example_dags/example_sensors.py
[2025-05-06T07:35:50.921+0000] {processor.py:826} INFO - Processing file /home/airflow/.local/lib/python3.7/site-packages/airflow/example_dags/example_sensors.py for tasks to queue
[2025-05-06T07:35:50.921+0000] {logging_mixin.py:149} INFO - [2025-05-06T07:35:50.921+0000] {dagbag.py:541} INFO - Filling up the DagBag from /home/airflow/.local/lib/python3.7/site-packages/airflow/example_dags/example_sensors.py
[2025-05-06T07:35:50.931+0000] {processor.py:836} INFO - DAG(s) dict_keys(['example_sensors']) retrieved from /home/airflow/.local/lib/python3.7/site-packages/airflow/example_dags/example_sensors.py
[2025-05-06T07:35:50.961+0000] {logging_mixin.py:149} INFO - [2025-05-06T07:35:50.961+0000] {dag.py:2726} INFO - Sync 1 DAGs
[2025-05-06T07:35:50.985+0000] {logging_mixin.py:149} INFO - [2025-05-06T07:35:50.985+0000] {dag.py:3490} INFO - Setting next_dagrun for example_sensors to None, run_after=None
[2025-05-06T07:35:51.004+0000] {processor.py:179} INFO - Processing /home/airflow/.local/lib/python3.7/site-packages/airflow/example_dags/example_sensors.py took 0.089 seconds
[2025-05-06T07:36:22.851+0000] {processor.py:157} INFO - Started process (PID=245) to work on /home/airflow/.local/lib/python3.7/site-packages/airflow/example_dags/example_sensors.py
[2025-05-06T07:36:22.854+0000] {processor.py:826} INFO - Processing file /home/airflow/.local/lib/python3.7/site-packages/airflow/example_dags/example_sensors.py for tasks to queue
[2025-05-06T07:36:22.856+0000] {logging_mixin.py:149} INFO - [2025-05-06T07:36:22.855+0000] {dagbag.py:541} INFO - Filling up the DagBag from /home/airflow/.local/lib/python3.7/site-packages/airflow/example_dags/example_sensors.py
[2025-05-06T07:36:22.882+0000] {processor.py:836} INFO - DAG(s) dict_keys(['example_sensors']) retrieved from /home/airflow/.local/lib/python3.7/site-packages/airflow/example_dags/example_sensors.py
[2025-05-06T07:36:22.950+0000] {logging_mixin.py:149} INFO - [2025-05-06T07:36:22.949+0000] {dag.py:2726} INFO - Sync 1 DAGs
[2025-05-06T07:36:23.015+0000] {logging_mixin.py:149} INFO - [2025-05-06T07:36:23.014+0000] {dag.py:3490} INFO - Setting next_dagrun for example_sensors to None, run_after=None
[2025-05-06T07:36:23.062+0000] {processor.py:179} INFO - Processing /home/airflow/.local/lib/python3.7/site-packages/airflow/example_dags/example_sensors.py took 0.219 seconds
[2025-05-06T07:36:54.095+0000] {processor.py:157} INFO - Started process (PID=322) to work on /home/airflow/.local/lib/python3.7/site-packages/airflow/example_dags/example_sensors.py
[2025-05-06T07:36:54.097+0000] {processor.py:826} INFO - Processing file /home/airflow/.local/lib/python3.7/site-packages/airflow/example_dags/example_sensors.py for tasks to queue
[2025-05-06T07:36:54.098+0000] {logging_mixin.py:149} INFO - [2025-05-06T07:36:54.098+0000] {dagbag.py:541} INFO - Filling up the DagBag from /home/airflow/.local/lib/python3.7/site-packages/airflow/example_dags/example_sensors.py
[2025-05-06T07:36:54.136+0000] {processor.py:836} INFO - DAG(s) dict_keys(['example_sensors']) retrieved from /home/airflow/.local/lib/python3.7/site-packages/airflow/example_dags/example_sensors.py
[2025-05-06T07:36:54.197+0000] {logging_mixin.py:149} INFO - [2025-05-06T07:36:54.196+0000] {dag.py:2726} INFO - Sync 1 DAGs
[2025-05-06T07:36:54.268+0000] {logging_mixin.py:149} INFO - [2025-05-06T07:36:54.267+0000] {dag.py:3490} INFO - Setting next_dagrun for example_sensors to None, run_after=None
[2025-05-06T07:36:54.315+0000] {processor.py:179} INFO - Processing /home/airflow/.local/lib/python3.7/site-packages/airflow/example_dags/example_sensors.py took 0.227 seconds
[2025-05-06T07:37:24.484+0000] {processor.py:157} INFO - Started process (PID=399) to work on /home/airflow/.local/lib/python3.7/site-packages/airflow/example_dags/example_sensors.py
[2025-05-06T07:37:24.486+0000] {processor.py:826} INFO - Processing file /home/airflow/.local/lib/python3.7/site-packages/airflow/example_dags/example_sensors.py for tasks to queue
[2025-05-06T07:37:24.487+0000] {logging_mixin.py:149} INFO - [2025-05-06T07:37:24.487+0000] {dagbag.py:541} INFO - Filling up the DagBag from /home/airflow/.local/lib/python3.7/site-packages/airflow/example_dags/example_sensors.py
[2025-05-06T07:37:24.498+0000] {processor.py:836} INFO - DAG(s) dict_keys(['example_sensors']) retrieved from /home/airflow/.local/lib/python3.7/site-packages/airflow/example_dags/example_sensors.py
[2025-05-06T07:37:24.531+0000] {logging_mixin.py:149} INFO - [2025-05-06T07:37:24.531+0000] {dag.py:2726} INFO - Sync 1 DAGs
[2025-05-06T07:37:24.557+0000] {logging_mixin.py:149} INFO - [2025-05-06T07:37:24.557+0000] {dag.py:3490} INFO - Setting next_dagrun for example_sensors to None, run_after=None
[2025-05-06T07:37:24.581+0000] {processor.py:179} INFO - Processing /home/airflow/.local/lib/python3.7/site-packages/airflow/example_dags/example_sensors.py took 0.100 seconds
[2025-05-06T07:37:54.646+0000] {processor.py:157} INFO - Started process (PID=476) to work on /home/airflow/.local/lib/python3.7/site-packages/airflow/example_dags/example_sensors.py
[2025-05-06T07:37:54.647+0000] {processor.py:826} INFO - Processing file /home/airflow/.local/lib/python3.7/site-packages/airflow/example_dags/example_sensors.py for tasks to queue
[2025-05-06T07:37:54.647+0000] {logging_mixin.py:149} INFO - [2025-05-06T07:37:54.647+0000] {dagbag.py:541} INFO - Filling up the DagBag from /home/airflow/.local/lib/python3.7/site-packages/airflow/example_dags/example_sensors.py
[2025-05-06T07:37:54.656+0000] {processor.py:836} INFO - DAG(s) dict_keys(['example_sensors']) retrieved from /home/airflow/.local/lib/python3.7/site-packages/airflow/example_dags/example_sensors.py
[2025-05-06T07:37:54.680+0000] {logging_mixin.py:149} INFO - [2025-05-06T07:37:54.680+0000] {dag.py:2726} INFO - Sync 1 DAGs
[2025-05-06T07:37:54.700+0000] {logging_mixin.py:149} INFO - [2025-05-06T07:37:54.700+0000] {dag.py:3490} INFO - Setting next_dagrun for example_sensors to None, run_after=None
[2025-05-06T07:37:54.717+0000] {processor.py:179} INFO - Processing /home/airflow/.local/lib/python3.7/site-packages/airflow/example_dags/example_sensors.py took 0.074 seconds
[2025-05-06T07:38:26.088+0000] {processor.py:157} INFO - Started process (PID=553) to work on /home/airflow/.local/lib/python3.7/site-packages/airflow/example_dags/example_sensors.py
[2025-05-06T07:38:26.090+0000] {processor.py:826} INFO - Processing file /home/airflow/.local/lib/python3.7/site-packages/airflow/example_dags/example_sensors.py for tasks to queue
[2025-05-06T07:38:26.091+0000] {logging_mixin.py:149} INFO - [2025-05-06T07:38:26.091+0000] {dagbag.py:541} INFO - Filling up the DagBag from /home/airflow/.local/lib/python3.7/site-packages/airflow/example_dags/example_sensors.py
[2025-05-06T07:38:26.109+0000] {processor.py:836} INFO - DAG(s) dict_keys(['example_sensors']) retrieved from /home/airflow/.local/lib/python3.7/site-packages/airflow/example_dags/example_sensors.py
[2025-05-06T07:38:26.145+0000] {logging_mixin.py:149} INFO - [2025-05-06T07:38:26.145+0000] {dag.py:2726} INFO - Sync 1 DAGs
[2025-05-06T07:38:26.176+0000] {logging_mixin.py:149} INFO - [2025-05-06T07:38:26.176+0000] {dag.py:3490} INFO - Setting next_dagrun for example_sensors to None, run_after=None
[2025-05-06T07:38:26.205+0000] {processor.py:179} INFO - Processing /home/airflow/.local/lib/python3.7/site-packages/airflow/example_dags/example_sensors.py took 0.123 seconds
[2025-05-06T07:38:56.262+0000] {processor.py:157} INFO - Started process (PID=630) to work on /home/airflow/.local/lib/python3.7/site-packages/airflow/example_dags/example_sensors.py
[2025-05-06T07:38:56.263+0000] {processor.py:826} INFO - Processing file /home/airflow/.local/lib/python3.7/site-packages/airflow/example_dags/example_sensors.py for tasks to queue
[2025-05-06T07:38:56.264+0000] {logging_mixin.py:149} INFO - [2025-05-06T07:38:56.264+0000] {dagbag.py:541} INFO - Filling up the DagBag from /home/airflow/.local/lib/python3.7/site-packages/airflow/example_dags/example_sensors.py
[2025-05-06T07:38:56.272+0000] {processor.py:836} INFO - DAG(s) dict_keys(['example_sensors']) retrieved from /home/airflow/.local/lib/python3.7/site-packages/airflow/example_dags/example_sensors.py
[2025-05-06T07:38:56.298+0000] {logging_mixin.py:149} INFO - [2025-05-06T07:38:56.298+0000] {dag.py:2726} INFO - Sync 1 DAGs
[2025-05-06T07:38:56.316+0000] {logging_mixin.py:149} INFO - [2025-05-06T07:38:56.316+0000] {dag.py:3490} INFO - Setting next_dagrun for example_sensors to None, run_after=None
[2025-05-06T07:38:56.332+0000] {processor.py:179} INFO - Processing /home/airflow/.local/lib/python3.7/site-packages/airflow/example_dags/example_sensors.py took 0.072 seconds
[2025-05-06T07:39:27.080+0000] {processor.py:157} INFO - Started process (PID=707) to work on /home/airflow/.local/lib/python3.7/site-packages/airflow/example_dags/example_sensors.py
[2025-05-06T07:39:27.081+0000] {processor.py:826} INFO - Processing file /home/airflow/.local/lib/python3.7/site-packages/airflow/example_dags/example_sensors.py for tasks to queue
[2025-05-06T07:39:27.082+0000] {logging_mixin.py:149} INFO - [2025-05-06T07:39:27.081+0000] {dagbag.py:541} INFO - Filling up the DagBag from /home/airflow/.local/lib/python3.7/site-packages/airflow/example_dags/example_sensors.py
[2025-05-06T07:39:27.091+0000] {processor.py:836} INFO - DAG(s) dict_keys(['example_sensors']) retrieved from /home/airflow/.local/lib/python3.7/site-packages/airflow/example_dags/example_sensors.py
[2025-05-06T07:39:27.114+0000] {logging_mixin.py:149} INFO - [2025-05-06T07:39:27.114+0000] {dag.py:2726} INFO - Sync 1 DAGs
[2025-05-06T07:39:27.134+0000] {logging_mixin.py:149} INFO - [2025-05-06T07:39:27.134+0000] {dag.py:3490} INFO - Setting next_dagrun for example_sensors to None, run_after=None
[2025-05-06T07:39:27.152+0000] {processor.py:179} INFO - Processing /home/airflow/.local/lib/python3.7/site-packages/airflow/example_dags/example_sensors.py took 0.075 seconds
[2025-05-06T07:39:57.591+0000] {processor.py:157} INFO - Started process (PID=784) to work on /home/airflow/.local/lib/python3.7/site-packages/airflow/example_dags/example_sensors.py
[2025-05-06T07:39:57.592+0000] {processor.py:826} INFO - Processing file /home/airflow/.local/lib/python3.7/site-packages/airflow/example_dags/example_sensors.py for tasks to queue
[2025-05-06T07:39:57.592+0000] {logging_mixin.py:149} INFO - [2025-05-06T07:39:57.592+0000] {dagbag.py:541} INFO - Filling up the DagBag from /home/airflow/.local/lib/python3.7/site-packages/airflow/example_dags/example_sensors.py
[2025-05-06T07:39:57.601+0000] {processor.py:836} INFO - DAG(s) dict_keys(['example_sensors']) retrieved from /home/airflow/.local/lib/python3.7/site-packages/airflow/example_dags/example_sensors.py
[2025-05-06T07:39:57.626+0000] {logging_mixin.py:149} INFO - [2025-05-06T07:39:57.626+0000] {dag.py:2726} INFO - Sync 1 DAGs
[2025-05-06T07:39:57.648+0000] {logging_mixin.py:149} INFO - [2025-05-06T07:39:57.648+0000] {dag.py:3490} INFO - Setting next_dagrun for example_sensors to None, run_after=None
[2025-05-06T07:39:57.664+0000] {processor.py:179} INFO - Processing /home/airflow/.local/lib/python3.7/site-packages/airflow/example_dags/example_sensors.py took 0.077 seconds
[2025-05-06T07:40:28.178+0000] {processor.py:157} INFO - Started process (PID=861) to work on /home/airflow/.local/lib/python3.7/site-packages/airflow/example_dags/example_sensors.py
[2025-05-06T07:40:28.179+0000] {processor.py:826} INFO - Processing file /home/airflow/.local/lib/python3.7/site-packages/airflow/example_dags/example_sensors.py for tasks to queue
[2025-05-06T07:40:28.180+0000] {logging_mixin.py:149} INFO - [2025-05-06T07:40:28.180+0000] {dagbag.py:541} INFO - Filling up the DagBag from /home/airflow/.local/lib/python3.7/site-packages/airflow/example_dags/example_sensors.py
[2025-05-06T07:40:28.188+0000] {processor.py:836} INFO - DAG(s) dict_keys(['example_sensors']) retrieved from /home/airflow/.local/lib/python3.7/site-packages/airflow/example_dags/example_sensors.py
[2025-05-06T07:40:28.212+0000] {logging_mixin.py:149} INFO - [2025-05-06T07:40:28.212+0000] {dag.py:2726} INFO - Sync 1 DAGs
[2025-05-06T07:40:28.234+0000] {logging_mixin.py:149} INFO - [2025-05-06T07:40:28.234+0000] {dag.py:3490} INFO - Setting next_dagrun for example_sensors to None, run_after=None
[2025-05-06T07:40:28.252+0000] {processor.py:179} INFO - Processing /home/airflow/.local/lib/python3.7/site-packages/airflow/example_dags/example_sensors.py took 0.076 seconds
[2025-05-06T07:40:58.601+0000] {processor.py:157} INFO - Started process (PID=938) to work on /home/airflow/.local/lib/python3.7/site-packages/airflow/example_dags/example_sensors.py
[2025-05-06T07:40:58.602+0000] {processor.py:826} INFO - Processing file /home/airflow/.local/lib/python3.7/site-packages/airflow/example_dags/example_sensors.py for tasks to queue
[2025-05-06T07:40:58.603+0000] {logging_mixin.py:149} INFO - [2025-05-06T07:40:58.602+0000] {dagbag.py:541} INFO - Filling up the DagBag from /home/airflow/.local/lib/python3.7/site-packages/airflow/example_dags/example_sensors.py
[2025-05-06T07:40:58.610+0000] {processor.py:836} INFO - DAG(s) dict_keys(['example_sensors']) retrieved from /home/airflow/.local/lib/python3.7/site-packages/airflow/example_dags/example_sensors.py
[2025-05-06T07:40:58.635+0000] {logging_mixin.py:149} INFO - [2025-05-06T07:40:58.635+0000] {dag.py:2726} INFO - Sync 1 DAGs
[2025-05-06T07:40:58.655+0000] {logging_mixin.py:149} INFO - [2025-05-06T07:40:58.655+0000] {dag.py:3490} INFO - Setting next_dagrun for example_sensors to None, run_after=None
[2025-05-06T07:40:58.672+0000] {processor.py:179} INFO - Processing /home/airflow/.local/lib/python3.7/site-packages/airflow/example_dags/example_sensors.py took 0.074 seconds
[2025-05-06T07:41:29.167+0000] {processor.py:157} INFO - Started process (PID=1015) to work on /home/airflow/.local/lib/python3.7/site-packages/airflow/example_dags/example_sensors.py
[2025-05-06T07:41:29.168+0000] {processor.py:826} INFO - Processing file /home/airflow/.local/lib/python3.7/site-packages/airflow/example_dags/example_sensors.py for tasks to queue
[2025-05-06T07:41:29.169+0000] {logging_mixin.py:149} INFO - [2025-05-06T07:41:29.169+0000] {dagbag.py:541} INFO - Filling up the DagBag from /home/airflow/.local/lib/python3.7/site-packages/airflow/example_dags/example_sensors.py
[2025-05-06T07:41:29.178+0000] {processor.py:836} INFO - DAG(s) dict_keys(['example_sensors']) retrieved from /home/airflow/.local/lib/python3.7/site-packages/airflow/example_dags/example_sensors.py
[2025-05-06T07:41:29.204+0000] {logging_mixin.py:149} INFO - [2025-05-06T07:41:29.203+0000] {dag.py:2726} INFO - Sync 1 DAGs
[2025-05-06T07:41:29.223+0000] {logging_mixin.py:149} INFO - [2025-05-06T07:41:29.223+0000] {dag.py:3490} INFO - Setting next_dagrun for example_sensors to None, run_after=None
[2025-05-06T07:41:29.240+0000] {processor.py:179} INFO - Processing /home/airflow/.local/lib/python3.7/site-packages/airflow/example_dags/example_sensors.py took 0.076 seconds
[2025-05-06T07:41:59.700+0000] {processor.py:157} INFO - Started process (PID=1092) to work on /home/airflow/.local/lib/python3.7/site-packages/airflow/example_dags/example_sensors.py
[2025-05-06T07:41:59.701+0000] {processor.py:826} INFO - Processing file /home/airflow/.local/lib/python3.7/site-packages/airflow/example_dags/example_sensors.py for tasks to queue
[2025-05-06T07:41:59.701+0000] {logging_mixin.py:149} INFO - [2025-05-06T07:41:59.701+0000] {dagbag.py:541} INFO - Filling up the DagBag from /home/airflow/.local/lib/python3.7/site-packages/airflow/example_dags/example_sensors.py
[2025-05-06T07:41:59.712+0000] {processor.py:836} INFO - DAG(s) dict_keys(['example_sensors']) retrieved from /home/airflow/.local/lib/python3.7/site-packages/airflow/example_dags/example_sensors.py
[2025-05-06T07:41:59.738+0000] {logging_mixin.py:149} INFO - [2025-05-06T07:41:59.738+0000] {dag.py:2726} INFO - Sync 1 DAGs
[2025-05-06T07:41:59.763+0000] {logging_mixin.py:149} INFO - [2025-05-06T07:41:59.763+0000] {dag.py:3490} INFO - Setting next_dagrun for example_sensors to None, run_after=None
[2025-05-06T07:41:59.780+0000] {processor.py:179} INFO - Processing /home/airflow/.local/lib/python3.7/site-packages/airflow/example_dags/example_sensors.py took 0.084 seconds
[2025-05-06T07:42:31.071+0000] {processor.py:157} INFO - Started process (PID=1169) to work on /home/airflow/.local/lib/python3.7/site-packages/airflow/example_dags/example_sensors.py
[2025-05-06T07:42:31.072+0000] {processor.py:826} INFO - Processing file /home/airflow/.local/lib/python3.7/site-packages/airflow/example_dags/example_sensors.py for tasks to queue
[2025-05-06T07:42:31.073+0000] {logging_mixin.py:149} INFO - [2025-05-06T07:42:31.073+0000] {dagbag.py:541} INFO - Filling up the DagBag from /home/airflow/.local/lib/python3.7/site-packages/airflow/example_dags/example_sensors.py
[2025-05-06T07:42:31.084+0000] {processor.py:836} INFO - DAG(s) dict_keys(['example_sensors']) retrieved from /home/airflow/.local/lib/python3.7/site-packages/airflow/example_dags/example_sensors.py
[2025-05-06T07:42:31.116+0000] {logging_mixin.py:149} INFO - [2025-05-06T07:42:31.116+0000] {dag.py:2726} INFO - Sync 1 DAGs
[2025-05-06T07:42:31.145+0000] {logging_mixin.py:149} INFO - [2025-05-06T07:42:31.145+0000] {dag.py:3490} INFO - Setting next_dagrun for example_sensors to None, run_after=None
[2025-05-06T07:42:31.167+0000] {processor.py:179} INFO - Processing /home/airflow/.local/lib/python3.7/site-packages/airflow/example_dags/example_sensors.py took 0.100 seconds
[2025-05-06T07:43:01.701+0000] {processor.py:157} INFO - Started process (PID=1246) to work on /home/airflow/.local/lib/python3.7/site-packages/airflow/example_dags/example_sensors.py
[2025-05-06T07:43:01.702+0000] {processor.py:826} INFO - Processing file /home/airflow/.local/lib/python3.7/site-packages/airflow/example_dags/example_sensors.py for tasks to queue
[2025-05-06T07:43:01.703+0000] {logging_mixin.py:149} INFO - [2025-05-06T07:43:01.703+0000] {dagbag.py:541} INFO - Filling up the DagBag from /home/airflow/.local/lib/python3.7/site-packages/airflow/example_dags/example_sensors.py
[2025-05-06T07:43:01.712+0000] {processor.py:836} INFO - DAG(s) dict_keys(['example_sensors']) retrieved from /home/airflow/.local/lib/python3.7/site-packages/airflow/example_dags/example_sensors.py
[2025-05-06T07:43:01.739+0000] {logging_mixin.py:149} INFO - [2025-05-06T07:43:01.739+0000] {dag.py:2726} INFO - Sync 1 DAGs
[2025-05-06T07:43:01.759+0000] {logging_mixin.py:149} INFO - [2025-05-06T07:43:01.759+0000] {dag.py:3490} INFO - Setting next_dagrun for example_sensors to None, run_after=None
[2025-05-06T07:43:01.777+0000] {processor.py:179} INFO - Processing /home/airflow/.local/lib/python3.7/site-packages/airflow/example_dags/example_sensors.py took 0.079 seconds
[2025-05-06T07:43:32.232+0000] {processor.py:157} INFO - Started process (PID=1323) to work on /home/airflow/.local/lib/python3.7/site-packages/airflow/example_dags/example_sensors.py
[2025-05-06T07:43:32.233+0000] {processor.py:826} INFO - Processing file /home/airflow/.local/lib/python3.7/site-packages/airflow/example_dags/example_sensors.py for tasks to queue
[2025-05-06T07:43:32.234+0000] {logging_mixin.py:149} INFO - [2025-05-06T07:43:32.234+0000] {dagbag.py:541} INFO - Filling up the DagBag from /home/airflow/.local/lib/python3.7/site-packages/airflow/example_dags/example_sensors.py
[2025-05-06T07:43:32.244+0000] {processor.py:836} INFO - DAG(s) dict_keys(['example_sensors']) retrieved from /home/airflow/.local/lib/python3.7/site-packages/airflow/example_dags/example_sensors.py
[2025-05-06T07:43:32.284+0000] {logging_mixin.py:149} INFO - [2025-05-06T07:43:32.284+0000] {dag.py:2726} INFO - Sync 1 DAGs
[2025-05-06T07:43:32.313+0000] {logging_mixin.py:149} INFO - [2025-05-06T07:43:32.313+0000] {dag.py:3490} INFO - Setting next_dagrun for example_sensors to None, run_after=None
[2025-05-06T07:43:32.333+0000] {processor.py:179} INFO - Processing /home/airflow/.local/lib/python3.7/site-packages/airflow/example_dags/example_sensors.py took 0.103 seconds
[2025-05-06T07:44:03.679+0000] {processor.py:157} INFO - Started process (PID=1400) to work on /home/airflow/.local/lib/python3.7/site-packages/airflow/example_dags/example_sensors.py
[2025-05-06T07:44:03.681+0000] {processor.py:826} INFO - Processing file /home/airflow/.local/lib/python3.7/site-packages/airflow/example_dags/example_sensors.py for tasks to queue
[2025-05-06T07:44:03.682+0000] {logging_mixin.py:149} INFO - [2025-05-06T07:44:03.681+0000] {dagbag.py:541} INFO - Filling up the DagBag from /home/airflow/.local/lib/python3.7/site-packages/airflow/example_dags/example_sensors.py
[2025-05-06T07:44:03.697+0000] {processor.py:836} INFO - DAG(s) dict_keys(['example_sensors']) retrieved from /home/airflow/.local/lib/python3.7/site-packages/airflow/example_dags/example_sensors.py
[2025-05-06T07:44:03.734+0000] {logging_mixin.py:149} INFO - [2025-05-06T07:44:03.734+0000] {dag.py:2726} INFO - Sync 1 DAGs
[2025-05-06T07:44:03.765+0000] {logging_mixin.py:149} INFO - [2025-05-06T07:44:03.764+0000] {dag.py:3490} INFO - Setting next_dagrun for example_sensors to None, run_after=None
[2025-05-06T07:44:03.787+0000] {processor.py:179} INFO - Processing /home/airflow/.local/lib/python3.7/site-packages/airflow/example_dags/example_sensors.py took 0.113 seconds
[2025-05-06T07:44:34.544+0000] {processor.py:157} INFO - Started process (PID=1477) to work on /home/airflow/.local/lib/python3.7/site-packages/airflow/example_dags/example_sensors.py
[2025-05-06T07:44:34.546+0000] {processor.py:826} INFO - Processing file /home/airflow/.local/lib/python3.7/site-packages/airflow/example_dags/example_sensors.py for tasks to queue
[2025-05-06T07:44:34.547+0000] {logging_mixin.py:149} INFO - [2025-05-06T07:44:34.546+0000] {dagbag.py:541} INFO - Filling up the DagBag from /home/airflow/.local/lib/python3.7/site-packages/airflow/example_dags/example_sensors.py
[2025-05-06T07:44:34.558+0000] {processor.py:836} INFO - DAG(s) dict_keys(['example_sensors']) retrieved from /home/airflow/.local/lib/python3.7/site-packages/airflow/example_dags/example_sensors.py
[2025-05-06T07:44:34.589+0000] {logging_mixin.py:149} INFO - [2025-05-06T07:44:34.589+0000] {dag.py:2726} INFO - Sync 1 DAGs
[2025-05-06T07:44:34.615+0000] {logging_mixin.py:149} INFO - [2025-05-06T07:44:34.615+0000] {dag.py:3490} INFO - Setting next_dagrun for example_sensors to None, run_after=None
[2025-05-06T07:44:34.639+0000] {processor.py:179} INFO - Processing /home/airflow/.local/lib/python3.7/site-packages/airflow/example_dags/example_sensors.py took 0.098 seconds
[2025-05-06T07:45:04.816+0000] {processor.py:157} INFO - Started process (PID=1554) to work on /home/airflow/.local/lib/python3.7/site-packages/airflow/example_dags/example_sensors.py
[2025-05-06T07:45:04.817+0000] {processor.py:826} INFO - Processing file /home/airflow/.local/lib/python3.7/site-packages/airflow/example_dags/example_sensors.py for tasks to queue
[2025-05-06T07:45:04.818+0000] {logging_mixin.py:149} INFO - [2025-05-06T07:45:04.818+0000] {dagbag.py:541} INFO - Filling up the DagBag from /home/airflow/.local/lib/python3.7/site-packages/airflow/example_dags/example_sensors.py
[2025-05-06T07:45:04.826+0000] {processor.py:836} INFO - DAG(s) dict_keys(['example_sensors']) retrieved from /home/airflow/.local/lib/python3.7/site-packages/airflow/example_dags/example_sensors.py
[2025-05-06T07:45:04.851+0000] {logging_mixin.py:149} INFO - [2025-05-06T07:45:04.850+0000] {dag.py:2726} INFO - Sync 1 DAGs
[2025-05-06T07:45:04.871+0000] {logging_mixin.py:149} INFO - [2025-05-06T07:45:04.871+0000] {dag.py:3490} INFO - Setting next_dagrun for example_sensors to None, run_after=None
[2025-05-06T07:45:04.890+0000] {processor.py:179} INFO - Processing /home/airflow/.local/lib/python3.7/site-packages/airflow/example_dags/example_sensors.py took 0.077 seconds
[2025-05-06T07:45:35.488+0000] {processor.py:157} INFO - Started process (PID=1631) to work on /home/airflow/.local/lib/python3.7/site-packages/airflow/example_dags/example_sensors.py
[2025-05-06T07:45:35.489+0000] {processor.py:826} INFO - Processing file /home/airflow/.local/lib/python3.7/site-packages/airflow/example_dags/example_sensors.py for tasks to queue
[2025-05-06T07:45:35.489+0000] {logging_mixin.py:149} INFO - [2025-05-06T07:45:35.489+0000] {dagbag.py:541} INFO - Filling up the DagBag from /home/airflow/.local/lib/python3.7/site-packages/airflow/example_dags/example_sensors.py
[2025-05-06T07:45:35.497+0000] {processor.py:836} INFO - DAG(s) dict_keys(['example_sensors']) retrieved from /home/airflow/.local/lib/python3.7/site-packages/airflow/example_dags/example_sensors.py
[2025-05-06T07:45:35.523+0000] {logging_mixin.py:149} INFO - [2025-05-06T07:45:35.523+0000] {dag.py:2726} INFO - Sync 1 DAGs
[2025-05-06T07:45:35.542+0000] {logging_mixin.py:149} INFO - [2025-05-06T07:45:35.541+0000] {dag.py:3490} INFO - Setting next_dagrun for example_sensors to None, run_after=None
[2025-05-06T07:45:35.559+0000] {processor.py:179} INFO - Processing /home/airflow/.local/lib/python3.7/site-packages/airflow/example_dags/example_sensors.py took 0.074 seconds
[2025-05-06T07:46:05.989+0000] {processor.py:157} INFO - Started process (PID=1709) to work on /home/airflow/.local/lib/python3.7/site-packages/airflow/example_dags/example_sensors.py
[2025-05-06T07:46:05.991+0000] {processor.py:826} INFO - Processing file /home/airflow/.local/lib/python3.7/site-packages/airflow/example_dags/example_sensors.py for tasks to queue
[2025-05-06T07:46:05.991+0000] {logging_mixin.py:149} INFO - [2025-05-06T07:46:05.991+0000] {dagbag.py:541} INFO - Filling up the DagBag from /home/airflow/.local/lib/python3.7/site-packages/airflow/example_dags/example_sensors.py
[2025-05-06T07:46:05.999+0000] {processor.py:836} INFO - DAG(s) dict_keys(['example_sensors']) retrieved from /home/airflow/.local/lib/python3.7/site-packages/airflow/example_dags/example_sensors.py
[2025-05-06T07:46:06.024+0000] {logging_mixin.py:149} INFO - [2025-05-06T07:46:06.024+0000] {dag.py:2726} INFO - Sync 1 DAGs
[2025-05-06T07:46:06.045+0000] {logging_mixin.py:149} INFO - [2025-05-06T07:46:06.045+0000] {dag.py:3490} INFO - Setting next_dagrun for example_sensors to None, run_after=None
[2025-05-06T07:46:06.062+0000] {processor.py:179} INFO - Processing /home/airflow/.local/lib/python3.7/site-packages/airflow/example_dags/example_sensors.py took 0.075 seconds
[2025-05-06T07:46:36.710+0000] {processor.py:157} INFO - Started process (PID=1786) to work on /home/airflow/.local/lib/python3.7/site-packages/airflow/example_dags/example_sensors.py
[2025-05-06T07:46:36.712+0000] {processor.py:826} INFO - Processing file /home/airflow/.local/lib/python3.7/site-packages/airflow/example_dags/example_sensors.py for tasks to queue
[2025-05-06T07:46:36.712+0000] {logging_mixin.py:149} INFO - [2025-05-06T07:46:36.712+0000] {dagbag.py:541} INFO - Filling up the DagBag from /home/airflow/.local/lib/python3.7/site-packages/airflow/example_dags/example_sensors.py
[2025-05-06T07:46:36.721+0000] {processor.py:836} INFO - DAG(s) dict_keys(['example_sensors']) retrieved from /home/airflow/.local/lib/python3.7/site-packages/airflow/example_dags/example_sensors.py
[2025-05-06T07:46:36.745+0000] {logging_mixin.py:149} INFO - [2025-05-06T07:46:36.745+0000] {dag.py:2726} INFO - Sync 1 DAGs
[2025-05-06T07:46:36.766+0000] {logging_mixin.py:149} INFO - [2025-05-06T07:46:36.766+0000] {dag.py:3490} INFO - Setting next_dagrun for example_sensors to None, run_after=None
[2025-05-06T07:46:36.784+0000] {processor.py:179} INFO - Processing /home/airflow/.local/lib/python3.7/site-packages/airflow/example_dags/example_sensors.py took 0.077 seconds
[2025-05-06T07:47:07.446+0000] {processor.py:157} INFO - Started process (PID=1863) to work on /home/airflow/.local/lib/python3.7/site-packages/airflow/example_dags/example_sensors.py
[2025-05-06T07:47:07.447+0000] {processor.py:826} INFO - Processing file /home/airflow/.local/lib/python3.7/site-packages/airflow/example_dags/example_sensors.py for tasks to queue
[2025-05-06T07:47:07.448+0000] {logging_mixin.py:149} INFO - [2025-05-06T07:47:07.448+0000] {dagbag.py:541} INFO - Filling up the DagBag from /home/airflow/.local/lib/python3.7/site-packages/airflow/example_dags/example_sensors.py
[2025-05-06T07:47:07.458+0000] {processor.py:836} INFO - DAG(s) dict_keys(['example_sensors']) retrieved from /home/airflow/.local/lib/python3.7/site-packages/airflow/example_dags/example_sensors.py
[2025-05-06T07:47:07.491+0000] {logging_mixin.py:149} INFO - [2025-05-06T07:47:07.491+0000] {dag.py:2726} INFO - Sync 1 DAGs
[2025-05-06T07:47:07.517+0000] {logging_mixin.py:149} INFO - [2025-05-06T07:47:07.517+0000] {dag.py:3490} INFO - Setting next_dagrun for example_sensors to None, run_after=None
[2025-05-06T07:47:07.541+0000] {processor.py:179} INFO - Processing /home/airflow/.local/lib/python3.7/site-packages/airflow/example_dags/example_sensors.py took 0.099 seconds
[2025-05-06T07:47:38.498+0000] {processor.py:157} INFO - Started process (PID=1940) to work on /home/airflow/.local/lib/python3.7/site-packages/airflow/example_dags/example_sensors.py
[2025-05-06T07:47:38.499+0000] {processor.py:826} INFO - Processing file /home/airflow/.local/lib/python3.7/site-packages/airflow/example_dags/example_sensors.py for tasks to queue
[2025-05-06T07:47:38.500+0000] {logging_mixin.py:149} INFO - [2025-05-06T07:47:38.500+0000] {dagbag.py:541} INFO - Filling up the DagBag from /home/airflow/.local/lib/python3.7/site-packages/airflow/example_dags/example_sensors.py
[2025-05-06T07:47:38.510+0000] {processor.py:836} INFO - DAG(s) dict_keys(['example_sensors']) retrieved from /home/airflow/.local/lib/python3.7/site-packages/airflow/example_dags/example_sensors.py
[2025-05-06T07:47:38.540+0000] {logging_mixin.py:149} INFO - [2025-05-06T07:47:38.539+0000] {dag.py:2726} INFO - Sync 1 DAGs
[2025-05-06T07:47:38.566+0000] {logging_mixin.py:149} INFO - [2025-05-06T07:47:38.566+0000] {dag.py:3490} INFO - Setting next_dagrun for example_sensors to None, run_after=None
[2025-05-06T07:47:38.585+0000] {processor.py:179} INFO - Processing /home/airflow/.local/lib/python3.7/site-packages/airflow/example_dags/example_sensors.py took 0.090 seconds
[2025-05-06T07:48:09.319+0000] {processor.py:157} INFO - Started process (PID=2017) to work on /home/airflow/.local/lib/python3.7/site-packages/airflow/example_dags/example_sensors.py
[2025-05-06T07:48:09.320+0000] {processor.py:826} INFO - Processing file /home/airflow/.local/lib/python3.7/site-packages/airflow/example_dags/example_sensors.py for tasks to queue
[2025-05-06T07:48:09.320+0000] {logging_mixin.py:149} INFO - [2025-05-06T07:48:09.320+0000] {dagbag.py:541} INFO - Filling up the DagBag from /home/airflow/.local/lib/python3.7/site-packages/airflow/example_dags/example_sensors.py
[2025-05-06T07:48:09.328+0000] {processor.py:836} INFO - DAG(s) dict_keys(['example_sensors']) retrieved from /home/airflow/.local/lib/python3.7/site-packages/airflow/example_dags/example_sensors.py
[2025-05-06T07:48:09.353+0000] {logging_mixin.py:149} INFO - [2025-05-06T07:48:09.353+0000] {dag.py:2726} INFO - Sync 1 DAGs
[2025-05-06T07:48:09.372+0000] {logging_mixin.py:149} INFO - [2025-05-06T07:48:09.372+0000] {dag.py:3490} INFO - Setting next_dagrun for example_sensors to None, run_after=None
[2025-05-06T07:48:09.390+0000] {processor.py:179} INFO - Processing /home/airflow/.local/lib/python3.7/site-packages/airflow/example_dags/example_sensors.py took 0.074 seconds
[2025-05-06T07:48:40.059+0000] {processor.py:157} INFO - Started process (PID=2094) to work on /home/airflow/.local/lib/python3.7/site-packages/airflow/example_dags/example_sensors.py
[2025-05-06T07:48:40.060+0000] {processor.py:826} INFO - Processing file /home/airflow/.local/lib/python3.7/site-packages/airflow/example_dags/example_sensors.py for tasks to queue
[2025-05-06T07:48:40.062+0000] {logging_mixin.py:149} INFO - [2025-05-06T07:48:40.061+0000] {dagbag.py:541} INFO - Filling up the DagBag from /home/airflow/.local/lib/python3.7/site-packages/airflow/example_dags/example_sensors.py
[2025-05-06T07:48:40.072+0000] {processor.py:836} INFO - DAG(s) dict_keys(['example_sensors']) retrieved from /home/airflow/.local/lib/python3.7/site-packages/airflow/example_dags/example_sensors.py
[2025-05-06T07:48:40.097+0000] {logging_mixin.py:149} INFO - [2025-05-06T07:48:40.097+0000] {dag.py:2726} INFO - Sync 1 DAGs
[2025-05-06T07:48:40.119+0000] {logging_mixin.py:149} INFO - [2025-05-06T07:48:40.119+0000] {dag.py:3490} INFO - Setting next_dagrun for example_sensors to None, run_after=None
[2025-05-06T07:48:40.138+0000] {processor.py:179} INFO - Processing /home/airflow/.local/lib/python3.7/site-packages/airflow/example_dags/example_sensors.py took 0.083 seconds
[2025-05-06T07:49:11.317+0000] {processor.py:157} INFO - Started process (PID=2171) to work on /home/airflow/.local/lib/python3.7/site-packages/airflow/example_dags/example_sensors.py
[2025-05-06T07:49:11.318+0000] {processor.py:826} INFO - Processing file /home/airflow/.local/lib/python3.7/site-packages/airflow/example_dags/example_sensors.py for tasks to queue
[2025-05-06T07:49:11.319+0000] {logging_mixin.py:149} INFO - [2025-05-06T07:49:11.319+0000] {dagbag.py:541} INFO - Filling up the DagBag from /home/airflow/.local/lib/python3.7/site-packages/airflow/example_dags/example_sensors.py
[2025-05-06T07:49:11.329+0000] {processor.py:836} INFO - DAG(s) dict_keys(['example_sensors']) retrieved from /home/airflow/.local/lib/python3.7/site-packages/airflow/example_dags/example_sensors.py
[2025-05-06T07:49:11.358+0000] {logging_mixin.py:149} INFO - [2025-05-06T07:49:11.358+0000] {dag.py:2726} INFO - Sync 1 DAGs
[2025-05-06T07:49:11.383+0000] {logging_mixin.py:149} INFO - [2025-05-06T07:49:11.383+0000] {dag.py:3490} INFO - Setting next_dagrun for example_sensors to None, run_after=None
[2025-05-06T07:49:11.401+0000] {processor.py:179} INFO - Processing /home/airflow/.local/lib/python3.7/site-packages/airflow/example_dags/example_sensors.py took 0.087 seconds
[2025-05-06T07:49:42.344+0000] {processor.py:157} INFO - Started process (PID=2248) to work on /home/airflow/.local/lib/python3.7/site-packages/airflow/example_dags/example_sensors.py
[2025-05-06T07:49:42.346+0000] {processor.py:826} INFO - Processing file /home/airflow/.local/lib/python3.7/site-packages/airflow/example_dags/example_sensors.py for tasks to queue
[2025-05-06T07:49:42.346+0000] {logging_mixin.py:149} INFO - [2025-05-06T07:49:42.346+0000] {dagbag.py:541} INFO - Filling up the DagBag from /home/airflow/.local/lib/python3.7/site-packages/airflow/example_dags/example_sensors.py
[2025-05-06T07:49:42.355+0000] {processor.py:836} INFO - DAG(s) dict_keys(['example_sensors']) retrieved from /home/airflow/.local/lib/python3.7/site-packages/airflow/example_dags/example_sensors.py
[2025-05-06T07:49:42.383+0000] {logging_mixin.py:149} INFO - [2025-05-06T07:49:42.382+0000] {dag.py:2726} INFO - Sync 1 DAGs
[2025-05-06T07:49:42.405+0000] {logging_mixin.py:149} INFO - [2025-05-06T07:49:42.405+0000] {dag.py:3490} INFO - Setting next_dagrun for example_sensors to None, run_after=None
[2025-05-06T07:49:42.424+0000] {processor.py:179} INFO - Processing /home/airflow/.local/lib/python3.7/site-packages/airflow/example_dags/example_sensors.py took 0.083 seconds
[2025-05-06T07:50:13.099+0000] {processor.py:157} INFO - Started process (PID=2325) to work on /home/airflow/.local/lib/python3.7/site-packages/airflow/example_dags/example_sensors.py
[2025-05-06T07:50:13.101+0000] {processor.py:826} INFO - Processing file /home/airflow/.local/lib/python3.7/site-packages/airflow/example_dags/example_sensors.py for tasks to queue
[2025-05-06T07:50:13.101+0000] {logging_mixin.py:149} INFO - [2025-05-06T07:50:13.101+0000] {dagbag.py:541} INFO - Filling up the DagBag from /home/airflow/.local/lib/python3.7/site-packages/airflow/example_dags/example_sensors.py
[2025-05-06T07:50:13.110+0000] {processor.py:836} INFO - DAG(s) dict_keys(['example_sensors']) retrieved from /home/airflow/.local/lib/python3.7/site-packages/airflow/example_dags/example_sensors.py
[2025-05-06T07:50:13.134+0000] {logging_mixin.py:149} INFO - [2025-05-06T07:50:13.133+0000] {dag.py:2726} INFO - Sync 1 DAGs
[2025-05-06T07:50:13.154+0000] {logging_mixin.py:149} INFO - [2025-05-06T07:50:13.154+0000] {dag.py:3490} INFO - Setting next_dagrun for example_sensors to None, run_after=None
[2025-05-06T07:50:13.171+0000] {processor.py:179} INFO - Processing /home/airflow/.local/lib/python3.7/site-packages/airflow/example_dags/example_sensors.py took 0.074 seconds
[2025-05-06T07:50:43.896+0000] {processor.py:157} INFO - Started process (PID=2402) to work on /home/airflow/.local/lib/python3.7/site-packages/airflow/example_dags/example_sensors.py
[2025-05-06T07:50:43.897+0000] {processor.py:826} INFO - Processing file /home/airflow/.local/lib/python3.7/site-packages/airflow/example_dags/example_sensors.py for tasks to queue
[2025-05-06T07:50:43.897+0000] {logging_mixin.py:149} INFO - [2025-05-06T07:50:43.897+0000] {dagbag.py:541} INFO - Filling up the DagBag from /home/airflow/.local/lib/python3.7/site-packages/airflow/example_dags/example_sensors.py
[2025-05-06T07:50:43.906+0000] {processor.py:836} INFO - DAG(s) dict_keys(['example_sensors']) retrieved from /home/airflow/.local/lib/python3.7/site-packages/airflow/example_dags/example_sensors.py
[2025-05-06T07:50:43.931+0000] {logging_mixin.py:149} INFO - [2025-05-06T07:50:43.931+0000] {dag.py:2726} INFO - Sync 1 DAGs
[2025-05-06T07:50:43.955+0000] {logging_mixin.py:149} INFO - [2025-05-06T07:50:43.955+0000] {dag.py:3490} INFO - Setting next_dagrun for example_sensors to None, run_after=None
[2025-05-06T07:50:43.974+0000] {processor.py:179} INFO - Processing /home/airflow/.local/lib/python3.7/site-packages/airflow/example_dags/example_sensors.py took 0.081 seconds
[2025-05-06T07:51:14.448+0000] {processor.py:157} INFO - Started process (PID=2479) to work on /home/airflow/.local/lib/python3.7/site-packages/airflow/example_dags/example_sensors.py
[2025-05-06T07:51:14.449+0000] {processor.py:826} INFO - Processing file /home/airflow/.local/lib/python3.7/site-packages/airflow/example_dags/example_sensors.py for tasks to queue
[2025-05-06T07:51:14.450+0000] {logging_mixin.py:149} INFO - [2025-05-06T07:51:14.450+0000] {dagbag.py:541} INFO - Filling up the DagBag from /home/airflow/.local/lib/python3.7/site-packages/airflow/example_dags/example_sensors.py
[2025-05-06T07:51:14.459+0000] {processor.py:836} INFO - DAG(s) dict_keys(['example_sensors']) retrieved from /home/airflow/.local/lib/python3.7/site-packages/airflow/example_dags/example_sensors.py
[2025-05-06T07:51:14.485+0000] {logging_mixin.py:149} INFO - [2025-05-06T07:51:14.485+0000] {dag.py:2726} INFO - Sync 1 DAGs
[2025-05-06T07:51:14.508+0000] {logging_mixin.py:149} INFO - [2025-05-06T07:51:14.507+0000] {dag.py:3490} INFO - Setting next_dagrun for example_sensors to None, run_after=None
[2025-05-06T07:51:14.523+0000] {processor.py:179} INFO - Processing /home/airflow/.local/lib/python3.7/site-packages/airflow/example_dags/example_sensors.py took 0.078 seconds
[2025-05-06T07:51:44.987+0000] {processor.py:157} INFO - Started process (PID=2556) to work on /home/airflow/.local/lib/python3.7/site-packages/airflow/example_dags/example_sensors.py
[2025-05-06T07:51:44.988+0000] {processor.py:826} INFO - Processing file /home/airflow/.local/lib/python3.7/site-packages/airflow/example_dags/example_sensors.py for tasks to queue
[2025-05-06T07:51:44.989+0000] {logging_mixin.py:149} INFO - [2025-05-06T07:51:44.989+0000] {dagbag.py:541} INFO - Filling up the DagBag from /home/airflow/.local/lib/python3.7/site-packages/airflow/example_dags/example_sensors.py
[2025-05-06T07:51:44.997+0000] {processor.py:836} INFO - DAG(s) dict_keys(['example_sensors']) retrieved from /home/airflow/.local/lib/python3.7/site-packages/airflow/example_dags/example_sensors.py
[2025-05-06T07:51:45.023+0000] {logging_mixin.py:149} INFO - [2025-05-06T07:51:45.023+0000] {dag.py:2726} INFO - Sync 1 DAGs
[2025-05-06T07:51:45.044+0000] {logging_mixin.py:149} INFO - [2025-05-06T07:51:45.044+0000] {dag.py:3490} INFO - Setting next_dagrun for example_sensors to None, run_after=None
[2025-05-06T07:51:45.062+0000] {processor.py:179} INFO - Processing /home/airflow/.local/lib/python3.7/site-packages/airflow/example_dags/example_sensors.py took 0.078 seconds
