[2025-05-06T07:35:19.748+0000] {processor.py:157} INFO - Started process (PID=80) to work on /home/airflow/.local/lib/python3.7/site-packages/airflow/example_dags/example_kubernetes_executor.py
[2025-05-06T07:35:19.749+0000] {processor.py:826} INFO - Processing file /home/airflow/.local/lib/python3.7/site-packages/airflow/example_dags/example_kubernetes_executor.py for tasks to queue
[2025-05-06T07:35:19.750+0000] {logging_mixin.py:149} INFO - [2025-05-06T07:35:19.750+0000] {dagbag.py:541} INFO - Filling up the DagBag from /home/airflow/.local/lib/python3.7/site-packages/airflow/example_dags/example_kubernetes_executor.py
[2025-05-06T07:35:20.029+0000] {processor.py:836} INFO - DAG(s) dict_keys(['example_kubernetes_executor']) retrieved from /home/airflow/.local/lib/python3.7/site-packages/airflow/example_dags/example_kubernetes_executor.py
[2025-05-06T07:35:20.045+0000] {logging_mixin.py:149} INFO - [2025-05-06T07:35:20.044+0000] {dag.py:2726} INFO - Sync 1 DAGs
[2025-05-06T07:35:20.080+0000] {logging_mixin.py:149} INFO - [2025-05-06T07:35:20.079+0000] {dag.py:3490} INFO - Setting next_dagrun for example_kubernetes_executor to None, run_after=None
[2025-05-06T07:35:20.105+0000] {processor.py:179} INFO - Processing /home/airflow/.local/lib/python3.7/site-packages/airflow/example_dags/example_kubernetes_executor.py took 0.361 seconds
[2025-05-06T07:35:50.249+0000] {processor.py:157} INFO - Started process (PID=159) to work on /home/airflow/.local/lib/python3.7/site-packages/airflow/example_dags/example_kubernetes_executor.py
[2025-05-06T07:35:50.250+0000] {processor.py:826} INFO - Processing file /home/airflow/.local/lib/python3.7/site-packages/airflow/example_dags/example_kubernetes_executor.py for tasks to queue
[2025-05-06T07:35:50.250+0000] {logging_mixin.py:149} INFO - [2025-05-06T07:35:50.250+0000] {dagbag.py:541} INFO - Filling up the DagBag from /home/airflow/.local/lib/python3.7/site-packages/airflow/example_dags/example_kubernetes_executor.py
[2025-05-06T07:35:50.409+0000] {processor.py:836} INFO - DAG(s) dict_keys(['example_kubernetes_executor']) retrieved from /home/airflow/.local/lib/python3.7/site-packages/airflow/example_dags/example_kubernetes_executor.py
[2025-05-06T07:35:50.448+0000] {logging_mixin.py:149} INFO - [2025-05-06T07:35:50.448+0000] {dag.py:2726} INFO - Sync 1 DAGs
[2025-05-06T07:35:50.474+0000] {logging_mixin.py:149} INFO - [2025-05-06T07:35:50.474+0000] {dag.py:3490} INFO - Setting next_dagrun for example_kubernetes_executor to None, run_after=None
[2025-05-06T07:35:50.494+0000] {processor.py:179} INFO - Processing /home/airflow/.local/lib/python3.7/site-packages/airflow/example_dags/example_kubernetes_executor.py took 0.248 seconds
[2025-05-06T07:36:21.416+0000] {processor.py:157} INFO - Started process (PID=235) to work on /home/airflow/.local/lib/python3.7/site-packages/airflow/example_dags/example_kubernetes_executor.py
[2025-05-06T07:36:21.419+0000] {processor.py:826} INFO - Processing file /home/airflow/.local/lib/python3.7/site-packages/airflow/example_dags/example_kubernetes_executor.py for tasks to queue
[2025-05-06T07:36:21.420+0000] {logging_mixin.py:149} INFO - [2025-05-06T07:36:21.420+0000] {dagbag.py:541} INFO - Filling up the DagBag from /home/airflow/.local/lib/python3.7/site-packages/airflow/example_dags/example_kubernetes_executor.py
[2025-05-06T07:36:21.811+0000] {processor.py:836} INFO - DAG(s) dict_keys(['example_kubernetes_executor']) retrieved from /home/airflow/.local/lib/python3.7/site-packages/airflow/example_dags/example_kubernetes_executor.py
[2025-05-06T07:36:21.877+0000] {logging_mixin.py:149} INFO - [2025-05-06T07:36:21.877+0000] {dag.py:2726} INFO - Sync 1 DAGs
[2025-05-06T07:36:21.923+0000] {logging_mixin.py:149} INFO - [2025-05-06T07:36:21.923+0000] {dag.py:3490} INFO - Setting next_dagrun for example_kubernetes_executor to None, run_after=None
[2025-05-06T07:36:21.961+0000] {processor.py:179} INFO - Processing /home/airflow/.local/lib/python3.7/site-packages/airflow/example_dags/example_kubernetes_executor.py took 0.551 seconds
[2025-05-06T07:36:52.894+0000] {processor.py:157} INFO - Started process (PID=313) to work on /home/airflow/.local/lib/python3.7/site-packages/airflow/example_dags/example_kubernetes_executor.py
[2025-05-06T07:36:52.896+0000] {processor.py:826} INFO - Processing file /home/airflow/.local/lib/python3.7/site-packages/airflow/example_dags/example_kubernetes_executor.py for tasks to queue
[2025-05-06T07:36:52.897+0000] {logging_mixin.py:149} INFO - [2025-05-06T07:36:52.897+0000] {dagbag.py:541} INFO - Filling up the DagBag from /home/airflow/.local/lib/python3.7/site-packages/airflow/example_dags/example_kubernetes_executor.py
[2025-05-06T07:36:53.254+0000] {processor.py:836} INFO - DAG(s) dict_keys(['example_kubernetes_executor']) retrieved from /home/airflow/.local/lib/python3.7/site-packages/airflow/example_dags/example_kubernetes_executor.py
[2025-05-06T07:36:53.347+0000] {logging_mixin.py:149} INFO - [2025-05-06T07:36:53.346+0000] {dag.py:2726} INFO - Sync 1 DAGs
[2025-05-06T07:36:53.419+0000] {logging_mixin.py:149} INFO - [2025-05-06T07:36:53.419+0000] {dag.py:3490} INFO - Setting next_dagrun for example_kubernetes_executor to None, run_after=None
[2025-05-06T07:36:53.471+0000] {processor.py:179} INFO - Processing /home/airflow/.local/lib/python3.7/site-packages/airflow/example_dags/example_kubernetes_executor.py took 0.584 seconds
[2025-05-06T07:37:23.804+0000] {processor.py:157} INFO - Started process (PID=390) to work on /home/airflow/.local/lib/python3.7/site-packages/airflow/example_dags/example_kubernetes_executor.py
[2025-05-06T07:37:23.805+0000] {processor.py:826} INFO - Processing file /home/airflow/.local/lib/python3.7/site-packages/airflow/example_dags/example_kubernetes_executor.py for tasks to queue
[2025-05-06T07:37:23.806+0000] {logging_mixin.py:149} INFO - [2025-05-06T07:37:23.806+0000] {dagbag.py:541} INFO - Filling up the DagBag from /home/airflow/.local/lib/python3.7/site-packages/airflow/example_dags/example_kubernetes_executor.py
[2025-05-06T07:37:24.031+0000] {processor.py:836} INFO - DAG(s) dict_keys(['example_kubernetes_executor']) retrieved from /home/airflow/.local/lib/python3.7/site-packages/airflow/example_dags/example_kubernetes_executor.py
[2025-05-06T07:37:24.076+0000] {logging_mixin.py:149} INFO - [2025-05-06T07:37:24.076+0000] {dag.py:2726} INFO - Sync 1 DAGs
[2025-05-06T07:37:24.106+0000] {logging_mixin.py:149} INFO - [2025-05-06T07:37:24.106+0000] {dag.py:3490} INFO - Setting next_dagrun for example_kubernetes_executor to None, run_after=None
[2025-05-06T07:37:24.128+0000] {processor.py:179} INFO - Processing /home/airflow/.local/lib/python3.7/site-packages/airflow/example_dags/example_kubernetes_executor.py took 0.330 seconds
[2025-05-06T07:37:54.231+0000] {processor.py:157} INFO - Started process (PID=469) to work on /home/airflow/.local/lib/python3.7/site-packages/airflow/example_dags/example_kubernetes_executor.py
[2025-05-06T07:37:54.232+0000] {processor.py:826} INFO - Processing file /home/airflow/.local/lib/python3.7/site-packages/airflow/example_dags/example_kubernetes_executor.py for tasks to queue
[2025-05-06T07:37:54.233+0000] {logging_mixin.py:149} INFO - [2025-05-06T07:37:54.233+0000] {dagbag.py:541} INFO - Filling up the DagBag from /home/airflow/.local/lib/python3.7/site-packages/airflow/example_dags/example_kubernetes_executor.py
[2025-05-06T07:37:54.379+0000] {processor.py:836} INFO - DAG(s) dict_keys(['example_kubernetes_executor']) retrieved from /home/airflow/.local/lib/python3.7/site-packages/airflow/example_dags/example_kubernetes_executor.py
[2025-05-06T07:37:54.412+0000] {logging_mixin.py:149} INFO - [2025-05-06T07:37:54.412+0000] {dag.py:2726} INFO - Sync 1 DAGs
[2025-05-06T07:37:54.434+0000] {logging_mixin.py:149} INFO - [2025-05-06T07:37:54.433+0000] {dag.py:3490} INFO - Setting next_dagrun for example_kubernetes_executor to None, run_after=None
[2025-05-06T07:37:54.451+0000] {processor.py:179} INFO - Processing /home/airflow/.local/lib/python3.7/site-packages/airflow/example_dags/example_kubernetes_executor.py took 0.222 seconds
[2025-05-06T07:38:25.186+0000] {processor.py:157} INFO - Started process (PID=543) to work on /home/airflow/.local/lib/python3.7/site-packages/airflow/example_dags/example_kubernetes_executor.py
[2025-05-06T07:38:25.188+0000] {processor.py:826} INFO - Processing file /home/airflow/.local/lib/python3.7/site-packages/airflow/example_dags/example_kubernetes_executor.py for tasks to queue
[2025-05-06T07:38:25.188+0000] {logging_mixin.py:149} INFO - [2025-05-06T07:38:25.188+0000] {dagbag.py:541} INFO - Filling up the DagBag from /home/airflow/.local/lib/python3.7/site-packages/airflow/example_dags/example_kubernetes_executor.py
[2025-05-06T07:38:25.402+0000] {processor.py:836} INFO - DAG(s) dict_keys(['example_kubernetes_executor']) retrieved from /home/airflow/.local/lib/python3.7/site-packages/airflow/example_dags/example_kubernetes_executor.py
[2025-05-06T07:38:25.452+0000] {logging_mixin.py:149} INFO - [2025-05-06T07:38:25.451+0000] {dag.py:2726} INFO - Sync 1 DAGs
[2025-05-06T07:38:25.484+0000] {logging_mixin.py:149} INFO - [2025-05-06T07:38:25.484+0000] {dag.py:3490} INFO - Setting next_dagrun for example_kubernetes_executor to None, run_after=None
[2025-05-06T07:38:25.513+0000] {processor.py:179} INFO - Processing /home/airflow/.local/lib/python3.7/site-packages/airflow/example_dags/example_kubernetes_executor.py took 0.330 seconds
[2025-05-06T07:38:55.567+0000] {processor.py:157} INFO - Started process (PID=620) to work on /home/airflow/.local/lib/python3.7/site-packages/airflow/example_dags/example_kubernetes_executor.py
[2025-05-06T07:38:55.568+0000] {processor.py:826} INFO - Processing file /home/airflow/.local/lib/python3.7/site-packages/airflow/example_dags/example_kubernetes_executor.py for tasks to queue
[2025-05-06T07:38:55.568+0000] {logging_mixin.py:149} INFO - [2025-05-06T07:38:55.568+0000] {dagbag.py:541} INFO - Filling up the DagBag from /home/airflow/.local/lib/python3.7/site-packages/airflow/example_dags/example_kubernetes_executor.py
[2025-05-06T07:38:55.713+0000] {processor.py:836} INFO - DAG(s) dict_keys(['example_kubernetes_executor']) retrieved from /home/airflow/.local/lib/python3.7/site-packages/airflow/example_dags/example_kubernetes_executor.py
[2025-05-06T07:38:55.746+0000] {logging_mixin.py:149} INFO - [2025-05-06T07:38:55.746+0000] {dag.py:2726} INFO - Sync 1 DAGs
[2025-05-06T07:38:55.767+0000] {logging_mixin.py:149} INFO - [2025-05-06T07:38:55.767+0000] {dag.py:3490} INFO - Setting next_dagrun for example_kubernetes_executor to None, run_after=None
[2025-05-06T07:38:55.784+0000] {processor.py:179} INFO - Processing /home/airflow/.local/lib/python3.7/site-packages/airflow/example_dags/example_kubernetes_executor.py took 0.220 seconds
[2025-05-06T07:39:26.573+0000] {processor.py:157} INFO - Started process (PID=697) to work on /home/airflow/.local/lib/python3.7/site-packages/airflow/example_dags/example_kubernetes_executor.py
[2025-05-06T07:39:26.574+0000] {processor.py:826} INFO - Processing file /home/airflow/.local/lib/python3.7/site-packages/airflow/example_dags/example_kubernetes_executor.py for tasks to queue
[2025-05-06T07:39:26.575+0000] {logging_mixin.py:149} INFO - [2025-05-06T07:39:26.575+0000] {dagbag.py:541} INFO - Filling up the DagBag from /home/airflow/.local/lib/python3.7/site-packages/airflow/example_dags/example_kubernetes_executor.py
[2025-05-06T07:39:26.731+0000] {processor.py:836} INFO - DAG(s) dict_keys(['example_kubernetes_executor']) retrieved from /home/airflow/.local/lib/python3.7/site-packages/airflow/example_dags/example_kubernetes_executor.py
[2025-05-06T07:39:26.764+0000] {logging_mixin.py:149} INFO - [2025-05-06T07:39:26.764+0000] {dag.py:2726} INFO - Sync 1 DAGs
[2025-05-06T07:39:26.784+0000] {logging_mixin.py:149} INFO - [2025-05-06T07:39:26.784+0000] {dag.py:3490} INFO - Setting next_dagrun for example_kubernetes_executor to None, run_after=None
[2025-05-06T07:39:26.802+0000] {processor.py:179} INFO - Processing /home/airflow/.local/lib/python3.7/site-packages/airflow/example_dags/example_kubernetes_executor.py took 0.231 seconds
[2025-05-06T07:39:57.041+0000] {processor.py:157} INFO - Started process (PID=774) to work on /home/airflow/.local/lib/python3.7/site-packages/airflow/example_dags/example_kubernetes_executor.py
[2025-05-06T07:39:57.042+0000] {processor.py:826} INFO - Processing file /home/airflow/.local/lib/python3.7/site-packages/airflow/example_dags/example_kubernetes_executor.py for tasks to queue
[2025-05-06T07:39:57.042+0000] {logging_mixin.py:149} INFO - [2025-05-06T07:39:57.042+0000] {dagbag.py:541} INFO - Filling up the DagBag from /home/airflow/.local/lib/python3.7/site-packages/airflow/example_dags/example_kubernetes_executor.py
[2025-05-06T07:39:57.185+0000] {processor.py:836} INFO - DAG(s) dict_keys(['example_kubernetes_executor']) retrieved from /home/airflow/.local/lib/python3.7/site-packages/airflow/example_dags/example_kubernetes_executor.py
[2025-05-06T07:39:57.218+0000] {logging_mixin.py:149} INFO - [2025-05-06T07:39:57.218+0000] {dag.py:2726} INFO - Sync 1 DAGs
[2025-05-06T07:39:57.240+0000] {logging_mixin.py:149} INFO - [2025-05-06T07:39:57.240+0000] {dag.py:3490} INFO - Setting next_dagrun for example_kubernetes_executor to None, run_after=None
[2025-05-06T07:39:57.259+0000] {processor.py:179} INFO - Processing /home/airflow/.local/lib/python3.7/site-packages/airflow/example_dags/example_kubernetes_executor.py took 0.220 seconds
[2025-05-06T07:40:27.619+0000] {processor.py:157} INFO - Started process (PID=851) to work on /home/airflow/.local/lib/python3.7/site-packages/airflow/example_dags/example_kubernetes_executor.py
[2025-05-06T07:40:27.620+0000] {processor.py:826} INFO - Processing file /home/airflow/.local/lib/python3.7/site-packages/airflow/example_dags/example_kubernetes_executor.py for tasks to queue
[2025-05-06T07:40:27.621+0000] {logging_mixin.py:149} INFO - [2025-05-06T07:40:27.621+0000] {dagbag.py:541} INFO - Filling up the DagBag from /home/airflow/.local/lib/python3.7/site-packages/airflow/example_dags/example_kubernetes_executor.py
[2025-05-06T07:40:27.764+0000] {processor.py:836} INFO - DAG(s) dict_keys(['example_kubernetes_executor']) retrieved from /home/airflow/.local/lib/python3.7/site-packages/airflow/example_dags/example_kubernetes_executor.py
[2025-05-06T07:40:27.794+0000] {logging_mixin.py:149} INFO - [2025-05-06T07:40:27.794+0000] {dag.py:2726} INFO - Sync 1 DAGs
[2025-05-06T07:40:27.814+0000] {logging_mixin.py:149} INFO - [2025-05-06T07:40:27.814+0000] {dag.py:3490} INFO - Setting next_dagrun for example_kubernetes_executor to None, run_after=None
[2025-05-06T07:40:27.834+0000] {processor.py:179} INFO - Processing /home/airflow/.local/lib/python3.7/site-packages/airflow/example_dags/example_kubernetes_executor.py took 0.218 seconds
[2025-05-06T07:40:58.072+0000] {processor.py:157} INFO - Started process (PID=928) to work on /home/airflow/.local/lib/python3.7/site-packages/airflow/example_dags/example_kubernetes_executor.py
[2025-05-06T07:40:58.073+0000] {processor.py:826} INFO - Processing file /home/airflow/.local/lib/python3.7/site-packages/airflow/example_dags/example_kubernetes_executor.py for tasks to queue
[2025-05-06T07:40:58.074+0000] {logging_mixin.py:149} INFO - [2025-05-06T07:40:58.073+0000] {dagbag.py:541} INFO - Filling up the DagBag from /home/airflow/.local/lib/python3.7/site-packages/airflow/example_dags/example_kubernetes_executor.py
[2025-05-06T07:40:58.219+0000] {processor.py:836} INFO - DAG(s) dict_keys(['example_kubernetes_executor']) retrieved from /home/airflow/.local/lib/python3.7/site-packages/airflow/example_dags/example_kubernetes_executor.py
[2025-05-06T07:40:58.252+0000] {logging_mixin.py:149} INFO - [2025-05-06T07:40:58.252+0000] {dag.py:2726} INFO - Sync 1 DAGs
[2025-05-06T07:40:58.272+0000] {logging_mixin.py:149} INFO - [2025-05-06T07:40:58.272+0000] {dag.py:3490} INFO - Setting next_dagrun for example_kubernetes_executor to None, run_after=None
[2025-05-06T07:40:58.288+0000] {processor.py:179} INFO - Processing /home/airflow/.local/lib/python3.7/site-packages/airflow/example_dags/example_kubernetes_executor.py took 0.218 seconds
[2025-05-06T07:41:28.496+0000] {processor.py:157} INFO - Started process (PID=1005) to work on /home/airflow/.local/lib/python3.7/site-packages/airflow/example_dags/example_kubernetes_executor.py
[2025-05-06T07:41:28.498+0000] {processor.py:826} INFO - Processing file /home/airflow/.local/lib/python3.7/site-packages/airflow/example_dags/example_kubernetes_executor.py for tasks to queue
[2025-05-06T07:41:28.498+0000] {logging_mixin.py:149} INFO - [2025-05-06T07:41:28.498+0000] {dagbag.py:541} INFO - Filling up the DagBag from /home/airflow/.local/lib/python3.7/site-packages/airflow/example_dags/example_kubernetes_executor.py
[2025-05-06T07:41:28.646+0000] {processor.py:836} INFO - DAG(s) dict_keys(['example_kubernetes_executor']) retrieved from /home/airflow/.local/lib/python3.7/site-packages/airflow/example_dags/example_kubernetes_executor.py
[2025-05-06T07:41:28.680+0000] {logging_mixin.py:149} INFO - [2025-05-06T07:41:28.679+0000] {dag.py:2726} INFO - Sync 1 DAGs
[2025-05-06T07:41:28.699+0000] {logging_mixin.py:149} INFO - [2025-05-06T07:41:28.699+0000] {dag.py:3490} INFO - Setting next_dagrun for example_kubernetes_executor to None, run_after=None
[2025-05-06T07:41:28.717+0000] {processor.py:179} INFO - Processing /home/airflow/.local/lib/python3.7/site-packages/airflow/example_dags/example_kubernetes_executor.py took 0.224 seconds
[2025-05-06T07:41:59.110+0000] {processor.py:157} INFO - Started process (PID=1082) to work on /home/airflow/.local/lib/python3.7/site-packages/airflow/example_dags/example_kubernetes_executor.py
[2025-05-06T07:41:59.111+0000] {processor.py:826} INFO - Processing file /home/airflow/.local/lib/python3.7/site-packages/airflow/example_dags/example_kubernetes_executor.py for tasks to queue
[2025-05-06T07:41:59.111+0000] {logging_mixin.py:149} INFO - [2025-05-06T07:41:59.111+0000] {dagbag.py:541} INFO - Filling up the DagBag from /home/airflow/.local/lib/python3.7/site-packages/airflow/example_dags/example_kubernetes_executor.py
[2025-05-06T07:41:59.254+0000] {processor.py:836} INFO - DAG(s) dict_keys(['example_kubernetes_executor']) retrieved from /home/airflow/.local/lib/python3.7/site-packages/airflow/example_dags/example_kubernetes_executor.py
[2025-05-06T07:41:59.287+0000] {logging_mixin.py:149} INFO - [2025-05-06T07:41:59.286+0000] {dag.py:2726} INFO - Sync 1 DAGs
[2025-05-06T07:41:59.308+0000] {logging_mixin.py:149} INFO - [2025-05-06T07:41:59.308+0000] {dag.py:3490} INFO - Setting next_dagrun for example_kubernetes_executor to None, run_after=None
[2025-05-06T07:41:59.326+0000] {processor.py:179} INFO - Processing /home/airflow/.local/lib/python3.7/site-packages/airflow/example_dags/example_kubernetes_executor.py took 0.219 seconds
[2025-05-06T07:42:30.361+0000] {processor.py:157} INFO - Started process (PID=1159) to work on /home/airflow/.local/lib/python3.7/site-packages/airflow/example_dags/example_kubernetes_executor.py
[2025-05-06T07:42:30.362+0000] {processor.py:826} INFO - Processing file /home/airflow/.local/lib/python3.7/site-packages/airflow/example_dags/example_kubernetes_executor.py for tasks to queue
[2025-05-06T07:42:30.363+0000] {logging_mixin.py:149} INFO - [2025-05-06T07:42:30.363+0000] {dagbag.py:541} INFO - Filling up the DagBag from /home/airflow/.local/lib/python3.7/site-packages/airflow/example_dags/example_kubernetes_executor.py
[2025-05-06T07:42:30.554+0000] {processor.py:836} INFO - DAG(s) dict_keys(['example_kubernetes_executor']) retrieved from /home/airflow/.local/lib/python3.7/site-packages/airflow/example_dags/example_kubernetes_executor.py
[2025-05-06T07:42:30.598+0000] {logging_mixin.py:149} INFO - [2025-05-06T07:42:30.598+0000] {dag.py:2726} INFO - Sync 1 DAGs
[2025-05-06T07:42:30.625+0000] {logging_mixin.py:149} INFO - [2025-05-06T07:42:30.625+0000] {dag.py:3490} INFO - Setting next_dagrun for example_kubernetes_executor to None, run_after=None
[2025-05-06T07:42:30.649+0000] {processor.py:179} INFO - Processing /home/airflow/.local/lib/python3.7/site-packages/airflow/example_dags/example_kubernetes_executor.py took 0.292 seconds
[2025-05-06T07:43:01.144+0000] {processor.py:157} INFO - Started process (PID=1236) to work on /home/airflow/.local/lib/python3.7/site-packages/airflow/example_dags/example_kubernetes_executor.py
[2025-05-06T07:43:01.146+0000] {processor.py:826} INFO - Processing file /home/airflow/.local/lib/python3.7/site-packages/airflow/example_dags/example_kubernetes_executor.py for tasks to queue
[2025-05-06T07:43:01.146+0000] {logging_mixin.py:149} INFO - [2025-05-06T07:43:01.146+0000] {dagbag.py:541} INFO - Filling up the DagBag from /home/airflow/.local/lib/python3.7/site-packages/airflow/example_dags/example_kubernetes_executor.py
[2025-05-06T07:43:01.293+0000] {processor.py:836} INFO - DAG(s) dict_keys(['example_kubernetes_executor']) retrieved from /home/airflow/.local/lib/python3.7/site-packages/airflow/example_dags/example_kubernetes_executor.py
[2025-05-06T07:43:01.325+0000] {logging_mixin.py:149} INFO - [2025-05-06T07:43:01.325+0000] {dag.py:2726} INFO - Sync 1 DAGs
[2025-05-06T07:43:01.344+0000] {logging_mixin.py:149} INFO - [2025-05-06T07:43:01.344+0000] {dag.py:3490} INFO - Setting next_dagrun for example_kubernetes_executor to None, run_after=None
[2025-05-06T07:43:01.361+0000] {processor.py:179} INFO - Processing /home/airflow/.local/lib/python3.7/site-packages/airflow/example_dags/example_kubernetes_executor.py took 0.219 seconds
[2025-05-06T07:43:31.664+0000] {processor.py:157} INFO - Started process (PID=1313) to work on /home/airflow/.local/lib/python3.7/site-packages/airflow/example_dags/example_kubernetes_executor.py
[2025-05-06T07:43:31.665+0000] {processor.py:826} INFO - Processing file /home/airflow/.local/lib/python3.7/site-packages/airflow/example_dags/example_kubernetes_executor.py for tasks to queue
[2025-05-06T07:43:31.666+0000] {logging_mixin.py:149} INFO - [2025-05-06T07:43:31.666+0000] {dagbag.py:541} INFO - Filling up the DagBag from /home/airflow/.local/lib/python3.7/site-packages/airflow/example_dags/example_kubernetes_executor.py
[2025-05-06T07:43:31.827+0000] {processor.py:836} INFO - DAG(s) dict_keys(['example_kubernetes_executor']) retrieved from /home/airflow/.local/lib/python3.7/site-packages/airflow/example_dags/example_kubernetes_executor.py
[2025-05-06T07:43:31.859+0000] {logging_mixin.py:149} INFO - [2025-05-06T07:43:31.859+0000] {dag.py:2726} INFO - Sync 1 DAGs
[2025-05-06T07:43:31.880+0000] {logging_mixin.py:149} INFO - [2025-05-06T07:43:31.879+0000] {dag.py:3490} INFO - Setting next_dagrun for example_kubernetes_executor to None, run_after=None
[2025-05-06T07:43:31.897+0000] {processor.py:179} INFO - Processing /home/airflow/.local/lib/python3.7/site-packages/airflow/example_dags/example_kubernetes_executor.py took 0.235 seconds
[2025-05-06T07:44:02.670+0000] {processor.py:157} INFO - Started process (PID=1390) to work on /home/airflow/.local/lib/python3.7/site-packages/airflow/example_dags/example_kubernetes_executor.py
[2025-05-06T07:44:02.671+0000] {processor.py:826} INFO - Processing file /home/airflow/.local/lib/python3.7/site-packages/airflow/example_dags/example_kubernetes_executor.py for tasks to queue
[2025-05-06T07:44:02.671+0000] {logging_mixin.py:149} INFO - [2025-05-06T07:44:02.671+0000] {dagbag.py:541} INFO - Filling up the DagBag from /home/airflow/.local/lib/python3.7/site-packages/airflow/example_dags/example_kubernetes_executor.py
[2025-05-06T07:44:02.892+0000] {processor.py:836} INFO - DAG(s) dict_keys(['example_kubernetes_executor']) retrieved from /home/airflow/.local/lib/python3.7/site-packages/airflow/example_dags/example_kubernetes_executor.py
[2025-05-06T07:44:02.939+0000] {logging_mixin.py:149} INFO - [2025-05-06T07:44:02.939+0000] {dag.py:2726} INFO - Sync 1 DAGs
[2025-05-06T07:44:02.977+0000] {logging_mixin.py:149} INFO - [2025-05-06T07:44:02.977+0000] {dag.py:3490} INFO - Setting next_dagrun for example_kubernetes_executor to None, run_after=None
[2025-05-06T07:44:03.009+0000] {processor.py:179} INFO - Processing /home/airflow/.local/lib/python3.7/site-packages/airflow/example_dags/example_kubernetes_executor.py took 0.343 seconds
[2025-05-06T07:44:33.599+0000] {processor.py:157} INFO - Started process (PID=1467) to work on /home/airflow/.local/lib/python3.7/site-packages/airflow/example_dags/example_kubernetes_executor.py
[2025-05-06T07:44:33.601+0000] {processor.py:826} INFO - Processing file /home/airflow/.local/lib/python3.7/site-packages/airflow/example_dags/example_kubernetes_executor.py for tasks to queue
[2025-05-06T07:44:33.602+0000] {logging_mixin.py:149} INFO - [2025-05-06T07:44:33.602+0000] {dagbag.py:541} INFO - Filling up the DagBag from /home/airflow/.local/lib/python3.7/site-packages/airflow/example_dags/example_kubernetes_executor.py
[2025-05-06T07:44:33.860+0000] {processor.py:836} INFO - DAG(s) dict_keys(['example_kubernetes_executor']) retrieved from /home/airflow/.local/lib/python3.7/site-packages/airflow/example_dags/example_kubernetes_executor.py
[2025-05-06T07:44:33.910+0000] {logging_mixin.py:149} INFO - [2025-05-06T07:44:33.910+0000] {dag.py:2726} INFO - Sync 1 DAGs
[2025-05-06T07:44:33.947+0000] {logging_mixin.py:149} INFO - [2025-05-06T07:44:33.946+0000] {dag.py:3490} INFO - Setting next_dagrun for example_kubernetes_executor to None, run_after=None
[2025-05-06T07:44:33.977+0000] {processor.py:179} INFO - Processing /home/airflow/.local/lib/python3.7/site-packages/airflow/example_dags/example_kubernetes_executor.py took 0.382 seconds
[2025-05-06T07:45:04.232+0000] {processor.py:157} INFO - Started process (PID=1544) to work on /home/airflow/.local/lib/python3.7/site-packages/airflow/example_dags/example_kubernetes_executor.py
[2025-05-06T07:45:04.233+0000] {processor.py:826} INFO - Processing file /home/airflow/.local/lib/python3.7/site-packages/airflow/example_dags/example_kubernetes_executor.py for tasks to queue
[2025-05-06T07:45:04.233+0000] {logging_mixin.py:149} INFO - [2025-05-06T07:45:04.233+0000] {dagbag.py:541} INFO - Filling up the DagBag from /home/airflow/.local/lib/python3.7/site-packages/airflow/example_dags/example_kubernetes_executor.py
[2025-05-06T07:45:04.411+0000] {processor.py:836} INFO - DAG(s) dict_keys(['example_kubernetes_executor']) retrieved from /home/airflow/.local/lib/python3.7/site-packages/airflow/example_dags/example_kubernetes_executor.py
[2025-05-06T07:45:04.443+0000] {logging_mixin.py:149} INFO - [2025-05-06T07:45:04.443+0000] {dag.py:2726} INFO - Sync 1 DAGs
[2025-05-06T07:45:04.463+0000] {logging_mixin.py:149} INFO - [2025-05-06T07:45:04.462+0000] {dag.py:3490} INFO - Setting next_dagrun for example_kubernetes_executor to None, run_after=None
[2025-05-06T07:45:04.480+0000] {processor.py:179} INFO - Processing /home/airflow/.local/lib/python3.7/site-packages/airflow/example_dags/example_kubernetes_executor.py took 0.251 seconds
[2025-05-06T07:45:34.807+0000] {processor.py:157} INFO - Started process (PID=1621) to work on /home/airflow/.local/lib/python3.7/site-packages/airflow/example_dags/example_kubernetes_executor.py
[2025-05-06T07:45:34.808+0000] {processor.py:826} INFO - Processing file /home/airflow/.local/lib/python3.7/site-packages/airflow/example_dags/example_kubernetes_executor.py for tasks to queue
[2025-05-06T07:45:34.809+0000] {logging_mixin.py:149} INFO - [2025-05-06T07:45:34.809+0000] {dagbag.py:541} INFO - Filling up the DagBag from /home/airflow/.local/lib/python3.7/site-packages/airflow/example_dags/example_kubernetes_executor.py
[2025-05-06T07:45:34.957+0000] {processor.py:836} INFO - DAG(s) dict_keys(['example_kubernetes_executor']) retrieved from /home/airflow/.local/lib/python3.7/site-packages/airflow/example_dags/example_kubernetes_executor.py
[2025-05-06T07:45:34.991+0000] {logging_mixin.py:149} INFO - [2025-05-06T07:45:34.991+0000] {dag.py:2726} INFO - Sync 1 DAGs
[2025-05-06T07:45:35.011+0000] {logging_mixin.py:149} INFO - [2025-05-06T07:45:35.011+0000] {dag.py:3490} INFO - Setting next_dagrun for example_kubernetes_executor to None, run_after=None
[2025-05-06T07:45:35.029+0000] {processor.py:179} INFO - Processing /home/airflow/.local/lib/python3.7/site-packages/airflow/example_dags/example_kubernetes_executor.py took 0.224 seconds
[2025-05-06T07:46:05.434+0000] {processor.py:157} INFO - Started process (PID=1699) to work on /home/airflow/.local/lib/python3.7/site-packages/airflow/example_dags/example_kubernetes_executor.py
[2025-05-06T07:46:05.435+0000] {processor.py:826} INFO - Processing file /home/airflow/.local/lib/python3.7/site-packages/airflow/example_dags/example_kubernetes_executor.py for tasks to queue
[2025-05-06T07:46:05.436+0000] {logging_mixin.py:149} INFO - [2025-05-06T07:46:05.436+0000] {dagbag.py:541} INFO - Filling up the DagBag from /home/airflow/.local/lib/python3.7/site-packages/airflow/example_dags/example_kubernetes_executor.py
[2025-05-06T07:46:05.584+0000] {processor.py:836} INFO - DAG(s) dict_keys(['example_kubernetes_executor']) retrieved from /home/airflow/.local/lib/python3.7/site-packages/airflow/example_dags/example_kubernetes_executor.py
[2025-05-06T07:46:05.616+0000] {logging_mixin.py:149} INFO - [2025-05-06T07:46:05.616+0000] {dag.py:2726} INFO - Sync 1 DAGs
[2025-05-06T07:46:05.638+0000] {logging_mixin.py:149} INFO - [2025-05-06T07:46:05.638+0000] {dag.py:3490} INFO - Setting next_dagrun for example_kubernetes_executor to None, run_after=None
[2025-05-06T07:46:05.656+0000] {processor.py:179} INFO - Processing /home/airflow/.local/lib/python3.7/site-packages/airflow/example_dags/example_kubernetes_executor.py took 0.225 seconds
[2025-05-06T07:46:36.096+0000] {processor.py:157} INFO - Started process (PID=1776) to work on /home/airflow/.local/lib/python3.7/site-packages/airflow/example_dags/example_kubernetes_executor.py
[2025-05-06T07:46:36.097+0000] {processor.py:826} INFO - Processing file /home/airflow/.local/lib/python3.7/site-packages/airflow/example_dags/example_kubernetes_executor.py for tasks to queue
[2025-05-06T07:46:36.098+0000] {logging_mixin.py:149} INFO - [2025-05-06T07:46:36.098+0000] {dagbag.py:541} INFO - Filling up the DagBag from /home/airflow/.local/lib/python3.7/site-packages/airflow/example_dags/example_kubernetes_executor.py
[2025-05-06T07:46:36.256+0000] {processor.py:836} INFO - DAG(s) dict_keys(['example_kubernetes_executor']) retrieved from /home/airflow/.local/lib/python3.7/site-packages/airflow/example_dags/example_kubernetes_executor.py
[2025-05-06T07:46:36.288+0000] {logging_mixin.py:149} INFO - [2025-05-06T07:46:36.288+0000] {dag.py:2726} INFO - Sync 1 DAGs
[2025-05-06T07:46:36.310+0000] {logging_mixin.py:149} INFO - [2025-05-06T07:46:36.310+0000] {dag.py:3490} INFO - Setting next_dagrun for example_kubernetes_executor to None, run_after=None
[2025-05-06T07:46:36.327+0000] {processor.py:179} INFO - Processing /home/airflow/.local/lib/python3.7/site-packages/airflow/example_dags/example_kubernetes_executor.py took 0.233 seconds
[2025-05-06T07:47:06.763+0000] {processor.py:157} INFO - Started process (PID=1853) to work on /home/airflow/.local/lib/python3.7/site-packages/airflow/example_dags/example_kubernetes_executor.py
[2025-05-06T07:47:06.764+0000] {processor.py:826} INFO - Processing file /home/airflow/.local/lib/python3.7/site-packages/airflow/example_dags/example_kubernetes_executor.py for tasks to queue
[2025-05-06T07:47:06.764+0000] {logging_mixin.py:149} INFO - [2025-05-06T07:47:06.764+0000] {dagbag.py:541} INFO - Filling up the DagBag from /home/airflow/.local/lib/python3.7/site-packages/airflow/example_dags/example_kubernetes_executor.py
[2025-05-06T07:47:06.917+0000] {processor.py:836} INFO - DAG(s) dict_keys(['example_kubernetes_executor']) retrieved from /home/airflow/.local/lib/python3.7/site-packages/airflow/example_dags/example_kubernetes_executor.py
[2025-05-06T07:47:06.952+0000] {logging_mixin.py:149} INFO - [2025-05-06T07:47:06.951+0000] {dag.py:2726} INFO - Sync 1 DAGs
[2025-05-06T07:47:06.971+0000] {logging_mixin.py:149} INFO - [2025-05-06T07:47:06.971+0000] {dag.py:3490} INFO - Setting next_dagrun for example_kubernetes_executor to None, run_after=None
[2025-05-06T07:47:06.990+0000] {processor.py:179} INFO - Processing /home/airflow/.local/lib/python3.7/site-packages/airflow/example_dags/example_kubernetes_executor.py took 0.230 seconds
[2025-05-06T07:47:37.882+0000] {processor.py:157} INFO - Started process (PID=1930) to work on /home/airflow/.local/lib/python3.7/site-packages/airflow/example_dags/example_kubernetes_executor.py
[2025-05-06T07:47:37.883+0000] {processor.py:826} INFO - Processing file /home/airflow/.local/lib/python3.7/site-packages/airflow/example_dags/example_kubernetes_executor.py for tasks to queue
[2025-05-06T07:47:37.883+0000] {logging_mixin.py:149} INFO - [2025-05-06T07:47:37.883+0000] {dagbag.py:541} INFO - Filling up the DagBag from /home/airflow/.local/lib/python3.7/site-packages/airflow/example_dags/example_kubernetes_executor.py
[2025-05-06T07:47:38.027+0000] {processor.py:836} INFO - DAG(s) dict_keys(['example_kubernetes_executor']) retrieved from /home/airflow/.local/lib/python3.7/site-packages/airflow/example_dags/example_kubernetes_executor.py
[2025-05-06T07:47:38.061+0000] {logging_mixin.py:149} INFO - [2025-05-06T07:47:38.060+0000] {dag.py:2726} INFO - Sync 1 DAGs
[2025-05-06T07:47:38.081+0000] {logging_mixin.py:149} INFO - [2025-05-06T07:47:38.081+0000] {dag.py:3490} INFO - Setting next_dagrun for example_kubernetes_executor to None, run_after=None
[2025-05-06T07:47:38.098+0000] {processor.py:179} INFO - Processing /home/airflow/.local/lib/python3.7/site-packages/airflow/example_dags/example_kubernetes_executor.py took 0.219 seconds
[2025-05-06T07:48:08.549+0000] {processor.py:157} INFO - Started process (PID=2007) to work on /home/airflow/.local/lib/python3.7/site-packages/airflow/example_dags/example_kubernetes_executor.py
[2025-05-06T07:48:08.550+0000] {processor.py:826} INFO - Processing file /home/airflow/.local/lib/python3.7/site-packages/airflow/example_dags/example_kubernetes_executor.py for tasks to queue
[2025-05-06T07:48:08.551+0000] {logging_mixin.py:149} INFO - [2025-05-06T07:48:08.551+0000] {dagbag.py:541} INFO - Filling up the DagBag from /home/airflow/.local/lib/python3.7/site-packages/airflow/example_dags/example_kubernetes_executor.py
[2025-05-06T07:48:08.703+0000] {processor.py:836} INFO - DAG(s) dict_keys(['example_kubernetes_executor']) retrieved from /home/airflow/.local/lib/python3.7/site-packages/airflow/example_dags/example_kubernetes_executor.py
[2025-05-06T07:48:08.736+0000] {logging_mixin.py:149} INFO - [2025-05-06T07:48:08.736+0000] {dag.py:2726} INFO - Sync 1 DAGs
[2025-05-06T07:48:08.758+0000] {logging_mixin.py:149} INFO - [2025-05-06T07:48:08.758+0000] {dag.py:3490} INFO - Setting next_dagrun for example_kubernetes_executor to None, run_after=None
[2025-05-06T07:48:08.775+0000] {processor.py:179} INFO - Processing /home/airflow/.local/lib/python3.7/site-packages/airflow/example_dags/example_kubernetes_executor.py took 0.229 seconds
[2025-05-06T07:48:39.402+0000] {processor.py:157} INFO - Started process (PID=2084) to work on /home/airflow/.local/lib/python3.7/site-packages/airflow/example_dags/example_kubernetes_executor.py
[2025-05-06T07:48:39.403+0000] {processor.py:826} INFO - Processing file /home/airflow/.local/lib/python3.7/site-packages/airflow/example_dags/example_kubernetes_executor.py for tasks to queue
[2025-05-06T07:48:39.404+0000] {logging_mixin.py:149} INFO - [2025-05-06T07:48:39.404+0000] {dagbag.py:541} INFO - Filling up the DagBag from /home/airflow/.local/lib/python3.7/site-packages/airflow/example_dags/example_kubernetes_executor.py
[2025-05-06T07:48:39.569+0000] {processor.py:836} INFO - DAG(s) dict_keys(['example_kubernetes_executor']) retrieved from /home/airflow/.local/lib/python3.7/site-packages/airflow/example_dags/example_kubernetes_executor.py
[2025-05-06T07:48:39.607+0000] {logging_mixin.py:149} INFO - [2025-05-06T07:48:39.607+0000] {dag.py:2726} INFO - Sync 1 DAGs
[2025-05-06T07:48:39.630+0000] {logging_mixin.py:149} INFO - [2025-05-06T07:48:39.630+0000] {dag.py:3490} INFO - Setting next_dagrun for example_kubernetes_executor to None, run_after=None
[2025-05-06T07:48:39.649+0000] {processor.py:179} INFO - Processing /home/airflow/.local/lib/python3.7/site-packages/airflow/example_dags/example_kubernetes_executor.py took 0.251 seconds
[2025-05-06T07:49:10.677+0000] {processor.py:157} INFO - Started process (PID=2161) to work on /home/airflow/.local/lib/python3.7/site-packages/airflow/example_dags/example_kubernetes_executor.py
[2025-05-06T07:49:10.678+0000] {processor.py:826} INFO - Processing file /home/airflow/.local/lib/python3.7/site-packages/airflow/example_dags/example_kubernetes_executor.py for tasks to queue
[2025-05-06T07:49:10.679+0000] {logging_mixin.py:149} INFO - [2025-05-06T07:49:10.679+0000] {dagbag.py:541} INFO - Filling up the DagBag from /home/airflow/.local/lib/python3.7/site-packages/airflow/example_dags/example_kubernetes_executor.py
[2025-05-06T07:49:10.836+0000] {processor.py:836} INFO - DAG(s) dict_keys(['example_kubernetes_executor']) retrieved from /home/airflow/.local/lib/python3.7/site-packages/airflow/example_dags/example_kubernetes_executor.py
[2025-05-06T07:49:10.875+0000] {logging_mixin.py:149} INFO - [2025-05-06T07:49:10.875+0000] {dag.py:2726} INFO - Sync 1 DAGs
[2025-05-06T07:49:10.903+0000] {logging_mixin.py:149} INFO - [2025-05-06T07:49:10.902+0000] {dag.py:3490} INFO - Setting next_dagrun for example_kubernetes_executor to None, run_after=None
[2025-05-06T07:49:10.922+0000] {processor.py:179} INFO - Processing /home/airflow/.local/lib/python3.7/site-packages/airflow/example_dags/example_kubernetes_executor.py took 0.248 seconds
[2025-05-06T07:49:41.808+0000] {processor.py:157} INFO - Started process (PID=2239) to work on /home/airflow/.local/lib/python3.7/site-packages/airflow/example_dags/example_kubernetes_executor.py
[2025-05-06T07:49:41.809+0000] {processor.py:826} INFO - Processing file /home/airflow/.local/lib/python3.7/site-packages/airflow/example_dags/example_kubernetes_executor.py for tasks to queue
[2025-05-06T07:49:41.810+0000] {logging_mixin.py:149} INFO - [2025-05-06T07:49:41.810+0000] {dagbag.py:541} INFO - Filling up the DagBag from /home/airflow/.local/lib/python3.7/site-packages/airflow/example_dags/example_kubernetes_executor.py
[2025-05-06T07:49:41.967+0000] {processor.py:836} INFO - DAG(s) dict_keys(['example_kubernetes_executor']) retrieved from /home/airflow/.local/lib/python3.7/site-packages/airflow/example_dags/example_kubernetes_executor.py
[2025-05-06T07:49:42.001+0000] {logging_mixin.py:149} INFO - [2025-05-06T07:49:42.000+0000] {dag.py:2726} INFO - Sync 1 DAGs
[2025-05-06T07:49:42.032+0000] {logging_mixin.py:149} INFO - [2025-05-06T07:49:42.032+0000] {dag.py:3490} INFO - Setting next_dagrun for example_kubernetes_executor to None, run_after=None
[2025-05-06T07:49:42.049+0000] {processor.py:179} INFO - Processing /home/airflow/.local/lib/python3.7/site-packages/airflow/example_dags/example_kubernetes_executor.py took 0.244 seconds
[2025-05-06T07:50:12.471+0000] {processor.py:157} INFO - Started process (PID=2315) to work on /home/airflow/.local/lib/python3.7/site-packages/airflow/example_dags/example_kubernetes_executor.py
[2025-05-06T07:50:12.473+0000] {processor.py:826} INFO - Processing file /home/airflow/.local/lib/python3.7/site-packages/airflow/example_dags/example_kubernetes_executor.py for tasks to queue
[2025-05-06T07:50:12.473+0000] {logging_mixin.py:149} INFO - [2025-05-06T07:50:12.473+0000] {dagbag.py:541} INFO - Filling up the DagBag from /home/airflow/.local/lib/python3.7/site-packages/airflow/example_dags/example_kubernetes_executor.py
[2025-05-06T07:50:12.670+0000] {processor.py:836} INFO - DAG(s) dict_keys(['example_kubernetes_executor']) retrieved from /home/airflow/.local/lib/python3.7/site-packages/airflow/example_dags/example_kubernetes_executor.py
[2025-05-06T07:50:12.711+0000] {logging_mixin.py:149} INFO - [2025-05-06T07:50:12.711+0000] {dag.py:2726} INFO - Sync 1 DAGs
[2025-05-06T07:50:12.745+0000] {logging_mixin.py:149} INFO - [2025-05-06T07:50:12.745+0000] {dag.py:3490} INFO - Setting next_dagrun for example_kubernetes_executor to None, run_after=None
[2025-05-06T07:50:12.768+0000] {processor.py:179} INFO - Processing /home/airflow/.local/lib/python3.7/site-packages/airflow/example_dags/example_kubernetes_executor.py took 0.301 seconds
[2025-05-06T07:50:43.315+0000] {processor.py:157} INFO - Started process (PID=2392) to work on /home/airflow/.local/lib/python3.7/site-packages/airflow/example_dags/example_kubernetes_executor.py
[2025-05-06T07:50:43.316+0000] {processor.py:826} INFO - Processing file /home/airflow/.local/lib/python3.7/site-packages/airflow/example_dags/example_kubernetes_executor.py for tasks to queue
[2025-05-06T07:50:43.317+0000] {logging_mixin.py:149} INFO - [2025-05-06T07:50:43.316+0000] {dagbag.py:541} INFO - Filling up the DagBag from /home/airflow/.local/lib/python3.7/site-packages/airflow/example_dags/example_kubernetes_executor.py
[2025-05-06T07:50:43.484+0000] {processor.py:836} INFO - DAG(s) dict_keys(['example_kubernetes_executor']) retrieved from /home/airflow/.local/lib/python3.7/site-packages/airflow/example_dags/example_kubernetes_executor.py
[2025-05-06T07:50:43.521+0000] {logging_mixin.py:149} INFO - [2025-05-06T07:50:43.521+0000] {dag.py:2726} INFO - Sync 1 DAGs
[2025-05-06T07:50:43.546+0000] {logging_mixin.py:149} INFO - [2025-05-06T07:50:43.546+0000] {dag.py:3490} INFO - Setting next_dagrun for example_kubernetes_executor to None, run_after=None
[2025-05-06T07:50:43.567+0000] {processor.py:179} INFO - Processing /home/airflow/.local/lib/python3.7/site-packages/airflow/example_dags/example_kubernetes_executor.py took 0.255 seconds
[2025-05-06T07:51:13.856+0000] {processor.py:157} INFO - Started process (PID=2469) to work on /home/airflow/.local/lib/python3.7/site-packages/airflow/example_dags/example_kubernetes_executor.py
[2025-05-06T07:51:13.857+0000] {processor.py:826} INFO - Processing file /home/airflow/.local/lib/python3.7/site-packages/airflow/example_dags/example_kubernetes_executor.py for tasks to queue
[2025-05-06T07:51:13.858+0000] {logging_mixin.py:149} INFO - [2025-05-06T07:51:13.858+0000] {dagbag.py:541} INFO - Filling up the DagBag from /home/airflow/.local/lib/python3.7/site-packages/airflow/example_dags/example_kubernetes_executor.py
[2025-05-06T07:51:14.006+0000] {processor.py:836} INFO - DAG(s) dict_keys(['example_kubernetes_executor']) retrieved from /home/airflow/.local/lib/python3.7/site-packages/airflow/example_dags/example_kubernetes_executor.py
[2025-05-06T07:51:14.040+0000] {logging_mixin.py:149} INFO - [2025-05-06T07:51:14.040+0000] {dag.py:2726} INFO - Sync 1 DAGs
[2025-05-06T07:51:14.062+0000] {logging_mixin.py:149} INFO - [2025-05-06T07:51:14.062+0000] {dag.py:3490} INFO - Setting next_dagrun for example_kubernetes_executor to None, run_after=None
[2025-05-06T07:51:14.080+0000] {processor.py:179} INFO - Processing /home/airflow/.local/lib/python3.7/site-packages/airflow/example_dags/example_kubernetes_executor.py took 0.226 seconds
[2025-05-06T07:51:44.381+0000] {processor.py:157} INFO - Started process (PID=2546) to work on /home/airflow/.local/lib/python3.7/site-packages/airflow/example_dags/example_kubernetes_executor.py
[2025-05-06T07:51:44.382+0000] {processor.py:826} INFO - Processing file /home/airflow/.local/lib/python3.7/site-packages/airflow/example_dags/example_kubernetes_executor.py for tasks to queue
[2025-05-06T07:51:44.383+0000] {logging_mixin.py:149} INFO - [2025-05-06T07:51:44.383+0000] {dagbag.py:541} INFO - Filling up the DagBag from /home/airflow/.local/lib/python3.7/site-packages/airflow/example_dags/example_kubernetes_executor.py
[2025-05-06T07:51:44.529+0000] {processor.py:836} INFO - DAG(s) dict_keys(['example_kubernetes_executor']) retrieved from /home/airflow/.local/lib/python3.7/site-packages/airflow/example_dags/example_kubernetes_executor.py
[2025-05-06T07:51:44.560+0000] {logging_mixin.py:149} INFO - [2025-05-06T07:51:44.560+0000] {dag.py:2726} INFO - Sync 1 DAGs
[2025-05-06T07:51:44.581+0000] {logging_mixin.py:149} INFO - [2025-05-06T07:51:44.581+0000] {dag.py:3490} INFO - Setting next_dagrun for example_kubernetes_executor to None, run_after=None
[2025-05-06T07:51:44.597+0000] {processor.py:179} INFO - Processing /home/airflow/.local/lib/python3.7/site-packages/airflow/example_dags/example_kubernetes_executor.py took 0.219 seconds
