[2025-05-06T07:35:20.371+0000] {processor.py:157} INFO - Started process (PID=87) to work on /home/airflow/.local/lib/python3.7/site-packages/airflow/example_dags/tutorial_taskflow_api.py
[2025-05-06T07:35:20.373+0000] {processor.py:826} INFO - Processing file /home/airflow/.local/lib/python3.7/site-packages/airflow/example_dags/tutorial_taskflow_api.py for tasks to queue
[2025-05-06T07:35:20.374+0000] {logging_mixin.py:149} INFO - [2025-05-06T07:35:20.374+0000] {dagbag.py:541} INFO - Filling up the DagBag from /home/airflow/.local/lib/python3.7/site-packages/airflow/example_dags/tutorial_taskflow_api.py
[2025-05-06T07:35:20.387+0000] {processor.py:836} INFO - DAG(s) dict_keys(['tutorial_taskflow_api']) retrieved from /home/airflow/.local/lib/python3.7/site-packages/airflow/example_dags/tutorial_taskflow_api.py
[2025-05-06T07:35:20.418+0000] {logging_mixin.py:149} INFO - [2025-05-06T07:35:20.418+0000] {dag.py:2726} INFO - Sync 1 DAGs
[2025-05-06T07:35:20.462+0000] {logging_mixin.py:149} INFO - [2025-05-06T07:35:20.462+0000] {dag.py:3490} INFO - Setting next_dagrun for tutorial_taskflow_api to None, run_after=None
[2025-05-06T07:35:20.491+0000] {processor.py:179} INFO - Processing /home/airflow/.local/lib/python3.7/site-packages/airflow/example_dags/tutorial_taskflow_api.py took 0.128 seconds
[2025-05-06T07:35:50.618+0000] {processor.py:157} INFO - Started process (PID=165) to work on /home/airflow/.local/lib/python3.7/site-packages/airflow/example_dags/tutorial_taskflow_api.py
[2025-05-06T07:35:50.620+0000] {processor.py:826} INFO - Processing file /home/airflow/.local/lib/python3.7/site-packages/airflow/example_dags/tutorial_taskflow_api.py for tasks to queue
[2025-05-06T07:35:50.621+0000] {logging_mixin.py:149} INFO - [2025-05-06T07:35:50.620+0000] {dagbag.py:541} INFO - Filling up the DagBag from /home/airflow/.local/lib/python3.7/site-packages/airflow/example_dags/tutorial_taskflow_api.py
[2025-05-06T07:35:50.627+0000] {processor.py:836} INFO - DAG(s) dict_keys(['tutorial_taskflow_api']) retrieved from /home/airflow/.local/lib/python3.7/site-packages/airflow/example_dags/tutorial_taskflow_api.py
[2025-05-06T07:35:50.653+0000] {logging_mixin.py:149} INFO - [2025-05-06T07:35:50.653+0000] {dag.py:2726} INFO - Sync 1 DAGs
[2025-05-06T07:35:50.682+0000] {logging_mixin.py:149} INFO - [2025-05-06T07:35:50.681+0000] {dag.py:3490} INFO - Setting next_dagrun for tutorial_taskflow_api to None, run_after=None
[2025-05-06T07:35:50.703+0000] {processor.py:179} INFO - Processing /home/airflow/.local/lib/python3.7/site-packages/airflow/example_dags/tutorial_taskflow_api.py took 0.088 seconds
[2025-05-06T07:36:22.433+0000] {processor.py:157} INFO - Started process (PID=242) to work on /home/airflow/.local/lib/python3.7/site-packages/airflow/example_dags/tutorial_taskflow_api.py
[2025-05-06T07:36:22.435+0000] {processor.py:826} INFO - Processing file /home/airflow/.local/lib/python3.7/site-packages/airflow/example_dags/tutorial_taskflow_api.py for tasks to queue
[2025-05-06T07:36:22.436+0000] {logging_mixin.py:149} INFO - [2025-05-06T07:36:22.436+0000] {dagbag.py:541} INFO - Filling up the DagBag from /home/airflow/.local/lib/python3.7/site-packages/airflow/example_dags/tutorial_taskflow_api.py
[2025-05-06T07:36:22.446+0000] {processor.py:836} INFO - DAG(s) dict_keys(['tutorial_taskflow_api']) retrieved from /home/airflow/.local/lib/python3.7/site-packages/airflow/example_dags/tutorial_taskflow_api.py
[2025-05-06T07:36:22.499+0000] {logging_mixin.py:149} INFO - [2025-05-06T07:36:22.499+0000] {dag.py:2726} INFO - Sync 1 DAGs
[2025-05-06T07:36:22.549+0000] {logging_mixin.py:149} INFO - [2025-05-06T07:36:22.548+0000] {dag.py:3490} INFO - Setting next_dagrun for tutorial_taskflow_api to None, run_after=None
[2025-05-06T07:36:22.587+0000] {processor.py:179} INFO - Processing /home/airflow/.local/lib/python3.7/site-packages/airflow/example_dags/tutorial_taskflow_api.py took 0.160 seconds
[2025-05-06T07:36:53.821+0000] {processor.py:157} INFO - Started process (PID=319) to work on /home/airflow/.local/lib/python3.7/site-packages/airflow/example_dags/tutorial_taskflow_api.py
[2025-05-06T07:36:53.824+0000] {processor.py:826} INFO - Processing file /home/airflow/.local/lib/python3.7/site-packages/airflow/example_dags/tutorial_taskflow_api.py for tasks to queue
[2025-05-06T07:36:53.826+0000] {logging_mixin.py:149} INFO - [2025-05-06T07:36:53.825+0000] {dagbag.py:541} INFO - Filling up the DagBag from /home/airflow/.local/lib/python3.7/site-packages/airflow/example_dags/tutorial_taskflow_api.py
[2025-05-06T07:36:53.839+0000] {processor.py:836} INFO - DAG(s) dict_keys(['tutorial_taskflow_api']) retrieved from /home/airflow/.local/lib/python3.7/site-packages/airflow/example_dags/tutorial_taskflow_api.py
[2025-05-06T07:36:53.888+0000] {logging_mixin.py:149} INFO - [2025-05-06T07:36:53.887+0000] {dag.py:2726} INFO - Sync 1 DAGs
[2025-05-06T07:36:53.937+0000] {logging_mixin.py:149} INFO - [2025-05-06T07:36:53.937+0000] {dag.py:3490} INFO - Setting next_dagrun for tutorial_taskflow_api to None, run_after=None
[2025-05-06T07:36:53.983+0000] {processor.py:179} INFO - Processing /home/airflow/.local/lib/python3.7/site-packages/airflow/example_dags/tutorial_taskflow_api.py took 0.169 seconds
[2025-05-06T07:37:24.267+0000] {processor.py:157} INFO - Started process (PID=396) to work on /home/airflow/.local/lib/python3.7/site-packages/airflow/example_dags/tutorial_taskflow_api.py
[2025-05-06T07:37:24.269+0000] {processor.py:826} INFO - Processing file /home/airflow/.local/lib/python3.7/site-packages/airflow/example_dags/tutorial_taskflow_api.py for tasks to queue
[2025-05-06T07:37:24.270+0000] {logging_mixin.py:149} INFO - [2025-05-06T07:37:24.270+0000] {dagbag.py:541} INFO - Filling up the DagBag from /home/airflow/.local/lib/python3.7/site-packages/airflow/example_dags/tutorial_taskflow_api.py
[2025-05-06T07:37:24.277+0000] {processor.py:836} INFO - DAG(s) dict_keys(['tutorial_taskflow_api']) retrieved from /home/airflow/.local/lib/python3.7/site-packages/airflow/example_dags/tutorial_taskflow_api.py
[2025-05-06T07:37:24.306+0000] {logging_mixin.py:149} INFO - [2025-05-06T07:37:24.306+0000] {dag.py:2726} INFO - Sync 1 DAGs
[2025-05-06T07:37:24.343+0000] {logging_mixin.py:149} INFO - [2025-05-06T07:37:24.343+0000] {dag.py:3490} INFO - Setting next_dagrun for tutorial_taskflow_api to None, run_after=None
[2025-05-06T07:37:24.373+0000] {processor.py:179} INFO - Processing /home/airflow/.local/lib/python3.7/site-packages/airflow/example_dags/tutorial_taskflow_api.py took 0.109 seconds
[2025-05-06T07:37:54.470+0000] {processor.py:157} INFO - Started process (PID=473) to work on /home/airflow/.local/lib/python3.7/site-packages/airflow/example_dags/tutorial_taskflow_api.py
[2025-05-06T07:37:54.471+0000] {processor.py:826} INFO - Processing file /home/airflow/.local/lib/python3.7/site-packages/airflow/example_dags/tutorial_taskflow_api.py for tasks to queue
[2025-05-06T07:37:54.472+0000] {logging_mixin.py:149} INFO - [2025-05-06T07:37:54.472+0000] {dagbag.py:541} INFO - Filling up the DagBag from /home/airflow/.local/lib/python3.7/site-packages/airflow/example_dags/tutorial_taskflow_api.py
[2025-05-06T07:37:54.480+0000] {processor.py:836} INFO - DAG(s) dict_keys(['tutorial_taskflow_api']) retrieved from /home/airflow/.local/lib/python3.7/site-packages/airflow/example_dags/tutorial_taskflow_api.py
[2025-05-06T07:37:54.505+0000] {logging_mixin.py:149} INFO - [2025-05-06T07:37:54.505+0000] {dag.py:2726} INFO - Sync 1 DAGs
[2025-05-06T07:37:54.531+0000] {logging_mixin.py:149} INFO - [2025-05-06T07:37:54.531+0000] {dag.py:3490} INFO - Setting next_dagrun for tutorial_taskflow_api to None, run_after=None
[2025-05-06T07:37:54.546+0000] {processor.py:179} INFO - Processing /home/airflow/.local/lib/python3.7/site-packages/airflow/example_dags/tutorial_taskflow_api.py took 0.080 seconds
[2025-05-06T07:38:25.863+0000] {processor.py:157} INFO - Started process (PID=550) to work on /home/airflow/.local/lib/python3.7/site-packages/airflow/example_dags/tutorial_taskflow_api.py
[2025-05-06T07:38:25.865+0000] {processor.py:826} INFO - Processing file /home/airflow/.local/lib/python3.7/site-packages/airflow/example_dags/tutorial_taskflow_api.py for tasks to queue
[2025-05-06T07:38:25.865+0000] {logging_mixin.py:149} INFO - [2025-05-06T07:38:25.865+0000] {dagbag.py:541} INFO - Filling up the DagBag from /home/airflow/.local/lib/python3.7/site-packages/airflow/example_dags/tutorial_taskflow_api.py
[2025-05-06T07:38:25.872+0000] {processor.py:836} INFO - DAG(s) dict_keys(['tutorial_taskflow_api']) retrieved from /home/airflow/.local/lib/python3.7/site-packages/airflow/example_dags/tutorial_taskflow_api.py
[2025-05-06T07:38:25.904+0000] {logging_mixin.py:149} INFO - [2025-05-06T07:38:25.903+0000] {dag.py:2726} INFO - Sync 1 DAGs
[2025-05-06T07:38:25.938+0000] {logging_mixin.py:149} INFO - [2025-05-06T07:38:25.938+0000] {dag.py:3490} INFO - Setting next_dagrun for tutorial_taskflow_api to None, run_after=None
[2025-05-06T07:38:25.965+0000] {processor.py:179} INFO - Processing /home/airflow/.local/lib/python3.7/site-packages/airflow/example_dags/tutorial_taskflow_api.py took 0.106 seconds
[2025-05-06T07:38:56.026+0000] {processor.py:157} INFO - Started process (PID=627) to work on /home/airflow/.local/lib/python3.7/site-packages/airflow/example_dags/tutorial_taskflow_api.py
[2025-05-06T07:38:56.026+0000] {processor.py:826} INFO - Processing file /home/airflow/.local/lib/python3.7/site-packages/airflow/example_dags/tutorial_taskflow_api.py for tasks to queue
[2025-05-06T07:38:56.027+0000] {logging_mixin.py:149} INFO - [2025-05-06T07:38:56.027+0000] {dagbag.py:541} INFO - Filling up the DagBag from /home/airflow/.local/lib/python3.7/site-packages/airflow/example_dags/tutorial_taskflow_api.py
[2025-05-06T07:38:56.032+0000] {processor.py:836} INFO - DAG(s) dict_keys(['tutorial_taskflow_api']) retrieved from /home/airflow/.local/lib/python3.7/site-packages/airflow/example_dags/tutorial_taskflow_api.py
[2025-05-06T07:38:56.054+0000] {logging_mixin.py:149} INFO - [2025-05-06T07:38:56.054+0000] {dag.py:2726} INFO - Sync 1 DAGs
[2025-05-06T07:38:56.073+0000] {logging_mixin.py:149} INFO - [2025-05-06T07:38:56.073+0000] {dag.py:3490} INFO - Setting next_dagrun for tutorial_taskflow_api to None, run_after=None
[2025-05-06T07:38:56.091+0000] {processor.py:179} INFO - Processing /home/airflow/.local/lib/python3.7/site-packages/airflow/example_dags/tutorial_taskflow_api.py took 0.068 seconds
[2025-05-06T07:39:26.963+0000] {processor.py:157} INFO - Started process (PID=704) to work on /home/airflow/.local/lib/python3.7/site-packages/airflow/example_dags/tutorial_taskflow_api.py
[2025-05-06T07:39:26.964+0000] {processor.py:826} INFO - Processing file /home/airflow/.local/lib/python3.7/site-packages/airflow/example_dags/tutorial_taskflow_api.py for tasks to queue
[2025-05-06T07:39:26.965+0000] {logging_mixin.py:149} INFO - [2025-05-06T07:39:26.965+0000] {dagbag.py:541} INFO - Filling up the DagBag from /home/airflow/.local/lib/python3.7/site-packages/airflow/example_dags/tutorial_taskflow_api.py
[2025-05-06T07:39:26.970+0000] {processor.py:836} INFO - DAG(s) dict_keys(['tutorial_taskflow_api']) retrieved from /home/airflow/.local/lib/python3.7/site-packages/airflow/example_dags/tutorial_taskflow_api.py
[2025-05-06T07:39:26.992+0000] {logging_mixin.py:149} INFO - [2025-05-06T07:39:26.992+0000] {dag.py:2726} INFO - Sync 1 DAGs
[2025-05-06T07:39:27.013+0000] {logging_mixin.py:149} INFO - [2025-05-06T07:39:27.012+0000] {dag.py:3490} INFO - Setting next_dagrun for tutorial_taskflow_api to None, run_after=None
[2025-05-06T07:39:27.030+0000] {processor.py:179} INFO - Processing /home/airflow/.local/lib/python3.7/site-packages/airflow/example_dags/tutorial_taskflow_api.py took 0.069 seconds
[2025-05-06T07:39:57.463+0000] {processor.py:157} INFO - Started process (PID=781) to work on /home/airflow/.local/lib/python3.7/site-packages/airflow/example_dags/tutorial_taskflow_api.py
[2025-05-06T07:39:57.464+0000] {processor.py:826} INFO - Processing file /home/airflow/.local/lib/python3.7/site-packages/airflow/example_dags/tutorial_taskflow_api.py for tasks to queue
[2025-05-06T07:39:57.465+0000] {logging_mixin.py:149} INFO - [2025-05-06T07:39:57.465+0000] {dagbag.py:541} INFO - Filling up the DagBag from /home/airflow/.local/lib/python3.7/site-packages/airflow/example_dags/tutorial_taskflow_api.py
[2025-05-06T07:39:57.469+0000] {processor.py:836} INFO - DAG(s) dict_keys(['tutorial_taskflow_api']) retrieved from /home/airflow/.local/lib/python3.7/site-packages/airflow/example_dags/tutorial_taskflow_api.py
[2025-05-06T07:39:57.491+0000] {logging_mixin.py:149} INFO - [2025-05-06T07:39:57.491+0000] {dag.py:2726} INFO - Sync 1 DAGs
[2025-05-06T07:39:57.513+0000] {logging_mixin.py:149} INFO - [2025-05-06T07:39:57.513+0000] {dag.py:3490} INFO - Setting next_dagrun for tutorial_taskflow_api to None, run_after=None
[2025-05-06T07:39:57.531+0000] {processor.py:179} INFO - Processing /home/airflow/.local/lib/python3.7/site-packages/airflow/example_dags/tutorial_taskflow_api.py took 0.071 seconds
[2025-05-06T07:40:28.043+0000] {processor.py:157} INFO - Started process (PID=858) to work on /home/airflow/.local/lib/python3.7/site-packages/airflow/example_dags/tutorial_taskflow_api.py
[2025-05-06T07:40:28.044+0000] {processor.py:826} INFO - Processing file /home/airflow/.local/lib/python3.7/site-packages/airflow/example_dags/tutorial_taskflow_api.py for tasks to queue
[2025-05-06T07:40:28.045+0000] {logging_mixin.py:149} INFO - [2025-05-06T07:40:28.044+0000] {dagbag.py:541} INFO - Filling up the DagBag from /home/airflow/.local/lib/python3.7/site-packages/airflow/example_dags/tutorial_taskflow_api.py
[2025-05-06T07:40:28.049+0000] {processor.py:836} INFO - DAG(s) dict_keys(['tutorial_taskflow_api']) retrieved from /home/airflow/.local/lib/python3.7/site-packages/airflow/example_dags/tutorial_taskflow_api.py
[2025-05-06T07:40:28.071+0000] {logging_mixin.py:149} INFO - [2025-05-06T07:40:28.071+0000] {dag.py:2726} INFO - Sync 1 DAGs
[2025-05-06T07:40:28.092+0000] {logging_mixin.py:149} INFO - [2025-05-06T07:40:28.092+0000] {dag.py:3490} INFO - Setting next_dagrun for tutorial_taskflow_api to None, run_after=None
[2025-05-06T07:40:28.111+0000] {processor.py:179} INFO - Processing /home/airflow/.local/lib/python3.7/site-packages/airflow/example_dags/tutorial_taskflow_api.py took 0.071 seconds
[2025-05-06T07:40:58.493+0000] {processor.py:157} INFO - Started process (PID=935) to work on /home/airflow/.local/lib/python3.7/site-packages/airflow/example_dags/tutorial_taskflow_api.py
[2025-05-06T07:40:58.494+0000] {processor.py:826} INFO - Processing file /home/airflow/.local/lib/python3.7/site-packages/airflow/example_dags/tutorial_taskflow_api.py for tasks to queue
[2025-05-06T07:40:58.495+0000] {logging_mixin.py:149} INFO - [2025-05-06T07:40:58.495+0000] {dagbag.py:541} INFO - Filling up the DagBag from /home/airflow/.local/lib/python3.7/site-packages/airflow/example_dags/tutorial_taskflow_api.py
[2025-05-06T07:40:58.500+0000] {processor.py:836} INFO - DAG(s) dict_keys(['tutorial_taskflow_api']) retrieved from /home/airflow/.local/lib/python3.7/site-packages/airflow/example_dags/tutorial_taskflow_api.py
[2025-05-06T07:40:58.522+0000] {logging_mixin.py:149} INFO - [2025-05-06T07:40:58.522+0000] {dag.py:2726} INFO - Sync 1 DAGs
[2025-05-06T07:40:58.542+0000] {logging_mixin.py:149} INFO - [2025-05-06T07:40:58.542+0000] {dag.py:3490} INFO - Setting next_dagrun for tutorial_taskflow_api to None, run_after=None
[2025-05-06T07:40:58.560+0000] {processor.py:179} INFO - Processing /home/airflow/.local/lib/python3.7/site-packages/airflow/example_dags/tutorial_taskflow_api.py took 0.069 seconds
[2025-05-06T07:41:29.005+0000] {processor.py:157} INFO - Started process (PID=1012) to work on /home/airflow/.local/lib/python3.7/site-packages/airflow/example_dags/tutorial_taskflow_api.py
[2025-05-06T07:41:29.007+0000] {processor.py:826} INFO - Processing file /home/airflow/.local/lib/python3.7/site-packages/airflow/example_dags/tutorial_taskflow_api.py for tasks to queue
[2025-05-06T07:41:29.007+0000] {logging_mixin.py:149} INFO - [2025-05-06T07:41:29.007+0000] {dagbag.py:541} INFO - Filling up the DagBag from /home/airflow/.local/lib/python3.7/site-packages/airflow/example_dags/tutorial_taskflow_api.py
[2025-05-06T07:41:29.012+0000] {processor.py:836} INFO - DAG(s) dict_keys(['tutorial_taskflow_api']) retrieved from /home/airflow/.local/lib/python3.7/site-packages/airflow/example_dags/tutorial_taskflow_api.py
[2025-05-06T07:41:29.037+0000] {logging_mixin.py:149} INFO - [2025-05-06T07:41:29.037+0000] {dag.py:2726} INFO - Sync 1 DAGs
[2025-05-06T07:41:29.057+0000] {logging_mixin.py:149} INFO - [2025-05-06T07:41:29.056+0000] {dag.py:3490} INFO - Setting next_dagrun for tutorial_taskflow_api to None, run_after=None
[2025-05-06T07:41:29.074+0000] {processor.py:179} INFO - Processing /home/airflow/.local/lib/python3.7/site-packages/airflow/example_dags/tutorial_taskflow_api.py took 0.071 seconds
[2025-05-06T07:41:59.528+0000] {processor.py:157} INFO - Started process (PID=1089) to work on /home/airflow/.local/lib/python3.7/site-packages/airflow/example_dags/tutorial_taskflow_api.py
[2025-05-06T07:41:59.530+0000] {processor.py:826} INFO - Processing file /home/airflow/.local/lib/python3.7/site-packages/airflow/example_dags/tutorial_taskflow_api.py for tasks to queue
[2025-05-06T07:41:59.530+0000] {logging_mixin.py:149} INFO - [2025-05-06T07:41:59.530+0000] {dagbag.py:541} INFO - Filling up the DagBag from /home/airflow/.local/lib/python3.7/site-packages/airflow/example_dags/tutorial_taskflow_api.py
[2025-05-06T07:41:59.536+0000] {processor.py:836} INFO - DAG(s) dict_keys(['tutorial_taskflow_api']) retrieved from /home/airflow/.local/lib/python3.7/site-packages/airflow/example_dags/tutorial_taskflow_api.py
[2025-05-06T07:41:59.566+0000] {logging_mixin.py:149} INFO - [2025-05-06T07:41:59.566+0000] {dag.py:2726} INFO - Sync 1 DAGs
[2025-05-06T07:41:59.600+0000] {logging_mixin.py:149} INFO - [2025-05-06T07:41:59.600+0000] {dag.py:3490} INFO - Setting next_dagrun for tutorial_taskflow_api to None, run_after=None
[2025-05-06T07:41:59.628+0000] {processor.py:179} INFO - Processing /home/airflow/.local/lib/python3.7/site-packages/airflow/example_dags/tutorial_taskflow_api.py took 0.103 seconds
[2025-05-06T07:42:30.914+0000] {processor.py:157} INFO - Started process (PID=1166) to work on /home/airflow/.local/lib/python3.7/site-packages/airflow/example_dags/tutorial_taskflow_api.py
[2025-05-06T07:42:30.915+0000] {processor.py:826} INFO - Processing file /home/airflow/.local/lib/python3.7/site-packages/airflow/example_dags/tutorial_taskflow_api.py for tasks to queue
[2025-05-06T07:42:30.916+0000] {logging_mixin.py:149} INFO - [2025-05-06T07:42:30.916+0000] {dagbag.py:541} INFO - Filling up the DagBag from /home/airflow/.local/lib/python3.7/site-packages/airflow/example_dags/tutorial_taskflow_api.py
[2025-05-06T07:42:30.922+0000] {processor.py:836} INFO - DAG(s) dict_keys(['tutorial_taskflow_api']) retrieved from /home/airflow/.local/lib/python3.7/site-packages/airflow/example_dags/tutorial_taskflow_api.py
[2025-05-06T07:42:30.950+0000] {logging_mixin.py:149} INFO - [2025-05-06T07:42:30.950+0000] {dag.py:2726} INFO - Sync 1 DAGs
[2025-05-06T07:42:30.977+0000] {logging_mixin.py:149} INFO - [2025-05-06T07:42:30.977+0000] {dag.py:3490} INFO - Setting next_dagrun for tutorial_taskflow_api to None, run_after=None
[2025-05-06T07:42:31.001+0000] {processor.py:179} INFO - Processing /home/airflow/.local/lib/python3.7/site-packages/airflow/example_dags/tutorial_taskflow_api.py took 0.091 seconds
[2025-05-06T07:43:01.566+0000] {processor.py:157} INFO - Started process (PID=1243) to work on /home/airflow/.local/lib/python3.7/site-packages/airflow/example_dags/tutorial_taskflow_api.py
[2025-05-06T07:43:01.567+0000] {processor.py:826} INFO - Processing file /home/airflow/.local/lib/python3.7/site-packages/airflow/example_dags/tutorial_taskflow_api.py for tasks to queue
[2025-05-06T07:43:01.568+0000] {logging_mixin.py:149} INFO - [2025-05-06T07:43:01.568+0000] {dagbag.py:541} INFO - Filling up the DagBag from /home/airflow/.local/lib/python3.7/site-packages/airflow/example_dags/tutorial_taskflow_api.py
[2025-05-06T07:43:01.572+0000] {processor.py:836} INFO - DAG(s) dict_keys(['tutorial_taskflow_api']) retrieved from /home/airflow/.local/lib/python3.7/site-packages/airflow/example_dags/tutorial_taskflow_api.py
[2025-05-06T07:43:01.593+0000] {logging_mixin.py:149} INFO - [2025-05-06T07:43:01.593+0000] {dag.py:2726} INFO - Sync 1 DAGs
[2025-05-06T07:43:01.614+0000] {logging_mixin.py:149} INFO - [2025-05-06T07:43:01.614+0000] {dag.py:3490} INFO - Setting next_dagrun for tutorial_taskflow_api to None, run_after=None
[2025-05-06T07:43:01.632+0000] {processor.py:179} INFO - Processing /home/airflow/.local/lib/python3.7/site-packages/airflow/example_dags/tutorial_taskflow_api.py took 0.068 seconds
[2025-05-06T07:43:32.101+0000] {processor.py:157} INFO - Started process (PID=1320) to work on /home/airflow/.local/lib/python3.7/site-packages/airflow/example_dags/tutorial_taskflow_api.py
[2025-05-06T07:43:32.102+0000] {processor.py:826} INFO - Processing file /home/airflow/.local/lib/python3.7/site-packages/airflow/example_dags/tutorial_taskflow_api.py for tasks to queue
[2025-05-06T07:43:32.103+0000] {logging_mixin.py:149} INFO - [2025-05-06T07:43:32.102+0000] {dagbag.py:541} INFO - Filling up the DagBag from /home/airflow/.local/lib/python3.7/site-packages/airflow/example_dags/tutorial_taskflow_api.py
[2025-05-06T07:43:32.107+0000] {processor.py:836} INFO - DAG(s) dict_keys(['tutorial_taskflow_api']) retrieved from /home/airflow/.local/lib/python3.7/site-packages/airflow/example_dags/tutorial_taskflow_api.py
[2025-05-06T07:43:32.129+0000] {logging_mixin.py:149} INFO - [2025-05-06T07:43:32.129+0000] {dag.py:2726} INFO - Sync 1 DAGs
[2025-05-06T07:43:32.149+0000] {logging_mixin.py:149} INFO - [2025-05-06T07:43:32.149+0000] {dag.py:3490} INFO - Setting next_dagrun for tutorial_taskflow_api to None, run_after=None
[2025-05-06T07:43:32.167+0000] {processor.py:179} INFO - Processing /home/airflow/.local/lib/python3.7/site-packages/airflow/example_dags/tutorial_taskflow_api.py took 0.069 seconds
[2025-05-06T07:44:03.450+0000] {processor.py:157} INFO - Started process (PID=1397) to work on /home/airflow/.local/lib/python3.7/site-packages/airflow/example_dags/tutorial_taskflow_api.py
[2025-05-06T07:44:03.452+0000] {processor.py:826} INFO - Processing file /home/airflow/.local/lib/python3.7/site-packages/airflow/example_dags/tutorial_taskflow_api.py for tasks to queue
[2025-05-06T07:44:03.453+0000] {logging_mixin.py:149} INFO - [2025-05-06T07:44:03.452+0000] {dagbag.py:541} INFO - Filling up the DagBag from /home/airflow/.local/lib/python3.7/site-packages/airflow/example_dags/tutorial_taskflow_api.py
[2025-05-06T07:44:03.461+0000] {processor.py:836} INFO - DAG(s) dict_keys(['tutorial_taskflow_api']) retrieved from /home/airflow/.local/lib/python3.7/site-packages/airflow/example_dags/tutorial_taskflow_api.py
[2025-05-06T07:44:03.497+0000] {logging_mixin.py:149} INFO - [2025-05-06T07:44:03.497+0000] {dag.py:2726} INFO - Sync 1 DAGs
[2025-05-06T07:44:03.534+0000] {logging_mixin.py:149} INFO - [2025-05-06T07:44:03.534+0000] {dag.py:3490} INFO - Setting next_dagrun for tutorial_taskflow_api to None, run_after=None
[2025-05-06T07:44:03.562+0000] {processor.py:179} INFO - Processing /home/airflow/.local/lib/python3.7/site-packages/airflow/example_dags/tutorial_taskflow_api.py took 0.117 seconds
[2025-05-06T07:44:34.255+0000] {processor.py:157} INFO - Started process (PID=1474) to work on /home/airflow/.local/lib/python3.7/site-packages/airflow/example_dags/tutorial_taskflow_api.py
[2025-05-06T07:44:34.256+0000] {processor.py:826} INFO - Processing file /home/airflow/.local/lib/python3.7/site-packages/airflow/example_dags/tutorial_taskflow_api.py for tasks to queue
[2025-05-06T07:44:34.257+0000] {logging_mixin.py:149} INFO - [2025-05-06T07:44:34.257+0000] {dagbag.py:541} INFO - Filling up the DagBag from /home/airflow/.local/lib/python3.7/site-packages/airflow/example_dags/tutorial_taskflow_api.py
[2025-05-06T07:44:34.263+0000] {processor.py:836} INFO - DAG(s) dict_keys(['tutorial_taskflow_api']) retrieved from /home/airflow/.local/lib/python3.7/site-packages/airflow/example_dags/tutorial_taskflow_api.py
[2025-05-06T07:44:34.305+0000] {logging_mixin.py:149} INFO - [2025-05-06T07:44:34.305+0000] {dag.py:2726} INFO - Sync 1 DAGs
[2025-05-06T07:44:34.352+0000] {logging_mixin.py:149} INFO - [2025-05-06T07:44:34.352+0000] {dag.py:3490} INFO - Setting next_dagrun for tutorial_taskflow_api to None, run_after=None
[2025-05-06T07:44:34.388+0000] {processor.py:179} INFO - Processing /home/airflow/.local/lib/python3.7/site-packages/airflow/example_dags/tutorial_taskflow_api.py took 0.137 seconds
[2025-05-06T07:45:04.689+0000] {processor.py:157} INFO - Started process (PID=1551) to work on /home/airflow/.local/lib/python3.7/site-packages/airflow/example_dags/tutorial_taskflow_api.py
[2025-05-06T07:45:04.691+0000] {processor.py:826} INFO - Processing file /home/airflow/.local/lib/python3.7/site-packages/airflow/example_dags/tutorial_taskflow_api.py for tasks to queue
[2025-05-06T07:45:04.691+0000] {logging_mixin.py:149} INFO - [2025-05-06T07:45:04.691+0000] {dagbag.py:541} INFO - Filling up the DagBag from /home/airflow/.local/lib/python3.7/site-packages/airflow/example_dags/tutorial_taskflow_api.py
[2025-05-06T07:45:04.696+0000] {processor.py:836} INFO - DAG(s) dict_keys(['tutorial_taskflow_api']) retrieved from /home/airflow/.local/lib/python3.7/site-packages/airflow/example_dags/tutorial_taskflow_api.py
[2025-05-06T07:45:04.717+0000] {logging_mixin.py:149} INFO - [2025-05-06T07:45:04.717+0000] {dag.py:2726} INFO - Sync 1 DAGs
[2025-05-06T07:45:04.737+0000] {logging_mixin.py:149} INFO - [2025-05-06T07:45:04.737+0000] {dag.py:3490} INFO - Setting next_dagrun for tutorial_taskflow_api to None, run_after=None
[2025-05-06T07:45:04.754+0000] {processor.py:179} INFO - Processing /home/airflow/.local/lib/python3.7/site-packages/airflow/example_dags/tutorial_taskflow_api.py took 0.068 seconds
[2025-05-06T07:45:35.325+0000] {processor.py:157} INFO - Started process (PID=1628) to work on /home/airflow/.local/lib/python3.7/site-packages/airflow/example_dags/tutorial_taskflow_api.py
[2025-05-06T07:45:35.326+0000] {processor.py:826} INFO - Processing file /home/airflow/.local/lib/python3.7/site-packages/airflow/example_dags/tutorial_taskflow_api.py for tasks to queue
[2025-05-06T07:45:35.326+0000] {logging_mixin.py:149} INFO - [2025-05-06T07:45:35.326+0000] {dagbag.py:541} INFO - Filling up the DagBag from /home/airflow/.local/lib/python3.7/site-packages/airflow/example_dags/tutorial_taskflow_api.py
[2025-05-06T07:45:35.331+0000] {processor.py:836} INFO - DAG(s) dict_keys(['tutorial_taskflow_api']) retrieved from /home/airflow/.local/lib/python3.7/site-packages/airflow/example_dags/tutorial_taskflow_api.py
[2025-05-06T07:45:35.353+0000] {logging_mixin.py:149} INFO - [2025-05-06T07:45:35.353+0000] {dag.py:2726} INFO - Sync 1 DAGs
[2025-05-06T07:45:35.373+0000] {logging_mixin.py:149} INFO - [2025-05-06T07:45:35.372+0000] {dag.py:3490} INFO - Setting next_dagrun for tutorial_taskflow_api to None, run_after=None
[2025-05-06T07:45:35.391+0000] {processor.py:179} INFO - Processing /home/airflow/.local/lib/python3.7/site-packages/airflow/example_dags/tutorial_taskflow_api.py took 0.068 seconds
[2025-05-06T07:46:05.866+0000] {processor.py:157} INFO - Started process (PID=1706) to work on /home/airflow/.local/lib/python3.7/site-packages/airflow/example_dags/tutorial_taskflow_api.py
[2025-05-06T07:46:05.867+0000] {processor.py:826} INFO - Processing file /home/airflow/.local/lib/python3.7/site-packages/airflow/example_dags/tutorial_taskflow_api.py for tasks to queue
[2025-05-06T07:46:05.868+0000] {logging_mixin.py:149} INFO - [2025-05-06T07:46:05.868+0000] {dagbag.py:541} INFO - Filling up the DagBag from /home/airflow/.local/lib/python3.7/site-packages/airflow/example_dags/tutorial_taskflow_api.py
[2025-05-06T07:46:05.874+0000] {processor.py:836} INFO - DAG(s) dict_keys(['tutorial_taskflow_api']) retrieved from /home/airflow/.local/lib/python3.7/site-packages/airflow/example_dags/tutorial_taskflow_api.py
[2025-05-06T07:46:05.896+0000] {logging_mixin.py:149} INFO - [2025-05-06T07:46:05.896+0000] {dag.py:2726} INFO - Sync 1 DAGs
[2025-05-06T07:46:05.920+0000] {logging_mixin.py:149} INFO - [2025-05-06T07:46:05.919+0000] {dag.py:3490} INFO - Setting next_dagrun for tutorial_taskflow_api to None, run_after=None
[2025-05-06T07:46:05.936+0000] {processor.py:179} INFO - Processing /home/airflow/.local/lib/python3.7/site-packages/airflow/example_dags/tutorial_taskflow_api.py took 0.073 seconds
[2025-05-06T07:46:36.619+0000] {processor.py:157} INFO - Started process (PID=1783) to work on /home/airflow/.local/lib/python3.7/site-packages/airflow/example_dags/tutorial_taskflow_api.py
[2025-05-06T07:46:36.620+0000] {processor.py:826} INFO - Processing file /home/airflow/.local/lib/python3.7/site-packages/airflow/example_dags/tutorial_taskflow_api.py for tasks to queue
[2025-05-06T07:46:36.621+0000] {logging_mixin.py:149} INFO - [2025-05-06T07:46:36.621+0000] {dagbag.py:541} INFO - Filling up the DagBag from /home/airflow/.local/lib/python3.7/site-packages/airflow/example_dags/tutorial_taskflow_api.py
[2025-05-06T07:46:36.626+0000] {processor.py:836} INFO - DAG(s) dict_keys(['tutorial_taskflow_api']) retrieved from /home/airflow/.local/lib/python3.7/site-packages/airflow/example_dags/tutorial_taskflow_api.py
[2025-05-06T07:46:36.650+0000] {logging_mixin.py:149} INFO - [2025-05-06T07:46:36.650+0000] {dag.py:2726} INFO - Sync 1 DAGs
[2025-05-06T07:46:36.671+0000] {logging_mixin.py:149} INFO - [2025-05-06T07:46:36.671+0000] {dag.py:3490} INFO - Setting next_dagrun for tutorial_taskflow_api to None, run_after=None
[2025-05-06T07:46:36.690+0000] {processor.py:179} INFO - Processing /home/airflow/.local/lib/python3.7/site-packages/airflow/example_dags/tutorial_taskflow_api.py took 0.074 seconds
[2025-05-06T07:47:07.324+0000] {processor.py:157} INFO - Started process (PID=1860) to work on /home/airflow/.local/lib/python3.7/site-packages/airflow/example_dags/tutorial_taskflow_api.py
[2025-05-06T07:47:07.326+0000] {processor.py:826} INFO - Processing file /home/airflow/.local/lib/python3.7/site-packages/airflow/example_dags/tutorial_taskflow_api.py for tasks to queue
[2025-05-06T07:47:07.327+0000] {logging_mixin.py:149} INFO - [2025-05-06T07:47:07.326+0000] {dagbag.py:541} INFO - Filling up the DagBag from /home/airflow/.local/lib/python3.7/site-packages/airflow/example_dags/tutorial_taskflow_api.py
[2025-05-06T07:47:07.333+0000] {processor.py:836} INFO - DAG(s) dict_keys(['tutorial_taskflow_api']) retrieved from /home/airflow/.local/lib/python3.7/site-packages/airflow/example_dags/tutorial_taskflow_api.py
[2025-05-06T07:47:07.361+0000] {logging_mixin.py:149} INFO - [2025-05-06T07:47:07.361+0000] {dag.py:2726} INFO - Sync 1 DAGs
[2025-05-06T07:47:07.389+0000] {logging_mixin.py:149} INFO - [2025-05-06T07:47:07.389+0000] {dag.py:3490} INFO - Setting next_dagrun for tutorial_taskflow_api to None, run_after=None
[2025-05-06T07:47:07.412+0000] {processor.py:179} INFO - Processing /home/airflow/.local/lib/python3.7/site-packages/airflow/example_dags/tutorial_taskflow_api.py took 0.092 seconds
[2025-05-06T07:47:38.321+0000] {processor.py:157} INFO - Started process (PID=1937) to work on /home/airflow/.local/lib/python3.7/site-packages/airflow/example_dags/tutorial_taskflow_api.py
[2025-05-06T07:47:38.322+0000] {processor.py:826} INFO - Processing file /home/airflow/.local/lib/python3.7/site-packages/airflow/example_dags/tutorial_taskflow_api.py for tasks to queue
[2025-05-06T07:47:38.322+0000] {logging_mixin.py:149} INFO - [2025-05-06T07:47:38.322+0000] {dagbag.py:541} INFO - Filling up the DagBag from /home/airflow/.local/lib/python3.7/site-packages/airflow/example_dags/tutorial_taskflow_api.py
[2025-05-06T07:47:38.328+0000] {processor.py:836} INFO - DAG(s) dict_keys(['tutorial_taskflow_api']) retrieved from /home/airflow/.local/lib/python3.7/site-packages/airflow/example_dags/tutorial_taskflow_api.py
[2025-05-06T07:47:38.354+0000] {logging_mixin.py:149} INFO - [2025-05-06T07:47:38.354+0000] {dag.py:2726} INFO - Sync 1 DAGs
[2025-05-06T07:47:38.377+0000] {logging_mixin.py:149} INFO - [2025-05-06T07:47:38.377+0000] {dag.py:3490} INFO - Setting next_dagrun for tutorial_taskflow_api to None, run_after=None
[2025-05-06T07:47:38.399+0000] {processor.py:179} INFO - Processing /home/airflow/.local/lib/python3.7/site-packages/airflow/example_dags/tutorial_taskflow_api.py took 0.081 seconds
[2025-05-06T07:48:09.152+0000] {processor.py:157} INFO - Started process (PID=2014) to work on /home/airflow/.local/lib/python3.7/site-packages/airflow/example_dags/tutorial_taskflow_api.py
[2025-05-06T07:48:09.153+0000] {processor.py:826} INFO - Processing file /home/airflow/.local/lib/python3.7/site-packages/airflow/example_dags/tutorial_taskflow_api.py for tasks to queue
[2025-05-06T07:48:09.154+0000] {logging_mixin.py:149} INFO - [2025-05-06T07:48:09.154+0000] {dagbag.py:541} INFO - Filling up the DagBag from /home/airflow/.local/lib/python3.7/site-packages/airflow/example_dags/tutorial_taskflow_api.py
[2025-05-06T07:48:09.160+0000] {processor.py:836} INFO - DAG(s) dict_keys(['tutorial_taskflow_api']) retrieved from /home/airflow/.local/lib/python3.7/site-packages/airflow/example_dags/tutorial_taskflow_api.py
[2025-05-06T07:48:09.183+0000] {logging_mixin.py:149} INFO - [2025-05-06T07:48:09.183+0000] {dag.py:2726} INFO - Sync 1 DAGs
[2025-05-06T07:48:09.205+0000] {logging_mixin.py:149} INFO - [2025-05-06T07:48:09.205+0000] {dag.py:3490} INFO - Setting next_dagrun for tutorial_taskflow_api to None, run_after=None
[2025-05-06T07:48:09.222+0000] {processor.py:179} INFO - Processing /home/airflow/.local/lib/python3.7/site-packages/airflow/example_dags/tutorial_taskflow_api.py took 0.073 seconds
[2025-05-06T07:48:39.909+0000] {processor.py:157} INFO - Started process (PID=2091) to work on /home/airflow/.local/lib/python3.7/site-packages/airflow/example_dags/tutorial_taskflow_api.py
[2025-05-06T07:48:39.912+0000] {processor.py:826} INFO - Processing file /home/airflow/.local/lib/python3.7/site-packages/airflow/example_dags/tutorial_taskflow_api.py for tasks to queue
[2025-05-06T07:48:39.914+0000] {logging_mixin.py:149} INFO - [2025-05-06T07:48:39.913+0000] {dagbag.py:541} INFO - Filling up the DagBag from /home/airflow/.local/lib/python3.7/site-packages/airflow/example_dags/tutorial_taskflow_api.py
[2025-05-06T07:48:39.922+0000] {processor.py:836} INFO - DAG(s) dict_keys(['tutorial_taskflow_api']) retrieved from /home/airflow/.local/lib/python3.7/site-packages/airflow/example_dags/tutorial_taskflow_api.py
[2025-05-06T07:48:39.947+0000] {logging_mixin.py:149} INFO - [2025-05-06T07:48:39.947+0000] {dag.py:2726} INFO - Sync 1 DAGs
[2025-05-06T07:48:39.984+0000] {logging_mixin.py:149} INFO - [2025-05-06T07:48:39.984+0000] {dag.py:3490} INFO - Setting next_dagrun for tutorial_taskflow_api to None, run_after=None
[2025-05-06T07:48:40.003+0000] {processor.py:179} INFO - Processing /home/airflow/.local/lib/python3.7/site-packages/airflow/example_dags/tutorial_taskflow_api.py took 0.100 seconds
[2025-05-06T07:49:11.151+0000] {processor.py:157} INFO - Started process (PID=2168) to work on /home/airflow/.local/lib/python3.7/site-packages/airflow/example_dags/tutorial_taskflow_api.py
[2025-05-06T07:49:11.152+0000] {processor.py:826} INFO - Processing file /home/airflow/.local/lib/python3.7/site-packages/airflow/example_dags/tutorial_taskflow_api.py for tasks to queue
[2025-05-06T07:49:11.153+0000] {logging_mixin.py:149} INFO - [2025-05-06T07:49:11.153+0000] {dagbag.py:541} INFO - Filling up the DagBag from /home/airflow/.local/lib/python3.7/site-packages/airflow/example_dags/tutorial_taskflow_api.py
[2025-05-06T07:49:11.159+0000] {processor.py:836} INFO - DAG(s) dict_keys(['tutorial_taskflow_api']) retrieved from /home/airflow/.local/lib/python3.7/site-packages/airflow/example_dags/tutorial_taskflow_api.py
[2025-05-06T07:49:11.188+0000] {logging_mixin.py:149} INFO - [2025-05-06T07:49:11.187+0000] {dag.py:2726} INFO - Sync 1 DAGs
[2025-05-06T07:49:11.218+0000] {logging_mixin.py:149} INFO - [2025-05-06T07:49:11.217+0000] {dag.py:3490} INFO - Setting next_dagrun for tutorial_taskflow_api to None, run_after=None
[2025-05-06T07:49:11.243+0000] {processor.py:179} INFO - Processing /home/airflow/.local/lib/python3.7/site-packages/airflow/example_dags/tutorial_taskflow_api.py took 0.096 seconds
[2025-05-06T07:49:42.173+0000] {processor.py:157} INFO - Started process (PID=2245) to work on /home/airflow/.local/lib/python3.7/site-packages/airflow/example_dags/tutorial_taskflow_api.py
[2025-05-06T07:49:42.174+0000] {processor.py:826} INFO - Processing file /home/airflow/.local/lib/python3.7/site-packages/airflow/example_dags/tutorial_taskflow_api.py for tasks to queue
[2025-05-06T07:49:42.175+0000] {logging_mixin.py:149} INFO - [2025-05-06T07:49:42.174+0000] {dagbag.py:541} INFO - Filling up the DagBag from /home/airflow/.local/lib/python3.7/site-packages/airflow/example_dags/tutorial_taskflow_api.py
[2025-05-06T07:49:42.180+0000] {processor.py:836} INFO - DAG(s) dict_keys(['tutorial_taskflow_api']) retrieved from /home/airflow/.local/lib/python3.7/site-packages/airflow/example_dags/tutorial_taskflow_api.py
[2025-05-06T07:49:42.205+0000] {logging_mixin.py:149} INFO - [2025-05-06T07:49:42.205+0000] {dag.py:2726} INFO - Sync 1 DAGs
[2025-05-06T07:49:42.228+0000] {logging_mixin.py:149} INFO - [2025-05-06T07:49:42.227+0000] {dag.py:3490} INFO - Setting next_dagrun for tutorial_taskflow_api to None, run_after=None
[2025-05-06T07:49:42.247+0000] {processor.py:179} INFO - Processing /home/airflow/.local/lib/python3.7/site-packages/airflow/example_dags/tutorial_taskflow_api.py took 0.078 seconds
[2025-05-06T07:50:12.985+0000] {processor.py:157} INFO - Started process (PID=2322) to work on /home/airflow/.local/lib/python3.7/site-packages/airflow/example_dags/tutorial_taskflow_api.py
[2025-05-06T07:50:12.986+0000] {processor.py:826} INFO - Processing file /home/airflow/.local/lib/python3.7/site-packages/airflow/example_dags/tutorial_taskflow_api.py for tasks to queue
[2025-05-06T07:50:12.987+0000] {logging_mixin.py:149} INFO - [2025-05-06T07:50:12.987+0000] {dagbag.py:541} INFO - Filling up the DagBag from /home/airflow/.local/lib/python3.7/site-packages/airflow/example_dags/tutorial_taskflow_api.py
[2025-05-06T07:50:12.991+0000] {processor.py:836} INFO - DAG(s) dict_keys(['tutorial_taskflow_api']) retrieved from /home/airflow/.local/lib/python3.7/site-packages/airflow/example_dags/tutorial_taskflow_api.py
[2025-05-06T07:50:13.014+0000] {logging_mixin.py:149} INFO - [2025-05-06T07:50:13.013+0000] {dag.py:2726} INFO - Sync 1 DAGs
[2025-05-06T07:50:13.035+0000] {logging_mixin.py:149} INFO - [2025-05-06T07:50:13.035+0000] {dag.py:3490} INFO - Setting next_dagrun for tutorial_taskflow_api to None, run_after=None
[2025-05-06T07:50:13.051+0000] {processor.py:179} INFO - Processing /home/airflow/.local/lib/python3.7/site-packages/airflow/example_dags/tutorial_taskflow_api.py took 0.069 seconds
[2025-05-06T07:50:43.786+0000] {processor.py:157} INFO - Started process (PID=2399) to work on /home/airflow/.local/lib/python3.7/site-packages/airflow/example_dags/tutorial_taskflow_api.py
[2025-05-06T07:50:43.787+0000] {processor.py:826} INFO - Processing file /home/airflow/.local/lib/python3.7/site-packages/airflow/example_dags/tutorial_taskflow_api.py for tasks to queue
[2025-05-06T07:50:43.788+0000] {logging_mixin.py:149} INFO - [2025-05-06T07:50:43.787+0000] {dagbag.py:541} INFO - Filling up the DagBag from /home/airflow/.local/lib/python3.7/site-packages/airflow/example_dags/tutorial_taskflow_api.py
[2025-05-06T07:50:43.793+0000] {processor.py:836} INFO - DAG(s) dict_keys(['tutorial_taskflow_api']) retrieved from /home/airflow/.local/lib/python3.7/site-packages/airflow/example_dags/tutorial_taskflow_api.py
[2025-05-06T07:50:43.814+0000] {logging_mixin.py:149} INFO - [2025-05-06T07:50:43.813+0000] {dag.py:2726} INFO - Sync 1 DAGs
[2025-05-06T07:50:43.835+0000] {logging_mixin.py:149} INFO - [2025-05-06T07:50:43.835+0000] {dag.py:3490} INFO - Setting next_dagrun for tutorial_taskflow_api to None, run_after=None
[2025-05-06T07:50:43.854+0000] {processor.py:179} INFO - Processing /home/airflow/.local/lib/python3.7/site-packages/airflow/example_dags/tutorial_taskflow_api.py took 0.071 seconds
[2025-05-06T07:51:14.294+0000] {processor.py:157} INFO - Started process (PID=2476) to work on /home/airflow/.local/lib/python3.7/site-packages/airflow/example_dags/tutorial_taskflow_api.py
[2025-05-06T07:51:14.295+0000] {processor.py:826} INFO - Processing file /home/airflow/.local/lib/python3.7/site-packages/airflow/example_dags/tutorial_taskflow_api.py for tasks to queue
[2025-05-06T07:51:14.296+0000] {logging_mixin.py:149} INFO - [2025-05-06T07:51:14.296+0000] {dagbag.py:541} INFO - Filling up the DagBag from /home/airflow/.local/lib/python3.7/site-packages/airflow/example_dags/tutorial_taskflow_api.py
[2025-05-06T07:51:14.302+0000] {processor.py:836} INFO - DAG(s) dict_keys(['tutorial_taskflow_api']) retrieved from /home/airflow/.local/lib/python3.7/site-packages/airflow/example_dags/tutorial_taskflow_api.py
[2025-05-06T07:51:14.325+0000] {logging_mixin.py:149} INFO - [2025-05-06T07:51:14.324+0000] {dag.py:2726} INFO - Sync 1 DAGs
[2025-05-06T07:51:14.347+0000] {logging_mixin.py:149} INFO - [2025-05-06T07:51:14.346+0000] {dag.py:3490} INFO - Setting next_dagrun for tutorial_taskflow_api to None, run_after=None
[2025-05-06T07:51:14.364+0000] {processor.py:179} INFO - Processing /home/airflow/.local/lib/python3.7/site-packages/airflow/example_dags/tutorial_taskflow_api.py took 0.073 seconds
[2025-05-06T07:51:44.878+0000] {processor.py:157} INFO - Started process (PID=2553) to work on /home/airflow/.local/lib/python3.7/site-packages/airflow/example_dags/tutorial_taskflow_api.py
[2025-05-06T07:51:44.879+0000] {processor.py:826} INFO - Processing file /home/airflow/.local/lib/python3.7/site-packages/airflow/example_dags/tutorial_taskflow_api.py for tasks to queue
[2025-05-06T07:51:44.879+0000] {logging_mixin.py:149} INFO - [2025-05-06T07:51:44.879+0000] {dagbag.py:541} INFO - Filling up the DagBag from /home/airflow/.local/lib/python3.7/site-packages/airflow/example_dags/tutorial_taskflow_api.py
[2025-05-06T07:51:44.885+0000] {processor.py:836} INFO - DAG(s) dict_keys(['tutorial_taskflow_api']) retrieved from /home/airflow/.local/lib/python3.7/site-packages/airflow/example_dags/tutorial_taskflow_api.py
[2025-05-06T07:51:44.907+0000] {logging_mixin.py:149} INFO - [2025-05-06T07:51:44.906+0000] {dag.py:2726} INFO - Sync 1 DAGs
[2025-05-06T07:51:44.931+0000] {logging_mixin.py:149} INFO - [2025-05-06T07:51:44.931+0000] {dag.py:3490} INFO - Setting next_dagrun for tutorial_taskflow_api to None, run_after=None
[2025-05-06T07:51:44.948+0000] {processor.py:179} INFO - Processing /home/airflow/.local/lib/python3.7/site-packages/airflow/example_dags/tutorial_taskflow_api.py took 0.074 seconds
