[2025-05-06T07:35:21.334+0000] {processor.py:157} INFO - Started process (PID=98) to work on /home/airflow/.local/lib/python3.7/site-packages/airflow/example_dags/tutorial_dag.py
[2025-05-06T07:35:21.335+0000] {processor.py:826} INFO - Processing file /home/airflow/.local/lib/python3.7/site-packages/airflow/example_dags/tutorial_dag.py for tasks to queue
[2025-05-06T07:35:21.336+0000] {logging_mixin.py:149} INFO - [2025-05-06T07:35:21.336+0000] {dagbag.py:541} INFO - Filling up the DagBag from /home/airflow/.local/lib/python3.7/site-packages/airflow/example_dags/tutorial_dag.py
[2025-05-06T07:35:21.347+0000] {processor.py:836} INFO - DAG(s) dict_keys(['tutorial_dag']) retrieved from /home/airflow/.local/lib/python3.7/site-packages/airflow/example_dags/tutorial_dag.py
[2025-05-06T07:35:21.364+0000] {logging_mixin.py:149} INFO - [2025-05-06T07:35:21.363+0000] {dag.py:2726} INFO - Sync 1 DAGs
[2025-05-06T07:35:21.398+0000] {logging_mixin.py:149} INFO - [2025-05-06T07:35:21.398+0000] {dag.py:3490} INFO - Setting next_dagrun for tutorial_dag to None, run_after=None
[2025-05-06T07:35:21.429+0000] {processor.py:179} INFO - Processing /home/airflow/.local/lib/python3.7/site-packages/airflow/example_dags/tutorial_dag.py took 0.098 seconds
[2025-05-06T07:35:51.772+0000] {processor.py:157} INFO - Started process (PID=176) to work on /home/airflow/.local/lib/python3.7/site-packages/airflow/example_dags/tutorial_dag.py
[2025-05-06T07:35:51.774+0000] {processor.py:826} INFO - Processing file /home/airflow/.local/lib/python3.7/site-packages/airflow/example_dags/tutorial_dag.py for tasks to queue
[2025-05-06T07:35:51.775+0000] {logging_mixin.py:149} INFO - [2025-05-06T07:35:51.775+0000] {dagbag.py:541} INFO - Filling up the DagBag from /home/airflow/.local/lib/python3.7/site-packages/airflow/example_dags/tutorial_dag.py
[2025-05-06T07:35:51.782+0000] {processor.py:836} INFO - DAG(s) dict_keys(['tutorial_dag']) retrieved from /home/airflow/.local/lib/python3.7/site-packages/airflow/example_dags/tutorial_dag.py
[2025-05-06T07:35:51.823+0000] {logging_mixin.py:149} INFO - [2025-05-06T07:35:51.823+0000] {dag.py:2726} INFO - Sync 1 DAGs
[2025-05-06T07:35:51.857+0000] {logging_mixin.py:149} INFO - [2025-05-06T07:35:51.857+0000] {dag.py:3490} INFO - Setting next_dagrun for tutorial_dag to None, run_after=None
[2025-05-06T07:35:51.883+0000] {processor.py:179} INFO - Processing /home/airflow/.local/lib/python3.7/site-packages/airflow/example_dags/tutorial_dag.py took 0.116 seconds
[2025-05-06T07:36:23.734+0000] {processor.py:157} INFO - Started process (PID=253) to work on /home/airflow/.local/lib/python3.7/site-packages/airflow/example_dags/tutorial_dag.py
[2025-05-06T07:36:23.736+0000] {processor.py:826} INFO - Processing file /home/airflow/.local/lib/python3.7/site-packages/airflow/example_dags/tutorial_dag.py for tasks to queue
[2025-05-06T07:36:23.737+0000] {logging_mixin.py:149} INFO - [2025-05-06T07:36:23.737+0000] {dagbag.py:541} INFO - Filling up the DagBag from /home/airflow/.local/lib/python3.7/site-packages/airflow/example_dags/tutorial_dag.py
[2025-05-06T07:36:23.746+0000] {processor.py:836} INFO - DAG(s) dict_keys(['tutorial_dag']) retrieved from /home/airflow/.local/lib/python3.7/site-packages/airflow/example_dags/tutorial_dag.py
[2025-05-06T07:36:23.793+0000] {logging_mixin.py:149} INFO - [2025-05-06T07:36:23.793+0000] {dag.py:2726} INFO - Sync 1 DAGs
[2025-05-06T07:36:23.840+0000] {logging_mixin.py:149} INFO - [2025-05-06T07:36:23.840+0000] {dag.py:3490} INFO - Setting next_dagrun for tutorial_dag to None, run_after=None
[2025-05-06T07:36:23.876+0000] {processor.py:179} INFO - Processing /home/airflow/.local/lib/python3.7/site-packages/airflow/example_dags/tutorial_dag.py took 0.148 seconds
[2025-05-06T07:36:55.102+0000] {processor.py:157} INFO - Started process (PID=330) to work on /home/airflow/.local/lib/python3.7/site-packages/airflow/example_dags/tutorial_dag.py
[2025-05-06T07:36:55.105+0000] {processor.py:826} INFO - Processing file /home/airflow/.local/lib/python3.7/site-packages/airflow/example_dags/tutorial_dag.py for tasks to queue
[2025-05-06T07:36:55.106+0000] {logging_mixin.py:149} INFO - [2025-05-06T07:36:55.106+0000] {dagbag.py:541} INFO - Filling up the DagBag from /home/airflow/.local/lib/python3.7/site-packages/airflow/example_dags/tutorial_dag.py
[2025-05-06T07:36:55.116+0000] {processor.py:836} INFO - DAG(s) dict_keys(['tutorial_dag']) retrieved from /home/airflow/.local/lib/python3.7/site-packages/airflow/example_dags/tutorial_dag.py
[2025-05-06T07:36:55.173+0000] {logging_mixin.py:149} INFO - [2025-05-06T07:36:55.173+0000] {dag.py:2726} INFO - Sync 1 DAGs
[2025-05-06T07:36:55.240+0000] {logging_mixin.py:149} INFO - [2025-05-06T07:36:55.240+0000] {dag.py:3490} INFO - Setting next_dagrun for tutorial_dag to None, run_after=None
[2025-05-06T07:36:55.285+0000] {processor.py:179} INFO - Processing /home/airflow/.local/lib/python3.7/site-packages/airflow/example_dags/tutorial_dag.py took 0.191 seconds
[2025-05-06T07:37:25.837+0000] {processor.py:157} INFO - Started process (PID=407) to work on /home/airflow/.local/lib/python3.7/site-packages/airflow/example_dags/tutorial_dag.py
[2025-05-06T07:37:25.838+0000] {processor.py:826} INFO - Processing file /home/airflow/.local/lib/python3.7/site-packages/airflow/example_dags/tutorial_dag.py for tasks to queue
[2025-05-06T07:37:25.839+0000] {logging_mixin.py:149} INFO - [2025-05-06T07:37:25.839+0000] {dagbag.py:541} INFO - Filling up the DagBag from /home/airflow/.local/lib/python3.7/site-packages/airflow/example_dags/tutorial_dag.py
[2025-05-06T07:37:25.843+0000] {processor.py:836} INFO - DAG(s) dict_keys(['tutorial_dag']) retrieved from /home/airflow/.local/lib/python3.7/site-packages/airflow/example_dags/tutorial_dag.py
[2025-05-06T07:37:25.864+0000] {logging_mixin.py:149} INFO - [2025-05-06T07:37:25.864+0000] {dag.py:2726} INFO - Sync 1 DAGs
[2025-05-06T07:37:25.884+0000] {logging_mixin.py:149} INFO - [2025-05-06T07:37:25.884+0000] {dag.py:3490} INFO - Setting next_dagrun for tutorial_dag to None, run_after=None
[2025-05-06T07:37:25.901+0000] {processor.py:179} INFO - Processing /home/airflow/.local/lib/python3.7/site-packages/airflow/example_dags/tutorial_dag.py took 0.066 seconds
[2025-05-06T07:37:55.931+0000] {processor.py:157} INFO - Started process (PID=484) to work on /home/airflow/.local/lib/python3.7/site-packages/airflow/example_dags/tutorial_dag.py
[2025-05-06T07:37:55.932+0000] {processor.py:826} INFO - Processing file /home/airflow/.local/lib/python3.7/site-packages/airflow/example_dags/tutorial_dag.py for tasks to queue
[2025-05-06T07:37:55.932+0000] {logging_mixin.py:149} INFO - [2025-05-06T07:37:55.932+0000] {dagbag.py:541} INFO - Filling up the DagBag from /home/airflow/.local/lib/python3.7/site-packages/airflow/example_dags/tutorial_dag.py
[2025-05-06T07:37:55.937+0000] {processor.py:836} INFO - DAG(s) dict_keys(['tutorial_dag']) retrieved from /home/airflow/.local/lib/python3.7/site-packages/airflow/example_dags/tutorial_dag.py
[2025-05-06T07:37:55.956+0000] {logging_mixin.py:149} INFO - [2025-05-06T07:37:55.956+0000] {dag.py:2726} INFO - Sync 1 DAGs
[2025-05-06T07:37:55.977+0000] {logging_mixin.py:149} INFO - [2025-05-06T07:37:55.977+0000] {dag.py:3490} INFO - Setting next_dagrun for tutorial_dag to None, run_after=None
[2025-05-06T07:37:55.994+0000] {processor.py:179} INFO - Processing /home/airflow/.local/lib/python3.7/site-packages/airflow/example_dags/tutorial_dag.py took 0.066 seconds
[2025-05-06T07:38:26.623+0000] {processor.py:157} INFO - Started process (PID=561) to work on /home/airflow/.local/lib/python3.7/site-packages/airflow/example_dags/tutorial_dag.py
[2025-05-06T07:38:26.624+0000] {processor.py:826} INFO - Processing file /home/airflow/.local/lib/python3.7/site-packages/airflow/example_dags/tutorial_dag.py for tasks to queue
[2025-05-06T07:38:26.625+0000] {logging_mixin.py:149} INFO - [2025-05-06T07:38:26.625+0000] {dagbag.py:541} INFO - Filling up the DagBag from /home/airflow/.local/lib/python3.7/site-packages/airflow/example_dags/tutorial_dag.py
[2025-05-06T07:38:26.631+0000] {processor.py:836} INFO - DAG(s) dict_keys(['tutorial_dag']) retrieved from /home/airflow/.local/lib/python3.7/site-packages/airflow/example_dags/tutorial_dag.py
[2025-05-06T07:38:26.662+0000] {logging_mixin.py:149} INFO - [2025-05-06T07:38:26.662+0000] {dag.py:2726} INFO - Sync 1 DAGs
[2025-05-06T07:38:26.690+0000] {logging_mixin.py:149} INFO - [2025-05-06T07:38:26.690+0000] {dag.py:3490} INFO - Setting next_dagrun for tutorial_dag to None, run_after=None
[2025-05-06T07:38:26.715+0000] {processor.py:179} INFO - Processing /home/airflow/.local/lib/python3.7/site-packages/airflow/example_dags/tutorial_dag.py took 0.096 seconds
[2025-05-06T07:38:57.558+0000] {processor.py:157} INFO - Started process (PID=638) to work on /home/airflow/.local/lib/python3.7/site-packages/airflow/example_dags/tutorial_dag.py
[2025-05-06T07:38:57.559+0000] {processor.py:826} INFO - Processing file /home/airflow/.local/lib/python3.7/site-packages/airflow/example_dags/tutorial_dag.py for tasks to queue
[2025-05-06T07:38:57.560+0000] {logging_mixin.py:149} INFO - [2025-05-06T07:38:57.560+0000] {dagbag.py:541} INFO - Filling up the DagBag from /home/airflow/.local/lib/python3.7/site-packages/airflow/example_dags/tutorial_dag.py
[2025-05-06T07:38:57.564+0000] {processor.py:836} INFO - DAG(s) dict_keys(['tutorial_dag']) retrieved from /home/airflow/.local/lib/python3.7/site-packages/airflow/example_dags/tutorial_dag.py
[2025-05-06T07:38:57.584+0000] {logging_mixin.py:149} INFO - [2025-05-06T07:38:57.584+0000] {dag.py:2726} INFO - Sync 1 DAGs
[2025-05-06T07:38:57.603+0000] {logging_mixin.py:149} INFO - [2025-05-06T07:38:57.603+0000] {dag.py:3490} INFO - Setting next_dagrun for tutorial_dag to None, run_after=None
[2025-05-06T07:38:57.621+0000] {processor.py:179} INFO - Processing /home/airflow/.local/lib/python3.7/site-packages/airflow/example_dags/tutorial_dag.py took 0.066 seconds
[2025-05-06T07:39:28.412+0000] {processor.py:157} INFO - Started process (PID=715) to work on /home/airflow/.local/lib/python3.7/site-packages/airflow/example_dags/tutorial_dag.py
[2025-05-06T07:39:28.413+0000] {processor.py:826} INFO - Processing file /home/airflow/.local/lib/python3.7/site-packages/airflow/example_dags/tutorial_dag.py for tasks to queue
[2025-05-06T07:39:28.414+0000] {logging_mixin.py:149} INFO - [2025-05-06T07:39:28.414+0000] {dagbag.py:541} INFO - Filling up the DagBag from /home/airflow/.local/lib/python3.7/site-packages/airflow/example_dags/tutorial_dag.py
[2025-05-06T07:39:28.418+0000] {processor.py:836} INFO - DAG(s) dict_keys(['tutorial_dag']) retrieved from /home/airflow/.local/lib/python3.7/site-packages/airflow/example_dags/tutorial_dag.py
[2025-05-06T07:39:28.439+0000] {logging_mixin.py:149} INFO - [2025-05-06T07:39:28.439+0000] {dag.py:2726} INFO - Sync 1 DAGs
[2025-05-06T07:39:28.458+0000] {logging_mixin.py:149} INFO - [2025-05-06T07:39:28.458+0000] {dag.py:3490} INFO - Setting next_dagrun for tutorial_dag to None, run_after=None
[2025-05-06T07:39:28.476+0000] {processor.py:179} INFO - Processing /home/airflow/.local/lib/python3.7/site-packages/airflow/example_dags/tutorial_dag.py took 0.066 seconds
[2025-05-06T07:39:59.029+0000] {processor.py:157} INFO - Started process (PID=792) to work on /home/airflow/.local/lib/python3.7/site-packages/airflow/example_dags/tutorial_dag.py
[2025-05-06T07:39:59.030+0000] {processor.py:826} INFO - Processing file /home/airflow/.local/lib/python3.7/site-packages/airflow/example_dags/tutorial_dag.py for tasks to queue
[2025-05-06T07:39:59.031+0000] {logging_mixin.py:149} INFO - [2025-05-06T07:39:59.031+0000] {dagbag.py:541} INFO - Filling up the DagBag from /home/airflow/.local/lib/python3.7/site-packages/airflow/example_dags/tutorial_dag.py
[2025-05-06T07:39:59.035+0000] {processor.py:836} INFO - DAG(s) dict_keys(['tutorial_dag']) retrieved from /home/airflow/.local/lib/python3.7/site-packages/airflow/example_dags/tutorial_dag.py
[2025-05-06T07:39:59.056+0000] {logging_mixin.py:149} INFO - [2025-05-06T07:39:59.056+0000] {dag.py:2726} INFO - Sync 1 DAGs
[2025-05-06T07:39:59.076+0000] {logging_mixin.py:149} INFO - [2025-05-06T07:39:59.075+0000] {dag.py:3490} INFO - Setting next_dagrun for tutorial_dag to None, run_after=None
[2025-05-06T07:39:59.092+0000] {processor.py:179} INFO - Processing /home/airflow/.local/lib/python3.7/site-packages/airflow/example_dags/tutorial_dag.py took 0.065 seconds
[2025-05-06T07:40:29.509+0000] {processor.py:157} INFO - Started process (PID=869) to work on /home/airflow/.local/lib/python3.7/site-packages/airflow/example_dags/tutorial_dag.py
[2025-05-06T07:40:29.511+0000] {processor.py:826} INFO - Processing file /home/airflow/.local/lib/python3.7/site-packages/airflow/example_dags/tutorial_dag.py for tasks to queue
[2025-05-06T07:40:29.512+0000] {logging_mixin.py:149} INFO - [2025-05-06T07:40:29.512+0000] {dagbag.py:541} INFO - Filling up the DagBag from /home/airflow/.local/lib/python3.7/site-packages/airflow/example_dags/tutorial_dag.py
[2025-05-06T07:40:29.517+0000] {processor.py:836} INFO - DAG(s) dict_keys(['tutorial_dag']) retrieved from /home/airflow/.local/lib/python3.7/site-packages/airflow/example_dags/tutorial_dag.py
[2025-05-06T07:40:29.552+0000] {logging_mixin.py:149} INFO - [2025-05-06T07:40:29.552+0000] {dag.py:2726} INFO - Sync 1 DAGs
[2025-05-06T07:40:29.586+0000] {logging_mixin.py:149} INFO - [2025-05-06T07:40:29.586+0000] {dag.py:3490} INFO - Setting next_dagrun for tutorial_dag to None, run_after=None
[2025-05-06T07:40:29.603+0000] {processor.py:179} INFO - Processing /home/airflow/.local/lib/python3.7/site-packages/airflow/example_dags/tutorial_dag.py took 0.098 seconds
[2025-05-06T07:40:59.940+0000] {processor.py:157} INFO - Started process (PID=946) to work on /home/airflow/.local/lib/python3.7/site-packages/airflow/example_dags/tutorial_dag.py
[2025-05-06T07:40:59.941+0000] {processor.py:826} INFO - Processing file /home/airflow/.local/lib/python3.7/site-packages/airflow/example_dags/tutorial_dag.py for tasks to queue
[2025-05-06T07:40:59.941+0000] {logging_mixin.py:149} INFO - [2025-05-06T07:40:59.941+0000] {dagbag.py:541} INFO - Filling up the DagBag from /home/airflow/.local/lib/python3.7/site-packages/airflow/example_dags/tutorial_dag.py
[2025-05-06T07:40:59.945+0000] {processor.py:836} INFO - DAG(s) dict_keys(['tutorial_dag']) retrieved from /home/airflow/.local/lib/python3.7/site-packages/airflow/example_dags/tutorial_dag.py
[2025-05-06T07:40:59.968+0000] {logging_mixin.py:149} INFO - [2025-05-06T07:40:59.967+0000] {dag.py:2726} INFO - Sync 1 DAGs
[2025-05-06T07:40:59.987+0000] {logging_mixin.py:149} INFO - [2025-05-06T07:40:59.987+0000] {dag.py:3490} INFO - Setting next_dagrun for tutorial_dag to None, run_after=None
[2025-05-06T07:41:00.005+0000] {processor.py:179} INFO - Processing /home/airflow/.local/lib/python3.7/site-packages/airflow/example_dags/tutorial_dag.py took 0.068 seconds
[2025-05-06T07:41:30.514+0000] {processor.py:157} INFO - Started process (PID=1023) to work on /home/airflow/.local/lib/python3.7/site-packages/airflow/example_dags/tutorial_dag.py
[2025-05-06T07:41:30.522+0000] {processor.py:826} INFO - Processing file /home/airflow/.local/lib/python3.7/site-packages/airflow/example_dags/tutorial_dag.py for tasks to queue
[2025-05-06T07:41:30.523+0000] {logging_mixin.py:149} INFO - [2025-05-06T07:41:30.523+0000] {dagbag.py:541} INFO - Filling up the DagBag from /home/airflow/.local/lib/python3.7/site-packages/airflow/example_dags/tutorial_dag.py
[2025-05-06T07:41:30.527+0000] {processor.py:836} INFO - DAG(s) dict_keys(['tutorial_dag']) retrieved from /home/airflow/.local/lib/python3.7/site-packages/airflow/example_dags/tutorial_dag.py
[2025-05-06T07:41:30.550+0000] {logging_mixin.py:149} INFO - [2025-05-06T07:41:30.549+0000] {dag.py:2726} INFO - Sync 1 DAGs
[2025-05-06T07:41:30.570+0000] {logging_mixin.py:149} INFO - [2025-05-06T07:41:30.570+0000] {dag.py:3490} INFO - Setting next_dagrun for tutorial_dag to None, run_after=None
[2025-05-06T07:41:30.599+0000] {processor.py:179} INFO - Processing /home/airflow/.local/lib/python3.7/site-packages/airflow/example_dags/tutorial_dag.py took 0.088 seconds
[2025-05-06T07:42:01.034+0000] {processor.py:157} INFO - Started process (PID=1100) to work on /home/airflow/.local/lib/python3.7/site-packages/airflow/example_dags/tutorial_dag.py
[2025-05-06T07:42:01.035+0000] {processor.py:826} INFO - Processing file /home/airflow/.local/lib/python3.7/site-packages/airflow/example_dags/tutorial_dag.py for tasks to queue
[2025-05-06T07:42:01.036+0000] {logging_mixin.py:149} INFO - [2025-05-06T07:42:01.036+0000] {dagbag.py:541} INFO - Filling up the DagBag from /home/airflow/.local/lib/python3.7/site-packages/airflow/example_dags/tutorial_dag.py
[2025-05-06T07:42:01.040+0000] {processor.py:836} INFO - DAG(s) dict_keys(['tutorial_dag']) retrieved from /home/airflow/.local/lib/python3.7/site-packages/airflow/example_dags/tutorial_dag.py
[2025-05-06T07:42:01.062+0000] {logging_mixin.py:149} INFO - [2025-05-06T07:42:01.061+0000] {dag.py:2726} INFO - Sync 1 DAGs
[2025-05-06T07:42:01.082+0000] {logging_mixin.py:149} INFO - [2025-05-06T07:42:01.082+0000] {dag.py:3490} INFO - Setting next_dagrun for tutorial_dag to None, run_after=None
[2025-05-06T07:42:01.100+0000] {processor.py:179} INFO - Processing /home/airflow/.local/lib/python3.7/site-packages/airflow/example_dags/tutorial_dag.py took 0.069 seconds
[2025-05-06T07:42:31.534+0000] {processor.py:157} INFO - Started process (PID=1177) to work on /home/airflow/.local/lib/python3.7/site-packages/airflow/example_dags/tutorial_dag.py
[2025-05-06T07:42:31.536+0000] {processor.py:826} INFO - Processing file /home/airflow/.local/lib/python3.7/site-packages/airflow/example_dags/tutorial_dag.py for tasks to queue
[2025-05-06T07:42:31.537+0000] {logging_mixin.py:149} INFO - [2025-05-06T07:42:31.536+0000] {dagbag.py:541} INFO - Filling up the DagBag from /home/airflow/.local/lib/python3.7/site-packages/airflow/example_dags/tutorial_dag.py
[2025-05-06T07:42:31.542+0000] {processor.py:836} INFO - DAG(s) dict_keys(['tutorial_dag']) retrieved from /home/airflow/.local/lib/python3.7/site-packages/airflow/example_dags/tutorial_dag.py
[2025-05-06T07:42:31.568+0000] {logging_mixin.py:149} INFO - [2025-05-06T07:42:31.568+0000] {dag.py:2726} INFO - Sync 1 DAGs
[2025-05-06T07:42:31.595+0000] {logging_mixin.py:149} INFO - [2025-05-06T07:42:31.595+0000] {dag.py:3490} INFO - Setting next_dagrun for tutorial_dag to None, run_after=None
[2025-05-06T07:42:31.617+0000] {processor.py:179} INFO - Processing /home/airflow/.local/lib/python3.7/site-packages/airflow/example_dags/tutorial_dag.py took 0.086 seconds
[2025-05-06T07:43:02.055+0000] {processor.py:157} INFO - Started process (PID=1254) to work on /home/airflow/.local/lib/python3.7/site-packages/airflow/example_dags/tutorial_dag.py
[2025-05-06T07:43:02.056+0000] {processor.py:826} INFO - Processing file /home/airflow/.local/lib/python3.7/site-packages/airflow/example_dags/tutorial_dag.py for tasks to queue
[2025-05-06T07:43:02.056+0000] {logging_mixin.py:149} INFO - [2025-05-06T07:43:02.056+0000] {dagbag.py:541} INFO - Filling up the DagBag from /home/airflow/.local/lib/python3.7/site-packages/airflow/example_dags/tutorial_dag.py
[2025-05-06T07:43:02.060+0000] {processor.py:836} INFO - DAG(s) dict_keys(['tutorial_dag']) retrieved from /home/airflow/.local/lib/python3.7/site-packages/airflow/example_dags/tutorial_dag.py
[2025-05-06T07:43:02.086+0000] {logging_mixin.py:149} INFO - [2025-05-06T07:43:02.086+0000] {dag.py:2726} INFO - Sync 1 DAGs
[2025-05-06T07:43:02.106+0000] {logging_mixin.py:149} INFO - [2025-05-06T07:43:02.106+0000] {dag.py:3490} INFO - Setting next_dagrun for tutorial_dag to None, run_after=None
[2025-05-06T07:43:02.124+0000] {processor.py:179} INFO - Processing /home/airflow/.local/lib/python3.7/site-packages/airflow/example_dags/tutorial_dag.py took 0.072 seconds
[2025-05-06T07:43:32.647+0000] {processor.py:157} INFO - Started process (PID=1331) to work on /home/airflow/.local/lib/python3.7/site-packages/airflow/example_dags/tutorial_dag.py
[2025-05-06T07:43:32.648+0000] {processor.py:826} INFO - Processing file /home/airflow/.local/lib/python3.7/site-packages/airflow/example_dags/tutorial_dag.py for tasks to queue
[2025-05-06T07:43:32.649+0000] {logging_mixin.py:149} INFO - [2025-05-06T07:43:32.649+0000] {dagbag.py:541} INFO - Filling up the DagBag from /home/airflow/.local/lib/python3.7/site-packages/airflow/example_dags/tutorial_dag.py
[2025-05-06T07:43:32.653+0000] {processor.py:836} INFO - DAG(s) dict_keys(['tutorial_dag']) retrieved from /home/airflow/.local/lib/python3.7/site-packages/airflow/example_dags/tutorial_dag.py
[2025-05-06T07:43:32.673+0000] {logging_mixin.py:149} INFO - [2025-05-06T07:43:32.673+0000] {dag.py:2726} INFO - Sync 1 DAGs
[2025-05-06T07:43:32.699+0000] {logging_mixin.py:149} INFO - [2025-05-06T07:43:32.698+0000] {dag.py:3490} INFO - Setting next_dagrun for tutorial_dag to None, run_after=None
[2025-05-06T07:43:32.718+0000] {processor.py:179} INFO - Processing /home/airflow/.local/lib/python3.7/site-packages/airflow/example_dags/tutorial_dag.py took 0.074 seconds
[2025-05-06T07:44:04.216+0000] {processor.py:157} INFO - Started process (PID=1408) to work on /home/airflow/.local/lib/python3.7/site-packages/airflow/example_dags/tutorial_dag.py
[2025-05-06T07:44:04.217+0000] {processor.py:826} INFO - Processing file /home/airflow/.local/lib/python3.7/site-packages/airflow/example_dags/tutorial_dag.py for tasks to queue
[2025-05-06T07:44:04.218+0000] {logging_mixin.py:149} INFO - [2025-05-06T07:44:04.218+0000] {dagbag.py:541} INFO - Filling up the DagBag from /home/airflow/.local/lib/python3.7/site-packages/airflow/example_dags/tutorial_dag.py
[2025-05-06T07:44:04.228+0000] {processor.py:836} INFO - DAG(s) dict_keys(['tutorial_dag']) retrieved from /home/airflow/.local/lib/python3.7/site-packages/airflow/example_dags/tutorial_dag.py
[2025-05-06T07:44:04.271+0000] {logging_mixin.py:149} INFO - [2025-05-06T07:44:04.270+0000] {dag.py:2726} INFO - Sync 1 DAGs
[2025-05-06T07:44:04.321+0000] {logging_mixin.py:149} INFO - [2025-05-06T07:44:04.321+0000] {dag.py:3490} INFO - Setting next_dagrun for tutorial_dag to None, run_after=None
[2025-05-06T07:44:04.357+0000] {processor.py:179} INFO - Processing /home/airflow/.local/lib/python3.7/site-packages/airflow/example_dags/tutorial_dag.py took 0.146 seconds
[2025-05-06T07:44:35.129+0000] {processor.py:157} INFO - Started process (PID=1485) to work on /home/airflow/.local/lib/python3.7/site-packages/airflow/example_dags/tutorial_dag.py
[2025-05-06T07:44:35.130+0000] {processor.py:826} INFO - Processing file /home/airflow/.local/lib/python3.7/site-packages/airflow/example_dags/tutorial_dag.py for tasks to queue
[2025-05-06T07:44:35.131+0000] {logging_mixin.py:149} INFO - [2025-05-06T07:44:35.131+0000] {dagbag.py:541} INFO - Filling up the DagBag from /home/airflow/.local/lib/python3.7/site-packages/airflow/example_dags/tutorial_dag.py
[2025-05-06T07:44:35.136+0000] {processor.py:836} INFO - DAG(s) dict_keys(['tutorial_dag']) retrieved from /home/airflow/.local/lib/python3.7/site-packages/airflow/example_dags/tutorial_dag.py
[2025-05-06T07:44:35.164+0000] {logging_mixin.py:149} INFO - [2025-05-06T07:44:35.164+0000] {dag.py:2726} INFO - Sync 1 DAGs
[2025-05-06T07:44:35.190+0000] {logging_mixin.py:149} INFO - [2025-05-06T07:44:35.190+0000] {dag.py:3490} INFO - Setting next_dagrun for tutorial_dag to None, run_after=None
[2025-05-06T07:44:35.211+0000] {processor.py:179} INFO - Processing /home/airflow/.local/lib/python3.7/site-packages/airflow/example_dags/tutorial_dag.py took 0.086 seconds
[2025-05-06T07:45:06.160+0000] {processor.py:157} INFO - Started process (PID=1562) to work on /home/airflow/.local/lib/python3.7/site-packages/airflow/example_dags/tutorial_dag.py
[2025-05-06T07:45:06.162+0000] {processor.py:826} INFO - Processing file /home/airflow/.local/lib/python3.7/site-packages/airflow/example_dags/tutorial_dag.py for tasks to queue
[2025-05-06T07:45:06.162+0000] {logging_mixin.py:149} INFO - [2025-05-06T07:45:06.162+0000] {dagbag.py:541} INFO - Filling up the DagBag from /home/airflow/.local/lib/python3.7/site-packages/airflow/example_dags/tutorial_dag.py
[2025-05-06T07:45:06.166+0000] {processor.py:836} INFO - DAG(s) dict_keys(['tutorial_dag']) retrieved from /home/airflow/.local/lib/python3.7/site-packages/airflow/example_dags/tutorial_dag.py
[2025-05-06T07:45:06.192+0000] {logging_mixin.py:149} INFO - [2025-05-06T07:45:06.192+0000] {dag.py:2726} INFO - Sync 1 DAGs
[2025-05-06T07:45:06.212+0000] {logging_mixin.py:149} INFO - [2025-05-06T07:45:06.212+0000] {dag.py:3490} INFO - Setting next_dagrun for tutorial_dag to None, run_after=None
[2025-05-06T07:45:06.231+0000] {processor.py:179} INFO - Processing /home/airflow/.local/lib/python3.7/site-packages/airflow/example_dags/tutorial_dag.py took 0.073 seconds
[2025-05-06T07:45:36.854+0000] {processor.py:157} INFO - Started process (PID=1639) to work on /home/airflow/.local/lib/python3.7/site-packages/airflow/example_dags/tutorial_dag.py
[2025-05-06T07:45:36.856+0000] {processor.py:826} INFO - Processing file /home/airflow/.local/lib/python3.7/site-packages/airflow/example_dags/tutorial_dag.py for tasks to queue
[2025-05-06T07:45:36.856+0000] {logging_mixin.py:149} INFO - [2025-05-06T07:45:36.856+0000] {dagbag.py:541} INFO - Filling up the DagBag from /home/airflow/.local/lib/python3.7/site-packages/airflow/example_dags/tutorial_dag.py
[2025-05-06T07:45:36.861+0000] {processor.py:836} INFO - DAG(s) dict_keys(['tutorial_dag']) retrieved from /home/airflow/.local/lib/python3.7/site-packages/airflow/example_dags/tutorial_dag.py
[2025-05-06T07:45:36.884+0000] {logging_mixin.py:149} INFO - [2025-05-06T07:45:36.884+0000] {dag.py:2726} INFO - Sync 1 DAGs
[2025-05-06T07:45:36.906+0000] {logging_mixin.py:149} INFO - [2025-05-06T07:45:36.906+0000] {dag.py:3490} INFO - Setting next_dagrun for tutorial_dag to None, run_after=None
[2025-05-06T07:45:36.924+0000] {processor.py:179} INFO - Processing /home/airflow/.local/lib/python3.7/site-packages/airflow/example_dags/tutorial_dag.py took 0.074 seconds
[2025-05-06T07:46:07.348+0000] {processor.py:157} INFO - Started process (PID=1717) to work on /home/airflow/.local/lib/python3.7/site-packages/airflow/example_dags/tutorial_dag.py
[2025-05-06T07:46:07.349+0000] {processor.py:826} INFO - Processing file /home/airflow/.local/lib/python3.7/site-packages/airflow/example_dags/tutorial_dag.py for tasks to queue
[2025-05-06T07:46:07.350+0000] {logging_mixin.py:149} INFO - [2025-05-06T07:46:07.350+0000] {dagbag.py:541} INFO - Filling up the DagBag from /home/airflow/.local/lib/python3.7/site-packages/airflow/example_dags/tutorial_dag.py
[2025-05-06T07:46:07.354+0000] {processor.py:836} INFO - DAG(s) dict_keys(['tutorial_dag']) retrieved from /home/airflow/.local/lib/python3.7/site-packages/airflow/example_dags/tutorial_dag.py
[2025-05-06T07:46:07.378+0000] {logging_mixin.py:149} INFO - [2025-05-06T07:46:07.377+0000] {dag.py:2726} INFO - Sync 1 DAGs
[2025-05-06T07:46:07.404+0000] {logging_mixin.py:149} INFO - [2025-05-06T07:46:07.404+0000] {dag.py:3490} INFO - Setting next_dagrun for tutorial_dag to None, run_after=None
[2025-05-06T07:46:07.422+0000] {processor.py:179} INFO - Processing /home/airflow/.local/lib/python3.7/site-packages/airflow/example_dags/tutorial_dag.py took 0.077 seconds
[2025-05-06T07:46:38.165+0000] {processor.py:157} INFO - Started process (PID=1794) to work on /home/airflow/.local/lib/python3.7/site-packages/airflow/example_dags/tutorial_dag.py
[2025-05-06T07:46:38.166+0000] {processor.py:826} INFO - Processing file /home/airflow/.local/lib/python3.7/site-packages/airflow/example_dags/tutorial_dag.py for tasks to queue
[2025-05-06T07:46:38.166+0000] {logging_mixin.py:149} INFO - [2025-05-06T07:46:38.166+0000] {dagbag.py:541} INFO - Filling up the DagBag from /home/airflow/.local/lib/python3.7/site-packages/airflow/example_dags/tutorial_dag.py
[2025-05-06T07:46:38.170+0000] {processor.py:836} INFO - DAG(s) dict_keys(['tutorial_dag']) retrieved from /home/airflow/.local/lib/python3.7/site-packages/airflow/example_dags/tutorial_dag.py
[2025-05-06T07:46:38.193+0000] {logging_mixin.py:149} INFO - [2025-05-06T07:46:38.193+0000] {dag.py:2726} INFO - Sync 1 DAGs
[2025-05-06T07:46:38.214+0000] {logging_mixin.py:149} INFO - [2025-05-06T07:46:38.214+0000] {dag.py:3490} INFO - Setting next_dagrun for tutorial_dag to None, run_after=None
[2025-05-06T07:46:38.232+0000] {processor.py:179} INFO - Processing /home/airflow/.local/lib/python3.7/site-packages/airflow/example_dags/tutorial_dag.py took 0.070 seconds
[2025-05-06T07:47:08.956+0000] {processor.py:157} INFO - Started process (PID=1871) to work on /home/airflow/.local/lib/python3.7/site-packages/airflow/example_dags/tutorial_dag.py
[2025-05-06T07:47:08.957+0000] {processor.py:826} INFO - Processing file /home/airflow/.local/lib/python3.7/site-packages/airflow/example_dags/tutorial_dag.py for tasks to queue
[2025-05-06T07:47:08.957+0000] {logging_mixin.py:149} INFO - [2025-05-06T07:47:08.957+0000] {dagbag.py:541} INFO - Filling up the DagBag from /home/airflow/.local/lib/python3.7/site-packages/airflow/example_dags/tutorial_dag.py
[2025-05-06T07:47:08.962+0000] {processor.py:836} INFO - DAG(s) dict_keys(['tutorial_dag']) retrieved from /home/airflow/.local/lib/python3.7/site-packages/airflow/example_dags/tutorial_dag.py
[2025-05-06T07:47:08.986+0000] {logging_mixin.py:149} INFO - [2025-05-06T07:47:08.986+0000] {dag.py:2726} INFO - Sync 1 DAGs
[2025-05-06T07:47:09.008+0000] {logging_mixin.py:149} INFO - [2025-05-06T07:47:09.008+0000] {dag.py:3490} INFO - Setting next_dagrun for tutorial_dag to None, run_after=None
[2025-05-06T07:47:09.026+0000] {processor.py:179} INFO - Processing /home/airflow/.local/lib/python3.7/site-packages/airflow/example_dags/tutorial_dag.py took 0.074 seconds
[2025-05-06T07:47:39.930+0000] {processor.py:157} INFO - Started process (PID=1948) to work on /home/airflow/.local/lib/python3.7/site-packages/airflow/example_dags/tutorial_dag.py
[2025-05-06T07:47:39.931+0000] {processor.py:826} INFO - Processing file /home/airflow/.local/lib/python3.7/site-packages/airflow/example_dags/tutorial_dag.py for tasks to queue
[2025-05-06T07:47:39.933+0000] {logging_mixin.py:149} INFO - [2025-05-06T07:47:39.932+0000] {dagbag.py:541} INFO - Filling up the DagBag from /home/airflow/.local/lib/python3.7/site-packages/airflow/example_dags/tutorial_dag.py
[2025-05-06T07:47:39.941+0000] {processor.py:836} INFO - DAG(s) dict_keys(['tutorial_dag']) retrieved from /home/airflow/.local/lib/python3.7/site-packages/airflow/example_dags/tutorial_dag.py
[2025-05-06T07:47:39.973+0000] {logging_mixin.py:149} INFO - [2025-05-06T07:47:39.972+0000] {dag.py:2726} INFO - Sync 1 DAGs
[2025-05-06T07:47:40.003+0000] {logging_mixin.py:149} INFO - [2025-05-06T07:47:40.003+0000] {dag.py:3490} INFO - Setting next_dagrun for tutorial_dag to None, run_after=None
[2025-05-06T07:47:40.029+0000] {processor.py:179} INFO - Processing /home/airflow/.local/lib/python3.7/site-packages/airflow/example_dags/tutorial_dag.py took 0.103 seconds
[2025-05-06T07:48:10.687+0000] {processor.py:157} INFO - Started process (PID=2025) to work on /home/airflow/.local/lib/python3.7/site-packages/airflow/example_dags/tutorial_dag.py
[2025-05-06T07:48:10.689+0000] {processor.py:826} INFO - Processing file /home/airflow/.local/lib/python3.7/site-packages/airflow/example_dags/tutorial_dag.py for tasks to queue
[2025-05-06T07:48:10.689+0000] {logging_mixin.py:149} INFO - [2025-05-06T07:48:10.689+0000] {dagbag.py:541} INFO - Filling up the DagBag from /home/airflow/.local/lib/python3.7/site-packages/airflow/example_dags/tutorial_dag.py
[2025-05-06T07:48:10.695+0000] {processor.py:836} INFO - DAG(s) dict_keys(['tutorial_dag']) retrieved from /home/airflow/.local/lib/python3.7/site-packages/airflow/example_dags/tutorial_dag.py
[2025-05-06T07:48:10.717+0000] {logging_mixin.py:149} INFO - [2025-05-06T07:48:10.717+0000] {dag.py:2726} INFO - Sync 1 DAGs
[2025-05-06T07:48:10.739+0000] {logging_mixin.py:149} INFO - [2025-05-06T07:48:10.739+0000] {dag.py:3490} INFO - Setting next_dagrun for tutorial_dag to None, run_after=None
[2025-05-06T07:48:10.757+0000] {processor.py:179} INFO - Processing /home/airflow/.local/lib/python3.7/site-packages/airflow/example_dags/tutorial_dag.py took 0.072 seconds
[2025-05-06T07:48:41.456+0000] {processor.py:157} INFO - Started process (PID=2102) to work on /home/airflow/.local/lib/python3.7/site-packages/airflow/example_dags/tutorial_dag.py
[2025-05-06T07:48:41.457+0000] {processor.py:826} INFO - Processing file /home/airflow/.local/lib/python3.7/site-packages/airflow/example_dags/tutorial_dag.py for tasks to queue
[2025-05-06T07:48:41.458+0000] {logging_mixin.py:149} INFO - [2025-05-06T07:48:41.458+0000] {dagbag.py:541} INFO - Filling up the DagBag from /home/airflow/.local/lib/python3.7/site-packages/airflow/example_dags/tutorial_dag.py
[2025-05-06T07:48:41.463+0000] {processor.py:836} INFO - DAG(s) dict_keys(['tutorial_dag']) retrieved from /home/airflow/.local/lib/python3.7/site-packages/airflow/example_dags/tutorial_dag.py
[2025-05-06T07:48:41.487+0000] {logging_mixin.py:149} INFO - [2025-05-06T07:48:41.487+0000] {dag.py:2726} INFO - Sync 1 DAGs
[2025-05-06T07:48:41.507+0000] {logging_mixin.py:149} INFO - [2025-05-06T07:48:41.507+0000] {dag.py:3490} INFO - Setting next_dagrun for tutorial_dag to None, run_after=None
[2025-05-06T07:48:41.526+0000] {processor.py:179} INFO - Processing /home/airflow/.local/lib/python3.7/site-packages/airflow/example_dags/tutorial_dag.py took 0.074 seconds
[2025-05-06T07:49:11.707+0000] {processor.py:157} INFO - Started process (PID=2179) to work on /home/airflow/.local/lib/python3.7/site-packages/airflow/example_dags/tutorial_dag.py
[2025-05-06T07:49:11.708+0000] {processor.py:826} INFO - Processing file /home/airflow/.local/lib/python3.7/site-packages/airflow/example_dags/tutorial_dag.py for tasks to queue
[2025-05-06T07:49:11.709+0000] {logging_mixin.py:149} INFO - [2025-05-06T07:49:11.709+0000] {dagbag.py:541} INFO - Filling up the DagBag from /home/airflow/.local/lib/python3.7/site-packages/airflow/example_dags/tutorial_dag.py
[2025-05-06T07:49:11.713+0000] {processor.py:836} INFO - DAG(s) dict_keys(['tutorial_dag']) retrieved from /home/airflow/.local/lib/python3.7/site-packages/airflow/example_dags/tutorial_dag.py
[2025-05-06T07:49:11.737+0000] {logging_mixin.py:149} INFO - [2025-05-06T07:49:11.737+0000] {dag.py:2726} INFO - Sync 1 DAGs
[2025-05-06T07:49:11.761+0000] {logging_mixin.py:149} INFO - [2025-05-06T07:49:11.760+0000] {dag.py:3490} INFO - Setting next_dagrun for tutorial_dag to None, run_after=None
[2025-05-06T07:49:11.781+0000] {processor.py:179} INFO - Processing /home/airflow/.local/lib/python3.7/site-packages/airflow/example_dags/tutorial_dag.py took 0.077 seconds
[2025-05-06T07:49:42.801+0000] {processor.py:157} INFO - Started process (PID=2256) to work on /home/airflow/.local/lib/python3.7/site-packages/airflow/example_dags/tutorial_dag.py
[2025-05-06T07:49:42.802+0000] {processor.py:826} INFO - Processing file /home/airflow/.local/lib/python3.7/site-packages/airflow/example_dags/tutorial_dag.py for tasks to queue
[2025-05-06T07:49:42.803+0000] {logging_mixin.py:149} INFO - [2025-05-06T07:49:42.803+0000] {dagbag.py:541} INFO - Filling up the DagBag from /home/airflow/.local/lib/python3.7/site-packages/airflow/example_dags/tutorial_dag.py
[2025-05-06T07:49:42.807+0000] {processor.py:836} INFO - DAG(s) dict_keys(['tutorial_dag']) retrieved from /home/airflow/.local/lib/python3.7/site-packages/airflow/example_dags/tutorial_dag.py
[2025-05-06T07:49:42.829+0000] {logging_mixin.py:149} INFO - [2025-05-06T07:49:42.829+0000] {dag.py:2726} INFO - Sync 1 DAGs
[2025-05-06T07:49:42.853+0000] {logging_mixin.py:149} INFO - [2025-05-06T07:49:42.853+0000] {dag.py:3490} INFO - Setting next_dagrun for tutorial_dag to None, run_after=None
[2025-05-06T07:49:42.870+0000] {processor.py:179} INFO - Processing /home/airflow/.local/lib/python3.7/site-packages/airflow/example_dags/tutorial_dag.py took 0.072 seconds
[2025-05-06T07:50:13.449+0000] {processor.py:157} INFO - Started process (PID=2333) to work on /home/airflow/.local/lib/python3.7/site-packages/airflow/example_dags/tutorial_dag.py
[2025-05-06T07:50:13.450+0000] {processor.py:826} INFO - Processing file /home/airflow/.local/lib/python3.7/site-packages/airflow/example_dags/tutorial_dag.py for tasks to queue
[2025-05-06T07:50:13.451+0000] {logging_mixin.py:149} INFO - [2025-05-06T07:50:13.451+0000] {dagbag.py:541} INFO - Filling up the DagBag from /home/airflow/.local/lib/python3.7/site-packages/airflow/example_dags/tutorial_dag.py
[2025-05-06T07:50:13.455+0000] {processor.py:836} INFO - DAG(s) dict_keys(['tutorial_dag']) retrieved from /home/airflow/.local/lib/python3.7/site-packages/airflow/example_dags/tutorial_dag.py
[2025-05-06T07:50:13.476+0000] {logging_mixin.py:149} INFO - [2025-05-06T07:50:13.476+0000] {dag.py:2726} INFO - Sync 1 DAGs
[2025-05-06T07:50:13.496+0000] {logging_mixin.py:149} INFO - [2025-05-06T07:50:13.496+0000] {dag.py:3490} INFO - Setting next_dagrun for tutorial_dag to None, run_after=None
[2025-05-06T07:50:13.514+0000] {processor.py:179} INFO - Processing /home/airflow/.local/lib/python3.7/site-packages/airflow/example_dags/tutorial_dag.py took 0.068 seconds
[2025-05-06T07:50:44.265+0000] {processor.py:157} INFO - Started process (PID=2410) to work on /home/airflow/.local/lib/python3.7/site-packages/airflow/example_dags/tutorial_dag.py
[2025-05-06T07:50:44.266+0000] {processor.py:826} INFO - Processing file /home/airflow/.local/lib/python3.7/site-packages/airflow/example_dags/tutorial_dag.py for tasks to queue
[2025-05-06T07:50:44.267+0000] {logging_mixin.py:149} INFO - [2025-05-06T07:50:44.267+0000] {dagbag.py:541} INFO - Filling up the DagBag from /home/airflow/.local/lib/python3.7/site-packages/airflow/example_dags/tutorial_dag.py
[2025-05-06T07:50:44.271+0000] {processor.py:836} INFO - DAG(s) dict_keys(['tutorial_dag']) retrieved from /home/airflow/.local/lib/python3.7/site-packages/airflow/example_dags/tutorial_dag.py
[2025-05-06T07:50:44.295+0000] {logging_mixin.py:149} INFO - [2025-05-06T07:50:44.295+0000] {dag.py:2726} INFO - Sync 1 DAGs
[2025-05-06T07:50:44.317+0000] {logging_mixin.py:149} INFO - [2025-05-06T07:50:44.317+0000] {dag.py:3490} INFO - Setting next_dagrun for tutorial_dag to None, run_after=None
[2025-05-06T07:50:44.334+0000] {processor.py:179} INFO - Processing /home/airflow/.local/lib/python3.7/site-packages/airflow/example_dags/tutorial_dag.py took 0.072 seconds
[2025-05-06T07:51:14.802+0000] {processor.py:157} INFO - Started process (PID=2487) to work on /home/airflow/.local/lib/python3.7/site-packages/airflow/example_dags/tutorial_dag.py
[2025-05-06T07:51:14.804+0000] {processor.py:826} INFO - Processing file /home/airflow/.local/lib/python3.7/site-packages/airflow/example_dags/tutorial_dag.py for tasks to queue
[2025-05-06T07:51:14.804+0000] {logging_mixin.py:149} INFO - [2025-05-06T07:51:14.804+0000] {dagbag.py:541} INFO - Filling up the DagBag from /home/airflow/.local/lib/python3.7/site-packages/airflow/example_dags/tutorial_dag.py
[2025-05-06T07:51:14.809+0000] {processor.py:836} INFO - DAG(s) dict_keys(['tutorial_dag']) retrieved from /home/airflow/.local/lib/python3.7/site-packages/airflow/example_dags/tutorial_dag.py
[2025-05-06T07:51:14.832+0000] {logging_mixin.py:149} INFO - [2025-05-06T07:51:14.832+0000] {dag.py:2726} INFO - Sync 1 DAGs
[2025-05-06T07:51:14.853+0000] {logging_mixin.py:149} INFO - [2025-05-06T07:51:14.853+0000] {dag.py:3490} INFO - Setting next_dagrun for tutorial_dag to None, run_after=None
[2025-05-06T07:51:14.871+0000] {processor.py:179} INFO - Processing /home/airflow/.local/lib/python3.7/site-packages/airflow/example_dags/tutorial_dag.py took 0.071 seconds
[2025-05-06T07:51:45.377+0000] {processor.py:157} INFO - Started process (PID=2565) to work on /home/airflow/.local/lib/python3.7/site-packages/airflow/example_dags/tutorial_dag.py
[2025-05-06T07:51:45.378+0000] {processor.py:826} INFO - Processing file /home/airflow/.local/lib/python3.7/site-packages/airflow/example_dags/tutorial_dag.py for tasks to queue
[2025-05-06T07:51:45.379+0000] {logging_mixin.py:149} INFO - [2025-05-06T07:51:45.379+0000] {dagbag.py:541} INFO - Filling up the DagBag from /home/airflow/.local/lib/python3.7/site-packages/airflow/example_dags/tutorial_dag.py
[2025-05-06T07:51:45.383+0000] {processor.py:836} INFO - DAG(s) dict_keys(['tutorial_dag']) retrieved from /home/airflow/.local/lib/python3.7/site-packages/airflow/example_dags/tutorial_dag.py
[2025-05-06T07:51:45.406+0000] {logging_mixin.py:149} INFO - [2025-05-06T07:51:45.406+0000] {dag.py:2726} INFO - Sync 1 DAGs
[2025-05-06T07:51:45.426+0000] {logging_mixin.py:149} INFO - [2025-05-06T07:51:45.426+0000] {dag.py:3490} INFO - Setting next_dagrun for tutorial_dag to None, run_after=None
[2025-05-06T07:51:45.444+0000] {processor.py:179} INFO - Processing /home/airflow/.local/lib/python3.7/site-packages/airflow/example_dags/tutorial_dag.py took 0.070 seconds
