[2025-03-11T10:31:53.926+0000] {taskinstance.py:1103} INFO - Dependencies all met for dep_context=non-requeueable deps ti=<TaskInstance: csv_etl_pipeline.extract_task manual__2025-03-11T10:31:50.152271+00:00 [queued]>
[2025-03-11T10:31:53.937+0000] {taskinstance.py:1103} INFO - Dependencies all met for dep_context=requeueable deps ti=<TaskInstance: csv_etl_pipeline.extract_task manual__2025-03-11T10:31:50.152271+00:00 [queued]>
[2025-03-11T10:31:53.937+0000] {taskinstance.py:1308} INFO - Starting attempt 1 of 1
[2025-03-11T10:31:53.955+0000] {taskinstance.py:1327} INFO - Executing <Task(PythonOperator): extract_task> on 2025-03-11 10:31:50.152271+00:00
[2025-03-11T10:31:53.963+0000] {standard_task_runner.py:57} INFO - Started process 580 to run task
[2025-03-11T10:31:53.967+0000] {standard_task_runner.py:84} INFO - Running: ['***', 'tasks', 'run', 'csv_etl_pipeline', 'extract_task', 'manual__2025-03-11T10:31:50.152271+00:00', '--job-id', '3', '--raw', '--subdir', 'DAGS_FOLDER/etl.py', '--cfg-path', '/tmp/tmpncfrcwic']
[2025-03-11T10:31:53.968+0000] {standard_task_runner.py:85} INFO - Job 3: Subtask extract_task
[2025-03-11T10:31:54.033+0000] {task_command.py:410} INFO - Running <TaskInstance: csv_etl_pipeline.extract_task manual__2025-03-11T10:31:50.152271+00:00 [running]> on host 11da0919092a
[2025-03-11T10:31:54.140+0000] {taskinstance.py:1547} INFO - Exporting env vars: AIRFLOW_CTX_DAG_OWNER='***' AIRFLOW_CTX_DAG_ID='csv_etl_pipeline' AIRFLOW_CTX_TASK_ID='extract_task' AIRFLOW_CTX_EXECUTION_DATE='2025-03-11T10:31:50.152271+00:00' AIRFLOW_CTX_TRY_NUMBER='1' AIRFLOW_CTX_DAG_RUN_ID='manual__2025-03-11T10:31:50.152271+00:00'
[2025-03-11T10:31:54.153+0000] {taskinstance.py:1824} ERROR - Task failed with exception
Traceback (most recent call last):
  File "/home/airflow/.local/lib/python3.7/site-packages/airflow/operators/python.py", line 181, in execute
    return_value = self.execute_callable()
  File "/home/airflow/.local/lib/python3.7/site-packages/airflow/operators/python.py", line 198, in execute_callable
    return self.python_callable(*self.op_args, **self.op_kwargs)
  File "/opt/airflow/dags/etl.py", line 13, in extract_data
    df = pd.read_csv(INPUT_CSV)
  File "/home/airflow/.local/lib/python3.7/site-packages/pandas/util/_decorators.py", line 311, in wrapper
    return func(*args, **kwargs)
  File "/home/airflow/.local/lib/python3.7/site-packages/pandas/io/parsers/readers.py", line 586, in read_csv
    return _read(filepath_or_buffer, kwds)
  File "/home/airflow/.local/lib/python3.7/site-packages/pandas/io/parsers/readers.py", line 482, in _read
    parser = TextFileReader(filepath_or_buffer, **kwds)
  File "/home/airflow/.local/lib/python3.7/site-packages/pandas/io/parsers/readers.py", line 811, in __init__
    self._engine = self._make_engine(self.engine)
  File "/home/airflow/.local/lib/python3.7/site-packages/pandas/io/parsers/readers.py", line 1040, in _make_engine
    return mapping[engine](self.f, **self.options)  # type: ignore[call-arg]
  File "/home/airflow/.local/lib/python3.7/site-packages/pandas/io/parsers/c_parser_wrapper.py", line 51, in __init__
    self._open_handles(src, kwds)
  File "/home/airflow/.local/lib/python3.7/site-packages/pandas/io/parsers/base_parser.py", line 229, in _open_handles
    errors=kwds.get("encoding_errors", "strict"),
  File "/home/airflow/.local/lib/python3.7/site-packages/pandas/io/common.py", line 707, in get_handle
    newline="",
FileNotFoundError: [Errno 2] No such file or directory: '/opt/airflow/dags/data/Ventes.csv'
[2025-03-11T10:31:54.167+0000] {taskinstance.py:1350} INFO - Marking task as FAILED. dag_id=csv_etl_pipeline, task_id=extract_task, execution_date=20250311T103150, start_date=20250311T103153, end_date=20250311T103154
[2025-03-11T10:31:54.185+0000] {standard_task_runner.py:109} ERROR - Failed to execute job 3 for task extract_task ([Errno 2] No such file or directory: '/opt/airflow/dags/data/Ventes.csv'; 580)
[2025-03-11T10:31:54.219+0000] {local_task_job_runner.py:225} INFO - Task exited with return code 1
[2025-03-11T10:31:54.251+0000] {taskinstance.py:2651} INFO - 0 downstream tasks scheduled from follow-on schedule check
