[2025-04-08T09:11:54.990+0000] {processor.py:157} INFO - Started process (PID=50) to work on /opt/airflow/dags/etl.py
[2025-04-08T09:11:54.990+0000] {processor.py:826} INFO - Processing file /opt/airflow/dags/etl.py for tasks to queue
[2025-04-08T09:11:54.991+0000] {logging_mixin.py:149} INFO - [2025-04-08T09:11:54.991+0000] {dagbag.py:541} INFO - Filling up the DagBag from /opt/airflow/dags/etl.py
[2025-04-08T09:11:55.761+0000] {processor.py:836} INFO - DAG(s) dict_keys(['csv_etl_pipeline']) retrieved from /opt/airflow/dags/etl.py
[2025-04-08T09:11:55.789+0000] {logging_mixin.py:149} INFO - [2025-04-08T09:11:55.789+0000] {dag.py:2726} INFO - Sync 1 DAGs
[2025-04-08T09:11:55.826+0000] {logging_mixin.py:149} INFO - [2025-04-08T09:11:55.826+0000] {dag.py:3490} INFO - Setting next_dagrun for csv_etl_pipeline to None, run_after=None
[2025-04-08T09:11:55.850+0000] {processor.py:179} INFO - Processing /opt/airflow/dags/etl.py took 0.864 seconds
[2025-04-08T09:12:26.203+0000] {processor.py:157} INFO - Started process (PID=173) to work on /opt/airflow/dags/etl.py
[2025-04-08T09:12:26.204+0000] {processor.py:826} INFO - Processing file /opt/airflow/dags/etl.py for tasks to queue
[2025-04-08T09:12:26.205+0000] {logging_mixin.py:149} INFO - [2025-04-08T09:12:26.204+0000] {dagbag.py:541} INFO - Filling up the DagBag from /opt/airflow/dags/etl.py
[2025-04-08T09:12:26.817+0000] {processor.py:836} INFO - DAG(s) dict_keys(['csv_etl_pipeline']) retrieved from /opt/airflow/dags/etl.py
[2025-04-08T09:12:26.840+0000] {logging_mixin.py:149} INFO - [2025-04-08T09:12:26.839+0000] {dag.py:2726} INFO - Sync 1 DAGs
[2025-04-08T09:12:26.869+0000] {logging_mixin.py:149} INFO - [2025-04-08T09:12:26.869+0000] {dag.py:3490} INFO - Setting next_dagrun for csv_etl_pipeline to None, run_after=None
[2025-04-08T09:12:26.891+0000] {processor.py:179} INFO - Processing /opt/airflow/dags/etl.py took 0.692 seconds
[2025-04-08T09:12:57.368+0000] {processor.py:157} INFO - Started process (PID=271) to work on /opt/airflow/dags/etl.py
[2025-04-08T09:12:57.370+0000] {processor.py:826} INFO - Processing file /opt/airflow/dags/etl.py for tasks to queue
[2025-04-08T09:12:57.370+0000] {logging_mixin.py:149} INFO - [2025-04-08T09:12:57.370+0000] {dagbag.py:541} INFO - Filling up the DagBag from /opt/airflow/dags/etl.py
[2025-04-08T09:12:57.904+0000] {processor.py:836} INFO - DAG(s) dict_keys(['csv_etl_pipeline']) retrieved from /opt/airflow/dags/etl.py
[2025-04-08T09:12:57.926+0000] {logging_mixin.py:149} INFO - [2025-04-08T09:12:57.925+0000] {dag.py:2726} INFO - Sync 1 DAGs
[2025-04-08T09:12:57.949+0000] {logging_mixin.py:149} INFO - [2025-04-08T09:12:57.949+0000] {dag.py:3490} INFO - Setting next_dagrun for csv_etl_pipeline to None, run_after=None
[2025-04-08T09:12:57.974+0000] {processor.py:179} INFO - Processing /opt/airflow/dags/etl.py took 0.609 seconds
[2025-04-08T09:13:28.674+0000] {processor.py:157} INFO - Started process (PID=362) to work on /opt/airflow/dags/etl.py
[2025-04-08T09:13:28.675+0000] {processor.py:826} INFO - Processing file /opt/airflow/dags/etl.py for tasks to queue
[2025-04-08T09:13:28.676+0000] {logging_mixin.py:149} INFO - [2025-04-08T09:13:28.676+0000] {dagbag.py:541} INFO - Filling up the DagBag from /opt/airflow/dags/etl.py
[2025-04-08T09:13:29.074+0000] {processor.py:836} INFO - DAG(s) dict_keys(['csv_etl_pipeline']) retrieved from /opt/airflow/dags/etl.py
[2025-04-08T09:13:29.097+0000] {logging_mixin.py:149} INFO - [2025-04-08T09:13:29.097+0000] {dag.py:2726} INFO - Sync 1 DAGs
[2025-04-08T09:13:29.124+0000] {logging_mixin.py:149} INFO - [2025-04-08T09:13:29.124+0000] {dag.py:3490} INFO - Setting next_dagrun for csv_etl_pipeline to None, run_after=None
[2025-04-08T09:13:29.146+0000] {processor.py:179} INFO - Processing /opt/airflow/dags/etl.py took 0.475 seconds
[2025-04-08T09:13:59.313+0000] {processor.py:157} INFO - Started process (PID=453) to work on /opt/airflow/dags/etl.py
[2025-04-08T09:13:59.314+0000] {processor.py:826} INFO - Processing file /opt/airflow/dags/etl.py for tasks to queue
[2025-04-08T09:13:59.314+0000] {logging_mixin.py:149} INFO - [2025-04-08T09:13:59.314+0000] {dagbag.py:541} INFO - Filling up the DagBag from /opt/airflow/dags/etl.py
[2025-04-08T09:13:59.683+0000] {processor.py:836} INFO - DAG(s) dict_keys(['csv_etl_pipeline']) retrieved from /opt/airflow/dags/etl.py
[2025-04-08T09:13:59.706+0000] {logging_mixin.py:149} INFO - [2025-04-08T09:13:59.705+0000] {dag.py:2726} INFO - Sync 1 DAGs
[2025-04-08T09:13:59.734+0000] {logging_mixin.py:149} INFO - [2025-04-08T09:13:59.734+0000] {dag.py:3490} INFO - Setting next_dagrun for csv_etl_pipeline to None, run_after=None
[2025-04-08T09:13:59.755+0000] {processor.py:179} INFO - Processing /opt/airflow/dags/etl.py took 0.445 seconds
[2025-04-08T09:14:30.550+0000] {processor.py:157} INFO - Started process (PID=544) to work on /opt/airflow/dags/etl.py
[2025-04-08T09:14:30.551+0000] {processor.py:826} INFO - Processing file /opt/airflow/dags/etl.py for tasks to queue
[2025-04-08T09:14:30.551+0000] {logging_mixin.py:149} INFO - [2025-04-08T09:14:30.551+0000] {dagbag.py:541} INFO - Filling up the DagBag from /opt/airflow/dags/etl.py
[2025-04-08T09:14:30.935+0000] {processor.py:836} INFO - DAG(s) dict_keys(['csv_etl_pipeline']) retrieved from /opt/airflow/dags/etl.py
[2025-04-08T09:14:30.959+0000] {logging_mixin.py:149} INFO - [2025-04-08T09:14:30.958+0000] {dag.py:2726} INFO - Sync 1 DAGs
[2025-04-08T09:14:30.987+0000] {logging_mixin.py:149} INFO - [2025-04-08T09:14:30.987+0000] {dag.py:3490} INFO - Setting next_dagrun for csv_etl_pipeline to None, run_after=None
[2025-04-08T09:14:31.006+0000] {processor.py:179} INFO - Processing /opt/airflow/dags/etl.py took 0.460 seconds
[2025-04-08T09:15:01.895+0000] {processor.py:157} INFO - Started process (PID=635) to work on /opt/airflow/dags/etl.py
[2025-04-08T09:15:01.897+0000] {processor.py:826} INFO - Processing file /opt/airflow/dags/etl.py for tasks to queue
[2025-04-08T09:15:01.897+0000] {logging_mixin.py:149} INFO - [2025-04-08T09:15:01.897+0000] {dagbag.py:541} INFO - Filling up the DagBag from /opt/airflow/dags/etl.py
[2025-04-08T09:15:02.289+0000] {processor.py:836} INFO - DAG(s) dict_keys(['csv_etl_pipeline']) retrieved from /opt/airflow/dags/etl.py
[2025-04-08T09:15:02.311+0000] {logging_mixin.py:149} INFO - [2025-04-08T09:15:02.311+0000] {dag.py:2726} INFO - Sync 1 DAGs
[2025-04-08T09:15:02.335+0000] {logging_mixin.py:149} INFO - [2025-04-08T09:15:02.335+0000] {dag.py:3490} INFO - Setting next_dagrun for csv_etl_pipeline to None, run_after=None
[2025-04-08T09:15:02.356+0000] {processor.py:179} INFO - Processing /opt/airflow/dags/etl.py took 0.464 seconds
[2025-04-08T09:15:33.039+0000] {processor.py:157} INFO - Started process (PID=726) to work on /opt/airflow/dags/etl.py
[2025-04-08T09:15:33.040+0000] {processor.py:826} INFO - Processing file /opt/airflow/dags/etl.py for tasks to queue
[2025-04-08T09:15:33.040+0000] {logging_mixin.py:149} INFO - [2025-04-08T09:15:33.040+0000] {dagbag.py:541} INFO - Filling up the DagBag from /opt/airflow/dags/etl.py
[2025-04-08T09:15:33.431+0000] {processor.py:836} INFO - DAG(s) dict_keys(['csv_etl_pipeline']) retrieved from /opt/airflow/dags/etl.py
[2025-04-08T09:15:33.460+0000] {logging_mixin.py:149} INFO - [2025-04-08T09:15:33.460+0000] {dag.py:2726} INFO - Sync 1 DAGs
[2025-04-08T09:15:33.487+0000] {logging_mixin.py:149} INFO - [2025-04-08T09:15:33.486+0000] {dag.py:3490} INFO - Setting next_dagrun for csv_etl_pipeline to None, run_after=None
[2025-04-08T09:15:33.507+0000] {processor.py:179} INFO - Processing /opt/airflow/dags/etl.py took 0.471 seconds
[2025-04-08T09:16:04.374+0000] {processor.py:157} INFO - Started process (PID=817) to work on /opt/airflow/dags/etl.py
[2025-04-08T09:16:04.376+0000] {processor.py:826} INFO - Processing file /opt/airflow/dags/etl.py for tasks to queue
[2025-04-08T09:16:04.376+0000] {logging_mixin.py:149} INFO - [2025-04-08T09:16:04.376+0000] {dagbag.py:541} INFO - Filling up the DagBag from /opt/airflow/dags/etl.py
[2025-04-08T09:16:04.756+0000] {processor.py:836} INFO - DAG(s) dict_keys(['csv_etl_pipeline']) retrieved from /opt/airflow/dags/etl.py
[2025-04-08T09:16:04.779+0000] {logging_mixin.py:149} INFO - [2025-04-08T09:16:04.778+0000] {dag.py:2726} INFO - Sync 1 DAGs
[2025-04-08T09:16:04.808+0000] {logging_mixin.py:149} INFO - [2025-04-08T09:16:04.807+0000] {dag.py:3490} INFO - Setting next_dagrun for csv_etl_pipeline to None, run_after=None
[2025-04-08T09:16:04.828+0000] {processor.py:179} INFO - Processing /opt/airflow/dags/etl.py took 0.457 seconds
[2025-04-08T09:16:35.266+0000] {processor.py:157} INFO - Started process (PID=920) to work on /opt/airflow/dags/etl.py
[2025-04-08T09:16:35.267+0000] {processor.py:826} INFO - Processing file /opt/airflow/dags/etl.py for tasks to queue
[2025-04-08T09:16:35.267+0000] {logging_mixin.py:149} INFO - [2025-04-08T09:16:35.267+0000] {dagbag.py:541} INFO - Filling up the DagBag from /opt/airflow/dags/etl.py
[2025-04-08T09:16:35.637+0000] {processor.py:836} INFO - DAG(s) dict_keys(['csv_etl_pipeline']) retrieved from /opt/airflow/dags/etl.py
[2025-04-08T09:16:35.661+0000] {logging_mixin.py:149} INFO - [2025-04-08T09:16:35.660+0000] {dag.py:2726} INFO - Sync 1 DAGs
[2025-04-08T09:16:35.687+0000] {logging_mixin.py:149} INFO - [2025-04-08T09:16:35.687+0000] {dag.py:3490} INFO - Setting next_dagrun for csv_etl_pipeline to None, run_after=None
[2025-04-08T09:16:35.709+0000] {processor.py:179} INFO - Processing /opt/airflow/dags/etl.py took 0.447 seconds
[2025-04-08T09:17:05.909+0000] {processor.py:157} INFO - Started process (PID=1015) to work on /opt/airflow/dags/etl.py
[2025-04-08T09:17:05.910+0000] {processor.py:826} INFO - Processing file /opt/airflow/dags/etl.py for tasks to queue
[2025-04-08T09:17:05.911+0000] {logging_mixin.py:149} INFO - [2025-04-08T09:17:05.911+0000] {dagbag.py:541} INFO - Filling up the DagBag from /opt/airflow/dags/etl.py
[2025-04-08T09:17:06.272+0000] {processor.py:836} INFO - DAG(s) dict_keys(['csv_etl_pipeline']) retrieved from /opt/airflow/dags/etl.py
[2025-04-08T09:17:06.295+0000] {logging_mixin.py:149} INFO - [2025-04-08T09:17:06.295+0000] {dag.py:2726} INFO - Sync 1 DAGs
[2025-04-08T09:17:06.321+0000] {logging_mixin.py:149} INFO - [2025-04-08T09:17:06.320+0000] {dag.py:3490} INFO - Setting next_dagrun for csv_etl_pipeline to None, run_after=None
[2025-04-08T09:17:06.341+0000] {processor.py:179} INFO - Processing /opt/airflow/dags/etl.py took 0.435 seconds
[2025-04-08T09:17:36.369+0000] {processor.py:157} INFO - Started process (PID=1105) to work on /opt/airflow/dags/etl.py
[2025-04-08T09:17:36.370+0000] {processor.py:826} INFO - Processing file /opt/airflow/dags/etl.py for tasks to queue
[2025-04-08T09:17:36.370+0000] {logging_mixin.py:149} INFO - [2025-04-08T09:17:36.370+0000] {dagbag.py:541} INFO - Filling up the DagBag from /opt/airflow/dags/etl.py
[2025-04-08T09:17:36.753+0000] {processor.py:836} INFO - DAG(s) dict_keys(['csv_etl_pipeline']) retrieved from /opt/airflow/dags/etl.py
[2025-04-08T09:17:36.782+0000] {logging_mixin.py:149} INFO - [2025-04-08T09:17:36.782+0000] {dag.py:2726} INFO - Sync 1 DAGs
[2025-04-08T09:17:36.812+0000] {logging_mixin.py:149} INFO - [2025-04-08T09:17:36.811+0000] {dag.py:3490} INFO - Setting next_dagrun for csv_etl_pipeline to None, run_after=None
[2025-04-08T09:17:36.834+0000] {processor.py:179} INFO - Processing /opt/airflow/dags/etl.py took 0.468 seconds
[2025-04-08T09:18:06.990+0000] {processor.py:157} INFO - Started process (PID=1196) to work on /opt/airflow/dags/etl.py
[2025-04-08T09:18:06.991+0000] {processor.py:826} INFO - Processing file /opt/airflow/dags/etl.py for tasks to queue
[2025-04-08T09:18:06.992+0000] {logging_mixin.py:149} INFO - [2025-04-08T09:18:06.992+0000] {dagbag.py:541} INFO - Filling up the DagBag from /opt/airflow/dags/etl.py
[2025-04-08T09:18:07.375+0000] {processor.py:836} INFO - DAG(s) dict_keys(['csv_etl_pipeline']) retrieved from /opt/airflow/dags/etl.py
[2025-04-08T09:18:07.399+0000] {logging_mixin.py:149} INFO - [2025-04-08T09:18:07.398+0000] {dag.py:2726} INFO - Sync 1 DAGs
[2025-04-08T09:18:07.428+0000] {logging_mixin.py:149} INFO - [2025-04-08T09:18:07.428+0000] {dag.py:3490} INFO - Setting next_dagrun for csv_etl_pipeline to None, run_after=None
[2025-04-08T09:18:07.450+0000] {processor.py:179} INFO - Processing /opt/airflow/dags/etl.py took 0.463 seconds
[2025-04-08T09:18:37.540+0000] {processor.py:157} INFO - Started process (PID=1287) to work on /opt/airflow/dags/etl.py
[2025-04-08T09:18:37.541+0000] {processor.py:826} INFO - Processing file /opt/airflow/dags/etl.py for tasks to queue
[2025-04-08T09:18:37.542+0000] {logging_mixin.py:149} INFO - [2025-04-08T09:18:37.542+0000] {dagbag.py:541} INFO - Filling up the DagBag from /opt/airflow/dags/etl.py
[2025-04-08T09:18:37.926+0000] {processor.py:836} INFO - DAG(s) dict_keys(['csv_etl_pipeline']) retrieved from /opt/airflow/dags/etl.py
[2025-04-08T09:18:37.950+0000] {logging_mixin.py:149} INFO - [2025-04-08T09:18:37.949+0000] {dag.py:2726} INFO - Sync 1 DAGs
[2025-04-08T09:18:37.975+0000] {logging_mixin.py:149} INFO - [2025-04-08T09:18:37.975+0000] {dag.py:3490} INFO - Setting next_dagrun for csv_etl_pipeline to None, run_after=None
[2025-04-08T09:18:37.995+0000] {processor.py:179} INFO - Processing /opt/airflow/dags/etl.py took 0.458 seconds
