[2025-04-08T09:11:54.782+0000] {processor.py:157} INFO - Started process (PID=37) to work on /opt/airflow/dags/watch.py
[2025-04-08T09:11:54.784+0000] {processor.py:826} INFO - Processing file /opt/airflow/dags/watch.py for tasks to queue
[2025-04-08T09:11:54.785+0000] {logging_mixin.py:149} INFO - [2025-04-08T09:11:54.785+0000] {dagbag.py:541} INFO - Filling up the DagBag from /opt/airflow/dags/watch.py
[2025-04-08T09:11:54.798+0000] {processor.py:836} INFO - DAG(s) dict_keys(['file_watcher_dag']) retrieved from /opt/airflow/dags/watch.py
[2025-04-08T09:11:54.898+0000] {logging_mixin.py:149} INFO - [2025-04-08T09:11:54.898+0000] {dag.py:2726} INFO - Sync 1 DAGs
[2025-04-08T09:11:54.947+0000] {logging_mixin.py:149} INFO - [2025-04-08T09:11:54.947+0000] {dag.py:3490} INFO - Setting next_dagrun for file_watcher_dag to 2025-04-08T09:11:24.946808+00:00, run_after=2025-04-08T09:11:54.946808+00:00
[2025-04-08T09:11:54.971+0000] {processor.py:179} INFO - Processing /opt/airflow/dags/watch.py took 0.194 seconds
[2025-04-08T09:12:25.180+0000] {processor.py:157} INFO - Started process (PID=171) to work on /opt/airflow/dags/watch.py
[2025-04-08T09:12:25.181+0000] {processor.py:826} INFO - Processing file /opt/airflow/dags/watch.py for tasks to queue
[2025-04-08T09:12:25.182+0000] {logging_mixin.py:149} INFO - [2025-04-08T09:12:25.182+0000] {dagbag.py:541} INFO - Filling up the DagBag from /opt/airflow/dags/watch.py
[2025-04-08T09:12:25.190+0000] {processor.py:836} INFO - DAG(s) dict_keys(['file_watcher_dag']) retrieved from /opt/airflow/dags/watch.py
[2025-04-08T09:12:25.216+0000] {logging_mixin.py:149} INFO - [2025-04-08T09:12:25.216+0000] {dag.py:2726} INFO - Sync 1 DAGs
[2025-04-08T09:12:25.248+0000] {logging_mixin.py:149} INFO - [2025-04-08T09:12:25.248+0000] {dag.py:3490} INFO - Setting next_dagrun for file_watcher_dag to 2025-04-08T09:12:05.958650+00:00, run_after=2025-04-08T09:12:35.958650+00:00
[2025-04-08T09:12:25.273+0000] {processor.py:179} INFO - Processing /opt/airflow/dags/watch.py took 0.097 seconds
[2025-04-08T09:12:55.336+0000] {processor.py:157} INFO - Started process (PID=262) to work on /opt/airflow/dags/watch.py
[2025-04-08T09:12:55.338+0000] {processor.py:826} INFO - Processing file /opt/airflow/dags/watch.py for tasks to queue
[2025-04-08T09:12:55.338+0000] {logging_mixin.py:149} INFO - [2025-04-08T09:12:55.338+0000] {dagbag.py:541} INFO - Filling up the DagBag from /opt/airflow/dags/watch.py
[2025-04-08T09:12:55.346+0000] {processor.py:836} INFO - DAG(s) dict_keys(['file_watcher_dag']) retrieved from /opt/airflow/dags/watch.py
[2025-04-08T09:12:55.372+0000] {logging_mixin.py:149} INFO - [2025-04-08T09:12:55.372+0000] {dag.py:2726} INFO - Sync 1 DAGs
[2025-04-08T09:12:55.518+0000] {logging_mixin.py:149} INFO - [2025-04-08T09:12:55.518+0000] {dag.py:3490} INFO - Setting next_dagrun for file_watcher_dag to 2025-04-08T09:12:35.958650+00:00, run_after=2025-04-08T09:13:05.958650+00:00
[2025-04-08T09:12:55.537+0000] {processor.py:179} INFO - Processing /opt/airflow/dags/watch.py took 0.205 seconds
[2025-04-08T09:13:25.642+0000] {processor.py:157} INFO - Started process (PID=353) to work on /opt/airflow/dags/watch.py
[2025-04-08T09:13:25.643+0000] {processor.py:826} INFO - Processing file /opt/airflow/dags/watch.py for tasks to queue
[2025-04-08T09:13:25.644+0000] {logging_mixin.py:149} INFO - [2025-04-08T09:13:25.644+0000] {dagbag.py:541} INFO - Filling up the DagBag from /opt/airflow/dags/watch.py
[2025-04-08T09:13:25.650+0000] {processor.py:836} INFO - DAG(s) dict_keys(['file_watcher_dag']) retrieved from /opt/airflow/dags/watch.py
[2025-04-08T09:13:25.674+0000] {logging_mixin.py:149} INFO - [2025-04-08T09:13:25.674+0000] {dag.py:2726} INFO - Sync 1 DAGs
[2025-04-08T09:13:25.698+0000] {logging_mixin.py:149} INFO - [2025-04-08T09:13:25.697+0000] {dag.py:3490} INFO - Setting next_dagrun for file_watcher_dag to 2025-04-08T09:13:05.958650+00:00, run_after=2025-04-08T09:13:35.958650+00:00
[2025-04-08T09:13:25.717+0000] {processor.py:179} INFO - Processing /opt/airflow/dags/watch.py took 0.078 seconds
[2025-04-08T09:13:56.279+0000] {processor.py:157} INFO - Started process (PID=444) to work on /opt/airflow/dags/watch.py
[2025-04-08T09:13:56.281+0000] {processor.py:826} INFO - Processing file /opt/airflow/dags/watch.py for tasks to queue
[2025-04-08T09:13:56.281+0000] {logging_mixin.py:149} INFO - [2025-04-08T09:13:56.281+0000] {dagbag.py:541} INFO - Filling up the DagBag from /opt/airflow/dags/watch.py
[2025-04-08T09:13:56.288+0000] {processor.py:836} INFO - DAG(s) dict_keys(['file_watcher_dag']) retrieved from /opt/airflow/dags/watch.py
[2025-04-08T09:13:56.312+0000] {logging_mixin.py:149} INFO - [2025-04-08T09:13:56.312+0000] {dag.py:2726} INFO - Sync 1 DAGs
[2025-04-08T09:13:56.338+0000] {logging_mixin.py:149} INFO - [2025-04-08T09:13:56.337+0000] {dag.py:3490} INFO - Setting next_dagrun for file_watcher_dag to 2025-04-08T09:13:35.958650+00:00, run_after=2025-04-08T09:14:05.958650+00:00
[2025-04-08T09:13:56.357+0000] {processor.py:179} INFO - Processing /opt/airflow/dags/watch.py took 0.081 seconds
[2025-04-08T09:14:26.512+0000] {processor.py:157} INFO - Started process (PID=535) to work on /opt/airflow/dags/watch.py
[2025-04-08T09:14:26.513+0000] {processor.py:826} INFO - Processing file /opt/airflow/dags/watch.py for tasks to queue
[2025-04-08T09:14:26.514+0000] {logging_mixin.py:149} INFO - [2025-04-08T09:14:26.514+0000] {dagbag.py:541} INFO - Filling up the DagBag from /opt/airflow/dags/watch.py
[2025-04-08T09:14:26.520+0000] {processor.py:836} INFO - DAG(s) dict_keys(['file_watcher_dag']) retrieved from /opt/airflow/dags/watch.py
[2025-04-08T09:14:26.545+0000] {logging_mixin.py:149} INFO - [2025-04-08T09:14:26.544+0000] {dag.py:2726} INFO - Sync 1 DAGs
[2025-04-08T09:14:26.570+0000] {logging_mixin.py:149} INFO - [2025-04-08T09:14:26.570+0000] {dag.py:3490} INFO - Setting next_dagrun for file_watcher_dag to 2025-04-08T09:14:05.958650+00:00, run_after=2025-04-08T09:14:35.958650+00:00
[2025-04-08T09:14:26.589+0000] {processor.py:179} INFO - Processing /opt/airflow/dags/watch.py took 0.080 seconds
[2025-04-08T09:14:56.848+0000] {processor.py:157} INFO - Started process (PID=626) to work on /opt/airflow/dags/watch.py
[2025-04-08T09:14:56.850+0000] {processor.py:826} INFO - Processing file /opt/airflow/dags/watch.py for tasks to queue
[2025-04-08T09:14:56.850+0000] {logging_mixin.py:149} INFO - [2025-04-08T09:14:56.850+0000] {dagbag.py:541} INFO - Filling up the DagBag from /opt/airflow/dags/watch.py
[2025-04-08T09:14:56.857+0000] {processor.py:836} INFO - DAG(s) dict_keys(['file_watcher_dag']) retrieved from /opt/airflow/dags/watch.py
[2025-04-08T09:14:56.881+0000] {logging_mixin.py:149} INFO - [2025-04-08T09:14:56.881+0000] {dag.py:2726} INFO - Sync 1 DAGs
[2025-04-08T09:14:56.906+0000] {logging_mixin.py:149} INFO - [2025-04-08T09:14:56.906+0000] {dag.py:3490} INFO - Setting next_dagrun for file_watcher_dag to 2025-04-08T09:14:35.958650+00:00, run_after=2025-04-08T09:15:05.958650+00:00
[2025-04-08T09:14:56.927+0000] {processor.py:179} INFO - Processing /opt/airflow/dags/watch.py took 0.082 seconds
[2025-04-08T09:15:26.992+0000] {processor.py:157} INFO - Started process (PID=717) to work on /opt/airflow/dags/watch.py
[2025-04-08T09:15:26.992+0000] {processor.py:826} INFO - Processing file /opt/airflow/dags/watch.py for tasks to queue
[2025-04-08T09:15:26.993+0000] {logging_mixin.py:149} INFO - [2025-04-08T09:15:26.993+0000] {dagbag.py:541} INFO - Filling up the DagBag from /opt/airflow/dags/watch.py
[2025-04-08T09:15:26.999+0000] {processor.py:836} INFO - DAG(s) dict_keys(['file_watcher_dag']) retrieved from /opt/airflow/dags/watch.py
[2025-04-08T09:15:27.023+0000] {logging_mixin.py:149} INFO - [2025-04-08T09:15:27.023+0000] {dag.py:2726} INFO - Sync 1 DAGs
[2025-04-08T09:15:27.047+0000] {logging_mixin.py:149} INFO - [2025-04-08T09:15:27.047+0000] {dag.py:3490} INFO - Setting next_dagrun for file_watcher_dag to 2025-04-08T09:15:05.958650+00:00, run_after=2025-04-08T09:15:35.958650+00:00
[2025-04-08T09:15:27.067+0000] {processor.py:179} INFO - Processing /opt/airflow/dags/watch.py took 0.078 seconds
[2025-04-08T09:15:57.324+0000] {processor.py:157} INFO - Started process (PID=815) to work on /opt/airflow/dags/watch.py
[2025-04-08T09:15:57.325+0000] {processor.py:826} INFO - Processing file /opt/airflow/dags/watch.py for tasks to queue
[2025-04-08T09:15:57.326+0000] {logging_mixin.py:149} INFO - [2025-04-08T09:15:57.326+0000] {dagbag.py:541} INFO - Filling up the DagBag from /opt/airflow/dags/watch.py
[2025-04-08T09:15:57.332+0000] {processor.py:836} INFO - DAG(s) dict_keys(['file_watcher_dag']) retrieved from /opt/airflow/dags/watch.py
[2025-04-08T09:15:57.356+0000] {logging_mixin.py:149} INFO - [2025-04-08T09:15:57.356+0000] {dag.py:2726} INFO - Sync 1 DAGs
[2025-04-08T09:15:57.380+0000] {logging_mixin.py:149} INFO - [2025-04-08T09:15:57.380+0000] {dag.py:3490} INFO - Setting next_dagrun for file_watcher_dag to 2025-04-08T09:15:35.958650+00:00, run_after=2025-04-08T09:16:05.958650+00:00
[2025-04-08T09:15:57.401+0000] {processor.py:179} INFO - Processing /opt/airflow/dags/watch.py took 0.080 seconds
[2025-04-08T09:16:27.719+0000] {processor.py:157} INFO - Started process (PID=906) to work on /opt/airflow/dags/watch.py
[2025-04-08T09:16:27.720+0000] {processor.py:826} INFO - Processing file /opt/airflow/dags/watch.py for tasks to queue
[2025-04-08T09:16:27.721+0000] {logging_mixin.py:149} INFO - [2025-04-08T09:16:27.721+0000] {dagbag.py:541} INFO - Filling up the DagBag from /opt/airflow/dags/watch.py
[2025-04-08T09:16:27.727+0000] {processor.py:836} INFO - DAG(s) dict_keys(['file_watcher_dag']) retrieved from /opt/airflow/dags/watch.py
[2025-04-08T09:16:27.751+0000] {logging_mixin.py:149} INFO - [2025-04-08T09:16:27.751+0000] {dag.py:2726} INFO - Sync 1 DAGs
[2025-04-08T09:16:27.777+0000] {logging_mixin.py:149} INFO - [2025-04-08T09:16:27.776+0000] {dag.py:3490} INFO - Setting next_dagrun for file_watcher_dag to 2025-04-08T09:16:05.958650+00:00, run_after=2025-04-08T09:16:35.958650+00:00
[2025-04-08T09:16:27.797+0000] {processor.py:179} INFO - Processing /opt/airflow/dags/watch.py took 0.082 seconds
[2025-04-08T09:16:58.420+0000] {processor.py:157} INFO - Started process (PID=997) to work on /opt/airflow/dags/watch.py
[2025-04-08T09:16:58.421+0000] {processor.py:826} INFO - Processing file /opt/airflow/dags/watch.py for tasks to queue
[2025-04-08T09:16:58.422+0000] {logging_mixin.py:149} INFO - [2025-04-08T09:16:58.422+0000] {dagbag.py:541} INFO - Filling up the DagBag from /opt/airflow/dags/watch.py
[2025-04-08T09:16:58.429+0000] {processor.py:836} INFO - DAG(s) dict_keys(['file_watcher_dag']) retrieved from /opt/airflow/dags/watch.py
[2025-04-08T09:16:58.453+0000] {logging_mixin.py:149} INFO - [2025-04-08T09:16:58.452+0000] {dag.py:2726} INFO - Sync 1 DAGs
[2025-04-08T09:16:58.477+0000] {logging_mixin.py:149} INFO - [2025-04-08T09:16:58.477+0000] {dag.py:3490} INFO - Setting next_dagrun for file_watcher_dag to 2025-04-08T09:16:35.958650+00:00, run_after=2025-04-08T09:17:05.958650+00:00
[2025-04-08T09:16:58.498+0000] {processor.py:179} INFO - Processing /opt/airflow/dags/watch.py took 0.081 seconds
[2025-04-08T09:17:28.697+0000] {processor.py:157} INFO - Started process (PID=1088) to work on /opt/airflow/dags/watch.py
[2025-04-08T09:17:28.698+0000] {processor.py:826} INFO - Processing file /opt/airflow/dags/watch.py for tasks to queue
[2025-04-08T09:17:28.699+0000] {logging_mixin.py:149} INFO - [2025-04-08T09:17:28.699+0000] {dagbag.py:541} INFO - Filling up the DagBag from /opt/airflow/dags/watch.py
[2025-04-08T09:17:28.705+0000] {processor.py:836} INFO - DAG(s) dict_keys(['file_watcher_dag']) retrieved from /opt/airflow/dags/watch.py
[2025-04-08T09:17:28.730+0000] {logging_mixin.py:149} INFO - [2025-04-08T09:17:28.730+0000] {dag.py:2726} INFO - Sync 1 DAGs
[2025-04-08T09:17:28.755+0000] {logging_mixin.py:149} INFO - [2025-04-08T09:17:28.755+0000] {dag.py:3490} INFO - Setting next_dagrun for file_watcher_dag to 2025-04-08T09:17:05.958650+00:00, run_after=2025-04-08T09:17:35.958650+00:00
[2025-04-08T09:17:28.774+0000] {processor.py:179} INFO - Processing /opt/airflow/dags/watch.py took 0.080 seconds
[2025-04-08T09:17:59.315+0000] {processor.py:157} INFO - Started process (PID=1179) to work on /opt/airflow/dags/watch.py
[2025-04-08T09:17:59.316+0000] {processor.py:826} INFO - Processing file /opt/airflow/dags/watch.py for tasks to queue
[2025-04-08T09:17:59.317+0000] {logging_mixin.py:149} INFO - [2025-04-08T09:17:59.317+0000] {dagbag.py:541} INFO - Filling up the DagBag from /opt/airflow/dags/watch.py
[2025-04-08T09:17:59.323+0000] {processor.py:836} INFO - DAG(s) dict_keys(['file_watcher_dag']) retrieved from /opt/airflow/dags/watch.py
[2025-04-08T09:17:59.348+0000] {logging_mixin.py:149} INFO - [2025-04-08T09:17:59.347+0000] {dag.py:2726} INFO - Sync 1 DAGs
[2025-04-08T09:17:59.376+0000] {logging_mixin.py:149} INFO - [2025-04-08T09:17:59.376+0000] {dag.py:3490} INFO - Setting next_dagrun for file_watcher_dag to 2025-04-08T09:17:35.958650+00:00, run_after=2025-04-08T09:18:05.958650+00:00
[2025-04-08T09:17:59.398+0000] {processor.py:179} INFO - Processing /opt/airflow/dags/watch.py took 0.086 seconds
[2025-04-08T09:18:29.877+0000] {processor.py:157} INFO - Started process (PID=1270) to work on /opt/airflow/dags/watch.py
[2025-04-08T09:18:29.879+0000] {processor.py:826} INFO - Processing file /opt/airflow/dags/watch.py for tasks to queue
[2025-04-08T09:18:29.879+0000] {logging_mixin.py:149} INFO - [2025-04-08T09:18:29.879+0000] {dagbag.py:541} INFO - Filling up the DagBag from /opt/airflow/dags/watch.py
[2025-04-08T09:18:29.886+0000] {processor.py:836} INFO - DAG(s) dict_keys(['file_watcher_dag']) retrieved from /opt/airflow/dags/watch.py
[2025-04-08T09:18:29.909+0000] {logging_mixin.py:149} INFO - [2025-04-08T09:18:29.909+0000] {dag.py:2726} INFO - Sync 1 DAGs
[2025-04-08T09:18:29.935+0000] {logging_mixin.py:149} INFO - [2025-04-08T09:18:29.934+0000] {dag.py:3490} INFO - Setting next_dagrun for file_watcher_dag to 2025-04-08T09:18:05.958650+00:00, run_after=2025-04-08T09:18:35.958650+00:00
[2025-04-08T09:18:29.955+0000] {processor.py:179} INFO - Processing /opt/airflow/dags/watch.py took 0.081 seconds
[2025-04-08T09:19:00.534+0000] {processor.py:157} INFO - Started process (PID=1361) to work on /opt/airflow/dags/watch.py
[2025-04-08T09:19:00.535+0000] {processor.py:826} INFO - Processing file /opt/airflow/dags/watch.py for tasks to queue
[2025-04-08T09:19:00.536+0000] {logging_mixin.py:149} INFO - [2025-04-08T09:19:00.536+0000] {dagbag.py:541} INFO - Filling up the DagBag from /opt/airflow/dags/watch.py
[2025-04-08T09:19:00.542+0000] {processor.py:836} INFO - DAG(s) dict_keys(['file_watcher_dag']) retrieved from /opt/airflow/dags/watch.py
[2025-04-08T09:19:00.564+0000] {logging_mixin.py:149} INFO - [2025-04-08T09:19:00.564+0000] {dag.py:2726} INFO - Sync 1 DAGs
[2025-04-08T09:19:00.591+0000] {logging_mixin.py:149} INFO - [2025-04-08T09:19:00.591+0000] {dag.py:3490} INFO - Setting next_dagrun for file_watcher_dag to 2025-04-08T09:18:35.958650+00:00, run_after=2025-04-08T09:19:05.958650+00:00
[2025-04-08T09:19:00.611+0000] {processor.py:179} INFO - Processing /opt/airflow/dags/watch.py took 0.080 seconds
