[2025-03-11T10:44:33.721+0000] {taskinstance.py:1103} INFO - Dependencies all met for dep_context=non-requeueable deps ti=<TaskInstance: csv_etl_pipeline.extract_task manual__2025-03-11T10:44:31.765822+00:00 [queued]>
[2025-03-11T10:44:33.938+0000] {taskinstance.py:1103} INFO - Dependencies all met for dep_context=requeueable deps ti=<TaskInstance: csv_etl_pipeline.extract_task manual__2025-03-11T10:44:31.765822+00:00 [queued]>
[2025-03-11T10:44:33.938+0000] {taskinstance.py:1308} INFO - Starting attempt 1 of 1
[2025-03-11T10:44:33.957+0000] {taskinstance.py:1327} INFO - Executing <Task(PythonOperator): extract_task> on 2025-03-11 10:44:31.765822+00:00
[2025-03-11T10:44:33.965+0000] {standard_task_runner.py:57} INFO - Started process 89 to run task
[2025-03-11T10:44:33.972+0000] {standard_task_runner.py:84} INFO - Running: ['***', 'tasks', 'run', 'csv_etl_pipeline', 'extract_task', 'manual__2025-03-11T10:44:31.765822+00:00', '--job-id', '14', '--raw', '--subdir', 'DAGS_FOLDER/etl.py', '--cfg-path', '/tmp/tmpv53by2he']
[2025-03-11T10:44:33.973+0000] {standard_task_runner.py:85} INFO - Job 14: Subtask extract_task
[2025-03-11T10:44:34.051+0000] {task_command.py:410} INFO - Running <TaskInstance: csv_etl_pipeline.extract_task manual__2025-03-11T10:44:31.765822+00:00 [running]> on host 11da0919092a
[2025-03-11T10:44:34.173+0000] {taskinstance.py:1547} INFO - Exporting env vars: AIRFLOW_CTX_DAG_OWNER='***' AIRFLOW_CTX_DAG_ID='csv_etl_pipeline' AIRFLOW_CTX_TASK_ID='extract_task' AIRFLOW_CTX_EXECUTION_DATE='2025-03-11T10:44:31.765822+00:00' AIRFLOW_CTX_TRY_NUMBER='1' AIRFLOW_CTX_DAG_RUN_ID='manual__2025-03-11T10:44:31.765822+00:00'
[2025-03-11T10:44:34.180+0000] {logging_mixin.py:149} INFO - dags
[2025-03-11T10:44:34.181+0000] {logging_mixin.py:149} INFO - logs
[2025-03-11T10:44:34.181+0000] {logging_mixin.py:149} INFO - ***-worker.pid
[2025-03-11T10:44:34.181+0000] {logging_mixin.py:149} INFO - webserver_config.py
[2025-03-11T10:44:34.181+0000] {logging_mixin.py:149} INFO - ***.cfg
[2025-03-11T10:44:34.181+0000] {logging_mixin.py:149} INFO - config
[2025-03-11T10:44:34.181+0000] {logging_mixin.py:149} INFO - plugins
[2025-03-11T10:44:34.190+0000] {taskinstance.py:1824} ERROR - Task failed with exception
Traceback (most recent call last):
  File "/home/airflow/.local/lib/python3.7/site-packages/airflow/operators/python.py", line 181, in execute
    return_value = self.execute_callable()
  File "/home/airflow/.local/lib/python3.7/site-packages/airflow/operators/python.py", line 198, in execute_callable
    return self.python_callable(*self.op_args, **self.op_kwargs)
  File "/opt/airflow/dags/etl.py", line 21, in extract_data
    df = pd.read_csv(INPUT_CSV)
  File "/home/airflow/.local/lib/python3.7/site-packages/pandas/util/_decorators.py", line 311, in wrapper
    return func(*args, **kwargs)
  File "/home/airflow/.local/lib/python3.7/site-packages/pandas/io/parsers/readers.py", line 586, in read_csv
    return _read(filepath_or_buffer, kwds)
  File "/home/airflow/.local/lib/python3.7/site-packages/pandas/io/parsers/readers.py", line 488, in _read
    return parser.read(nrows)
  File "/home/airflow/.local/lib/python3.7/site-packages/pandas/io/parsers/readers.py", line 1047, in read
    index, columns, col_dict = self._engine.read(nrows)
  File "/home/airflow/.local/lib/python3.7/site-packages/pandas/io/parsers/c_parser_wrapper.py", line 224, in read
    chunks = self._reader.read_low_memory(nrows)
  File "pandas/_libs/parsers.pyx", line 801, in pandas._libs.parsers.TextReader.read_low_memory
  File "pandas/_libs/parsers.pyx", line 857, in pandas._libs.parsers.TextReader._read_rows
  File "pandas/_libs/parsers.pyx", line 843, in pandas._libs.parsers.TextReader._tokenize_rows
  File "pandas/_libs/parsers.pyx", line 1925, in pandas._libs.parsers.raise_parser_error
pandas.errors.ParserError: Error tokenizing data. C error: Expected 1 fields in line 257, saw 2

[2025-03-11T10:44:34.211+0000] {taskinstance.py:1350} INFO - Marking task as FAILED. dag_id=csv_etl_pipeline, task_id=extract_task, execution_date=20250311T104431, start_date=20250311T104433, end_date=20250311T104434
[2025-03-11T10:44:34.240+0000] {standard_task_runner.py:109} ERROR - Failed to execute job 14 for task extract_task (Error tokenizing data. C error: Expected 1 fields in line 257, saw 2
; 89)
[2025-03-11T10:44:34.263+0000] {local_task_job_runner.py:225} INFO - Task exited with return code 1
[2025-03-11T10:44:34.326+0000] {taskinstance.py:2651} INFO - 0 downstream tasks scheduled from follow-on schedule check
