[2025-03-13T09:44:59.154+0000] {processor.py:157} INFO - Started process (PID=38) to work on /opt/airflow/dags/watch.py
[2025-03-13T09:44:59.155+0000] {processor.py:826} INFO - Processing file /opt/airflow/dags/watch.py for tasks to queue
[2025-03-13T09:44:59.156+0000] {logging_mixin.py:149} INFO - [2025-03-13T09:44:59.156+0000] {dagbag.py:541} INFO - Filling up the DagBag from /opt/airflow/dags/watch.py
[2025-03-13T09:44:59.167+0000] {processor.py:836} INFO - DAG(s) dict_keys(['file_watcher_dag']) retrieved from /opt/airflow/dags/watch.py
[2025-03-13T09:44:59.235+0000] {logging_mixin.py:149} INFO - [2025-03-13T09:44:59.235+0000] {dag.py:2726} INFO - Sync 1 DAGs
[2025-03-13T09:44:59.273+0000] {logging_mixin.py:149} INFO - [2025-03-13T09:44:59.272+0000] {dag.py:3490} INFO - Setting next_dagrun for file_watcher_dag to 2025-03-13T09:44:29.272529+00:00, run_after=2025-03-13T09:44:59.272529+00:00
[2025-03-13T09:44:59.301+0000] {processor.py:179} INFO - Processing /opt/airflow/dags/watch.py took 0.154 seconds
[2025-03-13T09:45:29.924+0000] {processor.py:157} INFO - Started process (PID=151) to work on /opt/airflow/dags/watch.py
[2025-03-13T09:45:29.926+0000] {processor.py:826} INFO - Processing file /opt/airflow/dags/watch.py for tasks to queue
[2025-03-13T09:45:29.928+0000] {logging_mixin.py:149} INFO - [2025-03-13T09:45:29.928+0000] {dagbag.py:541} INFO - Filling up the DagBag from /opt/airflow/dags/watch.py
[2025-03-13T09:45:29.944+0000] {processor.py:836} INFO - DAG(s) dict_keys(['file_watcher_dag']) retrieved from /opt/airflow/dags/watch.py
[2025-03-13T09:45:29.990+0000] {logging_mixin.py:149} INFO - [2025-03-13T09:45:29.990+0000] {dag.py:2726} INFO - Sync 1 DAGs
[2025-03-13T09:45:30.029+0000] {logging_mixin.py:149} INFO - [2025-03-13T09:45:30.028+0000] {dag.py:3490} INFO - Setting next_dagrun for file_watcher_dag to 2025-03-13T09:45:07.660742+00:00, run_after=2025-03-13T09:45:37.660742+00:00
[2025-03-13T09:45:30.062+0000] {processor.py:179} INFO - Processing /opt/airflow/dags/watch.py took 0.143 seconds
[2025-03-13T09:46:00.666+0000] {processor.py:157} INFO - Started process (PID=242) to work on /opt/airflow/dags/watch.py
[2025-03-13T09:46:00.668+0000] {processor.py:826} INFO - Processing file /opt/airflow/dags/watch.py for tasks to queue
[2025-03-13T09:46:00.668+0000] {logging_mixin.py:149} INFO - [2025-03-13T09:46:00.668+0000] {dagbag.py:541} INFO - Filling up the DagBag from /opt/airflow/dags/watch.py
[2025-03-13T09:46:00.676+0000] {processor.py:836} INFO - DAG(s) dict_keys(['file_watcher_dag']) retrieved from /opt/airflow/dags/watch.py
[2025-03-13T09:46:00.701+0000] {logging_mixin.py:149} INFO - [2025-03-13T09:46:00.701+0000] {dag.py:2726} INFO - Sync 1 DAGs
[2025-03-13T09:46:00.827+0000] {logging_mixin.py:149} INFO - [2025-03-13T09:46:00.827+0000] {dag.py:3490} INFO - Setting next_dagrun for file_watcher_dag to 2025-03-13T09:45:37.660742+00:00, run_after=2025-03-13T09:46:07.660742+00:00
[2025-03-13T09:46:00.844+0000] {processor.py:179} INFO - Processing /opt/airflow/dags/watch.py took 0.182 seconds
[2025-03-13T09:46:30.884+0000] {processor.py:157} INFO - Started process (PID=333) to work on /opt/airflow/dags/watch.py
[2025-03-13T09:46:30.885+0000] {processor.py:826} INFO - Processing file /opt/airflow/dags/watch.py for tasks to queue
[2025-03-13T09:46:30.886+0000] {logging_mixin.py:149} INFO - [2025-03-13T09:46:30.886+0000] {dagbag.py:541} INFO - Filling up the DagBag from /opt/airflow/dags/watch.py
[2025-03-13T09:46:30.892+0000] {processor.py:836} INFO - DAG(s) dict_keys(['file_watcher_dag']) retrieved from /opt/airflow/dags/watch.py
[2025-03-13T09:46:30.914+0000] {logging_mixin.py:149} INFO - [2025-03-13T09:46:30.914+0000] {dag.py:2726} INFO - Sync 1 DAGs
[2025-03-13T09:46:30.938+0000] {logging_mixin.py:149} INFO - [2025-03-13T09:46:30.938+0000] {dag.py:3490} INFO - Setting next_dagrun for file_watcher_dag to 2025-03-13T09:46:07.660742+00:00, run_after=2025-03-13T09:46:37.660742+00:00
[2025-03-13T09:46:30.959+0000] {processor.py:179} INFO - Processing /opt/airflow/dags/watch.py took 0.078 seconds
[2025-03-13T09:47:01.159+0000] {processor.py:157} INFO - Started process (PID=424) to work on /opt/airflow/dags/watch.py
[2025-03-13T09:47:01.160+0000] {processor.py:826} INFO - Processing file /opt/airflow/dags/watch.py for tasks to queue
[2025-03-13T09:47:01.161+0000] {logging_mixin.py:149} INFO - [2025-03-13T09:47:01.161+0000] {dagbag.py:541} INFO - Filling up the DagBag from /opt/airflow/dags/watch.py
[2025-03-13T09:47:01.167+0000] {processor.py:836} INFO - DAG(s) dict_keys(['file_watcher_dag']) retrieved from /opt/airflow/dags/watch.py
[2025-03-13T09:47:01.190+0000] {logging_mixin.py:149} INFO - [2025-03-13T09:47:01.190+0000] {dag.py:2726} INFO - Sync 1 DAGs
[2025-03-13T09:47:01.214+0000] {logging_mixin.py:149} INFO - [2025-03-13T09:47:01.214+0000] {dag.py:3490} INFO - Setting next_dagrun for file_watcher_dag to 2025-03-13T09:46:37.660742+00:00, run_after=2025-03-13T09:47:07.660742+00:00
[2025-03-13T09:47:01.232+0000] {processor.py:179} INFO - Processing /opt/airflow/dags/watch.py took 0.076 seconds
[2025-03-13T09:47:31.416+0000] {processor.py:157} INFO - Started process (PID=515) to work on /opt/airflow/dags/watch.py
[2025-03-13T09:47:31.418+0000] {processor.py:826} INFO - Processing file /opt/airflow/dags/watch.py for tasks to queue
[2025-03-13T09:47:31.418+0000] {logging_mixin.py:149} INFO - [2025-03-13T09:47:31.418+0000] {dagbag.py:541} INFO - Filling up the DagBag from /opt/airflow/dags/watch.py
[2025-03-13T09:47:31.424+0000] {processor.py:836} INFO - DAG(s) dict_keys(['file_watcher_dag']) retrieved from /opt/airflow/dags/watch.py
[2025-03-13T09:47:31.446+0000] {logging_mixin.py:149} INFO - [2025-03-13T09:47:31.446+0000] {dag.py:2726} INFO - Sync 1 DAGs
[2025-03-13T09:47:31.470+0000] {logging_mixin.py:149} INFO - [2025-03-13T09:47:31.470+0000] {dag.py:3490} INFO - Setting next_dagrun for file_watcher_dag to 2025-03-13T09:47:07.660742+00:00, run_after=2025-03-13T09:47:37.660742+00:00
[2025-03-13T09:47:31.488+0000] {processor.py:179} INFO - Processing /opt/airflow/dags/watch.py took 0.075 seconds
[2025-03-13T09:48:02.221+0000] {processor.py:157} INFO - Started process (PID=607) to work on /opt/airflow/dags/watch.py
[2025-03-13T09:48:02.222+0000] {processor.py:826} INFO - Processing file /opt/airflow/dags/watch.py for tasks to queue
[2025-03-13T09:48:02.223+0000] {logging_mixin.py:149} INFO - [2025-03-13T09:48:02.223+0000] {dagbag.py:541} INFO - Filling up the DagBag from /opt/airflow/dags/watch.py
[2025-03-13T09:48:02.229+0000] {processor.py:836} INFO - DAG(s) dict_keys(['file_watcher_dag']) retrieved from /opt/airflow/dags/watch.py
[2025-03-13T09:48:02.254+0000] {logging_mixin.py:149} INFO - [2025-03-13T09:48:02.254+0000] {dag.py:2726} INFO - Sync 1 DAGs
[2025-03-13T09:48:02.276+0000] {logging_mixin.py:149} INFO - [2025-03-13T09:48:02.276+0000] {dag.py:3490} INFO - Setting next_dagrun for file_watcher_dag to 2025-03-13T09:47:37.660742+00:00, run_after=2025-03-13T09:48:07.660742+00:00
[2025-03-13T09:48:02.295+0000] {processor.py:179} INFO - Processing /opt/airflow/dags/watch.py took 0.077 seconds
[2025-03-13T09:48:32.631+0000] {processor.py:157} INFO - Started process (PID=698) to work on /opt/airflow/dags/watch.py
[2025-03-13T09:48:32.632+0000] {processor.py:826} INFO - Processing file /opt/airflow/dags/watch.py for tasks to queue
[2025-03-13T09:48:32.633+0000] {logging_mixin.py:149} INFO - [2025-03-13T09:48:32.633+0000] {dagbag.py:541} INFO - Filling up the DagBag from /opt/airflow/dags/watch.py
[2025-03-13T09:48:32.640+0000] {processor.py:836} INFO - DAG(s) dict_keys(['file_watcher_dag']) retrieved from /opt/airflow/dags/watch.py
[2025-03-13T09:48:32.663+0000] {logging_mixin.py:149} INFO - [2025-03-13T09:48:32.663+0000] {dag.py:2726} INFO - Sync 1 DAGs
[2025-03-13T09:48:32.688+0000] {logging_mixin.py:149} INFO - [2025-03-13T09:48:32.688+0000] {dag.py:3490} INFO - Setting next_dagrun for file_watcher_dag to 2025-03-13T09:48:07.660742+00:00, run_after=2025-03-13T09:48:37.660742+00:00
[2025-03-13T09:48:32.705+0000] {processor.py:179} INFO - Processing /opt/airflow/dags/watch.py took 0.077 seconds
[2025-03-13T09:49:02.878+0000] {processor.py:157} INFO - Started process (PID=796) to work on /opt/airflow/dags/watch.py
[2025-03-13T09:49:02.880+0000] {processor.py:826} INFO - Processing file /opt/airflow/dags/watch.py for tasks to queue
[2025-03-13T09:49:02.880+0000] {logging_mixin.py:149} INFO - [2025-03-13T09:49:02.880+0000] {dagbag.py:541} INFO - Filling up the DagBag from /opt/airflow/dags/watch.py
[2025-03-13T09:49:02.886+0000] {processor.py:836} INFO - DAG(s) dict_keys(['file_watcher_dag']) retrieved from /opt/airflow/dags/watch.py
[2025-03-13T09:49:02.907+0000] {logging_mixin.py:149} INFO - [2025-03-13T09:49:02.907+0000] {dag.py:2726} INFO - Sync 1 DAGs
[2025-03-13T09:49:02.928+0000] {logging_mixin.py:149} INFO - [2025-03-13T09:49:02.928+0000] {dag.py:3490} INFO - Setting next_dagrun for file_watcher_dag to 2025-03-13T09:48:37.660742+00:00, run_after=2025-03-13T09:49:07.660742+00:00
[2025-03-13T09:49:02.945+0000] {processor.py:179} INFO - Processing /opt/airflow/dags/watch.py took 0.070 seconds
[2025-03-13T09:49:33.176+0000] {processor.py:157} INFO - Started process (PID=887) to work on /opt/airflow/dags/watch.py
[2025-03-13T09:49:33.177+0000] {processor.py:826} INFO - Processing file /opt/airflow/dags/watch.py for tasks to queue
[2025-03-13T09:49:33.177+0000] {logging_mixin.py:149} INFO - [2025-03-13T09:49:33.177+0000] {dagbag.py:541} INFO - Filling up the DagBag from /opt/airflow/dags/watch.py
[2025-03-13T09:49:33.183+0000] {processor.py:836} INFO - DAG(s) dict_keys(['file_watcher_dag']) retrieved from /opt/airflow/dags/watch.py
[2025-03-13T09:49:33.205+0000] {logging_mixin.py:149} INFO - [2025-03-13T09:49:33.205+0000] {dag.py:2726} INFO - Sync 1 DAGs
[2025-03-13T09:49:33.226+0000] {logging_mixin.py:149} INFO - [2025-03-13T09:49:33.226+0000] {dag.py:3490} INFO - Setting next_dagrun for file_watcher_dag to 2025-03-13T09:49:07.660742+00:00, run_after=2025-03-13T09:49:37.660742+00:00
[2025-03-13T09:49:33.243+0000] {processor.py:179} INFO - Processing /opt/airflow/dags/watch.py took 0.070 seconds
[2025-03-13T09:50:03.365+0000] {processor.py:157} INFO - Started process (PID=978) to work on /opt/airflow/dags/watch.py
[2025-03-13T09:50:03.367+0000] {processor.py:826} INFO - Processing file /opt/airflow/dags/watch.py for tasks to queue
[2025-03-13T09:50:03.367+0000] {logging_mixin.py:149} INFO - [2025-03-13T09:50:03.367+0000] {dagbag.py:541} INFO - Filling up the DagBag from /opt/airflow/dags/watch.py
[2025-03-13T09:50:03.373+0000] {processor.py:836} INFO - DAG(s) dict_keys(['file_watcher_dag']) retrieved from /opt/airflow/dags/watch.py
[2025-03-13T09:50:03.395+0000] {logging_mixin.py:149} INFO - [2025-03-13T09:50:03.395+0000] {dag.py:2726} INFO - Sync 1 DAGs
[2025-03-13T09:50:03.416+0000] {logging_mixin.py:149} INFO - [2025-03-13T09:50:03.416+0000] {dag.py:3490} INFO - Setting next_dagrun for file_watcher_dag to 2025-03-13T09:49:37.660742+00:00, run_after=2025-03-13T09:50:07.660742+00:00
[2025-03-13T09:50:03.433+0000] {processor.py:179} INFO - Processing /opt/airflow/dags/watch.py took 0.071 seconds
[2025-03-13T09:50:33.478+0000] {processor.py:157} INFO - Started process (PID=1069) to work on /opt/airflow/dags/watch.py
[2025-03-13T09:50:33.479+0000] {processor.py:826} INFO - Processing file /opt/airflow/dags/watch.py for tasks to queue
[2025-03-13T09:50:33.480+0000] {logging_mixin.py:149} INFO - [2025-03-13T09:50:33.479+0000] {dagbag.py:541} INFO - Filling up the DagBag from /opt/airflow/dags/watch.py
[2025-03-13T09:50:33.485+0000] {processor.py:836} INFO - DAG(s) dict_keys(['file_watcher_dag']) retrieved from /opt/airflow/dags/watch.py
[2025-03-13T09:50:33.507+0000] {logging_mixin.py:149} INFO - [2025-03-13T09:50:33.507+0000] {dag.py:2726} INFO - Sync 1 DAGs
[2025-03-13T09:50:33.528+0000] {logging_mixin.py:149} INFO - [2025-03-13T09:50:33.528+0000] {dag.py:3490} INFO - Setting next_dagrun for file_watcher_dag to 2025-03-13T09:50:07.660742+00:00, run_after=2025-03-13T09:50:37.660742+00:00
[2025-03-13T09:50:33.547+0000] {processor.py:179} INFO - Processing /opt/airflow/dags/watch.py took 0.073 seconds
[2025-03-13T09:51:03.632+0000] {processor.py:157} INFO - Started process (PID=1160) to work on /opt/airflow/dags/watch.py
[2025-03-13T09:51:03.634+0000] {processor.py:826} INFO - Processing file /opt/airflow/dags/watch.py for tasks to queue
[2025-03-13T09:51:03.634+0000] {logging_mixin.py:149} INFO - [2025-03-13T09:51:03.634+0000] {dagbag.py:541} INFO - Filling up the DagBag from /opt/airflow/dags/watch.py
[2025-03-13T09:51:03.640+0000] {processor.py:836} INFO - DAG(s) dict_keys(['file_watcher_dag']) retrieved from /opt/airflow/dags/watch.py
[2025-03-13T09:51:03.662+0000] {logging_mixin.py:149} INFO - [2025-03-13T09:51:03.661+0000] {dag.py:2726} INFO - Sync 1 DAGs
[2025-03-13T09:51:03.682+0000] {logging_mixin.py:149} INFO - [2025-03-13T09:51:03.682+0000] {dag.py:3490} INFO - Setting next_dagrun for file_watcher_dag to 2025-03-13T09:50:37.660742+00:00, run_after=2025-03-13T09:51:07.660742+00:00
[2025-03-13T09:51:03.701+0000] {processor.py:179} INFO - Processing /opt/airflow/dags/watch.py took 0.072 seconds
[2025-03-13T09:51:33.998+0000] {processor.py:157} INFO - Started process (PID=1251) to work on /opt/airflow/dags/watch.py
[2025-03-13T09:51:33.999+0000] {processor.py:826} INFO - Processing file /opt/airflow/dags/watch.py for tasks to queue
[2025-03-13T09:51:34.000+0000] {logging_mixin.py:149} INFO - [2025-03-13T09:51:33.999+0000] {dagbag.py:541} INFO - Filling up the DagBag from /opt/airflow/dags/watch.py
[2025-03-13T09:51:34.006+0000] {processor.py:836} INFO - DAG(s) dict_keys(['file_watcher_dag']) retrieved from /opt/airflow/dags/watch.py
[2025-03-13T09:51:34.028+0000] {logging_mixin.py:149} INFO - [2025-03-13T09:51:34.028+0000] {dag.py:2726} INFO - Sync 1 DAGs
[2025-03-13T09:51:34.050+0000] {logging_mixin.py:149} INFO - [2025-03-13T09:51:34.050+0000] {dag.py:3490} INFO - Setting next_dagrun for file_watcher_dag to 2025-03-13T09:51:07.660742+00:00, run_after=2025-03-13T09:51:37.660742+00:00
[2025-03-13T09:51:34.068+0000] {processor.py:179} INFO - Processing /opt/airflow/dags/watch.py took 0.074 seconds
[2025-03-13T09:52:04.289+0000] {processor.py:157} INFO - Started process (PID=1342) to work on /opt/airflow/dags/watch.py
[2025-03-13T09:52:04.290+0000] {processor.py:826} INFO - Processing file /opt/airflow/dags/watch.py for tasks to queue
[2025-03-13T09:52:04.291+0000] {logging_mixin.py:149} INFO - [2025-03-13T09:52:04.291+0000] {dagbag.py:541} INFO - Filling up the DagBag from /opt/airflow/dags/watch.py
[2025-03-13T09:52:04.298+0000] {processor.py:836} INFO - DAG(s) dict_keys(['file_watcher_dag']) retrieved from /opt/airflow/dags/watch.py
[2025-03-13T09:52:04.321+0000] {logging_mixin.py:149} INFO - [2025-03-13T09:52:04.320+0000] {dag.py:2726} INFO - Sync 1 DAGs
[2025-03-13T09:52:04.344+0000] {logging_mixin.py:149} INFO - [2025-03-13T09:52:04.344+0000] {dag.py:3490} INFO - Setting next_dagrun for file_watcher_dag to 2025-03-13T09:51:37.660742+00:00, run_after=2025-03-13T09:52:07.660742+00:00
[2025-03-13T09:52:04.360+0000] {processor.py:179} INFO - Processing /opt/airflow/dags/watch.py took 0.075 seconds
[2025-03-13T09:52:34.728+0000] {processor.py:157} INFO - Started process (PID=1433) to work on /opt/airflow/dags/watch.py
[2025-03-13T09:52:34.730+0000] {processor.py:826} INFO - Processing file /opt/airflow/dags/watch.py for tasks to queue
[2025-03-13T09:52:34.730+0000] {logging_mixin.py:149} INFO - [2025-03-13T09:52:34.730+0000] {dagbag.py:541} INFO - Filling up the DagBag from /opt/airflow/dags/watch.py
[2025-03-13T09:52:34.736+0000] {processor.py:836} INFO - DAG(s) dict_keys(['file_watcher_dag']) retrieved from /opt/airflow/dags/watch.py
[2025-03-13T09:52:34.759+0000] {logging_mixin.py:149} INFO - [2025-03-13T09:52:34.759+0000] {dag.py:2726} INFO - Sync 1 DAGs
[2025-03-13T09:52:34.783+0000] {logging_mixin.py:149} INFO - [2025-03-13T09:52:34.782+0000] {dag.py:3490} INFO - Setting next_dagrun for file_watcher_dag to 2025-03-13T09:52:07.660742+00:00, run_after=2025-03-13T09:52:37.660742+00:00
[2025-03-13T09:52:34.800+0000] {processor.py:179} INFO - Processing /opt/airflow/dags/watch.py took 0.075 seconds
[2025-03-13T09:53:05.229+0000] {processor.py:157} INFO - Started process (PID=1524) to work on /opt/airflow/dags/watch.py
[2025-03-13T09:53:05.230+0000] {processor.py:826} INFO - Processing file /opt/airflow/dags/watch.py for tasks to queue
[2025-03-13T09:53:05.230+0000] {logging_mixin.py:149} INFO - [2025-03-13T09:53:05.230+0000] {dagbag.py:541} INFO - Filling up the DagBag from /opt/airflow/dags/watch.py
[2025-03-13T09:53:05.236+0000] {processor.py:836} INFO - DAG(s) dict_keys(['file_watcher_dag']) retrieved from /opt/airflow/dags/watch.py
[2025-03-13T09:53:05.258+0000] {logging_mixin.py:149} INFO - [2025-03-13T09:53:05.257+0000] {dag.py:2726} INFO - Sync 1 DAGs
[2025-03-13T09:53:05.281+0000] {logging_mixin.py:149} INFO - [2025-03-13T09:53:05.281+0000] {dag.py:3490} INFO - Setting next_dagrun for file_watcher_dag to 2025-03-13T09:52:37.660742+00:00, run_after=2025-03-13T09:53:07.660742+00:00
[2025-03-13T09:53:05.296+0000] {processor.py:179} INFO - Processing /opt/airflow/dags/watch.py took 0.070 seconds
[2025-03-13T09:53:35.600+0000] {processor.py:157} INFO - Started process (PID=1615) to work on /opt/airflow/dags/watch.py
[2025-03-13T09:53:35.601+0000] {processor.py:826} INFO - Processing file /opt/airflow/dags/watch.py for tasks to queue
[2025-03-13T09:53:35.602+0000] {logging_mixin.py:149} INFO - [2025-03-13T09:53:35.602+0000] {dagbag.py:541} INFO - Filling up the DagBag from /opt/airflow/dags/watch.py
[2025-03-13T09:53:35.608+0000] {processor.py:836} INFO - DAG(s) dict_keys(['file_watcher_dag']) retrieved from /opt/airflow/dags/watch.py
[2025-03-13T09:53:35.631+0000] {logging_mixin.py:149} INFO - [2025-03-13T09:53:35.630+0000] {dag.py:2726} INFO - Sync 1 DAGs
[2025-03-13T09:53:35.655+0000] {logging_mixin.py:149} INFO - [2025-03-13T09:53:35.654+0000] {dag.py:3490} INFO - Setting next_dagrun for file_watcher_dag to 2025-03-13T09:53:07.660742+00:00, run_after=2025-03-13T09:53:37.660742+00:00
[2025-03-13T09:53:35.673+0000] {processor.py:179} INFO - Processing /opt/airflow/dags/watch.py took 0.076 seconds
[2025-03-13T09:54:05.964+0000] {processor.py:157} INFO - Started process (PID=1706) to work on /opt/airflow/dags/watch.py
[2025-03-13T09:54:05.965+0000] {processor.py:826} INFO - Processing file /opt/airflow/dags/watch.py for tasks to queue
[2025-03-13T09:54:05.966+0000] {logging_mixin.py:149} INFO - [2025-03-13T09:54:05.966+0000] {dagbag.py:541} INFO - Filling up the DagBag from /opt/airflow/dags/watch.py
[2025-03-13T09:54:05.972+0000] {processor.py:836} INFO - DAG(s) dict_keys(['file_watcher_dag']) retrieved from /opt/airflow/dags/watch.py
[2025-03-13T09:54:05.993+0000] {logging_mixin.py:149} INFO - [2025-03-13T09:54:05.993+0000] {dag.py:2726} INFO - Sync 1 DAGs
[2025-03-13T09:54:06.016+0000] {logging_mixin.py:149} INFO - [2025-03-13T09:54:06.015+0000] {dag.py:3490} INFO - Setting next_dagrun for file_watcher_dag to 2025-03-13T09:53:37.660742+00:00, run_after=2025-03-13T09:54:07.660742+00:00
[2025-03-13T09:54:06.032+0000] {processor.py:179} INFO - Processing /opt/airflow/dags/watch.py took 0.071 seconds
[2025-03-13T09:54:36.145+0000] {processor.py:157} INFO - Started process (PID=1797) to work on /opt/airflow/dags/watch.py
[2025-03-13T09:54:36.147+0000] {processor.py:826} INFO - Processing file /opt/airflow/dags/watch.py for tasks to queue
[2025-03-13T09:54:36.147+0000] {logging_mixin.py:149} INFO - [2025-03-13T09:54:36.147+0000] {dagbag.py:541} INFO - Filling up the DagBag from /opt/airflow/dags/watch.py
[2025-03-13T09:54:36.153+0000] {processor.py:836} INFO - DAG(s) dict_keys(['file_watcher_dag']) retrieved from /opt/airflow/dags/watch.py
[2025-03-13T09:54:36.177+0000] {logging_mixin.py:149} INFO - [2025-03-13T09:54:36.177+0000] {dag.py:2726} INFO - Sync 1 DAGs
[2025-03-13T09:54:36.200+0000] {logging_mixin.py:149} INFO - [2025-03-13T09:54:36.200+0000] {dag.py:3490} INFO - Setting next_dagrun for file_watcher_dag to 2025-03-13T09:54:07.660742+00:00, run_after=2025-03-13T09:54:37.660742+00:00
[2025-03-13T09:54:36.217+0000] {processor.py:179} INFO - Processing /opt/airflow/dags/watch.py took 0.075 seconds
[2025-03-13T09:55:06.513+0000] {processor.py:157} INFO - Started process (PID=1888) to work on /opt/airflow/dags/watch.py
[2025-03-13T09:55:06.514+0000] {processor.py:826} INFO - Processing file /opt/airflow/dags/watch.py for tasks to queue
[2025-03-13T09:55:06.515+0000] {logging_mixin.py:149} INFO - [2025-03-13T09:55:06.515+0000] {dagbag.py:541} INFO - Filling up the DagBag from /opt/airflow/dags/watch.py
[2025-03-13T09:55:06.522+0000] {processor.py:836} INFO - DAG(s) dict_keys(['file_watcher_dag']) retrieved from /opt/airflow/dags/watch.py
[2025-03-13T09:55:06.545+0000] {logging_mixin.py:149} INFO - [2025-03-13T09:55:06.545+0000] {dag.py:2726} INFO - Sync 1 DAGs
[2025-03-13T09:55:06.569+0000] {logging_mixin.py:149} INFO - [2025-03-13T09:55:06.569+0000] {dag.py:3490} INFO - Setting next_dagrun for file_watcher_dag to 2025-03-13T09:54:37.660742+00:00, run_after=2025-03-13T09:55:07.660742+00:00
[2025-03-13T09:55:06.586+0000] {processor.py:179} INFO - Processing /opt/airflow/dags/watch.py took 0.077 seconds
[2025-03-13T09:55:36.693+0000] {processor.py:157} INFO - Started process (PID=1979) to work on /opt/airflow/dags/watch.py
[2025-03-13T09:55:36.694+0000] {processor.py:826} INFO - Processing file /opt/airflow/dags/watch.py for tasks to queue
[2025-03-13T09:55:36.694+0000] {logging_mixin.py:149} INFO - [2025-03-13T09:55:36.694+0000] {dagbag.py:541} INFO - Filling up the DagBag from /opt/airflow/dags/watch.py
[2025-03-13T09:55:36.701+0000] {processor.py:836} INFO - DAG(s) dict_keys(['file_watcher_dag']) retrieved from /opt/airflow/dags/watch.py
[2025-03-13T09:55:36.723+0000] {logging_mixin.py:149} INFO - [2025-03-13T09:55:36.722+0000] {dag.py:2726} INFO - Sync 1 DAGs
[2025-03-13T09:55:36.746+0000] {logging_mixin.py:149} INFO - [2025-03-13T09:55:36.745+0000] {dag.py:3490} INFO - Setting next_dagrun for file_watcher_dag to 2025-03-13T09:55:07.660742+00:00, run_after=2025-03-13T09:55:37.660742+00:00
[2025-03-13T09:55:36.764+0000] {processor.py:179} INFO - Processing /opt/airflow/dags/watch.py took 0.074 seconds
[2025-03-13T09:56:07.132+0000] {processor.py:157} INFO - Started process (PID=2070) to work on /opt/airflow/dags/watch.py
[2025-03-13T09:56:07.134+0000] {processor.py:826} INFO - Processing file /opt/airflow/dags/watch.py for tasks to queue
[2025-03-13T09:56:07.135+0000] {logging_mixin.py:149} INFO - [2025-03-13T09:56:07.135+0000] {dagbag.py:541} INFO - Filling up the DagBag from /opt/airflow/dags/watch.py
[2025-03-13T09:56:07.142+0000] {processor.py:836} INFO - DAG(s) dict_keys(['file_watcher_dag']) retrieved from /opt/airflow/dags/watch.py
[2025-03-13T09:56:07.165+0000] {logging_mixin.py:149} INFO - [2025-03-13T09:56:07.165+0000] {dag.py:2726} INFO - Sync 1 DAGs
[2025-03-13T09:56:07.191+0000] {logging_mixin.py:149} INFO - [2025-03-13T09:56:07.191+0000] {dag.py:3490} INFO - Setting next_dagrun for file_watcher_dag to 2025-03-13T09:55:37.660742+00:00, run_after=2025-03-13T09:56:07.660742+00:00
[2025-03-13T09:56:07.212+0000] {processor.py:179} INFO - Processing /opt/airflow/dags/watch.py took 0.082 seconds
[2025-03-13T09:56:37.545+0000] {processor.py:157} INFO - Started process (PID=2161) to work on /opt/airflow/dags/watch.py
[2025-03-13T09:56:37.547+0000] {processor.py:826} INFO - Processing file /opt/airflow/dags/watch.py for tasks to queue
[2025-03-13T09:56:37.547+0000] {logging_mixin.py:149} INFO - [2025-03-13T09:56:37.547+0000] {dagbag.py:541} INFO - Filling up the DagBag from /opt/airflow/dags/watch.py
[2025-03-13T09:56:37.553+0000] {processor.py:836} INFO - DAG(s) dict_keys(['file_watcher_dag']) retrieved from /opt/airflow/dags/watch.py
[2025-03-13T09:56:37.575+0000] {logging_mixin.py:149} INFO - [2025-03-13T09:56:37.575+0000] {dag.py:2726} INFO - Sync 1 DAGs
[2025-03-13T09:56:37.598+0000] {logging_mixin.py:149} INFO - [2025-03-13T09:56:37.598+0000] {dag.py:3490} INFO - Setting next_dagrun for file_watcher_dag to 2025-03-13T09:56:07.660742+00:00, run_after=2025-03-13T09:56:37.660742+00:00
[2025-03-13T09:56:37.615+0000] {processor.py:179} INFO - Processing /opt/airflow/dags/watch.py took 0.073 seconds
[2025-03-13T09:57:08.109+0000] {processor.py:157} INFO - Started process (PID=2252) to work on /opt/airflow/dags/watch.py
[2025-03-13T09:57:08.110+0000] {processor.py:826} INFO - Processing file /opt/airflow/dags/watch.py for tasks to queue
[2025-03-13T09:57:08.111+0000] {logging_mixin.py:149} INFO - [2025-03-13T09:57:08.111+0000] {dagbag.py:541} INFO - Filling up the DagBag from /opt/airflow/dags/watch.py
[2025-03-13T09:57:08.116+0000] {processor.py:836} INFO - DAG(s) dict_keys(['file_watcher_dag']) retrieved from /opt/airflow/dags/watch.py
[2025-03-13T09:57:08.137+0000] {logging_mixin.py:149} INFO - [2025-03-13T09:57:08.136+0000] {dag.py:2726} INFO - Sync 1 DAGs
[2025-03-13T09:57:08.158+0000] {logging_mixin.py:149} INFO - [2025-03-13T09:57:08.158+0000] {dag.py:3490} INFO - Setting next_dagrun for file_watcher_dag to 2025-03-13T09:57:07.660742+00:00, run_after=2025-03-13T09:57:37.660742+00:00
[2025-03-13T09:57:08.175+0000] {processor.py:179} INFO - Processing /opt/airflow/dags/watch.py took 0.069 seconds
[2025-03-13T09:57:38.662+0000] {processor.py:157} INFO - Started process (PID=2343) to work on /opt/airflow/dags/watch.py
[2025-03-13T09:57:38.664+0000] {processor.py:826} INFO - Processing file /opt/airflow/dags/watch.py for tasks to queue
[2025-03-13T09:57:38.664+0000] {logging_mixin.py:149} INFO - [2025-03-13T09:57:38.664+0000] {dagbag.py:541} INFO - Filling up the DagBag from /opt/airflow/dags/watch.py
[2025-03-13T09:57:38.673+0000] {processor.py:836} INFO - DAG(s) dict_keys(['file_watcher_dag']) retrieved from /opt/airflow/dags/watch.py
[2025-03-13T09:57:38.697+0000] {logging_mixin.py:149} INFO - [2025-03-13T09:57:38.697+0000] {dag.py:2726} INFO - Sync 1 DAGs
[2025-03-13T09:57:38.721+0000] {logging_mixin.py:149} INFO - [2025-03-13T09:57:38.721+0000] {dag.py:3490} INFO - Setting next_dagrun for file_watcher_dag to 2025-03-13T09:57:37.660742+00:00, run_after=2025-03-13T09:58:07.660742+00:00
[2025-03-13T09:57:38.738+0000] {processor.py:179} INFO - Processing /opt/airflow/dags/watch.py took 0.080 seconds
[2025-03-13T09:58:08.800+0000] {processor.py:157} INFO - Started process (PID=2434) to work on /opt/airflow/dags/watch.py
[2025-03-13T09:58:08.801+0000] {processor.py:826} INFO - Processing file /opt/airflow/dags/watch.py for tasks to queue
[2025-03-13T09:58:08.801+0000] {logging_mixin.py:149} INFO - [2025-03-13T09:58:08.801+0000] {dagbag.py:541} INFO - Filling up the DagBag from /opt/airflow/dags/watch.py
[2025-03-13T09:58:08.808+0000] {processor.py:836} INFO - DAG(s) dict_keys(['file_watcher_dag']) retrieved from /opt/airflow/dags/watch.py
[2025-03-13T09:58:08.832+0000] {logging_mixin.py:149} INFO - [2025-03-13T09:58:08.832+0000] {dag.py:2726} INFO - Sync 1 DAGs
[2025-03-13T09:58:08.857+0000] {logging_mixin.py:149} INFO - [2025-03-13T09:58:08.857+0000] {dag.py:3490} INFO - Setting next_dagrun for file_watcher_dag to 2025-03-13T09:58:07.660742+00:00, run_after=2025-03-13T09:58:37.660742+00:00
[2025-03-13T09:58:08.876+0000] {processor.py:179} INFO - Processing /opt/airflow/dags/watch.py took 0.080 seconds
[2025-03-13T09:58:38.998+0000] {processor.py:157} INFO - Started process (PID=2525) to work on /opt/airflow/dags/watch.py
[2025-03-13T09:58:39.000+0000] {processor.py:826} INFO - Processing file /opt/airflow/dags/watch.py for tasks to queue
[2025-03-13T09:58:39.000+0000] {logging_mixin.py:149} INFO - [2025-03-13T09:58:39.000+0000] {dagbag.py:541} INFO - Filling up the DagBag from /opt/airflow/dags/watch.py
[2025-03-13T09:58:39.006+0000] {processor.py:836} INFO - DAG(s) dict_keys(['file_watcher_dag']) retrieved from /opt/airflow/dags/watch.py
[2025-03-13T09:58:39.028+0000] {logging_mixin.py:149} INFO - [2025-03-13T09:58:39.028+0000] {dag.py:2726} INFO - Sync 1 DAGs
[2025-03-13T09:58:39.052+0000] {logging_mixin.py:149} INFO - [2025-03-13T09:58:39.052+0000] {dag.py:3490} INFO - Setting next_dagrun for file_watcher_dag to 2025-03-13T09:58:37.660742+00:00, run_after=2025-03-13T09:59:07.660742+00:00
[2025-03-13T09:58:39.071+0000] {processor.py:179} INFO - Processing /opt/airflow/dags/watch.py took 0.075 seconds
[2025-03-13T09:59:09.388+0000] {processor.py:157} INFO - Started process (PID=2616) to work on /opt/airflow/dags/watch.py
[2025-03-13T09:59:09.389+0000] {processor.py:826} INFO - Processing file /opt/airflow/dags/watch.py for tasks to queue
[2025-03-13T09:59:09.390+0000] {logging_mixin.py:149} INFO - [2025-03-13T09:59:09.390+0000] {dagbag.py:541} INFO - Filling up the DagBag from /opt/airflow/dags/watch.py
[2025-03-13T09:59:09.395+0000] {processor.py:836} INFO - DAG(s) dict_keys(['file_watcher_dag']) retrieved from /opt/airflow/dags/watch.py
[2025-03-13T09:59:09.417+0000] {logging_mixin.py:149} INFO - [2025-03-13T09:59:09.417+0000] {dag.py:2726} INFO - Sync 1 DAGs
[2025-03-13T09:59:09.440+0000] {logging_mixin.py:149} INFO - [2025-03-13T09:59:09.440+0000] {dag.py:3490} INFO - Setting next_dagrun for file_watcher_dag to 2025-03-13T09:59:07.660742+00:00, run_after=2025-03-13T09:59:37.660742+00:00
[2025-03-13T09:59:09.459+0000] {processor.py:179} INFO - Processing /opt/airflow/dags/watch.py took 0.074 seconds
[2025-03-13T09:59:40.014+0000] {processor.py:157} INFO - Started process (PID=2707) to work on /opt/airflow/dags/watch.py
[2025-03-13T09:59:40.015+0000] {processor.py:826} INFO - Processing file /opt/airflow/dags/watch.py for tasks to queue
[2025-03-13T09:59:40.016+0000] {logging_mixin.py:149} INFO - [2025-03-13T09:59:40.016+0000] {dagbag.py:541} INFO - Filling up the DagBag from /opt/airflow/dags/watch.py
[2025-03-13T09:59:40.023+0000] {processor.py:836} INFO - DAG(s) dict_keys(['file_watcher_dag']) retrieved from /opt/airflow/dags/watch.py
[2025-03-13T09:59:40.047+0000] {logging_mixin.py:149} INFO - [2025-03-13T09:59:40.046+0000] {dag.py:2726} INFO - Sync 1 DAGs
[2025-03-13T09:59:40.071+0000] {logging_mixin.py:149} INFO - [2025-03-13T09:59:40.071+0000] {dag.py:3490} INFO - Setting next_dagrun for file_watcher_dag to 2025-03-13T09:59:37.660742+00:00, run_after=2025-03-13T10:00:07.660742+00:00
[2025-03-13T09:59:40.096+0000] {processor.py:179} INFO - Processing /opt/airflow/dags/watch.py took 0.085 seconds
[2025-03-13T10:00:10.478+0000] {processor.py:157} INFO - Started process (PID=2798) to work on /opt/airflow/dags/watch.py
[2025-03-13T10:00:10.479+0000] {processor.py:826} INFO - Processing file /opt/airflow/dags/watch.py for tasks to queue
[2025-03-13T10:00:10.480+0000] {logging_mixin.py:149} INFO - [2025-03-13T10:00:10.480+0000] {dagbag.py:541} INFO - Filling up the DagBag from /opt/airflow/dags/watch.py
[2025-03-13T10:00:10.490+0000] {processor.py:836} INFO - DAG(s) dict_keys(['file_watcher_dag']) retrieved from /opt/airflow/dags/watch.py
[2025-03-13T10:00:10.523+0000] {logging_mixin.py:149} INFO - [2025-03-13T10:00:10.523+0000] {dag.py:2726} INFO - Sync 1 DAGs
[2025-03-13T10:00:10.552+0000] {logging_mixin.py:149} INFO - [2025-03-13T10:00:10.552+0000] {dag.py:3490} INFO - Setting next_dagrun for file_watcher_dag to 2025-03-13T10:00:07.660742+00:00, run_after=2025-03-13T10:00:37.660742+00:00
[2025-03-13T10:00:10.574+0000] {processor.py:179} INFO - Processing /opt/airflow/dags/watch.py took 0.102 seconds
[2025-03-13T10:00:40.969+0000] {processor.py:157} INFO - Started process (PID=2889) to work on /opt/airflow/dags/watch.py
[2025-03-13T10:00:40.971+0000] {processor.py:826} INFO - Processing file /opt/airflow/dags/watch.py for tasks to queue
[2025-03-13T10:00:40.971+0000] {logging_mixin.py:149} INFO - [2025-03-13T10:00:40.971+0000] {dagbag.py:541} INFO - Filling up the DagBag from /opt/airflow/dags/watch.py
[2025-03-13T10:00:40.980+0000] {processor.py:836} INFO - DAG(s) dict_keys(['file_watcher_dag']) retrieved from /opt/airflow/dags/watch.py
[2025-03-13T10:00:41.009+0000] {logging_mixin.py:149} INFO - [2025-03-13T10:00:41.008+0000] {dag.py:2726} INFO - Sync 1 DAGs
[2025-03-13T10:00:41.036+0000] {logging_mixin.py:149} INFO - [2025-03-13T10:00:41.035+0000] {dag.py:3490} INFO - Setting next_dagrun for file_watcher_dag to 2025-03-13T10:00:37.660742+00:00, run_after=2025-03-13T10:01:07.660742+00:00
[2025-03-13T10:00:41.053+0000] {processor.py:179} INFO - Processing /opt/airflow/dags/watch.py took 0.088 seconds
[2025-03-13T10:01:11.464+0000] {processor.py:157} INFO - Started process (PID=2980) to work on /opt/airflow/dags/watch.py
[2025-03-13T10:01:11.465+0000] {processor.py:826} INFO - Processing file /opt/airflow/dags/watch.py for tasks to queue
[2025-03-13T10:01:11.466+0000] {logging_mixin.py:149} INFO - [2025-03-13T10:01:11.465+0000] {dagbag.py:541} INFO - Filling up the DagBag from /opt/airflow/dags/watch.py
[2025-03-13T10:01:11.474+0000] {processor.py:836} INFO - DAG(s) dict_keys(['file_watcher_dag']) retrieved from /opt/airflow/dags/watch.py
[2025-03-13T10:01:11.497+0000] {logging_mixin.py:149} INFO - [2025-03-13T10:01:11.497+0000] {dag.py:2726} INFO - Sync 1 DAGs
[2025-03-13T10:01:11.522+0000] {logging_mixin.py:149} INFO - [2025-03-13T10:01:11.522+0000] {dag.py:3490} INFO - Setting next_dagrun for file_watcher_dag to 2025-03-13T10:01:07.660742+00:00, run_after=2025-03-13T10:01:37.660742+00:00
[2025-03-13T10:01:11.541+0000] {processor.py:179} INFO - Processing /opt/airflow/dags/watch.py took 0.081 seconds
[2025-03-13T10:01:42.099+0000] {processor.py:157} INFO - Started process (PID=3071) to work on /opt/airflow/dags/watch.py
[2025-03-13T10:01:42.100+0000] {processor.py:826} INFO - Processing file /opt/airflow/dags/watch.py for tasks to queue
[2025-03-13T10:01:42.101+0000] {logging_mixin.py:149} INFO - [2025-03-13T10:01:42.101+0000] {dagbag.py:541} INFO - Filling up the DagBag from /opt/airflow/dags/watch.py
[2025-03-13T10:01:42.110+0000] {processor.py:836} INFO - DAG(s) dict_keys(['file_watcher_dag']) retrieved from /opt/airflow/dags/watch.py
[2025-03-13T10:01:42.133+0000] {logging_mixin.py:149} INFO - [2025-03-13T10:01:42.132+0000] {dag.py:2726} INFO - Sync 1 DAGs
[2025-03-13T10:01:42.156+0000] {logging_mixin.py:149} INFO - [2025-03-13T10:01:42.156+0000] {dag.py:3490} INFO - Setting next_dagrun for file_watcher_dag to 2025-03-13T10:01:37.660742+00:00, run_after=2025-03-13T10:02:07.660742+00:00
[2025-03-13T10:01:42.173+0000] {processor.py:179} INFO - Processing /opt/airflow/dags/watch.py took 0.078 seconds
[2025-03-13T10:02:12.449+0000] {processor.py:157} INFO - Started process (PID=3162) to work on /opt/airflow/dags/watch.py
[2025-03-13T10:02:12.450+0000] {processor.py:826} INFO - Processing file /opt/airflow/dags/watch.py for tasks to queue
[2025-03-13T10:02:12.451+0000] {logging_mixin.py:149} INFO - [2025-03-13T10:02:12.451+0000] {dagbag.py:541} INFO - Filling up the DagBag from /opt/airflow/dags/watch.py
[2025-03-13T10:02:12.457+0000] {processor.py:836} INFO - DAG(s) dict_keys(['file_watcher_dag']) retrieved from /opt/airflow/dags/watch.py
[2025-03-13T10:02:12.479+0000] {logging_mixin.py:149} INFO - [2025-03-13T10:02:12.479+0000] {dag.py:2726} INFO - Sync 1 DAGs
[2025-03-13T10:02:12.504+0000] {logging_mixin.py:149} INFO - [2025-03-13T10:02:12.504+0000] {dag.py:3490} INFO - Setting next_dagrun for file_watcher_dag to 2025-03-13T10:02:07.660742+00:00, run_after=2025-03-13T10:02:37.660742+00:00
[2025-03-13T10:02:12.522+0000] {processor.py:179} INFO - Processing /opt/airflow/dags/watch.py took 0.076 seconds
[2025-03-13T10:02:42.619+0000] {processor.py:157} INFO - Started process (PID=3253) to work on /opt/airflow/dags/watch.py
[2025-03-13T10:02:42.619+0000] {processor.py:826} INFO - Processing file /opt/airflow/dags/watch.py for tasks to queue
[2025-03-13T10:02:42.620+0000] {logging_mixin.py:149} INFO - [2025-03-13T10:02:42.620+0000] {dagbag.py:541} INFO - Filling up the DagBag from /opt/airflow/dags/watch.py
[2025-03-13T10:02:42.627+0000] {processor.py:836} INFO - DAG(s) dict_keys(['file_watcher_dag']) retrieved from /opt/airflow/dags/watch.py
[2025-03-13T10:02:42.652+0000] {logging_mixin.py:149} INFO - [2025-03-13T10:02:42.652+0000] {dag.py:2726} INFO - Sync 1 DAGs
[2025-03-13T10:02:42.677+0000] {logging_mixin.py:149} INFO - [2025-03-13T10:02:42.677+0000] {dag.py:3490} INFO - Setting next_dagrun for file_watcher_dag to 2025-03-13T10:02:37.660742+00:00, run_after=2025-03-13T10:03:07.660742+00:00
[2025-03-13T10:02:42.698+0000] {processor.py:179} INFO - Processing /opt/airflow/dags/watch.py took 0.082 seconds
[2025-03-13T10:03:13.124+0000] {processor.py:157} INFO - Started process (PID=3344) to work on /opt/airflow/dags/watch.py
[2025-03-13T10:03:13.141+0000] {processor.py:826} INFO - Processing file /opt/airflow/dags/watch.py for tasks to queue
[2025-03-13T10:03:13.142+0000] {logging_mixin.py:149} INFO - [2025-03-13T10:03:13.142+0000] {dagbag.py:541} INFO - Filling up the DagBag from /opt/airflow/dags/watch.py
[2025-03-13T10:03:13.151+0000] {processor.py:836} INFO - DAG(s) dict_keys(['file_watcher_dag']) retrieved from /opt/airflow/dags/watch.py
[2025-03-13T10:03:13.185+0000] {logging_mixin.py:149} INFO - [2025-03-13T10:03:13.185+0000] {dag.py:2726} INFO - Sync 1 DAGs
[2025-03-13T10:03:13.215+0000] {logging_mixin.py:149} INFO - [2025-03-13T10:03:13.214+0000] {dag.py:3490} INFO - Setting next_dagrun for file_watcher_dag to 2025-03-13T10:03:07.660742+00:00, run_after=2025-03-13T10:03:37.660742+00:00
[2025-03-13T10:03:13.313+0000] {processor.py:179} INFO - Processing /opt/airflow/dags/watch.py took 0.192 seconds
[2025-03-13T10:03:43.906+0000] {processor.py:157} INFO - Started process (PID=3435) to work on /opt/airflow/dags/watch.py
[2025-03-13T10:03:43.908+0000] {processor.py:826} INFO - Processing file /opt/airflow/dags/watch.py for tasks to queue
[2025-03-13T10:03:43.908+0000] {logging_mixin.py:149} INFO - [2025-03-13T10:03:43.908+0000] {dagbag.py:541} INFO - Filling up the DagBag from /opt/airflow/dags/watch.py
[2025-03-13T10:03:43.914+0000] {processor.py:836} INFO - DAG(s) dict_keys(['file_watcher_dag']) retrieved from /opt/airflow/dags/watch.py
[2025-03-13T10:03:43.935+0000] {logging_mixin.py:149} INFO - [2025-03-13T10:03:43.935+0000] {dag.py:2726} INFO - Sync 1 DAGs
[2025-03-13T10:03:43.956+0000] {logging_mixin.py:149} INFO - [2025-03-13T10:03:43.956+0000] {dag.py:3490} INFO - Setting next_dagrun for file_watcher_dag to 2025-03-13T10:03:37.660742+00:00, run_after=2025-03-13T10:04:07.660742+00:00
[2025-03-13T10:03:43.976+0000] {processor.py:179} INFO - Processing /opt/airflow/dags/watch.py took 0.073 seconds
[2025-03-13T10:04:14.078+0000] {processor.py:157} INFO - Started process (PID=3526) to work on /opt/airflow/dags/watch.py
[2025-03-13T10:04:14.080+0000] {processor.py:826} INFO - Processing file /opt/airflow/dags/watch.py for tasks to queue
[2025-03-13T10:04:14.080+0000] {logging_mixin.py:149} INFO - [2025-03-13T10:04:14.080+0000] {dagbag.py:541} INFO - Filling up the DagBag from /opt/airflow/dags/watch.py
[2025-03-13T10:04:14.086+0000] {processor.py:836} INFO - DAG(s) dict_keys(['file_watcher_dag']) retrieved from /opt/airflow/dags/watch.py
[2025-03-13T10:04:14.107+0000] {logging_mixin.py:149} INFO - [2025-03-13T10:04:14.107+0000] {dag.py:2726} INFO - Sync 1 DAGs
[2025-03-13T10:04:14.127+0000] {logging_mixin.py:149} INFO - [2025-03-13T10:04:14.127+0000] {dag.py:3490} INFO - Setting next_dagrun for file_watcher_dag to 2025-03-13T10:04:07.660742+00:00, run_after=2025-03-13T10:04:37.660742+00:00
[2025-03-13T10:04:14.143+0000] {processor.py:179} INFO - Processing /opt/airflow/dags/watch.py took 0.068 seconds
[2025-03-13T10:04:44.247+0000] {processor.py:157} INFO - Started process (PID=3617) to work on /opt/airflow/dags/watch.py
[2025-03-13T10:04:44.248+0000] {processor.py:826} INFO - Processing file /opt/airflow/dags/watch.py for tasks to queue
[2025-03-13T10:04:44.249+0000] {logging_mixin.py:149} INFO - [2025-03-13T10:04:44.249+0000] {dagbag.py:541} INFO - Filling up the DagBag from /opt/airflow/dags/watch.py
[2025-03-13T10:04:44.255+0000] {processor.py:836} INFO - DAG(s) dict_keys(['file_watcher_dag']) retrieved from /opt/airflow/dags/watch.py
[2025-03-13T10:04:44.278+0000] {logging_mixin.py:149} INFO - [2025-03-13T10:04:44.278+0000] {dag.py:2726} INFO - Sync 1 DAGs
[2025-03-13T10:04:44.301+0000] {logging_mixin.py:149} INFO - [2025-03-13T10:04:44.301+0000] {dag.py:3490} INFO - Setting next_dagrun for file_watcher_dag to 2025-03-13T10:04:37.660742+00:00, run_after=2025-03-13T10:05:07.660742+00:00
[2025-03-13T10:04:44.319+0000] {processor.py:179} INFO - Processing /opt/airflow/dags/watch.py took 0.075 seconds
[2025-03-13T10:05:14.343+0000] {processor.py:157} INFO - Started process (PID=3708) to work on /opt/airflow/dags/watch.py
[2025-03-13T10:05:14.344+0000] {processor.py:826} INFO - Processing file /opt/airflow/dags/watch.py for tasks to queue
[2025-03-13T10:05:14.344+0000] {logging_mixin.py:149} INFO - [2025-03-13T10:05:14.344+0000] {dagbag.py:541} INFO - Filling up the DagBag from /opt/airflow/dags/watch.py
[2025-03-13T10:05:14.350+0000] {processor.py:836} INFO - DAG(s) dict_keys(['file_watcher_dag']) retrieved from /opt/airflow/dags/watch.py
[2025-03-13T10:05:14.372+0000] {logging_mixin.py:149} INFO - [2025-03-13T10:05:14.372+0000] {dag.py:2726} INFO - Sync 1 DAGs
[2025-03-13T10:05:14.394+0000] {logging_mixin.py:149} INFO - [2025-03-13T10:05:14.394+0000] {dag.py:3490} INFO - Setting next_dagrun for file_watcher_dag to 2025-03-13T10:05:07.660742+00:00, run_after=2025-03-13T10:05:37.660742+00:00
[2025-03-13T10:05:14.411+0000] {processor.py:179} INFO - Processing /opt/airflow/dags/watch.py took 0.071 seconds
