[2025-03-11T15:27:45.993+0000] {taskinstance.py:1103} INFO - Dependencies all met for dep_context=non-requeueable deps ti=<TaskInstance: file_watcher_dag.wait_for_new_file scheduled__2025-03-11T15:27:14.613291+00:00 [queued]>
[2025-03-11T15:27:46.008+0000] {taskinstance.py:1103} INFO - Dependencies all met for dep_context=requeueable deps ti=<TaskInstance: file_watcher_dag.wait_for_new_file scheduled__2025-03-11T15:27:14.613291+00:00 [queued]>
[2025-03-11T15:27:46.008+0000] {taskinstance.py:1308} INFO - Starting attempt 1 of 1
[2025-03-11T15:27:46.029+0000] {taskinstance.py:1327} INFO - Executing <Task(FileSensor): wait_for_new_file> on 2025-03-11 15:27:14.613291+00:00
[2025-03-11T15:27:46.039+0000] {standard_task_runner.py:57} INFO - Started process 1170 to run task
[2025-03-11T15:27:46.044+0000] {standard_task_runner.py:84} INFO - Running: ['***', 'tasks', 'run', 'file_watcher_dag', 'wait_for_new_file', 'scheduled__2025-03-11T15:27:14.613291+00:00', '--job-id', '323', '--raw', '--subdir', 'DAGS_FOLDER/watch.py', '--cfg-path', '/tmp/tmpd3_st00w']
[2025-03-11T15:27:46.048+0000] {standard_task_runner.py:85} INFO - Job 323: Subtask wait_for_new_file
[2025-03-11T15:27:46.114+0000] {task_command.py:410} INFO - Running <TaskInstance: file_watcher_dag.wait_for_new_file scheduled__2025-03-11T15:27:14.613291+00:00 [running]> on host 72a7cd2d8042
[2025-03-11T15:27:46.244+0000] {taskinstance.py:1547} INFO - Exporting env vars: AIRFLOW_CTX_DAG_OWNER='***' AIRFLOW_CTX_DAG_ID='file_watcher_dag' AIRFLOW_CTX_TASK_ID='wait_for_new_file' AIRFLOW_CTX_EXECUTION_DATE='2025-03-11T15:27:14.613291+00:00' AIRFLOW_CTX_TRY_NUMBER='1' AIRFLOW_CTX_DAG_RUN_ID='scheduled__2025-03-11T15:27:14.613291+00:00'
[2025-03-11T15:27:46.258+0000] {base.py:73} INFO - Using connection ID 'fs_default' for task execution.
[2025-03-11T15:27:46.259+0000] {filesystem.py:64} INFO - Poking for file /opt/***/dags/data/Vente.csv
[2025-03-11T15:27:56.275+0000] {base.py:73} INFO - Using connection ID 'fs_default' for task execution.
[2025-03-11T15:27:56.276+0000] {filesystem.py:64} INFO - Poking for file /opt/***/dags/data/Vente.csv
[2025-03-11T15:28:06.293+0000] {base.py:73} INFO - Using connection ID 'fs_default' for task execution.
[2025-03-11T15:28:06.293+0000] {filesystem.py:64} INFO - Poking for file /opt/***/dags/data/Vente.csv
[2025-03-11T15:28:06.294+0000] {taskinstance.py:1824} ERROR - Task failed with exception
Traceback (most recent call last):
  File "/home/airflow/.local/lib/python3.7/site-packages/airflow/sensors/base.py", line 242, in execute
    raise AirflowSensorTimeout(message)
airflow.exceptions.AirflowSensorTimeout: Sensor has timed out; run duration of 20.048024132000137 seconds exceeds the specified timeout of 20.
[2025-03-11T15:28:06.309+0000] {taskinstance.py:1350} INFO - Immediate failure requested. Marking task as FAILED. dag_id=file_watcher_dag, task_id=wait_for_new_file, execution_date=20250311T152714, start_date=20250311T152745, end_date=20250311T152806
[2025-03-11T15:28:06.353+0000] {standard_task_runner.py:109} ERROR - Failed to execute job 323 for task wait_for_new_file (Sensor has timed out; run duration of 20.048024132000137 seconds exceeds the specified timeout of 20.; 1170)
[2025-03-11T15:28:06.405+0000] {local_task_job_runner.py:225} INFO - Task exited with return code 1
[2025-03-11T15:28:06.485+0000] {taskinstance.py:2651} INFO - 0 downstream tasks scheduled from follow-on schedule check
